1644637979 INTERNAL *** MONITORD_STARTED ***
1644637978 INTERNAL *** DAGMAN_STARTED 2563.0 ***
1644637982 create_dir_1000-genome_0_local SUBMIT 2564.0 local - 316
1644637983 create_dir_1000-genome_0_local EXECUTE 2564.0 local - 316
1644637985 create_dir_1000-genome_0_local JOB_TERMINATED 2564.0 local - 316
1644637987 create_dir_1000-genome_0_local JOB_SUCCESS 0 local - 316
1644637987 create_dir_1000-genome_0_local POST_SCRIPT_STARTED 2564.0 local - 316
1644637987 create_dir_1000-genome_0_local POST_SCRIPT_TERMINATED 2564.0 local - 316
1644637992 create_dir_1000-genome_0_local POST_SCRIPT_SUCCESS 0 local - 316
1644637997 stage_in_remote_local_2_0 SUBMIT 2565.0 local - 317
1644637997 stage_in_remote_local_1_0 SUBMIT 2566.0 local - 318
1644637997 stage_in_remote_local_2_0 EXECUTE 2565.0 local - 317
1644637997 stage_in_remote_local_0_0 SUBMIT 2567.0 local - 319
1644637997 stage_in_local_local_0_0 SUBMIT 2568.0 local - 320
1644637997 stage_in_local_local_2_0 SUBMIT 2569.0 local - 321
1644637999 stage_in_remote_local_2_0 JOB_TERMINATED 2565.0 local - 317
1644638002 stage_in_remote_local_2_0 JOB_SUCCESS 0 local - 317
1644638002 stage_in_remote_local_2_0 POST_SCRIPT_STARTED 2565.0 local - 317
1644637999 stage_in_local_local_2_0 EXECUTE 2569.0 local - 321
1644637999 stage_in_local_local_0_0 EXECUTE 2568.0 local - 320
1644637999 stage_in_remote_local_0_0 EXECUTE 2567.0 local - 319
1644637999 stage_in_remote_local_1_0 EXECUTE 2566.0 local - 318
1644638002 stage_in_local_local_0_0 JOB_TERMINATED 2568.0 local - 320
1644638002 stage_in_local_local_0_0 JOB_SUCCESS 0 local - 320
1644638002 stage_in_local_local_0_0 POST_SCRIPT_STARTED 2568.0 local - 320
1644638002 stage_in_remote_local_0_0 JOB_TERMINATED 2567.0 local - 319
1644638002 stage_in_remote_local_0_0 JOB_SUCCESS 0 local - 319
1644638002 stage_in_remote_local_0_0 POST_SCRIPT_STARTED 2567.0 local - 319
1644638002 stage_in_remote_local_1_0 JOB_TERMINATED 2566.0 local - 318
1644638002 stage_in_remote_local_1_0 JOB_SUCCESS 0 local - 318
1644638002 stage_in_remote_local_1_0 POST_SCRIPT_STARTED 2566.0 local - 318
1644638002 stage_in_remote_local_0_1 SUBMIT 2570.0 local - 322
1644638002 stage_in_remote_local_0_1 EXECUTE 2570.0 local - 322
1644638002 stage_in_local_local_0_1 SUBMIT 2571.0 local - 323
1644638002 stage_in_local_local_0_1 EXECUTE 2571.0 local - 323
1644638002 stage_in_remote_local_2_1 SUBMIT 2572.0 local - 324
1644638002 stage_in_local_local_2_1 SUBMIT 2573.0 local - 325
1644638002 stage_in_remote_local_2_1 EXECUTE 2572.0 local - 324
1644638002 stage_in_local_local_0_2 SUBMIT 2574.0 local - 326
1644638003 stage_in_remote_local_2_0 POST_SCRIPT_TERMINATED 2565.0 local - 317
1644638007 stage_in_remote_local_2_0 POST_SCRIPT_SUCCESS 0 local - 317
1644638003 stage_in_remote_local_1_0 POST_SCRIPT_TERMINATED 2566.0 local - 318
1644638007 stage_in_remote_local_1_0 POST_SCRIPT_SUCCESS 0 local - 318
1644638003 stage_in_local_local_0_0 POST_SCRIPT_TERMINATED 2568.0 local - 320
1644638007 stage_in_local_local_0_0 POST_SCRIPT_SUCCESS 0 local - 320
1644638003 stage_in_remote_local_0_0 POST_SCRIPT_TERMINATED 2567.0 local - 319
1644638007 stage_in_remote_local_0_0 POST_SCRIPT_SUCCESS 0 local - 319
1644638003 stage_in_local_local_0_2 EXECUTE 2574.0 local - 326
1644638003 stage_in_local_local_2_1 EXECUTE 2573.0 local - 325
1644638004 stage_in_local_local_2_0 JOB_TERMINATED 2569.0 local - 321
1644638007 stage_in_local_local_2_0 JOB_SUCCESS 0 local - 321
1644638007 stage_in_local_local_2_0 POST_SCRIPT_STARTED 2569.0 local - 321
1644638004 stage_in_remote_local_0_1 JOB_TERMINATED 2570.0 local - 322
1644638007 stage_in_remote_local_0_1 JOB_SUCCESS 0 local - 322
1644638007 stage_in_remote_local_0_1 POST_SCRIPT_STARTED 2570.0 local - 322
1644638005 stage_in_remote_local_2_1 JOB_TERMINATED 2572.0 local - 324
1644638007 stage_in_remote_local_2_1 JOB_SUCCESS 0 local - 324
1644638007 stage_in_remote_local_2_1 POST_SCRIPT_STARTED 2572.0 local - 324
1644638005 stage_in_local_local_0_1 JOB_TERMINATED 2571.0 local - 323
1644638007 stage_in_local_local_0_1 JOB_SUCCESS 0 local - 323
1644638007 stage_in_local_local_0_1 POST_SCRIPT_STARTED 2571.0 local - 323
1644638005 stage_in_local_local_0_2 JOB_TERMINATED 2574.0 local - 326
1644638007 stage_in_local_local_0_2 JOB_SUCCESS 0 local - 326
1644638007 stage_in_local_local_0_2 POST_SCRIPT_STARTED 2574.0 local - 326
1644638007 stage_in_remote_local_0_1 POST_SCRIPT_TERMINATED 2570.0 local - 322
1644638012 stage_in_remote_local_0_1 POST_SCRIPT_SUCCESS 0 local - 322
1644638007 stage_in_local_local_2_0 POST_SCRIPT_TERMINATED 2569.0 local - 321
1644638012 stage_in_local_local_2_0 POST_SCRIPT_SUCCESS 0 local - 321
1644638007 stage_in_local_local_0_1 POST_SCRIPT_TERMINATED 2571.0 local - 323
1644638012 stage_in_local_local_0_1 POST_SCRIPT_SUCCESS 0 local - 323
1644638007 stage_in_remote_local_2_1 POST_SCRIPT_TERMINATED 2572.0 local - 324
1644638012 stage_in_remote_local_2_1 POST_SCRIPT_SUCCESS 0 local - 324
1644638007 stage_in_local_local_0_2 POST_SCRIPT_TERMINATED 2574.0 local - 326
1644638012 stage_in_local_local_0_2 POST_SCRIPT_SUCCESS 0 local - 326
1644638007 stage_in_local_local_2_1 JOB_TERMINATED 2573.0 local - 325
1644638012 stage_in_local_local_2_1 JOB_SUCCESS 0 local - 325
1644638012 stage_in_local_local_2_1 POST_SCRIPT_STARTED 2573.0 local - 325
1644638012 stage_in_local_local_2_1 POST_SCRIPT_TERMINATED 2573.0 local - 325
1644638017 stage_in_local_local_2_1 POST_SCRIPT_SUCCESS 0 local - 325
1644638017 individuals_ID0000037 SUBMIT 2575.0 condorpool - 327
1644638017 individuals_ID0000038 SUBMIT 2576.0 condorpool - 328
1644638017 individuals_ID0000039 SUBMIT 2577.0 condorpool - 329
1644638017 individuals_ID0000033 SUBMIT 2578.0 condorpool - 330
1644638017 individuals_ID0000034 SUBMIT 2579.0 condorpool - 331
1644638022 individuals_ID0000035 SUBMIT 2580.0 condorpool - 332
1644638022 individuals_ID0000036 SUBMIT 2581.0 condorpool - 333
1644638022 individuals_ID0000073 SUBMIT 2582.0 condorpool - 334
1644638023 individuals_ID0000030 SUBMIT 2583.0 condorpool - 335
1644638023 individuals_ID0000074 SUBMIT 2584.0 condorpool - 336
1644638028 individuals_ID0000031 SUBMIT 2585.0 condorpool - 337
1644638028 individuals_ID0000075 SUBMIT 2586.0 condorpool - 338
1644638028 individuals_ID0000032 SUBMIT 2587.0 condorpool - 339
1644638028 individuals_ID0000070 SUBMIT 2588.0 condorpool - 340
1644638028 individuals_ID0000071 SUBMIT 2589.0 condorpool - 341
1644638028 individuals_ID0000034 EXECUTE 2579.0 condorpool - 331
1644638032 individuals_ID0000033 EXECUTE 2578.0 condorpool - 330
1644638033 individuals_ID0000072 SUBMIT 2590.0 condorpool - 342
1644638033 individuals_ID0000004 SUBMIT 2591.0 condorpool - 343
1644638033 individuals_ID0000048 SUBMIT 2592.0 condorpool - 344
1644638033 individuals_ID0000005 SUBMIT 2593.0 condorpool - 345
1644638033 individuals_ID0000049 SUBMIT 2594.0 condorpool - 346
1644638033 individuals_ID0000039 EXECUTE 2577.0 condorpool - 329
1644638036 individuals_ID0000038 EXECUTE 2576.0 condorpool - 328
1644638036 individuals_ID0000037 EXECUTE 2575.0 condorpool - 327
1644638038 individuals_ID0000006 SUBMIT 2595.0 condorpool - 347
1644638038 individuals_ID0000007 SUBMIT 2596.0 condorpool - 348
1644638038 individuals_ID0000044 SUBMIT 2597.0 condorpool - 349
1644638038 individuals_ID0000001 SUBMIT 2598.0 condorpool - 350
1644638038 individuals_ID0000045 SUBMIT 2599.0 condorpool - 351
1644638043 individuals_ID0000002 SUBMIT 2600.0 condorpool - 352
1644638043 individuals_ID0000046 SUBMIT 2601.0 condorpool - 353
1644638043 individuals_ID0000003 SUBMIT 2602.0 condorpool - 354
1644638043 individuals_ID0000047 SUBMIT 2603.0 condorpool - 355
1644638044 individuals_ID0000008 SUBMIT 2604.0 condorpool - 356
1644638049 individuals_ID0000009 SUBMIT 2605.0 condorpool - 357
1644638049 individuals_ID0000040 SUBMIT 2606.0 condorpool - 358
1644638049 individuals_ID0000041 SUBMIT 2607.0 condorpool - 359
1644638049 individuals_ID0000042 SUBMIT 2608.0 condorpool - 360
1644638049 individuals_ID0000043 SUBMIT 2609.0 condorpool - 361
1644638054 individuals_ID0000015 SUBMIT 2610.0 condorpool - 362
1644638054 individuals_ID0000059 SUBMIT 2611.0 condorpool - 363
1644638054 individuals_ID0000016 SUBMIT 2612.0 condorpool - 364
1644638054 individuals_ID0000017 SUBMIT 2613.0 condorpool - 365
1644638054 individuals_ID0000018 SUBMIT 2614.0 condorpool - 366
1644638059 individuals_ID0000011 SUBMIT 2615.0 condorpool - 367
1644638059 individuals_ID0000055 SUBMIT 2616.0 condorpool - 368
1644638059 individuals_ID0000012 SUBMIT 2617.0 condorpool - 369
1644638059 individuals_ID0000056 SUBMIT 2618.0 condorpool - 370
1644638059 individuals_ID0000013 SUBMIT 2619.0 condorpool - 371
1644638060 individuals_ID0000036 EXECUTE 2581.0 condorpool - 333
1644638061 individuals_ID0000074 EXECUTE 2584.0 condorpool - 336
1644638061 individuals_ID0000032 EXECUTE 2587.0 condorpool - 339
1644638064 individuals_ID0000057 SUBMIT 2620.0 condorpool - 372
1644638064 individuals_ID0000014 SUBMIT 2621.0 condorpool - 373
1644638064 individuals_ID0000058 SUBMIT 2622.0 condorpool - 374
1644638064 individuals_ID0000019 SUBMIT 2623.0 condorpool - 375
1644638064 individuals_ID0000051 SUBMIT 2624.0 condorpool - 376
1644638069 individuals_ID0000052 SUBMIT 2625.0 condorpool - 377
1644638070 individuals_ID0000053 SUBMIT 2626.0 condorpool - 378
1644638070 individuals_ID0000010 SUBMIT 2627.0 condorpool - 379
1644638070 individuals_ID0000054 SUBMIT 2628.0 condorpool - 380
1644638070 individuals_ID0000050 SUBMIT 2629.0 condorpool - 381
1644638073 individuals_ID0000073 EXECUTE 2582.0 condorpool - 334
1644638073 individuals_ID0000071 EXECUTE 2589.0 condorpool - 341
1644638074 individuals_ID0000075 EXECUTE 2586.0 condorpool - 338
1644638075 individuals_ID0000026 SUBMIT 2630.0 condorpool - 382
1644638075 individuals_ID0000027 SUBMIT 2631.0 condorpool - 383
1644638075 individuals_ID0000028 SUBMIT 2632.0 condorpool - 384
1644638075 individuals_ID0000029 SUBMIT 2633.0 condorpool - 385
1644638075 individuals_ID0000022 SUBMIT 2634.0 condorpool - 386
1644638079 individuals_ID0000070 EXECUTE 2588.0 condorpool - 340
1644638079 individuals_ID0000035 EXECUTE 2580.0 condorpool - 332
1644638079 individuals_ID0000072 EXECUTE 2590.0 condorpool - 342
1644638080 individuals_ID0000066 SUBMIT 2635.0 condorpool - 387
1644638080 individuals_ID0000023 SUBMIT 2636.0 condorpool - 388
1644638080 individuals_ID0000067 SUBMIT 2637.0 condorpool - 389
1644638080 individuals_ID0000024 SUBMIT 2638.0 condorpool - 390
1644638080 individuals_ID0000068 SUBMIT 2639.0 condorpool - 391
1644638083 individuals_ID0000031 EXECUTE 2585.0 condorpool - 337
1644638085 individuals_ID0000025 SUBMIT 2640.0 condorpool - 392
1644638085 individuals_ID0000069 SUBMIT 2641.0 condorpool - 393
1644638085 individuals_ID0000062 SUBMIT 2642.0 condorpool - 394
1644638085 individuals_ID0000063 SUBMIT 2643.0 condorpool - 395
1644638085 individuals_ID0000020 SUBMIT 2644.0 condorpool - 396
1644638089 individuals_ID0000030 EXECUTE 2583.0 condorpool - 335
1644638090 individuals_ID0000064 SUBMIT 2645.0 condorpool - 397
1644638090 individuals_ID0000021 SUBMIT 2646.0 condorpool - 398
1644638090 individuals_ID0000065 SUBMIT 2647.0 condorpool - 399
1644638090 individuals_ID0000060 SUBMIT 2648.0 condorpool - 400
1644638090 individuals_ID0000061 SUBMIT 2649.0 condorpool - 401
1644638096 sifting_ID0000077 SUBMIT 2650.0 condorpool - 402
1644638778 individuals_ID0000033 JOB_TERMINATED 2578.0 condorpool - 330
1644638781 individuals_ID0000033 JOB_SUCCESS 0 condorpool - 330
1644638781 individuals_ID0000033 POST_SCRIPT_STARTED 2578.0 condorpool - 330
1644638782 individuals_ID0000033 POST_SCRIPT_TERMINATED 2578.0 condorpool - 330
1644638786 individuals_ID0000033 POST_SCRIPT_SUCCESS 0 condorpool - 330
1644638785 individuals_ID0000037 JOB_TERMINATED 2575.0 condorpool - 327
1644638786 individuals_ID0000037 JOB_SUCCESS 0 condorpool - 327
1644638786 individuals_ID0000037 POST_SCRIPT_STARTED 2575.0 condorpool - 327
1644638785 individuals_ID0000004 EXECUTE 2591.0 condorpool - 343
1644638786 individuals_ID0000037 POST_SCRIPT_TERMINATED 2575.0 condorpool - 327
1644638791 individuals_ID0000037 POST_SCRIPT_SUCCESS 0 condorpool - 327
1644638787 individuals_ID0000039 JOB_TERMINATED 2577.0 condorpool - 329
1644638791 individuals_ID0000039 JOB_SUCCESS 0 condorpool - 329
1644638791 individuals_ID0000039 POST_SCRIPT_STARTED 2577.0 condorpool - 329
1644638788 individuals_ID0000038 JOB_TERMINATED 2576.0 condorpool - 328
1644638791 individuals_ID0000038 JOB_SUCCESS 0 condorpool - 328
1644638791 individuals_ID0000038 POST_SCRIPT_STARTED 2576.0 condorpool - 328
1644638791 individuals_ID0000039 POST_SCRIPT_TERMINATED 2577.0 condorpool - 329
1644638796 individuals_ID0000039 POST_SCRIPT_SUCCESS 0 condorpool - 329
1644638791 individuals_ID0000038 POST_SCRIPT_TERMINATED 2576.0 condorpool - 328
1644638796 individuals_ID0000038 POST_SCRIPT_SUCCESS 0 condorpool - 328
1644638794 individuals_ID0000048 EXECUTE 2592.0 condorpool - 344
1644638799 individuals_ID0000005 EXECUTE 2593.0 condorpool - 345
1644638800 individuals_ID0000049 EXECUTE 2594.0 condorpool - 346
1644638824 individuals_ID0000034 JOB_TERMINATED 2579.0 condorpool - 331
1644638826 individuals_ID0000034 JOB_SUCCESS 0 condorpool - 331
1644638826 individuals_ID0000034 POST_SCRIPT_STARTED 2579.0 condorpool - 331
1644638827 individuals_ID0000034 POST_SCRIPT_TERMINATED 2579.0 condorpool - 331
1644638831 individuals_ID0000034 POST_SCRIPT_SUCCESS 0 condorpool - 331
1644638831 individuals_ID0000006 EXECUTE 2595.0 condorpool - 347
1644638872 individuals_ID0000036 JOB_TERMINATED 2581.0 condorpool - 333
1644638876 individuals_ID0000036 JOB_SUCCESS 0 condorpool - 333
1644638876 individuals_ID0000036 POST_SCRIPT_STARTED 2581.0 condorpool - 333
1644638876 individuals_ID0000036 POST_SCRIPT_TERMINATED 2581.0 condorpool - 333
1644638881 individuals_ID0000036 POST_SCRIPT_SUCCESS 0 condorpool - 333
1644638876 individuals_ID0000032 JOB_TERMINATED 2587.0 condorpool - 339
1644638881 individuals_ID0000032 JOB_SUCCESS 0 condorpool - 339
1644638881 individuals_ID0000032 POST_SCRIPT_STARTED 2587.0 condorpool - 339
1644638880 individuals_ID0000007 EXECUTE 2596.0 condorpool - 348
1644638881 individuals_ID0000074 JOB_TERMINATED 2584.0 condorpool - 336
1644638881 individuals_ID0000074 JOB_SUCCESS 0 condorpool - 336
1644638881 individuals_ID0000074 POST_SCRIPT_STARTED 2584.0 condorpool - 336
1644638881 individuals_ID0000075 JOB_TERMINATED 2586.0 condorpool - 338
1644638886 individuals_ID0000075 JOB_SUCCESS 0 condorpool - 338
1644638886 individuals_ID0000075 POST_SCRIPT_STARTED 2586.0 condorpool - 338
1644638881 individuals_ID0000074 POST_SCRIPT_TERMINATED 2584.0 condorpool - 336
1644638886 individuals_ID0000074 POST_SCRIPT_SUCCESS 0 condorpool - 336
1644638881 individuals_ID0000032 POST_SCRIPT_TERMINATED 2587.0 condorpool - 339
1644638886 individuals_ID0000032 POST_SCRIPT_SUCCESS 0 condorpool - 339
1644638887 individuals_ID0000075 POST_SCRIPT_TERMINATED 2586.0 condorpool - 338
1644638891 individuals_ID0000075 POST_SCRIPT_SUCCESS 0 condorpool - 338
1644638887 individuals_ID0000044 EXECUTE 2597.0 condorpool - 349
1644638888 individuals_ID0000072 JOB_TERMINATED 2590.0 condorpool - 342
1644638891 individuals_ID0000072 JOB_SUCCESS 0 condorpool - 342
1644638891 individuals_ID0000072 POST_SCRIPT_STARTED 2590.0 condorpool - 342
1644638891 individuals_ID0000072 POST_SCRIPT_TERMINATED 2590.0 condorpool - 342
1644638896 individuals_ID0000072 POST_SCRIPT_SUCCESS 0 condorpool - 342
1644638891 individuals_ID0000031 JOB_TERMINATED 2585.0 condorpool - 337
1644638896 individuals_ID0000031 JOB_SUCCESS 0 condorpool - 337
1644638896 individuals_ID0000031 POST_SCRIPT_STARTED 2585.0 condorpool - 337
1644638896 individuals_ID0000031 POST_SCRIPT_TERMINATED 2585.0 condorpool - 337
1644638901 individuals_ID0000031 POST_SCRIPT_SUCCESS 0 condorpool - 337
1644638897 individuals_ID0000001 EXECUTE 2598.0 condorpool - 350
1644638900 individuals_ID0000030 JOB_TERMINATED 2583.0 condorpool - 335
1644638901 individuals_ID0000030 JOB_SUCCESS 0 condorpool - 335
1644638901 individuals_ID0000030 POST_SCRIPT_STARTED 2583.0 condorpool - 335
1644638900 individuals_ID0000073 JOB_TERMINATED 2582.0 condorpool - 334
1644638901 individuals_ID0000073 JOB_SUCCESS 0 condorpool - 334
1644638901 individuals_ID0000073 POST_SCRIPT_STARTED 2582.0 condorpool - 334
1644638902 individuals_ID0000030 POST_SCRIPT_TERMINATED 2583.0 condorpool - 335
1644638906 individuals_ID0000030 POST_SCRIPT_SUCCESS 0 condorpool - 335
1644638902 individuals_ID0000073 POST_SCRIPT_TERMINATED 2582.0 condorpool - 334
1644638906 individuals_ID0000073 POST_SCRIPT_SUCCESS 0 condorpool - 334
1644638902 individuals_ID0000045 EXECUTE 2599.0 condorpool - 351
1644638903 individuals_ID0000046 EXECUTE 2601.0 condorpool - 353
1644638903 individuals_ID0000002 EXECUTE 2600.0 condorpool - 352
1644638909 individuals_ID0000047 EXECUTE 2603.0 condorpool - 355
1644638913 individuals_ID0000035 JOB_TERMINATED 2580.0 condorpool - 332
1644638916 individuals_ID0000035 JOB_SUCCESS 0 condorpool - 332
1644638916 individuals_ID0000035 POST_SCRIPT_STARTED 2580.0 condorpool - 332
1644638915 individuals_ID0000003 EXECUTE 2602.0 condorpool - 354
1644638916 individuals_ID0000035 POST_SCRIPT_TERMINATED 2580.0 condorpool - 332
1644638921 individuals_ID0000035 POST_SCRIPT_SUCCESS 0 condorpool - 332
1644638917 individuals_ID0000071 JOB_TERMINATED 2589.0 condorpool - 341
1644638921 individuals_ID0000071 JOB_SUCCESS 0 condorpool - 341
1644638921 individuals_ID0000071 POST_SCRIPT_STARTED 2589.0 condorpool - 341
1644638922 individuals_ID0000071 POST_SCRIPT_TERMINATED 2589.0 condorpool - 341
1644638926 individuals_ID0000071 POST_SCRIPT_SUCCESS 0 condorpool - 341
1644638925 individuals_ID0000008 EXECUTE 2604.0 condorpool - 356
1644638926 individuals_ID0000070 JOB_TERMINATED 2588.0 condorpool - 340
1644638931 individuals_ID0000070 JOB_SUCCESS 0 condorpool - 340
1644638931 individuals_ID0000070 POST_SCRIPT_STARTED 2588.0 condorpool - 340
1644638926 individuals_ID0000009 EXECUTE 2605.0 condorpool - 357
1644638931 individuals_ID0000070 POST_SCRIPT_TERMINATED 2588.0 condorpool - 340
1644638936 individuals_ID0000070 POST_SCRIPT_SUCCESS 0 condorpool - 340
1644638936 individuals_ID0000040 EXECUTE 2606.0 condorpool - 358
1644639276 individuals_ID0000001 JOB_TERMINATED 2598.0 condorpool - 350
1644639276 individuals_ID0000001 JOB_SUCCESS 0 condorpool - 350
1644639276 individuals_ID0000001 POST_SCRIPT_STARTED 2598.0 condorpool - 350
1644639277 individuals_ID0000001 POST_SCRIPT_TERMINATED 2598.0 condorpool - 350
1644639281 individuals_ID0000001 POST_SCRIPT_SUCCESS 0 condorpool - 350
1644639305 individuals_ID0000041 EXECUTE 2607.0 condorpool - 359
1644639502 individuals_ID0000004 JOB_TERMINATED 2591.0 condorpool - 343
1644639506 individuals_ID0000004 JOB_SUCCESS 0 condorpool - 343
1644639506 individuals_ID0000004 POST_SCRIPT_STARTED 2591.0 condorpool - 343
1644639506 individuals_ID0000004 POST_SCRIPT_TERMINATED 2591.0 condorpool - 343
1644639511 individuals_ID0000004 POST_SCRIPT_SUCCESS 0 condorpool - 343
1644639507 individuals_ID0000048 JOB_TERMINATED 2592.0 condorpool - 344
1644639511 individuals_ID0000048 JOB_SUCCESS 0 condorpool - 344
1644639511 individuals_ID0000048 POST_SCRIPT_STARTED 2592.0 condorpool - 344
1644639510 individuals_ID0000049 JOB_TERMINATED 2594.0 condorpool - 346
1644639511 individuals_ID0000049 JOB_SUCCESS 0 condorpool - 346
1644639511 individuals_ID0000049 POST_SCRIPT_STARTED 2594.0 condorpool - 346
1644639511 individuals_ID0000005 JOB_TERMINATED 2593.0 condorpool - 345
1644639511 individuals_ID0000005 JOB_SUCCESS 0 condorpool - 345
1644639511 individuals_ID0000005 POST_SCRIPT_STARTED 2593.0 condorpool - 345
1644639511 individuals_ID0000048 POST_SCRIPT_TERMINATED 2592.0 condorpool - 344
1644639516 individuals_ID0000048 POST_SCRIPT_SUCCESS 0 condorpool - 344
1644639511 individuals_ID0000049 POST_SCRIPT_TERMINATED 2594.0 condorpool - 346
1644639516 individuals_ID0000049 POST_SCRIPT_SUCCESS 0 condorpool - 346
1644639511 individuals_ID0000005 POST_SCRIPT_TERMINATED 2593.0 condorpool - 345
1644639516 individuals_ID0000005 POST_SCRIPT_SUCCESS 0 condorpool - 345
1644639553 individuals_ID0000015 EXECUTE 2610.0 condorpool - 362
1644639553 individuals_ID0000059 EXECUTE 2611.0 condorpool - 363
1644639554 individuals_ID0000042 EXECUTE 2608.0 condorpool - 360
1644639554 individuals_ID0000043 EXECUTE 2609.0 condorpool - 361
1644639658 individuals_ID0000006 JOB_TERMINATED 2595.0 condorpool - 347
1644639662 individuals_ID0000006 JOB_SUCCESS 0 condorpool - 347
1644639662 individuals_ID0000006 POST_SCRIPT_STARTED 2595.0 condorpool - 347
1644639662 individuals_ID0000006 POST_SCRIPT_TERMINATED 2595.0 condorpool - 347
1644639667 individuals_ID0000006 POST_SCRIPT_SUCCESS 0 condorpool - 347
1644639711 individuals_ID0000045 JOB_TERMINATED 2599.0 condorpool - 351
1644639712 individuals_ID0000045 JOB_SUCCESS 0 condorpool - 351
1644639712 individuals_ID0000045 POST_SCRIPT_STARTED 2599.0 condorpool - 351
1644639712 individuals_ID0000045 POST_SCRIPT_TERMINATED 2599.0 condorpool - 351
1644639717 individuals_ID0000045 POST_SCRIPT_SUCCESS 0 condorpool - 351
1644639713 individuals_ID0000046 JOB_TERMINATED 2601.0 condorpool - 353
1644639717 individuals_ID0000046 JOB_SUCCESS 0 condorpool - 353
1644639717 individuals_ID0000046 POST_SCRIPT_STARTED 2601.0 condorpool - 353
1644639715 individuals_ID0000003 JOB_TERMINATED 2602.0 condorpool - 354
1644639717 individuals_ID0000003 JOB_SUCCESS 0 condorpool - 354
1644639717 individuals_ID0000003 POST_SCRIPT_STARTED 2602.0 condorpool - 354
1644639718 individuals_ID0000003 POST_SCRIPT_TERMINATED 2602.0 condorpool - 354
1644639722 individuals_ID0000003 POST_SCRIPT_SUCCESS 0 condorpool - 354
1644639718 individuals_ID0000046 POST_SCRIPT_TERMINATED 2601.0 condorpool - 353
1644639722 individuals_ID0000046 POST_SCRIPT_SUCCESS 0 condorpool - 353
1644639719 individuals_ID0000044 JOB_TERMINATED 2597.0 condorpool - 349
1644639722 individuals_ID0000044 JOB_SUCCESS 0 condorpool - 349
1644639722 individuals_ID0000044 POST_SCRIPT_STARTED 2597.0 condorpool - 349
1644639722 individuals_ID0000044 POST_SCRIPT_TERMINATED 2597.0 condorpool - 349
1644639727 individuals_ID0000044 POST_SCRIPT_SUCCESS 0 condorpool - 349
1644639726 individuals_ID0000016 EXECUTE 2612.0 condorpool - 364
1644639726 individuals_ID0000007 JOB_TERMINATED 2596.0 condorpool - 348
1644639727 individuals_ID0000007 JOB_SUCCESS 0 condorpool - 348
1644639727 individuals_ID0000007 POST_SCRIPT_STARTED 2596.0 condorpool - 348
1644639727 individuals_ID0000007 POST_SCRIPT_TERMINATED 2596.0 condorpool - 348
1644639732 individuals_ID0000007 POST_SCRIPT_SUCCESS 0 condorpool - 348
1644639732 individuals_ID0000002 JOB_TERMINATED 2600.0 condorpool - 352
1644639732 individuals_ID0000002 JOB_SUCCESS 0 condorpool - 352
1644639732 individuals_ID0000002 POST_SCRIPT_STARTED 2600.0 condorpool - 352
1644639733 individuals_ID0000002 POST_SCRIPT_TERMINATED 2600.0 condorpool - 352
1644639737 individuals_ID0000002 POST_SCRIPT_SUCCESS 0 condorpool - 352
1644639734 individuals_ID0000017 EXECUTE 2613.0 condorpool - 365
1644639735 individuals_ID0000018 EXECUTE 2614.0 condorpool - 366
1644639735 individuals_ID0000011 EXECUTE 2615.0 condorpool - 367
1644639748 individuals_ID0000009 JOB_TERMINATED 2605.0 condorpool - 357
1644639752 individuals_ID0000009 JOB_SUCCESS 0 condorpool - 357
1644639752 individuals_ID0000009 POST_SCRIPT_STARTED 2605.0 condorpool - 357
1644639752 individuals_ID0000009 POST_SCRIPT_TERMINATED 2605.0 condorpool - 357
1644639757 individuals_ID0000009 POST_SCRIPT_SUCCESS 0 condorpool - 357
1644639752 individuals_ID0000047 JOB_TERMINATED 2603.0 condorpool - 355
1644639757 individuals_ID0000047 JOB_SUCCESS 0 condorpool - 355
1644639757 individuals_ID0000047 POST_SCRIPT_STARTED 2603.0 condorpool - 355
1644639757 individuals_ID0000047 POST_SCRIPT_TERMINATED 2603.0 condorpool - 355
1644639762 individuals_ID0000047 POST_SCRIPT_SUCCESS 0 condorpool - 355
1644639759 individuals_ID0000008 JOB_TERMINATED 2604.0 condorpool - 356
1644639762 individuals_ID0000008 JOB_SUCCESS 0 condorpool - 356
1644639762 individuals_ID0000008 POST_SCRIPT_STARTED 2604.0 condorpool - 356
1644639759 individuals_ID0000040 JOB_TERMINATED 2606.0 condorpool - 358
1644639762 individuals_ID0000040 JOB_SUCCESS 0 condorpool - 358
1644639762 individuals_ID0000040 POST_SCRIPT_STARTED 2606.0 condorpool - 358
1644639763 individuals_ID0000008 POST_SCRIPT_TERMINATED 2604.0 condorpool - 356
1644639767 individuals_ID0000008 POST_SCRIPT_SUCCESS 0 condorpool - 356
1644639763 individuals_ID0000040 POST_SCRIPT_TERMINATED 2606.0 condorpool - 358
1644639767 individuals_ID0000040 POST_SCRIPT_SUCCESS 0 condorpool - 358
1644639796 individuals_ID0000014 EXECUTE 2621.0 condorpool - 373
1644639798 individuals_ID0000058 EXECUTE 2622.0 condorpool - 374
1644639800 individuals_ID0000055 EXECUTE 2616.0 condorpool - 368
1644639800 individuals_ID0000012 EXECUTE 2617.0 condorpool - 369
1644639801 individuals_ID0000056 EXECUTE 2618.0 condorpool - 370
1644639801 individuals_ID0000057 EXECUTE 2620.0 condorpool - 372
1644639801 individuals_ID0000013 EXECUTE 2619.0 condorpool - 371
1644640102 individuals_ID0000041 JOB_TERMINATED 2607.0 condorpool - 359
1644640107 individuals_ID0000041 JOB_SUCCESS 0 condorpool - 359
1644640107 individuals_ID0000041 POST_SCRIPT_STARTED 2607.0 condorpool - 359
1644640107 individuals_ID0000041 POST_SCRIPT_TERMINATED 2607.0 condorpool - 359
1644640112 individuals_ID0000041 POST_SCRIPT_SUCCESS 0 condorpool - 359
1644640110 individuals_ID0000019 EXECUTE 2623.0 condorpool - 375
1644640261 individuals_ID0000015 JOB_TERMINATED 2610.0 condorpool - 362
1644640263 individuals_ID0000015 JOB_SUCCESS 0 condorpool - 362
1644640263 individuals_ID0000015 POST_SCRIPT_STARTED 2610.0 condorpool - 362
1644640263 individuals_ID0000015 POST_SCRIPT_TERMINATED 2610.0 condorpool - 362
1644640268 individuals_ID0000015 POST_SCRIPT_SUCCESS 0 condorpool - 362
1644640265 individuals_ID0000043 JOB_TERMINATED 2609.0 condorpool - 361
1644640268 individuals_ID0000043 JOB_SUCCESS 0 condorpool - 361
1644640268 individuals_ID0000043 POST_SCRIPT_STARTED 2609.0 condorpool - 361
1644640266 individuals_ID0000059 JOB_TERMINATED 2611.0 condorpool - 363
1644640268 individuals_ID0000059 JOB_SUCCESS 0 condorpool - 363
1644640268 individuals_ID0000059 POST_SCRIPT_STARTED 2611.0 condorpool - 363
1644640267 individuals_ID0000051 EXECUTE 2624.0 condorpool - 376
1644640267 individuals_ID0000042 JOB_TERMINATED 2608.0 condorpool - 360
1644640268 individuals_ID0000042 JOB_SUCCESS 0 condorpool - 360
1644640268 individuals_ID0000042 POST_SCRIPT_STARTED 2608.0 condorpool - 360
1644640268 individuals_ID0000043 POST_SCRIPT_TERMINATED 2609.0 condorpool - 361
1644640273 individuals_ID0000043 POST_SCRIPT_SUCCESS 0 condorpool - 361
1644640268 individuals_ID0000059 POST_SCRIPT_TERMINATED 2611.0 condorpool - 363
1644640273 individuals_ID0000059 POST_SCRIPT_SUCCESS 0 condorpool - 363
1644640268 individuals_ID0000042 POST_SCRIPT_TERMINATED 2608.0 condorpool - 360
1644640273 individuals_ID0000042 POST_SCRIPT_SUCCESS 0 condorpool - 360
1644640277 individuals_ID0000052 EXECUTE 2625.0 condorpool - 377
1644640280 individuals_ID0000053 EXECUTE 2626.0 condorpool - 378
1644640280 individuals_ID0000010 EXECUTE 2627.0 condorpool - 379
1644640543 individuals_ID0000011 JOB_TERMINATED 2615.0 condorpool - 367
1644640544 individuals_ID0000011 JOB_SUCCESS 0 condorpool - 367
1644640544 individuals_ID0000011 POST_SCRIPT_STARTED 2615.0 condorpool - 367
1644640543 individuals_ID0000018 JOB_TERMINATED 2614.0 condorpool - 366
1644640544 individuals_ID0000018 JOB_SUCCESS 0 condorpool - 366
1644640544 individuals_ID0000018 POST_SCRIPT_STARTED 2614.0 condorpool - 366
1644640544 individuals_ID0000018 POST_SCRIPT_TERMINATED 2614.0 condorpool - 366
1644640549 individuals_ID0000018 POST_SCRIPT_SUCCESS 0 condorpool - 366
1644640544 individuals_ID0000011 POST_SCRIPT_TERMINATED 2615.0 condorpool - 367
1644640549 individuals_ID0000011 POST_SCRIPT_SUCCESS 0 condorpool - 367
1644640545 individuals_ID0000017 JOB_TERMINATED 2613.0 condorpool - 365
1644640549 individuals_ID0000017 JOB_SUCCESS 0 condorpool - 365
1644640549 individuals_ID0000017 POST_SCRIPT_STARTED 2613.0 condorpool - 365
1644640549 individuals_ID0000017 POST_SCRIPT_TERMINATED 2613.0 condorpool - 365
1644640554 individuals_ID0000017 POST_SCRIPT_SUCCESS 0 condorpool - 365
1644640555 individuals_ID0000054 EXECUTE 2628.0 condorpool - 380
1644640557 individuals_ID0000050 EXECUTE 2629.0 condorpool - 381
1644640558 individuals_ID0000026 EXECUTE 2630.0 condorpool - 382
1644640558 individuals_ID0000016 JOB_TERMINATED 2612.0 condorpool - 364
1644640559 individuals_ID0000016 JOB_SUCCESS 0 condorpool - 364
1644640559 individuals_ID0000016 POST_SCRIPT_STARTED 2612.0 condorpool - 364
1644640560 individuals_ID0000016 POST_SCRIPT_TERMINATED 2612.0 condorpool - 364
1644640564 individuals_ID0000016 POST_SCRIPT_SUCCESS 0 condorpool - 364
1644640567 individuals_ID0000027 EXECUTE 2631.0 condorpool - 383
1644640632 individuals_ID0000013 JOB_TERMINATED 2619.0 condorpool - 371
1644640634 individuals_ID0000013 JOB_SUCCESS 0 condorpool - 371
1644640634 individuals_ID0000013 POST_SCRIPT_STARTED 2619.0 condorpool - 371
1644640634 individuals_ID0000013 POST_SCRIPT_TERMINATED 2619.0 condorpool - 371
1644640639 individuals_ID0000013 POST_SCRIPT_SUCCESS 0 condorpool - 371
1644640640 individuals_ID0000028 EXECUTE 2632.0 condorpool - 384
1644640641 individuals_ID0000012 JOB_TERMINATED 2617.0 condorpool - 369
1644640644 individuals_ID0000012 JOB_SUCCESS 0 condorpool - 369
1644640644 individuals_ID0000012 POST_SCRIPT_STARTED 2617.0 condorpool - 369
1644640641 individuals_ID0000014 JOB_TERMINATED 2621.0 condorpool - 373
1644640644 individuals_ID0000014 JOB_SUCCESS 0 condorpool - 373
1644640644 individuals_ID0000014 POST_SCRIPT_STARTED 2621.0 condorpool - 373
1644640642 individuals_ID0000056 JOB_TERMINATED 2618.0 condorpool - 370
1644640644 individuals_ID0000056 JOB_SUCCESS 0 condorpool - 370
1644640644 individuals_ID0000056 POST_SCRIPT_STARTED 2618.0 condorpool - 370
1644640644 individuals_ID0000012 POST_SCRIPT_TERMINATED 2617.0 condorpool - 369
1644640649 individuals_ID0000012 POST_SCRIPT_SUCCESS 0 condorpool - 369
1644640644 individuals_ID0000014 POST_SCRIPT_TERMINATED 2621.0 condorpool - 373
1644640649 individuals_ID0000014 POST_SCRIPT_SUCCESS 0 condorpool - 373
1644640644 individuals_ID0000056 POST_SCRIPT_TERMINATED 2618.0 condorpool - 370
1644640649 individuals_ID0000056 POST_SCRIPT_SUCCESS 0 condorpool - 370
1644640646 individuals_ID0000055 JOB_TERMINATED 2616.0 condorpool - 368
1644640649 individuals_ID0000055 JOB_SUCCESS 0 condorpool - 368
1644640649 individuals_ID0000055 POST_SCRIPT_STARTED 2616.0 condorpool - 368
1644640647 individuals_ID0000058 JOB_TERMINATED 2622.0 condorpool - 374
1644640649 individuals_ID0000058 JOB_SUCCESS 0 condorpool - 374
1644640649 individuals_ID0000058 POST_SCRIPT_STARTED 2622.0 condorpool - 374
1644640649 individuals_ID0000057 JOB_TERMINATED 2620.0 condorpool - 372
1644640649 individuals_ID0000057 JOB_SUCCESS 0 condorpool - 372
1644640649 individuals_ID0000057 POST_SCRIPT_STARTED 2620.0 condorpool - 372
1644640650 individuals_ID0000055 POST_SCRIPT_TERMINATED 2616.0 condorpool - 368
1644640654 individuals_ID0000055 POST_SCRIPT_SUCCESS 0 condorpool - 368
1644640650 individuals_ID0000057 POST_SCRIPT_TERMINATED 2620.0 condorpool - 372
1644640654 individuals_ID0000057 POST_SCRIPT_SUCCESS 0 condorpool - 372
1644640650 individuals_ID0000058 POST_SCRIPT_TERMINATED 2622.0 condorpool - 374
1644640654 individuals_ID0000058 POST_SCRIPT_SUCCESS 0 condorpool - 374
1644640651 individuals_ID0000022 EXECUTE 2634.0 condorpool - 386
1644640656 individuals_ID0000029 EXECUTE 2633.0 condorpool - 385
1644640658 individuals_ID0000066 EXECUTE 2635.0 condorpool - 387
1644640662 individuals_ID0000067 EXECUTE 2637.0 condorpool - 389
1644640662 individuals_ID0000024 EXECUTE 2638.0 condorpool - 390
1644640663 individuals_ID0000023 EXECUTE 2636.0 condorpool - 388
1644640919 individuals_ID0000019 JOB_TERMINATED 2623.0 condorpool - 375
1644640919 individuals_ID0000019 JOB_SUCCESS 0 condorpool - 375
1644640919 individuals_ID0000019 POST_SCRIPT_STARTED 2623.0 condorpool - 375
1644640919 individuals_ID0000019 POST_SCRIPT_TERMINATED 2623.0 condorpool - 375
1644640924 individuals_ID0000019 POST_SCRIPT_SUCCESS 0 condorpool - 375
1644640980 individuals_ID0000051 JOB_TERMINATED 2624.0 condorpool - 376
1644640985 individuals_ID0000051 JOB_SUCCESS 0 condorpool - 376
1644640985 individuals_ID0000051 POST_SCRIPT_STARTED 2624.0 condorpool - 376
1644640981 individuals_ID0000052 JOB_TERMINATED 2625.0 condorpool - 377
1644640985 individuals_ID0000052 JOB_SUCCESS 0 condorpool - 377
1644640985 individuals_ID0000052 POST_SCRIPT_STARTED 2625.0 condorpool - 377
1644640983 individuals_ID0000053 JOB_TERMINATED 2626.0 condorpool - 378
1644640985 individuals_ID0000053 JOB_SUCCESS 0 condorpool - 378
1644640985 individuals_ID0000053 POST_SCRIPT_STARTED 2626.0 condorpool - 378
1644640985 individuals_ID0000051 POST_SCRIPT_TERMINATED 2624.0 condorpool - 376
1644640990 individuals_ID0000051 POST_SCRIPT_SUCCESS 0 condorpool - 376
1644640985 individuals_ID0000052 POST_SCRIPT_TERMINATED 2625.0 condorpool - 377
1644640990 individuals_ID0000052 POST_SCRIPT_SUCCESS 0 condorpool - 377
1644640985 individuals_ID0000053 POST_SCRIPT_TERMINATED 2626.0 condorpool - 378
1644640990 individuals_ID0000053 POST_SCRIPT_SUCCESS 0 condorpool - 378
1644640985 individuals_ID0000068 EXECUTE 2639.0 condorpool - 391
1644640986 individuals_ID0000010 JOB_TERMINATED 2627.0 condorpool - 379
1644640990 individuals_ID0000010 JOB_SUCCESS 0 condorpool - 379
1644640990 individuals_ID0000010 POST_SCRIPT_STARTED 2627.0 condorpool - 379
1644640990 individuals_ID0000010 POST_SCRIPT_TERMINATED 2627.0 condorpool - 379
1644640995 individuals_ID0000010 POST_SCRIPT_SUCCESS 0 condorpool - 379
1644641054 individuals_ID0000069 EXECUTE 2641.0 condorpool - 393
1644641054 individuals_ID0000062 EXECUTE 2642.0 condorpool - 394
1644641055 individuals_ID0000063 EXECUTE 2643.0 condorpool - 395
1644641055 individuals_ID0000025 EXECUTE 2640.0 condorpool - 392
1644641362 individuals_ID0000026 JOB_TERMINATED 2630.0 condorpool - 382
1644641366 individuals_ID0000026 JOB_SUCCESS 0 condorpool - 382
1644641366 individuals_ID0000026 POST_SCRIPT_STARTED 2630.0 condorpool - 382
1644641366 individuals_ID0000026 POST_SCRIPT_TERMINATED 2630.0 condorpool - 382
1644641371 individuals_ID0000026 POST_SCRIPT_SUCCESS 0 condorpool - 382
1644641368 individuals_ID0000050 JOB_TERMINATED 2629.0 condorpool - 381
1644641371 individuals_ID0000050 JOB_SUCCESS 0 condorpool - 381
1644641371 individuals_ID0000050 POST_SCRIPT_STARTED 2629.0 condorpool - 381
1644641371 individuals_ID0000054 JOB_TERMINATED 2628.0 condorpool - 380
1644641371 individuals_ID0000054 JOB_SUCCESS 0 condorpool - 380
1644641371 individuals_ID0000054 POST_SCRIPT_STARTED 2628.0 condorpool - 380
1644641371 individuals_ID0000050 POST_SCRIPT_TERMINATED 2629.0 condorpool - 381
1644641376 individuals_ID0000050 POST_SCRIPT_SUCCESS 0 condorpool - 381
1644641371 individuals_ID0000054 POST_SCRIPT_TERMINATED 2628.0 condorpool - 380
1644641376 individuals_ID0000054 POST_SCRIPT_SUCCESS 0 condorpool - 380
1644641403 individuals_ID0000027 JOB_TERMINATED 2631.0 condorpool - 383
1644641406 individuals_ID0000027 JOB_SUCCESS 0 condorpool - 383
1644641406 individuals_ID0000027 POST_SCRIPT_STARTED 2631.0 condorpool - 383
1644641407 individuals_ID0000027 POST_SCRIPT_TERMINATED 2631.0 condorpool - 383
1644641411 individuals_ID0000027 POST_SCRIPT_SUCCESS 0 condorpool - 383
1644641412 individuals_ID0000020 EXECUTE 2644.0 condorpool - 396
1644641412 individuals_ID0000064 EXECUTE 2645.0 condorpool - 397
1644641412 individuals_ID0000021 EXECUTE 2646.0 condorpool - 398
1644641464 individuals_ID0000065 EXECUTE 2647.0 condorpool - 399
1644641485 individuals_ID0000028 JOB_TERMINATED 2632.0 condorpool - 384
1644641486 individuals_ID0000028 JOB_SUCCESS 0 condorpool - 384
1644641486 individuals_ID0000028 POST_SCRIPT_STARTED 2632.0 condorpool - 384
1644641486 individuals_ID0000028 POST_SCRIPT_TERMINATED 2632.0 condorpool - 384
1644641491 individuals_ID0000028 POST_SCRIPT_SUCCESS 0 condorpool - 384
1644641497 individuals_ID0000024 JOB_TERMINATED 2638.0 condorpool - 390
1644641501 individuals_ID0000024 JOB_SUCCESS 0 condorpool - 390
1644641501 individuals_ID0000024 POST_SCRIPT_STARTED 2638.0 condorpool - 390
1644641497 individuals_ID0000023 JOB_TERMINATED 2636.0 condorpool - 388
1644641501 individuals_ID0000023 JOB_SUCCESS 0 condorpool - 388
1644641501 individuals_ID0000023 POST_SCRIPT_STARTED 2636.0 condorpool - 388
1644641498 individuals_ID0000029 JOB_TERMINATED 2633.0 condorpool - 385
1644641501 individuals_ID0000029 JOB_SUCCESS 0 condorpool - 385
1644641501 individuals_ID0000029 POST_SCRIPT_STARTED 2633.0 condorpool - 385
1644641498 individuals_ID0000022 JOB_TERMINATED 2634.0 condorpool - 386
1644641501 individuals_ID0000022 JOB_SUCCESS 0 condorpool - 386
1644641501 individuals_ID0000022 POST_SCRIPT_STARTED 2634.0 condorpool - 386
1644641501 individuals_ID0000023 POST_SCRIPT_TERMINATED 2636.0 condorpool - 388
1644641506 individuals_ID0000023 POST_SCRIPT_SUCCESS 0 condorpool - 388
1644641501 individuals_ID0000022 POST_SCRIPT_TERMINATED 2634.0 condorpool - 386
1644641506 individuals_ID0000022 POST_SCRIPT_SUCCESS 0 condorpool - 386
1644641501 individuals_ID0000029 POST_SCRIPT_TERMINATED 2633.0 condorpool - 385
1644641506 individuals_ID0000029 POST_SCRIPT_SUCCESS 0 condorpool - 385
1644641502 individuals_ID0000024 POST_SCRIPT_TERMINATED 2638.0 condorpool - 390
1644641506 individuals_ID0000024 POST_SCRIPT_SUCCESS 0 condorpool - 390
1644641504 individuals_ID0000066 JOB_TERMINATED 2635.0 condorpool - 387
1644641506 individuals_ID0000066 JOB_SUCCESS 0 condorpool - 387
1644641506 individuals_ID0000066 POST_SCRIPT_STARTED 2635.0 condorpool - 387
1644641506 individuals_ID0000066 POST_SCRIPT_TERMINATED 2635.0 condorpool - 387
1644641511 individuals_ID0000066 POST_SCRIPT_SUCCESS 0 condorpool - 387
1644641507 individuals_ID0000067 JOB_TERMINATED 2637.0 condorpool - 389
1644641511 individuals_ID0000067 JOB_SUCCESS 0 condorpool - 389
1644641511 individuals_ID0000067 POST_SCRIPT_STARTED 2637.0 condorpool - 389
1644641511 individuals_ID0000067 POST_SCRIPT_TERMINATED 2637.0 condorpool - 389
1644641516 individuals_ID0000067 POST_SCRIPT_SUCCESS 0 condorpool - 389
1644641520 sifting_ID0000077 EXECUTE 2650.0 condorpool - 402
1644641528 sifting_ID0000077 JOB_TERMINATED 2650.0 condorpool - 402
1644641531 sifting_ID0000077 JOB_SUCCESS 0 condorpool - 402
1644641531 sifting_ID0000077 POST_SCRIPT_STARTED 2650.0 condorpool - 402
1644641528 individuals_ID0000060 EXECUTE 2648.0 condorpool - 400
1644641528 individuals_ID0000061 EXECUTE 2649.0 condorpool - 401
1644641531 sifting_ID0000077 POST_SCRIPT_TERMINATED 2650.0 condorpool - 402
1644641536 sifting_ID0000077 POST_SCRIPT_SUCCESS 0 condorpool - 402
1644641753 individuals_ID0000062 JOB_TERMINATED 2642.0 condorpool - 394
1644641757 individuals_ID0000062 JOB_SUCCESS 0 condorpool - 394
1644641757 individuals_ID0000062 POST_SCRIPT_STARTED 2642.0 condorpool - 394
1644641753 individuals_ID0000063 JOB_TERMINATED 2643.0 condorpool - 395
1644641757 individuals_ID0000063 JOB_SUCCESS 0 condorpool - 395
1644641757 individuals_ID0000063 POST_SCRIPT_STARTED 2643.0 condorpool - 395
1644641757 individuals_ID0000063 POST_SCRIPT_TERMINATED 2643.0 condorpool - 395
1644641762 individuals_ID0000063 POST_SCRIPT_SUCCESS 0 condorpool - 395
1644641757 individuals_ID0000062 POST_SCRIPT_TERMINATED 2642.0 condorpool - 394
1644641762 individuals_ID0000062 POST_SCRIPT_SUCCESS 0 condorpool - 394
1644641758 individuals_ID0000025 JOB_TERMINATED 2640.0 condorpool - 392
1644641762 individuals_ID0000025 JOB_SUCCESS 0 condorpool - 392
1644641762 individuals_ID0000025 POST_SCRIPT_STARTED 2640.0 condorpool - 392
1644641761 individuals_ID0000069 JOB_TERMINATED 2641.0 condorpool - 393
1644641762 individuals_ID0000069 JOB_SUCCESS 0 condorpool - 393
1644641762 individuals_ID0000069 POST_SCRIPT_STARTED 2641.0 condorpool - 393
1644641762 individuals_ID0000025 POST_SCRIPT_TERMINATED 2640.0 condorpool - 392
1644641767 individuals_ID0000025 POST_SCRIPT_SUCCESS 0 condorpool - 392
1644641762 individuals_ID0000069 POST_SCRIPT_TERMINATED 2641.0 condorpool - 393
1644641767 individuals_ID0000069 POST_SCRIPT_SUCCESS 0 condorpool - 393
1644641782 individuals_ID0000068 JOB_TERMINATED 2639.0 condorpool - 391
1644641782 individuals_ID0000068 JOB_SUCCESS 0 condorpool - 391
1644641782 individuals_ID0000068 POST_SCRIPT_STARTED 2639.0 condorpool - 391
1644641783 individuals_ID0000068 POST_SCRIPT_TERMINATED 2639.0 condorpool - 391
1644641787 individuals_ID0000068 POST_SCRIPT_SUCCESS 0 condorpool - 391
1644642132 individuals_ID0000064 JOB_TERMINATED 2645.0 condorpool - 397
1644642132 individuals_ID0000064 JOB_SUCCESS 0 condorpool - 397
1644642132 individuals_ID0000064 POST_SCRIPT_STARTED 2645.0 condorpool - 397
1644642132 individuals_ID0000064 POST_SCRIPT_TERMINATED 2645.0 condorpool - 397
1644642137 individuals_ID0000064 POST_SCRIPT_SUCCESS 0 condorpool - 397
1644642134 individuals_ID0000020 JOB_TERMINATED 2644.0 condorpool - 396
1644642137 individuals_ID0000020 JOB_SUCCESS 0 condorpool - 396
1644642137 individuals_ID0000020 POST_SCRIPT_STARTED 2644.0 condorpool - 396
1644642136 individuals_ID0000021 JOB_TERMINATED 2646.0 condorpool - 398
1644642137 individuals_ID0000021 JOB_SUCCESS 0 condorpool - 398
1644642137 individuals_ID0000021 POST_SCRIPT_STARTED 2646.0 condorpool - 398
1644642138 individuals_ID0000021 POST_SCRIPT_TERMINATED 2646.0 condorpool - 398
1644642142 individuals_ID0000021 POST_SCRIPT_SUCCESS 0 condorpool - 398
1644642138 individuals_ID0000020 POST_SCRIPT_TERMINATED 2644.0 condorpool - 396
1644642142 individuals_ID0000020 POST_SCRIPT_SUCCESS 0 condorpool - 396
1644642146 individuals_ID0000065 JOB_TERMINATED 2647.0 condorpool - 399
1644642147 individuals_ID0000065 JOB_SUCCESS 0 condorpool - 399
1644642147 individuals_ID0000065 POST_SCRIPT_STARTED 2647.0 condorpool - 399
1644642147 individuals_ID0000065 POST_SCRIPT_TERMINATED 2647.0 condorpool - 399
1644642152 individuals_ID0000065 POST_SCRIPT_SUCCESS 0 condorpool - 399
1644642204 individuals_ID0000060 JOB_TERMINATED 2648.0 condorpool - 400
1644642207 individuals_ID0000060 JOB_SUCCESS 0 condorpool - 400
1644642207 individuals_ID0000060 POST_SCRIPT_STARTED 2648.0 condorpool - 400
1644642207 individuals_ID0000060 POST_SCRIPT_TERMINATED 2648.0 condorpool - 400
1644642212 individuals_ID0000060 POST_SCRIPT_SUCCESS 0 condorpool - 400
1644642210 individuals_ID0000061 JOB_TERMINATED 2649.0 condorpool - 401
1644642212 individuals_ID0000061 JOB_SUCCESS 0 condorpool - 401
1644642212 individuals_ID0000061 POST_SCRIPT_STARTED 2649.0 condorpool - 401
1644642213 individuals_ID0000061 POST_SCRIPT_TERMINATED 2649.0 condorpool - 401
1644642218 individuals_ID0000061 POST_SCRIPT_SUCCESS 0 condorpool - 401
1644642223 individuals_merge_ID0000076 SUBMIT 2651.0 condorpool - 403
1644642228 individuals_merge_ID0000076 EXECUTE 2651.0 condorpool - 403
1644648400 individuals_merge_ID0000076 JOB_TERMINATED 2651.0 condorpool - 403
1644648403 individuals_merge_ID0000076 JOB_SUCCESS 0 condorpool - 403
1644648403 individuals_merge_ID0000076 POST_SCRIPT_STARTED 2651.0 condorpool - 403
1644648404 individuals_merge_ID0000076 POST_SCRIPT_TERMINATED 2651.0 condorpool - 403
1644648408 individuals_merge_ID0000076 POST_SCRIPT_SUCCESS 0 condorpool - 403
1644648413 frequency_ID0000083 SUBMIT 2652.0 condorpool - 404
1644648413 mutation_overlap_ID0000080 SUBMIT 2653.0 condorpool - 405
1644648413 frequency_ID0000085 SUBMIT 2654.0 condorpool - 406
1644648413 mutation_overlap_ID0000090 SUBMIT 2655.0 condorpool - 407
1644648413 frequency_ID0000091 SUBMIT 2656.0 condorpool - 408
1644648414 mutation_overlap_ID0000080 EXECUTE 2653.0 condorpool - 405
1644648414 frequency_ID0000083 EXECUTE 2652.0 condorpool - 404
1644648418 frequency_ID0000081 SUBMIT 2657.0 condorpool - 409
1644648418 mutation_overlap_ID0000086 SUBMIT 2658.0 condorpool - 410
1644648418 frequency_ID0000079 SUBMIT 2659.0 condorpool - 411
1644648418 mutation_overlap_ID0000088 SUBMIT 2660.0 condorpool - 412
1644648418 mutation_overlap_ID0000082 SUBMIT 2661.0 condorpool - 413
1644648423 frequency_ID0000087 SUBMIT 2662.0 condorpool - 414
1644648423 mutation_overlap_ID0000084 SUBMIT 2663.0 condorpool - 415
1644648423 frequency_ID0000089 SUBMIT 2664.0 condorpool - 416
1644648423 mutation_overlap_ID0000078 SUBMIT 2665.0 condorpool - 417
1644648435 frequency_ID0000085 EXECUTE 2654.0 condorpool - 406
1644648436 mutation_overlap_ID0000088 EXECUTE 2660.0 condorpool - 412
1644648436 mutation_overlap_ID0000090 EXECUTE 2655.0 condorpool - 407
1644648436 mutation_overlap_ID0000086 EXECUTE 2658.0 condorpool - 410
1644648436 frequency_ID0000081 EXECUTE 2657.0 condorpool - 409
1644648437 frequency_ID0000091 EXECUTE 2656.0 condorpool - 408
1644648437 frequency_ID0000089 EXECUTE 2664.0 condorpool - 416
1644648437 mutation_overlap_ID0000084 EXECUTE 2663.0 condorpool - 415
1644648437 mutation_overlap_ID0000078 EXECUTE 2665.0 condorpool - 417
1644648437 frequency_ID0000079 EXECUTE 2659.0 condorpool - 411
1644648437 mutation_overlap_ID0000082 EXECUTE 2661.0 condorpool - 413
1644648437 frequency_ID0000087 EXECUTE 2662.0 condorpool - 414
1644648617 mutation_overlap_ID0000080 JOB_TERMINATED 2653.0 condorpool - 405
1644648619 mutation_overlap_ID0000080 JOB_SUCCESS 0 condorpool - 405
1644648619 mutation_overlap_ID0000080 POST_SCRIPT_STARTED 2653.0 condorpool - 405
1644648619 mutation_overlap_ID0000080 POST_SCRIPT_TERMINATED 2653.0 condorpool - 405
1644648624 mutation_overlap_ID0000080 POST_SCRIPT_SUCCESS 0 condorpool - 405
1644648635 mutation_overlap_ID0000090 JOB_TERMINATED 2655.0 condorpool - 407
1644648639 mutation_overlap_ID0000090 JOB_SUCCESS 0 condorpool - 407
1644648639 mutation_overlap_ID0000090 POST_SCRIPT_STARTED 2655.0 condorpool - 407
1644648639 mutation_overlap_ID0000090 POST_SCRIPT_TERMINATED 2655.0 condorpool - 407
1644648644 mutation_overlap_ID0000090 POST_SCRIPT_SUCCESS 0 condorpool - 407
1644648641 mutation_overlap_ID0000086 JOB_TERMINATED 2658.0 condorpool - 410
1644648644 mutation_overlap_ID0000086 JOB_SUCCESS 0 condorpool - 410
1644648644 mutation_overlap_ID0000086 POST_SCRIPT_STARTED 2658.0 condorpool - 410
1644648642 mutation_overlap_ID0000088 JOB_TERMINATED 2660.0 condorpool - 412
1644648644 mutation_overlap_ID0000088 JOB_SUCCESS 0 condorpool - 412
1644648644 mutation_overlap_ID0000088 POST_SCRIPT_STARTED 2660.0 condorpool - 412
1644648644 mutation_overlap_ID0000084 JOB_TERMINATED 2663.0 condorpool - 415
1644648644 mutation_overlap_ID0000084 JOB_SUCCESS 0 condorpool - 415
1644648644 mutation_overlap_ID0000084 POST_SCRIPT_STARTED 2663.0 condorpool - 415
1644648644 mutation_overlap_ID0000078 JOB_TERMINATED 2665.0 condorpool - 417
1644648644 mutation_overlap_ID0000078 JOB_SUCCESS 0 condorpool - 417
1644648644 mutation_overlap_ID0000078 POST_SCRIPT_STARTED 2665.0 condorpool - 417
1644648644 mutation_overlap_ID0000088 POST_SCRIPT_TERMINATED 2660.0 condorpool - 412
1644648649 mutation_overlap_ID0000088 POST_SCRIPT_SUCCESS 0 condorpool - 412
1644648644 mutation_overlap_ID0000086 POST_SCRIPT_TERMINATED 2658.0 condorpool - 410
1644648649 mutation_overlap_ID0000086 POST_SCRIPT_SUCCESS 0 condorpool - 410
1644648644 mutation_overlap_ID0000084 POST_SCRIPT_TERMINATED 2663.0 condorpool - 415
1644648649 mutation_overlap_ID0000084 POST_SCRIPT_SUCCESS 0 condorpool - 415
1644648644 mutation_overlap_ID0000078 POST_SCRIPT_TERMINATED 2665.0 condorpool - 417
1644648649 mutation_overlap_ID0000078 POST_SCRIPT_SUCCESS 0 condorpool - 417
1644648713 mutation_overlap_ID0000082 JOB_TERMINATED 2661.0 condorpool - 413
1644648714 mutation_overlap_ID0000082 JOB_SUCCESS 0 condorpool - 413
1644648714 mutation_overlap_ID0000082 POST_SCRIPT_STARTED 2661.0 condorpool - 413
1644648715 mutation_overlap_ID0000082 POST_SCRIPT_TERMINATED 2661.0 condorpool - 413
1644648719 mutation_overlap_ID0000082 POST_SCRIPT_SUCCESS 0 condorpool - 413
1644649183 frequency_ID0000089 JOB_TERMINATED 2664.0 condorpool - 416
1644649184 frequency_ID0000089 JOB_SUCCESS 0 condorpool - 416
1644649184 frequency_ID0000089 POST_SCRIPT_STARTED 2664.0 condorpool - 416
1644649184 frequency_ID0000089 POST_SCRIPT_TERMINATED 2664.0 condorpool - 416
1644649189 frequency_ID0000089 POST_SCRIPT_SUCCESS 0 condorpool - 416
1644649197 frequency_ID0000087 JOB_TERMINATED 2662.0 condorpool - 414
1644649199 frequency_ID0000087 JOB_SUCCESS 0 condorpool - 414
1644649199 frequency_ID0000087 POST_SCRIPT_STARTED 2662.0 condorpool - 414
1644649200 frequency_ID0000087 POST_SCRIPT_TERMINATED 2662.0 condorpool - 414
1644649204 frequency_ID0000087 POST_SCRIPT_SUCCESS 0 condorpool - 414
1644649209 frequency_ID0000085 JOB_TERMINATED 2654.0 condorpool - 406
1644649209 frequency_ID0000085 JOB_SUCCESS 0 condorpool - 406
1644649209 frequency_ID0000085 POST_SCRIPT_STARTED 2654.0 condorpool - 406
1644649209 frequency_ID0000085 POST_SCRIPT_TERMINATED 2654.0 condorpool - 406
1644649214 frequency_ID0000085 POST_SCRIPT_SUCCESS 0 condorpool - 406
1644649245 frequency_ID0000091 JOB_TERMINATED 2656.0 condorpool - 408
1644649249 frequency_ID0000091 JOB_SUCCESS 0 condorpool - 408
1644649249 frequency_ID0000091 POST_SCRIPT_STARTED 2656.0 condorpool - 408
1644649250 frequency_ID0000091 POST_SCRIPT_TERMINATED 2656.0 condorpool - 408
1644649254 frequency_ID0000091 POST_SCRIPT_SUCCESS 0 condorpool - 408
1644649289 frequency_ID0000083 JOB_TERMINATED 2652.0 condorpool - 404
1644649294 frequency_ID0000083 JOB_SUCCESS 0 condorpool - 404
1644649294 frequency_ID0000083 POST_SCRIPT_STARTED 2652.0 condorpool - 404
1644649294 frequency_ID0000083 POST_SCRIPT_TERMINATED 2652.0 condorpool - 404
1644649299 frequency_ID0000083 POST_SCRIPT_SUCCESS 0 condorpool - 404
1644649304 stage_out_local_local_2_0 SUBMIT 2666.0 local - 418
1644649304 stage_out_local_local_2_0 EXECUTE 2666.0 local - 418
1644649309 stage_out_local_local_2_0 JOB_TERMINATED 2666.0 local - 418
1644649309 stage_out_local_local_2_0 JOB_SUCCESS 0 local - 418
1644649309 stage_out_local_local_2_0 POST_SCRIPT_STARTED 2666.0 local - 418
1644649310 stage_out_local_local_2_0 POST_SCRIPT_TERMINATED 2666.0 local - 418
1644649314 stage_out_local_local_2_0 POST_SCRIPT_SUCCESS 0 local - 418
1644649341 frequency_ID0000081 JOB_TERMINATED 2657.0 condorpool - 409
1644649344 frequency_ID0000081 JOB_SUCCESS 0 condorpool - 409
1644649344 frequency_ID0000081 POST_SCRIPT_STARTED 2657.0 condorpool - 409
1644649344 frequency_ID0000081 POST_SCRIPT_TERMINATED 2657.0 condorpool - 409
1644649349 frequency_ID0000081 POST_SCRIPT_SUCCESS 0 condorpool - 409
1644649438 frequency_ID0000079 JOB_TERMINATED 2659.0 condorpool - 411
1644649439 frequency_ID0000079 JOB_SUCCESS 0 condorpool - 411
1644649439 frequency_ID0000079 POST_SCRIPT_STARTED 2659.0 condorpool - 411
1644649440 frequency_ID0000079 POST_SCRIPT_TERMINATED 2659.0 condorpool - 411
1644649444 frequency_ID0000079 POST_SCRIPT_SUCCESS 0 condorpool - 411
1644649449 stage_out_local_local_2_1 SUBMIT 2667.0 local - 419
1644649449 stage_out_local_local_2_1 EXECUTE 2667.0 local - 419
1644649453 stage_out_local_local_2_1 JOB_TERMINATED 2667.0 local - 419
1644649454 stage_out_local_local_2_1 JOB_SUCCESS 0 local - 419
1644649454 stage_out_local_local_2_1 POST_SCRIPT_STARTED 2667.0 local - 419
1644649454 stage_out_local_local_2_1 POST_SCRIPT_TERMINATED 2667.0 local - 419
1644649459 stage_out_local_local_2_1 POST_SCRIPT_SUCCESS 0 local - 419
1644649464 cleanup_1000-genome_0_local SUBMIT 2668.0 local - 420
1644649464 cleanup_1000-genome_0_local EXECUTE 2668.0 local - 420
1644649466 cleanup_1000-genome_0_local JOB_TERMINATED 2668.0 local - 420
1644649469 cleanup_1000-genome_0_local JOB_SUCCESS 0 local - 420
1644649469 cleanup_1000-genome_0_local POST_SCRIPT_STARTED 2668.0 local - 420
1644649469 cleanup_1000-genome_0_local POST_SCRIPT_TERMINATED 2668.0 local - 420
1644649474 cleanup_1000-genome_0_local POST_SCRIPT_SUCCESS 0 local - 420
1644649474 INTERNAL *** DAGMAN_FINISHED 0 ***
1644649475 INTERNAL *** MONITORD_FINISHED 0 ***
