1646457630 INTERNAL *** MONITORD_STARTED ***
1646457628 INTERNAL *** DAGMAN_STARTED 4278.0 ***
1646457632 create_dir_1000-genome_0_local SUBMIT 4279.0 local - 401
1646457634 create_dir_1000-genome_0_local EXECUTE 4279.0 local - 401
1646457637 create_dir_1000-genome_0_local JOB_TERMINATED 4279.0 local - 401
1646457637 create_dir_1000-genome_0_local JOB_SUCCESS 0 local - 401
1646457637 create_dir_1000-genome_0_local POST_SCRIPT_STARTED 4279.0 local - 401
1646457638 create_dir_1000-genome_0_local POST_SCRIPT_TERMINATED 4279.0 local - 401
1646457642 create_dir_1000-genome_0_local POST_SCRIPT_SUCCESS 0 local - 401
1646457647 stage_in_remote_local_2_0 SUBMIT 4280.0 local - 402
1646457647 stage_in_remote_local_2_0 EXECUTE 4280.0 local - 402
1646457647 stage_in_remote_local_1_0 SUBMIT 4281.0 local - 403
1646457647 stage_in_remote_local_0_0 SUBMIT 4282.0 local - 404
1646457647 stage_in_local_local_0_0 SUBMIT 4283.0 local - 405
1646457647 stage_in_local_local_2_0 SUBMIT 4284.0 local - 406
1646457649 stage_in_remote_local_2_0 JOB_TERMINATED 4280.0 local - 402
1646457652 stage_in_remote_local_2_0 JOB_SUCCESS 0 local - 402
1646457652 stage_in_remote_local_2_0 POST_SCRIPT_STARTED 4280.0 local - 402
1646457649 stage_in_local_local_2_0 EXECUTE 4284.0 local - 406
1646457649 stage_in_local_local_0_0 EXECUTE 4283.0 local - 405
1646457649 stage_in_remote_local_0_0 EXECUTE 4282.0 local - 404
1646457649 stage_in_remote_local_1_0 EXECUTE 4281.0 local - 403
1646457651 stage_in_local_local_0_0 JOB_TERMINATED 4283.0 local - 405
1646457652 stage_in_local_local_0_0 JOB_SUCCESS 0 local - 405
1646457652 stage_in_local_local_0_0 POST_SCRIPT_STARTED 4283.0 local - 405
1646457651 stage_in_remote_local_1_0 JOB_TERMINATED 4281.0 local - 403
1646457652 stage_in_remote_local_1_0 JOB_SUCCESS 0 local - 403
1646457652 stage_in_remote_local_1_0 POST_SCRIPT_STARTED 4281.0 local - 403
1646457651 stage_in_remote_local_0_0 JOB_TERMINATED 4282.0 local - 404
1646457652 stage_in_remote_local_0_0 JOB_SUCCESS 0 local - 404
1646457652 stage_in_remote_local_0_0 POST_SCRIPT_STARTED 4282.0 local - 404
1646457652 stage_in_remote_local_0_1 SUBMIT 4285.0 local - 407
1646457652 stage_in_local_local_0_1 SUBMIT 4286.0 local - 408
1646457652 stage_in_local_local_2_1 SUBMIT 4287.0 local - 409
1646457652 stage_in_remote_local_2_1 SUBMIT 4288.0 local - 410
1646457652 stage_in_local_local_0_2 SUBMIT 4289.0 local - 411
1646457652 stage_in_remote_local_0_0 POST_SCRIPT_TERMINATED 4282.0 local - 404
1646457657 stage_in_remote_local_0_0 POST_SCRIPT_SUCCESS 0 local - 404
1646457652 stage_in_remote_local_1_0 POST_SCRIPT_TERMINATED 4281.0 local - 403
1646457657 stage_in_remote_local_1_0 POST_SCRIPT_SUCCESS 0 local - 403
1646457652 stage_in_remote_local_2_0 POST_SCRIPT_TERMINATED 4280.0 local - 402
1646457657 stage_in_remote_local_2_0 POST_SCRIPT_SUCCESS 0 local - 402
1646457652 stage_in_local_local_0_0 POST_SCRIPT_TERMINATED 4283.0 local - 405
1646457657 stage_in_local_local_0_0 POST_SCRIPT_SUCCESS 0 local - 405
1646457653 stage_in_local_local_2_0 JOB_TERMINATED 4284.0 local - 406
1646457657 stage_in_local_local_2_0 JOB_SUCCESS 0 local - 406
1646457657 stage_in_local_local_2_0 POST_SCRIPT_STARTED 4284.0 local - 406
1646457653 stage_in_local_local_0_2 EXECUTE 4289.0 local - 411
1646457653 stage_in_remote_local_2_1 EXECUTE 4288.0 local - 410
1646457653 stage_in_local_local_2_1 EXECUTE 4287.0 local - 409
1646457653 stage_in_local_local_0_1 EXECUTE 4286.0 local - 408
1646457653 stage_in_remote_local_0_1 EXECUTE 4285.0 local - 407
1646457655 stage_in_local_local_0_2 JOB_TERMINATED 4289.0 local - 411
1646457657 stage_in_local_local_0_2 JOB_SUCCESS 0 local - 411
1646457657 stage_in_local_local_0_2 POST_SCRIPT_STARTED 4289.0 local - 411
1646457655 stage_in_remote_local_2_1 JOB_TERMINATED 4288.0 local - 410
1646457657 stage_in_remote_local_2_1 JOB_SUCCESS 0 local - 410
1646457657 stage_in_remote_local_2_1 POST_SCRIPT_STARTED 4288.0 local - 410
1646457656 stage_in_remote_local_0_1 JOB_TERMINATED 4285.0 local - 407
1646457657 stage_in_remote_local_0_1 JOB_SUCCESS 0 local - 407
1646457657 stage_in_remote_local_0_1 POST_SCRIPT_STARTED 4285.0 local - 407
1646457656 stage_in_local_local_0_1 JOB_TERMINATED 4286.0 local - 408
1646457657 stage_in_local_local_0_1 JOB_SUCCESS 0 local - 408
1646457657 stage_in_local_local_0_1 POST_SCRIPT_STARTED 4286.0 local - 408
1646457657 stage_in_local_local_2_1 JOB_TERMINATED 4287.0 local - 409
1646457662 stage_in_local_local_2_1 JOB_SUCCESS 0 local - 409
1646457662 stage_in_local_local_2_1 POST_SCRIPT_STARTED 4287.0 local - 409
1646457657 stage_in_remote_local_2_1 POST_SCRIPT_TERMINATED 4288.0 local - 410
1646457662 stage_in_remote_local_2_1 POST_SCRIPT_SUCCESS 0 local - 410
1646457657 stage_in_local_local_2_0 POST_SCRIPT_TERMINATED 4284.0 local - 406
1646457662 stage_in_local_local_2_0 POST_SCRIPT_SUCCESS 0 local - 406
1646457657 stage_in_remote_local_0_1 POST_SCRIPT_TERMINATED 4285.0 local - 407
1646457662 stage_in_remote_local_0_1 POST_SCRIPT_SUCCESS 0 local - 407
1646457657 stage_in_local_local_0_1 POST_SCRIPT_TERMINATED 4286.0 local - 408
1646457662 stage_in_local_local_0_1 POST_SCRIPT_SUCCESS 0 local - 408
1646457658 stage_in_local_local_0_2 POST_SCRIPT_TERMINATED 4289.0 local - 411
1646457662 stage_in_local_local_0_2 POST_SCRIPT_SUCCESS 0 local - 411
1646457662 stage_in_local_local_2_1 POST_SCRIPT_TERMINATED 4287.0 local - 409
1646457667 stage_in_local_local_2_1 POST_SCRIPT_SUCCESS 0 local - 409
1646457667 individuals_ID0000037 SUBMIT 4290.0 condorpool - 412
1646457667 individuals_ID0000038 SUBMIT 4291.0 condorpool - 413
1646457667 individuals_ID0000039 SUBMIT 4292.0 condorpool - 414
1646457667 individuals_ID0000033 SUBMIT 4293.0 condorpool - 415
1646457667 individuals_ID0000034 SUBMIT 4294.0 condorpool - 416
1646457672 individuals_ID0000035 SUBMIT 4295.0 condorpool - 417
1646457672 individuals_ID0000036 SUBMIT 4296.0 condorpool - 418
1646457672 individuals_ID0000030 SUBMIT 4297.0 condorpool - 419
1646457672 individuals_ID0000031 SUBMIT 4298.0 condorpool - 420
1646457672 individuals_ID0000032 SUBMIT 4299.0 condorpool - 421
1646457672 individuals_ID0000034 EXECUTE 4294.0 condorpool - 416
1646457673 individuals_ID0000038 EXECUTE 4291.0 condorpool - 413
1646457674 individuals_ID0000033 EXECUTE 4293.0 condorpool - 415
1646457675 individuals_ID0000037 EXECUTE 4290.0 condorpool - 412
1646457675 individuals_ID0000039 EXECUTE 4292.0 condorpool - 414
1646457677 individuals_ID0000004 SUBMIT 4300.0 condorpool - 422
1646457677 individuals_ID0000048 SUBMIT 4301.0 condorpool - 423
1646457677 individuals_ID0000005 SUBMIT 4302.0 condorpool - 424
1646457677 individuals_ID0000049 SUBMIT 4303.0 condorpool - 425
1646457677 individuals_ID0000006 SUBMIT 4304.0 condorpool - 426
1646457682 individuals_ID0000007 SUBMIT 4305.0 condorpool - 427
1646457682 individuals_ID0000044 SUBMIT 4306.0 condorpool - 428
1646457682 individuals_ID0000001 SUBMIT 4307.0 condorpool - 429
1646457683 individuals_ID0000045 SUBMIT 4308.0 condorpool - 430
1646457683 individuals_ID0000002 SUBMIT 4309.0 condorpool - 431
1646457688 individuals_ID0000046 SUBMIT 4310.0 condorpool - 432
1646457688 individuals_ID0000003 SUBMIT 4311.0 condorpool - 433
1646457688 individuals_ID0000047 SUBMIT 4312.0 condorpool - 434
1646457688 individuals_ID0000008 SUBMIT 4313.0 condorpool - 435
1646457688 individuals_ID0000009 SUBMIT 4314.0 condorpool - 436
1646457693 individuals_ID0000040 SUBMIT 4315.0 condorpool - 437
1646457693 individuals_ID0000041 SUBMIT 4316.0 condorpool - 438
1646457693 individuals_ID0000042 SUBMIT 4317.0 condorpool - 439
1646457693 individuals_ID0000043 SUBMIT 4318.0 condorpool - 440
1646457693 individuals_ID0000015 SUBMIT 4319.0 condorpool - 441
1646457695 individuals_ID0000048 EXECUTE 4301.0 condorpool - 423
1646457696 individuals_ID0000036 EXECUTE 4296.0 condorpool - 418
1646457696 individuals_ID0000035 EXECUTE 4295.0 condorpool - 417
1646457696 individuals_ID0000031 EXECUTE 4298.0 condorpool - 420
1646457696 individuals_ID0000032 EXECUTE 4299.0 condorpool - 421
1646457696 individuals_ID0000030 EXECUTE 4297.0 condorpool - 419
1646457696 individuals_ID0000004 EXECUTE 4300.0 condorpool - 422
1646457698 individuals_ID0000016 SUBMIT 4320.0 condorpool - 442
1646457698 individuals_ID0000017 SUBMIT 4321.0 condorpool - 443
1646457698 individuals_ID0000018 SUBMIT 4322.0 condorpool - 444
1646457698 individuals_ID0000011 SUBMIT 4323.0 condorpool - 445
1646457698 individuals_ID0000012 SUBMIT 4324.0 condorpool - 446
1646457703 individuals_ID0000013 SUBMIT 4325.0 condorpool - 447
1646457703 individuals_ID0000014 SUBMIT 4326.0 condorpool - 448
1646457703 individuals_ID0000019 SUBMIT 4327.0 condorpool - 449
1646457704 individuals_ID0000010 SUBMIT 4328.0 condorpool - 450
1646457704 individuals_ID0000050 SUBMIT 4329.0 condorpool - 451
1646457709 individuals_ID0000026 SUBMIT 4330.0 condorpool - 452
1646457709 individuals_ID0000027 SUBMIT 4331.0 condorpool - 453
1646457709 individuals_ID0000028 SUBMIT 4332.0 condorpool - 454
1646457709 individuals_ID0000029 SUBMIT 4333.0 condorpool - 455
1646457709 individuals_ID0000022 SUBMIT 4334.0 condorpool - 456
1646457714 individuals_ID0000023 SUBMIT 4335.0 condorpool - 457
1646457714 individuals_ID0000024 SUBMIT 4336.0 condorpool - 458
1646457714 individuals_ID0000025 SUBMIT 4337.0 condorpool - 459
1646457714 individuals_ID0000020 SUBMIT 4338.0 condorpool - 460
1646457714 individuals_ID0000021 SUBMIT 4339.0 condorpool - 461
1646457719 sifting_ID0000052 SUBMIT 4340.0 condorpool - 462
1646458057 individuals_ID0000048 JOB_TERMINATED 4301.0 condorpool - 423
1646458059 individuals_ID0000048 JOB_SUCCESS 0 condorpool - 423
1646458059 individuals_ID0000048 POST_SCRIPT_STARTED 4301.0 condorpool - 423
1646458058 individuals_ID0000032 JOB_TERMINATED 4299.0 condorpool - 421
1646458059 individuals_ID0000032 JOB_SUCCESS 0 condorpool - 421
1646458059 individuals_ID0000032 POST_SCRIPT_STARTED 4299.0 condorpool - 421
1646458060 individuals_ID0000032 POST_SCRIPT_TERMINATED 4299.0 condorpool - 421
1646458064 individuals_ID0000032 POST_SCRIPT_SUCCESS 0 condorpool - 421
1646458060 individuals_ID0000048 POST_SCRIPT_TERMINATED 4301.0 condorpool - 423
1646458064 individuals_ID0000048 POST_SCRIPT_SUCCESS 0 condorpool - 423
1646458060 individuals_ID0000005 EXECUTE 4302.0 condorpool - 424
1646458062 individuals_ID0000049 EXECUTE 4303.0 condorpool - 425
1646458062 individuals_ID0000031 JOB_TERMINATED 4298.0 condorpool - 420
1646458064 individuals_ID0000031 JOB_SUCCESS 0 condorpool - 420
1646458064 individuals_ID0000031 POST_SCRIPT_STARTED 4298.0 condorpool - 420
1646458062 individuals_ID0000004 JOB_TERMINATED 4300.0 condorpool - 422
1646458064 individuals_ID0000004 JOB_SUCCESS 0 condorpool - 422
1646458064 individuals_ID0000004 POST_SCRIPT_STARTED 4300.0 condorpool - 422
1646458064 individuals_ID0000031 POST_SCRIPT_TERMINATED 4298.0 condorpool - 420
1646458069 individuals_ID0000031 POST_SCRIPT_SUCCESS 0 condorpool - 420
1646458064 individuals_ID0000004 POST_SCRIPT_TERMINATED 4300.0 condorpool - 422
1646458069 individuals_ID0000004 POST_SCRIPT_SUCCESS 0 condorpool - 422
1646458067 individuals_ID0000007 EXECUTE 4305.0 condorpool - 427
1646458067 individuals_ID0000006 EXECUTE 4304.0 condorpool - 426
1646458150 individuals_ID0000037 JOB_TERMINATED 4290.0 condorpool - 412
1646458154 individuals_ID0000037 JOB_SUCCESS 0 condorpool - 412
1646458154 individuals_ID0000037 POST_SCRIPT_STARTED 4290.0 condorpool - 412
1646458151 individuals_ID0000033 JOB_TERMINATED 4293.0 condorpool - 415
1646458154 individuals_ID0000033 JOB_SUCCESS 0 condorpool - 415
1646458154 individuals_ID0000033 POST_SCRIPT_STARTED 4293.0 condorpool - 415
1646458153 individuals_ID0000044 EXECUTE 4306.0 condorpool - 428
1646458155 individuals_ID0000037 POST_SCRIPT_TERMINATED 4290.0 condorpool - 412
1646458159 individuals_ID0000037 POST_SCRIPT_SUCCESS 0 condorpool - 412
1646458155 individuals_ID0000033 POST_SCRIPT_TERMINATED 4293.0 condorpool - 415
1646458159 individuals_ID0000033 POST_SCRIPT_SUCCESS 0 condorpool - 415
1646458155 individuals_ID0000001 EXECUTE 4307.0 condorpool - 429
1646458155 individuals_ID0000038 JOB_TERMINATED 4291.0 condorpool - 413
1646458159 individuals_ID0000038 JOB_SUCCESS 0 condorpool - 413
1646458159 individuals_ID0000038 POST_SCRIPT_STARTED 4291.0 condorpool - 413
1646458156 individuals_ID0000039 JOB_TERMINATED 4292.0 condorpool - 414
1646458159 individuals_ID0000039 JOB_SUCCESS 0 condorpool - 414
1646458159 individuals_ID0000039 POST_SCRIPT_STARTED 4292.0 condorpool - 414
1646458159 individuals_ID0000038 POST_SCRIPT_TERMINATED 4291.0 condorpool - 413
1646458164 individuals_ID0000038 POST_SCRIPT_SUCCESS 0 condorpool - 413
1646458159 individuals_ID0000039 POST_SCRIPT_TERMINATED 4292.0 condorpool - 414
1646458164 individuals_ID0000039 POST_SCRIPT_SUCCESS 0 condorpool - 414
1646458160 individuals_ID0000045 EXECUTE 4308.0 condorpool - 430
1646458160 individuals_ID0000002 EXECUTE 4309.0 condorpool - 431
1646458200 individuals_ID0000034 JOB_TERMINATED 4294.0 condorpool - 416
1646458204 individuals_ID0000034 JOB_SUCCESS 0 condorpool - 416
1646458204 individuals_ID0000034 POST_SCRIPT_STARTED 4294.0 condorpool - 416
1646458204 individuals_ID0000046 EXECUTE 4310.0 condorpool - 432
1646458204 individuals_ID0000034 POST_SCRIPT_TERMINATED 4294.0 condorpool - 416
1646458209 individuals_ID0000034 POST_SCRIPT_SUCCESS 0 condorpool - 416
1646458227 individuals_ID0000036 JOB_TERMINATED 4296.0 condorpool - 418
1646458229 individuals_ID0000036 JOB_SUCCESS 0 condorpool - 418
1646458229 individuals_ID0000036 POST_SCRIPT_STARTED 4296.0 condorpool - 418
1646458230 individuals_ID0000036 POST_SCRIPT_TERMINATED 4296.0 condorpool - 418
1646458234 individuals_ID0000036 POST_SCRIPT_SUCCESS 0 condorpool - 418
1646458231 individuals_ID0000003 EXECUTE 4311.0 condorpool - 433
1646458231 individuals_ID0000035 JOB_TERMINATED 4295.0 condorpool - 417
1646458234 individuals_ID0000035 JOB_SUCCESS 0 condorpool - 417
1646458234 individuals_ID0000035 POST_SCRIPT_STARTED 4295.0 condorpool - 417
1646458231 individuals_ID0000030 JOB_TERMINATED 4297.0 condorpool - 419
1646458234 individuals_ID0000030 JOB_SUCCESS 0 condorpool - 419
1646458234 individuals_ID0000030 POST_SCRIPT_STARTED 4297.0 condorpool - 419
1646458234 individuals_ID0000035 POST_SCRIPT_TERMINATED 4295.0 condorpool - 417
1646458239 individuals_ID0000035 POST_SCRIPT_SUCCESS 0 condorpool - 417
1646458234 individuals_ID0000030 POST_SCRIPT_TERMINATED 4297.0 condorpool - 419
1646458239 individuals_ID0000030 POST_SCRIPT_SUCCESS 0 condorpool - 419
1646458237 individuals_ID0000047 EXECUTE 4312.0 condorpool - 434
1646458237 individuals_ID0000008 EXECUTE 4313.0 condorpool - 435
1646458247 individuals_ID0000001 JOB_TERMINATED 4307.0 condorpool - 429
1646458249 individuals_ID0000001 JOB_SUCCESS 0 condorpool - 429
1646458249 individuals_ID0000001 POST_SCRIPT_STARTED 4307.0 condorpool - 429
1646458249 individuals_ID0000001 POST_SCRIPT_TERMINATED 4307.0 condorpool - 429
1646458254 individuals_ID0000001 POST_SCRIPT_SUCCESS 0 condorpool - 429
1646458252 individuals_ID0000009 EXECUTE 4314.0 condorpool - 436
1646458455 individuals_ID0000049 JOB_TERMINATED 4303.0 condorpool - 425
1646458455 individuals_ID0000049 JOB_SUCCESS 0 condorpool - 425
1646458455 individuals_ID0000049 POST_SCRIPT_STARTED 4303.0 condorpool - 425
1646458455 individuals_ID0000049 POST_SCRIPT_TERMINATED 4303.0 condorpool - 425
1646458460 individuals_ID0000049 POST_SCRIPT_SUCCESS 0 condorpool - 425
1646458456 individuals_ID0000005 JOB_TERMINATED 4302.0 condorpool - 424
1646458460 individuals_ID0000005 JOB_SUCCESS 0 condorpool - 424
1646458460 individuals_ID0000005 POST_SCRIPT_STARTED 4302.0 condorpool - 424
1646458457 individuals_ID0000007 JOB_TERMINATED 4305.0 condorpool - 427
1646458460 individuals_ID0000007 JOB_SUCCESS 0 condorpool - 427
1646458460 individuals_ID0000007 POST_SCRIPT_STARTED 4305.0 condorpool - 427
1646458458 individuals_ID0000040 EXECUTE 4315.0 condorpool - 437
1646458460 individuals_ID0000041 EXECUTE 4316.0 condorpool - 438
1646458460 individuals_ID0000007 POST_SCRIPT_TERMINATED 4305.0 condorpool - 427
1646458465 individuals_ID0000007 POST_SCRIPT_SUCCESS 0 condorpool - 427
1646458460 individuals_ID0000005 POST_SCRIPT_TERMINATED 4302.0 condorpool - 424
1646458465 individuals_ID0000005 POST_SCRIPT_SUCCESS 0 condorpool - 424
1646458462 individuals_ID0000042 EXECUTE 4317.0 condorpool - 439
1646458465 individuals_ID0000006 JOB_TERMINATED 4304.0 condorpool - 426
1646458465 individuals_ID0000006 JOB_SUCCESS 0 condorpool - 426
1646458465 individuals_ID0000006 POST_SCRIPT_STARTED 4304.0 condorpool - 426
1646458466 individuals_ID0000006 POST_SCRIPT_TERMINATED 4304.0 condorpool - 426
1646458470 individuals_ID0000006 POST_SCRIPT_SUCCESS 0 condorpool - 426
1646458469 individuals_ID0000043 EXECUTE 4318.0 condorpool - 440
1646458582 individuals_ID0000002 JOB_TERMINATED 4309.0 condorpool - 431
1646458585 individuals_ID0000002 JOB_SUCCESS 0 condorpool - 431
1646458585 individuals_ID0000002 POST_SCRIPT_STARTED 4309.0 condorpool - 431
1646458585 individuals_ID0000002 POST_SCRIPT_TERMINATED 4309.0 condorpool - 431
1646458590 individuals_ID0000002 POST_SCRIPT_SUCCESS 0 condorpool - 431
1646458586 individuals_ID0000015 EXECUTE 4319.0 condorpool - 441
1646458666 individuals_ID0000044 JOB_TERMINATED 4306.0 condorpool - 428
1646458670 individuals_ID0000044 JOB_SUCCESS 0 condorpool - 428
1646458670 individuals_ID0000044 POST_SCRIPT_STARTED 4306.0 condorpool - 428
1646458670 individuals_ID0000016 EXECUTE 4320.0 condorpool - 442
1646458671 individuals_ID0000044 POST_SCRIPT_TERMINATED 4306.0 condorpool - 428
1646458675 individuals_ID0000044 POST_SCRIPT_SUCCESS 0 condorpool - 428
1646458676 individuals_ID0000045 JOB_TERMINATED 4308.0 condorpool - 430
1646458680 individuals_ID0000045 JOB_SUCCESS 0 condorpool - 430
1646458680 individuals_ID0000045 POST_SCRIPT_STARTED 4308.0 condorpool - 430
1646458680 individuals_ID0000045 POST_SCRIPT_TERMINATED 4308.0 condorpool - 430
1646458685 individuals_ID0000045 POST_SCRIPT_SUCCESS 0 condorpool - 430
1646458681 individuals_ID0000017 EXECUTE 4321.0 condorpool - 443
1646458762 individuals_ID0000046 JOB_TERMINATED 4310.0 condorpool - 432
1646458765 individuals_ID0000046 JOB_SUCCESS 0 condorpool - 432
1646458765 individuals_ID0000046 POST_SCRIPT_STARTED 4310.0 condorpool - 432
1646458765 individuals_ID0000046 POST_SCRIPT_TERMINATED 4310.0 condorpool - 432
1646458770 individuals_ID0000046 POST_SCRIPT_SUCCESS 0 condorpool - 432
1646458766 individuals_ID0000018 EXECUTE 4322.0 condorpool - 444
1646458784 individuals_ID0000009 JOB_TERMINATED 4314.0 condorpool - 436
1646458785 individuals_ID0000009 JOB_SUCCESS 0 condorpool - 436
1646458785 individuals_ID0000009 POST_SCRIPT_STARTED 4314.0 condorpool - 436
1646458786 individuals_ID0000009 POST_SCRIPT_TERMINATED 4314.0 condorpool - 436
1646458790 individuals_ID0000009 POST_SCRIPT_SUCCESS 0 condorpool - 436
1646458788 individuals_ID0000011 EXECUTE 4323.0 condorpool - 445
1646458811 individuals_ID0000003 JOB_TERMINATED 4311.0 condorpool - 433
1646458815 individuals_ID0000003 JOB_SUCCESS 0 condorpool - 433
1646458815 individuals_ID0000003 POST_SCRIPT_STARTED 4311.0 condorpool - 433
1646458815 individuals_ID0000008 JOB_TERMINATED 4313.0 condorpool - 435
1646458820 individuals_ID0000008 JOB_SUCCESS 0 condorpool - 435
1646458820 individuals_ID0000008 POST_SCRIPT_STARTED 4313.0 condorpool - 435
1646458815 individuals_ID0000012 EXECUTE 4324.0 condorpool - 446
1646458815 individuals_ID0000003 POST_SCRIPT_TERMINATED 4311.0 condorpool - 433
1646458820 individuals_ID0000003 POST_SCRIPT_SUCCESS 0 condorpool - 433
1646458815 individuals_ID0000047 JOB_TERMINATED 4312.0 condorpool - 434
1646458820 individuals_ID0000047 JOB_SUCCESS 0 condorpool - 434
1646458820 individuals_ID0000047 POST_SCRIPT_STARTED 4312.0 condorpool - 434
1646458820 individuals_ID0000008 POST_SCRIPT_TERMINATED 4313.0 condorpool - 435
1646458825 individuals_ID0000008 POST_SCRIPT_SUCCESS 0 condorpool - 435
1646458820 individuals_ID0000047 POST_SCRIPT_TERMINATED 4312.0 condorpool - 434
1646458825 individuals_ID0000047 POST_SCRIPT_SUCCESS 0 condorpool - 434
1646458821 individuals_ID0000013 EXECUTE 4325.0 condorpool - 447
1646458821 individuals_ID0000014 EXECUTE 4326.0 condorpool - 448
1646458858 individuals_ID0000040 JOB_TERMINATED 4315.0 condorpool - 437
1646458861 individuals_ID0000040 JOB_SUCCESS 0 condorpool - 437
1646458861 individuals_ID0000040 POST_SCRIPT_STARTED 4315.0 condorpool - 437
1646458860 individuals_ID0000042 JOB_TERMINATED 4317.0 condorpool - 439
1646458861 individuals_ID0000042 JOB_SUCCESS 0 condorpool - 439
1646458861 individuals_ID0000042 POST_SCRIPT_STARTED 4317.0 condorpool - 439
1646458861 individuals_ID0000040 POST_SCRIPT_TERMINATED 4315.0 condorpool - 437
1646458866 individuals_ID0000040 POST_SCRIPT_SUCCESS 0 condorpool - 437
1646458861 individuals_ID0000042 POST_SCRIPT_TERMINATED 4317.0 condorpool - 439
1646458866 individuals_ID0000042 POST_SCRIPT_SUCCESS 0 condorpool - 439
1646458862 individuals_ID0000019 EXECUTE 4327.0 condorpool - 449
1646458864 individuals_ID0000010 EXECUTE 4328.0 condorpool - 450
1646458866 individuals_ID0000043 JOB_TERMINATED 4318.0 condorpool - 440
1646458866 individuals_ID0000043 JOB_SUCCESS 0 condorpool - 440
1646458866 individuals_ID0000043 POST_SCRIPT_STARTED 4318.0 condorpool - 440
1646458866 individuals_ID0000043 POST_SCRIPT_TERMINATED 4318.0 condorpool - 440
1646458871 individuals_ID0000043 POST_SCRIPT_SUCCESS 0 condorpool - 440
1646458869 individuals_ID0000050 EXECUTE 4329.0 condorpool - 451
1646458871 individuals_ID0000041 JOB_TERMINATED 4316.0 condorpool - 438
1646458871 individuals_ID0000041 JOB_SUCCESS 0 condorpool - 438
1646458871 individuals_ID0000041 POST_SCRIPT_STARTED 4316.0 condorpool - 438
1646458872 individuals_ID0000041 POST_SCRIPT_TERMINATED 4316.0 condorpool - 438
1646458876 individuals_ID0000041 POST_SCRIPT_SUCCESS 0 condorpool - 438
1646458875 individuals_ID0000026 EXECUTE 4330.0 condorpool - 452
1646459099 individuals_ID0000015 JOB_TERMINATED 4319.0 condorpool - 441
1646459101 individuals_ID0000015 JOB_SUCCESS 0 condorpool - 441
1646459101 individuals_ID0000015 POST_SCRIPT_STARTED 4319.0 condorpool - 441
1646459101 individuals_ID0000015 POST_SCRIPT_TERMINATED 4319.0 condorpool - 441
1646459106 individuals_ID0000015 POST_SCRIPT_SUCCESS 0 condorpool - 441
1646459112 individuals_ID0000027 EXECUTE 4331.0 condorpool - 453
1646459209 individuals_ID0000017 JOB_TERMINATED 4321.0 condorpool - 443
1646459211 individuals_ID0000017 JOB_SUCCESS 0 condorpool - 443
1646459211 individuals_ID0000017 POST_SCRIPT_STARTED 4321.0 condorpool - 443
1646459212 individuals_ID0000017 POST_SCRIPT_TERMINATED 4321.0 condorpool - 443
1646459216 individuals_ID0000017 POST_SCRIPT_SUCCESS 0 condorpool - 443
1646459214 individuals_ID0000016 JOB_TERMINATED 4320.0 condorpool - 442
1646459216 individuals_ID0000016 JOB_SUCCESS 0 condorpool - 442
1646459216 individuals_ID0000016 POST_SCRIPT_STARTED 4320.0 condorpool - 442
1646459216 individuals_ID0000016 POST_SCRIPT_TERMINATED 4320.0 condorpool - 442
1646459221 individuals_ID0000016 POST_SCRIPT_SUCCESS 0 condorpool - 442
1646459233 individuals_ID0000029 EXECUTE 4333.0 condorpool - 455
1646459233 individuals_ID0000028 EXECUTE 4332.0 condorpool - 454
1646459263 individuals_ID0000019 JOB_TERMINATED 4327.0 condorpool - 449
1646459266 individuals_ID0000019 JOB_SUCCESS 0 condorpool - 449
1646459266 individuals_ID0000019 POST_SCRIPT_STARTED 4327.0 condorpool - 449
1646459266 individuals_ID0000026 JOB_TERMINATED 4330.0 condorpool - 452
1646459266 individuals_ID0000026 JOB_SUCCESS 0 condorpool - 452
1646459266 individuals_ID0000026 POST_SCRIPT_STARTED 4330.0 condorpool - 452
1646459266 individuals_ID0000019 POST_SCRIPT_TERMINATED 4327.0 condorpool - 449
1646459271 individuals_ID0000019 POST_SCRIPT_SUCCESS 0 condorpool - 449
1646459266 individuals_ID0000026 POST_SCRIPT_TERMINATED 4330.0 condorpool - 452
1646459271 individuals_ID0000026 POST_SCRIPT_SUCCESS 0 condorpool - 452
1646459270 individuals_ID0000010 JOB_TERMINATED 4328.0 condorpool - 450
1646459271 individuals_ID0000010 JOB_SUCCESS 0 condorpool - 450
1646459271 individuals_ID0000010 POST_SCRIPT_STARTED 4328.0 condorpool - 450
1646459272 individuals_ID0000010 POST_SCRIPT_TERMINATED 4328.0 condorpool - 450
1646459276 individuals_ID0000010 POST_SCRIPT_SUCCESS 0 condorpool - 450
1646459273 individuals_ID0000050 JOB_TERMINATED 4329.0 condorpool - 451
1646459276 individuals_ID0000050 JOB_SUCCESS 0 condorpool - 451
1646459276 individuals_ID0000050 POST_SCRIPT_STARTED 4329.0 condorpool - 451
1646459276 individuals_ID0000050 POST_SCRIPT_TERMINATED 4329.0 condorpool - 451
1646459281 individuals_ID0000050 POST_SCRIPT_SUCCESS 0 condorpool - 451
1646459295 individuals_ID0000022 EXECUTE 4334.0 condorpool - 456
1646459295 individuals_ID0000025 EXECUTE 4337.0 condorpool - 459
1646459295 individuals_ID0000024 EXECUTE 4336.0 condorpool - 458
1646459295 individuals_ID0000023 EXECUTE 4335.0 condorpool - 457
1646459322 individuals_ID0000011 JOB_TERMINATED 4323.0 condorpool - 445
1646459326 individuals_ID0000011 JOB_SUCCESS 0 condorpool - 445
1646459326 individuals_ID0000011 POST_SCRIPT_STARTED 4323.0 condorpool - 445
1646459326 individuals_ID0000011 POST_SCRIPT_TERMINATED 4323.0 condorpool - 445
1646459331 individuals_ID0000011 POST_SCRIPT_SUCCESS 0 condorpool - 445
1646459333 individuals_ID0000018 JOB_TERMINATED 4322.0 condorpool - 444
1646459336 individuals_ID0000018 JOB_SUCCESS 0 condorpool - 444
1646459336 individuals_ID0000018 POST_SCRIPT_STARTED 4322.0 condorpool - 444
1646459337 individuals_ID0000018 POST_SCRIPT_TERMINATED 4322.0 condorpool - 444
1646459341 individuals_ID0000018 POST_SCRIPT_SUCCESS 0 condorpool - 444
1646459352 individuals_ID0000020 EXECUTE 4338.0 condorpool - 460
1646459353 individuals_ID0000021 EXECUTE 4339.0 condorpool - 461
1646459393 individuals_ID0000012 JOB_TERMINATED 4324.0 condorpool - 446
1646459396 individuals_ID0000012 JOB_SUCCESS 0 condorpool - 446
1646459396 individuals_ID0000012 POST_SCRIPT_STARTED 4324.0 condorpool - 446
1646459396 individuals_ID0000012 POST_SCRIPT_TERMINATED 4324.0 condorpool - 446
1646459401 individuals_ID0000012 POST_SCRIPT_SUCCESS 0 condorpool - 446
1646459410 sifting_ID0000052 EXECUTE 4340.0 condorpool - 462
1646459410 individuals_ID0000013 JOB_TERMINATED 4325.0 condorpool - 447
1646459411 individuals_ID0000013 JOB_SUCCESS 0 condorpool - 447
1646459411 individuals_ID0000013 POST_SCRIPT_STARTED 4325.0 condorpool - 447
1646459410 individuals_ID0000014 JOB_TERMINATED 4326.0 condorpool - 448
1646459411 individuals_ID0000014 JOB_SUCCESS 0 condorpool - 448
1646459411 individuals_ID0000014 POST_SCRIPT_STARTED 4326.0 condorpool - 448
1646459411 sifting_ID0000052 JOB_TERMINATED 4340.0 condorpool - 462
1646459411 sifting_ID0000052 JOB_SUCCESS 0 condorpool - 462
1646459411 sifting_ID0000052 POST_SCRIPT_STARTED 4340.0 condorpool - 462
1646459411 sifting_ID0000052 POST_SCRIPT_TERMINATED 4340.0 condorpool - 462
1646459416 sifting_ID0000052 POST_SCRIPT_SUCCESS 0 condorpool - 462
1646459411 individuals_ID0000014 POST_SCRIPT_TERMINATED 4326.0 condorpool - 448
1646459416 individuals_ID0000014 POST_SCRIPT_SUCCESS 0 condorpool - 448
1646459411 individuals_ID0000013 POST_SCRIPT_TERMINATED 4325.0 condorpool - 447
1646459416 individuals_ID0000013 POST_SCRIPT_SUCCESS 0 condorpool - 447
1646459626 individuals_ID0000027 JOB_TERMINATED 4331.0 condorpool - 453
1646459627 individuals_ID0000027 JOB_SUCCESS 0 condorpool - 453
1646459627 individuals_ID0000027 POST_SCRIPT_STARTED 4331.0 condorpool - 453
1646459627 individuals_ID0000027 POST_SCRIPT_TERMINATED 4331.0 condorpool - 453
1646459632 individuals_ID0000027 POST_SCRIPT_SUCCESS 0 condorpool - 453
1646459680 individuals_ID0000024 JOB_TERMINATED 4336.0 condorpool - 458
1646459682 individuals_ID0000024 JOB_SUCCESS 0 condorpool - 458
1646459682 individuals_ID0000024 POST_SCRIPT_STARTED 4336.0 condorpool - 458
1646459682 individuals_ID0000024 POST_SCRIPT_TERMINATED 4336.0 condorpool - 458
1646459687 individuals_ID0000024 POST_SCRIPT_SUCCESS 0 condorpool - 458
1646459687 individuals_ID0000025 JOB_TERMINATED 4337.0 condorpool - 459
1646459687 individuals_ID0000025 JOB_SUCCESS 0 condorpool - 459
1646459687 individuals_ID0000025 POST_SCRIPT_STARTED 4337.0 condorpool - 459
1646459687 individuals_ID0000022 JOB_TERMINATED 4334.0 condorpool - 456
1646459687 individuals_ID0000022 JOB_SUCCESS 0 condorpool - 456
1646459687 individuals_ID0000022 POST_SCRIPT_STARTED 4334.0 condorpool - 456
1646459687 individuals_ID0000023 JOB_TERMINATED 4335.0 condorpool - 457
1646459687 individuals_ID0000023 JOB_SUCCESS 0 condorpool - 457
1646459687 individuals_ID0000023 POST_SCRIPT_STARTED 4335.0 condorpool - 457
1646459688 individuals_ID0000022 POST_SCRIPT_TERMINATED 4334.0 condorpool - 456
1646459692 individuals_ID0000022 POST_SCRIPT_SUCCESS 0 condorpool - 456
1646459688 individuals_ID0000025 POST_SCRIPT_TERMINATED 4337.0 condorpool - 459
1646459692 individuals_ID0000025 POST_SCRIPT_SUCCESS 0 condorpool - 459
1646459688 individuals_ID0000023 POST_SCRIPT_TERMINATED 4335.0 condorpool - 457
1646459692 individuals_ID0000023 POST_SCRIPT_SUCCESS 0 condorpool - 457
1646459718 individuals_ID0000021 JOB_TERMINATED 4339.0 condorpool - 461
1646459722 individuals_ID0000021 JOB_SUCCESS 0 condorpool - 461
1646459722 individuals_ID0000021 POST_SCRIPT_STARTED 4339.0 condorpool - 461
1646459722 individuals_ID0000021 POST_SCRIPT_TERMINATED 4339.0 condorpool - 461
1646459727 individuals_ID0000021 POST_SCRIPT_SUCCESS 0 condorpool - 461
1646459754 individuals_ID0000028 JOB_TERMINATED 4332.0 condorpool - 454
1646459757 individuals_ID0000028 JOB_SUCCESS 0 condorpool - 454
1646459757 individuals_ID0000028 POST_SCRIPT_STARTED 4332.0 condorpool - 454
1646459757 individuals_ID0000029 JOB_TERMINATED 4333.0 condorpool - 455
1646459757 individuals_ID0000029 JOB_SUCCESS 0 condorpool - 455
1646459757 individuals_ID0000029 POST_SCRIPT_STARTED 4333.0 condorpool - 455
1646459757 individuals_ID0000028 POST_SCRIPT_TERMINATED 4332.0 condorpool - 454
1646459762 individuals_ID0000028 POST_SCRIPT_SUCCESS 0 condorpool - 454
1646459757 individuals_ID0000029 POST_SCRIPT_TERMINATED 4333.0 condorpool - 455
1646459762 individuals_ID0000029 POST_SCRIPT_SUCCESS 0 condorpool - 455
1646459822 individuals_ID0000020 JOB_TERMINATED 4338.0 condorpool - 460
1646459823 individuals_ID0000020 JOB_SUCCESS 0 condorpool - 460
1646459823 individuals_ID0000020 POST_SCRIPT_STARTED 4338.0 condorpool - 460
1646459823 individuals_ID0000020 POST_SCRIPT_TERMINATED 4338.0 condorpool - 460
1646459828 individuals_ID0000020 POST_SCRIPT_SUCCESS 0 condorpool - 460
1646459833 individuals_merge_ID0000051 SUBMIT 4341.0 condorpool - 463
1646459837 individuals_merge_ID0000051 EXECUTE 4341.0 condorpool - 463
1646463851 individuals_merge_ID0000051 JOB_TERMINATED 4341.0 condorpool - 463
1646463852 individuals_merge_ID0000051 JOB_SUCCESS 0 condorpool - 463
1646463852 individuals_merge_ID0000051 POST_SCRIPT_STARTED 4341.0 condorpool - 463
1646463852 individuals_merge_ID0000051 POST_SCRIPT_TERMINATED 4341.0 condorpool - 463
1646463857 individuals_merge_ID0000051 POST_SCRIPT_SUCCESS 0 condorpool - 463
1646463862 frequency_ID0000060 SUBMIT 4342.0 condorpool - 464
1646463862 frequency_ID0000062 SUBMIT 4343.0 condorpool - 465
1646463862 mutation_overlap_ID0000053 SUBMIT 4344.0 condorpool - 466
1646463862 mutation_overlap_ID0000063 SUBMIT 4345.0 condorpool - 467
1646463862 frequency_ID0000058 SUBMIT 4346.0 condorpool - 468
1646463867 mutation_overlap_ID0000055 SUBMIT 4347.0 condorpool - 469
1646463867 mutation_overlap_ID0000065 SUBMIT 4348.0 condorpool - 470
1646463867 frequency_ID0000064 SUBMIT 4349.0 condorpool - 471
1646463867 frequency_ID0000054 SUBMIT 4350.0 condorpool - 472
1646463867 frequency_ID0000066 SUBMIT 4351.0 condorpool - 473
1646463872 mutation_overlap_ID0000061 SUBMIT 4352.0 condorpool - 474
1646463872 frequency_ID0000056 SUBMIT 4353.0 condorpool - 475
1646463872 mutation_overlap_ID0000057 SUBMIT 4354.0 condorpool - 476
1646463872 mutation_overlap_ID0000059 SUBMIT 4355.0 condorpool - 477
1646463880 frequency_ID0000066 EXECUTE 4351.0 condorpool - 473
1646463880 frequency_ID0000056 EXECUTE 4353.0 condorpool - 475
1646463880 mutation_overlap_ID0000061 EXECUTE 4352.0 condorpool - 474
1646463880 mutation_overlap_ID0000065 EXECUTE 4348.0 condorpool - 470
1646463880 frequency_ID0000058 EXECUTE 4346.0 condorpool - 468
1646463880 mutation_overlap_ID0000063 EXECUTE 4345.0 condorpool - 467
1646463880 mutation_overlap_ID0000055 EXECUTE 4347.0 condorpool - 469
1646463880 frequency_ID0000060 EXECUTE 4342.0 condorpool - 464
1646463880 frequency_ID0000062 EXECUTE 4343.0 condorpool - 465
1646463880 mutation_overlap_ID0000053 EXECUTE 4344.0 condorpool - 466
1646463880 frequency_ID0000064 EXECUTE 4349.0 condorpool - 471
1646463881 frequency_ID0000054 EXECUTE 4350.0 condorpool - 472
1646464052 mutation_overlap_ID0000065 JOB_TERMINATED 4348.0 condorpool - 470
1646464057 mutation_overlap_ID0000065 JOB_SUCCESS 0 condorpool - 470
1646464057 mutation_overlap_ID0000065 POST_SCRIPT_STARTED 4348.0 condorpool - 470
1646464057 mutation_overlap_ID0000065 POST_SCRIPT_TERMINATED 4348.0 condorpool - 470
1646464062 mutation_overlap_ID0000065 POST_SCRIPT_SUCCESS 0 condorpool - 470
1646464057 mutation_overlap_ID0000055 JOB_TERMINATED 4347.0 condorpool - 469
1646464062 mutation_overlap_ID0000055 JOB_SUCCESS 0 condorpool - 469
1646464062 mutation_overlap_ID0000055 POST_SCRIPT_STARTED 4347.0 condorpool - 469
1646464060 mutation_overlap_ID0000061 JOB_TERMINATED 4352.0 condorpool - 474
1646464062 mutation_overlap_ID0000061 JOB_SUCCESS 0 condorpool - 474
1646464062 mutation_overlap_ID0000061 POST_SCRIPT_STARTED 4352.0 condorpool - 474
1646464061 mutation_overlap_ID0000063 JOB_TERMINATED 4345.0 condorpool - 467
1646464062 mutation_overlap_ID0000063 JOB_SUCCESS 0 condorpool - 467
1646464062 mutation_overlap_ID0000063 POST_SCRIPT_STARTED 4345.0 condorpool - 467
1646464061 mutation_overlap_ID0000053 JOB_TERMINATED 4344.0 condorpool - 466
1646464062 mutation_overlap_ID0000053 JOB_SUCCESS 0 condorpool - 466
1646464062 mutation_overlap_ID0000053 POST_SCRIPT_STARTED 4344.0 condorpool - 466
1646464062 mutation_overlap_ID0000061 POST_SCRIPT_TERMINATED 4352.0 condorpool - 474
1646464067 mutation_overlap_ID0000061 POST_SCRIPT_SUCCESS 0 condorpool - 474
1646464062 mutation_overlap_ID0000053 POST_SCRIPT_TERMINATED 4344.0 condorpool - 466
1646464067 mutation_overlap_ID0000053 POST_SCRIPT_SUCCESS 0 condorpool - 466
1646464062 mutation_overlap_ID0000055 POST_SCRIPT_TERMINATED 4347.0 condorpool - 469
1646464067 mutation_overlap_ID0000055 POST_SCRIPT_SUCCESS 0 condorpool - 469
1646464062 mutation_overlap_ID0000063 POST_SCRIPT_TERMINATED 4345.0 condorpool - 467
1646464067 mutation_overlap_ID0000063 POST_SCRIPT_SUCCESS 0 condorpool - 467
1646464180 mutation_overlap_ID0000057 EXECUTE 4354.0 condorpool - 476
1646464180 mutation_overlap_ID0000059 EXECUTE 4355.0 condorpool - 477
1646464319 mutation_overlap_ID0000059 JOB_TERMINATED 4355.0 condorpool - 477
1646464322 mutation_overlap_ID0000059 JOB_SUCCESS 0 condorpool - 477
1646464322 mutation_overlap_ID0000059 POST_SCRIPT_STARTED 4355.0 condorpool - 477
1646464322 mutation_overlap_ID0000059 POST_SCRIPT_TERMINATED 4355.0 condorpool - 477
1646464327 mutation_overlap_ID0000059 POST_SCRIPT_SUCCESS 0 condorpool - 477
1646464371 mutation_overlap_ID0000057 JOB_TERMINATED 4354.0 condorpool - 476
1646464372 mutation_overlap_ID0000057 JOB_SUCCESS 0 condorpool - 476
1646464372 mutation_overlap_ID0000057 POST_SCRIPT_STARTED 4354.0 condorpool - 476
1646464373 mutation_overlap_ID0000057 POST_SCRIPT_TERMINATED 4354.0 condorpool - 476
1646464378 mutation_overlap_ID0000057 POST_SCRIPT_SUCCESS 0 condorpool - 476
1646464508 frequency_ID0000064 JOB_TERMINATED 4349.0 condorpool - 471
1646464508 frequency_ID0000064 JOB_SUCCESS 0 condorpool - 471
1646464508 frequency_ID0000064 POST_SCRIPT_STARTED 4349.0 condorpool - 471
1646464508 frequency_ID0000064 POST_SCRIPT_TERMINATED 4349.0 condorpool - 471
1646464513 frequency_ID0000064 POST_SCRIPT_SUCCESS 0 condorpool - 471
1646464509 frequency_ID0000060 JOB_TERMINATED 4342.0 condorpool - 464
1646464513 frequency_ID0000060 JOB_SUCCESS 0 condorpool - 464
1646464513 frequency_ID0000060 POST_SCRIPT_STARTED 4342.0 condorpool - 464
1646464512 frequency_ID0000058 JOB_TERMINATED 4346.0 condorpool - 468
1646464513 frequency_ID0000058 JOB_SUCCESS 0 condorpool - 468
1646464513 frequency_ID0000058 POST_SCRIPT_STARTED 4346.0 condorpool - 468
1646464514 frequency_ID0000060 POST_SCRIPT_TERMINATED 4342.0 condorpool - 464
1646464518 frequency_ID0000060 POST_SCRIPT_SUCCESS 0 condorpool - 464
1646464514 frequency_ID0000058 POST_SCRIPT_TERMINATED 4346.0 condorpool - 468
1646464518 frequency_ID0000058 POST_SCRIPT_SUCCESS 0 condorpool - 468
1646464523 frequency_ID0000062 JOB_TERMINATED 4343.0 condorpool - 465
1646464523 frequency_ID0000062 JOB_SUCCESS 0 condorpool - 465
1646464523 frequency_ID0000062 POST_SCRIPT_STARTED 4343.0 condorpool - 465
1646464523 frequency_ID0000062 POST_SCRIPT_TERMINATED 4343.0 condorpool - 465
1646464528 frequency_ID0000062 POST_SCRIPT_SUCCESS 0 condorpool - 465
1646464539 frequency_ID0000066 JOB_TERMINATED 4351.0 condorpool - 473
1646464543 frequency_ID0000066 JOB_SUCCESS 0 condorpool - 473
1646464543 frequency_ID0000066 POST_SCRIPT_STARTED 4351.0 condorpool - 473
1646464544 frequency_ID0000066 POST_SCRIPT_TERMINATED 4351.0 condorpool - 473
1646464548 frequency_ID0000066 POST_SCRIPT_SUCCESS 0 condorpool - 473
1646464565 frequency_ID0000056 JOB_TERMINATED 4353.0 condorpool - 475
1646464568 frequency_ID0000056 JOB_SUCCESS 0 condorpool - 475
1646464568 frequency_ID0000056 POST_SCRIPT_STARTED 4353.0 condorpool - 475
1646464568 frequency_ID0000056 POST_SCRIPT_TERMINATED 4353.0 condorpool - 475
1646464573 frequency_ID0000056 POST_SCRIPT_SUCCESS 0 condorpool - 475
1646464578 stage_out_local_local_2_1 SUBMIT 4356.0 local - 478
1646464578 stage_out_local_local_2_1 EXECUTE 4356.0 local - 478
1646464583 stage_out_local_local_2_1 JOB_TERMINATED 4356.0 local - 478
1646464583 stage_out_local_local_2_1 JOB_SUCCESS 0 local - 478
1646464583 stage_out_local_local_2_1 POST_SCRIPT_STARTED 4356.0 local - 478
1646464584 stage_out_local_local_2_1 POST_SCRIPT_TERMINATED 4356.0 local - 478
1646464588 stage_out_local_local_2_1 POST_SCRIPT_SUCCESS 0 local - 478
1646464588 frequency_ID0000054 JOB_TERMINATED 4350.0 condorpool - 472
1646464593 frequency_ID0000054 JOB_SUCCESS 0 condorpool - 472
1646464593 frequency_ID0000054 POST_SCRIPT_STARTED 4350.0 condorpool - 472
1646464593 frequency_ID0000054 POST_SCRIPT_TERMINATED 4350.0 condorpool - 472
1646464598 frequency_ID0000054 POST_SCRIPT_SUCCESS 0 condorpool - 472
1646464603 stage_out_local_local_2_0 SUBMIT 4357.0 local - 479
1646464603 stage_out_local_local_2_0 EXECUTE 4357.0 local - 479
1646464607 stage_out_local_local_2_0 JOB_TERMINATED 4357.0 local - 479
1646464608 stage_out_local_local_2_0 JOB_SUCCESS 0 local - 479
1646464608 stage_out_local_local_2_0 POST_SCRIPT_STARTED 4357.0 local - 479
1646464608 stage_out_local_local_2_0 POST_SCRIPT_TERMINATED 4357.0 local - 479
1646464613 stage_out_local_local_2_0 POST_SCRIPT_SUCCESS 0 local - 479
1646464618 cleanup_1000-genome_0_local SUBMIT 4358.0 local - 480
1646464618 cleanup_1000-genome_0_local EXECUTE 4358.0 local - 480
1646464621 cleanup_1000-genome_0_local JOB_TERMINATED 4358.0 local - 480
1646464623 cleanup_1000-genome_0_local JOB_SUCCESS 0 local - 480
1646464623 cleanup_1000-genome_0_local POST_SCRIPT_STARTED 4358.0 local - 480
1646464624 cleanup_1000-genome_0_local POST_SCRIPT_TERMINATED 4358.0 local - 480
1646464628 cleanup_1000-genome_0_local POST_SCRIPT_SUCCESS 0 local - 480
1646464628 INTERNAL *** DAGMAN_FINISHED 0 ***
1646464629 INTERNAL *** MONITORD_FINISHED 0 ***
