000 (470.000.000) 02/14 00:32:25 Job submitted from host: <192.168.5.10:9618?addrs=192.168.5.10-9618+[--1]-9618&noUDP&sock=2698_7f03_4>
    DAG Node: create_dir_1000-genome_0_local
    pool:local
...
001 (470.000.000) 02/14 00:32:26 Job executing on host: <192.168.5.10:9618?addrs=192.168.5.10-9618+[--1]-9618&noUDP&sock=2749_ab49_368>
...
005 (470.000.000) 02/14 00:32:28 Job terminated.
	(1) Normal termination (return value 0)
		Usr 0 00:00:00, Sys 0 00:00:00  -  Run Remote Usage
		Usr 0 00:00:00, Sys 0 00:00:00  -  Run Local Usage
		Usr 0 00:00:00, Sys 0 00:00:00  -  Total Remote Usage
		Usr 0 00:00:00, Sys 0 00:00:00  -  Total Local Usage
	0  -  Run Bytes Sent By Job
	0  -  Run Bytes Received By Job
	0  -  Total Bytes Sent By Job
	0  -  Total Bytes Received By Job
...
000 (471.000.000) 02/14 00:32:40 Job submitted from host: <192.168.5.10:9618?addrs=192.168.5.10-9618+[--1]-9618&noUDP&sock=2698_7f03_4>
    DAG Node: stage_in_remote_local_2_0
    pool:local
...
001 (471.000.000) 02/14 00:32:40 Job executing on host: <192.168.5.10:9618?addrs=192.168.5.10-9618+[--1]-9618&noUDP&sock=2749_ab49_369>
...
000 (472.000.000) 02/14 00:32:40 Job submitted from host: <192.168.5.10:9618?addrs=192.168.5.10-9618+[--1]-9618&noUDP&sock=2698_7f03_4>
    DAG Node: stage_in_remote_local_1_0
    pool:local
...
000 (473.000.000) 02/14 00:32:40 Job submitted from host: <192.168.5.10:9618?addrs=192.168.5.10-9618+[--1]-9618&noUDP&sock=2698_7f03_4>
    DAG Node: stage_in_remote_local_0_0
    pool:local
...
000 (474.000.000) 02/14 00:32:40 Job submitted from host: <192.168.5.10:9618?addrs=192.168.5.10-9618+[--1]-9618&noUDP&sock=2698_7f03_4>
    DAG Node: stage_in_local_local_0_0
    pool:local
...
000 (475.000.000) 02/14 00:32:40 Job submitted from host: <192.168.5.10:9618?addrs=192.168.5.10-9618+[--1]-9618&noUDP&sock=2698_7f03_4>
    DAG Node: stage_in_local_local_2_0
    pool:local
...
005 (471.000.000) 02/14 00:32:42 Job terminated.
	(1) Normal termination (return value 0)
		Usr 0 00:00:00, Sys 0 00:00:00  -  Run Remote Usage
		Usr 0 00:00:00, Sys 0 00:00:00  -  Run Local Usage
		Usr 0 00:00:00, Sys 0 00:00:00  -  Total Remote Usage
		Usr 0 00:00:00, Sys 0 00:00:00  -  Total Local Usage
	0  -  Run Bytes Sent By Job
	0  -  Run Bytes Received By Job
	0  -  Total Bytes Sent By Job
	0  -  Total Bytes Received By Job
...
001 (473.000.000) 02/14 00:32:43 Job executing on host: <192.168.5.10:9618?addrs=192.168.5.10-9618+[--1]-9618&noUDP&sock=2749_ab49_370>
...
001 (472.000.000) 02/14 00:32:43 Job executing on host: <192.168.5.10:9618?addrs=192.168.5.10-9618+[--1]-9618&noUDP&sock=2749_ab49_371>
...
001 (475.000.000) 02/14 00:32:43 Job executing on host: <192.168.5.10:9618?addrs=192.168.5.10-9618+[--1]-9618&noUDP&sock=2749_ab49_372>
...
001 (474.000.000) 02/14 00:32:43 Job executing on host: <192.168.5.10:9618?addrs=192.168.5.10-9618+[--1]-9618&noUDP&sock=2749_ab49_373>
...
005 (474.000.000) 02/14 00:32:45 Job terminated.
	(1) Normal termination (return value 0)
		Usr 0 00:00:00, Sys 0 00:00:00  -  Run Remote Usage
		Usr 0 00:00:00, Sys 0 00:00:00  -  Run Local Usage
		Usr 0 00:00:00, Sys 0 00:00:00  -  Total Remote Usage
		Usr 0 00:00:00, Sys 0 00:00:00  -  Total Local Usage
	0  -  Run Bytes Sent By Job
	0  -  Run Bytes Received By Job
	0  -  Total Bytes Sent By Job
	0  -  Total Bytes Received By Job
...
005 (473.000.000) 02/14 00:32:45 Job terminated.
	(1) Normal termination (return value 0)
		Usr 0 00:00:00, Sys 0 00:00:00  -  Run Remote Usage
		Usr 0 00:00:00, Sys 0 00:00:00  -  Run Local Usage
		Usr 0 00:00:00, Sys 0 00:00:00  -  Total Remote Usage
		Usr 0 00:00:00, Sys 0 00:00:00  -  Total Local Usage
	0  -  Run Bytes Sent By Job
	0  -  Run Bytes Received By Job
	0  -  Total Bytes Sent By Job
	0  -  Total Bytes Received By Job
...
005 (472.000.000) 02/14 00:32:45 Job terminated.
	(1) Normal termination (return value 0)
		Usr 0 00:00:00, Sys 0 00:00:00  -  Run Remote Usage
		Usr 0 00:00:00, Sys 0 00:00:00  -  Run Local Usage
		Usr 0 00:00:00, Sys 0 00:00:00  -  Total Remote Usage
		Usr 0 00:00:00, Sys 0 00:00:00  -  Total Local Usage
	0  -  Run Bytes Sent By Job
	0  -  Run Bytes Received By Job
	0  -  Total Bytes Sent By Job
	0  -  Total Bytes Received By Job
...
000 (476.000.000) 02/14 00:32:45 Job submitted from host: <192.168.5.10:9618?addrs=192.168.5.10-9618+[--1]-9618&noUDP&sock=2698_7f03_4>
    DAG Node: stage_in_remote_local_0_1
    pool:local
...
001 (476.000.000) 02/14 00:32:45 Job executing on host: <192.168.5.10:9618?addrs=192.168.5.10-9618+[--1]-9618&noUDP&sock=2749_ab49_374>
...
000 (477.000.000) 02/14 00:32:45 Job submitted from host: <192.168.5.10:9618?addrs=192.168.5.10-9618+[--1]-9618&noUDP&sock=2698_7f03_4>
    DAG Node: stage_in_local_local_0_1
    pool:local
...
001 (477.000.000) 02/14 00:32:45 Job executing on host: <192.168.5.10:9618?addrs=192.168.5.10-9618+[--1]-9618&noUDP&sock=2749_ab49_375>
...
000 (478.000.000) 02/14 00:32:45 Job submitted from host: <192.168.5.10:9618?addrs=192.168.5.10-9618+[--1]-9618&noUDP&sock=2698_7f03_4>
    DAG Node: stage_in_local_local_2_1
    pool:local
...
001 (478.000.000) 02/14 00:32:46 Job executing on host: <192.168.5.10:9618?addrs=192.168.5.10-9618+[--1]-9618&noUDP&sock=2749_ab49_376>
...
000 (479.000.000) 02/14 00:32:46 Job submitted from host: <192.168.5.10:9618?addrs=192.168.5.10-9618+[--1]-9618&noUDP&sock=2698_7f03_4>
    DAG Node: stage_in_remote_local_2_1
    pool:local
...
000 (480.000.000) 02/14 00:32:46 Job submitted from host: <192.168.5.10:9618?addrs=192.168.5.10-9618+[--1]-9618&noUDP&sock=2698_7f03_4>
    DAG Node: stage_in_local_local_0_2
    pool:local
...
005 (475.000.000) 02/14 00:32:47 Job terminated.
	(1) Normal termination (return value 0)
		Usr 0 00:00:00, Sys 0 00:00:00  -  Run Remote Usage
		Usr 0 00:00:00, Sys 0 00:00:00  -  Run Local Usage
		Usr 0 00:00:00, Sys 0 00:00:00  -  Total Remote Usage
		Usr 0 00:00:00, Sys 0 00:00:00  -  Total Local Usage
	0  -  Run Bytes Sent By Job
	0  -  Run Bytes Received By Job
	0  -  Total Bytes Sent By Job
	0  -  Total Bytes Received By Job
...
001 (480.000.000) 02/14 00:32:47 Job executing on host: <192.168.5.10:9618?addrs=192.168.5.10-9618+[--1]-9618&noUDP&sock=2749_ab49_377>
...
001 (479.000.000) 02/14 00:32:47 Job executing on host: <192.168.5.10:9618?addrs=192.168.5.10-9618+[--1]-9618&noUDP&sock=2749_ab49_378>
...
005 (476.000.000) 02/14 00:32:48 Job terminated.
	(1) Normal termination (return value 0)
		Usr 0 00:00:00, Sys 0 00:00:00  -  Run Remote Usage
		Usr 0 00:00:00, Sys 0 00:00:00  -  Run Local Usage
		Usr 0 00:00:00, Sys 0 00:00:00  -  Total Remote Usage
		Usr 0 00:00:00, Sys 0 00:00:00  -  Total Local Usage
	0  -  Run Bytes Sent By Job
	0  -  Run Bytes Received By Job
	0  -  Total Bytes Sent By Job
	0  -  Total Bytes Received By Job
...
005 (477.000.000) 02/14 00:32:48 Job terminated.
	(1) Normal termination (return value 0)
		Usr 0 00:00:00, Sys 0 00:00:00  -  Run Remote Usage
		Usr 0 00:00:00, Sys 0 00:00:00  -  Run Local Usage
		Usr 0 00:00:00, Sys 0 00:00:00  -  Total Remote Usage
		Usr 0 00:00:00, Sys 0 00:00:00  -  Total Local Usage
	0  -  Run Bytes Sent By Job
	0  -  Run Bytes Received By Job
	0  -  Total Bytes Sent By Job
	0  -  Total Bytes Received By Job
...
005 (479.000.000) 02/14 00:32:49 Job terminated.
	(1) Normal termination (return value 0)
		Usr 0 00:00:00, Sys 0 00:00:00  -  Run Remote Usage
		Usr 0 00:00:00, Sys 0 00:00:00  -  Run Local Usage
		Usr 0 00:00:00, Sys 0 00:00:00  -  Total Remote Usage
		Usr 0 00:00:00, Sys 0 00:00:00  -  Total Local Usage
	0  -  Run Bytes Sent By Job
	0  -  Run Bytes Received By Job
	0  -  Total Bytes Sent By Job
	0  -  Total Bytes Received By Job
...
005 (480.000.000) 02/14 00:32:49 Job terminated.
	(1) Normal termination (return value 0)
		Usr 0 00:00:00, Sys 0 00:00:00  -  Run Remote Usage
		Usr 0 00:00:00, Sys 0 00:00:00  -  Run Local Usage
		Usr 0 00:00:00, Sys 0 00:00:00  -  Total Remote Usage
		Usr 0 00:00:00, Sys 0 00:00:00  -  Total Local Usage
	0  -  Run Bytes Sent By Job
	0  -  Run Bytes Received By Job
	0  -  Total Bytes Sent By Job
	0  -  Total Bytes Received By Job
...
005 (478.000.000) 02/14 00:32:50 Job terminated.
	(1) Normal termination (return value 0)
		Usr 0 00:00:00, Sys 0 00:00:00  -  Run Remote Usage
		Usr 0 00:00:00, Sys 0 00:00:00  -  Run Local Usage
		Usr 0 00:00:00, Sys 0 00:00:00  -  Total Remote Usage
		Usr 0 00:00:00, Sys 0 00:00:00  -  Total Local Usage
	0  -  Run Bytes Sent By Job
	0  -  Run Bytes Received By Job
	0  -  Total Bytes Sent By Job
	0  -  Total Bytes Received By Job
...
000 (481.000.000) 02/14 00:33:01 Job submitted from host: <192.168.5.10:9618?addrs=192.168.5.10-9618+[--1]-9618&noUDP&sock=2698_7f03_4>
    DAG Node: individuals_ID0000015
    pool:condorpool
...
000 (482.000.000) 02/14 00:33:01 Job submitted from host: <192.168.5.10:9618?addrs=192.168.5.10-9618+[--1]-9618&noUDP&sock=2698_7f03_4>
    DAG Node: individuals_ID0000016
    pool:condorpool
...
000 (483.000.000) 02/14 00:33:01 Job submitted from host: <192.168.5.10:9618?addrs=192.168.5.10-9618+[--1]-9618&noUDP&sock=2698_7f03_4>
    DAG Node: individuals_ID0000017
    pool:condorpool
...
000 (484.000.000) 02/14 00:33:01 Job submitted from host: <192.168.5.10:9618?addrs=192.168.5.10-9618+[--1]-9618&noUDP&sock=2698_7f03_4>
    DAG Node: individuals_ID0000018
    pool:condorpool
...
000 (485.000.000) 02/14 00:33:01 Job submitted from host: <192.168.5.10:9618?addrs=192.168.5.10-9618+[--1]-9618&noUDP&sock=2698_7f03_4>
    DAG Node: individuals_ID0000011
    pool:condorpool
...
000 (486.000.000) 02/14 00:33:06 Job submitted from host: <192.168.5.10:9618?addrs=192.168.5.10-9618+[--1]-9618&noUDP&sock=2698_7f03_4>
    DAG Node: individuals_ID0000012
    pool:condorpool
...
000 (487.000.000) 02/14 00:33:06 Job submitted from host: <192.168.5.10:9618?addrs=192.168.5.10-9618+[--1]-9618&noUDP&sock=2698_7f03_4>
    DAG Node: individuals_ID0000013
    pool:condorpool
...
000 (488.000.000) 02/14 00:33:06 Job submitted from host: <192.168.5.10:9618?addrs=192.168.5.10-9618+[--1]-9618&noUDP&sock=2698_7f03_4>
    DAG Node: individuals_ID0000014
    pool:condorpool
...
000 (489.000.000) 02/14 00:33:07 Job submitted from host: <192.168.5.10:9618?addrs=192.168.5.10-9618+[--1]-9618&noUDP&sock=2698_7f03_4>
    DAG Node: individuals_ID0000019
    pool:condorpool
...
000 (490.000.000) 02/14 00:33:07 Job submitted from host: <192.168.5.10:9618?addrs=192.168.5.10-9618+[--1]-9618&noUDP&sock=2698_7f03_4>
    DAG Node: individuals_ID0000010
    pool:condorpool
...
000 (491.000.000) 02/14 00:33:12 Job submitted from host: <192.168.5.10:9618?addrs=192.168.5.10-9618+[--1]-9618&noUDP&sock=2698_7f03_4>
    DAG Node: individuals_ID0000004
    pool:condorpool
...
000 (492.000.000) 02/14 00:33:12 Job submitted from host: <192.168.5.10:9618?addrs=192.168.5.10-9618+[--1]-9618&noUDP&sock=2698_7f03_4>
    DAG Node: individuals_ID0000005
    pool:condorpool
...
000 (493.000.000) 02/14 00:33:12 Job submitted from host: <192.168.5.10:9618?addrs=192.168.5.10-9618+[--1]-9618&noUDP&sock=2698_7f03_4>
    DAG Node: individuals_ID0000006
    pool:condorpool
...
000 (494.000.000) 02/14 00:33:12 Job submitted from host: <192.168.5.10:9618?addrs=192.168.5.10-9618+[--1]-9618&noUDP&sock=2698_7f03_4>
    DAG Node: individuals_ID0000007
    pool:condorpool
...
000 (495.000.000) 02/14 00:33:12 Job submitted from host: <192.168.5.10:9618?addrs=192.168.5.10-9618+[--1]-9618&noUDP&sock=2698_7f03_4>
    DAG Node: individuals_ID0000022
    pool:condorpool
...
001 (485.000.000) 02/14 00:33:14 Job executing on host: <192.168.5.101:9618?addrs=192.168.5.101-9618+[--1]-9618&noUDP&sock=4136_289b_3>
...
000 (496.000.000) 02/14 00:33:17 Job submitted from host: <192.168.5.10:9618?addrs=192.168.5.10-9618+[--1]-9618&noUDP&sock=2698_7f03_4>
    DAG Node: individuals_ID0000001
    pool:condorpool
...
000 (497.000.000) 02/14 00:33:17 Job submitted from host: <192.168.5.10:9618?addrs=192.168.5.10-9618+[--1]-9618&noUDP&sock=2698_7f03_4>
    DAG Node: individuals_ID0000023
    pool:condorpool
...
000 (498.000.000) 02/14 00:33:17 Job submitted from host: <192.168.5.10:9618?addrs=192.168.5.10-9618+[--1]-9618&noUDP&sock=2698_7f03_4>
    DAG Node: individuals_ID0000002
    pool:condorpool
...
000 (499.000.000) 02/14 00:33:17 Job submitted from host: <192.168.5.10:9618?addrs=192.168.5.10-9618+[--1]-9618&noUDP&sock=2698_7f03_4>
    DAG Node: individuals_ID0000024
    pool:condorpool
...
000 (500.000.000) 02/14 00:33:17 Job submitted from host: <192.168.5.10:9618?addrs=192.168.5.10-9618+[--1]-9618&noUDP&sock=2698_7f03_4>
    DAG Node: individuals_ID0000003
    pool:condorpool
...
000 (501.000.000) 02/14 00:33:22 Job submitted from host: <192.168.5.10:9618?addrs=192.168.5.10-9618+[--1]-9618&noUDP&sock=2698_7f03_4>
    DAG Node: individuals_ID0000025
    pool:condorpool
...
000 (502.000.000) 02/14 00:33:22 Job submitted from host: <192.168.5.10:9618?addrs=192.168.5.10-9618+[--1]-9618&noUDP&sock=2698_7f03_4>
    DAG Node: individuals_ID0000008
    pool:condorpool
...
000 (503.000.000) 02/14 00:33:22 Job submitted from host: <192.168.5.10:9618?addrs=192.168.5.10-9618+[--1]-9618&noUDP&sock=2698_7f03_4>
    DAG Node: individuals_ID0000009
    pool:condorpool
...
000 (504.000.000) 02/14 00:33:22 Job submitted from host: <192.168.5.10:9618?addrs=192.168.5.10-9618+[--1]-9618&noUDP&sock=2698_7f03_4>
    DAG Node: individuals_ID0000020
    pool:condorpool
...
006 (485.000.000) 02/14 00:33:22 Image size of job updated: 214064
	200  -  MemoryUsage of job (MB)
	204284  -  ResidentSetSize of job (KB)
...
000 (505.000.000) 02/14 00:33:22 Job submitted from host: <192.168.5.10:9618?addrs=192.168.5.10-9618+[--1]-9618&noUDP&sock=2698_7f03_4>
    DAG Node: individuals_ID0000021
    pool:condorpool
...
001 (482.000.000) 02/14 00:33:24 Job executing on host: <192.168.5.102:9618?addrs=192.168.5.102-9618+[--1]-9618&noUDP&sock=3044_d2c8_3>
...
001 (484.000.000) 02/14 00:33:24 Job executing on host: <192.168.5.102:9618?addrs=192.168.5.102-9618+[--1]-9618&noUDP&sock=3044_d2c8_3>
...
001 (483.000.000) 02/14 00:33:24 Job executing on host: <192.168.5.102:9618?addrs=192.168.5.102-9618+[--1]-9618&noUDP&sock=3044_d2c8_3>
...
001 (481.000.000) 02/14 00:33:25 Job executing on host: <192.168.5.102:9618?addrs=192.168.5.102-9618+[--1]-9618&noUDP&sock=3044_d2c8_3>
...
000 (506.000.000) 02/14 00:33:27 Job submitted from host: <192.168.5.10:9618?addrs=192.168.5.10-9618+[--1]-9618&noUDP&sock=2698_7f03_4>
    DAG Node: sifting_ID0000027
    pool:condorpool
...
006 (482.000.000) 02/14 00:33:32 Image size of job updated: 22284
	13  -  MemoryUsage of job (MB)
	12472  -  ResidentSetSize of job (KB)
...
006 (484.000.000) 02/14 00:33:32 Image size of job updated: 22284
	12  -  MemoryUsage of job (MB)
	12280  -  ResidentSetSize of job (KB)
...
006 (483.000.000) 02/14 00:33:33 Image size of job updated: 22284
	13  -  MemoryUsage of job (MB)
	12508  -  ResidentSetSize of job (KB)
...
006 (481.000.000) 02/14 00:33:34 Image size of job updated: 2
	5  -  MemoryUsage of job (MB)
	4980  -  ResidentSetSize of job (KB)
...
001 (486.000.000) 02/14 00:33:37 Job executing on host: <192.168.5.101:9618?addrs=192.168.5.101-9618+[--1]-9618&noUDP&sock=4136_289b_3>
...
001 (487.000.000) 02/14 00:33:40 Job executing on host: <192.168.5.101:9618?addrs=192.168.5.101-9618+[--1]-9618&noUDP&sock=4136_289b_3>
...
001 (488.000.000) 02/14 00:33:40 Job executing on host: <192.168.5.101:9618?addrs=192.168.5.101-9618+[--1]-9618&noUDP&sock=4136_289b_3>
...
006 (486.000.000) 02/14 00:33:47 Image size of job updated: 48668
	39  -  MemoryUsage of job (MB)
	38996  -  ResidentSetSize of job (KB)
...
006 (487.000.000) 02/14 00:33:50 Image size of job updated: 18560
	5  -  MemoryUsage of job (MB)
	4976  -  ResidentSetSize of job (KB)
...
006 (488.000.000) 02/14 00:33:50 Image size of job updated: 2
	5  -  MemoryUsage of job (MB)
	5032  -  ResidentSetSize of job (KB)
...
006 (485.000.000) 02/14 00:38:23 Image size of job updated: 332028
	315  -  MemoryUsage of job (MB)
	322404  -  ResidentSetSize of job (KB)
...
006 (482.000.000) 02/14 00:38:32 Image size of job updated: 332784
	316  -  MemoryUsage of job (MB)
	323052  -  ResidentSetSize of job (KB)
...
006 (484.000.000) 02/14 00:38:32 Image size of job updated: 332024
	315  -  MemoryUsage of job (MB)
	322132  -  ResidentSetSize of job (KB)
...
006 (483.000.000) 02/14 00:38:34 Image size of job updated: 332024
	315  -  MemoryUsage of job (MB)
	322412  -  ResidentSetSize of job (KB)
...
006 (481.000.000) 02/14 00:38:35 Image size of job updated: 331760
	315  -  MemoryUsage of job (MB)
	322076  -  ResidentSetSize of job (KB)
...
006 (486.000.000) 02/14 00:38:47 Image size of job updated: 332268
	316  -  MemoryUsage of job (MB)
	322648  -  ResidentSetSize of job (KB)
...
006 (487.000.000) 02/14 00:38:50 Image size of job updated: 332004
	316  -  MemoryUsage of job (MB)
	322700  -  ResidentSetSize of job (KB)
...
006 (488.000.000) 02/14 00:38:50 Image size of job updated: 332780
	316  -  MemoryUsage of job (MB)
	323092  -  ResidentSetSize of job (KB)
...
006 (485.000.000) 02/14 00:43:23 Image size of job updated: 333564
	317  -  MemoryUsage of job (MB)
	323708  -  ResidentSetSize of job (KB)
...
006 (482.000.000) 02/14 00:43:32 Image size of job updated: 334320
	317  -  MemoryUsage of job (MB)
	324608  -  ResidentSetSize of job (KB)
...
006 (484.000.000) 02/14 00:43:32 Image size of job updated: 332536
	316  -  MemoryUsage of job (MB)
	322660  -  ResidentSetSize of job (KB)
...
006 (483.000.000) 02/14 00:43:34 Image size of job updated: 332536
	316  -  MemoryUsage of job (MB)
	322944  -  ResidentSetSize of job (KB)
...
006 (481.000.000) 02/14 00:43:35 Image size of job updated: 332528
	316  -  MemoryUsage of job (MB)
	322868  -  ResidentSetSize of job (KB)
...
006 (486.000.000) 02/14 00:43:47 Image size of job updated: 333804
	317  -  MemoryUsage of job (MB)
	324196  -  ResidentSetSize of job (KB)
...
006 (487.000.000) 02/14 00:43:50 Image size of job updated: 333640
	317  -  MemoryUsage of job (MB)
	324020  -  ResidentSetSize of job (KB)
...
006 (488.000.000) 02/14 00:43:50 Image size of job updated: 334572
	318  -  MemoryUsage of job (MB)
	324896  -  ResidentSetSize of job (KB)
...
006 (485.000.000) 02/14 00:48:23 Image size of job updated: 335868
	319  -  MemoryUsage of job (MB)
	326268  -  ResidentSetSize of job (KB)
...
006 (484.000.000) 02/14 00:48:33 Image size of job updated: 333560
	317  -  MemoryUsage of job (MB)
	323696  -  ResidentSetSize of job (KB)
...
006 (482.000.000) 02/14 00:48:33 Image size of job updated: 337136
	320  -  MemoryUsage of job (MB)
	327436  -  ResidentSetSize of job (KB)
...
006 (483.000.000) 02/14 00:48:35 Image size of job updated: 333560
	317  -  MemoryUsage of job (MB)
	323980  -  ResidentSetSize of job (KB)
...
006 (481.000.000) 02/14 00:48:36 Image size of job updated: 333552
	317  -  MemoryUsage of job (MB)
	323900  -  ResidentSetSize of job (KB)
...
006 (486.000.000) 02/14 00:48:49 Image size of job updated: 336620
	320  -  MemoryUsage of job (MB)
	327020  -  ResidentSetSize of job (KB)
...
006 (487.000.000) 02/14 00:48:52 Image size of job updated: 336200
	319  -  MemoryUsage of job (MB)
	326568  -  ResidentSetSize of job (KB)
...
006 (488.000.000) 02/14 00:48:52 Image size of job updated: 337644
	321  -  MemoryUsage of job (MB)
	327968  -  ResidentSetSize of job (KB)
...
006 (485.000.000) 02/14 00:53:24 Image size of job updated: 337780
	321  -  MemoryUsage of job (MB)
	327844  -  ResidentSetSize of job (KB)
...
006 (484.000.000) 02/14 00:53:33 Image size of job updated: 335096
	318  -  MemoryUsage of job (MB)
	325232  -  ResidentSetSize of job (KB)
...
006 (482.000.000) 02/14 00:53:34 Image size of job updated: 339440
	323  -  MemoryUsage of job (MB)
	329736  -  ResidentSetSize of job (KB)
...
006 (483.000.000) 02/14 00:53:35 Image size of job updated: 334840
	318  -  MemoryUsage of job (MB)
	325260  -  ResidentSetSize of job (KB)
...
006 (481.000.000) 02/14 00:53:36 Image size of job updated: 335088
	318  -  MemoryUsage of job (MB)
	325440  -  ResidentSetSize of job (KB)
...
006 (486.000.000) 02/14 00:53:49 Image size of job updated: 338800
	322  -  MemoryUsage of job (MB)
	329104  -  ResidentSetSize of job (KB)
...
006 (487.000.000) 02/14 00:53:52 Image size of job updated: 338504
	322  -  MemoryUsage of job (MB)
	328908  -  ResidentSetSize of job (KB)
...
006 (488.000.000) 02/14 00:53:52 Image size of job updated: 340592
	324  -  MemoryUsage of job (MB)
	330820  -  ResidentSetSize of job (KB)
...
006 (485.000.000) 02/14 00:58:24 Image size of job updated: 339316
	322  -  MemoryUsage of job (MB)
	329380  -  ResidentSetSize of job (KB)
...
006 (482.000.000) 02/14 00:58:34 Image size of job updated: 341616
	325  -  MemoryUsage of job (MB)
	331824  -  ResidentSetSize of job (KB)
...
006 (484.000.000) 02/14 00:58:35 Image size of job updated: 336244
	319  -  MemoryUsage of job (MB)
	326372  -  ResidentSetSize of job (KB)
...
006 (483.000.000) 02/14 00:58:36 Image size of job updated: 335988
	319  -  MemoryUsage of job (MB)
	326304  -  ResidentSetSize of job (KB)
...
006 (481.000.000) 02/14 00:58:37 Image size of job updated: 336752
	320  -  MemoryUsage of job (MB)
	326996  -  ResidentSetSize of job (KB)
...
006 (486.000.000) 02/14 00:58:50 Image size of job updated: 340848
	324  -  MemoryUsage of job (MB)
	331152  -  ResidentSetSize of job (KB)
...
006 (487.000.000) 02/14 00:58:53 Image size of job updated: 340808
	324  -  MemoryUsage of job (MB)
	331212  -  ResidentSetSize of job (KB)
...
006 (488.000.000) 02/14 00:58:53 Image size of job updated: 342896
	326  -  MemoryUsage of job (MB)
	333124  -  ResidentSetSize of job (KB)
...
006 (485.000.000) 02/14 01:03:25 Image size of job updated: 341620
	324  -  MemoryUsage of job (MB)
	331684  -  ResidentSetSize of job (KB)
...
006 (482.000.000) 02/14 01:03:35 Image size of job updated: 343664
	327  -  MemoryUsage of job (MB)
	333872  -  ResidentSetSize of job (KB)
...
006 (484.000.000) 02/14 01:03:35 Image size of job updated: 337268
	320  -  MemoryUsage of job (MB)
	327324  -  ResidentSetSize of job (KB)
...
006 (483.000.000) 02/14 01:03:36 Image size of job updated: 337012
	320  -  MemoryUsage of job (MB)
	327348  -  ResidentSetSize of job (KB)
...
006 (481.000.000) 02/14 01:03:37 Image size of job updated: 337776
	321  -  MemoryUsage of job (MB)
	328032  -  ResidentSetSize of job (KB)
...
006 (486.000.000) 02/14 01:03:50 Image size of job updated: 343408
	326  -  MemoryUsage of job (MB)
	333712  -  ResidentSetSize of job (KB)
...
006 (487.000.000) 02/14 01:03:53 Image size of job updated: 343112
	326  -  MemoryUsage of job (MB)
	333516  -  ResidentSetSize of job (KB)
...
006 (488.000.000) 02/14 01:03:53 Image size of job updated: 345712
	329  -  MemoryUsage of job (MB)
	335940  -  ResidentSetSize of job (KB)
...
006 (485.000.000) 02/14 01:04:18 Image size of job updated: 343700
	324  -  MemoryUsage of job (MB)
	331684  -  ResidentSetSize of job (KB)
...
005 (485.000.000) 02/14 01:04:18 Job terminated.
	(1) Normal termination (return value 0)
		Usr 0 00:29:27, Sys 0 00:00:16  -  Run Remote Usage
		Usr 0 00:00:00, Sys 0 00:00:00  -  Run Local Usage
		Usr 0 00:29:27, Sys 0 00:00:16  -  Total Remote Usage
		Usr 0 00:00:00, Sys 0 00:00:00  -  Total Local Usage
	366784  -  Run Bytes Sent By Job
	302564416  -  Run Bytes Received By Job
	366784  -  Total Bytes Sent By Job
	302564416  -  Total Bytes Received By Job
	Partitionable Resources :    Usage  Request Allocated
	   Cpus                 :                 1         1
	   Disk (KB)            :   295842   300000 165666536
	   Memory (MB)          :      324        1       479
...
006 (486.000.000) 02/14 01:04:43 Image size of job updated: 345744
	326  -  MemoryUsage of job (MB)
	333712  -  ResidentSetSize of job (KB)
...
005 (486.000.000) 02/14 01:04:43 Job terminated.
	(1) Normal termination (return value 0)
		Usr 0 00:29:27, Sys 0 00:00:11  -  Run Remote Usage
		Usr 0 00:00:00, Sys 0 00:00:00  -  Run Local Usage
		Usr 0 00:29:27, Sys 0 00:00:11  -  Total Remote Usage
		Usr 0 00:00:00, Sys 0 00:00:00  -  Total Local Usage
	374902  -  Run Bytes Sent By Job
	302564416  -  Run Bytes Received By Job
	374902  -  Total Bytes Sent By Job
	302564416  -  Total Bytes Received By Job
	Partitionable Resources :    Usage  Request Allocated
	   Cpus                 :                 1         1
	   Disk (KB)            :   295850   300000 165666536
	   Memory (MB)          :      326        1       479
...
006 (487.000.000) 02/14 01:04:55 Image size of job updated: 344976
	326  -  MemoryUsage of job (MB)
	333516  -  ResidentSetSize of job (KB)
...
005 (487.000.000) 02/14 01:04:55 Job terminated.
	(1) Normal termination (return value 0)
		Usr 0 00:29:30, Sys 0 00:00:12  -  Run Remote Usage
		Usr 0 00:00:00, Sys 0 00:00:00  -  Run Local Usage
		Usr 0 00:29:30, Sys 0 00:00:12  -  Total Remote Usage
		Usr 0 00:00:00, Sys 0 00:00:00  -  Total Local Usage
	348586  -  Run Bytes Sent By Job
	302564416  -  Run Bytes Received By Job
	348586  -  Total Bytes Sent By Job
	302564416  -  Total Bytes Received By Job
	Partitionable Resources :    Usage  Request Allocated
	   Cpus                 :                 1         1
	   Disk (KB)            :   295824   300000 165666536
	   Memory (MB)          :      326        1       479
...
001 (489.000.000) 02/14 01:04:55 Job executing on host: <192.168.5.101:9618?addrs=192.168.5.101-9618+[--1]-9618&noUDP&sock=4136_289b_3>
...
001 (490.000.000) 02/14 01:04:55 Job executing on host: <192.168.5.101:9618?addrs=192.168.5.101-9618+[--1]-9618&noUDP&sock=4136_289b_3>
...
006 (488.000.000) 02/14 01:05:00 Image size of job updated: 348304
	329  -  MemoryUsage of job (MB)
	335940  -  ResidentSetSize of job (KB)
...
005 (488.000.000) 02/14 01:05:00 Job terminated.
	(1) Normal termination (return value 0)
		Usr 0 00:29:34, Sys 0 00:00:13  -  Run Remote Usage
		Usr 0 00:00:00, Sys 0 00:00:00  -  Run Local Usage
		Usr 0 00:29:34, Sys 0 00:00:13  -  Total Remote Usage
		Usr 0 00:00:00, Sys 0 00:00:00  -  Total Local Usage
	400232  -  Run Bytes Sent By Job
	302564416  -  Run Bytes Received By Job
	400232  -  Total Bytes Sent By Job
	302564416  -  Total Bytes Received By Job
	Partitionable Resources :    Usage  Request Allocated
	   Cpus                 :                 1         1
	   Disk (KB)            :   295874   300000 165666536
	   Memory (MB)          :      329        1       479
...
006 (489.000.000) 02/14 01:05:03 Image size of job updated: 305024
	289  -  MemoryUsage of job (MB)
	295264  -  ResidentSetSize of job (KB)
...
006 (490.000.000) 02/14 01:05:03 Image size of job updated: 293672
	278  -  MemoryUsage of job (MB)
	283888  -  ResidentSetSize of job (KB)
...
001 (491.000.000) 02/14 01:05:57 Job executing on host: <192.168.5.101:9618?addrs=192.168.5.101-9618+[--1]-9618&noUDP&sock=4136_289b_3>
...
001 (492.000.000) 02/14 01:05:57 Job executing on host: <192.168.5.101:9618?addrs=192.168.5.101-9618+[--1]-9618&noUDP&sock=4136_289b_3>
...
006 (491.000.000) 02/14 01:06:05 Image size of job updated: 5112
	3  -  MemoryUsage of job (MB)
	2628  -  ResidentSetSize of job (KB)
...
006 (492.000.000) 02/14 01:06:05 Image size of job updated: 2
	5  -  MemoryUsage of job (MB)
	4956  -  ResidentSetSize of job (KB)
...
006 (482.000.000) 02/14 01:08:35 Image size of job updated: 346480
	329  -  MemoryUsage of job (MB)
	336688  -  ResidentSetSize of job (KB)
...
006 (484.000.000) 02/14 01:08:36 Image size of job updated: 338804
	322  -  MemoryUsage of job (MB)
	328856  -  ResidentSetSize of job (KB)
...
006 (483.000.000) 02/14 01:08:37 Image size of job updated: 338292
	321  -  MemoryUsage of job (MB)
	328628  -  ResidentSetSize of job (KB)
...
006 (481.000.000) 02/14 01:08:38 Image size of job updated: 339056
	322  -  MemoryUsage of job (MB)
	329312  -  ResidentSetSize of job (KB)
...
006 (489.000.000) 02/14 01:10:03 Image size of job updated: 332016
	316  -  MemoryUsage of job (MB)
	322580  -  ResidentSetSize of job (KB)
...
006 (490.000.000) 02/14 01:10:03 Image size of job updated: 332784
	316  -  MemoryUsage of job (MB)
	323068  -  ResidentSetSize of job (KB)
...
006 (491.000.000) 02/14 01:11:05 Image size of job updated: 332524
	316  -  MemoryUsage of job (MB)
	322820  -  ResidentSetSize of job (KB)
...
006 (492.000.000) 02/14 01:11:05 Image size of job updated: 332268
	315  -  MemoryUsage of job (MB)
	322500  -  ResidentSetSize of job (KB)
...
006 (482.000.000) 02/14 01:13:36 Image size of job updated: 348272
	331  -  MemoryUsage of job (MB)
	338480  -  ResidentSetSize of job (KB)
...
006 (484.000.000) 02/14 01:13:36 Image size of job updated: 339572
	322  -  MemoryUsage of job (MB)
	329624  -  ResidentSetSize of job (KB)
...
006 (483.000.000) 02/14 01:13:37 Image size of job updated: 339316
	322  -  MemoryUsage of job (MB)
	329652  -  ResidentSetSize of job (KB)
...
006 (481.000.000) 02/14 01:13:38 Image size of job updated: 340336
	323  -  MemoryUsage of job (MB)
	330592  -  ResidentSetSize of job (KB)
...
006 (482.000.000) 02/14 01:15:02 Image size of job updated: 350608
	331  -  MemoryUsage of job (MB)
	338480  -  ResidentSetSize of job (KB)
...
005 (482.000.000) 02/14 01:15:02 Job terminated.
	(1) Normal termination (return value 0)
		Usr 0 00:39:40, Sys 0 00:00:13  -  Run Remote Usage
		Usr 0 00:00:00, Sys 0 00:00:00  -  Run Local Usage
		Usr 0 00:39:40, Sys 0 00:00:13  -  Total Remote Usage
		Usr 0 00:00:00, Sys 0 00:00:00  -  Total Local Usage
	421444  -  Run Bytes Sent By Job
	302564416  -  Run Bytes Received By Job
	421444  -  Total Bytes Sent By Job
	302564416  -  Total Bytes Received By Job
	Partitionable Resources :    Usage  Request Allocated
	   Cpus                 :                 1         1
	   Disk (KB)            :   295895   300000 165666520
	   Memory (MB)          :      331        1       479
...
006 (489.000.000) 02/14 01:15:03 Image size of job updated: 333552
	317  -  MemoryUsage of job (MB)
	323872  -  ResidentSetSize of job (KB)
...
006 (490.000.000) 02/14 01:15:03 Image size of job updated: 334576
	318  -  MemoryUsage of job (MB)
	324880  -  ResidentSetSize of job (KB)
...
006 (481.000.000) 02/14 01:15:13 Image size of job updated: 342672
	323  -  MemoryUsage of job (MB)
	330592  -  ResidentSetSize of job (KB)
...
005 (481.000.000) 02/14 01:15:13 Job terminated.
	(1) Normal termination (return value 0)
		Usr 0 00:39:44, Sys 0 00:00:13  -  Run Remote Usage
		Usr 0 00:00:00, Sys 0 00:00:00  -  Run Local Usage
		Usr 0 00:39:44, Sys 0 00:00:13  -  Total Remote Usage
		Usr 0 00:00:00, Sys 0 00:00:00  -  Total Local Usage
	359823  -  Run Bytes Sent By Job
	302564416  -  Run Bytes Received By Job
	359823  -  Total Bytes Sent By Job
	302564416  -  Total Bytes Received By Job
	Partitionable Resources :    Usage  Request Allocated
	   Cpus                 :                 1         1
	   Disk (KB)            :   295835   300000 165666520
	   Memory (MB)          :      323        1       479
...
006 (484.000.000) 02/14 01:15:13 Image size of job updated: 341908
	322  -  MemoryUsage of job (MB)
	329624  -  ResidentSetSize of job (KB)
...
005 (484.000.000) 02/14 01:15:13 Job terminated.
	(1) Normal termination (return value 0)
		Usr 0 00:39:41, Sys 0 00:00:22  -  Run Remote Usage
		Usr 0 00:00:00, Sys 0 00:00:00  -  Run Local Usage
		Usr 0 00:39:41, Sys 0 00:00:22  -  Total Remote Usage
		Usr 0 00:00:00, Sys 0 00:00:00  -  Total Local Usage
	350738  -  Run Bytes Sent By Job
	302564416  -  Run Bytes Received By Job
	350738  -  Total Bytes Sent By Job
	302564416  -  Total Bytes Received By Job
	Partitionable Resources :    Usage  Request Allocated
	   Cpus                 :                 1         1
	   Disk (KB)            :   295826   300000 165666520
	   Memory (MB)          :      322        1       479
...
006 (483.000.000) 02/14 01:15:18 Image size of job updated: 341396
	322  -  MemoryUsage of job (MB)
	329652  -  ResidentSetSize of job (KB)
...
005 (483.000.000) 02/14 01:15:18 Job terminated.
	(1) Normal termination (return value 0)
		Usr 0 00:39:45, Sys 0 00:00:22  -  Run Remote Usage
		Usr 0 00:00:00, Sys 0 00:00:00  -  Run Local Usage
		Usr 0 00:39:45, Sys 0 00:00:22  -  Total Remote Usage
		Usr 0 00:00:00, Sys 0 00:00:00  -  Total Local Usage
	346080  -  Run Bytes Sent By Job
	302564416  -  Run Bytes Received By Job
	346080  -  Total Bytes Sent By Job
	302564416  -  Total Bytes Received By Job
	Partitionable Resources :    Usage  Request Allocated
	   Cpus                 :                 1         1
	   Disk (KB)            :   295821   300000 165666520
	   Memory (MB)          :      322        1       479
...
001 (493.000.000) 02/14 01:15:59 Job executing on host: <192.168.5.102:9618?addrs=192.168.5.102-9618+[--1]-9618&noUDP&sock=3044_d2c8_3>
...
001 (495.000.000) 02/14 01:16:01 Job executing on host: <192.168.5.102:9618?addrs=192.168.5.102-9618+[--1]-9618&noUDP&sock=3044_d2c8_3>
...
001 (494.000.000) 02/14 01:16:02 Job executing on host: <192.168.5.102:9618?addrs=192.168.5.102-9618+[--1]-9618&noUDP&sock=3044_d2c8_3>
...
001 (496.000.000) 02/14 01:16:02 Job executing on host: <192.168.5.102:9618?addrs=192.168.5.102-9618+[--1]-9618&noUDP&sock=3044_d2c8_3>
...
006 (492.000.000) 02/14 01:16:06 Image size of job updated: 333548
	317  -  MemoryUsage of job (MB)
	323792  -  ResidentSetSize of job (KB)
...
006 (491.000.000) 02/14 01:16:07 Image size of job updated: 334060
	317  -  MemoryUsage of job (MB)
	324368  -  ResidentSetSize of job (KB)
...
006 (493.000.000) 02/14 01:16:08 Image size of job updated: 25828
	16  -  MemoryUsage of job (MB)
	16300  -  ResidentSetSize of job (KB)
...
006 (495.000.000) 02/14 01:16:10 Image size of job updated: 21040
	12  -  MemoryUsage of job (MB)
	11496  -  ResidentSetSize of job (KB)
...
006 (494.000.000) 02/14 01:16:11 Image size of job updated: 18100
	7  -  MemoryUsage of job (MB)
	6252  -  ResidentSetSize of job (KB)
...
006 (496.000.000) 02/14 01:16:11 Image size of job updated: 2
	5  -  MemoryUsage of job (MB)
	5012  -  ResidentSetSize of job (KB)
...
006 (489.000.000) 02/14 01:20:04 Image size of job updated: 335856
	319  -  MemoryUsage of job (MB)
	326176  -  ResidentSetSize of job (KB)
...
006 (490.000.000) 02/14 01:20:04 Image size of job updated: 337904
	321  -  MemoryUsage of job (MB)
	328200  -  ResidentSetSize of job (KB)
...
006 (492.000.000) 02/14 01:21:06 Image size of job updated: 335852
	319  -  MemoryUsage of job (MB)
	326096  -  ResidentSetSize of job (KB)
...
006 (491.000.000) 02/14 01:21:07 Image size of job updated: 336876
	320  -  MemoryUsage of job (MB)
	327440  -  ResidentSetSize of job (KB)
...
006 (493.000.000) 02/14 01:21:09 Image size of job updated: 332524
	316  -  MemoryUsage of job (MB)
	322900  -  ResidentSetSize of job (KB)
...
006 (495.000.000) 02/14 01:21:10 Image size of job updated: 331512
	315  -  MemoryUsage of job (MB)
	321884  -  ResidentSetSize of job (KB)
...
006 (496.000.000) 02/14 01:21:12 Image size of job updated: 329564
	313  -  MemoryUsage of job (MB)
	319848  -  ResidentSetSize of job (KB)
...
006 (494.000.000) 02/14 01:21:12 Image size of job updated: 332016
	315  -  MemoryUsage of job (MB)
	322072  -  ResidentSetSize of job (KB)
...
006 (489.000.000) 02/14 01:25:04 Image size of job updated: 338032
	321  -  MemoryUsage of job (MB)
	328264  -  ResidentSetSize of job (KB)
...
006 (490.000.000) 02/14 01:25:04 Image size of job updated: 340592
	324  -  MemoryUsage of job (MB)
	330808  -  ResidentSetSize of job (KB)
...
006 (492.000.000) 02/14 01:26:07 Image size of job updated: 338032
	321  -  MemoryUsage of job (MB)
	328180  -  ResidentSetSize of job (KB)
...
006 (491.000.000) 02/14 01:26:08 Image size of job updated: 339824
	323  -  MemoryUsage of job (MB)
	330036  -  ResidentSetSize of job (KB)
...
006 (493.000.000) 02/14 01:26:09 Image size of job updated: 334316
	318  -  MemoryUsage of job (MB)
	324716  -  ResidentSetSize of job (KB)
...
006 (495.000.000) 02/14 01:26:11 Image size of job updated: 332024
	315  -  MemoryUsage of job (MB)
	322412  -  ResidentSetSize of job (KB)
...
006 (496.000.000) 02/14 01:26:12 Image size of job updated: 330588
	314  -  MemoryUsage of job (MB)
	320884  -  ResidentSetSize of job (KB)
...
006 (494.000.000) 02/14 01:26:13 Image size of job updated: 333040
	316  -  MemoryUsage of job (MB)
	323116  -  ResidentSetSize of job (KB)
...
006 (490.000.000) 02/14 01:30:05 Image size of job updated: 342896
	326  -  MemoryUsage of job (MB)
	333100  -  ResidentSetSize of job (KB)
...
006 (489.000.000) 02/14 01:30:06 Image size of job updated: 339824
	323  -  MemoryUsage of job (MB)
	330052  -  ResidentSetSize of job (KB)
...
006 (492.000.000) 02/14 01:31:07 Image size of job updated: 339824
	323  -  MemoryUsage of job (MB)
	329972  -  ResidentSetSize of job (KB)
...
006 (491.000.000) 02/14 01:31:08 Image size of job updated: 341872
	325  -  MemoryUsage of job (MB)
	332340  -  ResidentSetSize of job (KB)
...
006 (493.000.000) 02/14 01:31:09 Image size of job updated: 336108
	319  -  MemoryUsage of job (MB)
	326524  -  ResidentSetSize of job (KB)
...
006 (495.000.000) 02/14 01:31:12 Image size of job updated: 332536
	316  -  MemoryUsage of job (MB)
	322940  -  ResidentSetSize of job (KB)
...
006 (496.000.000) 02/14 01:31:12 Image size of job updated: 331612
	315  -  MemoryUsage of job (MB)
	321916  -  ResidentSetSize of job (KB)
...
006 (494.000.000) 02/14 01:31:13 Image size of job updated: 334576
	318  -  MemoryUsage of job (MB)
	324660  -  ResidentSetSize of job (KB)
...
006 (490.000.000) 02/14 01:35:05 Image size of job updated: 345968
	329  -  MemoryUsage of job (MB)
	336172  -  ResidentSetSize of job (KB)
...
006 (489.000.000) 02/14 01:35:06 Image size of job updated: 341616
	325  -  MemoryUsage of job (MB)
	331844  -  ResidentSetSize of job (KB)
...
006 (490.000.000) 02/14 01:35:57 Image size of job updated: 348048
	329  -  MemoryUsage of job (MB)
	336172  -  ResidentSetSize of job (KB)
...
005 (490.000.000) 02/14 01:35:57 Job terminated.
	(1) Normal termination (return value 0)
		Usr 0 00:29:26, Sys 0 00:00:13  -  Run Remote Usage
		Usr 0 00:00:00, Sys 0 00:00:00  -  Run Local Usage
		Usr 0 00:29:26, Sys 0 00:00:13  -  Total Remote Usage
		Usr 0 00:00:00, Sys 0 00:00:00  -  Total Local Usage
	395354  -  Run Bytes Sent By Job
	302564416  -  Run Bytes Received By Job
	395354  -  Total Bytes Sent By Job
	302564416  -  Total Bytes Received By Job
	Partitionable Resources :    Usage  Request Allocated
	   Cpus                 :                 1         1
	   Disk (KB)            :   295870   300000 165666536
	   Memory (MB)          :      329        1       479
...
006 (489.000.000) 02/14 01:36:04 Image size of job updated: 343440
	325  -  MemoryUsage of job (MB)
	331844  -  ResidentSetSize of job (KB)
...
005 (489.000.000) 02/14 01:36:04 Job terminated.
	(1) Normal termination (return value 0)
		Usr 0 00:29:34, Sys 0 00:00:15  -  Run Remote Usage
		Usr 0 00:00:00, Sys 0 00:00:00  -  Run Local Usage
		Usr 0 00:29:34, Sys 0 00:00:15  -  Total Remote Usage
		Usr 0 00:00:00, Sys 0 00:00:00  -  Total Local Usage
	353236  -  Run Bytes Sent By Job
	302564416  -  Run Bytes Received By Job
	353236  -  Total Bytes Sent By Job
	302564416  -  Total Bytes Received By Job
	Partitionable Resources :    Usage  Request Allocated
	   Cpus                 :                 1         1
	   Disk (KB)            :   295828   300000 165666536
	   Memory (MB)          :      325        1       479
...
006 (492.000.000) 02/14 01:36:08 Image size of job updated: 342128
	325  -  MemoryUsage of job (MB)
	332276  -  ResidentSetSize of job (KB)
...
006 (491.000.000) 02/14 01:36:08 Image size of job updated: 344688
	328  -  MemoryUsage of job (MB)
	334900  -  ResidentSetSize of job (KB)
...
006 (493.000.000) 02/14 01:36:10 Image size of job updated: 338668
	322  -  MemoryUsage of job (MB)
	329080  -  ResidentSetSize of job (KB)
...
006 (495.000.000) 02/14 01:36:12 Image size of job updated: 333816
	317  -  MemoryUsage of job (MB)
	324216  -  ResidentSetSize of job (KB)
...
006 (496.000.000) 02/14 01:36:13 Image size of job updated: 332636
	316  -  MemoryUsage of job (MB)
	322980  -  ResidentSetSize of job (KB)
...
006 (494.000.000) 02/14 01:36:14 Image size of job updated: 336880
	320  -  MemoryUsage of job (MB)
	326964  -  ResidentSetSize of job (KB)
...
001 (497.000.000) 02/14 01:36:55 Job executing on host: <192.168.5.101:9618?addrs=192.168.5.101-9618+[--1]-9618&noUDP&sock=4136_289b_3>
...
001 (498.000.000) 02/14 01:36:55 Job executing on host: <192.168.5.101:9618?addrs=192.168.5.101-9618+[--1]-9618&noUDP&sock=4136_289b_3>
...
006 (491.000.000) 02/14 01:36:58 Image size of job updated: 346768
	328  -  MemoryUsage of job (MB)
	334900  -  ResidentSetSize of job (KB)
...
005 (491.000.000) 02/14 01:36:58 Job terminated.
	(1) Normal termination (return value 0)
		Usr 0 00:29:25, Sys 0 00:00:10  -  Run Remote Usage
		Usr 0 00:00:00, Sys 0 00:00:00  -  Run Local Usage
		Usr 0 00:29:25, Sys 0 00:00:10  -  Total Remote Usage
		Usr 0 00:00:00, Sys 0 00:00:00  -  Total Local Usage
	400678  -  Run Bytes Sent By Job
	302564416  -  Run Bytes Received By Job
	400678  -  Total Bytes Sent By Job
	302564416  -  Total Bytes Received By Job
	Partitionable Resources :    Usage  Request Allocated
	   Cpus                 :                 1         1
	   Disk (KB)            :   295875   300000 165666536
	   Memory (MB)          :      328        1       479
...
006 (492.000.000) 02/14 01:37:04 Image size of job updated: 344208
	325  -  MemoryUsage of job (MB)
	332276  -  ResidentSetSize of job (KB)
...
005 (492.000.000) 02/14 01:37:04 Job terminated.
	(1) Normal termination (return value 0)
		Usr 0 00:29:23, Sys 0 00:00:17  -  Run Remote Usage
		Usr 0 00:00:00, Sys 0 00:00:00  -  Run Local Usage
		Usr 0 00:29:23, Sys 0 00:00:17  -  Total Remote Usage
		Usr 0 00:00:00, Sys 0 00:00:00  -  Total Local Usage
	384178  -  Run Bytes Sent By Job
	302564416  -  Run Bytes Received By Job
	384178  -  Total Bytes Sent By Job
	302564416  -  Total Bytes Received By Job
	Partitionable Resources :    Usage  Request Allocated
	   Cpus                 :                 1         1
	   Disk (KB)            :   295859   300000 165666536
	   Memory (MB)          :      325        1       479
...
006 (497.000.000) 02/14 01:37:04 Image size of job updated: 331000
	314  -  MemoryUsage of job (MB)
	321376  -  ResidentSetSize of job (KB)
...
006 (498.000.000) 02/14 01:37:04 Image size of job updated: 330992
	314  -  MemoryUsage of job (MB)
	321208  -  ResidentSetSize of job (KB)
...
001 (499.000.000) 02/14 01:37:58 Job executing on host: <192.168.5.101:9618?addrs=192.168.5.101-9618+[--1]-9618&noUDP&sock=4136_289b_3>
...
001 (500.000.000) 02/14 01:37:58 Job executing on host: <192.168.5.101:9618?addrs=192.168.5.101-9618+[--1]-9618&noUDP&sock=4136_289b_3>
...
006 (499.000.000) 02/14 01:38:06 Image size of job updated: 18560
	3  -  MemoryUsage of job (MB)
	2504  -  ResidentSetSize of job (KB)
...
006 (500.000.000) 02/14 01:38:06 Image size of job updated: 2
	5  -  MemoryUsage of job (MB)
	4984  -  ResidentSetSize of job (KB)
...
006 (493.000.000) 02/14 01:41:10 Image size of job updated: 341104
	324  -  MemoryUsage of job (MB)
	331420  -  ResidentSetSize of job (KB)
...
006 (495.000.000) 02/14 01:41:13 Image size of job updated: 334964
	318  -  MemoryUsage of job (MB)
	325280  -  ResidentSetSize of job (KB)
...
006 (496.000.000) 02/14 01:41:13 Image size of job updated: 333660
	317  -  MemoryUsage of job (MB)
	324004  -  ResidentSetSize of job (KB)
...
006 (494.000.000) 02/14 01:41:14 Image size of job updated: 338800
	322  -  MemoryUsage of job (MB)
	328796  -  ResidentSetSize of job (KB)
...
006 (498.000.000) 02/14 01:42:05 Image size of job updated: 331760
	315  -  MemoryUsage of job (MB)
	322124  -  ResidentSetSize of job (KB)
...
006 (497.000.000) 02/14 01:42:06 Image size of job updated: 334328
	318  -  MemoryUsage of job (MB)
	324864  -  ResidentSetSize of job (KB)
...
006 (499.000.000) 02/14 01:43:06 Image size of job updated: 332012
	315  -  MemoryUsage of job (MB)
	322232  -  ResidentSetSize of job (KB)
...
006 (500.000.000) 02/14 01:43:06 Image size of job updated: 331756
	315  -  MemoryUsage of job (MB)
	322164  -  ResidentSetSize of job (KB)
...
006 (493.000.000) 02/14 01:46:11 Image size of job updated: 342896
	326  -  MemoryUsage of job (MB)
	333216  -  ResidentSetSize of job (KB)
...
006 (495.000.000) 02/14 01:46:13 Image size of job updated: 335476
	319  -  MemoryUsage of job (MB)
	325792  -  ResidentSetSize of job (KB)
...
006 (496.000.000) 02/14 01:46:14 Image size of job updated: 334940
	318  -  MemoryUsage of job (MB)
	325284  -  ResidentSetSize of job (KB)
...
006 (494.000.000) 02/14 01:46:15 Image size of job updated: 340080
	323  -  MemoryUsage of job (MB)
	330076  -  ResidentSetSize of job (KB)
...
006 (498.000.000) 02/14 01:47:05 Image size of job updated: 332528
	316  -  MemoryUsage of job (MB)
	322916  -  ResidentSetSize of job (KB)
...
006 (497.000.000) 02/14 01:47:06 Image size of job updated: 338680
	322  -  MemoryUsage of job (MB)
	328976  -  ResidentSetSize of job (KB)
...
006 (499.000.000) 02/14 01:48:07 Image size of job updated: 333292
	316  -  MemoryUsage of job (MB)
	323532  -  ResidentSetSize of job (KB)
...
006 (500.000.000) 02/14 01:48:07 Image size of job updated: 332780
	316  -  MemoryUsage of job (MB)
	323224  -  ResidentSetSize of job (KB)
...
006 (496.000.000) 02/14 01:48:56 Image size of job updated: 337348
	318  -  MemoryUsage of job (MB)
	325284  -  ResidentSetSize of job (KB)
...
005 (496.000.000) 02/14 01:48:56 Job terminated.
	(1) Normal termination (return value 0)
		Usr 0 00:31:11, Sys 0 00:00:16  -  Run Remote Usage
		Usr 0 00:00:00, Sys 0 00:00:00  -  Run Local Usage
		Usr 0 00:31:11, Sys 0 00:00:16  -  Total Remote Usage
		Usr 0 00:00:00, Sys 0 00:00:00  -  Total Local Usage
	323751  -  Run Bytes Sent By Job
	302564384  -  Run Bytes Received By Job
	323751  -  Total Bytes Sent By Job
	302564384  -  Total Bytes Received By Job
	Partitionable Resources :    Usage  Request Allocated
	   Cpus                 :                 1         1
	   Disk (KB)            :   295800   300000 165666520
	   Memory (MB)          :      318        1       479
...
001 (501.000.000) 02/14 01:49:54 Job executing on host: <192.168.5.102:9618?addrs=192.168.5.102-9618+[--1]-9618&noUDP&sock=3044_d2c8_3>
...
006 (501.000.000) 02/14 01:50:03 Image size of job updated: 2
	5  -  MemoryUsage of job (MB)
	5052  -  ResidentSetSize of job (KB)
...
006 (493.000.000) 02/14 01:51:11 Image size of job updated: 345712
	329  -  MemoryUsage of job (MB)
	336028  -  ResidentSetSize of job (KB)
...
006 (495.000.000) 02/14 01:51:14 Image size of job updated: 336500
	320  -  MemoryUsage of job (MB)
	326816  -  ResidentSetSize of job (KB)
...
006 (494.000.000) 02/14 01:51:15 Image size of job updated: 342384
	325  -  MemoryUsage of job (MB)
	332380  -  ResidentSetSize of job (KB)
...
006 (498.000.000) 02/14 01:52:06 Image size of job updated: 334064
	317  -  MemoryUsage of job (MB)
	324464  -  ResidentSetSize of job (KB)
...
006 (497.000.000) 02/14 01:52:07 Image size of job updated: 343544
	327  -  MemoryUsage of job (MB)
	333836  -  ResidentSetSize of job (KB)
...
006 (499.000.000) 02/14 01:53:07 Image size of job updated: 335596
	319  -  MemoryUsage of job (MB)
	325836  -  ResidentSetSize of job (KB)
...
006 (500.000.000) 02/14 01:53:07 Image size of job updated: 334316
	318  -  MemoryUsage of job (MB)
	324760  -  ResidentSetSize of job (KB)
...
006 (501.000.000) 02/14 01:55:03 Image size of job updated: 332528
	316  -  MemoryUsage of job (MB)
	322892  -  ResidentSetSize of job (KB)
...
006 (493.000.000) 02/14 01:56:12 Image size of job updated: 347760
	331  -  MemoryUsage of job (MB)
	338076  -  ResidentSetSize of job (KB)
...
006 (495.000.000) 02/14 01:56:14 Image size of job updated: 337268
	320  -  MemoryUsage of job (MB)
	327588  -  ResidentSetSize of job (KB)
...
006 (494.000.000) 02/14 01:56:16 Image size of job updated: 343664
	326  -  MemoryUsage of job (MB)
	333660  -  ResidentSetSize of job (KB)
...
006 (498.000.000) 02/14 01:57:06 Image size of job updated: 335216
	318  -  MemoryUsage of job (MB)
	325520  -  ResidentSetSize of job (KB)
...
006 (497.000.000) 02/14 01:57:07 Image size of job updated: 348276
	331  -  MemoryUsage of job (MB)
	338484  -  ResidentSetSize of job (KB)
...
006 (493.000.000) 02/14 01:57:21 Image size of job updated: 349584
	331  -  MemoryUsage of job (MB)
	338076  -  ResidentSetSize of job (KB)
...
005 (493.000.000) 02/14 01:57:21 Job terminated.
	(1) Normal termination (return value 0)
		Usr 0 00:39:15, Sys 0 00:00:24  -  Run Remote Usage
		Usr 0 00:00:00, Sys 0 00:00:00  -  Run Local Usage
		Usr 0 00:39:15, Sys 0 00:00:24  -  Total Remote Usage
		Usr 0 00:00:00, Sys 0 00:00:00  -  Total Local Usage
	407672  -  Run Bytes Sent By Job
	302564416  -  Run Bytes Received By Job
	407672  -  Total Bytes Sent By Job
	302564416  -  Total Bytes Received By Job
	Partitionable Resources :    Usage  Request Allocated
	   Cpus                 :                 1         1
	   Disk (KB)            :   295882   300000 165666520
	   Memory (MB)          :      331        1       479
...
006 (494.000.000) 02/14 01:57:27 Image size of job updated: 346000
	326  -  MemoryUsage of job (MB)
	333660  -  ResidentSetSize of job (KB)
...
005 (494.000.000) 02/14 01:57:28 Job terminated.
	(1) Normal termination (return value 0)
		Usr 0 00:39:23, Sys 0 00:00:19  -  Run Remote Usage
		Usr 0 00:00:00, Sys 0 00:00:00  -  Run Local Usage
		Usr 0 00:39:23, Sys 0 00:00:19  -  Total Remote Usage
		Usr 0 00:00:00, Sys 0 00:00:00  -  Total Local Usage
	370951  -  Run Bytes Sent By Job
	302564416  -  Run Bytes Received By Job
	370951  -  Total Bytes Sent By Job
	302564416  -  Total Bytes Received By Job
	Partitionable Resources :    Usage  Request Allocated
	   Cpus                 :                 1         1
	   Disk (KB)            :   295846   300000 165666520
	   Memory (MB)          :      326        1       479
...
006 (495.000.000) 02/14 01:57:32 Image size of job updated: 339092
	320  -  MemoryUsage of job (MB)
	327588  -  ResidentSetSize of job (KB)
...
005 (495.000.000) 02/14 01:57:32 Job terminated.
	(1) Normal termination (return value 0)
		Usr 0 00:39:37, Sys 0 00:00:18  -  Run Remote Usage
		Usr 0 00:00:00, Sys 0 00:00:00  -  Run Local Usage
		Usr 0 00:39:37, Sys 0 00:00:18  -  Total Remote Usage
		Usr 0 00:00:00, Sys 0 00:00:00  -  Total Local Usage
	317631  -  Run Bytes Sent By Job
	302564416  -  Run Bytes Received By Job
	317631  -  Total Bytes Sent By Job
	302564416  -  Total Bytes Received By Job
	Partitionable Resources :    Usage  Request Allocated
	   Cpus                 :                 1         1
	   Disk (KB)            :   295794   300000 165666520
	   Memory (MB)          :      320        1       479
...
001 (504.000.000) 02/14 01:58:01 Job executing on host: <192.168.5.102:9618?addrs=192.168.5.102-9618+[--1]-9618&noUDP&sock=3044_d2c8_3>
...
001 (503.000.000) 02/14 01:58:01 Job executing on host: <192.168.5.102:9618?addrs=192.168.5.102-9618+[--1]-9618&noUDP&sock=3044_d2c8_3>
...
001 (502.000.000) 02/14 01:58:01 Job executing on host: <192.168.5.102:9618?addrs=192.168.5.102-9618+[--1]-9618&noUDP&sock=3044_d2c8_3>
...
006 (500.000.000) 02/14 01:58:08 Image size of job updated: 335728
	319  -  MemoryUsage of job (MB)
	326060  -  ResidentSetSize of job (KB)
...
006 (499.000.000) 02/14 01:58:08 Image size of job updated: 337520
	320  -  MemoryUsage of job (MB)
	327664  -  ResidentSetSize of job (KB)
...
006 (504.000.000) 02/14 01:58:09 Image size of job updated: 235176
	221  -  MemoryUsage of job (MB)
	225468  -  ResidentSetSize of job (KB)
...
006 (503.000.000) 02/14 01:58:10 Image size of job updated: 189952
	176  -  MemoryUsage of job (MB)
	180144  -  ResidentSetSize of job (KB)
...
006 (502.000.000) 02/14 01:58:10 Image size of job updated: 228020
	214  -  MemoryUsage of job (MB)
	218140  -  ResidentSetSize of job (KB)
...
006 (501.000.000) 02/14 02:00:03 Image size of job updated: 334064
	317  -  MemoryUsage of job (MB)
	324452  -  ResidentSetSize of job (KB)
...
006 (498.000.000) 02/14 02:02:07 Image size of job updated: 336496
	320  -  MemoryUsage of job (MB)
	326820  -  ResidentSetSize of job (KB)
...
006 (497.000.000) 02/14 02:02:07 Image size of job updated: 353396
	336  -  MemoryUsage of job (MB)
	343604  -  ResidentSetSize of job (KB)
...
006 (500.000.000) 02/14 02:03:08 Image size of job updated: 337008
	320  -  MemoryUsage of job (MB)
	327356  -  ResidentSetSize of job (KB)
...
006 (499.000.000) 02/14 02:03:08 Image size of job updated: 339056
	322  -  MemoryUsage of job (MB)
	329200  -  ResidentSetSize of job (KB)
...
006 (504.000.000) 02/14 02:03:09 Image size of job updated: 332040
	315  -  MemoryUsage of job (MB)
	322248  -  ResidentSetSize of job (KB)
...
006 (503.000.000) 02/14 02:03:11 Image size of job updated: 332016
	315  -  MemoryUsage of job (MB)
	322328  -  ResidentSetSize of job (KB)
...
006 (502.000.000) 02/14 02:03:11 Image size of job updated: 331504
	314  -  MemoryUsage of job (MB)
	321524  -  ResidentSetSize of job (KB)
...
006 (501.000.000) 02/14 02:05:04 Image size of job updated: 336624
	320  -  MemoryUsage of job (MB)
	327024  -  ResidentSetSize of job (KB)
...
006 (498.000.000) 02/14 02:07:07 Image size of job updated: 337776
	321  -  MemoryUsage of job (MB)
	328080  -  ResidentSetSize of job (KB)
...
006 (497.000.000) 02/14 02:07:08 Image size of job updated: 356980
	340  -  MemoryUsage of job (MB)
	347188  -  ResidentSetSize of job (KB)
...
006 (497.000.000) 02/14 02:07:56 Image size of job updated: 359316
	340  -  MemoryUsage of job (MB)
	347188  -  ResidentSetSize of job (KB)
...
005 (497.000.000) 02/14 02:07:56 Job terminated.
	(1) Normal termination (return value 0)
		Usr 0 00:29:22, Sys 0 00:00:14  -  Run Remote Usage
		Usr 0 00:00:00, Sys 0 00:00:00  -  Run Local Usage
		Usr 0 00:29:22, Sys 0 00:00:14  -  Total Remote Usage
		Usr 0 00:00:00, Sys 0 00:00:00  -  Total Local Usage
	462727  -  Run Bytes Sent By Job
	302564416  -  Run Bytes Received By Job
	462727  -  Total Bytes Sent By Job
	302564416  -  Total Bytes Received By Job
	Partitionable Resources :    Usage  Request Allocated
	   Cpus                 :                 1         1
	   Disk (KB)            :   295935   300000 165666536
	   Memory (MB)          :      340        1       479
...
006 (498.000.000) 02/14 02:08:00 Image size of job updated: 339856
	321  -  MemoryUsage of job (MB)
	328080  -  ResidentSetSize of job (KB)
...
005 (498.000.000) 02/14 02:08:00 Job terminated.
	(1) Normal termination (return value 0)
		Usr 0 00:29:29, Sys 0 00:00:10  -  Run Remote Usage
		Usr 0 00:00:00, Sys 0 00:00:00  -  Run Local Usage
		Usr 0 00:29:29, Sys 0 00:00:10  -  Total Remote Usage
		Usr 0 00:00:00, Sys 0 00:00:00  -  Total Local Usage
	356251  -  Run Bytes Sent By Job
	302564416  -  Run Bytes Received By Job
	356251  -  Total Bytes Sent By Job
	302564416  -  Total Bytes Received By Job
	Partitionable Resources :    Usage  Request Allocated
	   Cpus                 :                 1         1
	   Disk (KB)            :   295831   300000 165666536
	   Memory (MB)          :      321        1       479
...
006 (499.000.000) 02/14 02:08:09 Image size of job updated: 341104
	324  -  MemoryUsage of job (MB)
	331248  -  ResidentSetSize of job (KB)
...
006 (500.000.000) 02/14 02:08:09 Image size of job updated: 338544
	322  -  MemoryUsage of job (MB)
	328896  -  ResidentSetSize of job (KB)
...
006 (504.000.000) 02/14 02:08:11 Image size of job updated: 332808
	316  -  MemoryUsage of job (MB)
	323036  -  ResidentSetSize of job (KB)
...
006 (503.000.000) 02/14 02:08:11 Image size of job updated: 333040
	316  -  MemoryUsage of job (MB)
	323372  -  ResidentSetSize of job (KB)
...
006 (502.000.000) 02/14 02:08:11 Image size of job updated: 332272
	315  -  MemoryUsage of job (MB)
	322324  -  ResidentSetSize of job (KB)
...
006 (500.000.000) 02/14 02:08:43 Image size of job updated: 340112
	322  -  MemoryUsage of job (MB)
	328896  -  ResidentSetSize of job (KB)
...
005 (500.000.000) 02/14 02:08:43 Job terminated.
	(1) Normal termination (return value 0)
		Usr 0 00:29:19, Sys 0 00:00:11  -  Run Remote Usage
		Usr 0 00:00:00, Sys 0 00:00:00  -  Run Local Usage
		Usr 0 00:29:19, Sys 0 00:00:11  -  Total Remote Usage
		Usr 0 00:00:00, Sys 0 00:00:00  -  Total Local Usage
	368653  -  Run Bytes Sent By Job
	302564416  -  Run Bytes Received By Job
	368653  -  Total Bytes Sent By Job
	302564416  -  Total Bytes Received By Job
	Partitionable Resources :    Usage  Request Allocated
	   Cpus                 :                 1         1
	   Disk (KB)            :   295843   300000 165666536
	   Memory (MB)          :      322        1       479
...
001 (506.000.000) 02/14 02:08:50 Job executing on host: <192.168.5.101:9618?addrs=192.168.5.101-9618+[--1]-9618&noUDP&sock=4136_289b_3>
...
001 (505.000.000) 02/14 02:08:53 Job executing on host: <192.168.5.101:9618?addrs=192.168.5.101-9618+[--1]-9618&noUDP&sock=4136_289b_3>
...
006 (506.000.000) 02/14 02:08:54 Image size of job updated: 22620
	0  -  MemoryUsage of job (MB)
	0  -  ResidentSetSize of job (KB)
...
005 (506.000.000) 02/14 02:08:54 Job terminated.
	(1) Normal termination (return value 0)
		Usr 0 00:00:00, Sys 0 00:00:00  -  Run Remote Usage
		Usr 0 00:00:00, Sys 0 00:00:00  -  Run Local Usage
		Usr 0 00:00:00, Sys 0 00:00:00  -  Total Remote Usage
		Usr 0 00:00:00, Sys 0 00:00:00  -  Total Local Usage
	37855  -  Run Bytes Sent By Job
	8145092  -  Run Bytes Received By Job
	37855  -  Total Bytes Sent By Job
	8145092  -  Total Bytes Received By Job
	Partitionable Resources :    Usage  Request Allocated
	   Cpus                 :                 1         1
	   Disk (KB)            :     8001    10000 165666536
	   Memory (MB)          :        0        1       479
...
006 (505.000.000) 02/14 02:09:02 Image size of job updated: 331004
	314  -  MemoryUsage of job (MB)
	321260  -  ResidentSetSize of job (KB)
...
006 (499.000.000) 02/14 02:09:04 Image size of job updated: 343184
	324  -  MemoryUsage of job (MB)
	331248  -  ResidentSetSize of job (KB)
...
005 (499.000.000) 02/14 02:09:04 Job terminated.
	(1) Normal termination (return value 0)
		Usr 0 00:29:34, Sys 0 00:00:14  -  Run Remote Usage
		Usr 0 00:00:00, Sys 0 00:00:00  -  Run Local Usage
		Usr 0 00:29:34, Sys 0 00:00:14  -  Total Remote Usage
		Usr 0 00:00:00, Sys 0 00:00:00  -  Total Local Usage
	341805  -  Run Bytes Sent By Job
	302564416  -  Run Bytes Received By Job
	341805  -  Total Bytes Sent By Job
	302564416  -  Total Bytes Received By Job
	Partitionable Resources :    Usage  Request Allocated
	   Cpus                 :                 1         1
	   Disk (KB)            :   295817   300000 165666536
	   Memory (MB)          :      324        1       479
...
006 (501.000.000) 02/14 02:10:04 Image size of job updated: 339440
	323  -  MemoryUsage of job (MB)
	329836  -  ResidentSetSize of job (KB)
...
006 (504.000.000) 02/14 02:13:11 Image size of job updated: 334344
	317  -  MemoryUsage of job (MB)
	324580  -  ResidentSetSize of job (KB)
...
006 (503.000.000) 02/14 02:13:11 Image size of job updated: 334320
	318  -  MemoryUsage of job (MB)
	324664  -  ResidentSetSize of job (KB)
...
006 (502.000.000) 02/14 02:13:11 Image size of job updated: 333040
	316  -  MemoryUsage of job (MB)
	323096  -  ResidentSetSize of job (KB)
...
006 (505.000.000) 02/14 02:14:04 Image size of job updated: 331516
	315  -  MemoryUsage of job (MB)
	321920  -  ResidentSetSize of job (KB)
...
006 (501.000.000) 02/14 02:15:05 Image size of job updated: 342120
	325  -  MemoryUsage of job (MB)
	332432  -  ResidentSetSize of job (KB)
...
006 (504.000.000) 02/14 02:18:11 Image size of job updated: 336136
	319  -  MemoryUsage of job (MB)
	326372  -  ResidentSetSize of job (KB)
...
006 (503.000.000) 02/14 02:18:12 Image size of job updated: 336624
	320  -  MemoryUsage of job (MB)
	326968  -  ResidentSetSize of job (KB)
...
006 (502.000.000) 02/14 02:18:12 Image size of job updated: 334576
	318  -  MemoryUsage of job (MB)
	324632  -  ResidentSetSize of job (KB)
...
006 (505.000.000) 02/14 02:19:04 Image size of job updated: 332284
	316  -  MemoryUsage of job (MB)
	322724  -  ResidentSetSize of job (KB)
...
006 (501.000.000) 02/14 02:20:05 Image size of job updated: 344168
	327  -  MemoryUsage of job (MB)
	334420  -  ResidentSetSize of job (KB)
...
006 (504.000.000) 02/14 02:23:12 Image size of job updated: 338036
	321  -  MemoryUsage of job (MB)
	328132  -  ResidentSetSize of job (KB)
...
006 (502.000.000) 02/14 02:23:12 Image size of job updated: 335728
	318  -  MemoryUsage of job (MB)
	325604  -  ResidentSetSize of job (KB)
...
006 (503.000.000) 02/14 02:23:12 Image size of job updated: 338288
	321  -  MemoryUsage of job (MB)
	328468  -  ResidentSetSize of job (KB)
...
006 (505.000.000) 02/14 02:24:04 Image size of job updated: 333940
	317  -  MemoryUsage of job (MB)
	324448  -  ResidentSetSize of job (KB)
...
006 (501.000.000) 02/14 02:25:07 Image size of job updated: 347240
	330  -  MemoryUsage of job (MB)
	337480  -  ResidentSetSize of job (KB)
...
006 (504.000.000) 02/14 02:28:12 Image size of job updated: 339316
	322  -  MemoryUsage of job (MB)
	329412  -  ResidentSetSize of job (KB)
...
006 (502.000.000) 02/14 02:28:13 Image size of job updated: 336752
	319  -  MemoryUsage of job (MB)
	326652  -  ResidentSetSize of job (KB)
...
006 (503.000.000) 02/14 02:28:13 Image size of job updated: 339568
	323  -  MemoryUsage of job (MB)
	329748  -  ResidentSetSize of job (KB)
...
006 (505.000.000) 02/14 02:29:06 Image size of job updated: 334708
	318  -  MemoryUsage of job (MB)
	325068  -  ResidentSetSize of job (KB)
...
006 (501.000.000) 02/14 02:30:07 Image size of job updated: 350600
	333  -  MemoryUsage of job (MB)
	340964  -  ResidentSetSize of job (KB)
...
005 (501.000.000) 02/14 02:30:07 Job terminated.
	(1) Normal termination (return value 0)
		Usr 0 00:38:20, Sys 0 00:00:26  -  Run Remote Usage
		Usr 0 00:00:00, Sys 0 00:00:00  -  Run Local Usage
		Usr 0 00:38:20, Sys 0 00:00:26  -  Total Remote Usage
		Usr 0 00:00:00, Sys 0 00:00:00  -  Total Local Usage
	393562  -  Run Bytes Sent By Job
	302564416  -  Run Bytes Received By Job
	393562  -  Total Bytes Sent By Job
	302564416  -  Total Bytes Received By Job
	Partitionable Resources :    Usage  Request Allocated
	   Cpus                 :                 1         1
	   Disk (KB)            :   295868   300000 165666520
	   Memory (MB)          :      333        1       479
...
006 (504.000.000) 02/14 02:33:13 Image size of job updated: 341620
	324  -  MemoryUsage of job (MB)
	331716  -  ResidentSetSize of job (KB)
...
006 (502.000.000) 02/14 02:33:14 Image size of job updated: 338288
	321  -  MemoryUsage of job (MB)
	328184  -  ResidentSetSize of job (KB)
...
006 (503.000.000) 02/14 02:33:14 Image size of job updated: 342128
	325  -  MemoryUsage of job (MB)
	332308  -  ResidentSetSize of job (KB)
...
006 (505.000.000) 02/14 02:34:06 Image size of job updated: 335988
	319  -  MemoryUsage of job (MB)
	326344  -  ResidentSetSize of job (KB)
...
006 (503.000.000) 02/14 02:36:17 Image size of job updated: 344720
	325  -  MemoryUsage of job (MB)
	332308  -  ResidentSetSize of job (KB)
...
005 (503.000.000) 02/14 02:36:17 Job terminated.
	(1) Normal termination (return value 0)
		Usr 0 00:36:31, Sys 0 00:00:16  -  Run Remote Usage
		Usr 0 00:00:00, Sys 0 00:00:00  -  Run Local Usage
		Usr 0 00:36:31, Sys 0 00:00:16  -  Total Remote Usage
		Usr 0 00:00:00, Sys 0 00:00:00  -  Total Local Usage
	368040  -  Run Bytes Sent By Job
	302564416  -  Run Bytes Received By Job
	368040  -  Total Bytes Sent By Job
	302564416  -  Total Bytes Received By Job
	Partitionable Resources :    Usage  Request Allocated
	   Cpus                 :                 1         1
	   Disk (KB)            :   295843   300000 165666520
	   Memory (MB)          :      325        1       479
...
006 (502.000.000) 02/14 02:36:28 Image size of job updated: 340624
	321  -  MemoryUsage of job (MB)
	328184  -  ResidentSetSize of job (KB)
...
005 (502.000.000) 02/14 02:36:28 Job terminated.
	(1) Normal termination (return value 0)
		Usr 0 00:36:34, Sys 0 00:00:23  -  Run Remote Usage
		Usr 0 00:00:00, Sys 0 00:00:00  -  Run Local Usage
		Usr 0 00:36:34, Sys 0 00:00:23  -  Total Remote Usage
		Usr 0 00:00:00, Sys 0 00:00:00  -  Total Local Usage
	327863  -  Run Bytes Sent By Job
	302564416  -  Run Bytes Received By Job
	327863  -  Total Bytes Sent By Job
	302564416  -  Total Bytes Received By Job
	Partitionable Resources :    Usage  Request Allocated
	   Cpus                 :                 1         1
	   Disk (KB)            :   295804   300000 165666520
	   Memory (MB)          :      321        1       479
...
006 (504.000.000) 02/14 02:36:38 Image size of job updated: 344212
	324  -  MemoryUsage of job (MB)
	331716  -  ResidentSetSize of job (KB)
...
005 (504.000.000) 02/14 02:36:38 Job terminated.
	(1) Normal termination (return value 0)
		Usr 0 00:36:44, Sys 0 00:00:22  -  Run Remote Usage
		Usr 0 00:00:00, Sys 0 00:00:00  -  Run Local Usage
		Usr 0 00:36:44, Sys 0 00:00:22  -  Total Remote Usage
		Usr 0 00:00:00, Sys 0 00:00:00  -  Total Local Usage
	367960  -  Run Bytes Sent By Job
	302564416  -  Run Bytes Received By Job
	367960  -  Total Bytes Sent By Job
	302564416  -  Total Bytes Received By Job
	Partitionable Resources :    Usage  Request Allocated
	   Cpus                 :                 1         1
	   Disk (KB)            :   295843   300000 165666520
	   Memory (MB)          :      324        1       479
...
006 (505.000.000) 02/14 02:36:40 Image size of job updated: 338068
	319  -  MemoryUsage of job (MB)
	326344  -  ResidentSetSize of job (KB)
...
005 (505.000.000) 02/14 02:36:40 Job terminated.
	(1) Normal termination (return value 0)
		Usr 0 00:26:34, Sys 0 00:00:10  -  Run Remote Usage
		Usr 0 00:00:00, Sys 0 00:00:00  -  Run Local Usage
		Usr 0 00:26:34, Sys 0 00:00:10  -  Total Remote Usage
		Usr 0 00:00:00, Sys 0 00:00:00  -  Total Local Usage
	295355  -  Run Bytes Sent By Job
	302564416  -  Run Bytes Received By Job
	295355  -  Total Bytes Sent By Job
	302564416  -  Total Bytes Received By Job
	Partitionable Resources :    Usage  Request Allocated
	   Cpus                 :                 1         1
	   Disk (KB)            :   295772   300000 165666536
	   Memory (MB)          :      319        1       479
...
000 (507.000.000) 02/14 02:36:54 Job submitted from host: <192.168.5.10:9618?addrs=192.168.5.10-9618+[--1]-9618&noUDP&sock=2698_7f03_4>
    DAG Node: individuals_merge_ID0000026
    pool:condorpool
...
001 (507.000.000) 02/14 02:37:11 Job executing on host: <192.168.5.102:9618?addrs=192.168.5.102-9618+[--1]-9618&noUDP&sock=3044_d2c8_3>
...
006 (507.000.000) 02/14 02:37:19 Image size of job updated: 2
	5  -  MemoryUsage of job (MB)
	4988  -  ResidentSetSize of job (KB)
...
006 (507.000.000) 02/14 02:42:19 Image size of job updated: 35340
	25  -  MemoryUsage of job (MB)
	24804  -  ResidentSetSize of job (KB)
...
006 (507.000.000) 02/14 02:47:20 Image size of job updated: 57844
	47  -  MemoryUsage of job (MB)
	47216  -  ResidentSetSize of job (KB)
...
006 (507.000.000) 02/14 02:52:20 Image size of job updated: 72712
	61  -  MemoryUsage of job (MB)
	62148  -  ResidentSetSize of job (KB)
...
006 (507.000.000) 02/14 02:57:21 Image size of job updated: 93344
	81  -  MemoryUsage of job (MB)
	82768  -  ResidentSetSize of job (KB)
...
006 (507.000.000) 02/14 03:02:21 Image size of job updated: 108476
	96  -  MemoryUsage of job (MB)
	98092  -  ResidentSetSize of job (KB)
...
006 (507.000.000) 02/14 03:07:22 Image size of job updated: 123084
	110  -  MemoryUsage of job (MB)
	112588  -  ResidentSetSize of job (KB)
...
006 (507.000.000) 02/14 03:12:22 Image size of job updated: 141672
	129  -  MemoryUsage of job (MB)
	131096  -  ResidentSetSize of job (KB)
...
006 (507.000.000) 02/14 03:15:11 Image size of job updated: 150108
	129  -  MemoryUsage of job (MB)
	131096  -  ResidentSetSize of job (KB)
...
005 (507.000.000) 02/14 03:15:11 Job terminated.
	(1) Normal termination (return value 0)
		Usr 0 00:01:55, Sys 0 00:00:58  -  Run Remote Usage
		Usr 0 00:00:00, Sys 0 00:00:00  -  Run Local Usage
		Usr 0 00:01:55, Sys 0 00:00:58  -  Total Remote Usage
		Usr 0 00:00:00, Sys 0 00:00:00  -  Total Local Usage
	16420882  -  Run Bytes Sent By Job
	4389235  -  Run Bytes Received By Job
	16420882  -  Total Bytes Sent By Job
	4389235  -  Total Bytes Received By Job
	Partitionable Resources :    Usage  Request Allocated
	   Cpus                 :                 1         1
	   Disk (KB)            :    20336     4500 165666520
	   Memory (MB)          :      129        1       479
...
000 (508.000.000) 02/14 03:15:26 Job submitted from host: <192.168.5.10:9618?addrs=192.168.5.10-9618+[--1]-9618&noUDP&sock=2698_7f03_4>
    DAG Node: frequency_ID0000041
    pool:condorpool
...
000 (509.000.000) 02/14 03:15:26 Job submitted from host: <192.168.5.10:9618?addrs=192.168.5.10-9618+[--1]-9618&noUDP&sock=2698_7f03_4>
    DAG Node: frequency_ID0000035
    pool:condorpool
...
000 (510.000.000) 02/14 03:15:26 Job submitted from host: <192.168.5.10:9618?addrs=192.168.5.10-9618+[--1]-9618&noUDP&sock=2698_7f03_4>
    DAG Node: mutation_overlap_ID0000030
    pool:condorpool
...
000 (511.000.000) 02/14 03:15:26 Job submitted from host: <192.168.5.10:9618?addrs=192.168.5.10-9618+[--1]-9618&noUDP&sock=2698_7f03_4>
    DAG Node: frequency_ID0000037
    pool:condorpool
...
000 (512.000.000) 02/14 03:15:26 Job submitted from host: <192.168.5.10:9618?addrs=192.168.5.10-9618+[--1]-9618&noUDP&sock=2698_7f03_4>
    DAG Node: mutation_overlap_ID0000032
    pool:condorpool
...
000 (513.000.000) 02/14 03:15:31 Job submitted from host: <192.168.5.10:9618?addrs=192.168.5.10-9618+[--1]-9618&noUDP&sock=2698_7f03_4>
    DAG Node: frequency_ID0000031
    pool:condorpool
...
001 (512.000.000) 02/14 03:15:31 Job executing on host: <192.168.5.101:9618?addrs=192.168.5.101-9618+[--1]-9618&noUDP&sock=4136_289b_3>
...
000 (514.000.000) 02/14 03:15:31 Job submitted from host: <192.168.5.10:9618?addrs=192.168.5.10-9618+[--1]-9618&noUDP&sock=2698_7f03_4>
    DAG Node: frequency_ID0000033
    pool:condorpool
...
000 (515.000.000) 02/14 03:15:31 Job submitted from host: <192.168.5.10:9618?addrs=192.168.5.10-9618+[--1]-9618&noUDP&sock=2698_7f03_4>
    DAG Node: mutation_overlap_ID0000040
    pool:condorpool
...
000 (516.000.000) 02/14 03:15:31 Job submitted from host: <192.168.5.10:9618?addrs=192.168.5.10-9618+[--1]-9618&noUDP&sock=2698_7f03_4>
    DAG Node: mutation_overlap_ID0000028
    pool:condorpool
...
000 (517.000.000) 02/14 03:15:32 Job submitted from host: <192.168.5.10:9618?addrs=192.168.5.10-9618+[--1]-9618&noUDP&sock=2698_7f03_4>
    DAG Node: mutation_overlap_ID0000038
    pool:condorpool
...
001 (508.000.000) 02/14 03:15:32 Job executing on host: <192.168.5.102:9618?addrs=192.168.5.102-9618+[--1]-9618&noUDP&sock=3044_d2c8_3>
...
001 (509.000.000) 02/14 03:15:32 Job executing on host: <192.168.5.102:9618?addrs=192.168.5.102-9618+[--1]-9618&noUDP&sock=3044_d2c8_3>
...
001 (511.000.000) 02/14 03:15:32 Job executing on host: <192.168.5.102:9618?addrs=192.168.5.102-9618+[--1]-9618&noUDP&sock=3044_d2c8_3>
...
001 (510.000.000) 02/14 03:15:32 Job executing on host: <192.168.5.102:9618?addrs=192.168.5.102-9618+[--1]-9618&noUDP&sock=3044_d2c8_3>
...
000 (518.000.000) 02/14 03:15:37 Job submitted from host: <192.168.5.10:9618?addrs=192.168.5.10-9618+[--1]-9618&noUDP&sock=2698_7f03_4>
    DAG Node: frequency_ID0000039
    pool:condorpool
...
000 (519.000.000) 02/14 03:15:37 Job submitted from host: <192.168.5.10:9618?addrs=192.168.5.10-9618+[--1]-9618&noUDP&sock=2698_7f03_4>
    DAG Node: mutation_overlap_ID0000034
    pool:condorpool
...
000 (520.000.000) 02/14 03:15:37 Job submitted from host: <192.168.5.10:9618?addrs=192.168.5.10-9618+[--1]-9618&noUDP&sock=2698_7f03_4>
    DAG Node: frequency_ID0000029
    pool:condorpool
...
000 (521.000.000) 02/14 03:15:37 Job submitted from host: <192.168.5.10:9618?addrs=192.168.5.10-9618+[--1]-9618&noUDP&sock=2698_7f03_4>
    DAG Node: mutation_overlap_ID0000036
    pool:condorpool
...
006 (512.000.000) 02/14 03:15:40 Image size of job updated: 2
	5  -  MemoryUsage of job (MB)
	4992  -  ResidentSetSize of job (KB)
...
006 (508.000.000) 02/14 03:15:41 Image size of job updated: 5112
	3  -  MemoryUsage of job (MB)
	2564  -  ResidentSetSize of job (KB)
...
006 (509.000.000) 02/14 03:15:41 Image size of job updated: 5112
	3  -  MemoryUsage of job (MB)
	2564  -  ResidentSetSize of job (KB)
...
006 (510.000.000) 02/14 03:15:41 Image size of job updated: 2
	5  -  MemoryUsage of job (MB)
	4792  -  ResidentSetSize of job (KB)
...
006 (511.000.000) 02/14 03:15:41 Image size of job updated: 18560
	5  -  MemoryUsage of job (MB)
	4864  -  ResidentSetSize of job (KB)
...
001 (513.000.000) 02/14 03:15:52 Job executing on host: <192.168.5.101:9618?addrs=192.168.5.101-9618+[--1]-9618&noUDP&sock=4136_289b_3>
...
001 (515.000.000) 02/14 03:15:52 Job executing on host: <192.168.5.101:9618?addrs=192.168.5.101-9618+[--1]-9618&noUDP&sock=4136_289b_3>
...
001 (514.000.000) 02/14 03:15:52 Job executing on host: <192.168.5.101:9618?addrs=192.168.5.101-9618+[--1]-9618&noUDP&sock=4136_289b_3>
...
006 (514.000.000) 02/14 03:16:00 Image size of job updated: 2
	5  -  MemoryUsage of job (MB)
	4904  -  ResidentSetSize of job (KB)
...
006 (513.000.000) 02/14 03:16:01 Image size of job updated: 65444
	42  -  MemoryUsage of job (MB)
	42552  -  ResidentSetSize of job (KB)
...
006 (515.000.000) 02/14 03:16:01 Image size of job updated: 65500
	42  -  MemoryUsage of job (MB)
	42644  -  ResidentSetSize of job (KB)
...
006 (510.000.000) 02/14 03:17:38 Image size of job updated: 71132
	5  -  MemoryUsage of job (MB)
	4792  -  ResidentSetSize of job (KB)
...
005 (510.000.000) 02/14 03:17:38 Job terminated.
	(1) Normal termination (return value 0)
		Usr 0 00:00:09, Sys 0 00:00:02  -  Run Remote Usage
		Usr 0 00:00:00, Sys 0 00:00:00  -  Run Local Usage
		Usr 0 00:00:09, Sys 0 00:00:02  -  Total Remote Usage
		Usr 0 00:00:00, Sys 0 00:00:00  -  Total Local Usage
	426892  -  Run Bytes Sent By Job
	16518756  -  Run Bytes Received By Job
	426892  -  Total Bytes Sent By Job
	16518756  -  Total Bytes Received By Job
	Partitionable Resources :    Usage  Request Allocated
	   Cpus                 :                 1         1
	   Disk (KB)            :    88580    17500 165666520
	   Memory (MB)          :        5        1       479
...
006 (515.000.000) 02/14 03:17:53 Image size of job updated: 66524
	42  -  MemoryUsage of job (MB)
	42644  -  ResidentSetSize of job (KB)
...
005 (515.000.000) 02/14 03:17:53 Job terminated.
	(1) Normal termination (return value 0)
		Usr 0 00:00:07, Sys 0 00:00:02  -  Run Remote Usage
		Usr 0 00:00:00, Sys 0 00:00:00  -  Run Local Usage
		Usr 0 00:00:07, Sys 0 00:00:02  -  Total Remote Usage
		Usr 0 00:00:00, Sys 0 00:00:00  -  Total Local Usage
	349674  -  Run Bytes Sent By Job
	16514364  -  Run Bytes Received By Job
	349674  -  Total Bytes Sent By Job
	16514364  -  Total Bytes Received By Job
	Partitionable Resources :    Usage  Request Allocated
	   Cpus                 :                 1         1
	   Disk (KB)            :    87846    17500 165666536
	   Memory (MB)          :       42        1       479
...
006 (512.000.000) 02/14 03:18:44 Image size of job updated: 253312
	5  -  MemoryUsage of job (MB)
	4992  -  ResidentSetSize of job (KB)
...
005 (512.000.000) 02/14 03:18:44 Job terminated.
	(1) Normal termination (return value 0)
		Usr 0 00:01:05, Sys 0 00:00:04  -  Run Remote Usage
		Usr 0 00:00:00, Sys 0 00:00:00  -  Run Local Usage
		Usr 0 00:01:05, Sys 0 00:00:04  -  Total Remote Usage
		Usr 0 00:00:00, Sys 0 00:00:00  -  Total Local Usage
	1980049  -  Run Bytes Sent By Job
	16541508  -  Run Bytes Received By Job
	1980049  -  Total Bytes Sent By Job
	16541508  -  Total Bytes Received By Job
	Partitionable Resources :    Usage  Request Allocated
	   Cpus                 :                 1         1
	   Disk (KB)            :   105521    17500 165666536
	   Memory (MB)          :        5        1       479
...
001 (518.000.000) 02/14 03:18:52 Job executing on host: <192.168.5.101:9618?addrs=192.168.5.101-9618+[--1]-9618&noUDP&sock=4136_289b_3>
...
001 (517.000.000) 02/14 03:18:52 Job executing on host: <192.168.5.102:9618?addrs=192.168.5.102-9618+[--1]-9618&noUDP&sock=3044_d2c8_3>
...
006 (517.000.000) 02/14 03:19:00 Image size of job updated: 2
	5  -  MemoryUsage of job (MB)
	4980  -  ResidentSetSize of job (KB)
...
006 (518.000.000) 02/14 03:19:01 Image size of job updated: 65440
	42  -  MemoryUsage of job (MB)
	42548  -  ResidentSetSize of job (KB)
...
001 (516.000.000) 02/14 03:19:52 Job executing on host: <192.168.5.101:9618?addrs=192.168.5.101-9618+[--1]-9618&noUDP&sock=4136_289b_3>
...
006 (516.000.000) 02/14 03:20:01 Image size of job updated: 65500
	42  -  MemoryUsage of job (MB)
	42532  -  ResidentSetSize of job (KB)
...
006 (508.000.000) 02/14 03:20:42 Image size of job updated: 92392
	64  -  MemoryUsage of job (MB)
	64680  -  ResidentSetSize of job (KB)
...
006 (509.000.000) 02/14 03:20:42 Image size of job updated: 93220
	70  -  MemoryUsage of job (MB)
	70692  -  ResidentSetSize of job (KB)
...
006 (511.000.000) 02/14 03:20:42 Image size of job updated: 93884
	68  -  MemoryUsage of job (MB)
	68920  -  ResidentSetSize of job (KB)
...
006 (514.000.000) 02/14 03:21:00 Image size of job updated: 96976
	65  -  MemoryUsage of job (MB)
	66108  -  ResidentSetSize of job (KB)
...
006 (513.000.000) 02/14 03:21:01 Image size of job updated: 92816
	65  -  MemoryUsage of job (MB)
	65876  -  ResidentSetSize of job (KB)
...
006 (517.000.000) 02/14 03:21:01 Image size of job updated: 66500
	5  -  MemoryUsage of job (MB)
	4980  -  ResidentSetSize of job (KB)
...
005 (517.000.000) 02/14 03:21:02 Job terminated.
	(1) Normal termination (return value 0)
		Usr 0 00:00:07, Sys 0 00:00:03  -  Run Remote Usage
		Usr 0 00:00:00, Sys 0 00:00:00  -  Run Local Usage
		Usr 0 00:00:07, Sys 0 00:00:03  -  Total Remote Usage
		Usr 0 00:00:00, Sys 0 00:00:00  -  Total Local Usage
	390030  -  Run Bytes Sent By Job
	16517756  -  Run Bytes Received By Job
	390030  -  Total Bytes Sent By Job
	16517756  -  Total Bytes Received By Job
	Partitionable Resources :    Usage  Request Allocated
	   Cpus                 :                 1         1
	   Disk (KB)            :    88251    17500 165666520
	   Memory (MB)          :        5        1       479
...
001 (519.000.000) 02/14 03:21:52 Job executing on host: <192.168.5.102:9618?addrs=192.168.5.102-9618+[--1]-9618&noUDP&sock=3044_d2c8_3>
...
006 (519.000.000) 02/14 03:22:00 Image size of job updated: 2
	5  -  MemoryUsage of job (MB)
	4976  -  ResidentSetSize of job (KB)
...
006 (516.000.000) 02/14 03:22:05 Image size of job updated: 93696
	42  -  MemoryUsage of job (MB)
	42532  -  ResidentSetSize of job (KB)
...
005 (516.000.000) 02/14 03:22:05 Job terminated.
	(1) Normal termination (return value 0)
		Usr 0 00:00:18, Sys 0 00:00:03  -  Run Remote Usage
		Usr 0 00:00:00, Sys 0 00:00:00  -  Run Local Usage
		Usr 0 00:00:18, Sys 0 00:00:03  -  Total Remote Usage
		Usr 0 00:00:00, Sys 0 00:00:00  -  Total Local Usage
	589146  -  Run Bytes Sent By Job
	16521273  -  Run Bytes Received By Job
	589146  -  Total Bytes Sent By Job
	16521273  -  Total Bytes Received By Job
	Partitionable Resources :    Usage  Request Allocated
	   Cpus                 :                 1         1
	   Disk (KB)            :    89604    17500 165666536
	   Memory (MB)          :       42        1       479
...
001 (520.000.000) 02/14 03:22:53 Job executing on host: <192.168.5.101:9618?addrs=192.168.5.101-9618+[--1]-9618&noUDP&sock=4136_289b_3>
...
006 (520.000.000) 02/14 03:23:02 Image size of job updated: 65440
	42  -  MemoryUsage of job (MB)
	42588  -  ResidentSetSize of job (KB)
...
006 (518.000.000) 02/14 03:24:01 Image size of job updated: 93580
	62  -  MemoryUsage of job (MB)
	63356  -  ResidentSetSize of job (KB)
...
006 (519.000.000) 02/14 03:24:54 Image size of job updated: 82400
	5  -  MemoryUsage of job (MB)
	4976  -  ResidentSetSize of job (KB)
...
005 (519.000.000) 02/14 03:24:54 Job terminated.
	(1) Normal termination (return value 0)
		Usr 0 00:00:10, Sys 0 00:00:03  -  Run Remote Usage
		Usr 0 00:00:00, Sys 0 00:00:00  -  Run Local Usage
		Usr 0 00:00:10, Sys 0 00:00:03  -  Total Remote Usage
		Usr 0 00:00:00, Sys 0 00:00:00  -  Total Local Usage
	411799  -  Run Bytes Sent By Job
	16518497  -  Run Bytes Received By Job
	411799  -  Total Bytes Sent By Job
	16518497  -  Total Bytes Received By Job
	Partitionable Resources :    Usage  Request Allocated
	   Cpus                 :                 1         1
	   Disk (KB)            :    88589    17500 165666520
	   Memory (MB)          :        5        1       479
...
006 (509.000.000) 02/14 03:25:43 Image size of job updated: 93632
	70  -  MemoryUsage of job (MB)
	70692  -  ResidentSetSize of job (KB)
...
006 (511.000.000) 02/14 03:25:43 Image size of job updated: 94832
	68  -  MemoryUsage of job (MB)
	68920  -  ResidentSetSize of job (KB)
...
006 (508.000.000) 02/14 03:25:44 Image size of job updated: 93184
	64  -  MemoryUsage of job (MB)
	64736  -  ResidentSetSize of job (KB)
...
001 (521.000.000) 02/14 03:25:51 Job executing on host: <192.168.5.102:9618?addrs=192.168.5.102-9618+[--1]-9618&noUDP&sock=3044_d2c8_3>
...
006 (521.000.000) 02/14 03:26:00 Image size of job updated: 2
	5  -  MemoryUsage of job (MB)
	4900  -  ResidentSetSize of job (KB)
...
006 (514.000.000) 02/14 03:26:01 Image size of job updated: 98608
	67  -  MemoryUsage of job (MB)
	68208  -  ResidentSetSize of job (KB)
...
006 (513.000.000) 02/14 03:26:02 Image size of job updated: 94788
	70  -  MemoryUsage of job (MB)
	70692  -  ResidentSetSize of job (KB)
...
005 (508.000.000) 02/14 03:27:54 Job terminated.
	(1) Normal termination (return value 0)
		Usr 0 00:08:07, Sys 0 00:00:44  -  Run Remote Usage
		Usr 0 00:00:00, Sys 0 00:00:00  -  Run Local Usage
		Usr 0 00:08:07, Sys 0 00:00:44  -  Total Remote Usage
		Usr 0 00:00:00, Sys 0 00:00:00  -  Total Local Usage
	12160909  -  Run Bytes Sent By Job
	16507800  -  Run Bytes Received By Job
	12160909  -  Total Bytes Sent By Job
	16507800  -  Total Bytes Received By Job
	Partitionable Resources :    Usage  Request Allocated
	   Cpus                 :                 1         1
	   Disk (KB)            :   115583    17500 165666520
	   Memory (MB)          :       64        1       479
...
006 (521.000.000) 02/14 03:27:55 Image size of job updated: 89324
	5  -  MemoryUsage of job (MB)
	4900  -  ResidentSetSize of job (KB)
...
005 (521.000.000) 02/14 03:27:56 Job terminated.
	(1) Normal termination (return value 0)
		Usr 0 00:00:16, Sys 0 00:00:03  -  Run Remote Usage
		Usr 0 00:00:00, Sys 0 00:00:00  -  Run Local Usage
		Usr 0 00:00:16, Sys 0 00:00:03  -  Total Remote Usage
		Usr 0 00:00:00, Sys 0 00:00:00  -  Total Local Usage
	468489  -  Run Bytes Sent By Job
	16518081  -  Run Bytes Received By Job
	468489  -  Total Bytes Sent By Job
	16518081  -  Total Bytes Received By Job
	Partitionable Resources :    Usage  Request Allocated
	   Cpus                 :                 1         1
	   Disk (KB)            :    88705    17500 165666520
	   Memory (MB)          :        5        1       479
...
006 (520.000.000) 02/14 03:28:02 Image size of job updated: 92844
	70  -  MemoryUsage of job (MB)
	70788  -  ResidentSetSize of job (KB)
...
005 (509.000.000) 02/14 03:28:23 Job terminated.
	(1) Normal termination (return value 0)
		Usr 0 00:08:36, Sys 0 00:00:46  -  Run Remote Usage
		Usr 0 00:00:00, Sys 0 00:00:00  -  Run Local Usage
		Usr 0 00:08:36, Sys 0 00:00:46  -  Total Remote Usage
		Usr 0 00:00:00, Sys 0 00:00:00  -  Total Local Usage
	12693144  -  Run Bytes Sent By Job
	16511933  -  Run Bytes Received By Job
	12693144  -  Total Bytes Sent By Job
	16511933  -  Total Bytes Received By Job
	Partitionable Resources :    Usage  Request Allocated
	   Cpus                 :                 1         1
	   Disk (KB)            :   116667    17500 165666520
	   Memory (MB)          :       70        1       479
...
006 (518.000.000) 02/14 03:29:02 Image size of job updated: 94772
	68  -  MemoryUsage of job (MB)
	69056  -  ResidentSetSize of job (KB)
...
005 (511.000.000) 02/14 03:29:12 Job terminated.
	(1) Normal termination (return value 0)
		Usr 0 00:09:08, Sys 0 00:00:47  -  Run Remote Usage
		Usr 0 00:00:00, Sys 0 00:00:00  -  Run Local Usage
		Usr 0 00:09:08, Sys 0 00:00:47  -  Total Remote Usage
		Usr 0 00:00:00, Sys 0 00:00:00  -  Total Local Usage
	13546469  -  Run Bytes Sent By Job
	16511517  -  Run Bytes Received By Job
	13546469  -  Total Bytes Sent By Job
	16511517  -  Total Bytes Received By Job
	Partitionable Resources :    Usage  Request Allocated
	   Cpus                 :                 1         1
	   Disk (KB)            :   118410    17500 165666520
	   Memory (MB)          :       68        1       479
...
005 (513.000.000) 02/14 03:29:54 Job terminated.
	(1) Normal termination (return value 0)
		Usr 0 00:09:39, Sys 0 00:00:52  -  Run Remote Usage
		Usr 0 00:00:00, Sys 0 00:00:00  -  Run Local Usage
		Usr 0 00:09:39, Sys 0 00:00:52  -  Total Remote Usage
		Usr 0 00:00:00, Sys 0 00:00:00  -  Total Local Usage
	13912999  -  Run Bytes Sent By Job
	16512192  -  Run Bytes Received By Job
	13912999  -  Total Bytes Sent By Job
	16512192  -  Total Bytes Received By Job
	Partitionable Resources :    Usage  Request Allocated
	   Cpus                 :                 1         1
	   Disk (KB)            :   119211    17500 165666536
	   Memory (MB)          :       70        1       479
...
000 (522.000.000) 02/14 03:30:07 Job submitted from host: <192.168.5.10:9618?addrs=192.168.5.10-9618+[--1]-9618&noUDP&sock=2698_7f03_4>
    DAG Node: stage_out_local_local_2_1
    pool:local
...
001 (522.000.000) 02/14 03:30:07 Job executing on host: <192.168.5.10:9618?addrs=192.168.5.10-9618+[--1]-9618&noUDP&sock=2749_ab49_420>
...
005 (522.000.000) 02/14 03:30:11 Job terminated.
	(1) Normal termination (return value 0)
		Usr 0 00:00:00, Sys 0 00:00:00  -  Run Remote Usage
		Usr 0 00:00:00, Sys 0 00:00:00  -  Run Local Usage
		Usr 0 00:00:00, Sys 0 00:00:00  -  Total Remote Usage
		Usr 0 00:00:00, Sys 0 00:00:00  -  Total Local Usage
	0  -  Run Bytes Sent By Job
	0  -  Run Bytes Received By Job
	0  -  Total Bytes Sent By Job
	0  -  Total Bytes Received By Job
...
005 (514.000.000) 02/14 03:30:23 Job terminated.
	(1) Normal termination (return value 0)
		Usr 0 00:10:05, Sys 0 00:00:53  -  Run Remote Usage
		Usr 0 00:00:00, Sys 0 00:00:00  -  Run Local Usage
		Usr 0 00:10:05, Sys 0 00:00:53  -  Total Remote Usage
		Usr 0 00:00:00, Sys 0 00:00:00  -  Total Local Usage
	14073934  -  Run Bytes Sent By Job
	16534944  -  Run Bytes Received By Job
	14073934  -  Total Bytes Sent By Job
	16534944  -  Total Bytes Received By Job
	Partitionable Resources :    Usage  Request Allocated
	   Cpus                 :                 1         1
	   Disk (KB)            :   120301    17500 165666536
	   Memory (MB)          :       67        1       479
...
005 (518.000.000) 02/14 03:32:31 Job terminated.
	(1) Normal termination (return value 0)
		Usr 0 00:09:17, Sys 0 00:00:48  -  Run Remote Usage
		Usr 0 00:00:00, Sys 0 00:00:00  -  Run Local Usage
		Usr 0 00:09:17, Sys 0 00:00:48  -  Total Remote Usage
		Usr 0 00:00:00, Sys 0 00:00:00  -  Total Local Usage
	13553632  -  Run Bytes Sent By Job
	16511192  -  Run Bytes Received By Job
	13553632  -  Total Bytes Sent By Job
	16511192  -  Total Bytes Received By Job
	Partitionable Resources :    Usage  Request Allocated
	   Cpus                 :                 1         1
	   Disk (KB)            :   118649    17500 165666536
	   Memory (MB)          :       68        1       479
...
006 (520.000.000) 02/14 03:33:03 Image size of job updated: 99844
	73  -  MemoryUsage of job (MB)
	74072  -  ResidentSetSize of job (KB)
...
005 (520.000.000) 02/14 03:38:07 Job terminated.
	(1) Normal termination (return value 0)
		Usr 0 00:10:01, Sys 0 00:00:52  -  Run Remote Usage
		Usr 0 00:00:00, Sys 0 00:00:00  -  Run Local Usage
		Usr 0 00:10:01, Sys 0 00:00:52  -  Total Remote Usage
		Usr 0 00:00:00, Sys 0 00:00:00  -  Total Local Usage
	14912469  -  Run Bytes Sent By Job
	16514709  -  Run Bytes Received By Job
	14912469  -  Total Bytes Sent By Job
	16514709  -  Total Bytes Received By Job
	Partitionable Resources :    Usage  Request Allocated
	   Cpus                 :                 1         1
	   Disk (KB)            :   122021    17500 165666536
	   Memory (MB)          :       73        1       479
...
000 (523.000.000) 02/14 03:38:18 Job submitted from host: <192.168.5.10:9618?addrs=192.168.5.10-9618+[--1]-9618&noUDP&sock=2698_7f03_4>
    DAG Node: stage_out_local_local_2_0
    pool:local
...
001 (523.000.000) 02/14 03:38:18 Job executing on host: <192.168.5.10:9618?addrs=192.168.5.10-9618+[--1]-9618&noUDP&sock=2749_ab49_421>
...
005 (523.000.000) 02/14 03:38:22 Job terminated.
	(1) Normal termination (return value 0)
		Usr 0 00:00:00, Sys 0 00:00:00  -  Run Remote Usage
		Usr 0 00:00:00, Sys 0 00:00:00  -  Run Local Usage
		Usr 0 00:00:00, Sys 0 00:00:00  -  Total Remote Usage
		Usr 0 00:00:00, Sys 0 00:00:00  -  Total Local Usage
	0  -  Run Bytes Sent By Job
	0  -  Run Bytes Received By Job
	0  -  Total Bytes Sent By Job
	0  -  Total Bytes Received By Job
...
000 (524.000.000) 02/14 03:38:33 Job submitted from host: <192.168.5.10:9618?addrs=192.168.5.10-9618+[--1]-9618&noUDP&sock=2698_7f03_4>
    DAG Node: cleanup_1000-genome_0_local
    pool:local
...
001 (524.000.000) 02/14 03:38:33 Job executing on host: <192.168.5.10:9618?addrs=192.168.5.10-9618+[--1]-9618&noUDP&sock=2749_ab49_422>
...
005 (524.000.000) 02/14 03:38:35 Job terminated.
	(1) Normal termination (return value 0)
		Usr 0 00:00:00, Sys 0 00:00:00  -  Run Remote Usage
		Usr 0 00:00:00, Sys 0 00:00:00  -  Run Local Usage
		Usr 0 00:00:00, Sys 0 00:00:00  -  Total Remote Usage
		Usr 0 00:00:00, Sys 0 00:00:00  -  Total Local Usage
	0  -  Run Bytes Sent By Job
	0  -  Run Bytes Received By Job
	0  -  Total Bytes Sent By Job
	0  -  Total Bytes Received By Job
...
