1644967232 INTERNAL *** MONITORD_STARTED ***
1644967230 INTERNAL *** DAGMAN_STARTED 1659.0 ***
1644967234 create_dir_1000-genome_0_local SUBMIT 1660.0 local - 1
1644967236 create_dir_1000-genome_0_local EXECUTE 1660.0 local - 1
1644967238 create_dir_1000-genome_0_local JOB_TERMINATED 1660.0 local - 1
1644967239 create_dir_1000-genome_0_local JOB_SUCCESS 0 local - 1
1644967239 create_dir_1000-genome_0_local POST_SCRIPT_STARTED 1660.0 local - 1
1644967239 create_dir_1000-genome_0_local POST_SCRIPT_TERMINATED 1660.0 local - 1
1644967244 create_dir_1000-genome_0_local POST_SCRIPT_SUCCESS 0 local - 1
1644967249 stage_in_remote_local_2_0 SUBMIT 1661.0 local - 2
1644967250 stage_in_remote_local_2_0 EXECUTE 1661.0 local - 2
1644967250 stage_in_remote_local_1_0 SUBMIT 1662.0 local - 3
1644967250 stage_in_remote_local_0_0 SUBMIT 1663.0 local - 4
1644967250 stage_in_local_local_0_0 SUBMIT 1664.0 local - 5
1644967250 stage_in_local_local_2_0 SUBMIT 1665.0 local - 6
1644967252 stage_in_remote_local_2_0 JOB_TERMINATED 1661.0 local - 2
1644967255 stage_in_remote_local_2_0 JOB_SUCCESS 0 local - 2
1644967255 stage_in_remote_local_2_0 POST_SCRIPT_STARTED 1661.0 local - 2
1644967252 stage_in_local_local_2_0 EXECUTE 1665.0 local - 6
1644967252 stage_in_local_local_0_0 EXECUTE 1664.0 local - 5
1644967252 stage_in_remote_local_0_0 EXECUTE 1663.0 local - 4
1644967252 stage_in_remote_local_1_0 EXECUTE 1662.0 local - 3
1644967254 stage_in_remote_local_0_0 JOB_TERMINATED 1663.0 local - 4
1644967255 stage_in_remote_local_0_0 JOB_SUCCESS 0 local - 4
1644967255 stage_in_remote_local_0_0 POST_SCRIPT_STARTED 1663.0 local - 4
1644967254 stage_in_remote_local_1_0 JOB_TERMINATED 1662.0 local - 3
1644967255 stage_in_remote_local_1_0 JOB_SUCCESS 0 local - 3
1644967255 stage_in_remote_local_1_0 POST_SCRIPT_STARTED 1662.0 local - 3
1644967254 stage_in_local_local_0_0 JOB_TERMINATED 1664.0 local - 5
1644967255 stage_in_local_local_0_0 JOB_SUCCESS 0 local - 5
1644967255 stage_in_local_local_0_0 POST_SCRIPT_STARTED 1664.0 local - 5
1644967255 stage_in_remote_local_0_1 SUBMIT 1666.0 local - 7
1644967255 stage_in_local_local_0_1 SUBMIT 1667.0 local - 8
1644967255 stage_in_remote_local_2_1 SUBMIT 1668.0 local - 9
1644967255 stage_in_local_local_2_1 SUBMIT 1669.0 local - 10
1644967255 stage_in_local_local_0_2 SUBMIT 1670.0 local - 11
1644967255 stage_in_remote_local_2_0 POST_SCRIPT_TERMINATED 1661.0 local - 2
1644967260 stage_in_remote_local_2_0 POST_SCRIPT_SUCCESS 0 local - 2
1644967255 stage_in_remote_local_1_0 POST_SCRIPT_TERMINATED 1662.0 local - 3
1644967260 stage_in_remote_local_1_0 POST_SCRIPT_SUCCESS 0 local - 3
1644967255 stage_in_remote_local_0_0 POST_SCRIPT_TERMINATED 1663.0 local - 4
1644967260 stage_in_remote_local_0_0 POST_SCRIPT_SUCCESS 0 local - 4
1644967255 stage_in_local_local_0_0 POST_SCRIPT_TERMINATED 1664.0 local - 5
1644967260 stage_in_local_local_0_0 POST_SCRIPT_SUCCESS 0 local - 5
1644967256 stage_in_local_local_2_0 JOB_TERMINATED 1665.0 local - 6
1644967260 stage_in_local_local_2_0 JOB_SUCCESS 0 local - 6
1644967260 stage_in_local_local_2_0 POST_SCRIPT_STARTED 1665.0 local - 6
1644967256 stage_in_local_local_0_2 EXECUTE 1670.0 local - 11
1644967256 stage_in_local_local_2_1 EXECUTE 1669.0 local - 10
1644967256 stage_in_remote_local_2_1 EXECUTE 1668.0 local - 9
1644967256 stage_in_local_local_0_1 EXECUTE 1667.0 local - 8
1644967256 stage_in_remote_local_0_1 EXECUTE 1666.0 local - 7
1644967258 stage_in_local_local_0_2 JOB_TERMINATED 1670.0 local - 11
1644967260 stage_in_local_local_0_2 JOB_SUCCESS 0 local - 11
1644967260 stage_in_local_local_0_2 POST_SCRIPT_STARTED 1670.0 local - 11
1644967258 stage_in_remote_local_2_1 JOB_TERMINATED 1668.0 local - 9
1644967260 stage_in_remote_local_2_1 JOB_SUCCESS 0 local - 9
1644967260 stage_in_remote_local_2_1 POST_SCRIPT_STARTED 1668.0 local - 9
1644967258 stage_in_remote_local_0_1 JOB_TERMINATED 1666.0 local - 7
1644967260 stage_in_remote_local_0_1 JOB_SUCCESS 0 local - 7
1644967260 stage_in_remote_local_0_1 POST_SCRIPT_STARTED 1666.0 local - 7
1644967259 stage_in_local_local_0_1 JOB_TERMINATED 1667.0 local - 8
1644967260 stage_in_local_local_0_1 JOB_SUCCESS 0 local - 8
1644967260 stage_in_local_local_0_1 POST_SCRIPT_STARTED 1667.0 local - 8
1644967260 stage_in_local_local_2_1 JOB_TERMINATED 1669.0 local - 10
1644967265 stage_in_local_local_2_1 JOB_SUCCESS 0 local - 10
1644967265 stage_in_local_local_2_1 POST_SCRIPT_STARTED 1669.0 local - 10
1644967260 stage_in_local_local_0_1 POST_SCRIPT_TERMINATED 1667.0 local - 8
1644967265 stage_in_local_local_0_1 POST_SCRIPT_SUCCESS 0 local - 8
1644967260 stage_in_local_local_2_0 POST_SCRIPT_TERMINATED 1665.0 local - 6
1644967265 stage_in_local_local_2_0 POST_SCRIPT_SUCCESS 0 local - 6
1644967260 stage_in_local_local_0_2 POST_SCRIPT_TERMINATED 1670.0 local - 11
1644967265 stage_in_local_local_0_2 POST_SCRIPT_SUCCESS 0 local - 11
1644967260 stage_in_remote_local_0_1 POST_SCRIPT_TERMINATED 1666.0 local - 7
1644967265 stage_in_remote_local_0_1 POST_SCRIPT_SUCCESS 0 local - 7
1644967260 stage_in_remote_local_2_1 POST_SCRIPT_TERMINATED 1668.0 local - 9
1644967265 stage_in_remote_local_2_1 POST_SCRIPT_SUCCESS 0 local - 9
1644967266 stage_in_local_local_2_1 POST_SCRIPT_TERMINATED 1669.0 local - 10
1644967270 stage_in_local_local_2_1 POST_SCRIPT_SUCCESS 0 local - 10
1644967270 individuals_ID0000037 SUBMIT 1671.0 condorpool - 12
1644967270 individuals_ID0000038 SUBMIT 1672.0 condorpool - 13
1644967270 individuals_ID0000039 SUBMIT 1673.0 condorpool - 14
1644967270 individuals_ID0000033 SUBMIT 1674.0 condorpool - 15
1644967270 individuals_ID0000034 SUBMIT 1675.0 condorpool - 16
1644967275 individuals_ID0000035 SUBMIT 1676.0 condorpool - 17
1644967275 individuals_ID0000036 SUBMIT 1677.0 condorpool - 18
1644967275 individuals_ID0000073 SUBMIT 1678.0 condorpool - 19
1644967275 individuals_ID0000030 SUBMIT 1679.0 condorpool - 20
1644967275 individuals_ID0000074 SUBMIT 1680.0 condorpool - 21
1644967278 individuals_ID0000037 EXECUTE 1671.0 condorpool - 12
1644967278 individuals_ID0000038 EXECUTE 1672.0 condorpool - 13
1644967280 individuals_ID0000031 SUBMIT 1681.0 condorpool - 22
1644967280 individuals_ID0000075 SUBMIT 1682.0 condorpool - 23
1644967280 individuals_ID0000032 SUBMIT 1683.0 condorpool - 24
1644967280 individuals_ID0000070 SUBMIT 1684.0 condorpool - 25
1644967280 individuals_ID0000071 SUBMIT 1685.0 condorpool - 26
1644967285 individuals_ID0000072 SUBMIT 1686.0 condorpool - 27
1644967285 individuals_ID0000004 SUBMIT 1687.0 condorpool - 28
1644967285 individuals_ID0000048 SUBMIT 1688.0 condorpool - 29
1644967285 individuals_ID0000005 SUBMIT 1689.0 condorpool - 30
1644967286 individuals_ID0000049 SUBMIT 1690.0 condorpool - 31
1644967291 individuals_ID0000006 SUBMIT 1691.0 condorpool - 32
1644967291 individuals_ID0000007 SUBMIT 1692.0 condorpool - 33
1644967291 individuals_ID0000044 SUBMIT 1693.0 condorpool - 34
1644967291 individuals_ID0000001 SUBMIT 1694.0 condorpool - 35
1644967291 individuals_ID0000045 SUBMIT 1695.0 condorpool - 36
1644967296 individuals_ID0000002 SUBMIT 1696.0 condorpool - 37
1644967296 individuals_ID0000046 SUBMIT 1697.0 condorpool - 38
1644967296 individuals_ID0000003 SUBMIT 1698.0 condorpool - 39
1644967296 individuals_ID0000047 SUBMIT 1699.0 condorpool - 40
1644967296 individuals_ID0000008 SUBMIT 1700.0 condorpool - 41
1644967301 individuals_ID0000032 EXECUTE 1683.0 condorpool - 24
1644967301 individuals_ID0000009 SUBMIT 1701.0 condorpool - 42
1644967301 individuals_ID0000040 SUBMIT 1702.0 condorpool - 43
1644967301 individuals_ID0000041 SUBMIT 1703.0 condorpool - 44
1644967301 individuals_ID0000042 SUBMIT 1704.0 condorpool - 45
1644967301 individuals_ID0000043 SUBMIT 1705.0 condorpool - 46
1644967306 individuals_ID0000015 SUBMIT 1706.0 condorpool - 47
1644967306 individuals_ID0000059 SUBMIT 1707.0 condorpool - 48
1644967306 individuals_ID0000016 SUBMIT 1708.0 condorpool - 49
1644967306 individuals_ID0000017 SUBMIT 1709.0 condorpool - 50
1644967306 individuals_ID0000018 SUBMIT 1710.0 condorpool - 51
1644967309 individuals_ID0000035 EXECUTE 1676.0 condorpool - 17
1644967311 individuals_ID0000011 SUBMIT 1711.0 condorpool - 52
1644967312 individuals_ID0000055 SUBMIT 1712.0 condorpool - 53
1644967312 individuals_ID0000012 SUBMIT 1713.0 condorpool - 54
1644967312 individuals_ID0000056 SUBMIT 1714.0 condorpool - 55
1644967312 individuals_ID0000013 SUBMIT 1715.0 condorpool - 56
1644967314 individuals_ID0000074 EXECUTE 1680.0 condorpool - 21
1644967314 individuals_ID0000049 EXECUTE 1690.0 condorpool - 31
1644967317 individuals_ID0000057 SUBMIT 1716.0 condorpool - 57
1644967317 individuals_ID0000014 SUBMIT 1717.0 condorpool - 58
1644967317 individuals_ID0000058 SUBMIT 1718.0 condorpool - 59
1644967317 individuals_ID0000019 SUBMIT 1719.0 condorpool - 60
1644967317 individuals_ID0000051 SUBMIT 1720.0 condorpool - 61
1644967317 individuals_ID0000073 EXECUTE 1678.0 condorpool - 19
1644967322 individuals_ID0000052 SUBMIT 1721.0 condorpool - 62
1644967322 individuals_ID0000053 SUBMIT 1722.0 condorpool - 63
1644967322 individuals_ID0000010 SUBMIT 1723.0 condorpool - 64
1644967322 individuals_ID0000054 SUBMIT 1724.0 condorpool - 65
1644967322 individuals_ID0000050 SUBMIT 1725.0 condorpool - 66
1644967327 individuals_ID0000026 SUBMIT 1726.0 condorpool - 67
1644967327 individuals_ID0000027 SUBMIT 1727.0 condorpool - 68
1644967327 individuals_ID0000028 SUBMIT 1728.0 condorpool - 69
1644967327 individuals_ID0000029 SUBMIT 1729.0 condorpool - 70
1644967327 individuals_ID0000022 SUBMIT 1730.0 condorpool - 71
1644967328 individuals_ID0000071 EXECUTE 1685.0 condorpool - 26
1644967332 individuals_ID0000066 SUBMIT 1731.0 condorpool - 72
1644967332 individuals_ID0000023 SUBMIT 1732.0 condorpool - 73
1644967332 individuals_ID0000067 SUBMIT 1733.0 condorpool - 74
1644967333 individuals_ID0000024 SUBMIT 1734.0 condorpool - 75
1644967333 individuals_ID0000068 SUBMIT 1735.0 condorpool - 76
1644967338 individuals_ID0000025 SUBMIT 1736.0 condorpool - 77
1644967338 individuals_ID0000069 SUBMIT 1737.0 condorpool - 78
1644967338 individuals_ID0000062 SUBMIT 1738.0 condorpool - 79
1644967338 individuals_ID0000063 SUBMIT 1739.0 condorpool - 80
1644967338 individuals_ID0000020 SUBMIT 1740.0 condorpool - 81
1644967340 individuals_ID0000039 EXECUTE 1673.0 condorpool - 14
1644967340 individuals_ID0000033 EXECUTE 1674.0 condorpool - 15
1644967342 individuals_ID0000048 EXECUTE 1688.0 condorpool - 29
1644967342 individuals_ID0000036 EXECUTE 1677.0 condorpool - 18
1644967343 individuals_ID0000064 SUBMIT 1741.0 condorpool - 82
1644967343 individuals_ID0000021 SUBMIT 1742.0 condorpool - 83
1644967343 individuals_ID0000065 SUBMIT 1743.0 condorpool - 84
1644967343 individuals_ID0000060 SUBMIT 1744.0 condorpool - 85
1644967343 individuals_ID0000061 SUBMIT 1745.0 condorpool - 86
1644967345 individuals_ID0000030 EXECUTE 1679.0 condorpool - 20
1644967346 individuals_ID0000070 EXECUTE 1684.0 condorpool - 25
1644967348 sifting_ID0000077 SUBMIT 1746.0 condorpool - 87
1644967354 individuals_ID0000004 EXECUTE 1687.0 condorpool - 28
1644967355 individuals_ID0000034 EXECUTE 1675.0 condorpool - 16
1644967357 individuals_ID0000031 EXECUTE 1681.0 condorpool - 22
1644967359 individuals_ID0000072 EXECUTE 1686.0 condorpool - 27
1644967360 individuals_ID0000008 EXECUTE 1700.0 condorpool - 41
1644967366 individuals_ID0000016 EXECUTE 1708.0 condorpool - 49
1644967378 individuals_ID0000047 EXECUTE 1699.0 condorpool - 40
1644967378 individuals_ID0000017 EXECUTE 1709.0 condorpool - 50
1644967393 individuals_ID0000042 EXECUTE 1704.0 condorpool - 45
1644967397 individuals_ID0000018 EXECUTE 1710.0 condorpool - 51
1644967397 individuals_ID0000005 EXECUTE 1689.0 condorpool - 30
1644967398 individuals_ID0000059 EXECUTE 1707.0 condorpool - 48
1644967400 individuals_ID0000075 EXECUTE 1682.0 condorpool - 23
1644967412 individuals_ID0000041 EXECUTE 1703.0 condorpool - 44
1644967426 individuals_ID0000003 EXECUTE 1698.0 condorpool - 39
1644967430 individuals_ID0000002 EXECUTE 1696.0 condorpool - 37
1644967430 individuals_ID0000043 EXECUTE 1705.0 condorpool - 46
1644967442 individuals_ID0000009 EXECUTE 1701.0 condorpool - 42
1644967442 individuals_ID0000001 EXECUTE 1694.0 condorpool - 35
1644967442 individuals_ID0000006 EXECUTE 1691.0 condorpool - 32
1644967442 individuals_ID0000040 EXECUTE 1702.0 condorpool - 43
1644967443 individuals_ID0000045 EXECUTE 1695.0 condorpool - 36
1644967444 individuals_ID0000046 EXECUTE 1697.0 condorpool - 38
1644967446 individuals_ID0000015 EXECUTE 1706.0 condorpool - 47
1644967454 individuals_ID0000007 EXECUTE 1692.0 condorpool - 33
1644967470 individuals_ID0000044 EXECUTE 1693.0 condorpool - 34
1644967818 individuals_ID0000001 JOB_TERMINATED 1694.0 condorpool - 35
1644967818 individuals_ID0000001 JOB_SUCCESS 0 condorpool - 35
1644967818 individuals_ID0000001 POST_SCRIPT_STARTED 1694.0 condorpool - 35
1644967819 individuals_ID0000001 POST_SCRIPT_TERMINATED 1694.0 condorpool - 35
1644967823 individuals_ID0000001 POST_SCRIPT_SUCCESS 0 condorpool - 35
1644967825 individuals_ID0000011 EXECUTE 1711.0 condorpool - 52
1644968058 individuals_ID0000032 JOB_TERMINATED 1683.0 condorpool - 24
1644968058 individuals_ID0000032 JOB_SUCCESS 0 condorpool - 24
1644968058 individuals_ID0000032 POST_SCRIPT_STARTED 1683.0 condorpool - 24
1644968058 individuals_ID0000032 POST_SCRIPT_TERMINATED 1683.0 condorpool - 24
1644968063 individuals_ID0000032 POST_SCRIPT_SUCCESS 0 condorpool - 24
1644968067 individuals_ID0000055 EXECUTE 1712.0 condorpool - 53
1644968114 individuals_ID0000049 JOB_TERMINATED 1690.0 condorpool - 31
1644968118 individuals_ID0000049 JOB_SUCCESS 0 condorpool - 31
1644968118 individuals_ID0000049 POST_SCRIPT_STARTED 1690.0 condorpool - 31
1644968119 individuals_ID0000049 POST_SCRIPT_TERMINATED 1690.0 condorpool - 31
1644968123 individuals_ID0000049 POST_SCRIPT_SUCCESS 0 condorpool - 31
1644968124 individuals_ID0000037 JOB_TERMINATED 1671.0 condorpool - 12
1644968128 individuals_ID0000037 JOB_SUCCESS 0 condorpool - 12
1644968128 individuals_ID0000037 POST_SCRIPT_STARTED 1671.0 condorpool - 12
1644968128 individuals_ID0000037 POST_SCRIPT_TERMINATED 1671.0 condorpool - 12
1644968133 individuals_ID0000037 POST_SCRIPT_SUCCESS 0 condorpool - 12
1644968130 individuals_ID0000038 JOB_TERMINATED 1672.0 condorpool - 13
1644968133 individuals_ID0000038 JOB_SUCCESS 0 condorpool - 13
1644968133 individuals_ID0000038 POST_SCRIPT_STARTED 1672.0 condorpool - 13
1644968133 individuals_ID0000038 POST_SCRIPT_TERMINATED 1672.0 condorpool - 13
1644968138 individuals_ID0000038 POST_SCRIPT_SUCCESS 0 condorpool - 13
1644968140 individuals_ID0000012 EXECUTE 1713.0 condorpool - 54
1644968142 individuals_ID0000056 EXECUTE 1714.0 condorpool - 55
1644968146 individuals_ID0000074 JOB_TERMINATED 1680.0 condorpool - 21
1644968148 individuals_ID0000074 JOB_SUCCESS 0 condorpool - 21
1644968148 individuals_ID0000074 POST_SCRIPT_STARTED 1680.0 condorpool - 21
1644968149 individuals_ID0000072 JOB_TERMINATED 1686.0 condorpool - 27
1644968153 individuals_ID0000072 JOB_SUCCESS 0 condorpool - 27
1644968153 individuals_ID0000072 POST_SCRIPT_STARTED 1686.0 condorpool - 27
1644968149 individuals_ID0000074 POST_SCRIPT_TERMINATED 1680.0 condorpool - 21
1644968153 individuals_ID0000074 POST_SCRIPT_SUCCESS 0 condorpool - 21
1644968153 individuals_ID0000072 POST_SCRIPT_TERMINATED 1686.0 condorpool - 27
1644968158 individuals_ID0000072 POST_SCRIPT_SUCCESS 0 condorpool - 27
1644968156 individuals_ID0000013 EXECUTE 1715.0 condorpool - 56
1644968161 individuals_ID0000071 JOB_TERMINATED 1685.0 condorpool - 26
1644968163 individuals_ID0000071 JOB_SUCCESS 0 condorpool - 26
1644968163 individuals_ID0000071 POST_SCRIPT_STARTED 1685.0 condorpool - 26
1644968161 individuals_ID0000057 EXECUTE 1716.0 condorpool - 57
1644968162 individuals_ID0000014 EXECUTE 1717.0 condorpool - 58
1644968164 individuals_ID0000071 POST_SCRIPT_TERMINATED 1685.0 condorpool - 26
1644968168 individuals_ID0000071 POST_SCRIPT_SUCCESS 0 condorpool - 26
1644968173 individuals_ID0000058 EXECUTE 1718.0 condorpool - 59
1644968180 individuals_ID0000048 JOB_TERMINATED 1688.0 condorpool - 29
1644968183 individuals_ID0000048 JOB_SUCCESS 0 condorpool - 29
1644968183 individuals_ID0000048 POST_SCRIPT_STARTED 1688.0 condorpool - 29
1644968183 individuals_ID0000048 POST_SCRIPT_TERMINATED 1688.0 condorpool - 29
1644968188 individuals_ID0000048 POST_SCRIPT_SUCCESS 0 condorpool - 29
1644968212 individuals_ID0000073 JOB_TERMINATED 1678.0 condorpool - 19
1644968213 individuals_ID0000073 JOB_SUCCESS 0 condorpool - 19
1644968213 individuals_ID0000073 POST_SCRIPT_STARTED 1678.0 condorpool - 19
1644968212 individuals_ID0000035 JOB_TERMINATED 1676.0 condorpool - 17
1644968213 individuals_ID0000035 JOB_SUCCESS 0 condorpool - 17
1644968213 individuals_ID0000035 POST_SCRIPT_STARTED 1676.0 condorpool - 17
1644968213 individuals_ID0000073 POST_SCRIPT_TERMINATED 1678.0 condorpool - 19
1644968218 individuals_ID0000073 POST_SCRIPT_SUCCESS 0 condorpool - 19
1644968213 individuals_ID0000035 POST_SCRIPT_TERMINATED 1676.0 condorpool - 17
1644968218 individuals_ID0000035 POST_SCRIPT_SUCCESS 0 condorpool - 17
1644968228 individuals_ID0000019 EXECUTE 1719.0 condorpool - 60
1644968232 individuals_ID0000070 JOB_TERMINATED 1684.0 condorpool - 25
1644968233 individuals_ID0000070 JOB_SUCCESS 0 condorpool - 25
1644968233 individuals_ID0000070 POST_SCRIPT_STARTED 1684.0 condorpool - 25
1644968234 individuals_ID0000070 POST_SCRIPT_TERMINATED 1684.0 condorpool - 25
1644968238 individuals_ID0000070 POST_SCRIPT_SUCCESS 0 condorpool - 25
1644968243 individuals_ID0000006 JOB_TERMINATED 1691.0 condorpool - 32
1644968243 individuals_ID0000006 JOB_SUCCESS 0 condorpool - 32
1644968243 individuals_ID0000006 POST_SCRIPT_STARTED 1691.0 condorpool - 32
1644968243 individuals_ID0000006 POST_SCRIPT_TERMINATED 1691.0 condorpool - 32
1644968248 individuals_ID0000006 POST_SCRIPT_SUCCESS 0 condorpool - 32
1644968245 individuals_ID0000030 JOB_TERMINATED 1679.0 condorpool - 20
1644968248 individuals_ID0000030 JOB_SUCCESS 0 condorpool - 20
1644968248 individuals_ID0000030 POST_SCRIPT_STARTED 1679.0 condorpool - 20
1644968246 individuals_ID0000044 JOB_TERMINATED 1693.0 condorpool - 34
1644968248 individuals_ID0000044 JOB_SUCCESS 0 condorpool - 34
1644968248 individuals_ID0000044 POST_SCRIPT_STARTED 1693.0 condorpool - 34
1644968248 individuals_ID0000044 POST_SCRIPT_TERMINATED 1693.0 condorpool - 34
1644968253 individuals_ID0000044 POST_SCRIPT_SUCCESS 0 condorpool - 34
1644968248 individuals_ID0000030 POST_SCRIPT_TERMINATED 1679.0 condorpool - 20
1644968253 individuals_ID0000030 POST_SCRIPT_SUCCESS 0 condorpool - 20
1644968260 individuals_ID0000053 EXECUTE 1722.0 condorpool - 63
1644968263 individuals_ID0000007 JOB_TERMINATED 1692.0 condorpool - 33
1644968268 individuals_ID0000007 JOB_SUCCESS 0 condorpool - 33
1644968268 individuals_ID0000007 POST_SCRIPT_STARTED 1692.0 condorpool - 33
1644968268 individuals_ID0000010 EXECUTE 1723.0 condorpool - 64
1644968268 individuals_ID0000007 POST_SCRIPT_TERMINATED 1692.0 condorpool - 33
1644968273 individuals_ID0000007 POST_SCRIPT_SUCCESS 0 condorpool - 33
1644968268 individuals_ID0000052 EXECUTE 1721.0 condorpool - 62
1644968268 individuals_ID0000051 EXECUTE 1720.0 condorpool - 61
1644968270 individuals_ID0000004 JOB_TERMINATED 1687.0 condorpool - 28
1644968273 individuals_ID0000004 JOB_SUCCESS 0 condorpool - 28
1644968273 individuals_ID0000004 POST_SCRIPT_STARTED 1687.0 condorpool - 28
1644968272 individuals_ID0000054 EXECUTE 1724.0 condorpool - 65
1644968273 individuals_ID0000004 POST_SCRIPT_TERMINATED 1687.0 condorpool - 28
1644968278 individuals_ID0000004 POST_SCRIPT_SUCCESS 0 condorpool - 28
1644968275 individuals_ID0000003 JOB_TERMINATED 1698.0 condorpool - 39
1644968278 individuals_ID0000003 JOB_SUCCESS 0 condorpool - 39
1644968278 individuals_ID0000003 POST_SCRIPT_STARTED 1698.0 condorpool - 39
1644968275 individuals_ID0000031 JOB_TERMINATED 1681.0 condorpool - 22
1644968278 individuals_ID0000031 JOB_SUCCESS 0 condorpool - 22
1644968278 individuals_ID0000031 POST_SCRIPT_STARTED 1681.0 condorpool - 22
1644968279 individuals_ID0000003 POST_SCRIPT_TERMINATED 1698.0 condorpool - 39
1644968283 individuals_ID0000003 POST_SCRIPT_SUCCESS 0 condorpool - 39
1644968279 individuals_ID0000031 POST_SCRIPT_TERMINATED 1681.0 condorpool - 22
1644968283 individuals_ID0000031 POST_SCRIPT_SUCCESS 0 condorpool - 22
1644968279 individuals_ID0000075 JOB_TERMINATED 1682.0 condorpool - 23
1644968283 individuals_ID0000075 JOB_SUCCESS 0 condorpool - 23
1644968283 individuals_ID0000075 POST_SCRIPT_STARTED 1682.0 condorpool - 23
1644968283 individuals_ID0000075 POST_SCRIPT_TERMINATED 1682.0 condorpool - 23
1644968288 individuals_ID0000075 POST_SCRIPT_SUCCESS 0 condorpool - 23
1644968291 individuals_ID0000002 JOB_TERMINATED 1696.0 condorpool - 37
1644968293 individuals_ID0000002 JOB_SUCCESS 0 condorpool - 37
1644968293 individuals_ID0000002 POST_SCRIPT_STARTED 1696.0 condorpool - 37
1644968291 individuals_ID0000045 JOB_TERMINATED 1695.0 condorpool - 36
1644968293 individuals_ID0000045 JOB_SUCCESS 0 condorpool - 36
1644968293 individuals_ID0000045 POST_SCRIPT_STARTED 1695.0 condorpool - 36
1644968293 individuals_ID0000002 POST_SCRIPT_TERMINATED 1696.0 condorpool - 37
1644968298 individuals_ID0000002 POST_SCRIPT_SUCCESS 0 condorpool - 37
1644968293 individuals_ID0000045 POST_SCRIPT_TERMINATED 1695.0 condorpool - 36
1644968298 individuals_ID0000045 POST_SCRIPT_SUCCESS 0 condorpool - 36
1644968295 individuals_ID0000027 EXECUTE 1727.0 condorpool - 68
1644968311 individuals_ID0000005 JOB_TERMINATED 1689.0 condorpool - 30
1644968313 individuals_ID0000005 JOB_SUCCESS 0 condorpool - 30
1644968313 individuals_ID0000005 POST_SCRIPT_STARTED 1689.0 condorpool - 30
1644968314 individuals_ID0000005 POST_SCRIPT_TERMINATED 1689.0 condorpool - 30
1644968318 individuals_ID0000005 POST_SCRIPT_SUCCESS 0 condorpool - 30
1644968315 individuals_ID0000046 JOB_TERMINATED 1697.0 condorpool - 38
1644968318 individuals_ID0000046 JOB_SUCCESS 0 condorpool - 38
1644968318 individuals_ID0000046 POST_SCRIPT_STARTED 1697.0 condorpool - 38
1644968316 individuals_ID0000028 EXECUTE 1728.0 condorpool - 69
1644968318 individuals_ID0000046 POST_SCRIPT_TERMINATED 1697.0 condorpool - 38
1644968323 individuals_ID0000046 POST_SCRIPT_SUCCESS 0 condorpool - 38
1644968329 individuals_ID0000009 JOB_TERMINATED 1701.0 condorpool - 42
1644968333 individuals_ID0000009 JOB_SUCCESS 0 condorpool - 42
1644968333 individuals_ID0000009 POST_SCRIPT_STARTED 1701.0 condorpool - 42
1644968331 individuals_ID0000050 EXECUTE 1725.0 condorpool - 66
1644968331 individuals_ID0000026 EXECUTE 1726.0 condorpool - 67
1644968333 individuals_ID0000009 POST_SCRIPT_TERMINATED 1701.0 condorpool - 42
1644968338 individuals_ID0000009 POST_SCRIPT_SUCCESS 0 condorpool - 42
1644968337 individuals_ID0000039 JOB_TERMINATED 1673.0 condorpool - 14
1644968338 individuals_ID0000039 JOB_SUCCESS 0 condorpool - 14
1644968338 individuals_ID0000039 POST_SCRIPT_STARTED 1673.0 condorpool - 14
1644968338 individuals_ID0000039 POST_SCRIPT_TERMINATED 1673.0 condorpool - 14
1644968343 individuals_ID0000039 POST_SCRIPT_SUCCESS 0 condorpool - 14
1644968346 individuals_ID0000040 JOB_TERMINATED 1702.0 condorpool - 43
1644968348 individuals_ID0000040 JOB_SUCCESS 0 condorpool - 43
1644968348 individuals_ID0000040 POST_SCRIPT_STARTED 1702.0 condorpool - 43
1644968348 individuals_ID0000040 POST_SCRIPT_TERMINATED 1702.0 condorpool - 43
1644968353 individuals_ID0000040 POST_SCRIPT_SUCCESS 0 condorpool - 43
1644968350 individuals_ID0000036 JOB_TERMINATED 1677.0 condorpool - 18
1644968353 individuals_ID0000036 JOB_SUCCESS 0 condorpool - 18
1644968353 individuals_ID0000036 POST_SCRIPT_STARTED 1677.0 condorpool - 18
1644968350 individuals_ID0000016 JOB_TERMINATED 1708.0 condorpool - 49
1644968353 individuals_ID0000016 JOB_SUCCESS 0 condorpool - 49
1644968353 individuals_ID0000016 POST_SCRIPT_STARTED 1708.0 condorpool - 49
1644968351 individuals_ID0000034 JOB_TERMINATED 1675.0 condorpool - 16
1644968353 individuals_ID0000034 JOB_SUCCESS 0 condorpool - 16
1644968353 individuals_ID0000034 POST_SCRIPT_STARTED 1675.0 condorpool - 16
1644968354 individuals_ID0000016 POST_SCRIPT_TERMINATED 1708.0 condorpool - 49
1644968358 individuals_ID0000016 POST_SCRIPT_SUCCESS 0 condorpool - 49
1644968354 individuals_ID0000034 POST_SCRIPT_TERMINATED 1675.0 condorpool - 16
1644968358 individuals_ID0000034 POST_SCRIPT_SUCCESS 0 condorpool - 16
1644968354 individuals_ID0000036 POST_SCRIPT_TERMINATED 1677.0 condorpool - 18
1644968358 individuals_ID0000036 POST_SCRIPT_SUCCESS 0 condorpool - 18
1644968354 individuals_ID0000067 EXECUTE 1733.0 condorpool - 74
1644968356 individuals_ID0000029 EXECUTE 1729.0 condorpool - 70
1644968356 individuals_ID0000022 EXECUTE 1730.0 condorpool - 71
1644968359 individuals_ID0000068 EXECUTE 1735.0 condorpool - 76
1644968359 individuals_ID0000047 JOB_TERMINATED 1699.0 condorpool - 40
1644968363 individuals_ID0000047 JOB_SUCCESS 0 condorpool - 40
1644968363 individuals_ID0000047 POST_SCRIPT_STARTED 1699.0 condorpool - 40
1644968362 individuals_ID0000008 JOB_TERMINATED 1700.0 condorpool - 41
1644968363 individuals_ID0000008 JOB_SUCCESS 0 condorpool - 41
1644968363 individuals_ID0000008 POST_SCRIPT_STARTED 1700.0 condorpool - 41
1644968362 individuals_ID0000042 JOB_TERMINATED 1704.0 condorpool - 45
1644968363 individuals_ID0000042 JOB_SUCCESS 0 condorpool - 45
1644968363 individuals_ID0000042 POST_SCRIPT_STARTED 1704.0 condorpool - 45
1644968362 individuals_ID0000033 JOB_TERMINATED 1674.0 condorpool - 15
1644968363 individuals_ID0000033 JOB_SUCCESS 0 condorpool - 15
1644968363 individuals_ID0000033 POST_SCRIPT_STARTED 1674.0 condorpool - 15
1644968362 individuals_ID0000025 EXECUTE 1736.0 condorpool - 77
1644968363 individuals_ID0000043 JOB_TERMINATED 1705.0 condorpool - 46
1644968368 individuals_ID0000043 JOB_SUCCESS 0 condorpool - 46
1644968368 individuals_ID0000043 POST_SCRIPT_STARTED 1705.0 condorpool - 46
1644968363 individuals_ID0000042 POST_SCRIPT_TERMINATED 1704.0 condorpool - 45
1644968368 individuals_ID0000042 POST_SCRIPT_SUCCESS 0 condorpool - 45
1644968363 individuals_ID0000047 POST_SCRIPT_TERMINATED 1699.0 condorpool - 40
1644968368 individuals_ID0000047 POST_SCRIPT_SUCCESS 0 condorpool - 40
1644968363 individuals_ID0000008 POST_SCRIPT_TERMINATED 1700.0 condorpool - 41
1644968368 individuals_ID0000008 POST_SCRIPT_SUCCESS 0 condorpool - 41
1644968363 individuals_ID0000033 POST_SCRIPT_TERMINATED 1674.0 condorpool - 15
1644968368 individuals_ID0000033 POST_SCRIPT_SUCCESS 0 condorpool - 15
1644968366 individuals_ID0000015 JOB_TERMINATED 1706.0 condorpool - 47
1644968368 individuals_ID0000015 JOB_SUCCESS 0 condorpool - 47
1644968368 individuals_ID0000015 POST_SCRIPT_STARTED 1706.0 condorpool - 47
1644968366 individuals_ID0000041 JOB_TERMINATED 1703.0 condorpool - 44
1644968368 individuals_ID0000041 JOB_SUCCESS 0 condorpool - 44
1644968368 individuals_ID0000041 POST_SCRIPT_STARTED 1703.0 condorpool - 44
1644968369 individuals_ID0000043 POST_SCRIPT_TERMINATED 1705.0 condorpool - 46
1644968373 individuals_ID0000043 POST_SCRIPT_SUCCESS 0 condorpool - 46
1644968369 individuals_ID0000015 POST_SCRIPT_TERMINATED 1706.0 condorpool - 47
1644968373 individuals_ID0000015 POST_SCRIPT_SUCCESS 0 condorpool - 47
1644968369 individuals_ID0000041 POST_SCRIPT_TERMINATED 1703.0 condorpool - 44
1644968373 individuals_ID0000041 POST_SCRIPT_SUCCESS 0 condorpool - 44
1644968369 individuals_ID0000018 JOB_TERMINATED 1710.0 condorpool - 51
1644968373 individuals_ID0000018 JOB_SUCCESS 0 condorpool - 51
1644968373 individuals_ID0000018 POST_SCRIPT_STARTED 1710.0 condorpool - 51
1644968371 individuals_ID0000017 JOB_TERMINATED 1709.0 condorpool - 50
1644968373 individuals_ID0000017 JOB_SUCCESS 0 condorpool - 50
1644968373 individuals_ID0000017 POST_SCRIPT_STARTED 1709.0 condorpool - 50
1644968373 individuals_ID0000017 POST_SCRIPT_TERMINATED 1709.0 condorpool - 50
1644968378 individuals_ID0000017 POST_SCRIPT_SUCCESS 0 condorpool - 50
1644968373 individuals_ID0000018 POST_SCRIPT_TERMINATED 1710.0 condorpool - 51
1644968378 individuals_ID0000018 POST_SCRIPT_SUCCESS 0 condorpool - 51
1644968374 individuals_ID0000059 JOB_TERMINATED 1707.0 condorpool - 48
1644968378 individuals_ID0000059 JOB_SUCCESS 0 condorpool - 48
1644968378 individuals_ID0000059 POST_SCRIPT_STARTED 1707.0 condorpool - 48
1644968378 individuals_ID0000059 POST_SCRIPT_TERMINATED 1707.0 condorpool - 48
1644968383 individuals_ID0000059 POST_SCRIPT_SUCCESS 0 condorpool - 48
1644968383 individuals_ID0000066 EXECUTE 1731.0 condorpool - 72
1644968384 individuals_ID0000023 EXECUTE 1732.0 condorpool - 73
1644968386 individuals_ID0000069 EXECUTE 1737.0 condorpool - 78
1644968391 sifting_ID0000077 EXECUTE 1746.0 condorpool - 87
1644968391 individuals_ID0000062 EXECUTE 1738.0 condorpool - 79
1644968393 individuals_ID0000065 EXECUTE 1743.0 condorpool - 84
1644968395 individuals_ID0000063 EXECUTE 1739.0 condorpool - 80
1644968395 individuals_ID0000020 EXECUTE 1740.0 condorpool - 81
1644968395 sifting_ID0000077 JOB_TERMINATED 1746.0 condorpool - 87
1644968398 sifting_ID0000077 JOB_SUCCESS 0 condorpool - 87
1644968398 sifting_ID0000077 POST_SCRIPT_STARTED 1746.0 condorpool - 87
1644968398 individuals_ID0000024 EXECUTE 1734.0 condorpool - 75
1644968399 sifting_ID0000077 POST_SCRIPT_TERMINATED 1746.0 condorpool - 87
1644968403 sifting_ID0000077 POST_SCRIPT_SUCCESS 0 condorpool - 87
1644968399 individuals_ID0000064 EXECUTE 1741.0 condorpool - 82
1644968402 individuals_ID0000060 EXECUTE 1744.0 condorpool - 85
1644968403 individuals_ID0000021 EXECUTE 1742.0 condorpool - 83
1644968413 individuals_ID0000061 EXECUTE 1745.0 condorpool - 86
1644968608 individuals_ID0000011 JOB_TERMINATED 1711.0 condorpool - 52
1644968613 individuals_ID0000011 JOB_SUCCESS 0 condorpool - 52
1644968613 individuals_ID0000011 POST_SCRIPT_STARTED 1711.0 condorpool - 52
1644968613 individuals_ID0000011 POST_SCRIPT_TERMINATED 1711.0 condorpool - 52
1644968618 individuals_ID0000011 POST_SCRIPT_SUCCESS 0 condorpool - 52
1644968820 individuals_ID0000055 JOB_TERMINATED 1712.0 condorpool - 53
1644968823 individuals_ID0000055 JOB_SUCCESS 0 condorpool - 53
1644968823 individuals_ID0000055 POST_SCRIPT_STARTED 1712.0 condorpool - 53
1644968824 individuals_ID0000055 POST_SCRIPT_TERMINATED 1712.0 condorpool - 53
1644968828 individuals_ID0000055 POST_SCRIPT_SUCCESS 0 condorpool - 53
1644968918 individuals_ID0000012 JOB_TERMINATED 1713.0 condorpool - 54
1644968923 individuals_ID0000012 JOB_SUCCESS 0 condorpool - 54
1644968923 individuals_ID0000012 POST_SCRIPT_STARTED 1713.0 condorpool - 54
1644968923 individuals_ID0000012 POST_SCRIPT_TERMINATED 1713.0 condorpool - 54
1644968928 individuals_ID0000012 POST_SCRIPT_SUCCESS 0 condorpool - 54
1644968939 individuals_ID0000014 JOB_TERMINATED 1717.0 condorpool - 58
1644968943 individuals_ID0000014 JOB_SUCCESS 0 condorpool - 58
1644968943 individuals_ID0000014 POST_SCRIPT_STARTED 1717.0 condorpool - 58
1644968943 individuals_ID0000014 POST_SCRIPT_TERMINATED 1717.0 condorpool - 58
1644968948 individuals_ID0000014 POST_SCRIPT_SUCCESS 0 condorpool - 58
1644968949 individuals_ID0000058 JOB_TERMINATED 1718.0 condorpool - 59
1644968953 individuals_ID0000058 JOB_SUCCESS 0 condorpool - 59
1644968953 individuals_ID0000058 POST_SCRIPT_STARTED 1718.0 condorpool - 59
1644968954 individuals_ID0000058 POST_SCRIPT_TERMINATED 1718.0 condorpool - 59
1644968958 individuals_ID0000058 POST_SCRIPT_SUCCESS 0 condorpool - 59
1644968979 individuals_ID0000056 JOB_TERMINATED 1714.0 condorpool - 55
1644968983 individuals_ID0000056 JOB_SUCCESS 0 condorpool - 55
1644968983 individuals_ID0000056 POST_SCRIPT_STARTED 1714.0 condorpool - 55
1644968980 individuals_ID0000013 JOB_TERMINATED 1715.0 condorpool - 56
1644968983 individuals_ID0000013 JOB_SUCCESS 0 condorpool - 56
1644968983 individuals_ID0000013 POST_SCRIPT_STARTED 1715.0 condorpool - 56
1644968983 individuals_ID0000056 POST_SCRIPT_TERMINATED 1714.0 condorpool - 55
1644968988 individuals_ID0000056 POST_SCRIPT_SUCCESS 0 condorpool - 55
1644968983 individuals_ID0000013 POST_SCRIPT_TERMINATED 1715.0 condorpool - 56
1644968988 individuals_ID0000013 POST_SCRIPT_SUCCESS 0 condorpool - 56
1644968984 individuals_ID0000057 JOB_TERMINATED 1716.0 condorpool - 57
1644968988 individuals_ID0000057 JOB_SUCCESS 0 condorpool - 57
1644968988 individuals_ID0000057 POST_SCRIPT_STARTED 1716.0 condorpool - 57
1644968988 individuals_ID0000053 JOB_TERMINATED 1722.0 condorpool - 63
1644968988 individuals_ID0000053 JOB_SUCCESS 0 condorpool - 63
1644968988 individuals_ID0000053 POST_SCRIPT_STARTED 1722.0 condorpool - 63
1644968989 individuals_ID0000053 POST_SCRIPT_TERMINATED 1722.0 condorpool - 63
1644968993 individuals_ID0000053 POST_SCRIPT_SUCCESS 0 condorpool - 63
1644968989 individuals_ID0000057 POST_SCRIPT_TERMINATED 1716.0 condorpool - 57
1644968993 individuals_ID0000057 POST_SCRIPT_SUCCESS 0 condorpool - 57
1644969005 individuals_ID0000019 JOB_TERMINATED 1719.0 condorpool - 60
1644969008 individuals_ID0000019 JOB_SUCCESS 0 condorpool - 60
1644969008 individuals_ID0000019 POST_SCRIPT_STARTED 1719.0 condorpool - 60
1644969008 individuals_ID0000019 POST_SCRIPT_TERMINATED 1719.0 condorpool - 60
1644969013 individuals_ID0000019 POST_SCRIPT_SUCCESS 0 condorpool - 60
1644969043 individuals_ID0000026 JOB_TERMINATED 1726.0 condorpool - 67
1644969043 individuals_ID0000026 JOB_SUCCESS 0 condorpool - 67
1644969043 individuals_ID0000026 POST_SCRIPT_STARTED 1726.0 condorpool - 67
1644969043 individuals_ID0000026 POST_SCRIPT_TERMINATED 1726.0 condorpool - 67
1644969048 individuals_ID0000026 POST_SCRIPT_SUCCESS 0 condorpool - 67
1644969044 individuals_ID0000050 JOB_TERMINATED 1725.0 condorpool - 66
1644969048 individuals_ID0000050 JOB_SUCCESS 0 condorpool - 66
1644969048 individuals_ID0000050 POST_SCRIPT_STARTED 1725.0 condorpool - 66
1644969047 individuals_ID0000010 JOB_TERMINATED 1723.0 condorpool - 64
1644969048 individuals_ID0000010 JOB_SUCCESS 0 condorpool - 64
1644969048 individuals_ID0000010 POST_SCRIPT_STARTED 1723.0 condorpool - 64
1644969049 individuals_ID0000050 POST_SCRIPT_TERMINATED 1725.0 condorpool - 66
1644969053 individuals_ID0000050 POST_SCRIPT_SUCCESS 0 condorpool - 66
1644969049 individuals_ID0000010 POST_SCRIPT_TERMINATED 1723.0 condorpool - 64
1644969053 individuals_ID0000010 POST_SCRIPT_SUCCESS 0 condorpool - 64
1644969058 individuals_ID0000027 JOB_TERMINATED 1727.0 condorpool - 68
1644969058 individuals_ID0000027 JOB_SUCCESS 0 condorpool - 68
1644969058 individuals_ID0000027 POST_SCRIPT_STARTED 1727.0 condorpool - 68
1644969058 individuals_ID0000027 POST_SCRIPT_TERMINATED 1727.0 condorpool - 68
1644969063 individuals_ID0000027 POST_SCRIPT_SUCCESS 0 condorpool - 68
1644969066 individuals_ID0000063 JOB_TERMINATED 1739.0 condorpool - 80
1644969068 individuals_ID0000063 JOB_SUCCESS 0 condorpool - 80
1644969068 individuals_ID0000063 POST_SCRIPT_STARTED 1739.0 condorpool - 80
1644969068 individuals_ID0000065 JOB_TERMINATED 1743.0 condorpool - 84
1644969068 individuals_ID0000065 JOB_SUCCESS 0 condorpool - 84
1644969068 individuals_ID0000065 POST_SCRIPT_STARTED 1743.0 condorpool - 84
1644969068 individuals_ID0000063 POST_SCRIPT_TERMINATED 1739.0 condorpool - 80
1644969073 individuals_ID0000063 POST_SCRIPT_SUCCESS 0 condorpool - 80
1644969069 individuals_ID0000065 POST_SCRIPT_TERMINATED 1743.0 condorpool - 84
1644969073 individuals_ID0000065 POST_SCRIPT_SUCCESS 0 condorpool - 84
1644969082 individuals_ID0000061 JOB_TERMINATED 1745.0 condorpool - 86
1644969083 individuals_ID0000061 JOB_SUCCESS 0 condorpool - 86
1644969083 individuals_ID0000061 POST_SCRIPT_STARTED 1745.0 condorpool - 86
1644969083 individuals_ID0000061 POST_SCRIPT_TERMINATED 1745.0 condorpool - 86
1644969088 individuals_ID0000061 POST_SCRIPT_SUCCESS 0 condorpool - 86
1644969090 individuals_ID0000067 JOB_TERMINATED 1733.0 condorpool - 74
1644969093 individuals_ID0000067 JOB_SUCCESS 0 condorpool - 74
1644969093 individuals_ID0000067 POST_SCRIPT_STARTED 1733.0 condorpool - 74
1644969093 individuals_ID0000067 POST_SCRIPT_TERMINATED 1733.0 condorpool - 74
1644969098 individuals_ID0000067 POST_SCRIPT_SUCCESS 0 condorpool - 74
1644969109 individuals_ID0000054 JOB_TERMINATED 1724.0 condorpool - 65
1644969113 individuals_ID0000054 JOB_SUCCESS 0 condorpool - 65
1644969113 individuals_ID0000054 POST_SCRIPT_STARTED 1724.0 condorpool - 65
1644969114 individuals_ID0000054 POST_SCRIPT_TERMINATED 1724.0 condorpool - 65
1644969118 individuals_ID0000054 POST_SCRIPT_SUCCESS 0 condorpool - 65
1644969114 individuals_ID0000052 JOB_TERMINATED 1721.0 condorpool - 62
1644969118 individuals_ID0000052 JOB_SUCCESS 0 condorpool - 62
1644969118 individuals_ID0000052 POST_SCRIPT_STARTED 1721.0 condorpool - 62
1644969118 individuals_ID0000052 POST_SCRIPT_TERMINATED 1721.0 condorpool - 62
1644969123 individuals_ID0000052 POST_SCRIPT_SUCCESS 0 condorpool - 62
1644969119 individuals_ID0000029 JOB_TERMINATED 1729.0 condorpool - 70
1644969123 individuals_ID0000029 JOB_SUCCESS 0 condorpool - 70
1644969123 individuals_ID0000029 POST_SCRIPT_STARTED 1729.0 condorpool - 70
1644969120 individuals_ID0000051 JOB_TERMINATED 1720.0 condorpool - 61
1644969123 individuals_ID0000051 JOB_SUCCESS 0 condorpool - 61
1644969123 individuals_ID0000051 POST_SCRIPT_STARTED 1720.0 condorpool - 61
1644969123 individuals_ID0000051 POST_SCRIPT_TERMINATED 1720.0 condorpool - 61
1644969128 individuals_ID0000051 POST_SCRIPT_SUCCESS 0 condorpool - 61
1644969123 individuals_ID0000029 POST_SCRIPT_TERMINATED 1729.0 condorpool - 70
1644969128 individuals_ID0000029 POST_SCRIPT_SUCCESS 0 condorpool - 70
1644969127 individuals_ID0000022 JOB_TERMINATED 1730.0 condorpool - 71
1644969128 individuals_ID0000022 JOB_SUCCESS 0 condorpool - 71
1644969128 individuals_ID0000022 POST_SCRIPT_STARTED 1730.0 condorpool - 71
1644969129 individuals_ID0000022 POST_SCRIPT_TERMINATED 1730.0 condorpool - 71
1644969133 individuals_ID0000022 POST_SCRIPT_SUCCESS 0 condorpool - 71
1644969140 individuals_ID0000023 JOB_TERMINATED 1732.0 condorpool - 73
1644969143 individuals_ID0000023 JOB_SUCCESS 0 condorpool - 73
1644969143 individuals_ID0000023 POST_SCRIPT_STARTED 1732.0 condorpool - 73
1644969143 individuals_ID0000023 POST_SCRIPT_TERMINATED 1732.0 condorpool - 73
1644969148 individuals_ID0000023 POST_SCRIPT_SUCCESS 0 condorpool - 73
1644969149 individuals_ID0000066 JOB_TERMINATED 1731.0 condorpool - 72
1644969153 individuals_ID0000066 JOB_SUCCESS 0 condorpool - 72
1644969153 individuals_ID0000066 POST_SCRIPT_STARTED 1731.0 condorpool - 72
1644969150 individuals_ID0000068 JOB_TERMINATED 1735.0 condorpool - 76
1644969153 individuals_ID0000068 JOB_SUCCESS 0 condorpool - 76
1644969153 individuals_ID0000068 POST_SCRIPT_STARTED 1735.0 condorpool - 76
1644969152 individuals_ID0000024 JOB_TERMINATED 1734.0 condorpool - 75
1644969153 individuals_ID0000024 JOB_SUCCESS 0 condorpool - 75
1644969153 individuals_ID0000024 POST_SCRIPT_STARTED 1734.0 condorpool - 75
1644969153 individuals_ID0000024 POST_SCRIPT_TERMINATED 1734.0 condorpool - 75
1644969158 individuals_ID0000024 POST_SCRIPT_SUCCESS 0 condorpool - 75
1644969153 individuals_ID0000066 POST_SCRIPT_TERMINATED 1731.0 condorpool - 72
1644969158 individuals_ID0000066 POST_SCRIPT_SUCCESS 0 condorpool - 72
1644969153 individuals_ID0000068 POST_SCRIPT_TERMINATED 1735.0 condorpool - 76
1644969158 individuals_ID0000068 POST_SCRIPT_SUCCESS 0 condorpool - 76
1644969162 individuals_ID0000028 JOB_TERMINATED 1728.0 condorpool - 69
1644969164 individuals_ID0000028 JOB_SUCCESS 0 condorpool - 69
1644969164 individuals_ID0000028 POST_SCRIPT_STARTED 1728.0 condorpool - 69
1644969164 individuals_ID0000028 POST_SCRIPT_TERMINATED 1728.0 condorpool - 69
1644969169 individuals_ID0000028 POST_SCRIPT_SUCCESS 0 condorpool - 69
1644969167 individuals_ID0000025 JOB_TERMINATED 1736.0 condorpool - 77
1644969169 individuals_ID0000025 JOB_SUCCESS 0 condorpool - 77
1644969169 individuals_ID0000025 POST_SCRIPT_STARTED 1736.0 condorpool - 77
1644969169 individuals_ID0000025 POST_SCRIPT_TERMINATED 1736.0 condorpool - 77
1644969174 individuals_ID0000025 POST_SCRIPT_SUCCESS 0 condorpool - 77
1644969174 individuals_ID0000064 JOB_TERMINATED 1741.0 condorpool - 82
1644969174 individuals_ID0000064 JOB_SUCCESS 0 condorpool - 82
1644969174 individuals_ID0000064 POST_SCRIPT_STARTED 1741.0 condorpool - 82
1644969175 individuals_ID0000064 POST_SCRIPT_TERMINATED 1741.0 condorpool - 82
1644969179 individuals_ID0000064 POST_SCRIPT_SUCCESS 0 condorpool - 82
1644969176 individuals_ID0000069 JOB_TERMINATED 1737.0 condorpool - 78
1644969179 individuals_ID0000069 JOB_SUCCESS 0 condorpool - 78
1644969179 individuals_ID0000069 POST_SCRIPT_STARTED 1737.0 condorpool - 78
1644969179 individuals_ID0000069 POST_SCRIPT_TERMINATED 1737.0 condorpool - 78
1644969184 individuals_ID0000069 POST_SCRIPT_SUCCESS 0 condorpool - 78
1644969186 individuals_ID0000021 JOB_TERMINATED 1742.0 condorpool - 83
1644969189 individuals_ID0000021 JOB_SUCCESS 0 condorpool - 83
1644969189 individuals_ID0000021 POST_SCRIPT_STARTED 1742.0 condorpool - 83
1644969189 individuals_ID0000062 JOB_TERMINATED 1738.0 condorpool - 79
1644969189 individuals_ID0000062 JOB_SUCCESS 0 condorpool - 79
1644969189 individuals_ID0000062 POST_SCRIPT_STARTED 1738.0 condorpool - 79
1644969189 individuals_ID0000062 POST_SCRIPT_TERMINATED 1738.0 condorpool - 79
1644969194 individuals_ID0000062 POST_SCRIPT_SUCCESS 0 condorpool - 79
1644969189 individuals_ID0000021 POST_SCRIPT_TERMINATED 1742.0 condorpool - 83
1644969194 individuals_ID0000021 POST_SCRIPT_SUCCESS 0 condorpool - 83
1644969193 individuals_ID0000020 JOB_TERMINATED 1740.0 condorpool - 81
1644969194 individuals_ID0000020 JOB_SUCCESS 0 condorpool - 81
1644969194 individuals_ID0000020 POST_SCRIPT_STARTED 1740.0 condorpool - 81
1644969195 individuals_ID0000020 POST_SCRIPT_TERMINATED 1740.0 condorpool - 81
1644969199 individuals_ID0000020 POST_SCRIPT_SUCCESS 0 condorpool - 81
1644969195 individuals_ID0000060 JOB_TERMINATED 1744.0 condorpool - 85
1644969199 individuals_ID0000060 JOB_SUCCESS 0 condorpool - 85
1644969199 individuals_ID0000060 POST_SCRIPT_STARTED 1744.0 condorpool - 85
1644969199 individuals_ID0000060 POST_SCRIPT_TERMINATED 1744.0 condorpool - 85
1644969204 individuals_ID0000060 POST_SCRIPT_SUCCESS 0 condorpool - 85
1644969209 individuals_merge_ID0000076 SUBMIT 1747.0 condorpool - 88
1644969215 individuals_merge_ID0000076 EXECUTE 1747.0 condorpool - 88
1644975471 individuals_merge_ID0000076 JOB_TERMINATED 1747.0 condorpool - 88
1644975474 individuals_merge_ID0000076 JOB_SUCCESS 0 condorpool - 88
1644975474 individuals_merge_ID0000076 POST_SCRIPT_STARTED 1747.0 condorpool - 88
1644975474 individuals_merge_ID0000076 POST_SCRIPT_TERMINATED 1747.0 condorpool - 88
1644975480 individuals_merge_ID0000076 POST_SCRIPT_SUCCESS 0 condorpool - 88
1644975485 frequency_ID0000083 SUBMIT 1748.0 condorpool - 89
1644975485 mutation_overlap_ID0000080 SUBMIT 1749.0 condorpool - 90
1644975485 frequency_ID0000085 SUBMIT 1750.0 condorpool - 91
1644975485 mutation_overlap_ID0000090 SUBMIT 1751.0 condorpool - 92
1644975485 frequency_ID0000091 SUBMIT 1752.0 condorpool - 93
1644975486 frequency_ID0000083 EXECUTE 1748.0 condorpool - 89
1644975486 mutation_overlap_ID0000080 EXECUTE 1749.0 condorpool - 90
1644975490 frequency_ID0000081 SUBMIT 1753.0 condorpool - 94
1644975490 mutation_overlap_ID0000086 SUBMIT 1754.0 condorpool - 95
1644975490 frequency_ID0000079 SUBMIT 1755.0 condorpool - 96
1644975490 mutation_overlap_ID0000088 SUBMIT 1756.0 condorpool - 97
1644975490 mutation_overlap_ID0000082 SUBMIT 1757.0 condorpool - 98
1644975495 frequency_ID0000087 SUBMIT 1758.0 condorpool - 99
1644975495 mutation_overlap_ID0000084 SUBMIT 1759.0 condorpool - 100
1644975495 frequency_ID0000089 SUBMIT 1760.0 condorpool - 101
1644975495 mutation_overlap_ID0000078 SUBMIT 1761.0 condorpool - 102
1644975507 mutation_overlap_ID0000090 EXECUTE 1751.0 condorpool - 92
1644975508 mutation_overlap_ID0000078 EXECUTE 1761.0 condorpool - 102
1644975508 frequency_ID0000085 EXECUTE 1750.0 condorpool - 91
1644975508 mutation_overlap_ID0000086 EXECUTE 1754.0 condorpool - 95
1644975508 frequency_ID0000079 EXECUTE 1755.0 condorpool - 96
1644975509 frequency_ID0000089 EXECUTE 1760.0 condorpool - 101
1644975509 frequency_ID0000091 EXECUTE 1752.0 condorpool - 93
1644975509 frequency_ID0000081 EXECUTE 1753.0 condorpool - 94
1644975509 mutation_overlap_ID0000084 EXECUTE 1759.0 condorpool - 100
1644975509 mutation_overlap_ID0000082 EXECUTE 1757.0 condorpool - 98
1644975509 frequency_ID0000087 EXECUTE 1758.0 condorpool - 99
1644975509 mutation_overlap_ID0000088 EXECUTE 1756.0 condorpool - 97
1644975690 mutation_overlap_ID0000080 JOB_TERMINATED 1749.0 condorpool - 90
1644975690 mutation_overlap_ID0000080 JOB_SUCCESS 0 condorpool - 90
1644975690 mutation_overlap_ID0000080 POST_SCRIPT_STARTED 1749.0 condorpool - 90
1644975691 mutation_overlap_ID0000080 POST_SCRIPT_TERMINATED 1749.0 condorpool - 90
1644975695 mutation_overlap_ID0000080 POST_SCRIPT_SUCCESS 0 condorpool - 90
1644975707 mutation_overlap_ID0000090 JOB_TERMINATED 1751.0 condorpool - 92
1644975710 mutation_overlap_ID0000090 JOB_SUCCESS 0 condorpool - 92
1644975710 mutation_overlap_ID0000090 POST_SCRIPT_STARTED 1751.0 condorpool - 92
1644975710 mutation_overlap_ID0000090 POST_SCRIPT_TERMINATED 1751.0 condorpool - 92
1644975715 mutation_overlap_ID0000090 POST_SCRIPT_SUCCESS 0 condorpool - 92
1644975713 mutation_overlap_ID0000088 JOB_TERMINATED 1756.0 condorpool - 97
1644975715 mutation_overlap_ID0000088 JOB_SUCCESS 0 condorpool - 97
1644975715 mutation_overlap_ID0000088 POST_SCRIPT_STARTED 1756.0 condorpool - 97
1644975714 mutation_overlap_ID0000086 JOB_TERMINATED 1754.0 condorpool - 95
1644975715 mutation_overlap_ID0000086 JOB_SUCCESS 0 condorpool - 95
1644975715 mutation_overlap_ID0000086 POST_SCRIPT_STARTED 1754.0 condorpool - 95
1644975715 mutation_overlap_ID0000088 POST_SCRIPT_TERMINATED 1756.0 condorpool - 97
1644975720 mutation_overlap_ID0000088 POST_SCRIPT_SUCCESS 0 condorpool - 97
1644975715 mutation_overlap_ID0000086 POST_SCRIPT_TERMINATED 1754.0 condorpool - 95
1644975720 mutation_overlap_ID0000086 POST_SCRIPT_SUCCESS 0 condorpool - 95
1644975716 mutation_overlap_ID0000084 JOB_TERMINATED 1759.0 condorpool - 100
1644975720 mutation_overlap_ID0000084 JOB_SUCCESS 0 condorpool - 100
1644975720 mutation_overlap_ID0000084 POST_SCRIPT_STARTED 1759.0 condorpool - 100
1644975716 mutation_overlap_ID0000078 JOB_TERMINATED 1761.0 condorpool - 102
1644975720 mutation_overlap_ID0000078 JOB_SUCCESS 0 condorpool - 102
1644975720 mutation_overlap_ID0000078 POST_SCRIPT_STARTED 1761.0 condorpool - 102
1644975720 mutation_overlap_ID0000084 POST_SCRIPT_TERMINATED 1759.0 condorpool - 100
1644975725 mutation_overlap_ID0000084 POST_SCRIPT_SUCCESS 0 condorpool - 100
1644975720 mutation_overlap_ID0000078 POST_SCRIPT_TERMINATED 1761.0 condorpool - 102
1644975725 mutation_overlap_ID0000078 POST_SCRIPT_SUCCESS 0 condorpool - 102
1644975784 mutation_overlap_ID0000082 JOB_TERMINATED 1757.0 condorpool - 98
1644975785 mutation_overlap_ID0000082 JOB_SUCCESS 0 condorpool - 98
1644975785 mutation_overlap_ID0000082 POST_SCRIPT_STARTED 1757.0 condorpool - 98
1644975786 mutation_overlap_ID0000082 POST_SCRIPT_TERMINATED 1757.0 condorpool - 98
1644975790 mutation_overlap_ID0000082 POST_SCRIPT_SUCCESS 0 condorpool - 98
1644976259 frequency_ID0000089 JOB_TERMINATED 1760.0 condorpool - 101
1644976260 frequency_ID0000089 JOB_SUCCESS 0 condorpool - 101
1644976260 frequency_ID0000089 POST_SCRIPT_STARTED 1760.0 condorpool - 101
1644976260 frequency_ID0000089 POST_SCRIPT_TERMINATED 1760.0 condorpool - 101
1644976265 frequency_ID0000089 POST_SCRIPT_SUCCESS 0 condorpool - 101
1644976272 frequency_ID0000087 JOB_TERMINATED 1758.0 condorpool - 99
1644976275 frequency_ID0000087 JOB_SUCCESS 0 condorpool - 99
1644976275 frequency_ID0000087 POST_SCRIPT_STARTED 1758.0 condorpool - 99
1644976276 frequency_ID0000087 POST_SCRIPT_TERMINATED 1758.0 condorpool - 99
1644976281 frequency_ID0000087 POST_SCRIPT_SUCCESS 0 condorpool - 99
1644976288 frequency_ID0000085 JOB_TERMINATED 1750.0 condorpool - 91
1644976291 frequency_ID0000085 JOB_SUCCESS 0 condorpool - 91
1644976291 frequency_ID0000085 POST_SCRIPT_STARTED 1750.0 condorpool - 91
1644976291 frequency_ID0000085 POST_SCRIPT_TERMINATED 1750.0 condorpool - 91
1644976296 frequency_ID0000085 POST_SCRIPT_SUCCESS 0 condorpool - 91
1644976322 frequency_ID0000091 JOB_TERMINATED 1752.0 condorpool - 93
1644976326 frequency_ID0000091 JOB_SUCCESS 0 condorpool - 93
1644976326 frequency_ID0000091 POST_SCRIPT_STARTED 1752.0 condorpool - 93
1644976327 frequency_ID0000091 POST_SCRIPT_TERMINATED 1752.0 condorpool - 93
1644976331 frequency_ID0000091 POST_SCRIPT_SUCCESS 0 condorpool - 93
1644976373 frequency_ID0000083 JOB_TERMINATED 1748.0 condorpool - 89
1644976376 frequency_ID0000083 JOB_SUCCESS 0 condorpool - 89
1644976376 frequency_ID0000083 POST_SCRIPT_STARTED 1748.0 condorpool - 89
1644976376 frequency_ID0000083 POST_SCRIPT_TERMINATED 1748.0 condorpool - 89
1644976381 frequency_ID0000083 POST_SCRIPT_SUCCESS 0 condorpool - 89
1644976386 stage_out_local_local_2_0 SUBMIT 1762.0 local - 103
1644976386 stage_out_local_local_2_0 EXECUTE 1762.0 local - 103
1644976391 stage_out_local_local_2_0 JOB_TERMINATED 1762.0 local - 103
1644976391 stage_out_local_local_2_0 JOB_SUCCESS 0 local - 103
1644976391 stage_out_local_local_2_0 POST_SCRIPT_STARTED 1762.0 local - 103
1644976392 stage_out_local_local_2_0 POST_SCRIPT_TERMINATED 1762.0 local - 103
1644976397 stage_out_local_local_2_0 POST_SCRIPT_SUCCESS 0 local - 103
1644976430 frequency_ID0000081 JOB_TERMINATED 1753.0 condorpool - 94
1644976432 frequency_ID0000081 JOB_SUCCESS 0 condorpool - 94
1644976432 frequency_ID0000081 POST_SCRIPT_STARTED 1753.0 condorpool - 94
1644976432 frequency_ID0000081 POST_SCRIPT_TERMINATED 1753.0 condorpool - 94
1644976437 frequency_ID0000081 POST_SCRIPT_SUCCESS 0 condorpool - 94
1644976525 frequency_ID0000079 JOB_TERMINATED 1755.0 condorpool - 96
1644976527 frequency_ID0000079 JOB_SUCCESS 0 condorpool - 96
1644976527 frequency_ID0000079 POST_SCRIPT_STARTED 1755.0 condorpool - 96
1644976528 frequency_ID0000079 POST_SCRIPT_TERMINATED 1755.0 condorpool - 96
1644976532 frequency_ID0000079 POST_SCRIPT_SUCCESS 0 condorpool - 96
1644976537 stage_out_local_local_2_1 SUBMIT 1763.0 local - 104
1644976537 stage_out_local_local_2_1 EXECUTE 1763.0 local - 104
1644976541 stage_out_local_local_2_1 JOB_TERMINATED 1763.0 local - 104
1644976542 stage_out_local_local_2_1 JOB_SUCCESS 0 local - 104
1644976542 stage_out_local_local_2_1 POST_SCRIPT_STARTED 1763.0 local - 104
1644976542 stage_out_local_local_2_1 POST_SCRIPT_TERMINATED 1763.0 local - 104
1644976547 stage_out_local_local_2_1 POST_SCRIPT_SUCCESS 0 local - 104
1644976552 cleanup_1000-genome_0_local SUBMIT 1764.0 local - 105
1644976552 cleanup_1000-genome_0_local EXECUTE 1764.0 local - 105
1644976554 cleanup_1000-genome_0_local JOB_TERMINATED 1764.0 local - 105
1644976557 cleanup_1000-genome_0_local JOB_SUCCESS 0 local - 105
1644976557 cleanup_1000-genome_0_local POST_SCRIPT_STARTED 1764.0 local - 105
1644976557 cleanup_1000-genome_0_local POST_SCRIPT_TERMINATED 1764.0 local - 105
1644976562 cleanup_1000-genome_0_local POST_SCRIPT_SUCCESS 0 local - 105
1644976562 INTERNAL *** DAGMAN_FINISHED 0 ***
1644976564 INTERNAL *** MONITORD_FINISHED 0 ***
