1644610693 INTERNAL *** MONITORD_STARTED ***
1644610691 INTERNAL *** DAGMAN_STARTED 2351.0 ***
1644610695 create_dir_1000-genome_0_local SUBMIT 2352.0 local - 106
1644610697 create_dir_1000-genome_0_local EXECUTE 2352.0 local - 106
1644610699 create_dir_1000-genome_0_local JOB_TERMINATED 2352.0 local - 106
1644610700 create_dir_1000-genome_0_local JOB_SUCCESS 0 local - 106
1644610700 create_dir_1000-genome_0_local POST_SCRIPT_STARTED 2352.0 local - 106
1644610701 create_dir_1000-genome_0_local POST_SCRIPT_TERMINATED 2352.0 local - 106
1644610705 create_dir_1000-genome_0_local POST_SCRIPT_SUCCESS 0 local - 106
1644610710 stage_in_remote_local_2_0 SUBMIT 2353.0 local - 107
1644610710 stage_in_remote_local_1_0 SUBMIT 2354.0 local - 108
1644610710 stage_in_remote_local_2_0 EXECUTE 2353.0 local - 107
1644610710 stage_in_remote_local_0_0 SUBMIT 2355.0 local - 109
1644610710 stage_in_local_local_0_0 SUBMIT 2356.0 local - 110
1644610710 stage_in_local_local_2_0 SUBMIT 2357.0 local - 111
1644610712 stage_in_remote_local_2_0 JOB_TERMINATED 2353.0 local - 107
1644610715 stage_in_remote_local_2_0 JOB_SUCCESS 0 local - 107
1644610715 stage_in_remote_local_2_0 POST_SCRIPT_STARTED 2353.0 local - 107
1644610712 stage_in_local_local_2_0 EXECUTE 2357.0 local - 111
1644610712 stage_in_local_local_0_0 EXECUTE 2356.0 local - 110
1644610712 stage_in_remote_local_0_0 EXECUTE 2355.0 local - 109
1644610712 stage_in_remote_local_1_0 EXECUTE 2354.0 local - 108
1644610714 stage_in_local_local_0_0 JOB_TERMINATED 2356.0 local - 110
1644610715 stage_in_local_local_0_0 JOB_SUCCESS 0 local - 110
1644610715 stage_in_local_local_0_0 POST_SCRIPT_STARTED 2356.0 local - 110
1644610714 stage_in_remote_local_0_0 JOB_TERMINATED 2355.0 local - 109
1644610715 stage_in_remote_local_0_0 JOB_SUCCESS 0 local - 109
1644610715 stage_in_remote_local_0_0 POST_SCRIPT_STARTED 2355.0 local - 109
1644610714 stage_in_remote_local_1_0 JOB_TERMINATED 2354.0 local - 108
1644610715 stage_in_remote_local_1_0 JOB_SUCCESS 0 local - 108
1644610715 stage_in_remote_local_1_0 POST_SCRIPT_STARTED 2354.0 local - 108
1644610715 stage_in_remote_local_0_1 SUBMIT 2358.0 local - 112
1644610715 stage_in_local_local_0_1 SUBMIT 2359.0 local - 113
1644610715 stage_in_remote_local_2_1 SUBMIT 2360.0 local - 114
1644610715 stage_in_local_local_2_1 SUBMIT 2361.0 local - 115
1644610715 stage_in_local_local_0_2 SUBMIT 2362.0 local - 116
1644610715 stage_in_remote_local_2_0 POST_SCRIPT_TERMINATED 2353.0 local - 107
1644610720 stage_in_remote_local_2_0 POST_SCRIPT_SUCCESS 0 local - 107
1644610715 stage_in_local_local_0_0 POST_SCRIPT_TERMINATED 2356.0 local - 110
1644610720 stage_in_local_local_0_0 POST_SCRIPT_SUCCESS 0 local - 110
1644610715 stage_in_remote_local_1_0 POST_SCRIPT_TERMINATED 2354.0 local - 108
1644610720 stage_in_remote_local_1_0 POST_SCRIPT_SUCCESS 0 local - 108
1644610715 stage_in_remote_local_0_0 POST_SCRIPT_TERMINATED 2355.0 local - 109
1644610720 stage_in_remote_local_0_0 POST_SCRIPT_SUCCESS 0 local - 109
1644610716 stage_in_local_local_2_0 JOB_TERMINATED 2357.0 local - 111
1644610720 stage_in_local_local_2_0 JOB_SUCCESS 0 local - 111
1644610720 stage_in_local_local_2_0 POST_SCRIPT_STARTED 2357.0 local - 111
1644610716 stage_in_local_local_0_2 EXECUTE 2362.0 local - 116
1644610716 stage_in_local_local_2_1 EXECUTE 2361.0 local - 115
1644610716 stage_in_remote_local_2_1 EXECUTE 2360.0 local - 114
1644610716 stage_in_local_local_0_1 EXECUTE 2359.0 local - 113
1644610716 stage_in_remote_local_0_1 EXECUTE 2358.0 local - 112
1644610719 stage_in_local_local_0_2 JOB_TERMINATED 2362.0 local - 116
1644610720 stage_in_local_local_0_2 JOB_SUCCESS 0 local - 116
1644610720 stage_in_local_local_0_2 POST_SCRIPT_STARTED 2362.0 local - 116
1644610719 stage_in_remote_local_2_1 JOB_TERMINATED 2360.0 local - 114
1644610720 stage_in_remote_local_2_1 JOB_SUCCESS 0 local - 114
1644610720 stage_in_remote_local_2_1 POST_SCRIPT_STARTED 2360.0 local - 114
1644610719 stage_in_remote_local_0_1 JOB_TERMINATED 2358.0 local - 112
1644610720 stage_in_remote_local_0_1 JOB_SUCCESS 0 local - 112
1644610720 stage_in_remote_local_0_1 POST_SCRIPT_STARTED 2358.0 local - 112
1644610719 stage_in_local_local_0_1 JOB_TERMINATED 2359.0 local - 113
1644610720 stage_in_local_local_0_1 JOB_SUCCESS 0 local - 113
1644610720 stage_in_local_local_0_1 POST_SCRIPT_STARTED 2359.0 local - 113
1644610721 stage_in_remote_local_2_1 POST_SCRIPT_TERMINATED 2360.0 local - 114
1644610725 stage_in_remote_local_2_1 POST_SCRIPT_SUCCESS 0 local - 114
1644610721 stage_in_local_local_2_0 POST_SCRIPT_TERMINATED 2357.0 local - 111
1644610725 stage_in_local_local_2_0 POST_SCRIPT_SUCCESS 0 local - 111
1644610721 stage_in_remote_local_0_1 POST_SCRIPT_TERMINATED 2358.0 local - 112
1644610725 stage_in_remote_local_0_1 POST_SCRIPT_SUCCESS 0 local - 112
1644610721 stage_in_local_local_2_1 JOB_TERMINATED 2361.0 local - 115
1644610725 stage_in_local_local_2_1 JOB_SUCCESS 0 local - 115
1644610725 stage_in_local_local_2_1 POST_SCRIPT_STARTED 2361.0 local - 115
1644610721 stage_in_local_local_0_2 POST_SCRIPT_TERMINATED 2362.0 local - 116
1644610725 stage_in_local_local_0_2 POST_SCRIPT_SUCCESS 0 local - 116
1644610721 stage_in_local_local_0_1 POST_SCRIPT_TERMINATED 2359.0 local - 113
1644610725 stage_in_local_local_0_1 POST_SCRIPT_SUCCESS 0 local - 113
1644610725 stage_in_local_local_2_1 POST_SCRIPT_TERMINATED 2361.0 local - 115
1644610730 stage_in_local_local_2_1 POST_SCRIPT_SUCCESS 0 local - 115
1644610730 sifting_ID0000077 SUBMIT 2363.0 condorpool - 117
1644610730 individuals_ID0000037 SUBMIT 2364.0 condorpool - 118
1644610730 individuals_ID0000038 SUBMIT 2365.0 condorpool - 119
1644610730 individuals_ID0000039 SUBMIT 2366.0 condorpool - 120
1644610730 individuals_ID0000033 SUBMIT 2367.0 condorpool - 121
1644610732 sifting_ID0000077 EXECUTE 2363.0 condorpool - 117
1644610735 individuals_ID0000034 SUBMIT 2368.0 condorpool - 122
1644610735 individuals_ID0000035 SUBMIT 2369.0 condorpool - 123
1644610735 individuals_ID0000036 SUBMIT 2370.0 condorpool - 124
1644610735 individuals_ID0000073 SUBMIT 2371.0 condorpool - 125
1644610735 individuals_ID0000030 SUBMIT 2372.0 condorpool - 126
1644610738 sifting_ID0000077 JOB_TERMINATED 2363.0 condorpool - 117
1644610740 sifting_ID0000077 JOB_SUCCESS 0 condorpool - 117
1644610740 sifting_ID0000077 POST_SCRIPT_STARTED 2363.0 condorpool - 117
1644610740 individuals_ID0000033 EXECUTE 2367.0 condorpool - 121
1644610740 individuals_ID0000074 SUBMIT 2373.0 condorpool - 127
1644610740 individuals_ID0000031 SUBMIT 2374.0 condorpool - 128
1644610740 individuals_ID0000075 SUBMIT 2375.0 condorpool - 129
1644610740 individuals_ID0000032 SUBMIT 2376.0 condorpool - 130
1644610740 individuals_ID0000070 SUBMIT 2377.0 condorpool - 131
1644610741 sifting_ID0000077 POST_SCRIPT_TERMINATED 2363.0 condorpool - 117
1644610745 sifting_ID0000077 POST_SCRIPT_SUCCESS 0 condorpool - 117
1644610743 individuals_ID0000037 EXECUTE 2364.0 condorpool - 118
1644610745 individuals_ID0000071 SUBMIT 2378.0 condorpool - 132
1644610745 individuals_ID0000072 SUBMIT 2379.0 condorpool - 133
1644610745 individuals_ID0000004 SUBMIT 2380.0 condorpool - 134
1644610745 individuals_ID0000048 SUBMIT 2381.0 condorpool - 135
1644610745 individuals_ID0000005 SUBMIT 2382.0 condorpool - 136
1644610747 individuals_ID0000039 EXECUTE 2366.0 condorpool - 120
1644610748 individuals_ID0000038 EXECUTE 2365.0 condorpool - 119
1644610750 individuals_ID0000049 SUBMIT 2383.0 condorpool - 137
1644610750 individuals_ID0000006 SUBMIT 2384.0 condorpool - 138
1644610750 individuals_ID0000007 SUBMIT 2385.0 condorpool - 139
1644610750 individuals_ID0000044 SUBMIT 2386.0 condorpool - 140
1644610750 individuals_ID0000001 SUBMIT 2387.0 condorpool - 141
1644610750 individuals_ID0000034 EXECUTE 2368.0 condorpool - 122
1644610755 individuals_ID0000045 SUBMIT 2388.0 condorpool - 142
1644610755 individuals_ID0000002 SUBMIT 2389.0 condorpool - 143
1644610755 individuals_ID0000046 SUBMIT 2390.0 condorpool - 144
1644610755 individuals_ID0000003 SUBMIT 2391.0 condorpool - 145
1644610755 individuals_ID0000047 SUBMIT 2392.0 condorpool - 146
1644610760 individuals_ID0000008 SUBMIT 2393.0 condorpool - 147
1644610761 individuals_ID0000009 SUBMIT 2394.0 condorpool - 148
1644610761 individuals_ID0000040 SUBMIT 2395.0 condorpool - 149
1644610761 individuals_ID0000041 SUBMIT 2396.0 condorpool - 150
1644610761 individuals_ID0000042 SUBMIT 2397.0 condorpool - 151
1644610764 individuals_ID0000036 EXECUTE 2370.0 condorpool - 124
1644610765 individuals_ID0000073 EXECUTE 2371.0 condorpool - 125
1644610765 individuals_ID0000035 EXECUTE 2369.0 condorpool - 123
1644610766 individuals_ID0000043 SUBMIT 2398.0 condorpool - 152
1644610766 individuals_ID0000015 SUBMIT 2399.0 condorpool - 153
1644610766 individuals_ID0000059 SUBMIT 2400.0 condorpool - 154
1644610766 individuals_ID0000016 SUBMIT 2401.0 condorpool - 155
1644610766 individuals_ID0000017 SUBMIT 2402.0 condorpool - 156
1644610771 individuals_ID0000018 SUBMIT 2403.0 condorpool - 157
1644610771 individuals_ID0000011 SUBMIT 2404.0 condorpool - 158
1644610771 individuals_ID0000055 SUBMIT 2405.0 condorpool - 159
1644610771 individuals_ID0000012 SUBMIT 2406.0 condorpool - 160
1644610771 individuals_ID0000056 SUBMIT 2407.0 condorpool - 161
1644610776 individuals_ID0000013 SUBMIT 2408.0 condorpool - 162
1644610776 individuals_ID0000057 SUBMIT 2409.0 condorpool - 163
1644610776 individuals_ID0000014 SUBMIT 2410.0 condorpool - 164
1644610776 individuals_ID0000058 SUBMIT 2411.0 condorpool - 165
1644610776 individuals_ID0000019 SUBMIT 2412.0 condorpool - 166
1644610781 individuals_ID0000051 SUBMIT 2413.0 condorpool - 167
1644610781 individuals_ID0000052 SUBMIT 2414.0 condorpool - 168
1644610782 individuals_ID0000053 SUBMIT 2415.0 condorpool - 169
1644610782 individuals_ID0000010 SUBMIT 2416.0 condorpool - 170
1644610782 individuals_ID0000054 SUBMIT 2417.0 condorpool - 171
1644610787 individuals_ID0000050 SUBMIT 2418.0 condorpool - 172
1644610787 individuals_ID0000026 SUBMIT 2419.0 condorpool - 173
1644610787 individuals_ID0000027 SUBMIT 2420.0 condorpool - 174
1644610787 individuals_ID0000028 SUBMIT 2421.0 condorpool - 175
1644610787 individuals_ID0000029 SUBMIT 2422.0 condorpool - 176
1644610792 individuals_ID0000022 SUBMIT 2423.0 condorpool - 177
1644610792 individuals_ID0000066 SUBMIT 2424.0 condorpool - 178
1644610792 individuals_ID0000023 SUBMIT 2425.0 condorpool - 179
1644610792 individuals_ID0000067 SUBMIT 2426.0 condorpool - 180
1644610792 individuals_ID0000024 SUBMIT 2427.0 condorpool - 181
1644610797 individuals_ID0000068 SUBMIT 2428.0 condorpool - 182
1644610797 individuals_ID0000025 SUBMIT 2429.0 condorpool - 183
1644610797 individuals_ID0000069 SUBMIT 2430.0 condorpool - 184
1644610797 individuals_ID0000062 SUBMIT 2431.0 condorpool - 185
1644610797 individuals_ID0000063 SUBMIT 2432.0 condorpool - 186
1644610802 individuals_ID0000020 SUBMIT 2433.0 condorpool - 187
1644610802 individuals_ID0000064 SUBMIT 2434.0 condorpool - 188
1644610802 individuals_ID0000021 SUBMIT 2435.0 condorpool - 189
1644610802 individuals_ID0000065 SUBMIT 2436.0 condorpool - 190
1644610803 individuals_ID0000060 SUBMIT 2437.0 condorpool - 191
1644610808 individuals_ID0000061 SUBMIT 2438.0 condorpool - 192
1644611425 individuals_ID0000033 JOB_TERMINATED 2367.0 condorpool - 121
1644611428 individuals_ID0000033 JOB_SUCCESS 0 condorpool - 121
1644611428 individuals_ID0000033 POST_SCRIPT_STARTED 2367.0 condorpool - 121
1644611428 individuals_ID0000033 POST_SCRIPT_TERMINATED 2367.0 condorpool - 121
1644611433 individuals_ID0000033 POST_SCRIPT_SUCCESS 0 condorpool - 121
1644611431 individuals_ID0000034 JOB_TERMINATED 2368.0 condorpool - 122
1644611433 individuals_ID0000034 JOB_SUCCESS 0 condorpool - 122
1644611433 individuals_ID0000034 POST_SCRIPT_STARTED 2368.0 condorpool - 122
1644611431 individuals_ID0000030 EXECUTE 2372.0 condorpool - 126
1644611433 individuals_ID0000034 POST_SCRIPT_TERMINATED 2368.0 condorpool - 122
1644611438 individuals_ID0000034 POST_SCRIPT_SUCCESS 0 condorpool - 122
1644611435 individuals_ID0000037 JOB_TERMINATED 2364.0 condorpool - 118
1644611438 individuals_ID0000037 JOB_SUCCESS 0 condorpool - 118
1644611438 individuals_ID0000037 POST_SCRIPT_STARTED 2364.0 condorpool - 118
1644611438 individuals_ID0000074 EXECUTE 2373.0 condorpool - 127
1644611438 individuals_ID0000037 POST_SCRIPT_TERMINATED 2364.0 condorpool - 118
1644611443 individuals_ID0000037 POST_SCRIPT_SUCCESS 0 condorpool - 118
1644611442 individuals_ID0000031 EXECUTE 2374.0 condorpool - 128
1644611443 individuals_ID0000038 JOB_TERMINATED 2365.0 condorpool - 119
1644611443 individuals_ID0000038 JOB_SUCCESS 0 condorpool - 119
1644611443 individuals_ID0000038 POST_SCRIPT_STARTED 2365.0 condorpool - 119
1644611443 individuals_ID0000039 JOB_TERMINATED 2366.0 condorpool - 120
1644611448 individuals_ID0000039 JOB_SUCCESS 0 condorpool - 120
1644611448 individuals_ID0000039 POST_SCRIPT_STARTED 2366.0 condorpool - 120
1644611444 individuals_ID0000038 POST_SCRIPT_TERMINATED 2365.0 condorpool - 119
1644611448 individuals_ID0000038 POST_SCRIPT_SUCCESS 0 condorpool - 119
1644611447 individuals_ID0000036 JOB_TERMINATED 2370.0 condorpool - 124
1644611448 individuals_ID0000036 JOB_SUCCESS 0 condorpool - 124
1644611448 individuals_ID0000036 POST_SCRIPT_STARTED 2370.0 condorpool - 124
1644611448 individuals_ID0000036 POST_SCRIPT_TERMINATED 2370.0 condorpool - 124
1644611453 individuals_ID0000036 POST_SCRIPT_SUCCESS 0 condorpool - 124
1644611448 individuals_ID0000039 POST_SCRIPT_TERMINATED 2366.0 condorpool - 120
1644611453 individuals_ID0000039 POST_SCRIPT_SUCCESS 0 condorpool - 120
1644611456 individuals_ID0000070 EXECUTE 2377.0 condorpool - 131
1644611456 individuals_ID0000075 EXECUTE 2375.0 condorpool - 129
1644611457 individuals_ID0000032 EXECUTE 2376.0 condorpool - 130
1644611458 individuals_ID0000073 JOB_TERMINATED 2371.0 condorpool - 125
1644611458 individuals_ID0000073 JOB_SUCCESS 0 condorpool - 125
1644611458 individuals_ID0000073 POST_SCRIPT_STARTED 2371.0 condorpool - 125
1644611458 individuals_ID0000073 POST_SCRIPT_TERMINATED 2371.0 condorpool - 125
1644611463 individuals_ID0000073 POST_SCRIPT_SUCCESS 0 condorpool - 125
1644611465 individuals_ID0000035 JOB_TERMINATED 2369.0 condorpool - 123
1644611468 individuals_ID0000035 JOB_SUCCESS 0 condorpool - 123
1644611468 individuals_ID0000035 POST_SCRIPT_STARTED 2369.0 condorpool - 123
1644611467 individuals_ID0000071 EXECUTE 2378.0 condorpool - 132
1644611469 individuals_ID0000035 POST_SCRIPT_TERMINATED 2369.0 condorpool - 123
1644611473 individuals_ID0000035 POST_SCRIPT_SUCCESS 0 condorpool - 123
1644611473 individuals_ID0000072 EXECUTE 2379.0 condorpool - 133
1644612137 individuals_ID0000030 JOB_TERMINATED 2372.0 condorpool - 126
1644612138 individuals_ID0000030 JOB_SUCCESS 0 condorpool - 126
1644612138 individuals_ID0000030 POST_SCRIPT_STARTED 2372.0 condorpool - 126
1644612139 individuals_ID0000030 POST_SCRIPT_TERMINATED 2372.0 condorpool - 126
1644612143 individuals_ID0000030 POST_SCRIPT_SUCCESS 0 condorpool - 126
1644612146 individuals_ID0000031 JOB_TERMINATED 2374.0 condorpool - 128
1644612148 individuals_ID0000031 JOB_SUCCESS 0 condorpool - 128
1644612148 individuals_ID0000031 POST_SCRIPT_STARTED 2374.0 condorpool - 128
1644612148 individuals_ID0000031 POST_SCRIPT_TERMINATED 2374.0 condorpool - 128
1644612153 individuals_ID0000031 POST_SCRIPT_SUCCESS 0 condorpool - 128
1644612148 individuals_ID0000032 JOB_TERMINATED 2376.0 condorpool - 130
1644612153 individuals_ID0000032 JOB_SUCCESS 0 condorpool - 130
1644612153 individuals_ID0000032 POST_SCRIPT_STARTED 2376.0 condorpool - 130
1644612148 individuals_ID0000074 JOB_TERMINATED 2373.0 condorpool - 127
1644612153 individuals_ID0000074 JOB_SUCCESS 0 condorpool - 127
1644612153 individuals_ID0000074 POST_SCRIPT_STARTED 2373.0 condorpool - 127
1644612152 individuals_ID0000075 JOB_TERMINATED 2375.0 condorpool - 129
1644612153 individuals_ID0000075 JOB_SUCCESS 0 condorpool - 129
1644612153 individuals_ID0000075 POST_SCRIPT_STARTED 2375.0 condorpool - 129
1644612153 individuals_ID0000074 POST_SCRIPT_TERMINATED 2373.0 condorpool - 127
1644612158 individuals_ID0000074 POST_SCRIPT_SUCCESS 0 condorpool - 127
1644612153 individuals_ID0000032 POST_SCRIPT_TERMINATED 2376.0 condorpool - 130
1644612158 individuals_ID0000032 POST_SCRIPT_SUCCESS 0 condorpool - 130
1644612153 individuals_ID0000075 POST_SCRIPT_TERMINATED 2375.0 condorpool - 129
1644612158 individuals_ID0000075 POST_SCRIPT_SUCCESS 0 condorpool - 129
1644612161 individuals_ID0000072 JOB_TERMINATED 2379.0 condorpool - 133
1644612163 individuals_ID0000072 JOB_SUCCESS 0 condorpool - 133
1644612163 individuals_ID0000072 POST_SCRIPT_STARTED 2379.0 condorpool - 133
1644612164 individuals_ID0000072 POST_SCRIPT_TERMINATED 2379.0 condorpool - 133
1644612168 individuals_ID0000072 POST_SCRIPT_SUCCESS 0 condorpool - 133
1644612168 individuals_ID0000070 JOB_TERMINATED 2377.0 condorpool - 131
1644612173 individuals_ID0000070 JOB_SUCCESS 0 condorpool - 131
1644612173 individuals_ID0000070 POST_SCRIPT_STARTED 2377.0 condorpool - 131
1644612173 individuals_ID0000071 JOB_TERMINATED 2378.0 condorpool - 132
1644612178 individuals_ID0000071 JOB_SUCCESS 0 condorpool - 132
1644612178 individuals_ID0000071 POST_SCRIPT_STARTED 2378.0 condorpool - 132
1644612173 individuals_ID0000070 POST_SCRIPT_TERMINATED 2377.0 condorpool - 131
1644612178 individuals_ID0000070 POST_SCRIPT_SUCCESS 0 condorpool - 131
1644612178 individuals_ID0000071 POST_SCRIPT_TERMINATED 2378.0 condorpool - 132
1644612183 individuals_ID0000071 POST_SCRIPT_SUCCESS 0 condorpool - 132
1644612210 individuals_ID0000048 EXECUTE 2381.0 condorpool - 135
1644612211 individuals_ID0000006 EXECUTE 2384.0 condorpool - 138
1644612211 individuals_ID0000044 EXECUTE 2386.0 condorpool - 140
1644612212 individuals_ID0000004 EXECUTE 2380.0 condorpool - 134
1644612214 individuals_ID0000049 EXECUTE 2383.0 condorpool - 137
1644612214 individuals_ID0000005 EXECUTE 2382.0 condorpool - 136
1644612214 individuals_ID0000007 EXECUTE 2385.0 condorpool - 139
1644612214 individuals_ID0000001 EXECUTE 2387.0 condorpool - 141
1644612517 individuals_ID0000001 JOB_TERMINATED 2387.0 condorpool - 141
1644612519 individuals_ID0000001 JOB_SUCCESS 0 condorpool - 141
1644612519 individuals_ID0000001 POST_SCRIPT_STARTED 2387.0 condorpool - 141
1644612519 individuals_ID0000001 POST_SCRIPT_TERMINATED 2387.0 condorpool - 141
1644612524 individuals_ID0000001 POST_SCRIPT_SUCCESS 0 condorpool - 141
1644612524 individuals_ID0000045 EXECUTE 2388.0 condorpool - 142
1644612888 individuals_ID0000004 JOB_TERMINATED 2380.0 condorpool - 134
1644612889 individuals_ID0000004 JOB_SUCCESS 0 condorpool - 134
1644612889 individuals_ID0000004 POST_SCRIPT_STARTED 2380.0 condorpool - 134
1644612890 individuals_ID0000004 POST_SCRIPT_TERMINATED 2380.0 condorpool - 134
1644612894 individuals_ID0000004 POST_SCRIPT_SUCCESS 0 condorpool - 134
1644612894 individuals_ID0000002 EXECUTE 2389.0 condorpool - 143
1644612897 individuals_ID0000005 JOB_TERMINATED 2382.0 condorpool - 136
1644612899 individuals_ID0000005 JOB_SUCCESS 0 condorpool - 136
1644612899 individuals_ID0000005 POST_SCRIPT_STARTED 2382.0 condorpool - 136
1644612898 individuals_ID0000048 JOB_TERMINATED 2381.0 condorpool - 135
1644612899 individuals_ID0000048 JOB_SUCCESS 0 condorpool - 135
1644612899 individuals_ID0000048 POST_SCRIPT_STARTED 2381.0 condorpool - 135
1644612899 individuals_ID0000005 POST_SCRIPT_TERMINATED 2382.0 condorpool - 136
1644612904 individuals_ID0000005 POST_SCRIPT_SUCCESS 0 condorpool - 136
1644612899 individuals_ID0000048 POST_SCRIPT_TERMINATED 2381.0 condorpool - 135
1644612904 individuals_ID0000048 POST_SCRIPT_SUCCESS 0 condorpool - 135
1644612903 individuals_ID0000049 JOB_TERMINATED 2383.0 condorpool - 137
1644612904 individuals_ID0000049 JOB_SUCCESS 0 condorpool - 137
1644612904 individuals_ID0000049 POST_SCRIPT_STARTED 2383.0 condorpool - 137
1644612903 individuals_ID0000007 JOB_TERMINATED 2385.0 condorpool - 139
1644612904 individuals_ID0000007 JOB_SUCCESS 0 condorpool - 139
1644612904 individuals_ID0000007 POST_SCRIPT_STARTED 2385.0 condorpool - 139
1644612904 individuals_ID0000006 JOB_TERMINATED 2384.0 condorpool - 138
1644612904 individuals_ID0000006 JOB_SUCCESS 0 condorpool - 138
1644612904 individuals_ID0000006 POST_SCRIPT_STARTED 2384.0 condorpool - 138
1644612904 individuals_ID0000044 JOB_TERMINATED 2386.0 condorpool - 140
1644612909 individuals_ID0000044 JOB_SUCCESS 0 condorpool - 140
1644612909 individuals_ID0000044 POST_SCRIPT_STARTED 2386.0 condorpool - 140
1644612905 individuals_ID0000049 POST_SCRIPT_TERMINATED 2383.0 condorpool - 137
1644612909 individuals_ID0000049 POST_SCRIPT_SUCCESS 0 condorpool - 137
1644612905 individuals_ID0000007 POST_SCRIPT_TERMINATED 2385.0 condorpool - 139
1644612909 individuals_ID0000007 POST_SCRIPT_SUCCESS 0 condorpool - 139
1644612905 individuals_ID0000006 POST_SCRIPT_TERMINATED 2384.0 condorpool - 138
1644612909 individuals_ID0000006 POST_SCRIPT_SUCCESS 0 condorpool - 138
1644612907 individuals_ID0000046 EXECUTE 2390.0 condorpool - 144
1644612908 individuals_ID0000003 EXECUTE 2391.0 condorpool - 145
1644612909 individuals_ID0000044 POST_SCRIPT_TERMINATED 2386.0 condorpool - 140
1644612914 individuals_ID0000044 POST_SCRIPT_SUCCESS 0 condorpool - 140
1644612914 individuals_ID0000047 EXECUTE 2392.0 condorpool - 146
1644612920 individuals_ID0000008 EXECUTE 2393.0 condorpool - 147
1644612920 individuals_ID0000040 EXECUTE 2395.0 condorpool - 149
1644612920 individuals_ID0000009 EXECUTE 2394.0 condorpool - 148
1644613215 individuals_ID0000045 JOB_TERMINATED 2388.0 condorpool - 142
1644613219 individuals_ID0000045 JOB_SUCCESS 0 condorpool - 142
1644613219 individuals_ID0000045 POST_SCRIPT_STARTED 2388.0 condorpool - 142
1644613219 individuals_ID0000045 POST_SCRIPT_TERMINATED 2388.0 condorpool - 142
1644613224 individuals_ID0000045 POST_SCRIPT_SUCCESS 0 condorpool - 142
1644613223 individuals_ID0000041 EXECUTE 2396.0 condorpool - 150
1644613585 individuals_ID0000002 JOB_TERMINATED 2389.0 condorpool - 143
1644613589 individuals_ID0000002 JOB_SUCCESS 0 condorpool - 143
1644613589 individuals_ID0000002 POST_SCRIPT_STARTED 2389.0 condorpool - 143
1644613589 individuals_ID0000002 POST_SCRIPT_TERMINATED 2389.0 condorpool - 143
1644613594 individuals_ID0000002 POST_SCRIPT_SUCCESS 0 condorpool - 143
1644613612 individuals_ID0000047 JOB_TERMINATED 2392.0 condorpool - 146
1644613614 individuals_ID0000047 JOB_SUCCESS 0 condorpool - 146
1644613614 individuals_ID0000047 POST_SCRIPT_STARTED 2392.0 condorpool - 146
1644613612 individuals_ID0000046 JOB_TERMINATED 2390.0 condorpool - 144
1644613614 individuals_ID0000046 JOB_SUCCESS 0 condorpool - 144
1644613614 individuals_ID0000046 POST_SCRIPT_STARTED 2390.0 condorpool - 144
1644613613 individuals_ID0000003 JOB_TERMINATED 2391.0 condorpool - 145
1644613614 individuals_ID0000003 JOB_SUCCESS 0 condorpool - 145
1644613614 individuals_ID0000003 POST_SCRIPT_STARTED 2391.0 condorpool - 145
1644613615 individuals_ID0000047 POST_SCRIPT_TERMINATED 2392.0 condorpool - 146
1644613619 individuals_ID0000047 POST_SCRIPT_SUCCESS 0 condorpool - 146
1644613615 individuals_ID0000046 POST_SCRIPT_TERMINATED 2390.0 condorpool - 144
1644613619 individuals_ID0000046 POST_SCRIPT_SUCCESS 0 condorpool - 144
1644613615 individuals_ID0000003 POST_SCRIPT_TERMINATED 2391.0 condorpool - 145
1644613619 individuals_ID0000003 POST_SCRIPT_SUCCESS 0 condorpool - 145
1644613626 individuals_ID0000009 JOB_TERMINATED 2394.0 condorpool - 148
1644613629 individuals_ID0000009 JOB_SUCCESS 0 condorpool - 148
1644613629 individuals_ID0000009 POST_SCRIPT_STARTED 2394.0 condorpool - 148
1644613629 individuals_ID0000040 JOB_TERMINATED 2395.0 condorpool - 149
1644613634 individuals_ID0000040 JOB_SUCCESS 0 condorpool - 149
1644613634 individuals_ID0000040 POST_SCRIPT_STARTED 2395.0 condorpool - 149
1644613629 individuals_ID0000009 POST_SCRIPT_TERMINATED 2394.0 condorpool - 148
1644613634 individuals_ID0000009 POST_SCRIPT_SUCCESS 0 condorpool - 148
1644613631 individuals_ID0000008 JOB_TERMINATED 2393.0 condorpool - 147
1644613634 individuals_ID0000008 JOB_SUCCESS 0 condorpool - 147
1644613634 individuals_ID0000008 POST_SCRIPT_STARTED 2393.0 condorpool - 147
1644613634 individuals_ID0000040 POST_SCRIPT_TERMINATED 2395.0 condorpool - 149
1644613639 individuals_ID0000040 POST_SCRIPT_SUCCESS 0 condorpool - 149
1644613634 individuals_ID0000008 POST_SCRIPT_TERMINATED 2393.0 condorpool - 147
1644613639 individuals_ID0000008 POST_SCRIPT_SUCCESS 0 condorpool - 147
1644613644 individuals_ID0000017 EXECUTE 2402.0 condorpool - 156
1644613646 individuals_ID0000016 EXECUTE 2401.0 condorpool - 155
1644613651 individuals_ID0000042 EXECUTE 2397.0 condorpool - 151
1644613651 individuals_ID0000059 EXECUTE 2400.0 condorpool - 154
1644613652 individuals_ID0000015 EXECUTE 2399.0 condorpool - 153
1644613652 individuals_ID0000043 EXECUTE 2398.0 condorpool - 152
1644613698 individuals_ID0000018 EXECUTE 2403.0 condorpool - 157
1644613910 individuals_ID0000041 JOB_TERMINATED 2396.0 condorpool - 150
1644613915 individuals_ID0000041 JOB_SUCCESS 0 condorpool - 150
1644613915 individuals_ID0000041 POST_SCRIPT_STARTED 2396.0 condorpool - 150
1644613915 individuals_ID0000041 POST_SCRIPT_TERMINATED 2396.0 condorpool - 150
1644613920 individuals_ID0000041 POST_SCRIPT_SUCCESS 0 condorpool - 150
1644613939 individuals_ID0000011 EXECUTE 2404.0 condorpool - 158
1644614329 individuals_ID0000042 JOB_TERMINATED 2397.0 condorpool - 151
1644614330 individuals_ID0000042 JOB_SUCCESS 0 condorpool - 151
1644614330 individuals_ID0000042 POST_SCRIPT_STARTED 2397.0 condorpool - 151
1644614329 individuals_ID0000015 JOB_TERMINATED 2399.0 condorpool - 153
1644614330 individuals_ID0000015 JOB_SUCCESS 0 condorpool - 153
1644614330 individuals_ID0000015 POST_SCRIPT_STARTED 2399.0 condorpool - 153
1644614331 individuals_ID0000015 POST_SCRIPT_TERMINATED 2399.0 condorpool - 153
1644614335 individuals_ID0000015 POST_SCRIPT_SUCCESS 0 condorpool - 153
1644614331 individuals_ID0000042 POST_SCRIPT_TERMINATED 2397.0 condorpool - 151
1644614335 individuals_ID0000042 POST_SCRIPT_SUCCESS 0 condorpool - 151
1644614332 individuals_ID0000017 JOB_TERMINATED 2402.0 condorpool - 156
1644614335 individuals_ID0000017 JOB_SUCCESS 0 condorpool - 156
1644614335 individuals_ID0000017 POST_SCRIPT_STARTED 2402.0 condorpool - 156
1644614334 individuals_ID0000059 JOB_TERMINATED 2400.0 condorpool - 154
1644614335 individuals_ID0000059 JOB_SUCCESS 0 condorpool - 154
1644614335 individuals_ID0000059 POST_SCRIPT_STARTED 2400.0 condorpool - 154
1644614335 individuals_ID0000017 POST_SCRIPT_TERMINATED 2402.0 condorpool - 156
1644614340 individuals_ID0000017 POST_SCRIPT_SUCCESS 0 condorpool - 156
1644614335 individuals_ID0000059 POST_SCRIPT_TERMINATED 2400.0 condorpool - 154
1644614340 individuals_ID0000059 POST_SCRIPT_SUCCESS 0 condorpool - 154
1644614339 individuals_ID0000043 JOB_TERMINATED 2398.0 condorpool - 152
1644614340 individuals_ID0000043 JOB_SUCCESS 0 condorpool - 152
1644614340 individuals_ID0000043 POST_SCRIPT_STARTED 2398.0 condorpool - 152
1644614339 individuals_ID0000055 EXECUTE 2405.0 condorpool - 159
1644614340 individuals_ID0000012 EXECUTE 2406.0 condorpool - 160
1644614340 individuals_ID0000056 EXECUTE 2407.0 condorpool - 161
1644614340 individuals_ID0000043 POST_SCRIPT_TERMINATED 2398.0 condorpool - 152
1644614345 individuals_ID0000043 POST_SCRIPT_SUCCESS 0 condorpool - 152
1644614342 individuals_ID0000016 JOB_TERMINATED 2401.0 condorpool - 155
1644614345 individuals_ID0000016 JOB_SUCCESS 0 condorpool - 155
1644614345 individuals_ID0000016 POST_SCRIPT_STARTED 2401.0 condorpool - 155
1644614346 individuals_ID0000016 POST_SCRIPT_TERMINATED 2401.0 condorpool - 155
1644614350 individuals_ID0000016 POST_SCRIPT_SUCCESS 0 condorpool - 155
1644614348 individuals_ID0000013 EXECUTE 2408.0 condorpool - 162
1644614349 individuals_ID0000057 EXECUTE 2409.0 condorpool - 163
1644614354 individuals_ID0000014 EXECUTE 2410.0 condorpool - 164
1644614387 individuals_ID0000018 JOB_TERMINATED 2403.0 condorpool - 157
1644614390 individuals_ID0000018 JOB_SUCCESS 0 condorpool - 157
1644614390 individuals_ID0000018 POST_SCRIPT_STARTED 2403.0 condorpool - 157
1644614390 individuals_ID0000018 POST_SCRIPT_TERMINATED 2403.0 condorpool - 157
1644614395 individuals_ID0000018 POST_SCRIPT_SUCCESS 0 condorpool - 157
1644614394 individuals_ID0000058 EXECUTE 2411.0 condorpool - 165
1644614640 individuals_ID0000011 JOB_TERMINATED 2404.0 condorpool - 158
1644614640 individuals_ID0000011 JOB_SUCCESS 0 condorpool - 158
1644614640 individuals_ID0000011 POST_SCRIPT_STARTED 2404.0 condorpool - 158
1644614641 individuals_ID0000011 POST_SCRIPT_TERMINATED 2404.0 condorpool - 158
1644614645 individuals_ID0000011 POST_SCRIPT_SUCCESS 0 condorpool - 158
1644614647 individuals_ID0000019 EXECUTE 2412.0 condorpool - 166
1644615041 individuals_ID0000012 JOB_TERMINATED 2406.0 condorpool - 160
1644615045 individuals_ID0000012 JOB_SUCCESS 0 condorpool - 160
1644615045 individuals_ID0000012 POST_SCRIPT_STARTED 2406.0 condorpool - 160
1644615042 individuals_ID0000013 JOB_TERMINATED 2408.0 condorpool - 162
1644615045 individuals_ID0000013 JOB_SUCCESS 0 condorpool - 162
1644615045 individuals_ID0000013 POST_SCRIPT_STARTED 2408.0 condorpool - 162
1644615045 individuals_ID0000013 POST_SCRIPT_TERMINATED 2408.0 condorpool - 162
1644615050 individuals_ID0000013 POST_SCRIPT_SUCCESS 0 condorpool - 162
1644615045 individuals_ID0000012 POST_SCRIPT_TERMINATED 2406.0 condorpool - 160
1644615050 individuals_ID0000012 POST_SCRIPT_SUCCESS 0 condorpool - 160
1644615049 individuals_ID0000057 JOB_TERMINATED 2409.0 condorpool - 163
1644615050 individuals_ID0000057 JOB_SUCCESS 0 condorpool - 163
1644615050 individuals_ID0000057 POST_SCRIPT_STARTED 2409.0 condorpool - 163
1644615050 individuals_ID0000055 JOB_TERMINATED 2405.0 condorpool - 159
1644615050 individuals_ID0000055 JOB_SUCCESS 0 condorpool - 159
1644615050 individuals_ID0000055 POST_SCRIPT_STARTED 2405.0 condorpool - 159
1644615051 individuals_ID0000057 POST_SCRIPT_TERMINATED 2409.0 condorpool - 163
1644615055 individuals_ID0000057 POST_SCRIPT_SUCCESS 0 condorpool - 163
1644615051 individuals_ID0000055 POST_SCRIPT_TERMINATED 2405.0 condorpool - 159
1644615055 individuals_ID0000055 POST_SCRIPT_SUCCESS 0 condorpool - 159
1644615053 individuals_ID0000056 JOB_TERMINATED 2407.0 condorpool - 161
1644615055 individuals_ID0000056 JOB_SUCCESS 0 condorpool - 161
1644615055 individuals_ID0000056 POST_SCRIPT_STARTED 2407.0 condorpool - 161
1644615055 individuals_ID0000056 POST_SCRIPT_TERMINATED 2407.0 condorpool - 161
1644615060 individuals_ID0000056 POST_SCRIPT_SUCCESS 0 condorpool - 161
1644615061 individuals_ID0000014 JOB_TERMINATED 2410.0 condorpool - 164
1644615065 individuals_ID0000014 JOB_SUCCESS 0 condorpool - 164
1644615065 individuals_ID0000014 POST_SCRIPT_STARTED 2410.0 condorpool - 164
1644615065 individuals_ID0000014 POST_SCRIPT_TERMINATED 2410.0 condorpool - 164
1644615070 individuals_ID0000014 POST_SCRIPT_SUCCESS 0 condorpool - 164
1644615086 individuals_ID0000050 EXECUTE 2418.0 condorpool - 172
1644615086 individuals_ID0000054 EXECUTE 2417.0 condorpool - 171
1644615091 individuals_ID0000053 EXECUTE 2415.0 condorpool - 169
1644615092 individuals_ID0000010 EXECUTE 2416.0 condorpool - 170
1644615093 individuals_ID0000052 EXECUTE 2414.0 condorpool - 168
1644615093 individuals_ID0000051 EXECUTE 2413.0 condorpool - 167
1644615099 individuals_ID0000058 JOB_TERMINATED 2411.0 condorpool - 165
1644615100 individuals_ID0000058 JOB_SUCCESS 0 condorpool - 165
1644615100 individuals_ID0000058 POST_SCRIPT_STARTED 2411.0 condorpool - 165
1644615101 individuals_ID0000058 POST_SCRIPT_TERMINATED 2411.0 condorpool - 165
1644615105 individuals_ID0000058 POST_SCRIPT_SUCCESS 0 condorpool - 165
1644615139 individuals_ID0000026 EXECUTE 2419.0 condorpool - 173
1644615342 individuals_ID0000019 JOB_TERMINATED 2412.0 condorpool - 166
1644615345 individuals_ID0000019 JOB_SUCCESS 0 condorpool - 166
1644615345 individuals_ID0000019 POST_SCRIPT_STARTED 2412.0 condorpool - 166
1644615345 individuals_ID0000019 POST_SCRIPT_TERMINATED 2412.0 condorpool - 166
1644615350 individuals_ID0000019 POST_SCRIPT_SUCCESS 0 condorpool - 166
1644615379 individuals_ID0000027 EXECUTE 2420.0 condorpool - 174
1644615791 individuals_ID0000010 JOB_TERMINATED 2416.0 condorpool - 170
1644615791 individuals_ID0000010 JOB_SUCCESS 0 condorpool - 170
1644615791 individuals_ID0000010 POST_SCRIPT_STARTED 2416.0 condorpool - 170
1644615791 individuals_ID0000010 POST_SCRIPT_TERMINATED 2416.0 condorpool - 170
1644615796 individuals_ID0000010 POST_SCRIPT_SUCCESS 0 condorpool - 170
1644615792 individuals_ID0000053 JOB_TERMINATED 2415.0 condorpool - 169
1644615796 individuals_ID0000053 JOB_SUCCESS 0 condorpool - 169
1644615796 individuals_ID0000053 POST_SCRIPT_STARTED 2415.0 condorpool - 169
1644615796 individuals_ID0000052 JOB_TERMINATED 2414.0 condorpool - 168
1644615801 individuals_ID0000052 JOB_SUCCESS 0 condorpool - 168
1644615801 individuals_ID0000052 POST_SCRIPT_STARTED 2414.0 condorpool - 168
1644615796 individuals_ID0000053 POST_SCRIPT_TERMINATED 2415.0 condorpool - 169
1644615801 individuals_ID0000053 POST_SCRIPT_SUCCESS 0 condorpool - 169
1644615798 individuals_ID0000054 JOB_TERMINATED 2417.0 condorpool - 171
1644615801 individuals_ID0000054 JOB_SUCCESS 0 condorpool - 171
1644615801 individuals_ID0000054 POST_SCRIPT_STARTED 2417.0 condorpool - 171
1644615798 individuals_ID0000050 JOB_TERMINATED 2418.0 condorpool - 172
1644615801 individuals_ID0000050 JOB_SUCCESS 0 condorpool - 172
1644615801 individuals_ID0000050 POST_SCRIPT_STARTED 2418.0 condorpool - 172
1644615798 individuals_ID0000051 JOB_TERMINATED 2413.0 condorpool - 167
1644615801 individuals_ID0000051 JOB_SUCCESS 0 condorpool - 167
1644615802 individuals_ID0000051 POST_SCRIPT_STARTED 2413.0 condorpool - 167
1644615799 individuals_ID0000028 EXECUTE 2421.0 condorpool - 175
1644615800 individuals_ID0000029 EXECUTE 2422.0 condorpool - 176
1644615802 individuals_ID0000050 POST_SCRIPT_TERMINATED 2418.0 condorpool - 172
1644615807 individuals_ID0000050 POST_SCRIPT_SUCCESS 0 condorpool - 172
1644615802 individuals_ID0000051 POST_SCRIPT_TERMINATED 2413.0 condorpool - 167
1644615807 individuals_ID0000051 POST_SCRIPT_SUCCESS 0 condorpool - 167
1644615802 individuals_ID0000052 POST_SCRIPT_TERMINATED 2414.0 condorpool - 168
1644615807 individuals_ID0000052 POST_SCRIPT_SUCCESS 0 condorpool - 168
1644615802 individuals_ID0000054 POST_SCRIPT_TERMINATED 2417.0 condorpool - 171
1644615807 individuals_ID0000054 POST_SCRIPT_SUCCESS 0 condorpool - 171
1644615810 individuals_ID0000023 EXECUTE 2425.0 condorpool - 179
1644615810 individuals_ID0000066 EXECUTE 2424.0 condorpool - 178
1644615815 individuals_ID0000022 EXECUTE 2423.0 condorpool - 177
1644615815 individuals_ID0000067 EXECUTE 2426.0 condorpool - 180
1644615837 individuals_ID0000026 JOB_TERMINATED 2419.0 condorpool - 173
1644615837 individuals_ID0000026 JOB_SUCCESS 0 condorpool - 173
1644615837 individuals_ID0000026 POST_SCRIPT_STARTED 2419.0 condorpool - 173
1644615837 individuals_ID0000026 POST_SCRIPT_TERMINATED 2419.0 condorpool - 173
1644615842 individuals_ID0000026 POST_SCRIPT_SUCCESS 0 condorpool - 173
1644615844 individuals_ID0000024 EXECUTE 2427.0 condorpool - 181
1644616079 individuals_ID0000027 JOB_TERMINATED 2420.0 condorpool - 174
1644616083 individuals_ID0000027 JOB_SUCCESS 0 condorpool - 174
1644616083 individuals_ID0000027 POST_SCRIPT_STARTED 2420.0 condorpool - 174
1644616083 individuals_ID0000027 POST_SCRIPT_TERMINATED 2420.0 condorpool - 174
1644616088 individuals_ID0000027 POST_SCRIPT_SUCCESS 0 condorpool - 174
1644616086 individuals_ID0000068 EXECUTE 2428.0 condorpool - 182
1644616498 individuals_ID0000029 JOB_TERMINATED 2422.0 condorpool - 176
1644616498 individuals_ID0000029 JOB_SUCCESS 0 condorpool - 176
1644616498 individuals_ID0000029 POST_SCRIPT_STARTED 2422.0 condorpool - 176
1644616499 individuals_ID0000029 POST_SCRIPT_TERMINATED 2422.0 condorpool - 176
1644616503 individuals_ID0000029 POST_SCRIPT_SUCCESS 0 condorpool - 176
1644616510 individuals_ID0000022 JOB_TERMINATED 2423.0 condorpool - 177
1644616513 individuals_ID0000022 JOB_SUCCESS 0 condorpool - 177
1644616513 individuals_ID0000022 POST_SCRIPT_STARTED 2423.0 condorpool - 177
1644616513 individuals_ID0000022 POST_SCRIPT_TERMINATED 2423.0 condorpool - 177
1644616518 individuals_ID0000022 POST_SCRIPT_SUCCESS 0 condorpool - 177
1644616517 individuals_ID0000028 JOB_TERMINATED 2421.0 condorpool - 175
1644616518 individuals_ID0000028 JOB_SUCCESS 0 condorpool - 175
1644616518 individuals_ID0000028 POST_SCRIPT_STARTED 2421.0 condorpool - 175
1644616517 individuals_ID0000025 EXECUTE 2429.0 condorpool - 183
1644616518 individuals_ID0000023 JOB_TERMINATED 2425.0 condorpool - 179
1644616518 individuals_ID0000023 JOB_SUCCESS 0 condorpool - 179
1644616518 individuals_ID0000023 POST_SCRIPT_STARTED 2425.0 condorpool - 179
1644616518 individuals_ID0000023 POST_SCRIPT_TERMINATED 2425.0 condorpool - 179
1644616523 individuals_ID0000023 POST_SCRIPT_SUCCESS 0 condorpool - 179
1644616518 individuals_ID0000028 POST_SCRIPT_TERMINATED 2421.0 condorpool - 175
1644616523 individuals_ID0000028 POST_SCRIPT_SUCCESS 0 condorpool - 175
1644616519 individuals_ID0000067 JOB_TERMINATED 2426.0 condorpool - 180
1644616523 individuals_ID0000067 JOB_SUCCESS 0 condorpool - 180
1644616523 individuals_ID0000067 POST_SCRIPT_STARTED 2426.0 condorpool - 180
1644616524 individuals_ID0000067 POST_SCRIPT_TERMINATED 2426.0 condorpool - 180
1644616528 individuals_ID0000067 POST_SCRIPT_SUCCESS 0 condorpool - 180
1644616531 individuals_ID0000066 JOB_TERMINATED 2424.0 condorpool - 178
1644616533 individuals_ID0000066 JOB_SUCCESS 0 condorpool - 178
1644616533 individuals_ID0000066 POST_SCRIPT_STARTED 2424.0 condorpool - 178
1644616533 individuals_ID0000066 POST_SCRIPT_TERMINATED 2424.0 condorpool - 178
1644616538 individuals_ID0000066 POST_SCRIPT_SUCCESS 0 condorpool - 178
1644616541 individuals_ID0000024 JOB_TERMINATED 2427.0 condorpool - 181
1644616543 individuals_ID0000024 JOB_SUCCESS 0 condorpool - 181
1644616543 individuals_ID0000024 POST_SCRIPT_STARTED 2427.0 condorpool - 181
1644616543 individuals_ID0000024 POST_SCRIPT_TERMINATED 2427.0 condorpool - 181
1644616548 individuals_ID0000024 POST_SCRIPT_SUCCESS 0 condorpool - 181
1644616589 individuals_ID0000062 EXECUTE 2431.0 condorpool - 185
1644616590 individuals_ID0000064 EXECUTE 2434.0 condorpool - 188
1644616591 individuals_ID0000021 EXECUTE 2435.0 condorpool - 189
1644616591 individuals_ID0000020 EXECUTE 2433.0 condorpool - 187
1644616592 individuals_ID0000069 EXECUTE 2430.0 condorpool - 184
1644616592 individuals_ID0000063 EXECUTE 2432.0 condorpool - 186
1644616776 individuals_ID0000068 JOB_TERMINATED 2428.0 condorpool - 182
1644616779 individuals_ID0000068 JOB_SUCCESS 0 condorpool - 182
1644616779 individuals_ID0000068 POST_SCRIPT_STARTED 2428.0 condorpool - 182
1644616779 individuals_ID0000068 POST_SCRIPT_TERMINATED 2428.0 condorpool - 182
1644616784 individuals_ID0000068 POST_SCRIPT_SUCCESS 0 condorpool - 182
1644616818 individuals_ID0000065 EXECUTE 2436.0 condorpool - 190
1644617181 individuals_ID0000025 JOB_TERMINATED 2429.0 condorpool - 183
1644617184 individuals_ID0000025 JOB_SUCCESS 0 condorpool - 183
1644617184 individuals_ID0000025 POST_SCRIPT_STARTED 2429.0 condorpool - 183
1644617185 individuals_ID0000025 POST_SCRIPT_TERMINATED 2429.0 condorpool - 183
1644617189 individuals_ID0000025 POST_SCRIPT_SUCCESS 0 condorpool - 183
1644617188 individuals_ID0000060 EXECUTE 2437.0 condorpool - 191
1644617256 individuals_ID0000062 JOB_TERMINATED 2431.0 condorpool - 185
1644617259 individuals_ID0000062 JOB_SUCCESS 0 condorpool - 185
1644617259 individuals_ID0000062 POST_SCRIPT_STARTED 2431.0 condorpool - 185
1644617259 individuals_ID0000062 POST_SCRIPT_TERMINATED 2431.0 condorpool - 185
1644617264 individuals_ID0000062 POST_SCRIPT_SUCCESS 0 condorpool - 185
1644617262 individuals_ID0000061 EXECUTE 2438.0 condorpool - 192
1644617274 individuals_ID0000069 JOB_TERMINATED 2430.0 condorpool - 184
1644617279 individuals_ID0000069 JOB_SUCCESS 0 condorpool - 184
1644617279 individuals_ID0000069 POST_SCRIPT_STARTED 2430.0 condorpool - 184
1644617277 individuals_ID0000063 JOB_TERMINATED 2432.0 condorpool - 186
1644617279 individuals_ID0000063 JOB_SUCCESS 0 condorpool - 186
1644617279 individuals_ID0000063 POST_SCRIPT_STARTED 2432.0 condorpool - 186
1644617279 individuals_ID0000063 POST_SCRIPT_TERMINATED 2432.0 condorpool - 186
1644617284 individuals_ID0000063 POST_SCRIPT_SUCCESS 0 condorpool - 186
1644617279 individuals_ID0000069 POST_SCRIPT_TERMINATED 2430.0 condorpool - 184
1644617284 individuals_ID0000069 POST_SCRIPT_SUCCESS 0 condorpool - 184
1644617284 individuals_ID0000064 JOB_TERMINATED 2434.0 condorpool - 188
1644617284 individuals_ID0000064 JOB_SUCCESS 0 condorpool - 188
1644617284 individuals_ID0000064 POST_SCRIPT_STARTED 2434.0 condorpool - 188
1644617285 individuals_ID0000064 POST_SCRIPT_TERMINATED 2434.0 condorpool - 188
1644617289 individuals_ID0000064 POST_SCRIPT_SUCCESS 0 condorpool - 188
1644617288 individuals_ID0000021 JOB_TERMINATED 2435.0 condorpool - 189
1644617289 individuals_ID0000021 JOB_SUCCESS 0 condorpool - 189
1644617289 individuals_ID0000021 POST_SCRIPT_STARTED 2435.0 condorpool - 189
1644617289 individuals_ID0000021 POST_SCRIPT_TERMINATED 2435.0 condorpool - 189
1644617294 individuals_ID0000021 POST_SCRIPT_SUCCESS 0 condorpool - 189
1644617290 individuals_ID0000020 JOB_TERMINATED 2433.0 condorpool - 187
1644617294 individuals_ID0000020 JOB_SUCCESS 0 condorpool - 187
1644617294 individuals_ID0000020 POST_SCRIPT_STARTED 2433.0 condorpool - 187
1644617294 individuals_ID0000020 POST_SCRIPT_TERMINATED 2433.0 condorpool - 187
1644617299 individuals_ID0000020 POST_SCRIPT_SUCCESS 0 condorpool - 187
1644617474 individuals_ID0000065 JOB_TERMINATED 2436.0 condorpool - 190
1644617475 individuals_ID0000065 JOB_SUCCESS 0 condorpool - 190
1644617475 individuals_ID0000065 POST_SCRIPT_STARTED 2436.0 condorpool - 190
1644617475 individuals_ID0000065 POST_SCRIPT_TERMINATED 2436.0 condorpool - 190
1644617480 individuals_ID0000065 POST_SCRIPT_SUCCESS 0 condorpool - 190
1644617792 individuals_ID0000060 JOB_TERMINATED 2437.0 condorpool - 191
1644617795 individuals_ID0000060 JOB_SUCCESS 0 condorpool - 191
1644617795 individuals_ID0000060 POST_SCRIPT_STARTED 2437.0 condorpool - 191
1644617795 individuals_ID0000060 POST_SCRIPT_TERMINATED 2437.0 condorpool - 191
1644617800 individuals_ID0000060 POST_SCRIPT_SUCCESS 0 condorpool - 191
1644617856 individuals_ID0000061 JOB_TERMINATED 2438.0 condorpool - 192
1644617860 individuals_ID0000061 JOB_SUCCESS 0 condorpool - 192
1644617860 individuals_ID0000061 POST_SCRIPT_STARTED 2438.0 condorpool - 192
1644617860 individuals_ID0000061 POST_SCRIPT_TERMINATED 2438.0 condorpool - 192
1644617865 individuals_ID0000061 POST_SCRIPT_SUCCESS 0 condorpool - 192
1644617870 individuals_merge_ID0000076 SUBMIT 2439.0 condorpool - 193
1644617874 individuals_merge_ID0000076 EXECUTE 2439.0 condorpool - 193
1644624046 individuals_merge_ID0000076 JOB_TERMINATED 2439.0 condorpool - 193
1644624051 individuals_merge_ID0000076 JOB_SUCCESS 0 condorpool - 193
1644624051 individuals_merge_ID0000076 POST_SCRIPT_STARTED 2439.0 condorpool - 193
1644624051 individuals_merge_ID0000076 POST_SCRIPT_TERMINATED 2439.0 condorpool - 193
1644624056 individuals_merge_ID0000076 POST_SCRIPT_SUCCESS 0 condorpool - 193
1644624061 frequency_ID0000083 SUBMIT 2440.0 condorpool - 194
1644624061 mutation_overlap_ID0000080 SUBMIT 2441.0 condorpool - 195
1644624061 frequency_ID0000085 SUBMIT 2442.0 condorpool - 196
1644624061 mutation_overlap_ID0000090 SUBMIT 2443.0 condorpool - 197
1644624061 frequency_ID0000091 SUBMIT 2444.0 condorpool - 198
1644624066 frequency_ID0000081 SUBMIT 2445.0 condorpool - 199
1644624066 mutation_overlap_ID0000086 SUBMIT 2446.0 condorpool - 200
1644624066 frequency_ID0000079 SUBMIT 2447.0 condorpool - 201
1644624066 mutation_overlap_ID0000088 SUBMIT 2448.0 condorpool - 202
1644624066 mutation_overlap_ID0000082 SUBMIT 2449.0 condorpool - 203
1644624071 frequency_ID0000087 SUBMIT 2450.0 condorpool - 204
1644624071 mutation_overlap_ID0000084 SUBMIT 2451.0 condorpool - 205
1644624071 frequency_ID0000089 SUBMIT 2452.0 condorpool - 206
1644624071 mutation_overlap_ID0000078 SUBMIT 2453.0 condorpool - 207
1644624074 frequency_ID0000083 EXECUTE 2440.0 condorpool - 194
1644624074 frequency_ID0000091 EXECUTE 2444.0 condorpool - 198
1644624074 mutation_overlap_ID0000090 EXECUTE 2443.0 condorpool - 197
1644624074 mutation_overlap_ID0000080 EXECUTE 2441.0 condorpool - 195
1644624074 frequency_ID0000085 EXECUTE 2442.0 condorpool - 196
1644624075 mutation_overlap_ID0000086 EXECUTE 2446.0 condorpool - 200
1644624075 frequency_ID0000081 EXECUTE 2445.0 condorpool - 199
1644624075 frequency_ID0000079 EXECUTE 2447.0 condorpool - 201
1644624197 mutation_overlap_ID0000090 JOB_TERMINATED 2443.0 condorpool - 197
1644624202 mutation_overlap_ID0000090 JOB_SUCCESS 0 condorpool - 197
1644624202 mutation_overlap_ID0000090 POST_SCRIPT_STARTED 2443.0 condorpool - 197
1644624200 mutation_overlap_ID0000086 JOB_TERMINATED 2446.0 condorpool - 200
1644624202 mutation_overlap_ID0000086 JOB_SUCCESS 0 condorpool - 200
1644624202 mutation_overlap_ID0000086 POST_SCRIPT_STARTED 2446.0 condorpool - 200
1644624201 mutation_overlap_ID0000080 JOB_TERMINATED 2441.0 condorpool - 195
1644624202 mutation_overlap_ID0000080 JOB_SUCCESS 0 condorpool - 195
1644624202 mutation_overlap_ID0000080 POST_SCRIPT_STARTED 2441.0 condorpool - 195
1644624202 mutation_overlap_ID0000090 POST_SCRIPT_TERMINATED 2443.0 condorpool - 197
1644624207 mutation_overlap_ID0000090 POST_SCRIPT_SUCCESS 0 condorpool - 197
1644624202 mutation_overlap_ID0000086 POST_SCRIPT_TERMINATED 2446.0 condorpool - 200
1644624207 mutation_overlap_ID0000086 POST_SCRIPT_SUCCESS 0 condorpool - 200
1644624202 mutation_overlap_ID0000080 POST_SCRIPT_TERMINATED 2441.0 condorpool - 195
1644624207 mutation_overlap_ID0000080 POST_SCRIPT_SUCCESS 0 condorpool - 195
1644624274 mutation_overlap_ID0000088 EXECUTE 2448.0 condorpool - 202
1644624274 frequency_ID0000087 EXECUTE 2450.0 condorpool - 204
1644624274 mutation_overlap_ID0000082 EXECUTE 2449.0 condorpool - 203
1644624398 mutation_overlap_ID0000088 JOB_TERMINATED 2448.0 condorpool - 202
1644624402 mutation_overlap_ID0000088 JOB_SUCCESS 0 condorpool - 202
1644624402 mutation_overlap_ID0000088 POST_SCRIPT_STARTED 2448.0 condorpool - 202
1644624402 mutation_overlap_ID0000088 POST_SCRIPT_TERMINATED 2448.0 condorpool - 202
1644624407 mutation_overlap_ID0000088 POST_SCRIPT_SUCCESS 0 condorpool - 202
1644624454 mutation_overlap_ID0000084 EXECUTE 2451.0 condorpool - 205
1644624477 mutation_overlap_ID0000082 JOB_TERMINATED 2449.0 condorpool - 203
1644624477 mutation_overlap_ID0000082 JOB_SUCCESS 0 condorpool - 203
1644624477 mutation_overlap_ID0000082 POST_SCRIPT_STARTED 2449.0 condorpool - 203
1644624477 mutation_overlap_ID0000082 POST_SCRIPT_TERMINATED 2449.0 condorpool - 203
1644624482 mutation_overlap_ID0000082 POST_SCRIPT_SUCCESS 0 condorpool - 203
1644624514 frequency_ID0000089 EXECUTE 2452.0 condorpool - 206
1644624588 mutation_overlap_ID0000084 JOB_TERMINATED 2451.0 condorpool - 205
1644624593 mutation_overlap_ID0000084 JOB_SUCCESS 0 condorpool - 205
1644624593 mutation_overlap_ID0000084 POST_SCRIPT_STARTED 2451.0 condorpool - 205
1644624593 mutation_overlap_ID0000084 POST_SCRIPT_TERMINATED 2451.0 condorpool - 205
1644624598 mutation_overlap_ID0000084 POST_SCRIPT_SUCCESS 0 condorpool - 205
1644624694 mutation_overlap_ID0000078 EXECUTE 2453.0 condorpool - 207
1644624795 frequency_ID0000085 JOB_TERMINATED 2442.0 condorpool - 196
1644624798 frequency_ID0000085 JOB_SUCCESS 0 condorpool - 196
1644624798 frequency_ID0000085 POST_SCRIPT_STARTED 2442.0 condorpool - 196
1644624798 frequency_ID0000085 POST_SCRIPT_TERMINATED 2442.0 condorpool - 196
1644624803 frequency_ID0000085 POST_SCRIPT_SUCCESS 0 condorpool - 196
1644624847 frequency_ID0000091 JOB_TERMINATED 2444.0 condorpool - 198
1644624848 frequency_ID0000091 JOB_SUCCESS 0 condorpool - 198
1644624848 frequency_ID0000091 POST_SCRIPT_STARTED 2444.0 condorpool - 198
1644624849 frequency_ID0000091 POST_SCRIPT_TERMINATED 2444.0 condorpool - 198
1644624853 frequency_ID0000091 POST_SCRIPT_SUCCESS 0 condorpool - 198
1644624884 mutation_overlap_ID0000078 JOB_TERMINATED 2453.0 condorpool - 207
1644624888 mutation_overlap_ID0000078 JOB_SUCCESS 0 condorpool - 207
1644624888 mutation_overlap_ID0000078 POST_SCRIPT_STARTED 2453.0 condorpool - 207
1644624888 mutation_overlap_ID0000078 POST_SCRIPT_TERMINATED 2453.0 condorpool - 207
1644624893 mutation_overlap_ID0000078 POST_SCRIPT_SUCCESS 0 condorpool - 207
1644624901 frequency_ID0000083 JOB_TERMINATED 2440.0 condorpool - 194
1644624903 frequency_ID0000083 JOB_SUCCESS 0 condorpool - 194
1644624903 frequency_ID0000083 POST_SCRIPT_STARTED 2440.0 condorpool - 194
1644624904 frequency_ID0000083 POST_SCRIPT_TERMINATED 2440.0 condorpool - 194
1644624908 frequency_ID0000083 POST_SCRIPT_SUCCESS 0 condorpool - 194
1644624963 frequency_ID0000081 JOB_TERMINATED 2445.0 condorpool - 199
1644624968 frequency_ID0000081 JOB_SUCCESS 0 condorpool - 199
1644624968 frequency_ID0000081 POST_SCRIPT_STARTED 2445.0 condorpool - 199
1644624968 frequency_ID0000081 POST_SCRIPT_TERMINATED 2445.0 condorpool - 199
1644624973 frequency_ID0000081 POST_SCRIPT_SUCCESS 0 condorpool - 199
1644625071 frequency_ID0000079 JOB_TERMINATED 2447.0 condorpool - 201
1644625073 frequency_ID0000079 JOB_SUCCESS 0 condorpool - 201
1644625073 frequency_ID0000079 POST_SCRIPT_STARTED 2447.0 condorpool - 201
1644625074 frequency_ID0000079 POST_SCRIPT_TERMINATED 2447.0 condorpool - 201
1644625078 frequency_ID0000079 POST_SCRIPT_SUCCESS 0 condorpool - 201
1644625083 stage_out_local_local_2_1 SUBMIT 2454.0 local - 208
1644625083 stage_out_local_local_2_1 EXECUTE 2454.0 local - 208
1644625087 stage_out_local_local_2_1 JOB_TERMINATED 2454.0 local - 208
1644625088 stage_out_local_local_2_1 JOB_SUCCESS 0 local - 208
1644625088 stage_out_local_local_2_1 POST_SCRIPT_STARTED 2454.0 local - 208
1644625088 stage_out_local_local_2_1 POST_SCRIPT_TERMINATED 2454.0 local - 208
1644625093 stage_out_local_local_2_1 POST_SCRIPT_SUCCESS 0 local - 208
1644625101 frequency_ID0000087 JOB_TERMINATED 2450.0 condorpool - 204
1644625103 frequency_ID0000087 JOB_SUCCESS 0 condorpool - 204
1644625103 frequency_ID0000087 POST_SCRIPT_STARTED 2450.0 condorpool - 204
1644625104 frequency_ID0000087 POST_SCRIPT_TERMINATED 2450.0 condorpool - 204
1644625108 frequency_ID0000087 POST_SCRIPT_SUCCESS 0 condorpool - 204
1644625255 frequency_ID0000089 JOB_TERMINATED 2452.0 condorpool - 206
1644625258 frequency_ID0000089 JOB_SUCCESS 0 condorpool - 206
1644625258 frequency_ID0000089 POST_SCRIPT_STARTED 2452.0 condorpool - 206
1644625258 frequency_ID0000089 POST_SCRIPT_TERMINATED 2452.0 condorpool - 206
1644625263 frequency_ID0000089 POST_SCRIPT_SUCCESS 0 condorpool - 206
1644625268 stage_out_local_local_2_0 SUBMIT 2455.0 local - 209
1644625268 stage_out_local_local_2_0 EXECUTE 2455.0 local - 209
1644625272 stage_out_local_local_2_0 JOB_TERMINATED 2455.0 local - 209
1644625273 stage_out_local_local_2_0 JOB_SUCCESS 0 local - 209
1644625273 stage_out_local_local_2_0 POST_SCRIPT_STARTED 2455.0 local - 209
1644625273 stage_out_local_local_2_0 POST_SCRIPT_TERMINATED 2455.0 local - 209
1644625278 stage_out_local_local_2_0 POST_SCRIPT_SUCCESS 0 local - 209
1644625283 cleanup_1000-genome_0_local SUBMIT 2456.0 local - 210
1644625284 cleanup_1000-genome_0_local EXECUTE 2456.0 local - 210
1644625286 cleanup_1000-genome_0_local JOB_TERMINATED 2456.0 local - 210
1644625289 cleanup_1000-genome_0_local JOB_SUCCESS 0 local - 210
1644625289 cleanup_1000-genome_0_local POST_SCRIPT_STARTED 2456.0 local - 210
1644625289 cleanup_1000-genome_0_local POST_SCRIPT_TERMINATED 2456.0 local - 210
1644625294 cleanup_1000-genome_0_local POST_SCRIPT_SUCCESS 0 local - 210
1644625294 INTERNAL *** DAGMAN_FINISHED 0 ***
1644625295 INTERNAL *** MONITORD_FINISHED 0 ***
