1644820242 INTERNAL *** MONITORD_STARTED ***
1644820241 INTERNAL *** DAGMAN_STARTED 799.0 ***
1644820245 create_dir_1000-genome_0_local SUBMIT 800.0 local - 106
1644820246 create_dir_1000-genome_0_local EXECUTE 800.0 local - 106
1644820248 create_dir_1000-genome_0_local JOB_TERMINATED 800.0 local - 106
1644820250 create_dir_1000-genome_0_local JOB_SUCCESS 0 local - 106
1644820250 create_dir_1000-genome_0_local POST_SCRIPT_STARTED 800.0 local - 106
1644820250 create_dir_1000-genome_0_local POST_SCRIPT_TERMINATED 800.0 local - 106
1644820255 create_dir_1000-genome_0_local POST_SCRIPT_SUCCESS 0 local - 106
1644820260 stage_in_remote_local_2_0 SUBMIT 801.0 local - 107
1644820260 stage_in_remote_local_2_0 EXECUTE 801.0 local - 107
1644820260 stage_in_remote_local_1_0 SUBMIT 802.0 local - 108
1644820260 stage_in_remote_local_0_0 SUBMIT 803.0 local - 109
1644820260 stage_in_local_local_0_0 SUBMIT 804.0 local - 110
1644820260 stage_in_local_local_2_0 SUBMIT 805.0 local - 111
1644820262 stage_in_remote_local_2_0 JOB_TERMINATED 801.0 local - 107
1644820266 stage_in_remote_local_2_0 JOB_SUCCESS 0 local - 107
1644820266 stage_in_remote_local_2_0 POST_SCRIPT_STARTED 801.0 local - 107
1644820263 stage_in_local_local_2_0 EXECUTE 805.0 local - 111
1644820263 stage_in_local_local_0_0 EXECUTE 804.0 local - 110
1644820263 stage_in_remote_local_0_0 EXECUTE 803.0 local - 109
1644820263 stage_in_remote_local_1_0 EXECUTE 802.0 local - 108
1644820265 stage_in_local_local_0_0 JOB_TERMINATED 804.0 local - 110
1644820266 stage_in_local_local_0_0 JOB_SUCCESS 0 local - 110
1644820266 stage_in_local_local_0_0 POST_SCRIPT_STARTED 804.0 local - 110
1644820265 stage_in_remote_local_0_0 JOB_TERMINATED 803.0 local - 109
1644820266 stage_in_remote_local_0_0 JOB_SUCCESS 0 local - 109
1644820266 stage_in_remote_local_0_0 POST_SCRIPT_STARTED 803.0 local - 109
1644820265 stage_in_remote_local_1_0 JOB_TERMINATED 802.0 local - 108
1644820266 stage_in_remote_local_1_0 JOB_SUCCESS 0 local - 108
1644820266 stage_in_remote_local_1_0 POST_SCRIPT_STARTED 802.0 local - 108
1644820265 stage_in_remote_local_0_1 SUBMIT 806.0 local - 112
1644820265 stage_in_remote_local_0_1 EXECUTE 806.0 local - 112
1644820265 stage_in_local_local_0_1 SUBMIT 807.0 local - 113
1644820265 stage_in_local_local_0_1 EXECUTE 807.0 local - 113
1644820266 stage_in_remote_local_2_1 SUBMIT 808.0 local - 114
1644820266 stage_in_remote_local_2_1 EXECUTE 808.0 local - 114
1644820266 stage_in_local_local_2_1 SUBMIT 809.0 local - 115
1644820266 stage_in_local_local_0_2 SUBMIT 810.0 local - 116
1644820266 stage_in_local_local_0_0 POST_SCRIPT_TERMINATED 804.0 local - 110
1644820271 stage_in_local_local_0_0 POST_SCRIPT_SUCCESS 0 local - 110
1644820266 stage_in_remote_local_0_0 POST_SCRIPT_TERMINATED 803.0 local - 109
1644820271 stage_in_remote_local_0_0 POST_SCRIPT_SUCCESS 0 local - 109
1644820266 stage_in_remote_local_2_0 POST_SCRIPT_TERMINATED 801.0 local - 107
1644820271 stage_in_remote_local_2_0 POST_SCRIPT_SUCCESS 0 local - 107
1644820266 stage_in_remote_local_1_0 POST_SCRIPT_TERMINATED 802.0 local - 108
1644820271 stage_in_remote_local_1_0 POST_SCRIPT_SUCCESS 0 local - 108
1644820267 stage_in_local_local_2_0 JOB_TERMINATED 805.0 local - 111
1644820271 stage_in_local_local_2_0 JOB_SUCCESS 0 local - 111
1644820271 stage_in_local_local_2_0 POST_SCRIPT_STARTED 805.0 local - 111
1644820267 stage_in_local_local_0_2 EXECUTE 810.0 local - 116
1644820267 stage_in_local_local_2_1 EXECUTE 809.0 local - 115
1644820268 stage_in_remote_local_0_1 JOB_TERMINATED 806.0 local - 112
1644820271 stage_in_remote_local_0_1 JOB_SUCCESS 0 local - 112
1644820271 stage_in_remote_local_0_1 POST_SCRIPT_STARTED 806.0 local - 112
1644820268 stage_in_remote_local_2_1 JOB_TERMINATED 808.0 local - 114
1644820271 stage_in_remote_local_2_1 JOB_SUCCESS 0 local - 114
1644820271 stage_in_remote_local_2_1 POST_SCRIPT_STARTED 808.0 local - 114
1644820268 stage_in_local_local_0_1 JOB_TERMINATED 807.0 local - 113
1644820271 stage_in_local_local_0_1 JOB_SUCCESS 0 local - 113
1644820271 stage_in_local_local_0_1 POST_SCRIPT_STARTED 807.0 local - 113
1644820269 stage_in_local_local_0_2 JOB_TERMINATED 810.0 local - 116
1644820271 stage_in_local_local_0_2 JOB_SUCCESS 0 local - 116
1644820271 stage_in_local_local_0_2 POST_SCRIPT_STARTED 810.0 local - 116
1644820271 stage_in_local_local_2_1 JOB_TERMINATED 809.0 local - 115
1644820276 stage_in_local_local_2_1 JOB_SUCCESS 0 local - 115
1644820276 stage_in_local_local_2_1 POST_SCRIPT_STARTED 809.0 local - 115
1644820271 stage_in_remote_local_2_1 POST_SCRIPT_TERMINATED 808.0 local - 114
1644820276 stage_in_remote_local_2_1 POST_SCRIPT_SUCCESS 0 local - 114
1644820271 stage_in_local_local_2_0 POST_SCRIPT_TERMINATED 805.0 local - 111
1644820276 stage_in_local_local_2_0 POST_SCRIPT_SUCCESS 0 local - 111
1644820271 stage_in_local_local_0_2 POST_SCRIPT_TERMINATED 810.0 local - 116
1644820276 stage_in_local_local_0_2 POST_SCRIPT_SUCCESS 0 local - 116
1644820271 stage_in_local_local_0_1 POST_SCRIPT_TERMINATED 807.0 local - 113
1644820276 stage_in_local_local_0_1 POST_SCRIPT_SUCCESS 0 local - 113
1644820271 stage_in_remote_local_0_1 POST_SCRIPT_TERMINATED 806.0 local - 112
1644820276 stage_in_remote_local_0_1 POST_SCRIPT_SUCCESS 0 local - 112
1644820276 stage_in_local_local_2_1 POST_SCRIPT_TERMINATED 809.0 local - 115
1644820282 stage_in_local_local_2_1 POST_SCRIPT_SUCCESS 0 local - 115
1644820281 individuals_ID0000037 SUBMIT 811.0 condorpool - 117
1644820281 individuals_ID0000038 SUBMIT 812.0 condorpool - 118
1644820282 individuals_ID0000039 SUBMIT 813.0 condorpool - 119
1644820282 individuals_ID0000033 SUBMIT 814.0 condorpool - 120
1644820282 individuals_ID0000034 SUBMIT 815.0 condorpool - 121
1644820287 individuals_ID0000035 SUBMIT 816.0 condorpool - 122
1644820287 individuals_ID0000036 SUBMIT 817.0 condorpool - 123
1644820287 individuals_ID0000073 SUBMIT 818.0 condorpool - 124
1644820287 individuals_ID0000030 SUBMIT 819.0 condorpool - 125
1644820287 individuals_ID0000074 SUBMIT 820.0 condorpool - 126
1644820292 individuals_ID0000031 SUBMIT 821.0 condorpool - 127
1644820292 individuals_ID0000075 SUBMIT 822.0 condorpool - 128
1644820292 individuals_ID0000032 SUBMIT 823.0 condorpool - 129
1644820292 individuals_ID0000070 SUBMIT 824.0 condorpool - 130
1644820292 individuals_ID0000071 SUBMIT 825.0 condorpool - 131
1644820297 individuals_ID0000072 SUBMIT 826.0 condorpool - 132
1644820297 individuals_ID0000004 SUBMIT 827.0 condorpool - 133
1644820297 individuals_ID0000048 SUBMIT 828.0 condorpool - 134
1644820297 individuals_ID0000005 SUBMIT 829.0 condorpool - 135
1644820297 individuals_ID0000049 SUBMIT 830.0 condorpool - 136
1644820301 individuals_ID0000034 EXECUTE 815.0 condorpool - 121
1644820302 individuals_ID0000006 SUBMIT 831.0 condorpool - 137
1644820302 individuals_ID0000007 SUBMIT 832.0 condorpool - 138
1644820302 individuals_ID0000044 SUBMIT 833.0 condorpool - 139
1644820302 individuals_ID0000001 SUBMIT 834.0 condorpool - 140
1644820302 individuals_ID0000045 SUBMIT 835.0 condorpool - 141
1644820307 individuals_ID0000002 SUBMIT 836.0 condorpool - 142
1644820307 individuals_ID0000046 SUBMIT 837.0 condorpool - 143
1644820308 individuals_ID0000003 SUBMIT 838.0 condorpool - 144
1644820308 individuals_ID0000047 SUBMIT 839.0 condorpool - 145
1644820308 individuals_ID0000008 SUBMIT 840.0 condorpool - 146
1644820313 individuals_ID0000009 SUBMIT 841.0 condorpool - 147
1644820313 individuals_ID0000040 SUBMIT 842.0 condorpool - 148
1644820313 individuals_ID0000041 SUBMIT 843.0 condorpool - 149
1644820313 individuals_ID0000042 SUBMIT 844.0 condorpool - 150
1644820313 individuals_ID0000043 SUBMIT 845.0 condorpool - 151
1644820314 individuals_ID0000036 EXECUTE 817.0 condorpool - 123
1644820315 individuals_ID0000030 EXECUTE 819.0 condorpool - 125
1644820315 individuals_ID0000038 EXECUTE 812.0 condorpool - 118
1644820316 individuals_ID0000074 EXECUTE 820.0 condorpool - 126
1644820318 individuals_ID0000015 SUBMIT 846.0 condorpool - 152
1644820318 individuals_ID0000059 SUBMIT 847.0 condorpool - 153
1644820318 individuals_ID0000016 SUBMIT 848.0 condorpool - 154
1644820318 individuals_ID0000017 SUBMIT 849.0 condorpool - 155
1644820318 individuals_ID0000018 SUBMIT 850.0 condorpool - 156
1644820323 individuals_ID0000011 SUBMIT 851.0 condorpool - 157
1644820323 individuals_ID0000055 SUBMIT 852.0 condorpool - 158
1644820323 individuals_ID0000012 SUBMIT 853.0 condorpool - 159
1644820323 individuals_ID0000056 SUBMIT 854.0 condorpool - 160
1644820323 individuals_ID0000013 SUBMIT 855.0 condorpool - 161
1644820328 individuals_ID0000057 SUBMIT 856.0 condorpool - 162
1644820328 individuals_ID0000014 SUBMIT 857.0 condorpool - 163
1644820328 individuals_ID0000058 SUBMIT 858.0 condorpool - 164
1644820328 individuals_ID0000019 SUBMIT 859.0 condorpool - 165
1644820328 individuals_ID0000051 SUBMIT 860.0 condorpool - 166
1644820330 individuals_ID0000073 EXECUTE 818.0 condorpool - 124
1644820331 individuals_ID0000035 EXECUTE 816.0 condorpool - 122
1644820332 individuals_ID0000037 EXECUTE 811.0 condorpool - 117
1644820332 individuals_ID0000033 EXECUTE 814.0 condorpool - 120
1644820332 individuals_ID0000039 EXECUTE 813.0 condorpool - 119
1644820334 individuals_ID0000052 SUBMIT 861.0 condorpool - 167
1644820334 individuals_ID0000053 SUBMIT 862.0 condorpool - 168
1644820334 individuals_ID0000010 SUBMIT 863.0 condorpool - 169
1644820334 individuals_ID0000054 SUBMIT 864.0 condorpool - 170
1644820334 individuals_ID0000050 SUBMIT 865.0 condorpool - 171
1644820334 individuals_ID0000048 EXECUTE 828.0 condorpool - 134
1644820339 individuals_ID0000026 SUBMIT 866.0 condorpool - 172
1644820339 individuals_ID0000027 SUBMIT 867.0 condorpool - 173
1644820339 individuals_ID0000028 SUBMIT 868.0 condorpool - 174
1644820339 individuals_ID0000029 SUBMIT 869.0 condorpool - 175
1644820339 individuals_ID0000022 SUBMIT 870.0 condorpool - 176
1644820344 individuals_ID0000066 SUBMIT 871.0 condorpool - 177
1644820344 individuals_ID0000023 SUBMIT 872.0 condorpool - 178
1644820344 individuals_ID0000067 SUBMIT 873.0 condorpool - 179
1644820344 individuals_ID0000024 SUBMIT 874.0 condorpool - 180
1644820344 individuals_ID0000068 SUBMIT 875.0 condorpool - 181
1644820348 individuals_ID0000005 EXECUTE 829.0 condorpool - 135
1644820348 individuals_ID0000049 EXECUTE 830.0 condorpool - 136
1644820349 individuals_ID0000032 EXECUTE 823.0 condorpool - 129
1644820349 individuals_ID0000025 SUBMIT 876.0 condorpool - 182
1644820349 individuals_ID0000069 SUBMIT 877.0 condorpool - 183
1644820349 individuals_ID0000062 SUBMIT 878.0 condorpool - 184
1644820349 individuals_ID0000063 SUBMIT 879.0 condorpool - 185
1644820349 individuals_ID0000020 SUBMIT 880.0 condorpool - 186
1644820354 individuals_ID0000064 SUBMIT 881.0 condorpool - 187
1644820354 individuals_ID0000021 SUBMIT 882.0 condorpool - 188
1644820354 individuals_ID0000065 SUBMIT 883.0 condorpool - 189
1644820355 individuals_ID0000060 SUBMIT 884.0 condorpool - 190
1644820355 individuals_ID0000061 SUBMIT 885.0 condorpool - 191
1644820360 sifting_ID0000077 SUBMIT 886.0 condorpool - 192
1644820363 individuals_ID0000075 EXECUTE 822.0 condorpool - 128
1644820365 individuals_ID0000071 EXECUTE 825.0 condorpool - 131
1644820368 individuals_ID0000003 EXECUTE 838.0 condorpool - 144
1644820369 individuals_ID0000070 EXECUTE 824.0 condorpool - 130
1644820370 individuals_ID0000046 EXECUTE 837.0 condorpool - 143
1644820385 individuals_ID0000001 EXECUTE 834.0 condorpool - 140
1644820393 individuals_ID0000072 EXECUTE 826.0 condorpool - 132
1644820393 individuals_ID0000031 EXECUTE 821.0 condorpool - 127
1644820394 individuals_ID0000007 EXECUTE 832.0 condorpool - 138
1644820397 individuals_ID0000006 EXECUTE 831.0 condorpool - 137
1644820399 individuals_ID0000004 EXECUTE 827.0 condorpool - 133
1644820402 individuals_ID0000002 EXECUTE 836.0 condorpool - 142
1644820402 individuals_ID0000045 EXECUTE 835.0 condorpool - 141
1644820413 individuals_ID0000044 EXECUTE 833.0 condorpool - 139
1644820764 individuals_ID0000001 JOB_TERMINATED 834.0 condorpool - 140
1644820765 individuals_ID0000001 JOB_SUCCESS 0 condorpool - 140
1644820765 individuals_ID0000001 POST_SCRIPT_STARTED 834.0 condorpool - 140
1644820765 individuals_ID0000001 POST_SCRIPT_TERMINATED 834.0 condorpool - 140
1644820770 individuals_ID0000001 POST_SCRIPT_SUCCESS 0 condorpool - 140
1644820772 individuals_ID0000047 EXECUTE 839.0 condorpool - 145
1644821140 individuals_ID0000006 JOB_TERMINATED 831.0 condorpool - 137
1644821141 individuals_ID0000006 JOB_SUCCESS 0 condorpool - 137
1644821141 individuals_ID0000006 POST_SCRIPT_STARTED 831.0 condorpool - 137
1644821141 individuals_ID0000006 POST_SCRIPT_TERMINATED 831.0 condorpool - 137
1644821146 individuals_ID0000006 POST_SCRIPT_SUCCESS 0 condorpool - 137
1644821141 individuals_ID0000044 JOB_TERMINATED 833.0 condorpool - 139
1644821146 individuals_ID0000044 JOB_SUCCESS 0 condorpool - 139
1644821146 individuals_ID0000044 POST_SCRIPT_STARTED 833.0 condorpool - 139
1644821142 individuals_ID0000007 JOB_TERMINATED 832.0 condorpool - 138
1644821146 individuals_ID0000007 JOB_SUCCESS 0 condorpool - 138
1644821146 individuals_ID0000007 POST_SCRIPT_STARTED 832.0 condorpool - 138
1644821146 individuals_ID0000044 POST_SCRIPT_TERMINATED 833.0 condorpool - 139
1644821151 individuals_ID0000044 POST_SCRIPT_SUCCESS 0 condorpool - 139
1644821146 individuals_ID0000007 POST_SCRIPT_TERMINATED 832.0 condorpool - 138
1644821151 individuals_ID0000007 POST_SCRIPT_SUCCESS 0 condorpool - 138
1644821155 individuals_ID0000008 EXECUTE 840.0 condorpool - 146
1644821155 individuals_ID0000009 EXECUTE 841.0 condorpool - 147
1644821155 individuals_ID0000040 EXECUTE 842.0 condorpool - 148
1644821244 individuals_ID0000034 JOB_TERMINATED 815.0 condorpool - 121
1644821246 individuals_ID0000034 JOB_SUCCESS 0 condorpool - 121
1644821246 individuals_ID0000034 POST_SCRIPT_STARTED 815.0 condorpool - 121
1644821247 individuals_ID0000034 POST_SCRIPT_TERMINATED 815.0 condorpool - 121
1644821251 individuals_ID0000034 POST_SCRIPT_SUCCESS 0 condorpool - 121
1644821251 individuals_ID0000041 EXECUTE 843.0 condorpool - 149
1644821282 individuals_ID0000036 JOB_TERMINATED 817.0 condorpool - 123
1644821286 individuals_ID0000036 JOB_SUCCESS 0 condorpool - 123
1644821286 individuals_ID0000036 POST_SCRIPT_STARTED 817.0 condorpool - 123
1644821286 individuals_ID0000036 POST_SCRIPT_TERMINATED 817.0 condorpool - 123
1644821291 individuals_ID0000036 POST_SCRIPT_SUCCESS 0 condorpool - 123
1644821289 individuals_ID0000042 EXECUTE 844.0 condorpool - 150
1644821294 individuals_ID0000038 JOB_TERMINATED 812.0 condorpool - 118
1644821296 individuals_ID0000038 JOB_SUCCESS 0 condorpool - 118
1644821296 individuals_ID0000038 POST_SCRIPT_STARTED 812.0 condorpool - 118
1644821296 individuals_ID0000038 POST_SCRIPT_TERMINATED 812.0 condorpool - 118
1644821302 individuals_ID0000038 POST_SCRIPT_SUCCESS 0 condorpool - 118
1644821298 individuals_ID0000073 JOB_TERMINATED 818.0 condorpool - 124
1644821302 individuals_ID0000073 JOB_SUCCESS 0 condorpool - 124
1644821302 individuals_ID0000073 POST_SCRIPT_STARTED 818.0 condorpool - 124
1644821301 individuals_ID0000043 EXECUTE 845.0 condorpool - 151
1644821302 individuals_ID0000073 POST_SCRIPT_TERMINATED 818.0 condorpool - 124
1644821307 individuals_ID0000073 POST_SCRIPT_SUCCESS 0 condorpool - 124
1644821308 individuals_ID0000015 EXECUTE 846.0 condorpool - 152
1644821309 individuals_ID0000035 JOB_TERMINATED 816.0 condorpool - 122
1644821312 individuals_ID0000035 JOB_SUCCESS 0 condorpool - 122
1644821312 individuals_ID0000035 POST_SCRIPT_STARTED 816.0 condorpool - 122
1644821312 individuals_ID0000035 POST_SCRIPT_TERMINATED 816.0 condorpool - 122
1644821317 individuals_ID0000035 POST_SCRIPT_SUCCESS 0 condorpool - 122
1644821318 individuals_ID0000059 EXECUTE 847.0 condorpool - 153
1644821343 individuals_ID0000037 JOB_TERMINATED 811.0 condorpool - 117
1644821347 individuals_ID0000037 JOB_SUCCESS 0 condorpool - 117
1644821347 individuals_ID0000037 POST_SCRIPT_STARTED 811.0 condorpool - 117
1644821348 individuals_ID0000037 POST_SCRIPT_TERMINATED 811.0 condorpool - 117
1644821352 individuals_ID0000037 POST_SCRIPT_SUCCESS 0 condorpool - 117
1644821351 individuals_ID0000016 EXECUTE 848.0 condorpool - 154
1644821353 individuals_ID0000039 JOB_TERMINATED 813.0 condorpool - 119
1644821357 individuals_ID0000039 JOB_SUCCESS 0 condorpool - 119
1644821357 individuals_ID0000039 POST_SCRIPT_STARTED 813.0 condorpool - 119
1644821357 individuals_ID0000039 POST_SCRIPT_TERMINATED 813.0 condorpool - 119
1644821362 individuals_ID0000039 POST_SCRIPT_SUCCESS 0 condorpool - 119
1644821364 individuals_ID0000017 EXECUTE 849.0 condorpool - 155
1644821367 individuals_ID0000004 JOB_TERMINATED 827.0 condorpool - 133
1644821367 individuals_ID0000004 JOB_SUCCESS 0 condorpool - 133
1644821367 individuals_ID0000004 POST_SCRIPT_STARTED 827.0 condorpool - 133
1644821367 individuals_ID0000048 JOB_TERMINATED 828.0 condorpool - 134
1644821367 individuals_ID0000048 JOB_SUCCESS 0 condorpool - 134
1644821367 individuals_ID0000048 POST_SCRIPT_STARTED 828.0 condorpool - 134
1644821367 individuals_ID0000049 JOB_TERMINATED 830.0 condorpool - 136
1644821372 individuals_ID0000049 JOB_SUCCESS 0 condorpool - 136
1644821372 individuals_ID0000049 POST_SCRIPT_STARTED 830.0 condorpool - 136
1644821367 individuals_ID0000048 POST_SCRIPT_TERMINATED 828.0 condorpool - 134
1644821372 individuals_ID0000048 POST_SCRIPT_SUCCESS 0 condorpool - 134
1644821367 individuals_ID0000004 POST_SCRIPT_TERMINATED 827.0 condorpool - 133
1644821372 individuals_ID0000004 POST_SCRIPT_SUCCESS 0 condorpool - 133
1644821370 individuals_ID0000005 JOB_TERMINATED 829.0 condorpool - 135
1644821372 individuals_ID0000005 JOB_SUCCESS 0 condorpool - 135
1644821372 individuals_ID0000005 POST_SCRIPT_STARTED 829.0 condorpool - 135
1644821373 individuals_ID0000049 POST_SCRIPT_TERMINATED 830.0 condorpool - 136
1644821377 individuals_ID0000049 POST_SCRIPT_SUCCESS 0 condorpool - 136
1644821373 individuals_ID0000005 POST_SCRIPT_TERMINATED 829.0 condorpool - 135
1644821377 individuals_ID0000005 POST_SCRIPT_SUCCESS 0 condorpool - 135
1644821376 individuals_ID0000033 JOB_TERMINATED 814.0 condorpool - 120
1644821377 individuals_ID0000033 JOB_SUCCESS 0 condorpool - 120
1644821377 individuals_ID0000033 POST_SCRIPT_STARTED 814.0 condorpool - 120
1644821377 individuals_ID0000033 POST_SCRIPT_TERMINATED 814.0 condorpool - 120
1644821382 individuals_ID0000033 POST_SCRIPT_SUCCESS 0 condorpool - 120
1644821387 individuals_ID0000032 JOB_TERMINATED 823.0 condorpool - 129
1644821387 individuals_ID0000032 JOB_SUCCESS 0 condorpool - 129
1644821387 individuals_ID0000032 POST_SCRIPT_STARTED 823.0 condorpool - 129
1644821388 individuals_ID0000032 POST_SCRIPT_TERMINATED 823.0 condorpool - 129
1644821392 individuals_ID0000032 POST_SCRIPT_SUCCESS 0 condorpool - 129
1644821391 individuals_ID0000056 EXECUTE 854.0 condorpool - 160
1644821396 individuals_ID0000013 EXECUTE 855.0 condorpool - 161
1644821398 individuals_ID0000055 EXECUTE 852.0 condorpool - 158
1644821399 individuals_ID0000011 EXECUTE 851.0 condorpool - 157
1644821399 individuals_ID0000018 EXECUTE 850.0 condorpool - 156
1644821399 individuals_ID0000012 EXECUTE 853.0 condorpool - 159
1644821400 individuals_ID0000075 JOB_TERMINATED 822.0 condorpool - 128
1644821402 individuals_ID0000075 JOB_SUCCESS 0 condorpool - 128
1644821402 individuals_ID0000075 POST_SCRIPT_STARTED 822.0 condorpool - 128
1644821402 individuals_ID0000074 JOB_TERMINATED 820.0 condorpool - 126
1644821407 individuals_ID0000074 JOB_SUCCESS 0 condorpool - 126
1644821407 individuals_ID0000074 POST_SCRIPT_STARTED 820.0 condorpool - 126
1644821402 individuals_ID0000075 POST_SCRIPT_TERMINATED 822.0 condorpool - 128
1644821407 individuals_ID0000075 POST_SCRIPT_SUCCESS 0 condorpool - 128
1644821404 individuals_ID0000030 JOB_TERMINATED 819.0 condorpool - 125
1644821407 individuals_ID0000030 JOB_SUCCESS 0 condorpool - 125
1644821407 individuals_ID0000030 POST_SCRIPT_STARTED 819.0 condorpool - 125
1644821407 individuals_ID0000074 POST_SCRIPT_TERMINATED 820.0 condorpool - 126
1644821412 individuals_ID0000074 POST_SCRIPT_SUCCESS 0 condorpool - 126
1644821407 individuals_ID0000030 POST_SCRIPT_TERMINATED 819.0 condorpool - 125
1644821412 individuals_ID0000030 POST_SCRIPT_SUCCESS 0 condorpool - 125
1644821412 individuals_ID0000031 JOB_TERMINATED 821.0 condorpool - 127
1644821412 individuals_ID0000031 JOB_SUCCESS 0 condorpool - 127
1644821412 individuals_ID0000031 POST_SCRIPT_STARTED 821.0 condorpool - 127
1644821413 individuals_ID0000031 POST_SCRIPT_TERMINATED 821.0 condorpool - 127
1644821417 individuals_ID0000031 POST_SCRIPT_SUCCESS 0 condorpool - 127
1644821416 individuals_ID0000057 EXECUTE 856.0 condorpool - 162
1644821417 individuals_ID0000014 EXECUTE 857.0 condorpool - 163
1644821421 individuals_ID0000058 EXECUTE 858.0 condorpool - 164
1644821424 individuals_ID0000019 EXECUTE 859.0 condorpool - 165
1644821430 individuals_ID0000072 JOB_TERMINATED 826.0 condorpool - 132
1644821432 individuals_ID0000072 JOB_SUCCESS 0 condorpool - 132
1644821432 individuals_ID0000072 POST_SCRIPT_STARTED 826.0 condorpool - 132
1644821432 individuals_ID0000070 JOB_TERMINATED 824.0 condorpool - 130
1644821432 individuals_ID0000070 JOB_SUCCESS 0 condorpool - 130
1644821432 individuals_ID0000070 POST_SCRIPT_STARTED 824.0 condorpool - 130
1644821432 individuals_ID0000072 POST_SCRIPT_TERMINATED 826.0 condorpool - 132
1644821437 individuals_ID0000072 POST_SCRIPT_SUCCESS 0 condorpool - 132
1644821432 individuals_ID0000070 POST_SCRIPT_TERMINATED 824.0 condorpool - 130
1644821437 individuals_ID0000070 POST_SCRIPT_SUCCESS 0 condorpool - 130
1644821433 individuals_ID0000071 JOB_TERMINATED 825.0 condorpool - 131
1644821437 individuals_ID0000071 JOB_SUCCESS 0 condorpool - 131
1644821437 individuals_ID0000071 POST_SCRIPT_STARTED 825.0 condorpool - 131
1644821437 individuals_ID0000071 POST_SCRIPT_TERMINATED 825.0 condorpool - 131
1644821442 individuals_ID0000071 POST_SCRIPT_SUCCESS 0 condorpool - 131
1644821441 individuals_ID0000051 EXECUTE 860.0 condorpool - 166
1644821447 individuals_ID0000052 EXECUTE 861.0 condorpool - 167
1644821447 individuals_ID0000053 EXECUTE 862.0 condorpool - 168
1644821456 individuals_ID0000003 JOB_TERMINATED 838.0 condorpool - 144
1644821458 individuals_ID0000003 JOB_SUCCESS 0 condorpool - 144
1644821458 individuals_ID0000003 POST_SCRIPT_STARTED 838.0 condorpool - 144
1644821457 individuals_ID0000046 JOB_TERMINATED 837.0 condorpool - 143
1644821458 individuals_ID0000046 JOB_SUCCESS 0 condorpool - 143
1644821458 individuals_ID0000046 POST_SCRIPT_STARTED 837.0 condorpool - 143
1644821458 individuals_ID0000046 POST_SCRIPT_TERMINATED 837.0 condorpool - 143
1644821463 individuals_ID0000046 POST_SCRIPT_SUCCESS 0 condorpool - 143
1644821458 individuals_ID0000003 POST_SCRIPT_TERMINATED 838.0 condorpool - 144
1644821463 individuals_ID0000003 POST_SCRIPT_SUCCESS 0 condorpool - 144
1644821466 individuals_ID0000002 JOB_TERMINATED 836.0 condorpool - 142
1644821468 individuals_ID0000002 JOB_SUCCESS 0 condorpool - 142
1644821468 individuals_ID0000002 POST_SCRIPT_STARTED 836.0 condorpool - 142
1644821466 individuals_ID0000010 EXECUTE 863.0 condorpool - 169
1644821466 individuals_ID0000054 EXECUTE 864.0 condorpool - 170
1644821468 individuals_ID0000002 POST_SCRIPT_TERMINATED 836.0 condorpool - 142
1644821473 individuals_ID0000002 POST_SCRIPT_SUCCESS 0 condorpool - 142
1644821468 individuals_ID0000045 JOB_TERMINATED 835.0 condorpool - 141
1644821473 individuals_ID0000045 JOB_SUCCESS 0 condorpool - 141
1644821473 individuals_ID0000045 POST_SCRIPT_STARTED 835.0 condorpool - 141
1644821474 individuals_ID0000045 POST_SCRIPT_TERMINATED 835.0 condorpool - 141
1644821478 individuals_ID0000045 POST_SCRIPT_SUCCESS 0 condorpool - 141
1644821474 individuals_ID0000050 EXECUTE 865.0 condorpool - 171
1644821479 individuals_ID0000026 EXECUTE 866.0 condorpool - 172
1644821502 individuals_ID0000047 JOB_TERMINATED 839.0 condorpool - 145
1644821503 individuals_ID0000047 JOB_SUCCESS 0 condorpool - 145
1644821503 individuals_ID0000047 POST_SCRIPT_STARTED 839.0 condorpool - 145
1644821503 individuals_ID0000047 POST_SCRIPT_TERMINATED 839.0 condorpool - 145
1644821508 individuals_ID0000047 POST_SCRIPT_SUCCESS 0 condorpool - 145
1644821509 individuals_ID0000027 EXECUTE 867.0 condorpool - 173
1644821876 individuals_ID0000009 JOB_TERMINATED 841.0 condorpool - 147
1644821878 individuals_ID0000009 JOB_SUCCESS 0 condorpool - 147
1644821878 individuals_ID0000009 POST_SCRIPT_STARTED 841.0 condorpool - 147
1644821878 individuals_ID0000040 JOB_TERMINATED 842.0 condorpool - 148
1644821878 individuals_ID0000040 JOB_SUCCESS 0 condorpool - 148
1644821878 individuals_ID0000040 POST_SCRIPT_STARTED 842.0 condorpool - 148
1644821879 individuals_ID0000040 POST_SCRIPT_TERMINATED 842.0 condorpool - 148
1644821883 individuals_ID0000040 POST_SCRIPT_SUCCESS 0 condorpool - 148
1644821879 individuals_ID0000009 POST_SCRIPT_TERMINATED 841.0 condorpool - 147
1644821883 individuals_ID0000009 POST_SCRIPT_SUCCESS 0 condorpool - 147
1644821885 individuals_ID0000008 JOB_TERMINATED 840.0 condorpool - 146
1644821888 individuals_ID0000008 JOB_SUCCESS 0 condorpool - 146
1644821888 individuals_ID0000008 POST_SCRIPT_STARTED 840.0 condorpool - 146
1644821888 individuals_ID0000008 POST_SCRIPT_TERMINATED 840.0 condorpool - 146
1644821893 individuals_ID0000008 POST_SCRIPT_SUCCESS 0 condorpool - 146
1644821942 individuals_ID0000028 EXECUTE 868.0 condorpool - 174
1644821943 individuals_ID0000029 EXECUTE 869.0 condorpool - 175
1644821943 individuals_ID0000022 EXECUTE 870.0 condorpool - 176
1644822203 individuals_ID0000041 JOB_TERMINATED 843.0 condorpool - 149
1644822203 individuals_ID0000041 JOB_SUCCESS 0 condorpool - 149
1644822203 individuals_ID0000041 POST_SCRIPT_STARTED 843.0 condorpool - 149
1644822204 individuals_ID0000041 POST_SCRIPT_TERMINATED 843.0 condorpool - 149
1644822208 individuals_ID0000041 POST_SCRIPT_SUCCESS 0 condorpool - 149
1644822229 individuals_ID0000027 JOB_TERMINATED 867.0 condorpool - 173
1644822233 individuals_ID0000027 JOB_SUCCESS 0 condorpool - 173
1644822233 individuals_ID0000027 POST_SCRIPT_STARTED 867.0 condorpool - 173
1644822233 individuals_ID0000027 POST_SCRIPT_TERMINATED 867.0 condorpool - 173
1644822238 individuals_ID0000027 POST_SCRIPT_SUCCESS 0 condorpool - 173
1644822235 individuals_ID0000066 EXECUTE 871.0 condorpool - 177
1644822260 individuals_ID0000042 JOB_TERMINATED 844.0 condorpool - 150
1644822263 individuals_ID0000042 JOB_SUCCESS 0 condorpool - 150
1644822263 individuals_ID0000042 POST_SCRIPT_STARTED 844.0 condorpool - 150
1644822263 individuals_ID0000042 POST_SCRIPT_TERMINATED 844.0 condorpool - 150
1644822268 individuals_ID0000042 POST_SCRIPT_SUCCESS 0 condorpool - 150
1644822284 individuals_ID0000043 JOB_TERMINATED 845.0 condorpool - 151
1644822288 individuals_ID0000043 JOB_SUCCESS 0 condorpool - 151
1644822288 individuals_ID0000043 POST_SCRIPT_STARTED 845.0 condorpool - 151
1644822286 individuals_ID0000015 JOB_TERMINATED 846.0 condorpool - 152
1644822288 individuals_ID0000015 JOB_SUCCESS 0 condorpool - 152
1644822288 individuals_ID0000015 POST_SCRIPT_STARTED 846.0 condorpool - 152
1644822289 individuals_ID0000059 JOB_TERMINATED 847.0 condorpool - 153
1644822293 individuals_ID0000059 JOB_SUCCESS 0 condorpool - 153
1644822293 individuals_ID0000059 POST_SCRIPT_STARTED 847.0 condorpool - 153
1644822289 individuals_ID0000043 POST_SCRIPT_TERMINATED 845.0 condorpool - 151
1644822293 individuals_ID0000043 POST_SCRIPT_SUCCESS 0 condorpool - 151
1644822289 individuals_ID0000015 POST_SCRIPT_TERMINATED 846.0 condorpool - 152
1644822293 individuals_ID0000015 POST_SCRIPT_SUCCESS 0 condorpool - 152
1644822293 individuals_ID0000059 POST_SCRIPT_TERMINATED 847.0 condorpool - 153
1644822298 individuals_ID0000059 POST_SCRIPT_SUCCESS 0 condorpool - 153
1644822301 individuals_ID0000068 EXECUTE 875.0 condorpool - 181
1644822302 individuals_ID0000067 EXECUTE 873.0 condorpool - 179
1644822302 individuals_ID0000024 EXECUTE 874.0 condorpool - 180
1644822303 individuals_ID0000023 EXECUTE 872.0 condorpool - 178
1644822360 individuals_ID0000025 EXECUTE 876.0 condorpool - 182
1644822372 individuals_ID0000016 JOB_TERMINATED 848.0 condorpool - 154
1644822373 individuals_ID0000016 JOB_SUCCESS 0 condorpool - 154
1644822373 individuals_ID0000016 POST_SCRIPT_STARTED 848.0 condorpool - 154
1644822374 individuals_ID0000016 POST_SCRIPT_TERMINATED 848.0 condorpool - 154
1644822378 individuals_ID0000016 POST_SCRIPT_SUCCESS 0 condorpool - 154
1644822375 individuals_ID0000017 JOB_TERMINATED 849.0 condorpool - 155
1644822378 individuals_ID0000017 JOB_SUCCESS 0 condorpool - 155
1644822378 individuals_ID0000017 POST_SCRIPT_STARTED 849.0 condorpool - 155
1644822378 individuals_ID0000017 POST_SCRIPT_TERMINATED 849.0 condorpool - 155
1644822383 individuals_ID0000017 POST_SCRIPT_SUCCESS 0 condorpool - 155
1644822385 individuals_ID0000018 JOB_TERMINATED 850.0 condorpool - 156
1644822388 individuals_ID0000018 JOB_SUCCESS 0 condorpool - 156
1644822388 individuals_ID0000018 POST_SCRIPT_STARTED 850.0 condorpool - 156
1644822387 individuals_ID0000012 JOB_TERMINATED 853.0 condorpool - 159
1644822388 individuals_ID0000012 JOB_SUCCESS 0 condorpool - 159
1644822388 individuals_ID0000012 POST_SCRIPT_STARTED 853.0 condorpool - 159
1644822388 individuals_ID0000011 JOB_TERMINATED 851.0 condorpool - 157
1644822388 individuals_ID0000011 JOB_SUCCESS 0 condorpool - 157
1644822388 individuals_ID0000011 POST_SCRIPT_STARTED 851.0 condorpool - 157
1644822388 individuals_ID0000012 POST_SCRIPT_TERMINATED 853.0 condorpool - 159
1644822393 individuals_ID0000012 POST_SCRIPT_SUCCESS 0 condorpool - 159
1644822388 individuals_ID0000018 POST_SCRIPT_TERMINATED 850.0 condorpool - 156
1644822393 individuals_ID0000018 POST_SCRIPT_SUCCESS 0 condorpool - 156
1644822388 individuals_ID0000011 POST_SCRIPT_TERMINATED 851.0 condorpool - 157
1644822393 individuals_ID0000011 POST_SCRIPT_SUCCESS 0 condorpool - 157
1644822392 individuals_ID0000055 JOB_TERMINATED 852.0 condorpool - 158
1644822393 individuals_ID0000055 JOB_SUCCESS 0 condorpool - 158
1644822393 individuals_ID0000055 POST_SCRIPT_STARTED 852.0 condorpool - 158
1644822394 individuals_ID0000055 POST_SCRIPT_TERMINATED 852.0 condorpool - 158
1644822398 individuals_ID0000055 POST_SCRIPT_SUCCESS 0 condorpool - 158
1644822395 individuals_ID0000056 JOB_TERMINATED 854.0 condorpool - 160
1644822398 individuals_ID0000056 JOB_SUCCESS 0 condorpool - 160
1644822398 individuals_ID0000056 POST_SCRIPT_STARTED 854.0 condorpool - 160
1644822398 individuals_ID0000056 POST_SCRIPT_TERMINATED 854.0 condorpool - 160
1644822403 individuals_ID0000056 POST_SCRIPT_SUCCESS 0 condorpool - 160
1644822423 individuals_ID0000019 JOB_TERMINATED 859.0 condorpool - 165
1644822428 individuals_ID0000019 JOB_SUCCESS 0 condorpool - 165
1644822428 individuals_ID0000019 POST_SCRIPT_STARTED 859.0 condorpool - 165
1644822423 individuals_ID0000014 JOB_TERMINATED 857.0 condorpool - 163
1644822428 individuals_ID0000014 JOB_SUCCESS 0 condorpool - 163
1644822428 individuals_ID0000014 POST_SCRIPT_STARTED 857.0 condorpool - 163
1644822424 individuals_ID0000057 JOB_TERMINATED 856.0 condorpool - 162
1644822428 individuals_ID0000057 JOB_SUCCESS 0 condorpool - 162
1644822428 individuals_ID0000057 POST_SCRIPT_STARTED 856.0 condorpool - 162
1644822428 individuals_ID0000057 POST_SCRIPT_TERMINATED 856.0 condorpool - 162
1644822433 individuals_ID0000057 POST_SCRIPT_SUCCESS 0 condorpool - 162
1644822428 individuals_ID0000019 POST_SCRIPT_TERMINATED 859.0 condorpool - 165
1644822433 individuals_ID0000019 POST_SCRIPT_SUCCESS 0 condorpool - 165
1644822428 individuals_ID0000014 POST_SCRIPT_TERMINATED 857.0 condorpool - 163
1644822433 individuals_ID0000014 POST_SCRIPT_SUCCESS 0 condorpool - 163
1644822431 individuals_ID0000069 EXECUTE 877.0 condorpool - 183
1644822432 individuals_ID0000063 EXECUTE 879.0 condorpool - 185
1644822432 individuals_ID0000062 EXECUTE 878.0 condorpool - 184
1644822432 individuals_ID0000021 EXECUTE 882.0 condorpool - 188
1644822434 individuals_ID0000020 EXECUTE 880.0 condorpool - 186
1644822434 individuals_ID0000065 EXECUTE 883.0 condorpool - 189
1644822434 individuals_ID0000064 EXECUTE 881.0 condorpool - 187
1644822435 individuals_ID0000058 JOB_TERMINATED 858.0 condorpool - 164
1644822438 individuals_ID0000058 JOB_SUCCESS 0 condorpool - 164
1644822438 individuals_ID0000058 POST_SCRIPT_STARTED 858.0 condorpool - 164
1644822437 individuals_ID0000013 JOB_TERMINATED 855.0 condorpool - 161
1644822438 individuals_ID0000013 JOB_SUCCESS 0 condorpool - 161
1644822438 individuals_ID0000013 POST_SCRIPT_STARTED 855.0 condorpool - 161
1644822438 individuals_ID0000058 POST_SCRIPT_TERMINATED 858.0 condorpool - 164
1644822443 individuals_ID0000058 POST_SCRIPT_SUCCESS 0 condorpool - 164
1644822438 individuals_ID0000013 POST_SCRIPT_TERMINATED 855.0 condorpool - 161
1644822443 individuals_ID0000013 POST_SCRIPT_SUCCESS 0 condorpool - 161
1644822471 sifting_ID0000077 EXECUTE 886.0 condorpool - 192
1644822478 individuals_ID0000060 EXECUTE 884.0 condorpool - 190
1644822478 individuals_ID0000061 EXECUTE 885.0 condorpool - 191
1644822478 sifting_ID0000077 JOB_TERMINATED 886.0 condorpool - 192
1644822483 sifting_ID0000077 JOB_SUCCESS 0 condorpool - 192
1644822483 sifting_ID0000077 POST_SCRIPT_STARTED 886.0 condorpool - 192
1644822483 sifting_ID0000077 POST_SCRIPT_TERMINATED 886.0 condorpool - 192
1644822488 sifting_ID0000077 POST_SCRIPT_SUCCESS 0 condorpool - 192
1644822489 individuals_ID0000051 JOB_TERMINATED 860.0 condorpool - 166
1644822493 individuals_ID0000051 JOB_SUCCESS 0 condorpool - 166
1644822493 individuals_ID0000051 POST_SCRIPT_STARTED 860.0 condorpool - 166
1644822489 individuals_ID0000052 JOB_TERMINATED 861.0 condorpool - 167
1644822493 individuals_ID0000052 JOB_SUCCESS 0 condorpool - 167
1644822493 individuals_ID0000052 POST_SCRIPT_STARTED 861.0 condorpool - 167
1644822490 individuals_ID0000053 JOB_TERMINATED 862.0 condorpool - 168
1644822493 individuals_ID0000053 JOB_SUCCESS 0 condorpool - 168
1644822493 individuals_ID0000053 POST_SCRIPT_STARTED 862.0 condorpool - 168
1644822494 individuals_ID0000052 POST_SCRIPT_TERMINATED 861.0 condorpool - 167
1644822498 individuals_ID0000052 POST_SCRIPT_SUCCESS 0 condorpool - 167
1644822494 individuals_ID0000051 POST_SCRIPT_TERMINATED 860.0 condorpool - 166
1644822498 individuals_ID0000051 POST_SCRIPT_SUCCESS 0 condorpool - 166
1644822494 individuals_ID0000053 POST_SCRIPT_TERMINATED 862.0 condorpool - 168
1644822498 individuals_ID0000053 POST_SCRIPT_SUCCESS 0 condorpool - 168
1644822551 individuals_ID0000026 JOB_TERMINATED 866.0 condorpool - 172
1644822553 individuals_ID0000026 JOB_SUCCESS 0 condorpool - 172
1644822553 individuals_ID0000026 POST_SCRIPT_STARTED 866.0 condorpool - 172
1644822553 individuals_ID0000026 POST_SCRIPT_TERMINATED 866.0 condorpool - 172
1644822558 individuals_ID0000026 POST_SCRIPT_SUCCESS 0 condorpool - 172
1644822553 individuals_ID0000054 JOB_TERMINATED 864.0 condorpool - 170
1644822558 individuals_ID0000054 JOB_SUCCESS 0 condorpool - 170
1644822558 individuals_ID0000054 POST_SCRIPT_STARTED 864.0 condorpool - 170
1644822555 individuals_ID0000050 JOB_TERMINATED 865.0 condorpool - 171
1644822558 individuals_ID0000050 JOB_SUCCESS 0 condorpool - 171
1644822558 individuals_ID0000050 POST_SCRIPT_STARTED 865.0 condorpool - 171
1644822557 individuals_ID0000010 JOB_TERMINATED 863.0 condorpool - 169
1644822558 individuals_ID0000010 JOB_SUCCESS 0 condorpool - 169
1644822558 individuals_ID0000010 POST_SCRIPT_STARTED 863.0 condorpool - 169
1644822558 individuals_ID0000054 POST_SCRIPT_TERMINATED 864.0 condorpool - 170
1644822563 individuals_ID0000054 POST_SCRIPT_SUCCESS 0 condorpool - 170
1644822558 individuals_ID0000050 POST_SCRIPT_TERMINATED 865.0 condorpool - 171
1644822563 individuals_ID0000050 POST_SCRIPT_SUCCESS 0 condorpool - 171
1644822558 individuals_ID0000010 POST_SCRIPT_TERMINATED 863.0 condorpool - 169
1644822563 individuals_ID0000010 POST_SCRIPT_SUCCESS 0 condorpool - 169
1644822659 individuals_ID0000029 JOB_TERMINATED 869.0 condorpool - 175
1644822663 individuals_ID0000029 JOB_SUCCESS 0 condorpool - 175
1644822663 individuals_ID0000029 POST_SCRIPT_STARTED 869.0 condorpool - 175
1644822664 individuals_ID0000029 POST_SCRIPT_TERMINATED 869.0 condorpool - 175
1644822668 individuals_ID0000029 POST_SCRIPT_SUCCESS 0 condorpool - 175
1644822672 individuals_ID0000028 JOB_TERMINATED 868.0 condorpool - 174
1644822673 individuals_ID0000028 JOB_SUCCESS 0 condorpool - 174
1644822673 individuals_ID0000028 POST_SCRIPT_STARTED 868.0 condorpool - 174
1644822673 individuals_ID0000022 JOB_TERMINATED 870.0 condorpool - 176
1644822678 individuals_ID0000022 JOB_SUCCESS 0 condorpool - 176
1644822678 individuals_ID0000022 POST_SCRIPT_STARTED 870.0 condorpool - 176
1644822673 individuals_ID0000028 POST_SCRIPT_TERMINATED 868.0 condorpool - 174
1644822678 individuals_ID0000028 POST_SCRIPT_SUCCESS 0 condorpool - 174
1644822678 individuals_ID0000022 POST_SCRIPT_TERMINATED 870.0 condorpool - 176
1644822683 individuals_ID0000022 POST_SCRIPT_SUCCESS 0 condorpool - 176
1644822981 individuals_ID0000068 JOB_TERMINATED 875.0 condorpool - 181
1644822984 individuals_ID0000068 JOB_SUCCESS 0 condorpool - 181
1644822984 individuals_ID0000068 POST_SCRIPT_STARTED 875.0 condorpool - 181
1644822984 individuals_ID0000068 POST_SCRIPT_TERMINATED 875.0 condorpool - 181
1644822989 individuals_ID0000068 POST_SCRIPT_SUCCESS 0 condorpool - 181
1644823129 individuals_ID0000060 JOB_TERMINATED 884.0 condorpool - 190
1644823129 individuals_ID0000060 JOB_SUCCESS 0 condorpool - 190
1644823129 individuals_ID0000060 POST_SCRIPT_STARTED 884.0 condorpool - 190
1644823130 individuals_ID0000060 POST_SCRIPT_TERMINATED 884.0 condorpool - 190
1644823134 individuals_ID0000060 POST_SCRIPT_SUCCESS 0 condorpool - 190
1644823134 individuals_ID0000061 JOB_TERMINATED 885.0 condorpool - 191
1644823139 individuals_ID0000061 JOB_SUCCESS 0 condorpool - 191
1644823139 individuals_ID0000061 POST_SCRIPT_STARTED 885.0 condorpool - 191
1644823139 individuals_ID0000061 POST_SCRIPT_TERMINATED 885.0 condorpool - 191
1644823144 individuals_ID0000061 POST_SCRIPT_SUCCESS 0 condorpool - 191
1644823163 individuals_ID0000066 JOB_TERMINATED 871.0 condorpool - 177
1644823164 individuals_ID0000066 JOB_SUCCESS 0 condorpool - 177
1644823164 individuals_ID0000066 POST_SCRIPT_STARTED 871.0 condorpool - 177
1644823164 individuals_ID0000066 POST_SCRIPT_TERMINATED 871.0 condorpool - 177
1644823169 individuals_ID0000066 POST_SCRIPT_SUCCESS 0 condorpool - 177
1644823244 individuals_ID0000024 JOB_TERMINATED 874.0 condorpool - 180
1644823244 individuals_ID0000024 JOB_SUCCESS 0 condorpool - 180
1644823244 individuals_ID0000024 POST_SCRIPT_STARTED 874.0 condorpool - 180
1644823245 individuals_ID0000024 POST_SCRIPT_TERMINATED 874.0 condorpool - 180
1644823249 individuals_ID0000024 POST_SCRIPT_SUCCESS 0 condorpool - 180
1644823246 individuals_ID0000023 JOB_TERMINATED 872.0 condorpool - 178
1644823249 individuals_ID0000023 JOB_SUCCESS 0 condorpool - 178
1644823249 individuals_ID0000023 POST_SCRIPT_STARTED 872.0 condorpool - 178
1644823249 individuals_ID0000067 JOB_TERMINATED 873.0 condorpool - 179
1644823254 individuals_ID0000067 JOB_SUCCESS 0 condorpool - 179
1644823254 individuals_ID0000067 POST_SCRIPT_STARTED 873.0 condorpool - 179
1644823249 individuals_ID0000023 POST_SCRIPT_TERMINATED 872.0 condorpool - 178
1644823254 individuals_ID0000023 POST_SCRIPT_SUCCESS 0 condorpool - 178
1644823254 individuals_ID0000067 POST_SCRIPT_TERMINATED 873.0 condorpool - 179
1644823259 individuals_ID0000067 POST_SCRIPT_SUCCESS 0 condorpool - 179
1644823280 individuals_ID0000025 JOB_TERMINATED 876.0 condorpool - 182
1644823284 individuals_ID0000025 JOB_SUCCESS 0 condorpool - 182
1644823284 individuals_ID0000025 POST_SCRIPT_STARTED 876.0 condorpool - 182
1644823285 individuals_ID0000025 POST_SCRIPT_TERMINATED 876.0 condorpool - 182
1644823289 individuals_ID0000025 POST_SCRIPT_SUCCESS 0 condorpool - 182
1644823392 individuals_ID0000065 JOB_TERMINATED 883.0 condorpool - 189
1644823394 individuals_ID0000065 JOB_SUCCESS 0 condorpool - 189
1644823394 individuals_ID0000065 POST_SCRIPT_STARTED 883.0 condorpool - 189
1644823392 individuals_ID0000020 JOB_TERMINATED 880.0 condorpool - 186
1644823394 individuals_ID0000020 JOB_SUCCESS 0 condorpool - 186
1644823394 individuals_ID0000020 POST_SCRIPT_STARTED 880.0 condorpool - 186
1644823394 individuals_ID0000064 JOB_TERMINATED 881.0 condorpool - 187
1644823399 individuals_ID0000064 JOB_SUCCESS 0 condorpool - 187
1644823399 individuals_ID0000064 POST_SCRIPT_STARTED 881.0 condorpool - 187
1644823394 individuals_ID0000020 POST_SCRIPT_TERMINATED 880.0 condorpool - 186
1644823399 individuals_ID0000020 POST_SCRIPT_SUCCESS 0 condorpool - 186
1644823394 individuals_ID0000065 POST_SCRIPT_TERMINATED 883.0 condorpool - 189
1644823399 individuals_ID0000065 POST_SCRIPT_SUCCESS 0 condorpool - 189
1644823395 individuals_ID0000021 JOB_TERMINATED 882.0 condorpool - 188
1644823399 individuals_ID0000021 JOB_SUCCESS 0 condorpool - 188
1644823399 individuals_ID0000021 POST_SCRIPT_STARTED 882.0 condorpool - 188
1644823397 individuals_ID0000062 JOB_TERMINATED 878.0 condorpool - 184
1644823399 individuals_ID0000062 JOB_SUCCESS 0 condorpool - 184
1644823399 individuals_ID0000062 POST_SCRIPT_STARTED 878.0 condorpool - 184
1644823400 individuals_ID0000062 POST_SCRIPT_TERMINATED 878.0 condorpool - 184
1644823404 individuals_ID0000062 POST_SCRIPT_SUCCESS 0 condorpool - 184
1644823400 individuals_ID0000064 POST_SCRIPT_TERMINATED 881.0 condorpool - 187
1644823404 individuals_ID0000064 POST_SCRIPT_SUCCESS 0 condorpool - 187
1644823400 individuals_ID0000021 POST_SCRIPT_TERMINATED 882.0 condorpool - 188
1644823404 individuals_ID0000021 POST_SCRIPT_SUCCESS 0 condorpool - 188
1644823401 individuals_ID0000063 JOB_TERMINATED 879.0 condorpool - 185
1644823404 individuals_ID0000063 JOB_SUCCESS 0 condorpool - 185
1644823404 individuals_ID0000063 POST_SCRIPT_STARTED 879.0 condorpool - 185
1644823404 individuals_ID0000063 POST_SCRIPT_TERMINATED 879.0 condorpool - 185
1644823409 individuals_ID0000063 POST_SCRIPT_SUCCESS 0 condorpool - 185
1644823404 individuals_ID0000069 JOB_TERMINATED 877.0 condorpool - 183
1644823409 individuals_ID0000069 JOB_SUCCESS 0 condorpool - 183
1644823409 individuals_ID0000069 POST_SCRIPT_STARTED 877.0 condorpool - 183
1644823409 individuals_ID0000069 POST_SCRIPT_TERMINATED 877.0 condorpool - 183
1644823414 individuals_ID0000069 POST_SCRIPT_SUCCESS 0 condorpool - 183
1644823419 individuals_merge_ID0000076 SUBMIT 887.0 condorpool - 193
1644823426 individuals_merge_ID0000076 EXECUTE 887.0 condorpool - 193
1644829699 individuals_merge_ID0000076 JOB_TERMINATED 887.0 condorpool - 193
1644829699 individuals_merge_ID0000076 JOB_SUCCESS 0 condorpool - 193
1644829699 individuals_merge_ID0000076 POST_SCRIPT_STARTED 887.0 condorpool - 193
1644829700 individuals_merge_ID0000076 POST_SCRIPT_TERMINATED 887.0 condorpool - 193
1644829704 individuals_merge_ID0000076 POST_SCRIPT_SUCCESS 0 condorpool - 193
1644829709 frequency_ID0000083 SUBMIT 888.0 condorpool - 194
1644829709 mutation_overlap_ID0000080 SUBMIT 889.0 condorpool - 195
1644829709 frequency_ID0000085 SUBMIT 890.0 condorpool - 196
1644829709 mutation_overlap_ID0000090 SUBMIT 891.0 condorpool - 197
1644829709 frequency_ID0000091 SUBMIT 892.0 condorpool - 198
1644829710 frequency_ID0000083 EXECUTE 888.0 condorpool - 194
1644829710 mutation_overlap_ID0000080 EXECUTE 889.0 condorpool - 195
1644829714 frequency_ID0000081 SUBMIT 893.0 condorpool - 199
1644829714 mutation_overlap_ID0000086 SUBMIT 894.0 condorpool - 200
1644829714 frequency_ID0000079 SUBMIT 895.0 condorpool - 201
1644829714 mutation_overlap_ID0000088 SUBMIT 896.0 condorpool - 202
1644829714 mutation_overlap_ID0000082 SUBMIT 897.0 condorpool - 203
1644829719 frequency_ID0000087 SUBMIT 898.0 condorpool - 204
1644829719 mutation_overlap_ID0000084 SUBMIT 899.0 condorpool - 205
1644829719 frequency_ID0000089 SUBMIT 900.0 condorpool - 206
1644829719 mutation_overlap_ID0000078 SUBMIT 901.0 condorpool - 207
1644829730 frequency_ID0000085 EXECUTE 890.0 condorpool - 196
1644829731 frequency_ID0000087 EXECUTE 898.0 condorpool - 204
1644829731 mutation_overlap_ID0000090 EXECUTE 891.0 condorpool - 197
1644829731 mutation_overlap_ID0000078 EXECUTE 901.0 condorpool - 207
1644829732 frequency_ID0000089 EXECUTE 900.0 condorpool - 206
1644829732 mutation_overlap_ID0000082 EXECUTE 897.0 condorpool - 203
1644829732 mutation_overlap_ID0000084 EXECUTE 899.0 condorpool - 205
1644829732 mutation_overlap_ID0000088 EXECUTE 896.0 condorpool - 202
1644829732 frequency_ID0000091 EXECUTE 892.0 condorpool - 198
1644829732 frequency_ID0000081 EXECUTE 893.0 condorpool - 199
1644829732 mutation_overlap_ID0000086 EXECUTE 894.0 condorpool - 200
1644829732 frequency_ID0000079 EXECUTE 895.0 condorpool - 201
1644829915 mutation_overlap_ID0000080 JOB_TERMINATED 889.0 condorpool - 195
1644829920 mutation_overlap_ID0000080 JOB_SUCCESS 0 condorpool - 195
1644829920 mutation_overlap_ID0000080 POST_SCRIPT_STARTED 889.0 condorpool - 195
1644829920 mutation_overlap_ID0000080 POST_SCRIPT_TERMINATED 889.0 condorpool - 195
1644829925 mutation_overlap_ID0000080 POST_SCRIPT_SUCCESS 0 condorpool - 195
1644829931 mutation_overlap_ID0000090 JOB_TERMINATED 891.0 condorpool - 197
1644829935 mutation_overlap_ID0000090 JOB_SUCCESS 0 condorpool - 197
1644829935 mutation_overlap_ID0000090 POST_SCRIPT_STARTED 891.0 condorpool - 197
1644829935 mutation_overlap_ID0000090 POST_SCRIPT_TERMINATED 891.0 condorpool - 197
1644829940 mutation_overlap_ID0000090 POST_SCRIPT_SUCCESS 0 condorpool - 197
1644829938 mutation_overlap_ID0000088 JOB_TERMINATED 896.0 condorpool - 202
1644829940 mutation_overlap_ID0000088 JOB_SUCCESS 0 condorpool - 202
1644829940 mutation_overlap_ID0000088 POST_SCRIPT_STARTED 896.0 condorpool - 202
1644829940 mutation_overlap_ID0000086 JOB_TERMINATED 894.0 condorpool - 200
1644829940 mutation_overlap_ID0000086 JOB_SUCCESS 0 condorpool - 200
1644829940 mutation_overlap_ID0000086 POST_SCRIPT_STARTED 894.0 condorpool - 200
1644829940 mutation_overlap_ID0000088 POST_SCRIPT_TERMINATED 896.0 condorpool - 202
1644829945 mutation_overlap_ID0000088 POST_SCRIPT_SUCCESS 0 condorpool - 202
1644829940 mutation_overlap_ID0000086 POST_SCRIPT_TERMINATED 894.0 condorpool - 200
1644829945 mutation_overlap_ID0000086 POST_SCRIPT_SUCCESS 0 condorpool - 200
1644829940 mutation_overlap_ID0000078 JOB_TERMINATED 901.0 condorpool - 207
1644829945 mutation_overlap_ID0000078 JOB_SUCCESS 0 condorpool - 207
1644829945 mutation_overlap_ID0000078 POST_SCRIPT_STARTED 901.0 condorpool - 207
1644829941 mutation_overlap_ID0000084 JOB_TERMINATED 899.0 condorpool - 205
1644829945 mutation_overlap_ID0000084 JOB_SUCCESS 0 condorpool - 205
1644829945 mutation_overlap_ID0000084 POST_SCRIPT_STARTED 899.0 condorpool - 205
1644829945 mutation_overlap_ID0000084 POST_SCRIPT_TERMINATED 899.0 condorpool - 205
1644829950 mutation_overlap_ID0000084 POST_SCRIPT_SUCCESS 0 condorpool - 205
1644829945 mutation_overlap_ID0000078 POST_SCRIPT_TERMINATED 901.0 condorpool - 207
1644829950 mutation_overlap_ID0000078 POST_SCRIPT_SUCCESS 0 condorpool - 207
1644830007 mutation_overlap_ID0000082 JOB_TERMINATED 897.0 condorpool - 203
1644830011 mutation_overlap_ID0000082 JOB_SUCCESS 0 condorpool - 203
1644830011 mutation_overlap_ID0000082 POST_SCRIPT_STARTED 897.0 condorpool - 203
1644830011 mutation_overlap_ID0000082 POST_SCRIPT_TERMINATED 897.0 condorpool - 203
1644830016 mutation_overlap_ID0000082 POST_SCRIPT_SUCCESS 0 condorpool - 203
1644830476 frequency_ID0000089 JOB_TERMINATED 900.0 condorpool - 206
1644830476 frequency_ID0000089 JOB_SUCCESS 0 condorpool - 206
1644830476 frequency_ID0000089 POST_SCRIPT_STARTED 900.0 condorpool - 206
1644830477 frequency_ID0000089 POST_SCRIPT_TERMINATED 900.0 condorpool - 206
1644830481 frequency_ID0000089 POST_SCRIPT_SUCCESS 0 condorpool - 206
1644830484 frequency_ID0000087 JOB_TERMINATED 898.0 condorpool - 204
1644830486 frequency_ID0000087 JOB_SUCCESS 0 condorpool - 204
1644830486 frequency_ID0000087 POST_SCRIPT_STARTED 898.0 condorpool - 204
1644830486 frequency_ID0000087 POST_SCRIPT_TERMINATED 898.0 condorpool - 204
1644830491 frequency_ID0000087 POST_SCRIPT_SUCCESS 0 condorpool - 204
1644830505 frequency_ID0000085 JOB_TERMINATED 890.0 condorpool - 196
1644830506 frequency_ID0000085 JOB_SUCCESS 0 condorpool - 196
1644830506 frequency_ID0000085 POST_SCRIPT_STARTED 890.0 condorpool - 196
1644830507 frequency_ID0000085 POST_SCRIPT_TERMINATED 890.0 condorpool - 196
1644830511 frequency_ID0000085 POST_SCRIPT_SUCCESS 0 condorpool - 196
1644830543 frequency_ID0000091 JOB_TERMINATED 892.0 condorpool - 198
1644830546 frequency_ID0000091 JOB_SUCCESS 0 condorpool - 198
1644830546 frequency_ID0000091 POST_SCRIPT_STARTED 892.0 condorpool - 198
1644830546 frequency_ID0000091 POST_SCRIPT_TERMINATED 892.0 condorpool - 198
1644830551 frequency_ID0000091 POST_SCRIPT_SUCCESS 0 condorpool - 198
1644830582 frequency_ID0000083 JOB_TERMINATED 888.0 condorpool - 194
1644830586 frequency_ID0000083 JOB_SUCCESS 0 condorpool - 194
1644830586 frequency_ID0000083 POST_SCRIPT_STARTED 888.0 condorpool - 194
1644830587 frequency_ID0000083 POST_SCRIPT_TERMINATED 888.0 condorpool - 194
1644830591 frequency_ID0000083 POST_SCRIPT_SUCCESS 0 condorpool - 194
1644830596 stage_out_local_local_2_0 SUBMIT 902.0 local - 208
1644830596 stage_out_local_local_2_0 EXECUTE 902.0 local - 208
1644830600 stage_out_local_local_2_0 JOB_TERMINATED 902.0 local - 208
1644830601 stage_out_local_local_2_0 JOB_SUCCESS 0 local - 208
1644830601 stage_out_local_local_2_0 POST_SCRIPT_STARTED 902.0 local - 208
1644830601 stage_out_local_local_2_0 POST_SCRIPT_TERMINATED 902.0 local - 208
1644830606 stage_out_local_local_2_0 POST_SCRIPT_SUCCESS 0 local - 208
1644830642 frequency_ID0000081 JOB_TERMINATED 893.0 condorpool - 199
1644830646 frequency_ID0000081 JOB_SUCCESS 0 condorpool - 199
1644830646 frequency_ID0000081 POST_SCRIPT_STARTED 893.0 condorpool - 199
1644830646 frequency_ID0000081 POST_SCRIPT_TERMINATED 893.0 condorpool - 199
1644830651 frequency_ID0000081 POST_SCRIPT_SUCCESS 0 condorpool - 199
1644830739 frequency_ID0000079 JOB_TERMINATED 895.0 condorpool - 201
1644830741 frequency_ID0000079 JOB_SUCCESS 0 condorpool - 201
1644830741 frequency_ID0000079 POST_SCRIPT_STARTED 895.0 condorpool - 201
1644830742 frequency_ID0000079 POST_SCRIPT_TERMINATED 895.0 condorpool - 201
1644830746 frequency_ID0000079 POST_SCRIPT_SUCCESS 0 condorpool - 201
1644830751 stage_out_local_local_2_1 SUBMIT 903.0 local - 209
1644830751 stage_out_local_local_2_1 EXECUTE 903.0 local - 209
1644830755 stage_out_local_local_2_1 JOB_TERMINATED 903.0 local - 209
1644830756 stage_out_local_local_2_1 JOB_SUCCESS 0 local - 209
1644830756 stage_out_local_local_2_1 POST_SCRIPT_STARTED 903.0 local - 209
1644830756 stage_out_local_local_2_1 POST_SCRIPT_TERMINATED 903.0 local - 209
1644830761 stage_out_local_local_2_1 POST_SCRIPT_SUCCESS 0 local - 209
1644830766 cleanup_1000-genome_0_local SUBMIT 904.0 local - 210
1644830766 cleanup_1000-genome_0_local EXECUTE 904.0 local - 210
1644830769 cleanup_1000-genome_0_local JOB_TERMINATED 904.0 local - 210
1644830771 cleanup_1000-genome_0_local JOB_SUCCESS 0 local - 210
1644830771 cleanup_1000-genome_0_local POST_SCRIPT_STARTED 904.0 local - 210
1644830771 cleanup_1000-genome_0_local POST_SCRIPT_TERMINATED 904.0 local - 210
1644830776 cleanup_1000-genome_0_local POST_SCRIPT_SUCCESS 0 local - 210
1644830776 INTERNAL *** DAGMAN_FINISHED 0 ***
1644830777 INTERNAL *** MONITORD_FINISHED 0 ***
