1644831191 INTERNAL *** MONITORD_STARTED ***
1644831190 INTERNAL *** DAGMAN_STARTED 905.0 ***
1644831194 create_dir_1000-genome_0_local SUBMIT 906.0 local - 211
1644831195 create_dir_1000-genome_0_local EXECUTE 906.0 local - 211
1644831197 create_dir_1000-genome_0_local JOB_TERMINATED 906.0 local - 211
1644831199 create_dir_1000-genome_0_local JOB_SUCCESS 0 local - 211
1644831199 create_dir_1000-genome_0_local POST_SCRIPT_STARTED 906.0 local - 211
1644831199 create_dir_1000-genome_0_local POST_SCRIPT_TERMINATED 906.0 local - 211
1644831204 create_dir_1000-genome_0_local POST_SCRIPT_SUCCESS 0 local - 211
1644831209 stage_in_remote_local_2_0 SUBMIT 907.0 local - 212
1644831209 stage_in_remote_local_2_0 EXECUTE 907.0 local - 212
1644831209 stage_in_remote_local_1_0 SUBMIT 908.0 local - 213
1644831209 stage_in_remote_local_0_0 SUBMIT 909.0 local - 214
1644831209 stage_in_local_local_0_0 SUBMIT 910.0 local - 215
1644831209 stage_in_local_local_2_0 SUBMIT 911.0 local - 216
1644831211 stage_in_remote_local_2_0 JOB_TERMINATED 907.0 local - 212
1644831214 stage_in_remote_local_2_0 JOB_SUCCESS 0 local - 212
1644831214 stage_in_remote_local_2_0 POST_SCRIPT_STARTED 907.0 local - 212
1644831211 stage_in_local_local_0_0 EXECUTE 910.0 local - 215
1644831211 stage_in_remote_local_0_0 EXECUTE 909.0 local - 214
1644831211 stage_in_remote_local_1_0 EXECUTE 908.0 local - 213
1644831211 stage_in_local_local_2_0 EXECUTE 911.0 local - 216
1644831214 stage_in_local_local_0_0 JOB_TERMINATED 910.0 local - 215
1644831214 stage_in_local_local_0_0 JOB_SUCCESS 0 local - 215
1644831214 stage_in_local_local_0_0 POST_SCRIPT_STARTED 910.0 local - 215
1644831214 stage_in_remote_local_1_0 JOB_TERMINATED 908.0 local - 213
1644831214 stage_in_remote_local_1_0 JOB_SUCCESS 0 local - 213
1644831214 stage_in_remote_local_1_0 POST_SCRIPT_STARTED 908.0 local - 213
1644831214 stage_in_remote_local_0_0 JOB_TERMINATED 909.0 local - 214
1644831214 stage_in_remote_local_0_0 JOB_SUCCESS 0 local - 214
1644831214 stage_in_remote_local_0_0 POST_SCRIPT_STARTED 909.0 local - 214
1644831214 stage_in_remote_local_0_1 SUBMIT 912.0 local - 217
1644831214 stage_in_remote_local_0_1 EXECUTE 912.0 local - 217
1644831214 stage_in_local_local_0_1 SUBMIT 913.0 local - 218
1644831214 stage_in_local_local_0_1 EXECUTE 913.0 local - 218
1644831214 stage_in_remote_local_2_1 SUBMIT 914.0 local - 219
1644831214 stage_in_remote_local_2_1 EXECUTE 914.0 local - 219
1644831214 stage_in_local_local_2_1 SUBMIT 915.0 local - 220
1644831214 stage_in_local_local_0_2 SUBMIT 916.0 local - 221
1644831215 stage_in_remote_local_0_0 POST_SCRIPT_TERMINATED 909.0 local - 214
1644831219 stage_in_remote_local_0_0 POST_SCRIPT_SUCCESS 0 local - 214
1644831215 stage_in_remote_local_1_0 POST_SCRIPT_TERMINATED 908.0 local - 213
1644831219 stage_in_remote_local_1_0 POST_SCRIPT_SUCCESS 0 local - 213
1644831215 stage_in_remote_local_2_0 POST_SCRIPT_TERMINATED 907.0 local - 212
1644831219 stage_in_remote_local_2_0 POST_SCRIPT_SUCCESS 0 local - 212
1644831215 stage_in_local_local_0_0 POST_SCRIPT_TERMINATED 910.0 local - 215
1644831219 stage_in_local_local_0_0 POST_SCRIPT_SUCCESS 0 local - 215
1644831216 stage_in_local_local_2_0 JOB_TERMINATED 911.0 local - 216
1644831219 stage_in_local_local_2_0 JOB_SUCCESS 0 local - 216
1644831219 stage_in_local_local_2_0 POST_SCRIPT_STARTED 911.0 local - 216
1644831216 stage_in_local_local_0_2 EXECUTE 916.0 local - 221
1644831216 stage_in_local_local_2_1 EXECUTE 915.0 local - 220
1644831216 stage_in_remote_local_0_1 JOB_TERMINATED 912.0 local - 217
1644831219 stage_in_remote_local_0_1 JOB_SUCCESS 0 local - 217
1644831219 stage_in_remote_local_0_1 POST_SCRIPT_STARTED 912.0 local - 217
1644831217 stage_in_remote_local_2_1 JOB_TERMINATED 914.0 local - 219
1644831219 stage_in_remote_local_2_1 JOB_SUCCESS 0 local - 219
1644831219 stage_in_remote_local_2_1 POST_SCRIPT_STARTED 914.0 local - 219
1644831217 stage_in_local_local_0_1 JOB_TERMINATED 913.0 local - 218
1644831219 stage_in_local_local_0_1 JOB_SUCCESS 0 local - 218
1644831219 stage_in_local_local_0_1 POST_SCRIPT_STARTED 913.0 local - 218
1644831218 stage_in_local_local_0_2 JOB_TERMINATED 916.0 local - 221
1644831219 stage_in_local_local_0_2 JOB_SUCCESS 0 local - 221
1644831219 stage_in_local_local_0_2 POST_SCRIPT_STARTED 916.0 local - 221
1644831219 stage_in_remote_local_2_1 POST_SCRIPT_TERMINATED 914.0 local - 219
1644831224 stage_in_remote_local_2_1 POST_SCRIPT_SUCCESS 0 local - 219
1644831219 stage_in_local_local_0_1 POST_SCRIPT_TERMINATED 913.0 local - 218
1644831224 stage_in_local_local_0_1 POST_SCRIPT_SUCCESS 0 local - 218
1644831219 stage_in_local_local_2_0 POST_SCRIPT_TERMINATED 911.0 local - 216
1644831224 stage_in_local_local_2_0 POST_SCRIPT_SUCCESS 0 local - 216
1644831219 stage_in_remote_local_0_1 POST_SCRIPT_TERMINATED 912.0 local - 217
1644831224 stage_in_remote_local_0_1 POST_SCRIPT_SUCCESS 0 local - 217
1644831219 stage_in_local_local_0_2 POST_SCRIPT_TERMINATED 916.0 local - 221
1644831224 stage_in_local_local_0_2 POST_SCRIPT_SUCCESS 0 local - 221
1644831220 stage_in_local_local_2_1 JOB_TERMINATED 915.0 local - 220
1644831224 stage_in_local_local_2_1 JOB_SUCCESS 0 local - 220
1644831224 stage_in_local_local_2_1 POST_SCRIPT_STARTED 915.0 local - 220
1644831224 stage_in_local_local_2_1 POST_SCRIPT_TERMINATED 915.0 local - 220
1644831229 stage_in_local_local_2_1 POST_SCRIPT_SUCCESS 0 local - 220
1644831229 individuals_ID0000037 SUBMIT 917.0 condorpool - 222
1644831229 individuals_ID0000038 SUBMIT 918.0 condorpool - 223
1644831229 individuals_ID0000039 SUBMIT 919.0 condorpool - 224
1644831229 individuals_ID0000033 SUBMIT 920.0 condorpool - 225
1644831229 individuals_ID0000034 SUBMIT 921.0 condorpool - 226
1644831234 individuals_ID0000035 SUBMIT 922.0 condorpool - 227
1644831234 individuals_ID0000036 SUBMIT 923.0 condorpool - 228
1644831234 individuals_ID0000073 SUBMIT 924.0 condorpool - 229
1644831235 individuals_ID0000030 SUBMIT 925.0 condorpool - 230
1644831235 individuals_ID0000074 SUBMIT 926.0 condorpool - 231
1644831240 individuals_ID0000031 SUBMIT 927.0 condorpool - 232
1644831240 individuals_ID0000075 SUBMIT 928.0 condorpool - 233
1644831240 individuals_ID0000032 SUBMIT 929.0 condorpool - 234
1644831240 individuals_ID0000070 SUBMIT 930.0 condorpool - 235
1644831240 individuals_ID0000071 SUBMIT 931.0 condorpool - 236
1644831245 individuals_ID0000072 SUBMIT 932.0 condorpool - 237
1644831245 individuals_ID0000004 SUBMIT 933.0 condorpool - 238
1644831245 individuals_ID0000048 SUBMIT 934.0 condorpool - 239
1644831245 individuals_ID0000005 SUBMIT 935.0 condorpool - 240
1644831245 individuals_ID0000049 SUBMIT 936.0 condorpool - 241
1644831250 individuals_ID0000006 SUBMIT 937.0 condorpool - 242
1644831250 individuals_ID0000007 SUBMIT 938.0 condorpool - 243
1644831250 individuals_ID0000044 SUBMIT 939.0 condorpool - 244
1644831250 individuals_ID0000001 SUBMIT 940.0 condorpool - 245
1644831250 individuals_ID0000045 SUBMIT 941.0 condorpool - 246
1644831255 individuals_ID0000002 SUBMIT 942.0 condorpool - 247
1644831255 individuals_ID0000046 SUBMIT 943.0 condorpool - 248
1644831255 individuals_ID0000003 SUBMIT 944.0 condorpool - 249
1644831255 individuals_ID0000047 SUBMIT 945.0 condorpool - 250
1644831255 individuals_ID0000008 SUBMIT 946.0 condorpool - 251
1644831260 individuals_ID0000009 SUBMIT 947.0 condorpool - 252
1644831261 individuals_ID0000040 SUBMIT 948.0 condorpool - 253
1644831261 individuals_ID0000041 SUBMIT 949.0 condorpool - 254
1644831261 individuals_ID0000042 SUBMIT 950.0 condorpool - 255
1644831261 individuals_ID0000043 SUBMIT 951.0 condorpool - 256
1644831266 individuals_ID0000015 SUBMIT 952.0 condorpool - 257
1644831266 individuals_ID0000059 SUBMIT 953.0 condorpool - 258
1644831266 individuals_ID0000016 SUBMIT 954.0 condorpool - 259
1644831266 individuals_ID0000017 SUBMIT 955.0 condorpool - 260
1644831266 individuals_ID0000018 SUBMIT 956.0 condorpool - 261
1644831269 individuals_ID0000037 EXECUTE 917.0 condorpool - 222
1644831271 individuals_ID0000011 SUBMIT 957.0 condorpool - 262
1644831271 individuals_ID0000055 SUBMIT 958.0 condorpool - 263
1644831271 individuals_ID0000012 SUBMIT 959.0 condorpool - 264
1644831271 individuals_ID0000056 SUBMIT 960.0 condorpool - 265
1644831271 individuals_ID0000039 EXECUTE 919.0 condorpool - 224
1644831271 individuals_ID0000013 SUBMIT 961.0 condorpool - 266
1644831272 individuals_ID0000032 EXECUTE 929.0 condorpool - 234
1644831274 individuals_ID0000036 EXECUTE 923.0 condorpool - 228
1644831274 individuals_ID0000035 EXECUTE 922.0 condorpool - 227
1644831275 individuals_ID0000034 EXECUTE 921.0 condorpool - 226
1644831276 individuals_ID0000030 EXECUTE 925.0 condorpool - 230
1644831276 individuals_ID0000074 EXECUTE 926.0 condorpool - 231
1644831276 individuals_ID0000057 SUBMIT 962.0 condorpool - 267
1644831276 individuals_ID0000014 SUBMIT 963.0 condorpool - 268
1644831276 individuals_ID0000058 SUBMIT 964.0 condorpool - 269
1644831276 individuals_ID0000019 SUBMIT 965.0 condorpool - 270
1644831276 individuals_ID0000051 SUBMIT 966.0 condorpool - 271
1644831281 individuals_ID0000052 SUBMIT 967.0 condorpool - 272
1644831281 individuals_ID0000053 SUBMIT 968.0 condorpool - 273
1644831281 individuals_ID0000010 SUBMIT 969.0 condorpool - 274
1644831282 individuals_ID0000054 SUBMIT 970.0 condorpool - 275
1644831282 individuals_ID0000050 SUBMIT 971.0 condorpool - 276
1644831282 individuals_ID0000070 EXECUTE 930.0 condorpool - 235
1644831287 individuals_ID0000026 SUBMIT 972.0 condorpool - 277
1644831287 individuals_ID0000027 SUBMIT 973.0 condorpool - 278
1644831287 individuals_ID0000028 SUBMIT 974.0 condorpool - 279
1644831287 individuals_ID0000029 SUBMIT 975.0 condorpool - 280
1644831287 individuals_ID0000022 SUBMIT 976.0 condorpool - 281
1644831292 individuals_ID0000066 SUBMIT 977.0 condorpool - 282
1644831292 individuals_ID0000023 SUBMIT 978.0 condorpool - 283
1644831292 individuals_ID0000067 SUBMIT 979.0 condorpool - 284
1644831292 individuals_ID0000024 SUBMIT 980.0 condorpool - 285
1644831292 individuals_ID0000068 SUBMIT 981.0 condorpool - 286
1644831297 individuals_ID0000025 SUBMIT 982.0 condorpool - 287
1644831297 individuals_ID0000069 SUBMIT 983.0 condorpool - 288
1644831297 individuals_ID0000062 SUBMIT 984.0 condorpool - 289
1644831297 individuals_ID0000063 SUBMIT 985.0 condorpool - 290
1644831297 individuals_ID0000020 SUBMIT 986.0 condorpool - 291
1644831298 individuals_ID0000038 EXECUTE 918.0 condorpool - 223
1644831300 individuals_ID0000071 EXECUTE 931.0 condorpool - 236
1644831302 individuals_ID0000064 SUBMIT 987.0 condorpool - 292
1644831302 individuals_ID0000021 SUBMIT 988.0 condorpool - 293
1644831302 individuals_ID0000065 SUBMIT 989.0 condorpool - 294
1644831302 individuals_ID0000060 SUBMIT 990.0 condorpool - 295
1644831302 individuals_ID0000061 SUBMIT 991.0 condorpool - 296
1644831302 individuals_ID0000005 EXECUTE 935.0 condorpool - 240
1644831308 sifting_ID0000077 SUBMIT 992.0 condorpool - 297
1644831313 individuals_ID0000073 EXECUTE 924.0 condorpool - 229
1644831314 individuals_ID0000033 EXECUTE 920.0 condorpool - 225
1644831321 individuals_ID0000048 EXECUTE 934.0 condorpool - 239
1644831323 individuals_ID0000004 EXECUTE 933.0 condorpool - 238
1644831328 individuals_ID0000031 EXECUTE 927.0 condorpool - 232
1644831328 individuals_ID0000072 EXECUTE 932.0 condorpool - 237
1644831336 individuals_ID0000045 EXECUTE 941.0 condorpool - 246
1644831342 individuals_ID0000075 EXECUTE 928.0 condorpool - 233
1644831349 individuals_ID0000046 EXECUTE 943.0 condorpool - 248
1644831351 individuals_ID0000002 EXECUTE 942.0 condorpool - 247
1644831360 individuals_ID0000040 EXECUTE 948.0 condorpool - 253
1644831360 individuals_ID0000006 EXECUTE 937.0 condorpool - 242
1644831364 individuals_ID0000003 EXECUTE 944.0 condorpool - 249
1644831375 individuals_ID0000001 EXECUTE 940.0 condorpool - 245
1644831378 individuals_ID0000049 EXECUTE 936.0 condorpool - 241
1644831383 individuals_ID0000047 EXECUTE 945.0 condorpool - 250
1644831384 individuals_ID0000009 EXECUTE 947.0 condorpool - 252
1644831388 individuals_ID0000008 EXECUTE 946.0 condorpool - 251
1644831391 individuals_ID0000007 EXECUTE 938.0 condorpool - 243
1644831393 individuals_ID0000044 EXECUTE 939.0 condorpool - 244
1644831786 individuals_ID0000001 JOB_TERMINATED 940.0 condorpool - 245
1644831788 individuals_ID0000001 JOB_SUCCESS 0 condorpool - 245
1644831788 individuals_ID0000001 POST_SCRIPT_STARTED 940.0 condorpool - 245
1644831788 individuals_ID0000001 POST_SCRIPT_TERMINATED 940.0 condorpool - 245
1644831793 individuals_ID0000001 POST_SCRIPT_SUCCESS 0 condorpool - 245
1644831794 individuals_ID0000041 EXECUTE 949.0 condorpool - 254
1644832084 individuals_ID0000045 JOB_TERMINATED 941.0 condorpool - 246
1644832088 individuals_ID0000045 JOB_SUCCESS 0 condorpool - 246
1644832088 individuals_ID0000045 POST_SCRIPT_STARTED 941.0 condorpool - 246
1644832089 individuals_ID0000045 POST_SCRIPT_TERMINATED 941.0 condorpool - 246
1644832093 individuals_ID0000045 POST_SCRIPT_SUCCESS 0 condorpool - 246
1644832092 individuals_ID0000042 EXECUTE 950.0 condorpool - 255
1644832109 individuals_ID0000046 JOB_TERMINATED 943.0 condorpool - 248
1644832113 individuals_ID0000046 JOB_SUCCESS 0 condorpool - 248
1644832113 individuals_ID0000046 POST_SCRIPT_STARTED 943.0 condorpool - 248
1644832111 individuals_ID0000002 JOB_TERMINATED 942.0 condorpool - 247
1644832113 individuals_ID0000002 JOB_SUCCESS 0 condorpool - 247
1644832113 individuals_ID0000002 POST_SCRIPT_STARTED 942.0 condorpool - 247
1644832113 individuals_ID0000003 JOB_TERMINATED 944.0 condorpool - 249
1644832113 individuals_ID0000003 JOB_SUCCESS 0 condorpool - 249
1644832113 individuals_ID0000003 POST_SCRIPT_STARTED 944.0 condorpool - 249
1644832113 individuals_ID0000003 POST_SCRIPT_TERMINATED 944.0 condorpool - 249
1644832118 individuals_ID0000003 POST_SCRIPT_SUCCESS 0 condorpool - 249
1644832113 individuals_ID0000046 POST_SCRIPT_TERMINATED 943.0 condorpool - 248
1644832118 individuals_ID0000046 POST_SCRIPT_SUCCESS 0 condorpool - 248
1644832113 individuals_ID0000002 POST_SCRIPT_TERMINATED 942.0 condorpool - 247
1644832118 individuals_ID0000002 POST_SCRIPT_SUCCESS 0 condorpool - 247
1644832119 individuals_ID0000043 EXECUTE 951.0 condorpool - 256
1644832123 individuals_ID0000015 EXECUTE 952.0 condorpool - 257
1644832124 individuals_ID0000059 EXECUTE 953.0 condorpool - 258
1644832187 individuals_ID0000034 JOB_TERMINATED 921.0 condorpool - 226
1644832188 individuals_ID0000034 JOB_SUCCESS 0 condorpool - 226
1644832188 individuals_ID0000034 POST_SCRIPT_STARTED 921.0 condorpool - 226
1644832187 individuals_ID0000036 JOB_TERMINATED 923.0 condorpool - 228
1644832188 individuals_ID0000036 JOB_SUCCESS 0 condorpool - 228
1644832188 individuals_ID0000036 POST_SCRIPT_STARTED 923.0 condorpool - 228
1644832189 individuals_ID0000036 POST_SCRIPT_TERMINATED 923.0 condorpool - 228
1644832193 individuals_ID0000036 POST_SCRIPT_SUCCESS 0 condorpool - 228
1644832189 individuals_ID0000034 POST_SCRIPT_TERMINATED 921.0 condorpool - 226
1644832193 individuals_ID0000034 POST_SCRIPT_SUCCESS 0 condorpool - 226
1644832197 individuals_ID0000017 EXECUTE 955.0 condorpool - 260
1644832197 individuals_ID0000016 EXECUTE 954.0 condorpool - 259
1644832199 individuals_ID0000035 JOB_TERMINATED 922.0 condorpool - 227
1644832203 individuals_ID0000035 JOB_SUCCESS 0 condorpool - 227
1644832203 individuals_ID0000035 POST_SCRIPT_STARTED 922.0 condorpool - 227
1644832203 individuals_ID0000035 POST_SCRIPT_TERMINATED 922.0 condorpool - 227
1644832208 individuals_ID0000035 POST_SCRIPT_SUCCESS 0 condorpool - 227
1644832203 individuals_ID0000073 JOB_TERMINATED 924.0 condorpool - 229
1644832208 individuals_ID0000073 JOB_SUCCESS 0 condorpool - 229
1644832208 individuals_ID0000073 POST_SCRIPT_STARTED 924.0 condorpool - 229
1644832209 individuals_ID0000073 POST_SCRIPT_TERMINATED 924.0 condorpool - 229
1644832213 individuals_ID0000073 POST_SCRIPT_SUCCESS 0 condorpool - 229
1644832211 individuals_ID0000018 EXECUTE 956.0 condorpool - 261
1644832213 individuals_ID0000011 EXECUTE 957.0 condorpool - 262
1644832227 individuals_ID0000037 JOB_TERMINATED 917.0 condorpool - 222
1644832228 individuals_ID0000037 JOB_SUCCESS 0 condorpool - 222
1644832228 individuals_ID0000037 POST_SCRIPT_STARTED 917.0 condorpool - 222
1644832228 individuals_ID0000037 POST_SCRIPT_TERMINATED 917.0 condorpool - 222
1644832233 individuals_ID0000037 POST_SCRIPT_SUCCESS 0 condorpool - 222
1644832240 individuals_ID0000030 JOB_TERMINATED 925.0 condorpool - 230
1644832243 individuals_ID0000030 JOB_SUCCESS 0 condorpool - 230
1644832243 individuals_ID0000030 POST_SCRIPT_STARTED 925.0 condorpool - 230
1644832243 individuals_ID0000030 POST_SCRIPT_TERMINATED 925.0 condorpool - 230
1644832248 individuals_ID0000030 POST_SCRIPT_SUCCESS 0 condorpool - 230
1644832243 individuals_ID0000055 EXECUTE 958.0 condorpool - 263
1644832250 individuals_ID0000074 JOB_TERMINATED 926.0 condorpool - 231
1644832253 individuals_ID0000074 JOB_SUCCESS 0 condorpool - 231
1644832253 individuals_ID0000074 POST_SCRIPT_STARTED 926.0 condorpool - 231
1644832250 individuals_ID0000012 EXECUTE 959.0 condorpool - 264
1644832254 individuals_ID0000039 JOB_TERMINATED 919.0 condorpool - 224
1644832258 individuals_ID0000039 JOB_SUCCESS 0 condorpool - 224
1644832258 individuals_ID0000039 POST_SCRIPT_STARTED 919.0 condorpool - 224
1644832254 individuals_ID0000074 POST_SCRIPT_TERMINATED 926.0 condorpool - 231
1644832258 individuals_ID0000074 POST_SCRIPT_SUCCESS 0 condorpool - 231
1644832258 individuals_ID0000056 EXECUTE 960.0 condorpool - 265
1644832258 individuals_ID0000039 POST_SCRIPT_TERMINATED 919.0 condorpool - 224
1644832263 individuals_ID0000039 POST_SCRIPT_SUCCESS 0 condorpool - 224
1644832262 individuals_ID0000006 JOB_TERMINATED 937.0 condorpool - 242
1644832263 individuals_ID0000006 JOB_SUCCESS 0 condorpool - 242
1644832263 individuals_ID0000006 POST_SCRIPT_STARTED 937.0 condorpool - 242
1644832262 individuals_ID0000013 EXECUTE 961.0 condorpool - 266
1644832263 individuals_ID0000006 POST_SCRIPT_TERMINATED 937.0 condorpool - 242
1644832268 individuals_ID0000006 POST_SCRIPT_SUCCESS 0 condorpool - 242
1644832268 individuals_ID0000031 JOB_TERMINATED 927.0 condorpool - 232
1644832268 individuals_ID0000031 JOB_SUCCESS 0 condorpool - 232
1644832268 individuals_ID0000031 POST_SCRIPT_STARTED 927.0 condorpool - 232
1644832269 individuals_ID0000031 POST_SCRIPT_TERMINATED 927.0 condorpool - 232
1644832273 individuals_ID0000031 POST_SCRIPT_SUCCESS 0 condorpool - 232
1644832272 individuals_ID0000057 EXECUTE 962.0 condorpool - 267
1644832277 individuals_ID0000014 EXECUTE 963.0 condorpool - 268
1644832280 individuals_ID0000075 JOB_TERMINATED 928.0 condorpool - 233
1644832283 individuals_ID0000075 JOB_SUCCESS 0 condorpool - 233
1644832283 individuals_ID0000075 POST_SCRIPT_STARTED 928.0 condorpool - 233
1644832283 individuals_ID0000075 POST_SCRIPT_TERMINATED 928.0 condorpool - 233
1644832288 individuals_ID0000075 POST_SCRIPT_SUCCESS 0 condorpool - 233
1644832290 individuals_ID0000058 EXECUTE 964.0 condorpool - 269
1644832297 individuals_ID0000044 JOB_TERMINATED 939.0 condorpool - 244
1644832298 individuals_ID0000044 JOB_SUCCESS 0 condorpool - 244
1644832298 individuals_ID0000044 POST_SCRIPT_STARTED 939.0 condorpool - 244
1644832298 individuals_ID0000044 POST_SCRIPT_TERMINATED 939.0 condorpool - 244
1644832304 individuals_ID0000044 POST_SCRIPT_SUCCESS 0 condorpool - 244
1644832314 individuals_ID0000019 EXECUTE 965.0 condorpool - 270
1644832314 individuals_ID0000007 JOB_TERMINATED 938.0 condorpool - 243
1644832319 individuals_ID0000007 JOB_SUCCESS 0 condorpool - 243
1644832319 individuals_ID0000007 POST_SCRIPT_STARTED 938.0 condorpool - 243
1644832315 individuals_ID0000032 JOB_TERMINATED 929.0 condorpool - 234
1644832319 individuals_ID0000032 JOB_SUCCESS 0 condorpool - 234
1644832319 individuals_ID0000032 POST_SCRIPT_STARTED 929.0 condorpool - 234
1644832319 individuals_ID0000007 POST_SCRIPT_TERMINATED 938.0 condorpool - 243
1644832324 individuals_ID0000007 POST_SCRIPT_SUCCESS 0 condorpool - 243
1644832319 individuals_ID0000032 POST_SCRIPT_TERMINATED 929.0 condorpool - 234
1644832324 individuals_ID0000032 POST_SCRIPT_SUCCESS 0 condorpool - 234
1644832326 individuals_ID0000051 EXECUTE 966.0 condorpool - 271
1644832327 individuals_ID0000052 EXECUTE 967.0 condorpool - 272
1644832328 individuals_ID0000038 JOB_TERMINATED 918.0 condorpool - 223
1644832329 individuals_ID0000038 JOB_SUCCESS 0 condorpool - 223
1644832329 individuals_ID0000038 POST_SCRIPT_STARTED 918.0 condorpool - 223
1644832329 individuals_ID0000038 POST_SCRIPT_TERMINATED 918.0 condorpool - 223
1644832334 individuals_ID0000038 POST_SCRIPT_SUCCESS 0 condorpool - 223
1644832330 individuals_ID0000072 JOB_TERMINATED 932.0 condorpool - 237
1644832334 individuals_ID0000072 JOB_SUCCESS 0 condorpool - 237
1644832334 individuals_ID0000072 POST_SCRIPT_STARTED 932.0 condorpool - 237
1644832334 individuals_ID0000033 JOB_TERMINATED 920.0 condorpool - 225
1644832334 individuals_ID0000033 JOB_SUCCESS 0 condorpool - 225
1644832334 individuals_ID0000033 POST_SCRIPT_STARTED 920.0 condorpool - 225
1644832335 individuals_ID0000033 POST_SCRIPT_TERMINATED 920.0 condorpool - 225
1644832339 individuals_ID0000033 POST_SCRIPT_SUCCESS 0 condorpool - 225
1644832335 individuals_ID0000072 POST_SCRIPT_TERMINATED 932.0 condorpool - 237
1644832339 individuals_ID0000072 POST_SCRIPT_SUCCESS 0 condorpool - 237
1644832341 individuals_ID0000070 JOB_TERMINATED 930.0 condorpool - 235
1644832344 individuals_ID0000070 JOB_SUCCESS 0 condorpool - 235
1644832344 individuals_ID0000070 POST_SCRIPT_STARTED 930.0 condorpool - 235
1644832342 individuals_ID0000010 EXECUTE 969.0 condorpool - 274
1644832344 individuals_ID0000070 POST_SCRIPT_TERMINATED 930.0 condorpool - 235
1644832349 individuals_ID0000070 POST_SCRIPT_SUCCESS 0 condorpool - 235
1644832345 individuals_ID0000053 EXECUTE 968.0 condorpool - 273
1644832348 individuals_ID0000054 EXECUTE 970.0 condorpool - 275
1644832349 individuals_ID0000050 EXECUTE 971.0 condorpool - 276
1644832362 individuals_ID0000071 JOB_TERMINATED 931.0 condorpool - 236
1644832364 individuals_ID0000071 JOB_SUCCESS 0 condorpool - 236
1644832364 individuals_ID0000071 POST_SCRIPT_STARTED 931.0 condorpool - 236
1644832364 individuals_ID0000071 POST_SCRIPT_TERMINATED 931.0 condorpool - 236
1644832369 individuals_ID0000071 POST_SCRIPT_SUCCESS 0 condorpool - 236
1644832373 individuals_ID0000026 EXECUTE 972.0 condorpool - 277
1644832376 individuals_ID0000040 JOB_TERMINATED 948.0 condorpool - 253
1644832379 individuals_ID0000040 JOB_SUCCESS 0 condorpool - 253
1644832379 individuals_ID0000040 POST_SCRIPT_STARTED 948.0 condorpool - 253
1644832380 individuals_ID0000040 POST_SCRIPT_TERMINATED 948.0 condorpool - 253
1644832384 individuals_ID0000040 POST_SCRIPT_SUCCESS 0 condorpool - 253
1644832384 individuals_ID0000027 EXECUTE 973.0 condorpool - 278
1644832388 individuals_ID0000009 JOB_TERMINATED 947.0 condorpool - 252
1644832389 individuals_ID0000009 JOB_SUCCESS 0 condorpool - 252
1644832389 individuals_ID0000009 POST_SCRIPT_STARTED 947.0 condorpool - 252
1644832389 individuals_ID0000009 POST_SCRIPT_TERMINATED 947.0 condorpool - 252
1644832394 individuals_ID0000009 POST_SCRIPT_SUCCESS 0 condorpool - 252
1644832391 individuals_ID0000047 JOB_TERMINATED 945.0 condorpool - 250
1644832394 individuals_ID0000047 JOB_SUCCESS 0 condorpool - 250
1644832394 individuals_ID0000047 POST_SCRIPT_STARTED 945.0 condorpool - 250
1644832394 individuals_ID0000008 JOB_TERMINATED 946.0 condorpool - 251
1644832394 individuals_ID0000008 JOB_SUCCESS 0 condorpool - 251
1644832394 individuals_ID0000008 POST_SCRIPT_STARTED 946.0 condorpool - 251
1644832395 individuals_ID0000047 POST_SCRIPT_TERMINATED 945.0 condorpool - 250
1644832399 individuals_ID0000047 POST_SCRIPT_SUCCESS 0 condorpool - 250
1644832395 individuals_ID0000008 POST_SCRIPT_TERMINATED 946.0 condorpool - 251
1644832399 individuals_ID0000008 POST_SCRIPT_SUCCESS 0 condorpool - 251
1644832395 individuals_ID0000028 EXECUTE 974.0 condorpool - 279
1644832405 individuals_ID0000022 EXECUTE 976.0 condorpool - 281
1644832405 individuals_ID0000029 EXECUTE 975.0 condorpool - 280
1644832407 individuals_ID0000004 JOB_TERMINATED 933.0 condorpool - 238
1644832409 individuals_ID0000004 JOB_SUCCESS 0 condorpool - 238
1644832409 individuals_ID0000004 POST_SCRIPT_STARTED 933.0 condorpool - 238
1644832409 individuals_ID0000004 POST_SCRIPT_TERMINATED 933.0 condorpool - 238
1644832414 individuals_ID0000004 POST_SCRIPT_SUCCESS 0 condorpool - 238
1644832410 individuals_ID0000048 JOB_TERMINATED 934.0 condorpool - 239
1644832414 individuals_ID0000048 JOB_SUCCESS 0 condorpool - 239
1644832414 individuals_ID0000048 POST_SCRIPT_STARTED 934.0 condorpool - 239
1644832414 individuals_ID0000048 POST_SCRIPT_TERMINATED 934.0 condorpool - 239
1644832419 individuals_ID0000048 POST_SCRIPT_SUCCESS 0 condorpool - 239
1644832416 individuals_ID0000066 EXECUTE 977.0 condorpool - 282
1644832419 individuals_ID0000023 EXECUTE 978.0 condorpool - 283
1644832419 individuals_ID0000005 JOB_TERMINATED 935.0 condorpool - 240
1644832419 individuals_ID0000005 JOB_SUCCESS 0 condorpool - 240
1644832419 individuals_ID0000005 POST_SCRIPT_STARTED 935.0 condorpool - 240
1644832420 individuals_ID0000005 POST_SCRIPT_TERMINATED 935.0 condorpool - 240
1644832424 individuals_ID0000005 POST_SCRIPT_SUCCESS 0 condorpool - 240
1644832422 individuals_ID0000049 JOB_TERMINATED 936.0 condorpool - 241
1644832424 individuals_ID0000049 JOB_SUCCESS 0 condorpool - 241
1644832424 individuals_ID0000049 POST_SCRIPT_STARTED 936.0 condorpool - 241
1644832424 individuals_ID0000049 POST_SCRIPT_TERMINATED 936.0 condorpool - 241
1644832429 individuals_ID0000049 POST_SCRIPT_SUCCESS 0 condorpool - 241
1644832427 individuals_ID0000067 EXECUTE 979.0 condorpool - 284
1644832432 individuals_ID0000024 EXECUTE 980.0 condorpool - 285
1644832670 individuals_ID0000041 JOB_TERMINATED 949.0 condorpool - 254
1644832674 individuals_ID0000041 JOB_SUCCESS 0 condorpool - 254
1644832674 individuals_ID0000041 POST_SCRIPT_STARTED 949.0 condorpool - 254
1644832675 individuals_ID0000041 POST_SCRIPT_TERMINATED 949.0 condorpool - 254
1644832679 individuals_ID0000041 POST_SCRIPT_SUCCESS 0 condorpool - 254
1644832715 individuals_ID0000068 EXECUTE 981.0 condorpool - 286
1644832815 individuals_ID0000042 JOB_TERMINATED 950.0 condorpool - 255
1644832819 individuals_ID0000042 JOB_SUCCESS 0 condorpool - 255
1644832819 individuals_ID0000042 POST_SCRIPT_STARTED 950.0 condorpool - 255
1644832819 individuals_ID0000042 POST_SCRIPT_TERMINATED 950.0 condorpool - 255
1644832824 individuals_ID0000042 POST_SCRIPT_SUCCESS 0 condorpool - 255
1644832838 individuals_ID0000025 EXECUTE 982.0 condorpool - 287
1644832846 individuals_ID0000059 JOB_TERMINATED 953.0 condorpool - 258
1644832849 individuals_ID0000059 JOB_SUCCESS 0 condorpool - 258
1644832849 individuals_ID0000059 POST_SCRIPT_STARTED 953.0 condorpool - 258
1644832848 individuals_ID0000015 JOB_TERMINATED 952.0 condorpool - 257
1644832849 individuals_ID0000015 JOB_SUCCESS 0 condorpool - 257
1644832849 individuals_ID0000015 POST_SCRIPT_STARTED 952.0 condorpool - 257
1644832849 individuals_ID0000043 JOB_TERMINATED 951.0 condorpool - 256
1644832854 individuals_ID0000043 JOB_SUCCESS 0 condorpool - 256
1644832854 individuals_ID0000043 POST_SCRIPT_STARTED 951.0 condorpool - 256
1644832849 individuals_ID0000059 POST_SCRIPT_TERMINATED 953.0 condorpool - 258
1644832854 individuals_ID0000059 POST_SCRIPT_SUCCESS 0 condorpool - 258
1644832849 individuals_ID0000015 POST_SCRIPT_TERMINATED 952.0 condorpool - 257
1644832854 individuals_ID0000015 POST_SCRIPT_SUCCESS 0 condorpool - 257
1644832855 individuals_ID0000043 POST_SCRIPT_TERMINATED 951.0 condorpool - 256
1644832859 individuals_ID0000043 POST_SCRIPT_SUCCESS 0 condorpool - 256
1644832901 individuals_ID0000063 EXECUTE 985.0 condorpool - 290
1644832901 individuals_ID0000069 EXECUTE 983.0 condorpool - 288
1644832901 individuals_ID0000062 EXECUTE 984.0 condorpool - 289
1644833099 individuals_ID0000016 JOB_TERMINATED 954.0 condorpool - 259
1644833099 individuals_ID0000016 JOB_SUCCESS 0 condorpool - 259
1644833099 individuals_ID0000016 POST_SCRIPT_STARTED 954.0 condorpool - 259
1644833099 individuals_ID0000016 POST_SCRIPT_TERMINATED 954.0 condorpool - 259
1644833104 individuals_ID0000016 POST_SCRIPT_SUCCESS 0 condorpool - 259
1644833106 individuals_ID0000017 JOB_TERMINATED 955.0 condorpool - 260
1644833109 individuals_ID0000017 JOB_SUCCESS 0 condorpool - 260
1644833109 individuals_ID0000017 POST_SCRIPT_STARTED 955.0 condorpool - 260
1644833110 individuals_ID0000017 POST_SCRIPT_TERMINATED 955.0 condorpool - 260
1644833114 individuals_ID0000017 POST_SCRIPT_SUCCESS 0 condorpool - 260
1644833110 individuals_ID0000018 JOB_TERMINATED 956.0 condorpool - 261
1644833114 individuals_ID0000018 JOB_SUCCESS 0 condorpool - 261
1644833114 individuals_ID0000018 POST_SCRIPT_STARTED 956.0 condorpool - 261
1644833114 individuals_ID0000018 POST_SCRIPT_TERMINATED 956.0 condorpool - 261
1644833119 individuals_ID0000018 POST_SCRIPT_SUCCESS 0 condorpool - 261
1644833115 individuals_ID0000011 JOB_TERMINATED 957.0 condorpool - 262
1644833119 individuals_ID0000011 JOB_SUCCESS 0 condorpool - 262
1644833119 individuals_ID0000011 POST_SCRIPT_STARTED 957.0 condorpool - 262
1644833119 individuals_ID0000011 POST_SCRIPT_TERMINATED 957.0 condorpool - 262
1644833124 individuals_ID0000011 POST_SCRIPT_SUCCESS 0 condorpool - 262
1644833143 individuals_ID0000020 EXECUTE 986.0 condorpool - 291
1644833145 individuals_ID0000064 EXECUTE 987.0 condorpool - 292
1644833145 individuals_ID0000021 EXECUTE 988.0 condorpool - 293
1644833145 individuals_ID0000065 EXECUTE 989.0 condorpool - 294
1644833158 individuals_ID0000057 JOB_TERMINATED 962.0 condorpool - 267
1644833159 individuals_ID0000057 JOB_SUCCESS 0 condorpool - 267
1644833159 individuals_ID0000057 POST_SCRIPT_STARTED 962.0 condorpool - 267
1644833160 individuals_ID0000057 POST_SCRIPT_TERMINATED 962.0 condorpool - 267
1644833164 individuals_ID0000057 POST_SCRIPT_SUCCESS 0 condorpool - 267
1644833161 individuals_ID0000012 JOB_TERMINATED 959.0 condorpool - 264
1644833164 individuals_ID0000012 JOB_SUCCESS 0 condorpool - 264
1644833164 individuals_ID0000012 POST_SCRIPT_STARTED 959.0 condorpool - 264
1644833164 individuals_ID0000012 POST_SCRIPT_TERMINATED 959.0 condorpool - 264
1644833169 individuals_ID0000012 POST_SCRIPT_SUCCESS 0 condorpool - 264
1644833169 individuals_ID0000056 JOB_TERMINATED 960.0 condorpool - 265
1644833169 individuals_ID0000056 JOB_SUCCESS 0 condorpool - 265
1644833169 individuals_ID0000056 POST_SCRIPT_STARTED 960.0 condorpool - 265
1644833169 individuals_ID0000056 POST_SCRIPT_TERMINATED 960.0 condorpool - 265
1644833174 individuals_ID0000056 POST_SCRIPT_SUCCESS 0 condorpool - 265
1644833171 individuals_ID0000055 JOB_TERMINATED 958.0 condorpool - 263
1644833174 individuals_ID0000055 JOB_SUCCESS 0 condorpool - 263
1644833174 individuals_ID0000055 POST_SCRIPT_STARTED 958.0 condorpool - 263
1644833175 individuals_ID0000055 POST_SCRIPT_TERMINATED 958.0 condorpool - 263
1644833179 individuals_ID0000055 POST_SCRIPT_SUCCESS 0 condorpool - 263
1644833183 individuals_ID0000013 JOB_TERMINATED 961.0 condorpool - 266
1644833184 individuals_ID0000013 JOB_SUCCESS 0 condorpool - 266
1644833184 individuals_ID0000013 POST_SCRIPT_STARTED 961.0 condorpool - 266
1644833184 individuals_ID0000013 POST_SCRIPT_TERMINATED 961.0 condorpool - 266
1644833189 individuals_ID0000013 POST_SCRIPT_SUCCESS 0 condorpool - 266
1644833188 sifting_ID0000077 EXECUTE 992.0 condorpool - 297
1644833190 sifting_ID0000077 JOB_TERMINATED 992.0 condorpool - 297
1644833194 sifting_ID0000077 JOB_SUCCESS 0 condorpool - 297
1644833194 sifting_ID0000077 POST_SCRIPT_STARTED 992.0 condorpool - 297
1644833194 sifting_ID0000077 POST_SCRIPT_TERMINATED 992.0 condorpool - 297
1644833199 sifting_ID0000077 POST_SCRIPT_SUCCESS 0 condorpool - 297
1644833198 individuals_ID0000014 JOB_TERMINATED 963.0 condorpool - 268
1644833199 individuals_ID0000014 JOB_SUCCESS 0 condorpool - 268
1644833199 individuals_ID0000014 POST_SCRIPT_STARTED 963.0 condorpool - 268
1644833199 individuals_ID0000060 EXECUTE 990.0 condorpool - 295
1644833199 individuals_ID0000061 EXECUTE 991.0 condorpool - 296
1644833200 individuals_ID0000014 POST_SCRIPT_TERMINATED 963.0 condorpool - 268
1644833204 individuals_ID0000014 POST_SCRIPT_SUCCESS 0 condorpool - 268
1644833206 individuals_ID0000019 JOB_TERMINATED 965.0 condorpool - 270
1644833209 individuals_ID0000019 JOB_SUCCESS 0 condorpool - 270
1644833209 individuals_ID0000019 POST_SCRIPT_STARTED 965.0 condorpool - 270
1644833207 individuals_ID0000058 JOB_TERMINATED 964.0 condorpool - 269
1644833209 individuals_ID0000058 JOB_SUCCESS 0 condorpool - 269
1644833209 individuals_ID0000058 POST_SCRIPT_STARTED 964.0 condorpool - 269
1644833209 individuals_ID0000019 POST_SCRIPT_TERMINATED 965.0 condorpool - 270
1644833214 individuals_ID0000019 POST_SCRIPT_SUCCESS 0 condorpool - 270
1644833209 individuals_ID0000058 POST_SCRIPT_TERMINATED 964.0 condorpool - 269
1644833214 individuals_ID0000058 POST_SCRIPT_SUCCESS 0 condorpool - 269
1644833211 individuals_ID0000051 JOB_TERMINATED 966.0 condorpool - 271
1644833214 individuals_ID0000051 JOB_SUCCESS 0 condorpool - 271
1644833214 individuals_ID0000051 POST_SCRIPT_STARTED 966.0 condorpool - 271
1644833214 individuals_ID0000051 POST_SCRIPT_TERMINATED 966.0 condorpool - 271
1644833219 individuals_ID0000051 POST_SCRIPT_SUCCESS 0 condorpool - 271
1644833279 individuals_ID0000053 JOB_TERMINATED 968.0 condorpool - 273
1644833280 individuals_ID0000053 JOB_SUCCESS 0 condorpool - 273
1644833280 individuals_ID0000053 POST_SCRIPT_STARTED 968.0 condorpool - 273
1644833280 individuals_ID0000053 POST_SCRIPT_TERMINATED 968.0 condorpool - 273
1644833285 individuals_ID0000053 POST_SCRIPT_SUCCESS 0 condorpool - 273
1644833281 individuals_ID0000054 JOB_TERMINATED 970.0 condorpool - 275
1644833285 individuals_ID0000054 JOB_SUCCESS 0 condorpool - 275
1644833285 individuals_ID0000054 POST_SCRIPT_STARTED 970.0 condorpool - 275
1644833285 individuals_ID0000054 POST_SCRIPT_TERMINATED 970.0 condorpool - 275
1644833290 individuals_ID0000054 POST_SCRIPT_SUCCESS 0 condorpool - 275
1644833307 individuals_ID0000052 JOB_TERMINATED 967.0 condorpool - 272
1644833310 individuals_ID0000052 JOB_SUCCESS 0 condorpool - 272
1644833310 individuals_ID0000052 POST_SCRIPT_STARTED 967.0 condorpool - 272
1644833311 individuals_ID0000052 POST_SCRIPT_TERMINATED 967.0 condorpool - 272
1644833315 individuals_ID0000052 POST_SCRIPT_SUCCESS 0 condorpool - 272
1644833334 individuals_ID0000010 JOB_TERMINATED 969.0 condorpool - 274
1644833335 individuals_ID0000010 JOB_SUCCESS 0 condorpool - 274
1644833335 individuals_ID0000010 POST_SCRIPT_STARTED 969.0 condorpool - 274
1644833335 individuals_ID0000010 POST_SCRIPT_TERMINATED 969.0 condorpool - 274
1644833340 individuals_ID0000010 POST_SCRIPT_SUCCESS 0 condorpool - 274
1644833336 individuals_ID0000050 JOB_TERMINATED 971.0 condorpool - 276
1644833340 individuals_ID0000050 JOB_SUCCESS 0 condorpool - 276
1644833340 individuals_ID0000050 POST_SCRIPT_STARTED 971.0 condorpool - 276
1644833340 individuals_ID0000050 POST_SCRIPT_TERMINATED 971.0 condorpool - 276
1644833345 individuals_ID0000050 POST_SCRIPT_SUCCESS 0 condorpool - 276
1644833344 individuals_ID0000026 JOB_TERMINATED 972.0 condorpool - 277
1644833345 individuals_ID0000026 JOB_SUCCESS 0 condorpool - 277
1644833345 individuals_ID0000026 POST_SCRIPT_STARTED 972.0 condorpool - 277
1644833346 individuals_ID0000026 POST_SCRIPT_TERMINATED 972.0 condorpool - 277
1644833350 individuals_ID0000026 POST_SCRIPT_SUCCESS 0 condorpool - 277
1644833383 individuals_ID0000027 JOB_TERMINATED 973.0 condorpool - 278
1644833385 individuals_ID0000027 JOB_SUCCESS 0 condorpool - 278
1644833385 individuals_ID0000027 POST_SCRIPT_STARTED 973.0 condorpool - 278
1644833385 individuals_ID0000027 POST_SCRIPT_TERMINATED 973.0 condorpool - 278
1644833390 individuals_ID0000027 POST_SCRIPT_SUCCESS 0 condorpool - 278
1644833393 individuals_ID0000029 JOB_TERMINATED 975.0 condorpool - 280
1644833395 individuals_ID0000029 JOB_SUCCESS 0 condorpool - 280
1644833395 individuals_ID0000029 POST_SCRIPT_STARTED 975.0 condorpool - 280
1644833395 individuals_ID0000029 POST_SCRIPT_TERMINATED 975.0 condorpool - 280
1644833400 individuals_ID0000029 POST_SCRIPT_SUCCESS 0 condorpool - 280
1644833400 individuals_ID0000028 JOB_TERMINATED 974.0 condorpool - 279
1644833405 individuals_ID0000028 JOB_SUCCESS 0 condorpool - 279
1644833405 individuals_ID0000028 POST_SCRIPT_STARTED 974.0 condorpool - 279
1644833401 individuals_ID0000022 JOB_TERMINATED 976.0 condorpool - 281
1644833405 individuals_ID0000022 JOB_SUCCESS 0 condorpool - 281
1644833405 individuals_ID0000022 POST_SCRIPT_STARTED 976.0 condorpool - 281
1644833406 individuals_ID0000028 POST_SCRIPT_TERMINATED 974.0 condorpool - 279
1644833410 individuals_ID0000028 POST_SCRIPT_SUCCESS 0 condorpool - 279
1644833406 individuals_ID0000022 POST_SCRIPT_TERMINATED 976.0 condorpool - 281
1644833410 individuals_ID0000022 POST_SCRIPT_SUCCESS 0 condorpool - 281
1644833423 individuals_ID0000023 JOB_TERMINATED 978.0 condorpool - 283
1644833425 individuals_ID0000023 JOB_SUCCESS 0 condorpool - 283
1644833425 individuals_ID0000023 POST_SCRIPT_STARTED 978.0 condorpool - 283
1644833425 individuals_ID0000023 POST_SCRIPT_TERMINATED 978.0 condorpool - 283
1644833430 individuals_ID0000023 POST_SCRIPT_SUCCESS 0 condorpool - 283
1644833429 individuals_ID0000066 JOB_TERMINATED 977.0 condorpool - 282
1644833430 individuals_ID0000066 JOB_SUCCESS 0 condorpool - 282
1644833430 individuals_ID0000066 POST_SCRIPT_STARTED 977.0 condorpool - 282
1644833430 individuals_ID0000066 POST_SCRIPT_TERMINATED 977.0 condorpool - 282
1644833435 individuals_ID0000066 POST_SCRIPT_SUCCESS 0 condorpool - 282
1644833437 individuals_ID0000024 JOB_TERMINATED 980.0 condorpool - 285
1644833441 individuals_ID0000024 JOB_SUCCESS 0 condorpool - 285
1644833441 individuals_ID0000024 POST_SCRIPT_STARTED 980.0 condorpool - 285
1644833441 individuals_ID0000067 JOB_TERMINATED 979.0 condorpool - 284
1644833446 individuals_ID0000067 JOB_SUCCESS 0 condorpool - 284
1644833446 individuals_ID0000067 POST_SCRIPT_STARTED 979.0 condorpool - 284
1644833441 individuals_ID0000024 POST_SCRIPT_TERMINATED 980.0 condorpool - 285
1644833446 individuals_ID0000024 POST_SCRIPT_SUCCESS 0 condorpool - 285
1644833446 individuals_ID0000067 POST_SCRIPT_TERMINATED 979.0 condorpool - 284
1644833451 individuals_ID0000067 POST_SCRIPT_SUCCESS 0 condorpool - 284
1644833479 individuals_ID0000068 JOB_TERMINATED 981.0 condorpool - 286
1644833481 individuals_ID0000068 JOB_SUCCESS 0 condorpool - 286
1644833481 individuals_ID0000068 POST_SCRIPT_STARTED 981.0 condorpool - 286
1644833482 individuals_ID0000068 POST_SCRIPT_TERMINATED 981.0 condorpool - 286
1644833486 individuals_ID0000068 POST_SCRIPT_SUCCESS 0 condorpool - 286
1644833541 individuals_ID0000025 JOB_TERMINATED 982.0 condorpool - 287
1644833546 individuals_ID0000025 JOB_SUCCESS 0 condorpool - 287
1644833546 individuals_ID0000025 POST_SCRIPT_STARTED 982.0 condorpool - 287
1644833546 individuals_ID0000025 POST_SCRIPT_TERMINATED 982.0 condorpool - 287
1644833551 individuals_ID0000025 POST_SCRIPT_SUCCESS 0 condorpool - 287
1644833598 individuals_ID0000062 JOB_TERMINATED 984.0 condorpool - 289
1644833601 individuals_ID0000062 JOB_SUCCESS 0 condorpool - 289
1644833601 individuals_ID0000062 POST_SCRIPT_STARTED 984.0 condorpool - 289
1644833601 individuals_ID0000062 POST_SCRIPT_TERMINATED 984.0 condorpool - 289
1644833606 individuals_ID0000062 POST_SCRIPT_SUCCESS 0 condorpool - 289
1644833608 individuals_ID0000063 JOB_TERMINATED 985.0 condorpool - 290
1644833611 individuals_ID0000063 JOB_SUCCESS 0 condorpool - 290
1644833611 individuals_ID0000063 POST_SCRIPT_STARTED 985.0 condorpool - 290
1644833610 individuals_ID0000069 JOB_TERMINATED 983.0 condorpool - 288
1644833611 individuals_ID0000069 JOB_SUCCESS 0 condorpool - 288
1644833611 individuals_ID0000069 POST_SCRIPT_STARTED 983.0 condorpool - 288
1644833612 individuals_ID0000069 POST_SCRIPT_TERMINATED 983.0 condorpool - 288
1644833616 individuals_ID0000069 POST_SCRIPT_SUCCESS 0 condorpool - 288
1644833612 individuals_ID0000063 POST_SCRIPT_TERMINATED 985.0 condorpool - 290
1644833616 individuals_ID0000063 POST_SCRIPT_SUCCESS 0 condorpool - 290
1644833851 individuals_ID0000060 JOB_TERMINATED 990.0 condorpool - 295
1644833851 individuals_ID0000060 JOB_SUCCESS 0 condorpool - 295
1644833851 individuals_ID0000060 POST_SCRIPT_STARTED 990.0 condorpool - 295
1644833851 individuals_ID0000061 JOB_TERMINATED 991.0 condorpool - 296
1644833851 individuals_ID0000061 JOB_SUCCESS 0 condorpool - 296
1644833851 individuals_ID0000061 POST_SCRIPT_STARTED 991.0 condorpool - 296
1644833851 individuals_ID0000061 POST_SCRIPT_TERMINATED 991.0 condorpool - 296
1644833856 individuals_ID0000061 POST_SCRIPT_SUCCESS 0 condorpool - 296
1644833851 individuals_ID0000060 POST_SCRIPT_TERMINATED 990.0 condorpool - 295
1644833856 individuals_ID0000060 POST_SCRIPT_SUCCESS 0 condorpool - 295
1644833981 individuals_ID0000064 JOB_TERMINATED 987.0 condorpool - 292
1644833981 individuals_ID0000064 JOB_SUCCESS 0 condorpool - 292
1644833981 individuals_ID0000064 POST_SCRIPT_STARTED 987.0 condorpool - 292
1644833982 individuals_ID0000064 POST_SCRIPT_TERMINATED 987.0 condorpool - 292
1644833986 individuals_ID0000064 POST_SCRIPT_SUCCESS 0 condorpool - 292
1644833982 individuals_ID0000020 JOB_TERMINATED 986.0 condorpool - 291
1644833986 individuals_ID0000020 JOB_SUCCESS 0 condorpool - 291
1644833986 individuals_ID0000020 POST_SCRIPT_STARTED 986.0 condorpool - 291
1644833982 individuals_ID0000065 JOB_TERMINATED 989.0 condorpool - 294
1644833986 individuals_ID0000065 JOB_SUCCESS 0 condorpool - 294
1644833986 individuals_ID0000065 POST_SCRIPT_STARTED 989.0 condorpool - 294
1644833985 individuals_ID0000021 JOB_TERMINATED 988.0 condorpool - 293
1644833986 individuals_ID0000021 JOB_SUCCESS 0 condorpool - 293
1644833986 individuals_ID0000021 POST_SCRIPT_STARTED 988.0 condorpool - 293
1644833986 individuals_ID0000020 POST_SCRIPT_TERMINATED 986.0 condorpool - 291
1644833991 individuals_ID0000020 POST_SCRIPT_SUCCESS 0 condorpool - 291
1644833986 individuals_ID0000065 POST_SCRIPT_TERMINATED 989.0 condorpool - 294
1644833991 individuals_ID0000065 POST_SCRIPT_SUCCESS 0 condorpool - 294
1644833986 individuals_ID0000021 POST_SCRIPT_TERMINATED 988.0 condorpool - 293
1644833991 individuals_ID0000021 POST_SCRIPT_SUCCESS 0 condorpool - 293
1644833996 individuals_merge_ID0000076 SUBMIT 993.0 condorpool - 298
1644834001 individuals_merge_ID0000076 EXECUTE 993.0 condorpool - 298
1644840249 individuals_merge_ID0000076 JOB_TERMINATED 993.0 condorpool - 298
1644840251 individuals_merge_ID0000076 JOB_SUCCESS 0 condorpool - 298
1644840251 individuals_merge_ID0000076 POST_SCRIPT_STARTED 993.0 condorpool - 298
1644840251 individuals_merge_ID0000076 POST_SCRIPT_TERMINATED 993.0 condorpool - 298
1644840256 individuals_merge_ID0000076 POST_SCRIPT_SUCCESS 0 condorpool - 298
1644840261 frequency_ID0000083 SUBMIT 994.0 condorpool - 299
1644840261 mutation_overlap_ID0000080 SUBMIT 995.0 condorpool - 300
1644840262 frequency_ID0000085 SUBMIT 996.0 condorpool - 301
1644840262 mutation_overlap_ID0000090 SUBMIT 997.0 condorpool - 302
1644840262 frequency_ID0000091 SUBMIT 998.0 condorpool - 303
1644840263 frequency_ID0000083 EXECUTE 994.0 condorpool - 299
1644840263 mutation_overlap_ID0000080 EXECUTE 995.0 condorpool - 300
1644840267 frequency_ID0000081 SUBMIT 999.0 condorpool - 304
1644840267 mutation_overlap_ID0000086 SUBMIT 1000.0 condorpool - 305
1644840267 frequency_ID0000079 SUBMIT 1001.0 condorpool - 306
1644840267 mutation_overlap_ID0000088 SUBMIT 1002.0 condorpool - 307
1644840267 mutation_overlap_ID0000082 SUBMIT 1003.0 condorpool - 308
1644840272 frequency_ID0000087 SUBMIT 1004.0 condorpool - 309
1644840272 mutation_overlap_ID0000084 SUBMIT 1005.0 condorpool - 310
1644840272 frequency_ID0000089 SUBMIT 1006.0 condorpool - 311
1644840272 mutation_overlap_ID0000078 SUBMIT 1007.0 condorpool - 312
1644840284 frequency_ID0000089 EXECUTE 1006.0 condorpool - 311
1644840284 mutation_overlap_ID0000078 EXECUTE 1007.0 condorpool - 312
1644840285 frequency_ID0000085 EXECUTE 996.0 condorpool - 301
1644840285 mutation_overlap_ID0000090 EXECUTE 997.0 condorpool - 302
1644840285 mutation_overlap_ID0000088 EXECUTE 1002.0 condorpool - 307
1644840286 mutation_overlap_ID0000082 EXECUTE 1003.0 condorpool - 308
1644840286 frequency_ID0000087 EXECUTE 1004.0 condorpool - 309
1644840286 mutation_overlap_ID0000086 EXECUTE 1000.0 condorpool - 305
1644840286 frequency_ID0000081 EXECUTE 999.0 condorpool - 304
1644840286 frequency_ID0000091 EXECUTE 998.0 condorpool - 303
1644840286 frequency_ID0000079 EXECUTE 1001.0 condorpool - 306
1644840286 mutation_overlap_ID0000084 EXECUTE 1005.0 condorpool - 310
1644840468 mutation_overlap_ID0000080 JOB_TERMINATED 995.0 condorpool - 300
1644840472 mutation_overlap_ID0000080 JOB_SUCCESS 0 condorpool - 300
1644840472 mutation_overlap_ID0000080 POST_SCRIPT_STARTED 995.0 condorpool - 300
1644840473 mutation_overlap_ID0000080 POST_SCRIPT_TERMINATED 995.0 condorpool - 300
1644840477 mutation_overlap_ID0000080 POST_SCRIPT_SUCCESS 0 condorpool - 300
1644840486 mutation_overlap_ID0000090 JOB_TERMINATED 997.0 condorpool - 302
1644840487 mutation_overlap_ID0000090 JOB_SUCCESS 0 condorpool - 302
1644840487 mutation_overlap_ID0000090 POST_SCRIPT_STARTED 997.0 condorpool - 302
1644840487 mutation_overlap_ID0000090 POST_SCRIPT_TERMINATED 997.0 condorpool - 302
1644840492 mutation_overlap_ID0000090 POST_SCRIPT_SUCCESS 0 condorpool - 302
1644840491 mutation_overlap_ID0000088 JOB_TERMINATED 1002.0 condorpool - 307
1644840492 mutation_overlap_ID0000088 JOB_SUCCESS 0 condorpool - 307
1644840492 mutation_overlap_ID0000088 POST_SCRIPT_STARTED 1002.0 condorpool - 307
1644840492 mutation_overlap_ID0000088 POST_SCRIPT_TERMINATED 1002.0 condorpool - 307
1644840497 mutation_overlap_ID0000088 POST_SCRIPT_SUCCESS 0 condorpool - 307
1644840493 mutation_overlap_ID0000086 JOB_TERMINATED 1000.0 condorpool - 305
1644840497 mutation_overlap_ID0000086 JOB_SUCCESS 0 condorpool - 305
1644840497 mutation_overlap_ID0000086 POST_SCRIPT_STARTED 1000.0 condorpool - 305
1644840494 mutation_overlap_ID0000084 JOB_TERMINATED 1005.0 condorpool - 310
1644840497 mutation_overlap_ID0000084 JOB_SUCCESS 0 condorpool - 310
1644840497 mutation_overlap_ID0000084 POST_SCRIPT_STARTED 1005.0 condorpool - 310
1644840494 mutation_overlap_ID0000078 JOB_TERMINATED 1007.0 condorpool - 312
1644840497 mutation_overlap_ID0000078 JOB_SUCCESS 0 condorpool - 312
1644840497 mutation_overlap_ID0000078 POST_SCRIPT_STARTED 1007.0 condorpool - 312
1644840497 mutation_overlap_ID0000084 POST_SCRIPT_TERMINATED 1005.0 condorpool - 310
1644840502 mutation_overlap_ID0000084 POST_SCRIPT_SUCCESS 0 condorpool - 310
1644840497 mutation_overlap_ID0000086 POST_SCRIPT_TERMINATED 1000.0 condorpool - 305
1644840502 mutation_overlap_ID0000086 POST_SCRIPT_SUCCESS 0 condorpool - 305
1644840497 mutation_overlap_ID0000078 POST_SCRIPT_TERMINATED 1007.0 condorpool - 312
1644840502 mutation_overlap_ID0000078 POST_SCRIPT_SUCCESS 0 condorpool - 312
1644840561 mutation_overlap_ID0000082 JOB_TERMINATED 1003.0 condorpool - 308
1644840562 mutation_overlap_ID0000082 JOB_SUCCESS 0 condorpool - 308
1644840562 mutation_overlap_ID0000082 POST_SCRIPT_STARTED 1003.0 condorpool - 308
1644840563 mutation_overlap_ID0000082 POST_SCRIPT_TERMINATED 1003.0 condorpool - 308
1644840567 mutation_overlap_ID0000082 POST_SCRIPT_SUCCESS 0 condorpool - 308
1644841034 frequency_ID0000089 JOB_TERMINATED 1006.0 condorpool - 311
1644841037 frequency_ID0000089 JOB_SUCCESS 0 condorpool - 311
1644841037 frequency_ID0000089 POST_SCRIPT_STARTED 1006.0 condorpool - 311
1644841037 frequency_ID0000089 POST_SCRIPT_TERMINATED 1006.0 condorpool - 311
1644841042 frequency_ID0000089 POST_SCRIPT_SUCCESS 0 condorpool - 311
1644841047 frequency_ID0000087 JOB_TERMINATED 1004.0 condorpool - 309
1644841047 frequency_ID0000087 JOB_SUCCESS 0 condorpool - 309
1644841047 frequency_ID0000087 POST_SCRIPT_STARTED 1004.0 condorpool - 309
1644841048 frequency_ID0000087 POST_SCRIPT_TERMINATED 1004.0 condorpool - 309
1644841052 frequency_ID0000087 POST_SCRIPT_SUCCESS 0 condorpool - 309
1644841066 frequency_ID0000085 JOB_TERMINATED 996.0 condorpool - 301
1644841067 frequency_ID0000085 JOB_SUCCESS 0 condorpool - 301
1644841067 frequency_ID0000085 POST_SCRIPT_STARTED 996.0 condorpool - 301
1644841067 frequency_ID0000085 POST_SCRIPT_TERMINATED 996.0 condorpool - 301
1644841072 frequency_ID0000085 POST_SCRIPT_SUCCESS 0 condorpool - 301
1644841106 frequency_ID0000091 JOB_TERMINATED 998.0 condorpool - 303
1644841107 frequency_ID0000091 JOB_SUCCESS 0 condorpool - 303
1644841107 frequency_ID0000091 POST_SCRIPT_STARTED 998.0 condorpool - 303
1644841108 frequency_ID0000091 POST_SCRIPT_TERMINATED 998.0 condorpool - 303
1644841112 frequency_ID0000091 POST_SCRIPT_SUCCESS 0 condorpool - 303
1644841144 frequency_ID0000083 JOB_TERMINATED 994.0 condorpool - 299
1644841147 frequency_ID0000083 JOB_SUCCESS 0 condorpool - 299
1644841147 frequency_ID0000083 POST_SCRIPT_STARTED 994.0 condorpool - 299
1644841147 frequency_ID0000083 POST_SCRIPT_TERMINATED 994.0 condorpool - 299
1644841152 frequency_ID0000083 POST_SCRIPT_SUCCESS 0 condorpool - 299
1644841157 stage_out_local_local_2_0 SUBMIT 1008.0 local - 313
1644841157 stage_out_local_local_2_0 EXECUTE 1008.0 local - 313
1644841162 stage_out_local_local_2_0 JOB_TERMINATED 1008.0 local - 313
1644841162 stage_out_local_local_2_0 JOB_SUCCESS 0 local - 313
1644841162 stage_out_local_local_2_0 POST_SCRIPT_STARTED 1008.0 local - 313
1644841163 stage_out_local_local_2_0 POST_SCRIPT_TERMINATED 1008.0 local - 313
1644841167 stage_out_local_local_2_0 POST_SCRIPT_SUCCESS 0 local - 313
1644841196 frequency_ID0000081 JOB_TERMINATED 999.0 condorpool - 304
1644841197 frequency_ID0000081 JOB_SUCCESS 0 condorpool - 304
1644841197 frequency_ID0000081 POST_SCRIPT_STARTED 999.0 condorpool - 304
1644841197 frequency_ID0000081 POST_SCRIPT_TERMINATED 999.0 condorpool - 304
1644841202 frequency_ID0000081 POST_SCRIPT_SUCCESS 0 condorpool - 304
1644841295 frequency_ID0000079 JOB_TERMINATED 1001.0 condorpool - 306
1644841297 frequency_ID0000079 JOB_SUCCESS 0 condorpool - 306
1644841297 frequency_ID0000079 POST_SCRIPT_STARTED 1001.0 condorpool - 306
1644841298 frequency_ID0000079 POST_SCRIPT_TERMINATED 1001.0 condorpool - 306
1644841302 frequency_ID0000079 POST_SCRIPT_SUCCESS 0 condorpool - 306
1644841307 stage_out_local_local_2_1 SUBMIT 1009.0 local - 314
1644841307 stage_out_local_local_2_1 EXECUTE 1009.0 local - 314
1644841311 stage_out_local_local_2_1 JOB_TERMINATED 1009.0 local - 314
1644841312 stage_out_local_local_2_1 JOB_SUCCESS 0 local - 314
1644841312 stage_out_local_local_2_1 POST_SCRIPT_STARTED 1009.0 local - 314
1644841312 stage_out_local_local_2_1 POST_SCRIPT_TERMINATED 1009.0 local - 314
1644841317 stage_out_local_local_2_1 POST_SCRIPT_SUCCESS 0 local - 314
1644841322 cleanup_1000-genome_0_local SUBMIT 1010.0 local - 315
1644841322 cleanup_1000-genome_0_local EXECUTE 1010.0 local - 315
1644841324 cleanup_1000-genome_0_local JOB_TERMINATED 1010.0 local - 315
1644841327 cleanup_1000-genome_0_local JOB_SUCCESS 0 local - 315
1644841327 cleanup_1000-genome_0_local POST_SCRIPT_STARTED 1010.0 local - 315
1644841327 cleanup_1000-genome_0_local POST_SCRIPT_TERMINATED 1010.0 local - 315
1644841332 cleanup_1000-genome_0_local POST_SCRIPT_SUCCESS 0 local - 315
1644841332 INTERNAL *** DAGMAN_FINISHED 0 ***
1644841334 INTERNAL *** MONITORD_FINISHED 0 ***
