1646431825 INTERNAL *** MONITORD_STARTED ***
1646431824 INTERNAL *** DAGMAN_STARTED 4116.0 ***
1646431828 create_dir_1000-genome_0_local SUBMIT 4117.0 local - 241
1646431829 create_dir_1000-genome_0_local EXECUTE 4117.0 local - 241
1646431832 create_dir_1000-genome_0_local JOB_TERMINATED 4117.0 local - 241
1646431833 create_dir_1000-genome_0_local JOB_SUCCESS 0 local - 241
1646431833 create_dir_1000-genome_0_local POST_SCRIPT_STARTED 4117.0 local - 241
1646431833 create_dir_1000-genome_0_local POST_SCRIPT_TERMINATED 4117.0 local - 241
1646431838 create_dir_1000-genome_0_local POST_SCRIPT_SUCCESS 0 local - 241
1646431843 stage_in_remote_local_2_0 SUBMIT 4118.0 local - 242
1646431843 stage_in_remote_local_2_0 EXECUTE 4118.0 local - 242
1646431843 stage_in_remote_local_1_0 SUBMIT 4119.0 local - 243
1646431843 stage_in_remote_local_0_0 SUBMIT 4120.0 local - 244
1646431843 stage_in_local_local_0_0 SUBMIT 4121.0 local - 245
1646431843 stage_in_local_local_2_0 SUBMIT 4122.0 local - 246
1646431845 stage_in_remote_local_2_0 JOB_TERMINATED 4118.0 local - 242
1646431848 stage_in_remote_local_2_0 JOB_SUCCESS 0 local - 242
1646431848 stage_in_remote_local_2_0 POST_SCRIPT_STARTED 4118.0 local - 242
1646431845 stage_in_local_local_2_0 EXECUTE 4122.0 local - 246
1646431845 stage_in_local_local_0_0 EXECUTE 4121.0 local - 245
1646431845 stage_in_remote_local_0_0 EXECUTE 4120.0 local - 244
1646431845 stage_in_remote_local_1_0 EXECUTE 4119.0 local - 243
1646431848 stage_in_remote_local_1_0 JOB_TERMINATED 4119.0 local - 243
1646431848 stage_in_remote_local_1_0 JOB_SUCCESS 0 local - 243
1646431848 stage_in_remote_local_1_0 POST_SCRIPT_STARTED 4119.0 local - 243
1646431848 stage_in_local_local_0_0 JOB_TERMINATED 4121.0 local - 245
1646431848 stage_in_local_local_0_0 JOB_SUCCESS 0 local - 245
1646431848 stage_in_local_local_0_0 POST_SCRIPT_STARTED 4121.0 local - 245
1646431848 stage_in_remote_local_0_0 JOB_TERMINATED 4120.0 local - 244
1646431848 stage_in_remote_local_0_0 JOB_SUCCESS 0 local - 244
1646431848 stage_in_remote_local_0_0 POST_SCRIPT_STARTED 4120.0 local - 244
1646431848 stage_in_remote_local_0_1 SUBMIT 4123.0 local - 247
1646431848 stage_in_remote_local_0_1 EXECUTE 4123.0 local - 247
1646431848 stage_in_local_local_0_1 SUBMIT 4124.0 local - 248
1646431848 stage_in_local_local_0_1 EXECUTE 4124.0 local - 248
1646431848 stage_in_local_local_2_1 SUBMIT 4125.0 local - 249
1646431848 stage_in_local_local_2_1 EXECUTE 4125.0 local - 249
1646431848 stage_in_remote_local_2_1 SUBMIT 4126.0 local - 250
1646431848 stage_in_local_local_0_2 SUBMIT 4127.0 local - 251
1646431849 stage_in_remote_local_1_0 POST_SCRIPT_TERMINATED 4119.0 local - 243
1646431853 stage_in_remote_local_1_0 POST_SCRIPT_SUCCESS 0 local - 243
1646431849 stage_in_remote_local_0_0 POST_SCRIPT_TERMINATED 4120.0 local - 244
1646431853 stage_in_remote_local_0_0 POST_SCRIPT_SUCCESS 0 local - 244
1646431849 stage_in_remote_local_2_0 POST_SCRIPT_TERMINATED 4118.0 local - 242
1646431853 stage_in_remote_local_2_0 POST_SCRIPT_SUCCESS 0 local - 242
1646431849 stage_in_local_local_0_0 POST_SCRIPT_TERMINATED 4121.0 local - 245
1646431853 stage_in_local_local_0_0 POST_SCRIPT_SUCCESS 0 local - 245
1646431849 stage_in_local_local_2_0 JOB_TERMINATED 4122.0 local - 246
1646431853 stage_in_local_local_2_0 JOB_SUCCESS 0 local - 246
1646431853 stage_in_local_local_2_0 POST_SCRIPT_STARTED 4122.0 local - 246
1646431850 stage_in_local_local_0_2 EXECUTE 4127.0 local - 251
1646431850 stage_in_remote_local_2_1 EXECUTE 4126.0 local - 250
1646431850 stage_in_remote_local_0_1 JOB_TERMINATED 4123.0 local - 247
1646431853 stage_in_remote_local_0_1 JOB_SUCCESS 0 local - 247
1646431853 stage_in_remote_local_0_1 POST_SCRIPT_STARTED 4123.0 local - 247
1646431851 stage_in_local_local_0_1 JOB_TERMINATED 4124.0 local - 248
1646431853 stage_in_local_local_0_1 JOB_SUCCESS 0 local - 248
1646431853 stage_in_local_local_0_1 POST_SCRIPT_STARTED 4124.0 local - 248
1646431852 stage_in_remote_local_2_1 JOB_TERMINATED 4126.0 local - 250
1646431853 stage_in_remote_local_2_1 JOB_SUCCESS 0 local - 250
1646431853 stage_in_remote_local_2_1 POST_SCRIPT_STARTED 4126.0 local - 250
1646431852 stage_in_local_local_0_2 JOB_TERMINATED 4127.0 local - 251
1646431853 stage_in_local_local_0_2 JOB_SUCCESS 0 local - 251
1646431853 stage_in_local_local_0_2 POST_SCRIPT_STARTED 4127.0 local - 251
1646431852 stage_in_local_local_2_1 JOB_TERMINATED 4125.0 local - 249
1646431853 stage_in_local_local_2_1 JOB_SUCCESS 0 local - 249
1646431853 stage_in_local_local_2_1 POST_SCRIPT_STARTED 4125.0 local - 249
1646431853 stage_in_local_local_0_2 POST_SCRIPT_TERMINATED 4127.0 local - 251
1646431858 stage_in_local_local_0_2 POST_SCRIPT_SUCCESS 0 local - 251
1646431853 stage_in_local_local_2_1 POST_SCRIPT_TERMINATED 4125.0 local - 249
1646431858 stage_in_local_local_2_1 POST_SCRIPT_SUCCESS 0 local - 249
1646431853 stage_in_remote_local_2_1 POST_SCRIPT_TERMINATED 4126.0 local - 250
1646431858 stage_in_remote_local_2_1 POST_SCRIPT_SUCCESS 0 local - 250
1646431853 stage_in_local_local_2_0 POST_SCRIPT_TERMINATED 4122.0 local - 246
1646431858 stage_in_local_local_2_0 POST_SCRIPT_SUCCESS 0 local - 246
1646431853 stage_in_remote_local_0_1 POST_SCRIPT_TERMINATED 4123.0 local - 247
1646431858 stage_in_remote_local_0_1 POST_SCRIPT_SUCCESS 0 local - 247
1646431853 stage_in_local_local_0_1 POST_SCRIPT_TERMINATED 4124.0 local - 248
1646431858 stage_in_local_local_0_1 POST_SCRIPT_SUCCESS 0 local - 248
1646431863 sifting_ID0000052 SUBMIT 4128.0 condorpool - 252
1646431863 individuals_ID0000037 SUBMIT 4129.0 condorpool - 253
1646431863 individuals_ID0000038 SUBMIT 4130.0 condorpool - 254
1646431863 individuals_ID0000039 SUBMIT 4131.0 condorpool - 255
1646431863 individuals_ID0000033 SUBMIT 4132.0 condorpool - 256
1646431868 individuals_ID0000034 SUBMIT 4133.0 condorpool - 257
1646431868 individuals_ID0000035 SUBMIT 4134.0 condorpool - 258
1646431868 individuals_ID0000036 SUBMIT 4135.0 condorpool - 259
1646431868 individuals_ID0000030 SUBMIT 4136.0 condorpool - 260
1646431868 individuals_ID0000031 SUBMIT 4137.0 condorpool - 261
1646431873 individuals_ID0000032 SUBMIT 4138.0 condorpool - 262
1646431873 individuals_ID0000004 SUBMIT 4139.0 condorpool - 263
1646431873 individuals_ID0000048 SUBMIT 4140.0 condorpool - 264
1646431874 individuals_ID0000005 SUBMIT 4141.0 condorpool - 265
1646431874 individuals_ID0000049 SUBMIT 4142.0 condorpool - 266
1646431879 individuals_ID0000006 SUBMIT 4143.0 condorpool - 267
1646431879 individuals_ID0000007 SUBMIT 4144.0 condorpool - 268
1646431879 individuals_ID0000044 SUBMIT 4145.0 condorpool - 269
1646431879 individuals_ID0000001 SUBMIT 4146.0 condorpool - 270
1646431879 individuals_ID0000045 SUBMIT 4147.0 condorpool - 271
1646431880 sifting_ID0000052 EXECUTE 4128.0 condorpool - 252
1646431884 individuals_ID0000002 SUBMIT 4148.0 condorpool - 272
1646431884 individuals_ID0000046 SUBMIT 4149.0 condorpool - 273
1646431884 individuals_ID0000003 SUBMIT 4150.0 condorpool - 274
1646431884 individuals_ID0000047 SUBMIT 4151.0 condorpool - 275
1646431884 individuals_ID0000008 SUBMIT 4152.0 condorpool - 276
1646431884 individuals_ID0000038 EXECUTE 4130.0 condorpool - 254
1646431884 individuals_ID0000039 EXECUTE 4131.0 condorpool - 255
1646431884 sifting_ID0000052 JOB_TERMINATED 4128.0 condorpool - 252
1646431889 sifting_ID0000052 JOB_SUCCESS 0 condorpool - 252
1646431889 sifting_ID0000052 POST_SCRIPT_STARTED 4128.0 condorpool - 252
1646431884 individuals_ID0000037 EXECUTE 4129.0 condorpool - 253
1646431889 individuals_ID0000033 EXECUTE 4132.0 condorpool - 256
1646431889 individuals_ID0000009 SUBMIT 4153.0 condorpool - 277
1646431889 individuals_ID0000040 SUBMIT 4154.0 condorpool - 278
1646431889 individuals_ID0000041 SUBMIT 4155.0 condorpool - 279
1646431889 individuals_ID0000042 SUBMIT 4156.0 condorpool - 280
1646431889 individuals_ID0000043 SUBMIT 4157.0 condorpool - 281
1646431889 sifting_ID0000052 POST_SCRIPT_TERMINATED 4128.0 condorpool - 252
1646431894 sifting_ID0000052 POST_SCRIPT_SUCCESS 0 condorpool - 252
1646431894 individuals_ID0000015 SUBMIT 4158.0 condorpool - 282
1646431894 individuals_ID0000016 SUBMIT 4159.0 condorpool - 283
1646431894 individuals_ID0000017 SUBMIT 4160.0 condorpool - 284
1646431894 individuals_ID0000018 SUBMIT 4161.0 condorpool - 285
1646431894 individuals_ID0000011 SUBMIT 4162.0 condorpool - 286
1646431899 individuals_ID0000012 SUBMIT 4163.0 condorpool - 287
1646431899 individuals_ID0000013 SUBMIT 4164.0 condorpool - 288
1646431899 individuals_ID0000014 SUBMIT 4165.0 condorpool - 289
1646431899 individuals_ID0000019 SUBMIT 4166.0 condorpool - 290
1646431899 individuals_ID0000010 SUBMIT 4167.0 condorpool - 291
1646431904 individuals_ID0000050 SUBMIT 4168.0 condorpool - 292
1646431904 individuals_ID0000026 SUBMIT 4169.0 condorpool - 293
1646431904 individuals_ID0000027 SUBMIT 4170.0 condorpool - 294
1646431904 individuals_ID0000028 SUBMIT 4171.0 condorpool - 295
1646431904 individuals_ID0000029 SUBMIT 4172.0 condorpool - 296
1646431909 individuals_ID0000022 SUBMIT 4173.0 condorpool - 297
1646431909 individuals_ID0000023 SUBMIT 4174.0 condorpool - 298
1646431909 individuals_ID0000024 SUBMIT 4175.0 condorpool - 299
1646431909 individuals_ID0000025 SUBMIT 4176.0 condorpool - 300
1646431909 individuals_ID0000020 SUBMIT 4177.0 condorpool - 301
1646431914 individuals_ID0000021 SUBMIT 4178.0 condorpool - 302
1646432241 individuals_ID0000037 JOB_TERMINATED 4129.0 condorpool - 253
1646432245 individuals_ID0000037 JOB_SUCCESS 0 condorpool - 253
1646432245 individuals_ID0000037 POST_SCRIPT_STARTED 4129.0 condorpool - 253
1646432244 individuals_ID0000034 EXECUTE 4133.0 condorpool - 257
1646432245 individuals_ID0000037 POST_SCRIPT_TERMINATED 4129.0 condorpool - 253
1646432250 individuals_ID0000037 POST_SCRIPT_SUCCESS 0 condorpool - 253
1646432246 individuals_ID0000039 JOB_TERMINATED 4131.0 condorpool - 255
1646432250 individuals_ID0000039 JOB_SUCCESS 0 condorpool - 255
1646432250 individuals_ID0000039 POST_SCRIPT_STARTED 4131.0 condorpool - 255
1646432246 individuals_ID0000038 JOB_TERMINATED 4130.0 condorpool - 254
1646432250 individuals_ID0000038 JOB_SUCCESS 0 condorpool - 254
1646432250 individuals_ID0000038 POST_SCRIPT_STARTED 4130.0 condorpool - 254
1646432247 individuals_ID0000033 JOB_TERMINATED 4132.0 condorpool - 256
1646432250 individuals_ID0000033 JOB_SUCCESS 0 condorpool - 256
1646432250 individuals_ID0000033 POST_SCRIPT_STARTED 4132.0 condorpool - 256
1646432250 individuals_ID0000039 POST_SCRIPT_TERMINATED 4131.0 condorpool - 255
1646432255 individuals_ID0000039 POST_SCRIPT_SUCCESS 0 condorpool - 255
1646432251 individuals_ID0000038 POST_SCRIPT_TERMINATED 4130.0 condorpool - 254
1646432255 individuals_ID0000038 POST_SCRIPT_SUCCESS 0 condorpool - 254
1646432251 individuals_ID0000033 POST_SCRIPT_TERMINATED 4132.0 condorpool - 256
1646432255 individuals_ID0000033 POST_SCRIPT_SUCCESS 0 condorpool - 256
1646432251 individuals_ID0000035 EXECUTE 4134.0 condorpool - 258
1646432252 individuals_ID0000036 EXECUTE 4135.0 condorpool - 259
1646432252 individuals_ID0000030 EXECUTE 4136.0 condorpool - 260
1646432612 individuals_ID0000034 JOB_TERMINATED 4133.0 condorpool - 257
1646432615 individuals_ID0000034 JOB_SUCCESS 0 condorpool - 257
1646432615 individuals_ID0000034 POST_SCRIPT_STARTED 4133.0 condorpool - 257
1646432615 individuals_ID0000034 POST_SCRIPT_TERMINATED 4133.0 condorpool - 257
1646432620 individuals_ID0000034 POST_SCRIPT_SUCCESS 0 condorpool - 257
1646432615 individuals_ID0000031 EXECUTE 4137.0 condorpool - 261
1646432616 individuals_ID0000030 JOB_TERMINATED 4136.0 condorpool - 260
1646432620 individuals_ID0000030 JOB_SUCCESS 0 condorpool - 260
1646432620 individuals_ID0000030 POST_SCRIPT_STARTED 4136.0 condorpool - 260
1646432618 individuals_ID0000035 JOB_TERMINATED 4134.0 condorpool - 258
1646432620 individuals_ID0000035 JOB_SUCCESS 0 condorpool - 258
1646432620 individuals_ID0000035 POST_SCRIPT_STARTED 4134.0 condorpool - 258
1646432619 individuals_ID0000032 EXECUTE 4138.0 condorpool - 262
1646432620 individuals_ID0000036 JOB_TERMINATED 4135.0 condorpool - 259
1646432620 individuals_ID0000036 JOB_SUCCESS 0 condorpool - 259
1646432620 individuals_ID0000036 POST_SCRIPT_STARTED 4135.0 condorpool - 259
1646432621 individuals_ID0000036 POST_SCRIPT_TERMINATED 4135.0 condorpool - 259
1646432625 individuals_ID0000036 POST_SCRIPT_SUCCESS 0 condorpool - 259
1646432621 individuals_ID0000030 POST_SCRIPT_TERMINATED 4136.0 condorpool - 260
1646432625 individuals_ID0000030 POST_SCRIPT_SUCCESS 0 condorpool - 260
1646432621 individuals_ID0000035 POST_SCRIPT_TERMINATED 4134.0 condorpool - 258
1646432625 individuals_ID0000035 POST_SCRIPT_SUCCESS 0 condorpool - 258
1646432621 individuals_ID0000004 EXECUTE 4139.0 condorpool - 263
1646432624 individuals_ID0000048 EXECUTE 4140.0 condorpool - 264
1646432987 individuals_ID0000031 JOB_TERMINATED 4137.0 condorpool - 261
1646432990 individuals_ID0000031 JOB_SUCCESS 0 condorpool - 261
1646432990 individuals_ID0000031 POST_SCRIPT_STARTED 4137.0 condorpool - 261
1646432987 individuals_ID0000032 JOB_TERMINATED 4138.0 condorpool - 262
1646432990 individuals_ID0000032 JOB_SUCCESS 0 condorpool - 262
1646432990 individuals_ID0000032 POST_SCRIPT_STARTED 4138.0 condorpool - 262
1646432990 individuals_ID0000031 POST_SCRIPT_TERMINATED 4137.0 condorpool - 261
1646432995 individuals_ID0000031 POST_SCRIPT_SUCCESS 0 condorpool - 261
1646432990 individuals_ID0000032 POST_SCRIPT_TERMINATED 4138.0 condorpool - 262
1646432995 individuals_ID0000032 POST_SCRIPT_SUCCESS 0 condorpool - 262
1646432991 individuals_ID0000005 EXECUTE 4141.0 condorpool - 265
1646432992 individuals_ID0000049 EXECUTE 4142.0 condorpool - 266
1646432993 individuals_ID0000048 JOB_TERMINATED 4140.0 condorpool - 264
1646432995 individuals_ID0000048 JOB_SUCCESS 0 condorpool - 264
1646432995 individuals_ID0000048 POST_SCRIPT_STARTED 4140.0 condorpool - 264
1646432994 individuals_ID0000004 JOB_TERMINATED 4139.0 condorpool - 263
1646432995 individuals_ID0000004 JOB_SUCCESS 0 condorpool - 263
1646432995 individuals_ID0000004 POST_SCRIPT_STARTED 4139.0 condorpool - 263
1646432996 individuals_ID0000004 POST_SCRIPT_TERMINATED 4139.0 condorpool - 263
1646433000 individuals_ID0000004 POST_SCRIPT_SUCCESS 0 condorpool - 263
1646432996 individuals_ID0000048 POST_SCRIPT_TERMINATED 4140.0 condorpool - 264
1646433000 individuals_ID0000048 POST_SCRIPT_SUCCESS 0 condorpool - 264
1646432997 individuals_ID0000006 EXECUTE 4143.0 condorpool - 267
1646432999 individuals_ID0000007 EXECUTE 4144.0 condorpool - 268
1646433378 individuals_ID0000049 JOB_TERMINATED 4142.0 condorpool - 266
1646433380 individuals_ID0000049 JOB_SUCCESS 0 condorpool - 266
1646433380 individuals_ID0000049 POST_SCRIPT_STARTED 4142.0 condorpool - 266
1646433380 individuals_ID0000005 JOB_TERMINATED 4141.0 condorpool - 265
1646433385 individuals_ID0000005 JOB_SUCCESS 0 condorpool - 265
1646433385 individuals_ID0000005 POST_SCRIPT_STARTED 4141.0 condorpool - 265
1646433380 individuals_ID0000049 POST_SCRIPT_TERMINATED 4142.0 condorpool - 266
1646433385 individuals_ID0000049 POST_SCRIPT_SUCCESS 0 condorpool - 266
1646433382 individuals_ID0000007 JOB_TERMINATED 4144.0 condorpool - 268
1646433385 individuals_ID0000007 JOB_SUCCESS 0 condorpool - 268
1646433385 individuals_ID0000007 POST_SCRIPT_STARTED 4144.0 condorpool - 268
1646433386 individuals_ID0000005 POST_SCRIPT_TERMINATED 4141.0 condorpool - 265
1646433390 individuals_ID0000005 POST_SCRIPT_SUCCESS 0 condorpool - 265
1646433386 individuals_ID0000007 POST_SCRIPT_TERMINATED 4144.0 condorpool - 268
1646433390 individuals_ID0000007 POST_SCRIPT_SUCCESS 0 condorpool - 268
1646433386 individuals_ID0000006 JOB_TERMINATED 4143.0 condorpool - 267
1646433390 individuals_ID0000006 JOB_SUCCESS 0 condorpool - 267
1646433390 individuals_ID0000006 POST_SCRIPT_STARTED 4143.0 condorpool - 267
1646433390 individuals_ID0000006 POST_SCRIPT_TERMINATED 4143.0 condorpool - 267
1646433395 individuals_ID0000006 POST_SCRIPT_SUCCESS 0 condorpool - 267
1646433425 individuals_ID0000045 EXECUTE 4147.0 condorpool - 271
1646433426 individuals_ID0000001 EXECUTE 4146.0 condorpool - 270
1646433426 individuals_ID0000044 EXECUTE 4145.0 condorpool - 269
1646433426 individuals_ID0000002 EXECUTE 4148.0 condorpool - 272
1646433474 individuals_ID0000001 JOB_TERMINATED 4146.0 condorpool - 270
1646433475 individuals_ID0000001 JOB_SUCCESS 0 condorpool - 270
1646433475 individuals_ID0000001 POST_SCRIPT_STARTED 4146.0 condorpool - 270
1646433475 individuals_ID0000001 POST_SCRIPT_TERMINATED 4146.0 condorpool - 270
1646433480 individuals_ID0000001 POST_SCRIPT_SUCCESS 0 condorpool - 270
1646433478 individuals_ID0000046 EXECUTE 4149.0 condorpool - 273
1646433712 individuals_ID0000002 JOB_TERMINATED 4148.0 condorpool - 272
1646433716 individuals_ID0000002 JOB_SUCCESS 0 condorpool - 272
1646433716 individuals_ID0000002 POST_SCRIPT_STARTED 4148.0 condorpool - 272
1646433716 individuals_ID0000003 EXECUTE 4150.0 condorpool - 274
1646433716 individuals_ID0000002 POST_SCRIPT_TERMINATED 4148.0 condorpool - 272
1646433721 individuals_ID0000002 POST_SCRIPT_SUCCESS 0 condorpool - 272
1646433784 individuals_ID0000044 JOB_TERMINATED 4145.0 condorpool - 269
1646433786 individuals_ID0000044 JOB_SUCCESS 0 condorpool - 269
1646433786 individuals_ID0000044 POST_SCRIPT_STARTED 4145.0 condorpool - 269
1646433785 individuals_ID0000045 JOB_TERMINATED 4147.0 condorpool - 271
1646433786 individuals_ID0000045 JOB_SUCCESS 0 condorpool - 271
1646433786 individuals_ID0000045 POST_SCRIPT_STARTED 4147.0 condorpool - 271
1646433786 individuals_ID0000044 POST_SCRIPT_TERMINATED 4145.0 condorpool - 269
1646433791 individuals_ID0000044 POST_SCRIPT_SUCCESS 0 condorpool - 269
1646433786 individuals_ID0000045 POST_SCRIPT_TERMINATED 4147.0 condorpool - 271
1646433791 individuals_ID0000045 POST_SCRIPT_SUCCESS 0 condorpool - 271
1646433788 individuals_ID0000047 EXECUTE 4151.0 condorpool - 275
1646433789 individuals_ID0000008 EXECUTE 4152.0 condorpool - 276
1646433833 individuals_ID0000046 JOB_TERMINATED 4149.0 condorpool - 273
1646433836 individuals_ID0000046 JOB_SUCCESS 0 condorpool - 273
1646433836 individuals_ID0000046 POST_SCRIPT_STARTED 4149.0 condorpool - 273
1646433837 individuals_ID0000046 POST_SCRIPT_TERMINATED 4149.0 condorpool - 273
1646433841 individuals_ID0000046 POST_SCRIPT_SUCCESS 0 condorpool - 273
1646433837 individuals_ID0000009 EXECUTE 4153.0 condorpool - 277
1646434074 individuals_ID0000003 JOB_TERMINATED 4150.0 condorpool - 274
1646434076 individuals_ID0000003 JOB_SUCCESS 0 condorpool - 274
1646434076 individuals_ID0000003 POST_SCRIPT_STARTED 4150.0 condorpool - 274
1646434076 individuals_ID0000003 POST_SCRIPT_TERMINATED 4150.0 condorpool - 274
1646434081 individuals_ID0000003 POST_SCRIPT_SUCCESS 0 condorpool - 274
1646434078 individuals_ID0000040 EXECUTE 4154.0 condorpool - 278
1646434153 individuals_ID0000008 JOB_TERMINATED 4152.0 condorpool - 276
1646434156 individuals_ID0000008 JOB_SUCCESS 0 condorpool - 276
1646434156 individuals_ID0000008 POST_SCRIPT_STARTED 4152.0 condorpool - 276
1646434157 individuals_ID0000008 POST_SCRIPT_TERMINATED 4152.0 condorpool - 276
1646434161 individuals_ID0000008 POST_SCRIPT_SUCCESS 0 condorpool - 276
1646434157 individuals_ID0000041 EXECUTE 4155.0 condorpool - 279
1646434157 individuals_ID0000047 JOB_TERMINATED 4151.0 condorpool - 275
1646434161 individuals_ID0000047 JOB_SUCCESS 0 condorpool - 275
1646434161 individuals_ID0000047 POST_SCRIPT_STARTED 4151.0 condorpool - 275
1646434161 individuals_ID0000047 POST_SCRIPT_TERMINATED 4151.0 condorpool - 275
1646434166 individuals_ID0000047 POST_SCRIPT_SUCCESS 0 condorpool - 275
1646434161 individuals_ID0000042 EXECUTE 4156.0 condorpool - 280
1646434198 individuals_ID0000009 JOB_TERMINATED 4153.0 condorpool - 277
1646434201 individuals_ID0000009 JOB_SUCCESS 0 condorpool - 277
1646434201 individuals_ID0000009 POST_SCRIPT_STARTED 4153.0 condorpool - 277
1646434201 individuals_ID0000043 EXECUTE 4157.0 condorpool - 281
1646434201 individuals_ID0000009 POST_SCRIPT_TERMINATED 4153.0 condorpool - 277
1646434206 individuals_ID0000009 POST_SCRIPT_SUCCESS 0 condorpool - 277
1646434442 individuals_ID0000040 JOB_TERMINATED 4154.0 condorpool - 278
1646434447 individuals_ID0000040 JOB_SUCCESS 0 condorpool - 278
1646434447 individuals_ID0000040 POST_SCRIPT_STARTED 4154.0 condorpool - 278
1646434446 individuals_ID0000015 EXECUTE 4158.0 condorpool - 282
1646434447 individuals_ID0000040 POST_SCRIPT_TERMINATED 4154.0 condorpool - 278
1646434452 individuals_ID0000040 POST_SCRIPT_SUCCESS 0 condorpool - 278
1646434538 individuals_ID0000042 JOB_TERMINATED 4156.0 condorpool - 280
1646434542 individuals_ID0000042 JOB_SUCCESS 0 condorpool - 280
1646434542 individuals_ID0000042 POST_SCRIPT_STARTED 4156.0 condorpool - 280
1646434542 individuals_ID0000016 EXECUTE 4159.0 condorpool - 283
1646434542 individuals_ID0000042 POST_SCRIPT_TERMINATED 4156.0 condorpool - 280
1646434547 individuals_ID0000042 POST_SCRIPT_SUCCESS 0 condorpool - 280
1646434545 individuals_ID0000041 JOB_TERMINATED 4155.0 condorpool - 279
1646434547 individuals_ID0000041 JOB_SUCCESS 0 condorpool - 279
1646434547 individuals_ID0000041 POST_SCRIPT_STARTED 4155.0 condorpool - 279
1646434548 individuals_ID0000041 POST_SCRIPT_TERMINATED 4155.0 condorpool - 279
1646434552 individuals_ID0000041 POST_SCRIPT_SUCCESS 0 condorpool - 279
1646434548 individuals_ID0000017 EXECUTE 4160.0 condorpool - 284
1646434574 individuals_ID0000043 JOB_TERMINATED 4157.0 condorpool - 281
1646434577 individuals_ID0000043 JOB_SUCCESS 0 condorpool - 281
1646434577 individuals_ID0000043 POST_SCRIPT_STARTED 4157.0 condorpool - 281
1646434577 individuals_ID0000043 POST_SCRIPT_TERMINATED 4157.0 condorpool - 281
1646434582 individuals_ID0000043 POST_SCRIPT_SUCCESS 0 condorpool - 281
1646434579 individuals_ID0000018 EXECUTE 4161.0 condorpool - 285
1646434811 individuals_ID0000015 JOB_TERMINATED 4158.0 condorpool - 282
1646434812 individuals_ID0000015 JOB_SUCCESS 0 condorpool - 282
1646434812 individuals_ID0000015 POST_SCRIPT_STARTED 4158.0 condorpool - 282
1646434813 individuals_ID0000015 POST_SCRIPT_TERMINATED 4158.0 condorpool - 282
1646434817 individuals_ID0000015 POST_SCRIPT_SUCCESS 0 condorpool - 282
1646434863 individuals_ID0000011 EXECUTE 4162.0 condorpool - 286
1646434921 individuals_ID0000017 JOB_TERMINATED 4160.0 condorpool - 284
1646434922 individuals_ID0000017 JOB_SUCCESS 0 condorpool - 284
1646434922 individuals_ID0000017 POST_SCRIPT_STARTED 4160.0 condorpool - 284
1646434922 individuals_ID0000017 POST_SCRIPT_TERMINATED 4160.0 condorpool - 284
1646434927 individuals_ID0000017 POST_SCRIPT_SUCCESS 0 condorpool - 284
1646434930 individuals_ID0000016 JOB_TERMINATED 4159.0 condorpool - 283
1646434932 individuals_ID0000016 JOB_SUCCESS 0 condorpool - 283
1646434932 individuals_ID0000016 POST_SCRIPT_STARTED 4159.0 condorpool - 283
1646434932 individuals_ID0000016 POST_SCRIPT_TERMINATED 4159.0 condorpool - 283
1646434937 individuals_ID0000016 POST_SCRIPT_SUCCESS 0 condorpool - 283
1646434947 individuals_ID0000018 JOB_TERMINATED 4161.0 condorpool - 285
1646434947 individuals_ID0000018 JOB_SUCCESS 0 condorpool - 285
1646434947 individuals_ID0000018 POST_SCRIPT_STARTED 4161.0 condorpool - 285
1646434948 individuals_ID0000018 POST_SCRIPT_TERMINATED 4161.0 condorpool - 285
1646434952 individuals_ID0000018 POST_SCRIPT_SUCCESS 0 condorpool - 285
1646434985 individuals_ID0000012 EXECUTE 4163.0 condorpool - 287
1646434985 individuals_ID0000014 EXECUTE 4165.0 condorpool - 289
1646434985 individuals_ID0000013 EXECUTE 4164.0 condorpool - 288
1646435224 individuals_ID0000011 JOB_TERMINATED 4162.0 condorpool - 286
1646435227 individuals_ID0000011 JOB_SUCCESS 0 condorpool - 286
1646435227 individuals_ID0000011 POST_SCRIPT_STARTED 4162.0 condorpool - 286
1646435227 individuals_ID0000011 POST_SCRIPT_TERMINATED 4162.0 condorpool - 286
1646435232 individuals_ID0000011 POST_SCRIPT_SUCCESS 0 condorpool - 286
1646435228 individuals_ID0000019 EXECUTE 4166.0 condorpool - 290
1646435343 individuals_ID0000012 JOB_TERMINATED 4163.0 condorpool - 287
1646435347 individuals_ID0000012 JOB_SUCCESS 0 condorpool - 287
1646435347 individuals_ID0000012 POST_SCRIPT_STARTED 4163.0 condorpool - 287
1646435347 individuals_ID0000010 EXECUTE 4167.0 condorpool - 291
1646435348 individuals_ID0000012 POST_SCRIPT_TERMINATED 4163.0 condorpool - 287
1646435352 individuals_ID0000012 POST_SCRIPT_SUCCESS 0 condorpool - 287
1646435352 individuals_ID0000013 JOB_TERMINATED 4164.0 condorpool - 288
1646435352 individuals_ID0000013 JOB_SUCCESS 0 condorpool - 288
1646435352 individuals_ID0000013 POST_SCRIPT_STARTED 4164.0 condorpool - 288
1646435352 individuals_ID0000013 POST_SCRIPT_TERMINATED 4164.0 condorpool - 288
1646435357 individuals_ID0000013 POST_SCRIPT_SUCCESS 0 condorpool - 288
1646435353 individuals_ID0000014 JOB_TERMINATED 4165.0 condorpool - 289
1646435357 individuals_ID0000014 JOB_SUCCESS 0 condorpool - 289
1646435357 individuals_ID0000014 POST_SCRIPT_STARTED 4165.0 condorpool - 289
1646435355 individuals_ID0000050 EXECUTE 4168.0 condorpool - 292
1646435357 individuals_ID0000026 EXECUTE 4169.0 condorpool - 293
1646435357 individuals_ID0000014 POST_SCRIPT_TERMINATED 4165.0 condorpool - 289
1646435362 individuals_ID0000014 POST_SCRIPT_SUCCESS 0 condorpool - 289
1646435589 individuals_ID0000019 JOB_TERMINATED 4166.0 condorpool - 290
1646435593 individuals_ID0000019 JOB_SUCCESS 0 condorpool - 290
1646435593 individuals_ID0000019 POST_SCRIPT_STARTED 4166.0 condorpool - 290
1646435593 individuals_ID0000027 EXECUTE 4170.0 condorpool - 294
1646435593 individuals_ID0000019 POST_SCRIPT_TERMINATED 4166.0 condorpool - 290
1646435598 individuals_ID0000019 POST_SCRIPT_SUCCESS 0 condorpool - 290
1646435717 individuals_ID0000010 JOB_TERMINATED 4167.0 condorpool - 291
1646435718 individuals_ID0000010 JOB_SUCCESS 0 condorpool - 291
1646435718 individuals_ID0000010 POST_SCRIPT_STARTED 4167.0 condorpool - 291
1646435718 individuals_ID0000010 POST_SCRIPT_TERMINATED 4167.0 condorpool - 291
1646435723 individuals_ID0000010 POST_SCRIPT_SUCCESS 0 condorpool - 291
1646435720 individuals_ID0000026 JOB_TERMINATED 4169.0 condorpool - 293
1646435723 individuals_ID0000026 JOB_SUCCESS 0 condorpool - 293
1646435723 individuals_ID0000026 POST_SCRIPT_STARTED 4169.0 condorpool - 293
1646435721 individuals_ID0000028 EXECUTE 4171.0 condorpool - 295
1646435724 individuals_ID0000026 POST_SCRIPT_TERMINATED 4169.0 condorpool - 293
1646435728 individuals_ID0000026 POST_SCRIPT_SUCCESS 0 condorpool - 293
1646435724 individuals_ID0000029 EXECUTE 4172.0 condorpool - 296
1646435727 individuals_ID0000050 JOB_TERMINATED 4168.0 condorpool - 292
1646435728 individuals_ID0000050 JOB_SUCCESS 0 condorpool - 292
1646435728 individuals_ID0000050 POST_SCRIPT_STARTED 4168.0 condorpool - 292
1646435728 individuals_ID0000050 POST_SCRIPT_TERMINATED 4168.0 condorpool - 292
1646435733 individuals_ID0000050 POST_SCRIPT_SUCCESS 0 condorpool - 292
1646435731 individuals_ID0000022 EXECUTE 4173.0 condorpool - 297
1646435969 individuals_ID0000027 JOB_TERMINATED 4170.0 condorpool - 294
1646435973 individuals_ID0000027 JOB_SUCCESS 0 condorpool - 294
1646435973 individuals_ID0000027 POST_SCRIPT_STARTED 4170.0 condorpool - 294
1646435973 individuals_ID0000023 EXECUTE 4174.0 condorpool - 298
1646435974 individuals_ID0000027 POST_SCRIPT_TERMINATED 4170.0 condorpool - 294
1646435978 individuals_ID0000027 POST_SCRIPT_SUCCESS 0 condorpool - 294
1646436110 individuals_ID0000028 JOB_TERMINATED 4171.0 condorpool - 295
1646436113 individuals_ID0000028 JOB_SUCCESS 0 condorpool - 295
1646436113 individuals_ID0000028 POST_SCRIPT_STARTED 4171.0 condorpool - 295
1646436113 individuals_ID0000028 POST_SCRIPT_TERMINATED 4171.0 condorpool - 295
1646436118 individuals_ID0000028 POST_SCRIPT_SUCCESS 0 condorpool - 295
1646436114 individuals_ID0000024 EXECUTE 4175.0 condorpool - 299
1646436116 individuals_ID0000022 JOB_TERMINATED 4173.0 condorpool - 297
1646436118 individuals_ID0000022 JOB_SUCCESS 0 condorpool - 297
1646436118 individuals_ID0000022 POST_SCRIPT_STARTED 4173.0 condorpool - 297
1646436117 individuals_ID0000029 JOB_TERMINATED 4172.0 condorpool - 296
1646436118 individuals_ID0000029 JOB_SUCCESS 0 condorpool - 296
1646436118 individuals_ID0000029 POST_SCRIPT_STARTED 4172.0 condorpool - 296
1646436119 individuals_ID0000022 POST_SCRIPT_TERMINATED 4173.0 condorpool - 297
1646436123 individuals_ID0000022 POST_SCRIPT_SUCCESS 0 condorpool - 297
1646436119 individuals_ID0000029 POST_SCRIPT_TERMINATED 4172.0 condorpool - 296
1646436123 individuals_ID0000029 POST_SCRIPT_SUCCESS 0 condorpool - 296
1646436122 individuals_ID0000025 EXECUTE 4176.0 condorpool - 300
1646436122 individuals_ID0000020 EXECUTE 4177.0 condorpool - 301
1646436347 individuals_ID0000023 JOB_TERMINATED 4174.0 condorpool - 298
1646436348 individuals_ID0000023 JOB_SUCCESS 0 condorpool - 298
1646436348 individuals_ID0000023 POST_SCRIPT_STARTED 4174.0 condorpool - 298
1646436348 individuals_ID0000023 POST_SCRIPT_TERMINATED 4174.0 condorpool - 298
1646436353 individuals_ID0000023 POST_SCRIPT_SUCCESS 0 condorpool - 298
1646436363 individuals_ID0000021 EXECUTE 4178.0 condorpool - 302
1646436487 individuals_ID0000024 JOB_TERMINATED 4175.0 condorpool - 299
1646436488 individuals_ID0000024 JOB_SUCCESS 0 condorpool - 299
1646436488 individuals_ID0000024 POST_SCRIPT_STARTED 4175.0 condorpool - 299
1646436489 individuals_ID0000024 POST_SCRIPT_TERMINATED 4175.0 condorpool - 299
1646436493 individuals_ID0000024 POST_SCRIPT_SUCCESS 0 condorpool - 299
1646436504 individuals_ID0000025 JOB_TERMINATED 4176.0 condorpool - 300
1646436508 individuals_ID0000025 JOB_SUCCESS 0 condorpool - 300
1646436508 individuals_ID0000025 POST_SCRIPT_STARTED 4176.0 condorpool - 300
1646436508 individuals_ID0000025 POST_SCRIPT_TERMINATED 4176.0 condorpool - 300
1646436513 individuals_ID0000025 POST_SCRIPT_SUCCESS 0 condorpool - 300
1646436509 individuals_ID0000020 JOB_TERMINATED 4177.0 condorpool - 301
1646436513 individuals_ID0000020 JOB_SUCCESS 0 condorpool - 301
1646436513 individuals_ID0000020 POST_SCRIPT_STARTED 4177.0 condorpool - 301
1646436513 individuals_ID0000020 POST_SCRIPT_TERMINATED 4177.0 condorpool - 301
1646436518 individuals_ID0000020 POST_SCRIPT_SUCCESS 0 condorpool - 301
1646436709 individuals_ID0000021 JOB_TERMINATED 4178.0 condorpool - 302
1646436713 individuals_ID0000021 JOB_SUCCESS 0 condorpool - 302
1646436713 individuals_ID0000021 POST_SCRIPT_STARTED 4178.0 condorpool - 302
1646436714 individuals_ID0000021 POST_SCRIPT_TERMINATED 4178.0 condorpool - 302
1646436718 individuals_ID0000021 POST_SCRIPT_SUCCESS 0 condorpool - 302
1646436723 individuals_merge_ID0000051 SUBMIT 4179.0 condorpool - 303
1646436727 individuals_merge_ID0000051 EXECUTE 4179.0 condorpool - 303
1646440745 individuals_merge_ID0000051 JOB_TERMINATED 4179.0 condorpool - 303
1646440750 individuals_merge_ID0000051 JOB_SUCCESS 0 condorpool - 303
1646440750 individuals_merge_ID0000051 POST_SCRIPT_STARTED 4179.0 condorpool - 303
1646440750 individuals_merge_ID0000051 POST_SCRIPT_TERMINATED 4179.0 condorpool - 303
1646440755 individuals_merge_ID0000051 POST_SCRIPT_SUCCESS 0 condorpool - 303
1646440760 frequency_ID0000060 SUBMIT 4180.0 condorpool - 304
1646440760 frequency_ID0000062 SUBMIT 4181.0 condorpool - 305
1646440760 mutation_overlap_ID0000053 SUBMIT 4182.0 condorpool - 306
1646440760 mutation_overlap_ID0000063 SUBMIT 4183.0 condorpool - 307
1646440760 frequency_ID0000058 SUBMIT 4184.0 condorpool - 308
1646440765 mutation_overlap_ID0000055 SUBMIT 4185.0 condorpool - 309
1646440765 mutation_overlap_ID0000065 SUBMIT 4186.0 condorpool - 310
1646440765 frequency_ID0000064 SUBMIT 4187.0 condorpool - 311
1646440765 frequency_ID0000054 SUBMIT 4188.0 condorpool - 312
1646440765 frequency_ID0000066 SUBMIT 4189.0 condorpool - 313
1646440767 frequency_ID0000060 EXECUTE 4180.0 condorpool - 304
1646440767 frequency_ID0000062 EXECUTE 4181.0 condorpool - 305
1646440767 mutation_overlap_ID0000053 EXECUTE 4182.0 condorpool - 306
1646440767 mutation_overlap_ID0000063 EXECUTE 4183.0 condorpool - 307
1646440770 mutation_overlap_ID0000061 SUBMIT 4190.0 condorpool - 314
1646440770 frequency_ID0000056 SUBMIT 4191.0 condorpool - 315
1646440770 mutation_overlap_ID0000057 SUBMIT 4192.0 condorpool - 316
1646440770 mutation_overlap_ID0000059 SUBMIT 4193.0 condorpool - 317
1646440889 mutation_overlap_ID0000063 JOB_TERMINATED 4183.0 condorpool - 307
1646440891 mutation_overlap_ID0000063 JOB_SUCCESS 0 condorpool - 307
1646440891 mutation_overlap_ID0000063 POST_SCRIPT_STARTED 4183.0 condorpool - 307
1646440891 mutation_overlap_ID0000063 POST_SCRIPT_TERMINATED 4183.0 condorpool - 307
1646440896 mutation_overlap_ID0000063 POST_SCRIPT_SUCCESS 0 condorpool - 307
1646440893 mutation_overlap_ID0000053 JOB_TERMINATED 4182.0 condorpool - 306
1646440896 mutation_overlap_ID0000053 JOB_SUCCESS 0 condorpool - 306
1646440896 mutation_overlap_ID0000053 POST_SCRIPT_STARTED 4182.0 condorpool - 306
1646440896 mutation_overlap_ID0000053 POST_SCRIPT_TERMINATED 4182.0 condorpool - 306
1646440901 mutation_overlap_ID0000053 POST_SCRIPT_SUCCESS 0 condorpool - 306
1646440967 frequency_ID0000058 EXECUTE 4184.0 condorpool - 308
1646440967 mutation_overlap_ID0000055 EXECUTE 4185.0 condorpool - 309
1646441092 mutation_overlap_ID0000055 JOB_TERMINATED 4185.0 condorpool - 309
1646441096 mutation_overlap_ID0000055 JOB_SUCCESS 0 condorpool - 309
1646441096 mutation_overlap_ID0000055 POST_SCRIPT_STARTED 4185.0 condorpool - 309
1646441096 mutation_overlap_ID0000055 POST_SCRIPT_TERMINATED 4185.0 condorpool - 309
1646441101 mutation_overlap_ID0000055 POST_SCRIPT_SUCCESS 0 condorpool - 309
1646441147 mutation_overlap_ID0000065 EXECUTE 4186.0 condorpool - 310
1646441231 mutation_overlap_ID0000065 JOB_TERMINATED 4186.0 condorpool - 310
1646441231 mutation_overlap_ID0000065 JOB_SUCCESS 0 condorpool - 310
1646441231 mutation_overlap_ID0000065 POST_SCRIPT_STARTED 4186.0 condorpool - 310
1646441232 mutation_overlap_ID0000065 POST_SCRIPT_TERMINATED 4186.0 condorpool - 310
1646441236 mutation_overlap_ID0000065 POST_SCRIPT_SUCCESS 0 condorpool - 310
1646441249 frequency_ID0000064 EXECUTE 4187.0 condorpool - 311
1646441359 frequency_ID0000060 JOB_TERMINATED 4180.0 condorpool - 304
1646441361 frequency_ID0000060 JOB_SUCCESS 0 condorpool - 304
1646441361 frequency_ID0000060 POST_SCRIPT_STARTED 4180.0 condorpool - 304
1646441361 frequency_ID0000060 POST_SCRIPT_TERMINATED 4180.0 condorpool - 304
1646441366 frequency_ID0000060 POST_SCRIPT_SUCCESS 0 condorpool - 304
1646441372 frequency_ID0000062 JOB_TERMINATED 4181.0 condorpool - 305
1646441376 frequency_ID0000062 JOB_SUCCESS 0 condorpool - 305
1646441376 frequency_ID0000062 POST_SCRIPT_STARTED 4181.0 condorpool - 305
1646441377 frequency_ID0000062 POST_SCRIPT_TERMINATED 4181.0 condorpool - 305
1646441381 frequency_ID0000062 POST_SCRIPT_SUCCESS 0 condorpool - 305
1646441448 frequency_ID0000066 EXECUTE 4189.0 condorpool - 313
1646441448 frequency_ID0000054 EXECUTE 4188.0 condorpool - 312
1646441553 frequency_ID0000058 JOB_TERMINATED 4184.0 condorpool - 308
1646441556 frequency_ID0000058 JOB_SUCCESS 0 condorpool - 308
1646441556 frequency_ID0000058 POST_SCRIPT_STARTED 4184.0 condorpool - 308
1646441556 frequency_ID0000058 POST_SCRIPT_TERMINATED 4184.0 condorpool - 308
1646441561 frequency_ID0000058 POST_SCRIPT_SUCCESS 0 condorpool - 308
1646441627 mutation_overlap_ID0000061 EXECUTE 4190.0 condorpool - 314
1646441715 mutation_overlap_ID0000061 JOB_TERMINATED 4190.0 condorpool - 314
1646441716 mutation_overlap_ID0000061 JOB_SUCCESS 0 condorpool - 314
1646441716 mutation_overlap_ID0000061 POST_SCRIPT_STARTED 4190.0 condorpool - 314
1646441717 mutation_overlap_ID0000061 POST_SCRIPT_TERMINATED 4190.0 condorpool - 314
1646441722 mutation_overlap_ID0000061 POST_SCRIPT_SUCCESS 0 condorpool - 314
1646441733 frequency_ID0000056 EXECUTE 4191.0 condorpool - 315
1646441782 frequency_ID0000064 JOB_TERMINATED 4187.0 condorpool - 311
1646441787 frequency_ID0000064 JOB_SUCCESS 0 condorpool - 311
1646441787 frequency_ID0000064 POST_SCRIPT_STARTED 4187.0 condorpool - 311
1646441787 frequency_ID0000064 POST_SCRIPT_TERMINATED 4187.0 condorpool - 311
1646441792 frequency_ID0000064 POST_SCRIPT_SUCCESS 0 condorpool - 311
1646441867 mutation_overlap_ID0000057 EXECUTE 4192.0 condorpool - 316
1646442014 mutation_overlap_ID0000057 JOB_TERMINATED 4192.0 condorpool - 316
1646442017 mutation_overlap_ID0000057 JOB_SUCCESS 0 condorpool - 316
1646442017 mutation_overlap_ID0000057 POST_SCRIPT_STARTED 4192.0 condorpool - 316
1646442018 mutation_overlap_ID0000057 POST_SCRIPT_TERMINATED 4192.0 condorpool - 316
1646442022 mutation_overlap_ID0000057 POST_SCRIPT_SUCCESS 0 condorpool - 316
1646442033 mutation_overlap_ID0000059 EXECUTE 4193.0 condorpool - 317
1646442045 frequency_ID0000066 JOB_TERMINATED 4189.0 condorpool - 313
1646442047 frequency_ID0000066 JOB_SUCCESS 0 condorpool - 313
1646442047 frequency_ID0000066 POST_SCRIPT_STARTED 4189.0 condorpool - 313
1646442047 frequency_ID0000066 POST_SCRIPT_TERMINATED 4189.0 condorpool - 313
1646442052 frequency_ID0000066 POST_SCRIPT_SUCCESS 0 condorpool - 313
1646442071 frequency_ID0000054 JOB_TERMINATED 4188.0 condorpool - 312
1646442072 frequency_ID0000054 JOB_SUCCESS 0 condorpool - 312
1646442072 frequency_ID0000054 POST_SCRIPT_STARTED 4188.0 condorpool - 312
1646442073 frequency_ID0000054 POST_SCRIPT_TERMINATED 4188.0 condorpool - 312
1646442077 frequency_ID0000054 POST_SCRIPT_SUCCESS 0 condorpool - 312
1646442082 stage_out_local_local_2_0 SUBMIT 4194.0 local - 318
1646442082 stage_out_local_local_2_0 EXECUTE 4194.0 local - 318
1646442086 stage_out_local_local_2_0 JOB_TERMINATED 4194.0 local - 318
1646442087 stage_out_local_local_2_0 JOB_SUCCESS 0 local - 318
1646442087 stage_out_local_local_2_0 POST_SCRIPT_STARTED 4194.0 local - 318
1646442087 stage_out_local_local_2_0 POST_SCRIPT_TERMINATED 4194.0 local - 318
1646442092 stage_out_local_local_2_0 POST_SCRIPT_SUCCESS 0 local - 318
1646442153 mutation_overlap_ID0000059 JOB_TERMINATED 4193.0 condorpool - 317
1646442157 mutation_overlap_ID0000059 JOB_SUCCESS 0 condorpool - 317
1646442157 mutation_overlap_ID0000059 POST_SCRIPT_STARTED 4193.0 condorpool - 317
1646442157 mutation_overlap_ID0000059 POST_SCRIPT_TERMINATED 4193.0 condorpool - 317
1646442162 mutation_overlap_ID0000059 POST_SCRIPT_SUCCESS 0 condorpool - 317
1646442268 frequency_ID0000056 JOB_TERMINATED 4191.0 condorpool - 315
1646442272 frequency_ID0000056 JOB_SUCCESS 0 condorpool - 315
1646442272 frequency_ID0000056 POST_SCRIPT_STARTED 4191.0 condorpool - 315
1646442273 frequency_ID0000056 POST_SCRIPT_TERMINATED 4191.0 condorpool - 315
1646442277 frequency_ID0000056 POST_SCRIPT_SUCCESS 0 condorpool - 315
1646442282 stage_out_local_local_2_1 SUBMIT 4195.0 local - 319
1646442282 stage_out_local_local_2_1 EXECUTE 4195.0 local - 319
1646442286 stage_out_local_local_2_1 JOB_TERMINATED 4195.0 local - 319
1646442287 stage_out_local_local_2_1 JOB_SUCCESS 0 local - 319
1646442287 stage_out_local_local_2_1 POST_SCRIPT_STARTED 4195.0 local - 319
1646442287 stage_out_local_local_2_1 POST_SCRIPT_TERMINATED 4195.0 local - 319
1646442292 stage_out_local_local_2_1 POST_SCRIPT_SUCCESS 0 local - 319
1646442297 cleanup_1000-genome_0_local SUBMIT 4196.0 local - 320
1646442297 cleanup_1000-genome_0_local EXECUTE 4196.0 local - 320
1646442299 cleanup_1000-genome_0_local JOB_TERMINATED 4196.0 local - 320
1646442302 cleanup_1000-genome_0_local JOB_SUCCESS 0 local - 320
1646442302 cleanup_1000-genome_0_local POST_SCRIPT_STARTED 4196.0 local - 320
1646442302 cleanup_1000-genome_0_local POST_SCRIPT_TERMINATED 4196.0 local - 320
1646442307 cleanup_1000-genome_0_local POST_SCRIPT_SUCCESS 0 local - 320
1646442307 INTERNAL *** DAGMAN_FINISHED 0 ***
1646442309 INTERNAL *** MONITORD_FINISHED 0 ***
