1645666939 INTERNAL *** MONITORD_STARTED ***
1645666938 INTERNAL *** DAGMAN_STARTED 2576.0 ***
1645666942 create_dir_1000-genome_0_local SUBMIT 2577.0 local - 81
1645666943 create_dir_1000-genome_0_local EXECUTE 2577.0 local - 81
1645666945 create_dir_1000-genome_0_local JOB_TERMINATED 2577.0 local - 81
1645666947 create_dir_1000-genome_0_local JOB_SUCCESS 0 local - 81
1645666947 create_dir_1000-genome_0_local POST_SCRIPT_STARTED 2577.0 local - 81
1645666947 create_dir_1000-genome_0_local POST_SCRIPT_TERMINATED 2577.0 local - 81
1645666952 create_dir_1000-genome_0_local POST_SCRIPT_SUCCESS 0 local - 81
1645666957 stage_in_remote_local_2_0 SUBMIT 2578.0 local - 82
1645666957 stage_in_remote_local_2_0 EXECUTE 2578.0 local - 82
1645666957 stage_in_remote_local_1_0 SUBMIT 2579.0 local - 83
1645666957 stage_in_remote_local_0_0 SUBMIT 2580.0 local - 84
1645666957 stage_in_local_local_0_0 SUBMIT 2581.0 local - 85
1645666957 stage_in_local_local_2_0 SUBMIT 2582.0 local - 86
1645666959 stage_in_remote_local_2_0 JOB_TERMINATED 2578.0 local - 82
1645666962 stage_in_remote_local_2_0 JOB_SUCCESS 0 local - 82
1645666962 stage_in_remote_local_2_0 POST_SCRIPT_STARTED 2578.0 local - 82
1645666959 stage_in_local_local_2_0 EXECUTE 2582.0 local - 86
1645666959 stage_in_local_local_0_0 EXECUTE 2581.0 local - 85
1645666959 stage_in_remote_local_0_0 EXECUTE 2580.0 local - 84
1645666959 stage_in_remote_local_1_0 EXECUTE 2579.0 local - 83
1645666962 stage_in_local_local_0_0 JOB_TERMINATED 2581.0 local - 85
1645666962 stage_in_local_local_0_0 JOB_SUCCESS 0 local - 85
1645666962 stage_in_local_local_0_0 POST_SCRIPT_STARTED 2581.0 local - 85
1645666962 stage_in_remote_local_0_0 JOB_TERMINATED 2580.0 local - 84
1645666962 stage_in_remote_local_0_0 JOB_SUCCESS 0 local - 84
1645666962 stage_in_remote_local_0_0 POST_SCRIPT_STARTED 2580.0 local - 84
1645666962 stage_in_remote_local_1_0 JOB_TERMINATED 2579.0 local - 83
1645666962 stage_in_remote_local_1_0 JOB_SUCCESS 0 local - 83
1645666962 stage_in_remote_local_1_0 POST_SCRIPT_STARTED 2579.0 local - 83
1645666962 stage_in_remote_local_0_1 SUBMIT 2583.0 local - 87
1645666962 stage_in_local_local_0_1 SUBMIT 2584.0 local - 88
1645666962 stage_in_remote_local_0_1 EXECUTE 2583.0 local - 87
1645666962 stage_in_local_local_0_1 EXECUTE 2584.0 local - 88
1645666962 stage_in_local_local_2_1 SUBMIT 2585.0 local - 89
1645666962 stage_in_remote_local_2_1 SUBMIT 2586.0 local - 90
1645666962 stage_in_local_local_2_1 EXECUTE 2585.0 local - 89
1645666962 stage_in_local_local_0_2 SUBMIT 2587.0 local - 91
1645666963 stage_in_remote_local_2_0 POST_SCRIPT_TERMINATED 2578.0 local - 82
1645666967 stage_in_remote_local_2_0 POST_SCRIPT_SUCCESS 0 local - 82
1645666963 stage_in_local_local_0_0 POST_SCRIPT_TERMINATED 2581.0 local - 85
1645666967 stage_in_local_local_0_0 POST_SCRIPT_SUCCESS 0 local - 85
1645666963 stage_in_remote_local_0_0 POST_SCRIPT_TERMINATED 2580.0 local - 84
1645666967 stage_in_remote_local_0_0 POST_SCRIPT_SUCCESS 0 local - 84
1645666963 stage_in_remote_local_1_0 POST_SCRIPT_TERMINATED 2579.0 local - 83
1645666967 stage_in_remote_local_1_0 POST_SCRIPT_SUCCESS 0 local - 83
1645666963 stage_in_remote_local_2_1 EXECUTE 2586.0 local - 90
1645666963 stage_in_local_local_0_2 EXECUTE 2587.0 local - 91
1645666964 stage_in_local_local_2_0 JOB_TERMINATED 2582.0 local - 86
1645666967 stage_in_local_local_2_0 JOB_SUCCESS 0 local - 86
1645666967 stage_in_local_local_2_0 POST_SCRIPT_STARTED 2582.0 local - 86
1645666965 stage_in_remote_local_0_1 JOB_TERMINATED 2583.0 local - 87
1645666967 stage_in_remote_local_0_1 JOB_SUCCESS 0 local - 87
1645666967 stage_in_remote_local_0_1 POST_SCRIPT_STARTED 2583.0 local - 87
1645666965 stage_in_local_local_0_1 JOB_TERMINATED 2584.0 local - 88
1645666967 stage_in_local_local_0_1 JOB_SUCCESS 0 local - 88
1645666967 stage_in_local_local_0_1 POST_SCRIPT_STARTED 2584.0 local - 88
1645666965 stage_in_remote_local_2_1 JOB_TERMINATED 2586.0 local - 90
1645666967 stage_in_remote_local_2_1 JOB_SUCCESS 0 local - 90
1645666967 stage_in_remote_local_2_1 POST_SCRIPT_STARTED 2586.0 local - 90
1645666965 stage_in_local_local_0_2 JOB_TERMINATED 2587.0 local - 91
1645666967 stage_in_local_local_0_2 JOB_SUCCESS 0 local - 91
1645666967 stage_in_local_local_0_2 POST_SCRIPT_STARTED 2587.0 local - 91
1645666967 stage_in_local_local_2_1 JOB_TERMINATED 2585.0 local - 89
1645666967 stage_in_local_local_2_1 JOB_SUCCESS 0 local - 89
1645666967 stage_in_local_local_2_1 POST_SCRIPT_STARTED 2585.0 local - 89
1645666967 stage_in_remote_local_2_1 POST_SCRIPT_TERMINATED 2586.0 local - 90
1645666972 stage_in_remote_local_2_1 POST_SCRIPT_SUCCESS 0 local - 90
1645666967 stage_in_remote_local_0_1 POST_SCRIPT_TERMINATED 2583.0 local - 87
1645666972 stage_in_remote_local_0_1 POST_SCRIPT_SUCCESS 0 local - 87
1645666967 stage_in_local_local_0_1 POST_SCRIPT_TERMINATED 2584.0 local - 88
1645666972 stage_in_local_local_0_1 POST_SCRIPT_SUCCESS 0 local - 88
1645666967 stage_in_local_local_0_2 POST_SCRIPT_TERMINATED 2587.0 local - 91
1645666972 stage_in_local_local_0_2 POST_SCRIPT_SUCCESS 0 local - 91
1645666967 stage_in_local_local_2_0 POST_SCRIPT_TERMINATED 2582.0 local - 86
1645666972 stage_in_local_local_2_0 POST_SCRIPT_SUCCESS 0 local - 86
1645666967 stage_in_local_local_2_1 POST_SCRIPT_TERMINATED 2585.0 local - 89
1645666972 stage_in_local_local_2_1 POST_SCRIPT_SUCCESS 0 local - 89
1645666977 individuals_ID0000037 SUBMIT 2588.0 condorpool - 92
1645666977 individuals_ID0000038 SUBMIT 2589.0 condorpool - 93
1645666977 individuals_ID0000039 SUBMIT 2590.0 condorpool - 94
1645666977 individuals_ID0000033 SUBMIT 2591.0 condorpool - 95
1645666977 individuals_ID0000034 SUBMIT 2592.0 condorpool - 96
1645666982 individuals_ID0000035 SUBMIT 2593.0 condorpool - 97
1645666982 individuals_ID0000036 SUBMIT 2594.0 condorpool - 98
1645666982 individuals_ID0000030 SUBMIT 2595.0 condorpool - 99
1645666982 individuals_ID0000031 SUBMIT 2596.0 condorpool - 100
1645666982 individuals_ID0000032 SUBMIT 2597.0 condorpool - 101
1645666987 individuals_ID0000004 SUBMIT 2598.0 condorpool - 102
1645666988 individuals_ID0000048 SUBMIT 2599.0 condorpool - 103
1645666988 individuals_ID0000005 SUBMIT 2600.0 condorpool - 104
1645666988 individuals_ID0000049 SUBMIT 2601.0 condorpool - 105
1645666988 individuals_ID0000006 SUBMIT 2602.0 condorpool - 106
1645666993 individuals_ID0000007 SUBMIT 2603.0 condorpool - 107
1645666993 individuals_ID0000044 SUBMIT 2604.0 condorpool - 108
1645666993 individuals_ID0000001 SUBMIT 2605.0 condorpool - 109
1645666993 individuals_ID0000045 SUBMIT 2606.0 condorpool - 110
1645666993 individuals_ID0000002 SUBMIT 2607.0 condorpool - 111
1645666998 individuals_ID0000046 SUBMIT 2608.0 condorpool - 112
1645666998 individuals_ID0000003 SUBMIT 2609.0 condorpool - 113
1645666998 individuals_ID0000047 SUBMIT 2610.0 condorpool - 114
1645666998 individuals_ID0000008 SUBMIT 2611.0 condorpool - 115
1645666998 individuals_ID0000009 SUBMIT 2612.0 condorpool - 116
1645667002 individuals_ID0000037 EXECUTE 2588.0 condorpool - 92
1645667002 individuals_ID0000038 EXECUTE 2589.0 condorpool - 93
1645667002 individuals_ID0000032 EXECUTE 2597.0 condorpool - 101
1645667002 individuals_ID0000031 EXECUTE 2596.0 condorpool - 100
1645667002 individuals_ID0000006 EXECUTE 2602.0 condorpool - 106
1645667002 individuals_ID0000005 EXECUTE 2600.0 condorpool - 104
1645667003 individuals_ID0000049 EXECUTE 2601.0 condorpool - 105
1645667003 individuals_ID0000040 SUBMIT 2613.0 condorpool - 117
1645667003 individuals_ID0000041 SUBMIT 2614.0 condorpool - 118
1645667003 individuals_ID0000042 SUBMIT 2615.0 condorpool - 119
1645667003 individuals_ID0000043 SUBMIT 2616.0 condorpool - 120
1645667003 individuals_ID0000015 SUBMIT 2617.0 condorpool - 121
1645667004 individuals_ID0000035 EXECUTE 2593.0 condorpool - 97
1645667004 individuals_ID0000036 EXECUTE 2594.0 condorpool - 98
1645667004 individuals_ID0000034 EXECUTE 2592.0 condorpool - 96
1645667008 individuals_ID0000016 SUBMIT 2618.0 condorpool - 122
1645667008 individuals_ID0000017 SUBMIT 2619.0 condorpool - 123
1645667008 individuals_ID0000018 SUBMIT 2620.0 condorpool - 124
1645667008 individuals_ID0000011 SUBMIT 2621.0 condorpool - 125
1645667009 individuals_ID0000012 SUBMIT 2622.0 condorpool - 126
1645667010 individuals_ID0000004 EXECUTE 2598.0 condorpool - 102
1645667012 individuals_ID0000048 EXECUTE 2599.0 condorpool - 103
1645667012 individuals_ID0000039 EXECUTE 2590.0 condorpool - 94
1645667013 individuals_ID0000033 EXECUTE 2591.0 condorpool - 95
1645667014 individuals_ID0000013 SUBMIT 2623.0 condorpool - 127
1645667014 individuals_ID0000014 SUBMIT 2624.0 condorpool - 128
1645667014 individuals_ID0000019 SUBMIT 2625.0 condorpool - 129
1645667014 individuals_ID0000010 SUBMIT 2626.0 condorpool - 130
1645667014 individuals_ID0000050 SUBMIT 2627.0 condorpool - 131
1645667016 individuals_ID0000030 EXECUTE 2595.0 condorpool - 99
1645667019 individuals_ID0000026 SUBMIT 2628.0 condorpool - 132
1645667019 individuals_ID0000027 SUBMIT 2629.0 condorpool - 133
1645667019 individuals_ID0000028 SUBMIT 2630.0 condorpool - 134
1645667019 individuals_ID0000029 SUBMIT 2631.0 condorpool - 135
1645667019 individuals_ID0000022 SUBMIT 2632.0 condorpool - 136
1645667021 individuals_ID0000003 EXECUTE 2609.0 condorpool - 113
1645667021 individuals_ID0000008 EXECUTE 2611.0 condorpool - 115
1645667021 individuals_ID0000047 EXECUTE 2610.0 condorpool - 114
1645667024 individuals_ID0000023 SUBMIT 2633.0 condorpool - 137
1645667024 individuals_ID0000024 SUBMIT 2634.0 condorpool - 138
1645667024 individuals_ID0000025 SUBMIT 2635.0 condorpool - 139
1645667024 individuals_ID0000020 SUBMIT 2636.0 condorpool - 140
1645667024 individuals_ID0000021 SUBMIT 2637.0 condorpool - 141
1645667026 individuals_ID0000045 EXECUTE 2606.0 condorpool - 110
1645667026 individuals_ID0000001 EXECUTE 2605.0 condorpool - 109
1645667026 individuals_ID0000002 EXECUTE 2607.0 condorpool - 111
1645667026 individuals_ID0000044 EXECUTE 2604.0 condorpool - 108
1645667028 individuals_ID0000046 EXECUTE 2608.0 condorpool - 112
1645667029 individuals_ID0000007 EXECUTE 2603.0 condorpool - 107
1645667029 sifting_ID0000052 SUBMIT 2638.0 condorpool - 142
1645667094 individuals_ID0000001 JOB_TERMINATED 2605.0 condorpool - 109
1645667094 individuals_ID0000001 JOB_SUCCESS 0 condorpool - 109
1645667094 individuals_ID0000001 POST_SCRIPT_STARTED 2605.0 condorpool - 109
1645667095 individuals_ID0000001 POST_SCRIPT_TERMINATED 2605.0 condorpool - 109
1645667099 individuals_ID0000001 POST_SCRIPT_SUCCESS 0 condorpool - 109
1645667098 individuals_ID0000009 EXECUTE 2612.0 condorpool - 116
1645667366 individuals_ID0000002 JOB_TERMINATED 2607.0 condorpool - 111
1645667369 individuals_ID0000002 JOB_SUCCESS 0 condorpool - 111
1645667369 individuals_ID0000002 POST_SCRIPT_STARTED 2607.0 condorpool - 111
1645667369 individuals_ID0000002 POST_SCRIPT_TERMINATED 2607.0 condorpool - 111
1645667374 individuals_ID0000002 POST_SCRIPT_SUCCESS 0 condorpool - 111
1645667371 individuals_ID0000040 EXECUTE 2613.0 condorpool - 117
1645667404 individuals_ID0000037 JOB_TERMINATED 2588.0 condorpool - 92
1645667404 individuals_ID0000037 JOB_SUCCESS 0 condorpool - 92
1645667404 individuals_ID0000037 POST_SCRIPT_STARTED 2588.0 condorpool - 92
1645667405 individuals_ID0000037 POST_SCRIPT_TERMINATED 2588.0 condorpool - 92
1645667409 individuals_ID0000037 POST_SCRIPT_SUCCESS 0 condorpool - 92
1645667408 individuals_ID0000030 JOB_TERMINATED 2595.0 condorpool - 99
1645667409 individuals_ID0000030 JOB_SUCCESS 0 condorpool - 99
1645667409 individuals_ID0000030 POST_SCRIPT_STARTED 2595.0 condorpool - 99
1645667409 individuals_ID0000030 POST_SCRIPT_TERMINATED 2595.0 condorpool - 99
1645667414 individuals_ID0000030 POST_SCRIPT_SUCCESS 0 condorpool - 99
1645667409 individuals_ID0000036 JOB_TERMINATED 2594.0 condorpool - 98
1645667414 individuals_ID0000036 JOB_SUCCESS 0 condorpool - 98
1645667414 individuals_ID0000036 POST_SCRIPT_STARTED 2594.0 condorpool - 98
1645667410 individuals_ID0000041 EXECUTE 2614.0 condorpool - 118
1645667413 individuals_ID0000035 JOB_TERMINATED 2593.0 condorpool - 97
1645667414 individuals_ID0000035 JOB_SUCCESS 0 condorpool - 97
1645667414 individuals_ID0000035 POST_SCRIPT_STARTED 2593.0 condorpool - 97
1645667414 individuals_ID0000035 POST_SCRIPT_TERMINATED 2593.0 condorpool - 97
1645667419 individuals_ID0000035 POST_SCRIPT_SUCCESS 0 condorpool - 97
1645667414 individuals_ID0000036 POST_SCRIPT_TERMINATED 2594.0 condorpool - 98
1645667419 individuals_ID0000036 POST_SCRIPT_SUCCESS 0 condorpool - 98
1645667421 individuals_ID0000042 EXECUTE 2615.0 condorpool - 119
1645667421 individuals_ID0000043 EXECUTE 2616.0 condorpool - 120
1645667429 individuals_ID0000038 JOB_TERMINATED 2589.0 condorpool - 93
1645667429 individuals_ID0000038 JOB_SUCCESS 0 condorpool - 93
1645667429 individuals_ID0000038 POST_SCRIPT_STARTED 2589.0 condorpool - 93
1645667430 individuals_ID0000038 POST_SCRIPT_TERMINATED 2589.0 condorpool - 93
1645667434 individuals_ID0000038 POST_SCRIPT_SUCCESS 0 condorpool - 93
1645667437 individuals_ID0000015 EXECUTE 2617.0 condorpool - 121
1645667446 individuals_ID0000016 EXECUTE 2618.0 condorpool - 122
1645667447 individuals_ID0000033 JOB_TERMINATED 2591.0 condorpool - 95
1645667449 individuals_ID0000033 JOB_SUCCESS 0 condorpool - 95
1645667449 individuals_ID0000033 POST_SCRIPT_STARTED 2591.0 condorpool - 95
1645667449 individuals_ID0000033 POST_SCRIPT_TERMINATED 2591.0 condorpool - 95
1645667454 individuals_ID0000033 POST_SCRIPT_SUCCESS 0 condorpool - 95
1645667460 individuals_ID0000039 JOB_TERMINATED 2590.0 condorpool - 94
1645667464 individuals_ID0000039 JOB_SUCCESS 0 condorpool - 94
1645667464 individuals_ID0000039 POST_SCRIPT_STARTED 2590.0 condorpool - 94
1645667461 individuals_ID0000017 EXECUTE 2619.0 condorpool - 123
1645667462 individuals_ID0000034 JOB_TERMINATED 2592.0 condorpool - 96
1645667464 individuals_ID0000034 JOB_SUCCESS 0 condorpool - 96
1645667464 individuals_ID0000034 POST_SCRIPT_STARTED 2592.0 condorpool - 96
1645667465 individuals_ID0000039 POST_SCRIPT_TERMINATED 2590.0 condorpool - 94
1645667469 individuals_ID0000039 POST_SCRIPT_SUCCESS 0 condorpool - 94
1645667465 individuals_ID0000034 POST_SCRIPT_TERMINATED 2592.0 condorpool - 96
1645667469 individuals_ID0000034 POST_SCRIPT_SUCCESS 0 condorpool - 96
1645667471 individuals_ID0000018 EXECUTE 2620.0 condorpool - 124
1645667473 individuals_ID0000011 EXECUTE 2621.0 condorpool - 125
1645667475 individuals_ID0000049 JOB_TERMINATED 2601.0 condorpool - 105
1645667479 individuals_ID0000049 JOB_SUCCESS 0 condorpool - 105
1645667479 individuals_ID0000049 POST_SCRIPT_STARTED 2601.0 condorpool - 105
1645667479 individuals_ID0000049 POST_SCRIPT_TERMINATED 2601.0 condorpool - 105
1645667484 individuals_ID0000049 POST_SCRIPT_SUCCESS 0 condorpool - 105
1645667479 individuals_ID0000046 JOB_TERMINATED 2608.0 condorpool - 112
1645667484 individuals_ID0000046 JOB_SUCCESS 0 condorpool - 112
1645667484 individuals_ID0000046 POST_SCRIPT_STARTED 2608.0 condorpool - 112
1645667479 individuals_ID0000008 JOB_TERMINATED 2611.0 condorpool - 115
1645667484 individuals_ID0000008 JOB_SUCCESS 0 condorpool - 115
1645667484 individuals_ID0000008 POST_SCRIPT_STARTED 2611.0 condorpool - 115
1645667480 individuals_ID0000047 JOB_TERMINATED 2610.0 condorpool - 114
1645667484 individuals_ID0000047 JOB_SUCCESS 0 condorpool - 114
1645667484 individuals_ID0000047 POST_SCRIPT_STARTED 2610.0 condorpool - 114
1645667481 individuals_ID0000012 EXECUTE 2622.0 condorpool - 126
1645667484 individuals_ID0000047 POST_SCRIPT_TERMINATED 2610.0 condorpool - 114
1645667489 individuals_ID0000047 POST_SCRIPT_SUCCESS 0 condorpool - 114
1645667484 individuals_ID0000046 POST_SCRIPT_TERMINATED 2608.0 condorpool - 112
1645667489 individuals_ID0000046 POST_SCRIPT_SUCCESS 0 condorpool - 112
1645667484 individuals_ID0000008 POST_SCRIPT_TERMINATED 2611.0 condorpool - 115
1645667489 individuals_ID0000008 POST_SCRIPT_SUCCESS 0 condorpool - 115
1645667485 individuals_ID0000005 JOB_TERMINATED 2600.0 condorpool - 104
1645667489 individuals_ID0000005 JOB_SUCCESS 0 condorpool - 104
1645667489 individuals_ID0000005 POST_SCRIPT_STARTED 2600.0 condorpool - 104
1645667486 individuals_ID0000007 JOB_TERMINATED 2603.0 condorpool - 107
1645667489 individuals_ID0000007 JOB_SUCCESS 0 condorpool - 107
1645667489 individuals_ID0000007 POST_SCRIPT_STARTED 2603.0 condorpool - 107
1645667487 individuals_ID0000044 JOB_TERMINATED 2604.0 condorpool - 108
1645667489 individuals_ID0000044 JOB_SUCCESS 0 condorpool - 108
1645667489 individuals_ID0000044 POST_SCRIPT_STARTED 2604.0 condorpool - 108
1645667488 individuals_ID0000014 EXECUTE 2624.0 condorpool - 128
1645667488 individuals_ID0000013 EXECUTE 2623.0 condorpool - 127
1645667489 individuals_ID0000019 EXECUTE 2625.0 condorpool - 129
1645667490 individuals_ID0000044 POST_SCRIPT_TERMINATED 2604.0 condorpool - 108
1645667494 individuals_ID0000044 POST_SCRIPT_SUCCESS 0 condorpool - 108
1645667490 individuals_ID0000007 POST_SCRIPT_TERMINATED 2603.0 condorpool - 107
1645667494 individuals_ID0000007 POST_SCRIPT_SUCCESS 0 condorpool - 107
1645667490 individuals_ID0000005 POST_SCRIPT_TERMINATED 2600.0 condorpool - 104
1645667494 individuals_ID0000005 POST_SCRIPT_SUCCESS 0 condorpool - 104
1645667492 individuals_ID0000010 EXECUTE 2626.0 condorpool - 130
1645667492 individuals_ID0000026 EXECUTE 2628.0 condorpool - 132
1645667494 individuals_ID0000050 EXECUTE 2627.0 condorpool - 131
1645667496 individuals_ID0000006 JOB_TERMINATED 2602.0 condorpool - 106
1645667499 individuals_ID0000006 JOB_SUCCESS 0 condorpool - 106
1645667499 individuals_ID0000006 POST_SCRIPT_STARTED 2602.0 condorpool - 106
1645667498 individuals_ID0000003 JOB_TERMINATED 2609.0 condorpool - 113
1645667499 individuals_ID0000003 JOB_SUCCESS 0 condorpool - 113
1645667499 individuals_ID0000003 POST_SCRIPT_STARTED 2609.0 condorpool - 113
1645667499 individuals_ID0000045 JOB_TERMINATED 2606.0 condorpool - 110
1645667499 individuals_ID0000045 JOB_SUCCESS 0 condorpool - 110
1645667499 individuals_ID0000045 POST_SCRIPT_STARTED 2606.0 condorpool - 110
1645667499 individuals_ID0000032 JOB_TERMINATED 2597.0 condorpool - 101
1645667504 individuals_ID0000032 JOB_SUCCESS 0 condorpool - 101
1645667504 individuals_ID0000032 POST_SCRIPT_STARTED 2597.0 condorpool - 101
1645667499 individuals_ID0000045 POST_SCRIPT_TERMINATED 2606.0 condorpool - 110
1645667504 individuals_ID0000045 POST_SCRIPT_SUCCESS 0 condorpool - 110
1645667499 individuals_ID0000003 POST_SCRIPT_TERMINATED 2609.0 condorpool - 113
1645667504 individuals_ID0000003 POST_SCRIPT_SUCCESS 0 condorpool - 113
1645667499 individuals_ID0000006 POST_SCRIPT_TERMINATED 2602.0 condorpool - 106
1645667504 individuals_ID0000006 POST_SCRIPT_SUCCESS 0 condorpool - 106
1645667499 individuals_ID0000031 JOB_TERMINATED 2596.0 condorpool - 100
1645667504 individuals_ID0000031 JOB_SUCCESS 0 condorpool - 100
1645667504 individuals_ID0000031 POST_SCRIPT_STARTED 2596.0 condorpool - 100
1645667501 individuals_ID0000027 EXECUTE 2629.0 condorpool - 133
1645667504 individuals_ID0000029 EXECUTE 2631.0 condorpool - 135
1645667505 individuals_ID0000032 POST_SCRIPT_TERMINATED 2597.0 condorpool - 101
1645667509 individuals_ID0000032 POST_SCRIPT_SUCCESS 0 condorpool - 101
1645667505 individuals_ID0000031 POST_SCRIPT_TERMINATED 2596.0 condorpool - 100
1645667509 individuals_ID0000031 POST_SCRIPT_SUCCESS 0 condorpool - 100
1645667505 individuals_ID0000028 EXECUTE 2630.0 condorpool - 134
1645667506 individuals_ID0000023 EXECUTE 2633.0 condorpool - 137
1645667506 individuals_ID0000022 EXECUTE 2632.0 condorpool - 136
1645667509 individuals_ID0000004 JOB_TERMINATED 2598.0 condorpool - 102
1645667514 individuals_ID0000004 JOB_SUCCESS 0 condorpool - 102
1645667514 individuals_ID0000004 POST_SCRIPT_STARTED 2598.0 condorpool - 102
1645667511 individuals_ID0000048 JOB_TERMINATED 2599.0 condorpool - 103
1645667514 individuals_ID0000048 JOB_SUCCESS 0 condorpool - 103
1645667514 individuals_ID0000048 POST_SCRIPT_STARTED 2599.0 condorpool - 103
1645667513 individuals_ID0000024 EXECUTE 2634.0 condorpool - 138
1645667514 individuals_ID0000048 POST_SCRIPT_TERMINATED 2599.0 condorpool - 103
1645667519 individuals_ID0000048 POST_SCRIPT_SUCCESS 0 condorpool - 103
1645667514 individuals_ID0000004 POST_SCRIPT_TERMINATED 2598.0 condorpool - 102
1645667519 individuals_ID0000004 POST_SCRIPT_SUCCESS 0 condorpool - 102
1645667516 individuals_ID0000025 EXECUTE 2635.0 condorpool - 139
1645667547 individuals_ID0000009 JOB_TERMINATED 2612.0 condorpool - 116
1645667549 individuals_ID0000009 JOB_SUCCESS 0 condorpool - 116
1645667549 individuals_ID0000009 POST_SCRIPT_STARTED 2612.0 condorpool - 116
1645667549 individuals_ID0000009 POST_SCRIPT_TERMINATED 2612.0 condorpool - 116
1645667554 individuals_ID0000009 POST_SCRIPT_SUCCESS 0 condorpool - 116
1645667551 individuals_ID0000020 EXECUTE 2636.0 condorpool - 140
1645667815 individuals_ID0000040 JOB_TERMINATED 2613.0 condorpool - 117
1645667820 individuals_ID0000040 JOB_SUCCESS 0 condorpool - 117
1645667820 individuals_ID0000040 POST_SCRIPT_STARTED 2613.0 condorpool - 117
1645667820 individuals_ID0000021 EXECUTE 2637.0 condorpool - 141
1645667820 individuals_ID0000040 POST_SCRIPT_TERMINATED 2613.0 condorpool - 117
1645667825 individuals_ID0000040 POST_SCRIPT_SUCCESS 0 condorpool - 117
1645667852 individuals_ID0000015 JOB_TERMINATED 2617.0 condorpool - 121
1645667855 individuals_ID0000015 JOB_SUCCESS 0 condorpool - 121
1645667855 individuals_ID0000015 POST_SCRIPT_STARTED 2617.0 condorpool - 121
1645667854 sifting_ID0000052 EXECUTE 2638.0 condorpool - 142
1645667855 individuals_ID0000015 POST_SCRIPT_TERMINATED 2617.0 condorpool - 121
1645667860 individuals_ID0000015 POST_SCRIPT_SUCCESS 0 condorpool - 121
1645667856 sifting_ID0000052 JOB_TERMINATED 2638.0 condorpool - 142
1645667860 sifting_ID0000052 JOB_SUCCESS 0 condorpool - 142
1645667860 sifting_ID0000052 POST_SCRIPT_STARTED 2638.0 condorpool - 142
1645667861 sifting_ID0000052 POST_SCRIPT_TERMINATED 2638.0 condorpool - 142
1645667865 sifting_ID0000052 POST_SCRIPT_SUCCESS 0 condorpool - 142
1645667865 individuals_ID0000041 JOB_TERMINATED 2614.0 condorpool - 118
1645667870 individuals_ID0000041 JOB_SUCCESS 0 condorpool - 118
1645667870 individuals_ID0000041 POST_SCRIPT_STARTED 2614.0 condorpool - 118
1645667866 individuals_ID0000042 JOB_TERMINATED 2615.0 condorpool - 119
1645667870 individuals_ID0000042 JOB_SUCCESS 0 condorpool - 119
1645667870 individuals_ID0000042 POST_SCRIPT_STARTED 2615.0 condorpool - 119
1645667868 individuals_ID0000043 JOB_TERMINATED 2616.0 condorpool - 120
1645667870 individuals_ID0000043 JOB_SUCCESS 0 condorpool - 120
1645667870 individuals_ID0000043 POST_SCRIPT_STARTED 2616.0 condorpool - 120
1645667870 individuals_ID0000041 POST_SCRIPT_TERMINATED 2614.0 condorpool - 118
1645667875 individuals_ID0000041 POST_SCRIPT_SUCCESS 0 condorpool - 118
1645667870 individuals_ID0000042 POST_SCRIPT_TERMINATED 2615.0 condorpool - 119
1645667875 individuals_ID0000042 POST_SCRIPT_SUCCESS 0 condorpool - 119
1645667870 individuals_ID0000043 POST_SCRIPT_TERMINATED 2616.0 condorpool - 120
1645667875 individuals_ID0000043 POST_SCRIPT_SUCCESS 0 condorpool - 120
1645667887 individuals_ID0000017 JOB_TERMINATED 2619.0 condorpool - 123
1645667890 individuals_ID0000017 JOB_SUCCESS 0 condorpool - 123
1645667890 individuals_ID0000017 POST_SCRIPT_STARTED 2619.0 condorpool - 123
1645667890 individuals_ID0000017 POST_SCRIPT_TERMINATED 2619.0 condorpool - 123
1645667895 individuals_ID0000017 POST_SCRIPT_SUCCESS 0 condorpool - 123
1645667893 individuals_ID0000018 JOB_TERMINATED 2620.0 condorpool - 124
1645667895 individuals_ID0000018 JOB_SUCCESS 0 condorpool - 124
1645667895 individuals_ID0000018 POST_SCRIPT_STARTED 2620.0 condorpool - 124
1645667896 individuals_ID0000018 POST_SCRIPT_TERMINATED 2620.0 condorpool - 124
1645667900 individuals_ID0000018 POST_SCRIPT_SUCCESS 0 condorpool - 124
1645667902 individuals_ID0000016 JOB_TERMINATED 2618.0 condorpool - 122
1645667905 individuals_ID0000016 JOB_SUCCESS 0 condorpool - 122
1645667905 individuals_ID0000016 POST_SCRIPT_STARTED 2618.0 condorpool - 122
1645667905 individuals_ID0000016 POST_SCRIPT_TERMINATED 2618.0 condorpool - 122
1645667910 individuals_ID0000016 POST_SCRIPT_SUCCESS 0 condorpool - 122
1645667906 individuals_ID0000011 JOB_TERMINATED 2621.0 condorpool - 125
1645667910 individuals_ID0000011 JOB_SUCCESS 0 condorpool - 125
1645667910 individuals_ID0000011 POST_SCRIPT_STARTED 2621.0 condorpool - 125
1645667910 individuals_ID0000011 POST_SCRIPT_TERMINATED 2621.0 condorpool - 125
1645667915 individuals_ID0000011 POST_SCRIPT_SUCCESS 0 condorpool - 125
1645667920 individuals_ID0000012 JOB_TERMINATED 2622.0 condorpool - 126
1645667920 individuals_ID0000012 JOB_SUCCESS 0 condorpool - 126
1645667920 individuals_ID0000012 POST_SCRIPT_STARTED 2622.0 condorpool - 126
1645667921 individuals_ID0000012 POST_SCRIPT_TERMINATED 2622.0 condorpool - 126
1645667926 individuals_ID0000012 POST_SCRIPT_SUCCESS 0 condorpool - 126
1645667923 individuals_ID0000013 JOB_TERMINATED 2623.0 condorpool - 127
1645667926 individuals_ID0000013 JOB_SUCCESS 0 condorpool - 127
1645667926 individuals_ID0000013 POST_SCRIPT_STARTED 2623.0 condorpool - 127
1645667923 individuals_ID0000019 JOB_TERMINATED 2625.0 condorpool - 129
1645667926 individuals_ID0000019 JOB_SUCCESS 0 condorpool - 129
1645667926 individuals_ID0000019 POST_SCRIPT_STARTED 2625.0 condorpool - 129
1645667925 individuals_ID0000014 JOB_TERMINATED 2624.0 condorpool - 128
1645667926 individuals_ID0000014 JOB_SUCCESS 0 condorpool - 128
1645667926 individuals_ID0000014 POST_SCRIPT_STARTED 2624.0 condorpool - 128
1645667926 individuals_ID0000013 POST_SCRIPT_TERMINATED 2623.0 condorpool - 127
1645667931 individuals_ID0000013 POST_SCRIPT_SUCCESS 0 condorpool - 127
1645667926 individuals_ID0000019 POST_SCRIPT_TERMINATED 2625.0 condorpool - 129
1645667931 individuals_ID0000019 POST_SCRIPT_SUCCESS 0 condorpool - 129
1645667926 individuals_ID0000014 POST_SCRIPT_TERMINATED 2624.0 condorpool - 128
1645667931 individuals_ID0000014 POST_SCRIPT_SUCCESS 0 condorpool - 128
1645667930 individuals_ID0000028 JOB_TERMINATED 2630.0 condorpool - 134
1645667931 individuals_ID0000028 JOB_SUCCESS 0 condorpool - 134
1645667931 individuals_ID0000028 POST_SCRIPT_STARTED 2630.0 condorpool - 134
1645667931 individuals_ID0000027 JOB_TERMINATED 2629.0 condorpool - 133
1645667931 individuals_ID0000027 JOB_SUCCESS 0 condorpool - 133
1645667931 individuals_ID0000027 POST_SCRIPT_STARTED 2629.0 condorpool - 133
1645667932 individuals_ID0000028 POST_SCRIPT_TERMINATED 2630.0 condorpool - 134
1645667936 individuals_ID0000028 POST_SCRIPT_SUCCESS 0 condorpool - 134
1645667932 individuals_ID0000027 POST_SCRIPT_TERMINATED 2629.0 condorpool - 133
1645667936 individuals_ID0000027 POST_SCRIPT_SUCCESS 0 condorpool - 133
1645667951 individuals_ID0000010 JOB_TERMINATED 2626.0 condorpool - 130
1645667956 individuals_ID0000010 JOB_SUCCESS 0 condorpool - 130
1645667956 individuals_ID0000010 POST_SCRIPT_STARTED 2626.0 condorpool - 130
1645667955 individuals_ID0000050 JOB_TERMINATED 2627.0 condorpool - 131
1645667956 individuals_ID0000050 JOB_SUCCESS 0 condorpool - 131
1645667956 individuals_ID0000050 POST_SCRIPT_STARTED 2627.0 condorpool - 131
1645667956 individuals_ID0000010 POST_SCRIPT_TERMINATED 2626.0 condorpool - 130
1645667961 individuals_ID0000010 POST_SCRIPT_SUCCESS 0 condorpool - 130
1645667956 individuals_ID0000050 POST_SCRIPT_TERMINATED 2627.0 condorpool - 131
1645667961 individuals_ID0000050 POST_SCRIPT_SUCCESS 0 condorpool - 131
1645667962 individuals_ID0000026 JOB_TERMINATED 2628.0 condorpool - 132
1645667966 individuals_ID0000026 JOB_SUCCESS 0 condorpool - 132
1645667966 individuals_ID0000026 POST_SCRIPT_STARTED 2628.0 condorpool - 132
1645667962 individuals_ID0000024 JOB_TERMINATED 2634.0 condorpool - 138
1645667966 individuals_ID0000024 JOB_SUCCESS 0 condorpool - 138
1645667966 individuals_ID0000024 POST_SCRIPT_STARTED 2634.0 condorpool - 138
1645667963 individuals_ID0000023 JOB_TERMINATED 2633.0 condorpool - 137
1645667966 individuals_ID0000023 JOB_SUCCESS 0 condorpool - 137
1645667966 individuals_ID0000023 POST_SCRIPT_STARTED 2633.0 condorpool - 137
1645667965 individuals_ID0000022 JOB_TERMINATED 2632.0 condorpool - 136
1645667966 individuals_ID0000022 JOB_SUCCESS 0 condorpool - 136
1645667966 individuals_ID0000022 POST_SCRIPT_STARTED 2632.0 condorpool - 136
1645667966 individuals_ID0000023 POST_SCRIPT_TERMINATED 2633.0 condorpool - 137
1645667971 individuals_ID0000023 POST_SCRIPT_SUCCESS 0 condorpool - 137
1645667966 individuals_ID0000026 POST_SCRIPT_TERMINATED 2628.0 condorpool - 132
1645667971 individuals_ID0000026 POST_SCRIPT_SUCCESS 0 condorpool - 132
1645667966 individuals_ID0000022 POST_SCRIPT_TERMINATED 2632.0 condorpool - 136
1645667971 individuals_ID0000022 POST_SCRIPT_SUCCESS 0 condorpool - 136
1645667966 individuals_ID0000024 POST_SCRIPT_TERMINATED 2634.0 condorpool - 138
1645667971 individuals_ID0000024 POST_SCRIPT_SUCCESS 0 condorpool - 138
1645667967 individuals_ID0000025 JOB_TERMINATED 2635.0 condorpool - 139
1645667971 individuals_ID0000025 JOB_SUCCESS 0 condorpool - 139
1645667971 individuals_ID0000025 POST_SCRIPT_STARTED 2635.0 condorpool - 139
1645667972 individuals_ID0000025 POST_SCRIPT_TERMINATED 2635.0 condorpool - 139
1645667976 individuals_ID0000025 POST_SCRIPT_SUCCESS 0 condorpool - 139
1645667977 individuals_ID0000029 JOB_TERMINATED 2631.0 condorpool - 135
1645667981 individuals_ID0000029 JOB_SUCCESS 0 condorpool - 135
1645667981 individuals_ID0000029 POST_SCRIPT_STARTED 2631.0 condorpool - 135
1645667981 individuals_ID0000029 POST_SCRIPT_TERMINATED 2631.0 condorpool - 135
1645667986 individuals_ID0000029 POST_SCRIPT_SUCCESS 0 condorpool - 135
1645667994 individuals_ID0000020 JOB_TERMINATED 2636.0 condorpool - 140
1645667996 individuals_ID0000020 JOB_SUCCESS 0 condorpool - 140
1645667996 individuals_ID0000020 POST_SCRIPT_STARTED 2636.0 condorpool - 140
1645667996 individuals_ID0000020 POST_SCRIPT_TERMINATED 2636.0 condorpool - 140
1645668001 individuals_ID0000020 POST_SCRIPT_SUCCESS 0 condorpool - 140
1645668189 individuals_ID0000021 JOB_TERMINATED 2637.0 condorpool - 141
1645668192 individuals_ID0000021 JOB_SUCCESS 0 condorpool - 141
1645668192 individuals_ID0000021 POST_SCRIPT_STARTED 2637.0 condorpool - 141
1645668192 individuals_ID0000021 POST_SCRIPT_TERMINATED 2637.0 condorpool - 141
1645668197 individuals_ID0000021 POST_SCRIPT_SUCCESS 0 condorpool - 141
1645668202 individuals_merge_ID0000051 SUBMIT 2639.0 condorpool - 143
1645668207 individuals_merge_ID0000051 EXECUTE 2639.0 condorpool - 143
1645672276 individuals_merge_ID0000051 JOB_TERMINATED 2639.0 condorpool - 143
1645672281 individuals_merge_ID0000051 JOB_SUCCESS 0 condorpool - 143
1645672281 individuals_merge_ID0000051 POST_SCRIPT_STARTED 2639.0 condorpool - 143
1645672281 individuals_merge_ID0000051 POST_SCRIPT_TERMINATED 2639.0 condorpool - 143
1645672286 individuals_merge_ID0000051 POST_SCRIPT_SUCCESS 0 condorpool - 143
1645672291 frequency_ID0000060 SUBMIT 2640.0 condorpool - 144
1645672291 frequency_ID0000062 SUBMIT 2641.0 condorpool - 145
1645672291 mutation_overlap_ID0000053 SUBMIT 2642.0 condorpool - 146
1645672291 mutation_overlap_ID0000063 SUBMIT 2643.0 condorpool - 147
1645672291 frequency_ID0000058 SUBMIT 2644.0 condorpool - 148
1645672292 frequency_ID0000060 EXECUTE 2640.0 condorpool - 144
1645672292 frequency_ID0000062 EXECUTE 2641.0 condorpool - 145
1645672296 mutation_overlap_ID0000055 SUBMIT 2645.0 condorpool - 149
1645672296 mutation_overlap_ID0000065 SUBMIT 2646.0 condorpool - 150
1645672296 frequency_ID0000064 SUBMIT 2647.0 condorpool - 151
1645672296 frequency_ID0000054 SUBMIT 2648.0 condorpool - 152
1645672296 frequency_ID0000066 SUBMIT 2649.0 condorpool - 153
1645672301 mutation_overlap_ID0000061 SUBMIT 2650.0 condorpool - 154
1645672301 frequency_ID0000056 SUBMIT 2651.0 condorpool - 155
1645672302 mutation_overlap_ID0000057 SUBMIT 2652.0 condorpool - 156
1645672302 mutation_overlap_ID0000059 SUBMIT 2653.0 condorpool - 157
1645672313 mutation_overlap_ID0000053 EXECUTE 2642.0 condorpool - 146
1645672313 mutation_overlap_ID0000057 EXECUTE 2652.0 condorpool - 156
1645672313 mutation_overlap_ID0000059 EXECUTE 2653.0 condorpool - 157
1645672313 mutation_overlap_ID0000063 EXECUTE 2643.0 condorpool - 147
1645672313 frequency_ID0000054 EXECUTE 2648.0 condorpool - 152
1645672313 frequency_ID0000066 EXECUTE 2649.0 condorpool - 153
1645672313 mutation_overlap_ID0000061 EXECUTE 2650.0 condorpool - 154
1645672313 frequency_ID0000058 EXECUTE 2644.0 condorpool - 148
1645672313 mutation_overlap_ID0000055 EXECUTE 2645.0 condorpool - 149
1645672313 mutation_overlap_ID0000065 EXECUTE 2646.0 condorpool - 150
1645672313 frequency_ID0000064 EXECUTE 2647.0 condorpool - 151
1645672313 frequency_ID0000056 EXECUTE 2651.0 condorpool - 155
1645672515 mutation_overlap_ID0000065 JOB_TERMINATED 2646.0 condorpool - 150
1645672517 mutation_overlap_ID0000065 JOB_SUCCESS 0 condorpool - 150
1645672517 mutation_overlap_ID0000065 POST_SCRIPT_STARTED 2646.0 condorpool - 150
1645672517 mutation_overlap_ID0000065 POST_SCRIPT_TERMINATED 2646.0 condorpool - 150
1645672522 mutation_overlap_ID0000065 POST_SCRIPT_SUCCESS 0 condorpool - 150
1645672518 mutation_overlap_ID0000063 JOB_TERMINATED 2643.0 condorpool - 147
1645672522 mutation_overlap_ID0000063 JOB_SUCCESS 0 condorpool - 147
1645672522 mutation_overlap_ID0000063 POST_SCRIPT_STARTED 2643.0 condorpool - 147
1645672520 mutation_overlap_ID0000059 JOB_TERMINATED 2653.0 condorpool - 157
1645672522 mutation_overlap_ID0000059 JOB_SUCCESS 0 condorpool - 157
1645672522 mutation_overlap_ID0000059 POST_SCRIPT_STARTED 2653.0 condorpool - 157
1645672520 mutation_overlap_ID0000061 JOB_TERMINATED 2650.0 condorpool - 154
1645672522 mutation_overlap_ID0000061 JOB_SUCCESS 0 condorpool - 154
1645672522 mutation_overlap_ID0000061 POST_SCRIPT_STARTED 2650.0 condorpool - 154
1645672522 mutation_overlap_ID0000053 JOB_TERMINATED 2642.0 condorpool - 146
1645672522 mutation_overlap_ID0000053 JOB_SUCCESS 0 condorpool - 146
1645672522 mutation_overlap_ID0000053 POST_SCRIPT_STARTED 2642.0 condorpool - 146
1645672522 mutation_overlap_ID0000061 POST_SCRIPT_TERMINATED 2650.0 condorpool - 154
1645672527 mutation_overlap_ID0000061 POST_SCRIPT_SUCCESS 0 condorpool - 154
1645672522 mutation_overlap_ID0000053 POST_SCRIPT_TERMINATED 2642.0 condorpool - 146
1645672527 mutation_overlap_ID0000053 POST_SCRIPT_SUCCESS 0 condorpool - 146
1645672522 mutation_overlap_ID0000063 POST_SCRIPT_TERMINATED 2643.0 condorpool - 147
1645672527 mutation_overlap_ID0000063 POST_SCRIPT_SUCCESS 0 condorpool - 147
1645672522 mutation_overlap_ID0000059 POST_SCRIPT_TERMINATED 2653.0 condorpool - 157
1645672527 mutation_overlap_ID0000059 POST_SCRIPT_SUCCESS 0 condorpool - 157
1645672524 mutation_overlap_ID0000055 JOB_TERMINATED 2645.0 condorpool - 149
1645672527 mutation_overlap_ID0000055 JOB_SUCCESS 0 condorpool - 149
1645672527 mutation_overlap_ID0000055 POST_SCRIPT_STARTED 2645.0 condorpool - 149
1645672528 mutation_overlap_ID0000055 POST_SCRIPT_TERMINATED 2645.0 condorpool - 149
1645672532 mutation_overlap_ID0000055 POST_SCRIPT_SUCCESS 0 condorpool - 149
1645672563 mutation_overlap_ID0000057 JOB_TERMINATED 2652.0 condorpool - 156
1645672567 mutation_overlap_ID0000057 JOB_SUCCESS 0 condorpool - 156
1645672567 mutation_overlap_ID0000057 POST_SCRIPT_STARTED 2652.0 condorpool - 156
1645672567 mutation_overlap_ID0000057 POST_SCRIPT_TERMINATED 2652.0 condorpool - 156
1645672572 mutation_overlap_ID0000057 POST_SCRIPT_SUCCESS 0 condorpool - 156
1645672947 frequency_ID0000060 JOB_TERMINATED 2640.0 condorpool - 144
1645672947 frequency_ID0000060 JOB_SUCCESS 0 condorpool - 144
1645672947 frequency_ID0000060 POST_SCRIPT_STARTED 2640.0 condorpool - 144
1645672948 frequency_ID0000060 POST_SCRIPT_TERMINATED 2640.0 condorpool - 144
1645672952 frequency_ID0000060 POST_SCRIPT_SUCCESS 0 condorpool - 144
1645672957 frequency_ID0000062 JOB_TERMINATED 2641.0 condorpool - 145
1645672962 frequency_ID0000062 JOB_SUCCESS 0 condorpool - 145
1645672962 frequency_ID0000062 POST_SCRIPT_STARTED 2641.0 condorpool - 145
1645672962 frequency_ID0000062 POST_SCRIPT_TERMINATED 2641.0 condorpool - 145
1645672967 frequency_ID0000062 POST_SCRIPT_SUCCESS 0 condorpool - 145
1645672964 frequency_ID0000064 JOB_TERMINATED 2647.0 condorpool - 151
1645672967 frequency_ID0000064 JOB_SUCCESS 0 condorpool - 151
1645672967 frequency_ID0000064 POST_SCRIPT_STARTED 2647.0 condorpool - 151
1645672967 frequency_ID0000064 POST_SCRIPT_TERMINATED 2647.0 condorpool - 151
1645672972 frequency_ID0000064 POST_SCRIPT_SUCCESS 0 condorpool - 151
1645672983 frequency_ID0000058 JOB_TERMINATED 2644.0 condorpool - 148
1645672987 frequency_ID0000058 JOB_SUCCESS 0 condorpool - 148
1645672987 frequency_ID0000058 POST_SCRIPT_STARTED 2644.0 condorpool - 148
1645672987 frequency_ID0000058 POST_SCRIPT_TERMINATED 2644.0 condorpool - 148
1645672992 frequency_ID0000058 POST_SCRIPT_SUCCESS 0 condorpool - 148
1645673004 frequency_ID0000066 JOB_TERMINATED 2649.0 condorpool - 153
1645673007 frequency_ID0000066 JOB_SUCCESS 0 condorpool - 153
1645673007 frequency_ID0000066 POST_SCRIPT_STARTED 2649.0 condorpool - 153
1645673007 frequency_ID0000066 POST_SCRIPT_TERMINATED 2649.0 condorpool - 153
1645673012 frequency_ID0000066 POST_SCRIPT_SUCCESS 0 condorpool - 153
1645673022 frequency_ID0000056 JOB_TERMINATED 2651.0 condorpool - 155
1645673022 frequency_ID0000056 JOB_SUCCESS 0 condorpool - 155
1645673022 frequency_ID0000056 POST_SCRIPT_STARTED 2651.0 condorpool - 155
1645673023 frequency_ID0000056 POST_SCRIPT_TERMINATED 2651.0 condorpool - 155
1645673028 frequency_ID0000056 POST_SCRIPT_SUCCESS 0 condorpool - 155
1645673030 frequency_ID0000054 JOB_TERMINATED 2648.0 condorpool - 152
1645673033 frequency_ID0000054 JOB_SUCCESS 0 condorpool - 152
1645673033 frequency_ID0000054 POST_SCRIPT_STARTED 2648.0 condorpool - 152
1645673033 stage_out_local_local_2_1 SUBMIT 2654.0 local - 158
1645673033 stage_out_local_local_2_1 EXECUTE 2654.0 local - 158
1645673033 frequency_ID0000054 POST_SCRIPT_TERMINATED 2648.0 condorpool - 152
1645673038 frequency_ID0000054 POST_SCRIPT_SUCCESS 0 condorpool - 152
1645673037 stage_out_local_local_2_1 JOB_TERMINATED 2654.0 local - 158
1645673038 stage_out_local_local_2_1 JOB_SUCCESS 0 local - 158
1645673038 stage_out_local_local_2_1 POST_SCRIPT_STARTED 2654.0 local - 158
1645673039 stage_out_local_local_2_1 POST_SCRIPT_TERMINATED 2654.0 local - 158
1645673044 stage_out_local_local_2_1 POST_SCRIPT_SUCCESS 0 local - 158
1645673044 stage_out_local_local_2_0 SUBMIT 2655.0 local - 159
1645673044 stage_out_local_local_2_0 EXECUTE 2655.0 local - 159
1645673048 stage_out_local_local_2_0 JOB_TERMINATED 2655.0 local - 159
1645673049 stage_out_local_local_2_0 JOB_SUCCESS 0 local - 159
1645673049 stage_out_local_local_2_0 POST_SCRIPT_STARTED 2655.0 local - 159
1645673049 stage_out_local_local_2_0 POST_SCRIPT_TERMINATED 2655.0 local - 159
1645673054 stage_out_local_local_2_0 POST_SCRIPT_SUCCESS 0 local - 159
1645673059 cleanup_1000-genome_0_local SUBMIT 2656.0 local - 160
1645673059 cleanup_1000-genome_0_local EXECUTE 2656.0 local - 160
1645673061 cleanup_1000-genome_0_local JOB_TERMINATED 2656.0 local - 160
1645673064 cleanup_1000-genome_0_local JOB_SUCCESS 0 local - 160
1645673064 cleanup_1000-genome_0_local POST_SCRIPT_STARTED 2656.0 local - 160
1645673064 cleanup_1000-genome_0_local POST_SCRIPT_TERMINATED 2656.0 local - 160
1645673069 cleanup_1000-genome_0_local POST_SCRIPT_SUCCESS 0 local - 160
1645673069 INTERNAL *** DAGMAN_FINISHED 0 ***
1645673071 INTERNAL *** MONITORD_FINISHED 0 ***
