000 (3837.000.000) 03/03 22:51:18 Job submitted from host: <192.168.5.10:9618?addrs=192.168.5.10-9618+[--1]-9618&noUDP&sock=2698_7f03_4>
    DAG Node: create_dir_1000-genome_0_local
    pool:local
...
001 (3837.000.000) 03/03 22:51:19 Job executing on host: <192.168.5.10:9618?addrs=192.168.5.10-9618+[--1]-9618&noUDP&sock=2749_ab49_3172>
...
005 (3837.000.000) 03/03 22:51:21 Job terminated.
	(1) Normal termination (return value 0)
		Usr 0 00:00:00, Sys 0 00:00:00  -  Run Remote Usage
		Usr 0 00:00:00, Sys 0 00:00:00  -  Run Local Usage
		Usr 0 00:00:00, Sys 0 00:00:00  -  Total Remote Usage
		Usr 0 00:00:00, Sys 0 00:00:00  -  Total Local Usage
	0  -  Run Bytes Sent By Job
	0  -  Run Bytes Received By Job
	0  -  Total Bytes Sent By Job
	0  -  Total Bytes Received By Job
...
000 (3838.000.000) 03/03 22:51:33 Job submitted from host: <192.168.5.10:9618?addrs=192.168.5.10-9618+[--1]-9618&noUDP&sock=2698_7f03_4>
    DAG Node: stage_in_remote_local_2_0
    pool:local
...
001 (3838.000.000) 03/03 22:51:33 Job executing on host: <192.168.5.10:9618?addrs=192.168.5.10-9618+[--1]-9618&noUDP&sock=2749_ab49_3173>
...
000 (3839.000.000) 03/03 22:51:33 Job submitted from host: <192.168.5.10:9618?addrs=192.168.5.10-9618+[--1]-9618&noUDP&sock=2698_7f03_4>
    DAG Node: stage_in_remote_local_1_0
    pool:local
...
000 (3840.000.000) 03/03 22:51:33 Job submitted from host: <192.168.5.10:9618?addrs=192.168.5.10-9618+[--1]-9618&noUDP&sock=2698_7f03_4>
    DAG Node: stage_in_remote_local_0_0
    pool:local
...
000 (3841.000.000) 03/03 22:51:33 Job submitted from host: <192.168.5.10:9618?addrs=192.168.5.10-9618+[--1]-9618&noUDP&sock=2698_7f03_4>
    DAG Node: stage_in_local_local_0_0
    pool:local
...
000 (3842.000.000) 03/03 22:51:33 Job submitted from host: <192.168.5.10:9618?addrs=192.168.5.10-9618+[--1]-9618&noUDP&sock=2698_7f03_4>
    DAG Node: stage_in_local_local_2_0
    pool:local
...
005 (3838.000.000) 03/03 22:51:35 Job terminated.
	(1) Normal termination (return value 0)
		Usr 0 00:00:00, Sys 0 00:00:00  -  Run Remote Usage
		Usr 0 00:00:00, Sys 0 00:00:00  -  Run Local Usage
		Usr 0 00:00:00, Sys 0 00:00:00  -  Total Remote Usage
		Usr 0 00:00:00, Sys 0 00:00:00  -  Total Local Usage
	0  -  Run Bytes Sent By Job
	0  -  Run Bytes Received By Job
	0  -  Total Bytes Sent By Job
	0  -  Total Bytes Received By Job
...
001 (3842.000.000) 03/03 22:51:35 Job executing on host: <192.168.5.10:9618?addrs=192.168.5.10-9618+[--1]-9618&noUDP&sock=2749_ab49_3174>
...
001 (3841.000.000) 03/03 22:51:35 Job executing on host: <192.168.5.10:9618?addrs=192.168.5.10-9618+[--1]-9618&noUDP&sock=2749_ab49_3175>
...
001 (3840.000.000) 03/03 22:51:35 Job executing on host: <192.168.5.10:9618?addrs=192.168.5.10-9618+[--1]-9618&noUDP&sock=2749_ab49_3176>
...
001 (3839.000.000) 03/03 22:51:35 Job executing on host: <192.168.5.10:9618?addrs=192.168.5.10-9618+[--1]-9618&noUDP&sock=2749_ab49_3177>
...
005 (3839.000.000) 03/03 22:51:37 Job terminated.
	(1) Normal termination (return value 0)
		Usr 0 00:00:00, Sys 0 00:00:00  -  Run Remote Usage
		Usr 0 00:00:00, Sys 0 00:00:00  -  Run Local Usage
		Usr 0 00:00:00, Sys 0 00:00:00  -  Total Remote Usage
		Usr 0 00:00:00, Sys 0 00:00:00  -  Total Local Usage
	0  -  Run Bytes Sent By Job
	0  -  Run Bytes Received By Job
	0  -  Total Bytes Sent By Job
	0  -  Total Bytes Received By Job
...
000 (3843.000.000) 03/03 22:51:38 Job submitted from host: <192.168.5.10:9618?addrs=192.168.5.10-9618+[--1]-9618&noUDP&sock=2698_7f03_4>
    DAG Node: stage_in_local_local_2_1
    pool:local
...
000 (3844.000.000) 03/03 22:51:38 Job submitted from host: <192.168.5.10:9618?addrs=192.168.5.10-9618+[--1]-9618&noUDP&sock=2698_7f03_4>
    DAG Node: stage_in_remote_local_2_1
    pool:local
...
005 (3841.000.000) 03/03 22:51:39 Job terminated.
	(1) Normal termination (return value 0)
		Usr 0 00:00:00, Sys 0 00:00:00  -  Run Remote Usage
		Usr 0 00:00:00, Sys 0 00:00:00  -  Run Local Usage
		Usr 0 00:00:00, Sys 0 00:00:00  -  Total Remote Usage
		Usr 0 00:00:00, Sys 0 00:00:00  -  Total Local Usage
	0  -  Run Bytes Sent By Job
	0  -  Run Bytes Received By Job
	0  -  Total Bytes Sent By Job
	0  -  Total Bytes Received By Job
...
005 (3840.000.000) 03/03 22:51:39 Job terminated.
	(1) Normal termination (return value 0)
		Usr 0 00:00:00, Sys 0 00:00:00  -  Run Remote Usage
		Usr 0 00:00:00, Sys 0 00:00:00  -  Run Local Usage
		Usr 0 00:00:00, Sys 0 00:00:00  -  Total Remote Usage
		Usr 0 00:00:00, Sys 0 00:00:00  -  Total Local Usage
	0  -  Run Bytes Sent By Job
	0  -  Run Bytes Received By Job
	0  -  Total Bytes Sent By Job
	0  -  Total Bytes Received By Job
...
005 (3842.000.000) 03/03 22:51:39 Job terminated.
	(1) Normal termination (return value 0)
		Usr 0 00:00:00, Sys 0 00:00:00  -  Run Remote Usage
		Usr 0 00:00:00, Sys 0 00:00:00  -  Run Local Usage
		Usr 0 00:00:00, Sys 0 00:00:00  -  Total Remote Usage
		Usr 0 00:00:00, Sys 0 00:00:00  -  Total Local Usage
	0  -  Run Bytes Sent By Job
	0  -  Run Bytes Received By Job
	0  -  Total Bytes Sent By Job
	0  -  Total Bytes Received By Job
...
001 (3844.000.000) 03/03 22:51:39 Job executing on host: <192.168.5.10:9618?addrs=192.168.5.10-9618+[--1]-9618&noUDP&sock=2749_ab49_3178>
...
001 (3843.000.000) 03/03 22:51:39 Job executing on host: <192.168.5.10:9618?addrs=192.168.5.10-9618+[--1]-9618&noUDP&sock=2749_ab49_3179>
...
005 (3844.000.000) 03/03 22:51:42 Job terminated.
	(1) Normal termination (return value 0)
		Usr 0 00:00:00, Sys 0 00:00:00  -  Run Remote Usage
		Usr 0 00:00:00, Sys 0 00:00:00  -  Run Local Usage
		Usr 0 00:00:00, Sys 0 00:00:00  -  Total Remote Usage
		Usr 0 00:00:00, Sys 0 00:00:00  -  Total Local Usage
	0  -  Run Bytes Sent By Job
	0  -  Run Bytes Received By Job
	0  -  Total Bytes Sent By Job
	0  -  Total Bytes Received By Job
...
005 (3843.000.000) 03/03 22:51:44 Job terminated.
	(1) Normal termination (return value 0)
		Usr 0 00:00:00, Sys 0 00:00:00  -  Run Remote Usage
		Usr 0 00:00:00, Sys 0 00:00:00  -  Run Local Usage
		Usr 0 00:00:00, Sys 0 00:00:00  -  Total Remote Usage
		Usr 0 00:00:00, Sys 0 00:00:00  -  Total Local Usage
	0  -  Run Bytes Sent By Job
	0  -  Run Bytes Received By Job
	0  -  Total Bytes Sent By Job
	0  -  Total Bytes Received By Job
...
000 (3845.000.000) 03/03 22:51:53 Job submitted from host: <192.168.5.10:9618?addrs=192.168.5.10-9618+[--1]-9618&noUDP&sock=2698_7f03_4>
    DAG Node: individuals_ID0000004
    pool:condorpool
...
000 (3846.000.000) 03/03 22:51:53 Job submitted from host: <192.168.5.10:9618?addrs=192.168.5.10-9618+[--1]-9618&noUDP&sock=2698_7f03_4>
    DAG Node: individuals_ID0000005
    pool:condorpool
...
000 (3847.000.000) 03/03 22:51:53 Job submitted from host: <192.168.5.10:9618?addrs=192.168.5.10-9618+[--1]-9618&noUDP&sock=2698_7f03_4>
    DAG Node: individuals_ID0000006
    pool:condorpool
...
000 (3848.000.000) 03/03 22:51:53 Job submitted from host: <192.168.5.10:9618?addrs=192.168.5.10-9618+[--1]-9618&noUDP&sock=2698_7f03_4>
    DAG Node: individuals_ID0000007
    pool:condorpool
...
000 (3849.000.000) 03/03 22:51:53 Job submitted from host: <192.168.5.10:9618?addrs=192.168.5.10-9618+[--1]-9618&noUDP&sock=2698_7f03_4>
    DAG Node: individuals_ID0000001
    pool:condorpool
...
000 (3850.000.000) 03/03 22:51:58 Job submitted from host: <192.168.5.10:9618?addrs=192.168.5.10-9618+[--1]-9618&noUDP&sock=2698_7f03_4>
    DAG Node: individuals_ID0000002
    pool:condorpool
...
000 (3851.000.000) 03/03 22:51:58 Job submitted from host: <192.168.5.10:9618?addrs=192.168.5.10-9618+[--1]-9618&noUDP&sock=2698_7f03_4>
    DAG Node: individuals_ID0000003
    pool:condorpool
...
000 (3852.000.000) 03/03 22:51:58 Job submitted from host: <192.168.5.10:9618?addrs=192.168.5.10-9618+[--1]-9618&noUDP&sock=2698_7f03_4>
    DAG Node: individuals_ID0000008
    pool:condorpool
...
000 (3853.000.000) 03/03 22:51:58 Job submitted from host: <192.168.5.10:9618?addrs=192.168.5.10-9618+[--1]-9618&noUDP&sock=2698_7f03_4>
    DAG Node: individuals_ID0000009
    pool:condorpool
...
000 (3854.000.000) 03/03 22:51:58 Job submitted from host: <192.168.5.10:9618?addrs=192.168.5.10-9618+[--1]-9618&noUDP&sock=2698_7f03_4>
    DAG Node: sifting_ID0000011
    pool:condorpool
...
001 (3845.000.000) 03/03 22:52:01 Job executing on host: <192.168.5.101:9618?addrs=192.168.5.101-9618+[--1]-9618&noUDP&sock=16636_ce09_3>
...
001 (3846.000.000) 03/03 22:52:01 Job executing on host: <192.168.5.101:9618?addrs=192.168.5.101-9618+[--1]-9618&noUDP&sock=16636_ce09_3>
...
006 (3845.000.000) 03/03 22:52:10 Image size of job updated: 352320
	335  -  MemoryUsage of job (MB)
	342784  -  ResidentSetSize of job (KB)
...
006 (3846.000.000) 03/03 22:52:10 Image size of job updated: 352304
	335  -  MemoryUsage of job (MB)
	342520  -  ResidentSetSize of job (KB)
...
001 (3847.000.000) 03/03 22:52:25 Job executing on host: <192.168.5.101:9618?addrs=192.168.5.101-9618+[--1]-9618&noUDP&sock=16636_ce09_3>
...
001 (3848.000.000) 03/03 22:52:25 Job executing on host: <192.168.5.101:9618?addrs=192.168.5.101-9618+[--1]-9618&noUDP&sock=16636_ce09_3>
...
006 (3848.000.000) 03/03 22:52:33 Image size of job updated: 2
	5  -  MemoryUsage of job (MB)
	5116  -  ResidentSetSize of job (KB)
...
006 (3847.000.000) 03/03 22:52:33 Image size of job updated: 18560
	5  -  MemoryUsage of job (MB)
	4964  -  ResidentSetSize of job (KB)
...
006 (3845.000.000) 03/03 22:57:10 Image size of job updated: 353600
	337  -  MemoryUsage of job (MB)
	344096  -  ResidentSetSize of job (KB)
...
006 (3846.000.000) 03/03 22:57:10 Image size of job updated: 353584
	336  -  MemoryUsage of job (MB)
	343828  -  ResidentSetSize of job (KB)
...
006 (3847.000.000) 03/03 22:57:33 Image size of job updated: 353344
	336  -  MemoryUsage of job (MB)
	343584  -  ResidentSetSize of job (KB)
...
006 (3848.000.000) 03/03 22:57:33 Image size of job updated: 353088
	336  -  MemoryUsage of job (MB)
	343236  -  ResidentSetSize of job (KB)
...
006 (3845.000.000) 03/03 23:02:11 Image size of job updated: 354880
	338  -  MemoryUsage of job (MB)
	345380  -  ResidentSetSize of job (KB)
...
006 (3846.000.000) 03/03 23:02:11 Image size of job updated: 354864
	338  -  MemoryUsage of job (MB)
	345116  -  ResidentSetSize of job (KB)
...
006 (3847.000.000) 03/03 23:02:33 Image size of job updated: 354880
	338  -  MemoryUsage of job (MB)
	345136  -  ResidentSetSize of job (KB)
...
006 (3848.000.000) 03/03 23:02:33 Image size of job updated: 354368
	337  -  MemoryUsage of job (MB)
	344536  -  ResidentSetSize of job (KB)
...
006 (3845.000.000) 03/03 23:07:12 Image size of job updated: 356160
	339  -  MemoryUsage of job (MB)
	346684  -  ResidentSetSize of job (KB)
...
006 (3846.000.000) 03/03 23:07:12 Image size of job updated: 356400
	339  -  MemoryUsage of job (MB)
	346668  -  ResidentSetSize of job (KB)
...
006 (3848.000.000) 03/03 23:07:33 Image size of job updated: 355904
	338  -  MemoryUsage of job (MB)
	346088  -  ResidentSetSize of job (KB)
...
006 (3847.000.000) 03/03 23:07:33 Image size of job updated: 356416
	339  -  MemoryUsage of job (MB)
	346676  -  ResidentSetSize of job (KB)
...
006 (3845.000.000) 03/03 23:12:12 Image size of job updated: 357696
	341  -  MemoryUsage of job (MB)
	348220  -  ResidentSetSize of job (KB)
...
006 (3846.000.000) 03/03 23:12:12 Image size of job updated: 358192
	341  -  MemoryUsage of job (MB)
	348472  -  ResidentSetSize of job (KB)
...
006 (3847.000.000) 03/03 23:12:34 Image size of job updated: 357696
	340  -  MemoryUsage of job (MB)
	347968  -  ResidentSetSize of job (KB)
...
006 (3848.000.000) 03/03 23:12:34 Image size of job updated: 356672
	339  -  MemoryUsage of job (MB)
	346856  -  ResidentSetSize of job (KB)
...
006 (3845.000.000) 03/03 23:17:12 Image size of job updated: 359232
	342  -  MemoryUsage of job (MB)
	349756  -  ResidentSetSize of job (KB)
...
006 (3846.000.000) 03/03 23:17:12 Image size of job updated: 359728
	342  -  MemoryUsage of job (MB)
	350032  -  ResidentSetSize of job (KB)
...
006 (3848.000.000) 03/03 23:17:34 Image size of job updated: 357952
	340  -  MemoryUsage of job (MB)
	348152  -  ResidentSetSize of job (KB)
...
006 (3847.000.000) 03/03 23:17:34 Image size of job updated: 359232
	342  -  MemoryUsage of job (MB)
	349504  -  ResidentSetSize of job (KB)
...
006 (3845.000.000) 03/03 23:22:12 Image size of job updated: 360512
	343  -  MemoryUsage of job (MB)
	351052  -  ResidentSetSize of job (KB)
...
006 (3846.000.000) 03/03 23:22:13 Image size of job updated: 361376
	344  -  MemoryUsage of job (MB)
	351608  -  ResidentSetSize of job (KB)
...
006 (3848.000.000) 03/03 23:22:34 Image size of job updated: 359744
	342  -  MemoryUsage of job (MB)
	349952  -  ResidentSetSize of job (KB)
...
006 (3847.000.000) 03/03 23:22:34 Image size of job updated: 361280
	344  -  MemoryUsage of job (MB)
	351568  -  ResidentSetSize of job (KB)
...
006 (3845.000.000) 03/03 23:27:13 Image size of job updated: 362560
	345  -  MemoryUsage of job (MB)
	353124  -  ResidentSetSize of job (KB)
...
006 (3846.000.000) 03/03 23:27:13 Image size of job updated: 363680
	346  -  MemoryUsage of job (MB)
	353944  -  ResidentSetSize of job (KB)
...
006 (3847.000.000) 03/03 23:27:34 Image size of job updated: 363072
	346  -  MemoryUsage of job (MB)
	353360  -  ResidentSetSize of job (KB)
...
006 (3848.000.000) 03/03 23:27:34 Image size of job updated: 361280
	344  -  MemoryUsage of job (MB)
	351500  -  ResidentSetSize of job (KB)
...
006 (3845.000.000) 03/03 23:32:13 Image size of job updated: 365468
	348  -  MemoryUsage of job (MB)
	355996  -  ResidentSetSize of job (KB)
...
006 (3846.000.000) 03/03 23:32:14 Image size of job updated: 366868
	349  -  MemoryUsage of job (MB)
	357096  -  ResidentSetSize of job (KB)
...
006 (3848.000.000) 03/03 23:32:35 Image size of job updated: 363432
	346  -  MemoryUsage of job (MB)
	353580  -  ResidentSetSize of job (KB)
...
006 (3847.000.000) 03/03 23:32:35 Image size of job updated: 365120
	348  -  MemoryUsage of job (MB)
	355408  -  ResidentSetSize of job (KB)
...
006 (3845.000.000) 03/03 23:37:13 Image size of job updated: 368896
	351  -  MemoryUsage of job (MB)
	359392  -  ResidentSetSize of job (KB)
...
006 (3846.000.000) 03/03 23:37:14 Image size of job updated: 370196
	353  -  MemoryUsage of job (MB)
	360484  -  ResidentSetSize of job (KB)
...
006 (3847.000.000) 03/03 23:37:35 Image size of job updated: 367424
	350  -  MemoryUsage of job (MB)
	357720  -  ResidentSetSize of job (KB)
...
006 (3848.000.000) 03/03 23:37:35 Image size of job updated: 365736
	348  -  MemoryUsage of job (MB)
	355920  -  ResidentSetSize of job (KB)
...
006 (3845.000.000) 03/03 23:42:14 Image size of job updated: 371456
	354  -  MemoryUsage of job (MB)
	361980  -  ResidentSetSize of job (KB)
...
006 (3846.000.000) 03/03 23:42:15 Image size of job updated: 372588
	355  -  MemoryUsage of job (MB)
	362872  -  ResidentSetSize of job (KB)
...
006 (3847.000.000) 03/03 23:42:35 Image size of job updated: 369472
	352  -  MemoryUsage of job (MB)
	359780  -  ResidentSetSize of job (KB)
...
006 (3848.000.000) 03/03 23:42:35 Image size of job updated: 367528
	350  -  MemoryUsage of job (MB)
	357748  -  ResidentSetSize of job (KB)
...
006 (3845.000.000) 03/03 23:47:14 Image size of job updated: 372736
	355  -  MemoryUsage of job (MB)
	363292  -  ResidentSetSize of job (KB)
...
006 (3846.000.000) 03/03 23:47:15 Image size of job updated: 374380
	357  -  MemoryUsage of job (MB)
	364688  -  ResidentSetSize of job (KB)
...
006 (3847.000.000) 03/03 23:47:36 Image size of job updated: 371112
	353  -  MemoryUsage of job (MB)
	361356  -  ResidentSetSize of job (KB)
...
006 (3848.000.000) 03/03 23:47:36 Image size of job updated: 368552
	351  -  MemoryUsage of job (MB)
	358784  -  ResidentSetSize of job (KB)
...
006 (3845.000.000) 03/03 23:52:14 Image size of job updated: 374016
	357  -  MemoryUsage of job (MB)
	364576  -  ResidentSetSize of job (KB)
...
006 (3846.000.000) 03/03 23:52:15 Image size of job updated: 376000
	358  -  MemoryUsage of job (MB)
	366340  -  ResidentSetSize of job (KB)
...
006 (3847.000.000) 03/03 23:52:36 Image size of job updated: 372648
	355  -  MemoryUsage of job (MB)
	362892  -  ResidentSetSize of job (KB)
...
006 (3848.000.000) 03/03 23:52:36 Image size of job updated: 369832
	352  -  MemoryUsage of job (MB)
	360332  -  ResidentSetSize of job (KB)
...
006 (3845.000.000) 03/03 23:57:15 Image size of job updated: 375552
	358  -  MemoryUsage of job (MB)
	366112  -  ResidentSetSize of job (KB)
...
006 (3846.000.000) 03/03 23:57:16 Image size of job updated: 377792
	360  -  MemoryUsage of job (MB)
	368056  -  ResidentSetSize of job (KB)
...
006 (3847.000.000) 03/03 23:57:36 Image size of job updated: 373672
	356  -  MemoryUsage of job (MB)
	363916  -  ResidentSetSize of job (KB)
...
006 (3848.000.000) 03/03 23:57:36 Image size of job updated: 370972
	353  -  MemoryUsage of job (MB)
	361116  -  ResidentSetSize of job (KB)
...
006 (3845.000.000) 03/04 00:02:15 Image size of job updated: 377088
	360  -  MemoryUsage of job (MB)
	367668  -  ResidentSetSize of job (KB)
...
006 (3846.000.000) 03/04 00:02:16 Image size of job updated: 379840
	362  -  MemoryUsage of job (MB)
	370152  -  ResidentSetSize of job (KB)
...
006 (3847.000.000) 03/04 00:02:37 Image size of job updated: 375720
	358  -  MemoryUsage of job (MB)
	365964  -  ResidentSetSize of job (KB)
...
006 (3848.000.000) 03/04 00:02:37 Image size of job updated: 372764
	355  -  MemoryUsage of job (MB)
	362936  -  ResidentSetSize of job (KB)
...
006 (3845.000.000) 03/04 00:07:15 Image size of job updated: 378732
	361  -  MemoryUsage of job (MB)
	369224  -  ResidentSetSize of job (KB)
...
006 (3846.000.000) 03/04 00:07:16 Image size of job updated: 381736
	364  -  MemoryUsage of job (MB)
	371976  -  ResidentSetSize of job (KB)
...
006 (3847.000.000) 03/04 00:07:37 Image size of job updated: 377512
	360  -  MemoryUsage of job (MB)
	368028  -  ResidentSetSize of job (KB)
...
006 (3848.000.000) 03/04 00:07:37 Image size of job updated: 374556
	357  -  MemoryUsage of job (MB)
	364744  -  ResidentSetSize of job (KB)
...
006 (3845.000.000) 03/04 00:12:16 Image size of job updated: 381548
	364  -  MemoryUsage of job (MB)
	372084  -  ResidentSetSize of job (KB)
...
006 (3846.000.000) 03/04 00:12:17 Image size of job updated: 385064
	367  -  MemoryUsage of job (MB)
	375372  -  ResidentSetSize of job (KB)
...
006 (3847.000.000) 03/04 00:12:37 Image size of job updated: 379560
	362  -  MemoryUsage of job (MB)
	369832  -  ResidentSetSize of job (KB)
...
006 (3848.000.000) 03/04 00:12:37 Image size of job updated: 376348
	358  -  MemoryUsage of job (MB)
	366560  -  ResidentSetSize of job (KB)
...
006 (3845.000.000) 03/04 00:17:16 Image size of job updated: 383596
	366  -  MemoryUsage of job (MB)
	374164  -  ResidentSetSize of job (KB)
...
006 (3846.000.000) 03/04 00:17:17 Image size of job updated: 387228
	369  -  MemoryUsage of job (MB)
	377468  -  ResidentSetSize of job (KB)
...
006 (3847.000.000) 03/04 00:17:38 Image size of job updated: 381352
	363  -  MemoryUsage of job (MB)
	371632  -  ResidentSetSize of job (KB)
...
006 (3848.000.000) 03/04 00:17:38 Image size of job updated: 377884
	360  -  MemoryUsage of job (MB)
	367988  -  ResidentSetSize of job (KB)
...
006 (3845.000.000) 03/04 00:22:16 Image size of job updated: 385492
	368  -  MemoryUsage of job (MB)
	375984  -  ResidentSetSize of job (KB)
...
006 (3846.000.000) 03/04 00:22:17 Image size of job updated: 388764
	371  -  MemoryUsage of job (MB)
	379020  -  ResidentSetSize of job (KB)
...
006 (3847.000.000) 03/04 00:22:38 Image size of job updated: 382376
	365  -  MemoryUsage of job (MB)
	372808  -  ResidentSetSize of job (KB)
...
006 (3848.000.000) 03/04 00:22:38 Image size of job updated: 378652
	361  -  MemoryUsage of job (MB)
	368892  -  ResidentSetSize of job (KB)
...
006 (3846.000.000) 03/04 00:26:19 Image size of job updated: 392248
	371  -  MemoryUsage of job (MB)
	379020  -  ResidentSetSize of job (KB)
...
005 (3846.000.000) 03/04 00:26:19 Job terminated.
	(1) Normal termination (return value 0)
		Usr 0 01:31:51, Sys 0 00:00:40  -  Run Remote Usage
		Usr 0 00:00:00, Sys 0 00:00:00  -  Run Local Usage
		Usr 0 01:31:51, Sys 0 00:00:40  -  Total Remote Usage
		Usr 0 00:00:00, Sys 0 00:00:00  -  Total Local Usage
	860388  -  Run Bytes Sent By Job
	302565088  -  Run Bytes Received By Job
	860388  -  Total Bytes Sent By Job
	302565088  -  Total Bytes Received By Job
	Partitionable Resources :    Usage  Request Allocated
	   Cpus                 :                 1         1
	   Disk (KB)            :   296324   300000 164690096
	   Memory (MB)          :      371        1       479
...
006 (3845.000.000) 03/04 00:26:47 Image size of job updated: 388420
	368  -  MemoryUsage of job (MB)
	375984  -  ResidentSetSize of job (KB)
...
005 (3845.000.000) 03/04 00:26:47 Job terminated.
	(1) Normal termination (return value 0)
		Usr 0 01:32:13, Sys 0 00:00:44  -  Run Remote Usage
		Usr 0 00:00:00, Sys 0 00:00:00  -  Run Local Usage
		Usr 0 01:32:13, Sys 0 00:00:44  -  Total Remote Usage
		Usr 0 00:00:00, Sys 0 00:00:00  -  Total Local Usage
	840364  -  Run Bytes Sent By Job
	302565088  -  Run Bytes Received By Job
	840364  -  Total Bytes Sent By Job
	302565088  -  Total Bytes Received By Job
	Partitionable Resources :    Usage  Request Allocated
	   Cpus                 :                 1         1
	   Disk (KB)            :   296305   300000 164690096
	   Memory (MB)          :      368        1       479
...
006 (3848.000.000) 03/04 00:27:07 Image size of job updated: 381676
	361  -  MemoryUsage of job (MB)
	368892  -  ResidentSetSize of job (KB)
...
005 (3848.000.000) 03/04 00:27:07 Job terminated.
	(1) Normal termination (return value 0)
		Usr 0 01:32:07, Sys 0 00:00:49  -  Run Remote Usage
		Usr 0 00:00:00, Sys 0 00:00:00  -  Run Local Usage
		Usr 0 01:32:07, Sys 0 00:00:49  -  Total Remote Usage
		Usr 0 00:00:00, Sys 0 00:00:00  -  Total Local Usage
	780200  -  Run Bytes Sent By Job
	302565088  -  Run Bytes Received By Job
	780200  -  Total Bytes Sent By Job
	302565088  -  Total Bytes Received By Job
	Partitionable Resources :    Usage  Request Allocated
	   Cpus                 :                 1         1
	   Disk (KB)            :   296246   300000 164690096
	   Memory (MB)          :      361        1       479
...
001 (3849.000.000) 03/04 00:27:26 Job executing on host: <192.168.5.101:9618?addrs=192.168.5.101-9618+[--1]-9618&noUDP&sock=16636_ce09_3>
...
001 (3850.000.000) 03/04 00:27:26 Job executing on host: <192.168.5.101:9618?addrs=192.168.5.101-9618+[--1]-9618&noUDP&sock=16636_ce09_3>
...
001 (3851.000.000) 03/04 00:27:26 Job executing on host: <192.168.5.101:9618?addrs=192.168.5.101-9618+[--1]-9618&noUDP&sock=16636_ce09_3>
...
006 (3849.000.000) 03/04 00:27:35 Image size of job updated: 274276
	259  -  MemoryUsage of job (MB)
	264604  -  ResidentSetSize of job (KB)
...
006 (3851.000.000) 03/04 00:27:35 Image size of job updated: 278660
	263  -  MemoryUsage of job (MB)
	268868  -  ResidentSetSize of job (KB)
...
006 (3850.000.000) 03/04 00:27:35 Image size of job updated: 283860
	268  -  MemoryUsage of job (MB)
	274236  -  ResidentSetSize of job (KB)
...
006 (3847.000.000) 03/04 00:27:38 Image size of job updated: 384512
	367  -  MemoryUsage of job (MB)
	374808  -  ResidentSetSize of job (KB)
...
006 (3847.000.000) 03/04 00:28:05 Image size of job updated: 386132
	367  -  MemoryUsage of job (MB)
	374808  -  ResidentSetSize of job (KB)
...
005 (3847.000.000) 03/04 00:28:05 Job terminated.
	(1) Normal termination (return value 0)
		Usr 0 01:33:08, Sys 0 00:00:38  -  Run Remote Usage
		Usr 0 00:00:00, Sys 0 00:00:00  -  Run Local Usage
		Usr 0 01:33:08, Sys 0 00:00:38  -  Total Remote Usage
		Usr 0 00:00:00, Sys 0 00:00:00  -  Total Local Usage
	816259  -  Run Bytes Sent By Job
	302565088  -  Run Bytes Received By Job
	816259  -  Total Bytes Sent By Job
	302565088  -  Total Bytes Received By Job
	Partitionable Resources :    Usage  Request Allocated
	   Cpus                 :                 1         1
	   Disk (KB)            :   296281   300000 164690096
	   Memory (MB)          :      367        1       479
...
001 (3852.000.000) 03/04 00:28:20 Job executing on host: <192.168.5.101:9618?addrs=192.168.5.101-9618+[--1]-9618&noUDP&sock=16636_ce09_3>
...
006 (3852.000.000) 03/04 00:28:29 Image size of job updated: 2
	5  -  MemoryUsage of job (MB)
	4984  -  ResidentSetSize of job (KB)
...
006 (3849.000.000) 03/04 00:32:35 Image size of job updated: 350576
	333  -  MemoryUsage of job (MB)
	340764  -  ResidentSetSize of job (KB)
...
006 (3851.000.000) 03/04 00:32:35 Image size of job updated: 353088
	336  -  MemoryUsage of job (MB)
	343320  -  ResidentSetSize of job (KB)
...
006 (3850.000.000) 03/04 00:32:35 Image size of job updated: 353320
	336  -  MemoryUsage of job (MB)
	343656  -  ResidentSetSize of job (KB)
...
006 (3852.000.000) 03/04 00:33:29 Image size of job updated: 352836
	336  -  MemoryUsage of job (MB)
	343204  -  ResidentSetSize of job (KB)
...
006 (3849.000.000) 03/04 00:37:36 Image size of job updated: 351344
	334  -  MemoryUsage of job (MB)
	341540  -  ResidentSetSize of job (KB)
...
006 (3851.000.000) 03/04 00:37:36 Image size of job updated: 354112
	337  -  MemoryUsage of job (MB)
	344352  -  ResidentSetSize of job (KB)
...
006 (3850.000.000) 03/04 00:37:36 Image size of job updated: 354344
	337  -  MemoryUsage of job (MB)
	344688  -  ResidentSetSize of job (KB)
...
006 (3852.000.000) 03/04 00:38:30 Image size of job updated: 353604
	336  -  MemoryUsage of job (MB)
	343980  -  ResidentSetSize of job (KB)
...
006 (3849.000.000) 03/04 00:42:36 Image size of job updated: 352112
	335  -  MemoryUsage of job (MB)
	342316  -  ResidentSetSize of job (KB)
...
006 (3851.000.000) 03/04 00:42:36 Image size of job updated: 355136
	338  -  MemoryUsage of job (MB)
	345388  -  ResidentSetSize of job (KB)
...
006 (3850.000.000) 03/04 00:42:36 Image size of job updated: 355368
	338  -  MemoryUsage of job (MB)
	345720  -  ResidentSetSize of job (KB)
...
006 (3852.000.000) 03/04 00:43:30 Image size of job updated: 355140
	338  -  MemoryUsage of job (MB)
	345528  -  ResidentSetSize of job (KB)
...
006 (3851.000.000) 03/04 00:47:36 Image size of job updated: 356672
	339  -  MemoryUsage of job (MB)
	346940  -  ResidentSetSize of job (KB)
...
006 (3849.000.000) 03/04 00:47:36 Image size of job updated: 352624
	336  -  MemoryUsage of job (MB)
	343100  -  ResidentSetSize of job (KB)
...
006 (3850.000.000) 03/04 00:47:36 Image size of job updated: 356648
	339  -  MemoryUsage of job (MB)
	347020  -  ResidentSetSize of job (KB)
...
006 (3852.000.000) 03/04 00:48:30 Image size of job updated: 355908
	339  -  MemoryUsage of job (MB)
	346308  -  ResidentSetSize of job (KB)
...
006 (3851.000.000) 03/04 00:52:36 Image size of job updated: 357696
	340  -  MemoryUsage of job (MB)
	347960  -  ResidentSetSize of job (KB)
...
006 (3850.000.000) 03/04 00:52:36 Image size of job updated: 357672
	340  -  MemoryUsage of job (MB)
	348060  -  ResidentSetSize of job (KB)
...
006 (3849.000.000) 03/04 00:52:36 Image size of job updated: 353392
	336  -  MemoryUsage of job (MB)
	343612  -  ResidentSetSize of job (KB)
...
006 (3852.000.000) 03/04 00:53:30 Image size of job updated: 356420
	339  -  MemoryUsage of job (MB)
	346820  -  ResidentSetSize of job (KB)
...
006 (3851.000.000) 03/04 00:57:36 Image size of job updated: 358976
	342  -  MemoryUsage of job (MB)
	349256  -  ResidentSetSize of job (KB)
...
006 (3850.000.000) 03/04 00:57:37 Image size of job updated: 359208
	342  -  MemoryUsage of job (MB)
	349592  -  ResidentSetSize of job (KB)
...
006 (3849.000.000) 03/04 00:57:37 Image size of job updated: 354416
	337  -  MemoryUsage of job (MB)
	344656  -  ResidentSetSize of job (KB)
...
006 (3852.000.000) 03/04 00:58:31 Image size of job updated: 357700
	340  -  MemoryUsage of job (MB)
	348100  -  ResidentSetSize of job (KB)
...
006 (3851.000.000) 03/04 01:02:37 Image size of job updated: 360768
	343  -  MemoryUsage of job (MB)
	351048  -  ResidentSetSize of job (KB)
...
006 (3850.000.000) 03/04 01:02:38 Image size of job updated: 360744
	343  -  MemoryUsage of job (MB)
	350884  -  ResidentSetSize of job (KB)
...
006 (3849.000.000) 03/04 01:02:38 Image size of job updated: 355184
	338  -  MemoryUsage of job (MB)
	345420  -  ResidentSetSize of job (KB)
...
006 (3852.000.000) 03/04 01:03:32 Image size of job updated: 359236
	342  -  MemoryUsage of job (MB)
	349652  -  ResidentSetSize of job (KB)
...
006 (3851.000.000) 03/04 01:07:37 Image size of job updated: 362304
	345  -  MemoryUsage of job (MB)
	352600  -  ResidentSetSize of job (KB)
...
006 (3850.000.000) 03/04 01:07:38 Image size of job updated: 362536
	345  -  MemoryUsage of job (MB)
	352932  -  ResidentSetSize of job (KB)
...
006 (3849.000.000) 03/04 01:07:38 Image size of job updated: 356208
	339  -  MemoryUsage of job (MB)
	346444  -  ResidentSetSize of job (KB)
...
006 (3852.000.000) 03/04 01:08:32 Image size of job updated: 360772
	343  -  MemoryUsage of job (MB)
	351188  -  ResidentSetSize of job (KB)
...
006 (3851.000.000) 03/04 01:12:37 Image size of job updated: 364352
	347  -  MemoryUsage of job (MB)
	354664  -  ResidentSetSize of job (KB)
...
006 (3850.000.000) 03/04 01:12:38 Image size of job updated: 364668
	347  -  MemoryUsage of job (MB)
	355012  -  ResidentSetSize of job (KB)
...
006 (3849.000.000) 03/04 01:12:38 Image size of job updated: 357488
	340  -  MemoryUsage of job (MB)
	347728  -  ResidentSetSize of job (KB)
...
006 (3852.000.000) 03/04 01:13:32 Image size of job updated: 362564
	345  -  MemoryUsage of job (MB)
	352980  -  ResidentSetSize of job (KB)
...
006 (3851.000.000) 03/04 01:17:38 Image size of job updated: 367012
	349  -  MemoryUsage of job (MB)
	357276  -  ResidentSetSize of job (KB)
...
006 (3850.000.000) 03/04 01:17:39 Image size of job updated: 367740
	350  -  MemoryUsage of job (MB)
	358148  -  ResidentSetSize of job (KB)
...
006 (3849.000.000) 03/04 01:17:39 Image size of job updated: 359024
	342  -  MemoryUsage of job (MB)
	349260  -  ResidentSetSize of job (KB)
...
006 (3852.000.000) 03/04 01:18:32 Image size of job updated: 364612
	347  -  MemoryUsage of job (MB)
	355032  -  ResidentSetSize of job (KB)
...
006 (3851.000.000) 03/04 01:22:39 Image size of job updated: 369828
	352  -  MemoryUsage of job (MB)
	360144  -  ResidentSetSize of job (KB)
...
006 (3850.000.000) 03/04 01:22:39 Image size of job updated: 370908
	353  -  MemoryUsage of job (MB)
	361280  -  ResidentSetSize of job (KB)
...
006 (3849.000.000) 03/04 01:22:39 Image size of job updated: 360304
	343  -  MemoryUsage of job (MB)
	350540  -  ResidentSetSize of job (KB)
...
006 (3852.000.000) 03/04 01:23:33 Image size of job updated: 366660
	349  -  MemoryUsage of job (MB)
	357088  -  ResidentSetSize of job (KB)
...
006 (3851.000.000) 03/04 01:27:39 Image size of job updated: 371232
	353  -  MemoryUsage of job (MB)
	361456  -  ResidentSetSize of job (KB)
...
006 (3850.000.000) 03/04 01:27:39 Image size of job updated: 372444
	355  -  MemoryUsage of job (MB)
	362852  -  ResidentSetSize of job (KB)
...
006 (3849.000.000) 03/04 01:27:39 Image size of job updated: 361072
	344  -  MemoryUsage of job (MB)
	351316  -  ResidentSetSize of job (KB)
...
006 (3852.000.000) 03/04 01:28:33 Image size of job updated: 368196
	351  -  MemoryUsage of job (MB)
	358624  -  ResidentSetSize of job (KB)
...
006 (3851.000.000) 03/04 01:32:39 Image size of job updated: 372768
	355  -  MemoryUsage of job (MB)
	363004  -  ResidentSetSize of job (KB)
...
006 (3850.000.000) 03/04 01:32:39 Image size of job updated: 373980
	356  -  MemoryUsage of job (MB)
	364388  -  ResidentSetSize of job (KB)
...
006 (3849.000.000) 03/04 01:32:41 Image size of job updated: 362096
	345  -  MemoryUsage of job (MB)
	352344  -  ResidentSetSize of job (KB)
...
006 (3852.000.000) 03/04 01:33:33 Image size of job updated: 369476
	352  -  MemoryUsage of job (MB)
	359904  -  ResidentSetSize of job (KB)
...
006 (3851.000.000) 03/04 01:37:40 Image size of job updated: 373792
	356  -  MemoryUsage of job (MB)
	364028  -  ResidentSetSize of job (KB)
...
006 (3850.000.000) 03/04 01:37:40 Image size of job updated: 375004
	357  -  MemoryUsage of job (MB)
	365420  -  ResidentSetSize of job (KB)
...
006 (3849.000.000) 03/04 01:37:41 Image size of job updated: 362864
	345  -  MemoryUsage of job (MB)
	353108  -  ResidentSetSize of job (KB)
...
006 (3852.000.000) 03/04 01:38:34 Image size of job updated: 370500
	353  -  MemoryUsage of job (MB)
	360924  -  ResidentSetSize of job (KB)
...
006 (3851.000.000) 03/04 01:42:40 Image size of job updated: 375584
	358  -  MemoryUsage of job (MB)
	365840  -  ResidentSetSize of job (KB)
...
006 (3850.000.000) 03/04 01:42:40 Image size of job updated: 376908
	359  -  MemoryUsage of job (MB)
	367280  -  ResidentSetSize of job (KB)
...
006 (3849.000.000) 03/04 01:42:41 Image size of job updated: 363888
	346  -  MemoryUsage of job (MB)
	354096  -  ResidentSetSize of job (KB)
...
006 (3852.000.000) 03/04 01:43:34 Image size of job updated: 371780
	354  -  MemoryUsage of job (MB)
	362220  -  ResidentSetSize of job (KB)
...
006 (3851.000.000) 03/04 01:47:41 Image size of job updated: 377888
	360  -  MemoryUsage of job (MB)
	368176  -  ResidentSetSize of job (KB)
...
006 (3850.000.000) 03/04 01:47:41 Image size of job updated: 379212
	361  -  MemoryUsage of job (MB)
	369540  -  ResidentSetSize of job (KB)
...
006 (3849.000.000) 03/04 01:47:42 Image size of job updated: 365424
	348  -  MemoryUsage of job (MB)
	355672  -  ResidentSetSize of job (KB)
...
006 (3852.000.000) 03/04 01:48:34 Image size of job updated: 374084
	356  -  MemoryUsage of job (MB)
	364524  -  ResidentSetSize of job (KB)
...
006 (3851.000.000) 03/04 01:52:41 Image size of job updated: 381064
	363  -  MemoryUsage of job (MB)
	370828  -  ResidentSetSize of job (KB)
...
006 (3850.000.000) 03/04 01:52:41 Image size of job updated: 382540
	364  -  MemoryUsage of job (MB)
	372420  -  ResidentSetSize of job (KB)
...
006 (3849.000.000) 03/04 01:52:42 Image size of job updated: 366960
	349  -  MemoryUsage of job (MB)
	356704  -  ResidentSetSize of job (KB)
...
006 (3852.000.000) 03/04 01:53:35 Image size of job updated: 376388
	358  -  MemoryUsage of job (MB)
	366312  -  ResidentSetSize of job (KB)
...
006 (3851.000.000) 03/04 01:57:41 Image size of job updated: 382856
	364  -  MemoryUsage of job (MB)
	372404  -  ResidentSetSize of job (KB)
...
006 (3850.000.000) 03/04 01:57:41 Image size of job updated: 384700
	366  -  MemoryUsage of job (MB)
	374280  -  ResidentSetSize of job (KB)
...
006 (3849.000.000) 03/04 01:57:42 Image size of job updated: 367984
	350  -  MemoryUsage of job (MB)
	357496  -  ResidentSetSize of job (KB)
...
006 (3852.000.000) 03/04 01:58:35 Image size of job updated: 377924
	360  -  MemoryUsage of job (MB)
	367656  -  ResidentSetSize of job (KB)
...
006 (3851.000.000) 03/04 02:02:42 Image size of job updated: 384136
	365  -  MemoryUsage of job (MB)
	373708  -  ResidentSetSize of job (KB)
...
006 (3850.000.000) 03/04 02:02:42 Image size of job updated: 385724
	367  -  MemoryUsage of job (MB)
	375312  -  ResidentSetSize of job (KB)
...
006 (3849.000.000) 03/04 02:02:43 Image size of job updated: 369008
	351  -  MemoryUsage of job (MB)
	358516  -  ResidentSetSize of job (KB)
...
006 (3852.000.000) 03/04 02:03:35 Image size of job updated: 378692
	360  -  MemoryUsage of job (MB)
	368424  -  ResidentSetSize of job (KB)
...
006 (3849.000.000) 03/04 02:04:03 Image size of job updated: 370900
	351  -  MemoryUsage of job (MB)
	358516  -  ResidentSetSize of job (KB)
...
005 (3849.000.000) 03/04 02:04:03 Job terminated.
	(1) Normal termination (return value 0)
		Usr 0 01:34:11, Sys 0 00:00:31  -  Run Remote Usage
		Usr 0 00:00:00, Sys 0 00:00:00  -  Run Local Usage
		Usr 0 01:34:11, Sys 0 00:00:31  -  Total Remote Usage
		Usr 0 00:00:00, Sys 0 00:00:00  -  Total Local Usage
	648804  -  Run Bytes Sent By Job
	302565088  -  Run Bytes Received By Job
	648804  -  Total Bytes Sent By Job
	302565088  -  Total Bytes Received By Job
	Partitionable Resources :    Usage  Request Allocated
	   Cpus                 :                 1         1
	   Disk (KB)            :   296118   300000 164690096
	   Memory (MB)          :      351        1       479
...
001 (3853.000.000) 03/04 02:04:19 Job executing on host: <192.168.5.101:9618?addrs=192.168.5.101-9618+[--1]-9618&noUDP&sock=16636_ce09_3>
...
006 (3853.000.000) 03/04 02:04:28 Image size of job updated: 228436
	214  -  MemoryUsage of job (MB)
	218532  -  ResidentSetSize of job (KB)
...
006 (3850.000.000) 03/04 02:05:40 Image size of job updated: 388144
	367  -  MemoryUsage of job (MB)
	375312  -  ResidentSetSize of job (KB)
...
005 (3850.000.000) 03/04 02:05:40 Job terminated.
	(1) Normal termination (return value 0)
		Usr 0 01:35:45, Sys 0 00:00:32  -  Run Remote Usage
		Usr 0 00:00:00, Sys 0 00:00:00  -  Run Local Usage
		Usr 0 01:35:45, Sys 0 00:00:32  -  Total Remote Usage
		Usr 0 00:00:00, Sys 0 00:00:00  -  Total Local Usage
	888942  -  Run Bytes Sent By Job
	302565088  -  Run Bytes Received By Job
	888942  -  Total Bytes Sent By Job
	302565088  -  Total Bytes Received By Job
	Partitionable Resources :    Usage  Request Allocated
	   Cpus                 :                 1         1
	   Disk (KB)            :   296352   300000 164690096
	   Memory (MB)          :      367        1       479
...
001 (3854.000.000) 03/04 02:06:14 Job executing on host: <192.168.5.101:9618?addrs=192.168.5.101-9618+[--1]-9618&noUDP&sock=16636_ce09_3>
...
006 (3854.000.000) 03/04 02:06:15 Image size of job updated: 2
	0  -  MemoryUsage of job (MB)
	0  -  ResidentSetSize of job (KB)
...
005 (3854.000.000) 03/04 02:06:15 Job terminated.
	(1) Normal termination (return value 0)
		Usr 0 00:00:00, Sys 0 00:00:00  -  Run Remote Usage
		Usr 0 00:00:00, Sys 0 00:00:00  -  Run Local Usage
		Usr 0 00:00:00, Sys 0 00:00:00  -  Total Remote Usage
		Usr 0 00:00:00, Sys 0 00:00:00  -  Total Local Usage
	37858  -  Run Bytes Sent By Job
	8146054  -  Run Bytes Received By Job
	37858  -  Total Bytes Sent By Job
	8146054  -  Total Bytes Received By Job
	Partitionable Resources :    Usage  Request Allocated
	   Cpus                 :                 1         1
	   Disk (KB)            :     8003    10000 164690096
	   Memory (MB)          :        0        1       479
...
006 (3851.000.000) 03/04 02:06:43 Image size of job updated: 387360
	365  -  MemoryUsage of job (MB)
	373708  -  ResidentSetSize of job (KB)
...
005 (3851.000.000) 03/04 02:06:43 Job terminated.
	(1) Normal termination (return value 0)
		Usr 0 01:36:34, Sys 0 00:00:46  -  Run Remote Usage
		Usr 0 00:00:00, Sys 0 00:00:00  -  Run Local Usage
		Usr 0 01:36:34, Sys 0 00:00:46  -  Total Remote Usage
		Usr 0 00:00:00, Sys 0 00:00:00  -  Total Local Usage
	790330  -  Run Bytes Sent By Job
	302565088  -  Run Bytes Received By Job
	790330  -  Total Bytes Sent By Job
	302565088  -  Total Bytes Received By Job
	Partitionable Resources :    Usage  Request Allocated
	   Cpus                 :                 1         1
	   Disk (KB)            :   296256   300000 164690096
	   Memory (MB)          :      365        1       479
...
006 (3852.000.000) 03/04 02:07:38 Image size of job updated: 381724
	360  -  MemoryUsage of job (MB)
	368424  -  ResidentSetSize of job (KB)
...
005 (3852.000.000) 03/04 02:07:38 Job terminated.
	(1) Normal termination (return value 0)
		Usr 0 01:36:46, Sys 0 00:00:36  -  Run Remote Usage
		Usr 0 00:00:00, Sys 0 00:00:00  -  Run Local Usage
		Usr 0 01:36:46, Sys 0 00:00:36  -  Total Remote Usage
		Usr 0 00:00:00, Sys 0 00:00:00  -  Total Local Usage
	684967  -  Run Bytes Sent By Job
	302565088  -  Run Bytes Received By Job
	684967  -  Total Bytes Sent By Job
	302565088  -  Total Bytes Received By Job
	Partitionable Resources :    Usage  Request Allocated
	   Cpus                 :                 1         1
	   Disk (KB)            :   296153   300000 164690096
	   Memory (MB)          :      360        1       479
...
006 (3853.000.000) 03/04 02:09:29 Image size of job updated: 353332
	336  -  MemoryUsage of job (MB)
	343388  -  ResidentSetSize of job (KB)
...
006 (3853.000.000) 03/04 02:14:29 Image size of job updated: 356660
	339  -  MemoryUsage of job (MB)
	346732  -  ResidentSetSize of job (KB)
...
006 (3853.000.000) 03/04 02:19:30 Image size of job updated: 358708
	341  -  MemoryUsage of job (MB)
	348816  -  ResidentSetSize of job (KB)
...
006 (3853.000.000) 03/04 02:24:31 Image size of job updated: 361012
	343  -  MemoryUsage of job (MB)
	351144  -  ResidentSetSize of job (KB)
...
006 (3853.000.000) 03/04 02:29:31 Image size of job updated: 364424
	347  -  MemoryUsage of job (MB)
	354520  -  ResidentSetSize of job (KB)
...
006 (3853.000.000) 03/04 02:34:31 Image size of job updated: 368380
	351  -  MemoryUsage of job (MB)
	358692  -  ResidentSetSize of job (KB)
...
006 (3853.000.000) 03/04 02:39:31 Image size of job updated: 372476
	355  -  MemoryUsage of job (MB)
	362608  -  ResidentSetSize of job (KB)
...
006 (3853.000.000) 03/04 02:44:32 Image size of job updated: 376684
	359  -  MemoryUsage of job (MB)
	366808  -  ResidentSetSize of job (KB)
...
006 (3853.000.000) 03/04 02:49:32 Image size of job updated: 379756
	362  -  MemoryUsage of job (MB)
	369904  -  ResidentSetSize of job (KB)
...
006 (3853.000.000) 03/04 02:54:32 Image size of job updated: 382148
	364  -  MemoryUsage of job (MB)
	372232  -  ResidentSetSize of job (KB)
...
006 (3853.000.000) 03/04 02:59:33 Image size of job updated: 385476
	367  -  MemoryUsage of job (MB)
	375592  -  ResidentSetSize of job (KB)
...
006 (3853.000.000) 03/04 03:04:33 Image size of job updated: 389940
	372  -  MemoryUsage of job (MB)
	380012  -  ResidentSetSize of job (KB)
...
006 (3853.000.000) 03/04 03:09:33 Image size of job updated: 393524
	375  -  MemoryUsage of job (MB)
	383652  -  ResidentSetSize of job (KB)
...
006 (3853.000.000) 03/04 03:14:34 Image size of job updated: 395572
	377  -  MemoryUsage of job (MB)
	385732  -  ResidentSetSize of job (KB)
...
006 (3853.000.000) 03/04 03:17:06 Image size of job updated: 398616
	377  -  MemoryUsage of job (MB)
	385732  -  ResidentSetSize of job (KB)
...
005 (3853.000.000) 03/04 03:17:06 Job terminated.
	(1) Normal termination (return value 0)
		Usr 0 01:11:25, Sys 0 00:00:22  -  Run Remote Usage
		Usr 0 00:00:00, Sys 0 00:00:00  -  Run Local Usage
		Usr 0 01:11:25, Sys 0 00:00:22  -  Total Remote Usage
		Usr 0 00:00:00, Sys 0 00:00:00  -  Total Local Usage
	894673  -  Run Bytes Sent By Job
	302565088  -  Run Bytes Received By Job
	894673  -  Total Bytes Sent By Job
	302565088  -  Total Bytes Received By Job
	Partitionable Resources :    Usage  Request Allocated
	   Cpus                 :                 1         1
	   Disk (KB)            :   296358   300000 164690096
	   Memory (MB)          :      377        1       479
...
000 (3855.000.000) 03/04 03:17:20 Job submitted from host: <192.168.5.10:9618?addrs=192.168.5.10-9618+[--1]-9618&noUDP&sock=2698_7f03_4>
    DAG Node: individuals_merge_ID0000010
    pool:condorpool
...
001 (3855.000.000) 03/04 03:17:36 Job executing on host: <192.168.5.101:9618?addrs=192.168.5.101-9618+[--1]-9618&noUDP&sock=16636_ce09_3>
...
006 (3855.000.000) 03/04 03:17:44 Image size of job updated: 2
	5  -  MemoryUsage of job (MB)
	5076  -  ResidentSetSize of job (KB)
...
006 (3855.000.000) 03/04 03:22:44 Image size of job updated: 63412
	52  -  MemoryUsage of job (MB)
	52724  -  ResidentSetSize of job (KB)
...
006 (3855.000.000) 03/04 03:27:44 Image size of job updated: 118320
	106  -  MemoryUsage of job (MB)
	107700  -  ResidentSetSize of job (KB)
...
006 (3855.000.000) 03/04 03:32:18 Image size of job updated: 150268
	106  -  MemoryUsage of job (MB)
	107700  -  ResidentSetSize of job (KB)
...
005 (3855.000.000) 03/04 03:32:18 Job terminated.
	(1) Normal termination (return value 0)
		Usr 0 00:01:26, Sys 0 00:00:23  -  Run Remote Usage
		Usr 0 00:00:00, Sys 0 00:00:00  -  Run Local Usage
		Usr 0 00:01:26, Sys 0 00:00:23  -  Total Remote Usage
		Usr 0 00:00:00, Sys 0 00:00:00  -  Total Local Usage
	16409040  -  Run Bytes Sent By Job
	5494348  -  Run Bytes Received By Job
	16409040  -  Total Bytes Sent By Job
	5494348  -  Total Bytes Received By Job
	Partitionable Resources :    Usage  Request Allocated
	   Cpus                 :                 1         1
	   Disk (KB)            :    21402     7500 164690096
	   Memory (MB)          :      106        1       479
...
000 (3856.000.000) 03/04 03:32:31 Job submitted from host: <192.168.5.10:9618?addrs=192.168.5.10-9618+[--1]-9618&noUDP&sock=2698_7f03_4>
    DAG Node: mutation_overlap_ID0000020
    pool:condorpool
...
000 (3857.000.000) 03/04 03:32:31 Job submitted from host: <192.168.5.10:9618?addrs=192.168.5.10-9618+[--1]-9618&noUDP&sock=2698_7f03_4>
    DAG Node: frequency_ID0000013
    pool:condorpool
...
000 (3858.000.000) 03/04 03:32:31 Job submitted from host: <192.168.5.10:9618?addrs=192.168.5.10-9618+[--1]-9618&noUDP&sock=2698_7f03_4>
    DAG Node: frequency_ID0000025
    pool:condorpool
...
000 (3859.000.000) 03/04 03:32:31 Job submitted from host: <192.168.5.10:9618?addrs=192.168.5.10-9618+[--1]-9618&noUDP&sock=2698_7f03_4>
    DAG Node: mutation_overlap_ID0000022
    pool:condorpool
...
000 (3860.000.000) 03/04 03:32:32 Job submitted from host: <192.168.5.10:9618?addrs=192.168.5.10-9618+[--1]-9618&noUDP&sock=2698_7f03_4>
    DAG Node: frequency_ID0000015
    pool:condorpool
...
001 (3856.000.000) 03/04 03:32:32 Job executing on host: <192.168.5.101:9618?addrs=192.168.5.101-9618+[--1]-9618&noUDP&sock=16636_ce09_3>
...
000 (3861.000.000) 03/04 03:32:37 Job submitted from host: <192.168.5.10:9618?addrs=192.168.5.10-9618+[--1]-9618&noUDP&sock=2698_7f03_4>
    DAG Node: frequency_ID0000021
    pool:condorpool
...
000 (3862.000.000) 03/04 03:32:37 Job submitted from host: <192.168.5.10:9618?addrs=192.168.5.10-9618+[--1]-9618&noUDP&sock=2698_7f03_4>
    DAG Node: frequency_ID0000023
    pool:condorpool
...
000 (3863.000.000) 03/04 03:32:37 Job submitted from host: <192.168.5.10:9618?addrs=192.168.5.10-9618+[--1]-9618&noUDP&sock=2698_7f03_4>
    DAG Node: mutation_overlap_ID0000016
    pool:condorpool
...
000 (3864.000.000) 03/04 03:32:37 Job submitted from host: <192.168.5.10:9618?addrs=192.168.5.10-9618+[--1]-9618&noUDP&sock=2698_7f03_4>
    DAG Node: mutation_overlap_ID0000018
    pool:condorpool
...
000 (3865.000.000) 03/04 03:32:37 Job submitted from host: <192.168.5.10:9618?addrs=192.168.5.10-9618+[--1]-9618&noUDP&sock=2698_7f03_4>
    DAG Node: frequency_ID0000017
    pool:condorpool
...
006 (3856.000.000) 03/04 03:32:41 Image size of job updated: 2
	5  -  MemoryUsage of job (MB)
	4972  -  ResidentSetSize of job (KB)
...
000 (3866.000.000) 03/04 03:32:42 Job submitted from host: <192.168.5.10:9618?addrs=192.168.5.10-9618+[--1]-9618&noUDP&sock=2698_7f03_4>
    DAG Node: mutation_overlap_ID0000024
    pool:condorpool
...
000 (3867.000.000) 03/04 03:32:42 Job submitted from host: <192.168.5.10:9618?addrs=192.168.5.10-9618+[--1]-9618&noUDP&sock=2698_7f03_4>
    DAG Node: mutation_overlap_ID0000012
    pool:condorpool
...
000 (3868.000.000) 03/04 03:32:42 Job submitted from host: <192.168.5.10:9618?addrs=192.168.5.10-9618+[--1]-9618&noUDP&sock=2698_7f03_4>
    DAG Node: frequency_ID0000019
    pool:condorpool
...
000 (3869.000.000) 03/04 03:32:42 Job submitted from host: <192.168.5.10:9618?addrs=192.168.5.10-9618+[--1]-9618&noUDP&sock=2698_7f03_4>
    DAG Node: mutation_overlap_ID0000014
    pool:condorpool
...
001 (3857.000.000) 03/04 03:32:52 Job executing on host: <192.168.5.101:9618?addrs=192.168.5.101-9618+[--1]-9618&noUDP&sock=16636_ce09_3>
...
001 (3858.000.000) 03/04 03:32:52 Job executing on host: <192.168.5.101:9618?addrs=192.168.5.101-9618+[--1]-9618&noUDP&sock=16636_ce09_3>
...
001 (3859.000.000) 03/04 03:32:52 Job executing on host: <192.168.5.101:9618?addrs=192.168.5.101-9618+[--1]-9618&noUDP&sock=16636_ce09_3>
...
006 (3857.000.000) 03/04 03:33:01 Image size of job updated: 65468
	42  -  MemoryUsage of job (MB)
	42276  -  ResidentSetSize of job (KB)
...
006 (3859.000.000) 03/04 03:33:01 Image size of job updated: 65472
	42  -  MemoryUsage of job (MB)
	42528  -  ResidentSetSize of job (KB)
...
006 (3858.000.000) 03/04 03:33:01 Image size of job updated: 65440
	42  -  MemoryUsage of job (MB)
	42540  -  ResidentSetSize of job (KB)
...
006 (3856.000.000) 03/04 03:34:25 Image size of job updated: 67004
	5  -  MemoryUsage of job (MB)
	4972  -  ResidentSetSize of job (KB)
...
005 (3856.000.000) 03/04 03:34:25 Job terminated.
	(1) Normal termination (return value 0)
		Usr 0 00:00:07, Sys 0 00:00:02  -  Run Remote Usage
		Usr 0 00:00:00, Sys 0 00:00:00  -  Run Local Usage
		Usr 0 00:00:07, Sys 0 00:00:02  -  Total Remote Usage
		Usr 0 00:00:00, Sys 0 00:00:00  -  Total Local Usage
	470560  -  Run Bytes Sent By Job
	16508664  -  Run Bytes Received By Job
	470560  -  Total Bytes Sent By Job
	16508664  -  Total Bytes Received By Job
	Partitionable Resources :    Usage  Request Allocated
	   Cpus                 :                 1         1
	   Disk (KB)            :    88672    17500 164690096
	   Memory (MB)          :        5        1       479
...
006 (3859.000.000) 03/04 03:34:54 Image size of job updated: 78128
	42  -  MemoryUsage of job (MB)
	42528  -  ResidentSetSize of job (KB)
...
005 (3859.000.000) 03/04 03:34:54 Job terminated.
	(1) Normal termination (return value 0)
		Usr 0 00:00:10, Sys 0 00:00:02  -  Run Remote Usage
		Usr 0 00:00:00, Sys 0 00:00:00  -  Run Local Usage
		Usr 0 00:00:10, Sys 0 00:00:02  -  Total Remote Usage
		Usr 0 00:00:00, Sys 0 00:00:00  -  Total Local Usage
	386795  -  Run Bytes Sent By Job
	16507695  -  Run Bytes Received By Job
	386795  -  Total Bytes Sent By Job
	16507695  -  Total Bytes Received By Job
	Partitionable Resources :    Usage  Request Allocated
	   Cpus                 :                 1         1
	   Disk (KB)            :    88208    17500 164690096
	   Memory (MB)          :       42        1       479
...
001 (3860.000.000) 03/04 03:35:53 Job executing on host: <192.168.5.101:9618?addrs=192.168.5.101-9618+[--1]-9618&noUDP&sock=16636_ce09_3>
...
001 (3861.000.000) 03/04 03:35:53 Job executing on host: <192.168.5.101:9618?addrs=192.168.5.101-9618+[--1]-9618&noUDP&sock=16636_ce09_3>
...
006 (3860.000.000) 03/04 03:36:01 Image size of job updated: 4980
	3  -  MemoryUsage of job (MB)
	2276  -  ResidentSetSize of job (KB)
...
006 (3861.000.000) 03/04 03:36:01 Image size of job updated: 2
	5  -  MemoryUsage of job (MB)
	4976  -  ResidentSetSize of job (KB)
...
006 (3858.000.000) 03/04 03:38:02 Image size of job updated: 92180
	59  -  MemoryUsage of job (MB)
	60296  -  ResidentSetSize of job (KB)
...
006 (3857.000.000) 03/04 03:38:03 Image size of job updated: 92796
	65  -  MemoryUsage of job (MB)
	65696  -  ResidentSetSize of job (KB)
...
006 (3861.000.000) 03/04 03:41:01 Image size of job updated: 91616
	68  -  MemoryUsage of job (MB)
	69252  -  ResidentSetSize of job (KB)
...
006 (3860.000.000) 03/04 03:41:01 Image size of job updated: 89120
	63  -  MemoryUsage of job (MB)
	63536  -  ResidentSetSize of job (KB)
...
006 (3858.000.000) 03/04 03:43:03 Image size of job updated: 93156
	70  -  MemoryUsage of job (MB)
	70908  -  ResidentSetSize of job (KB)
...
006 (3857.000.000) 03/04 03:43:04 Image size of job updated: 98768
	65  -  MemoryUsage of job (MB)
	65696  -  ResidentSetSize of job (KB)
...
005 (3858.000.000) 03/04 03:45:13 Job terminated.
	(1) Normal termination (return value 0)
		Usr 0 00:08:17, Sys 0 00:00:44  -  Run Remote Usage
		Usr 0 00:00:00, Sys 0 00:00:00  -  Run Local Usage
		Usr 0 00:08:17, Sys 0 00:00:44  -  Total Remote Usage
		Usr 0 00:00:00, Sys 0 00:00:00  -  Total Local Usage
	12160963  -  Run Bytes Sent By Job
	16498060  -  Run Bytes Received By Job
	12160963  -  Total Bytes Sent By Job
	16498060  -  Total Bytes Received By Job
	Partitionable Resources :    Usage  Request Allocated
	   Cpus                 :                 1         1
	   Disk (KB)            :   115541    17500 164690096
	   Memory (MB)          :       70        1       479
...
006 (3861.000.000) 03/04 03:46:02 Image size of job updated: 94520
	68  -  MemoryUsage of job (MB)
	69252  -  ResidentSetSize of job (KB)
...
006 (3860.000.000) 03/04 03:46:02 Image size of job updated: 94784
	71  -  MemoryUsage of job (MB)
	72312  -  ResidentSetSize of job (KB)
...
001 (3862.000.000) 03/04 03:46:52 Job executing on host: <192.168.5.101:9618?addrs=192.168.5.101-9618+[--1]-9618&noUDP&sock=16636_ce09_3>
...
006 (3862.000.000) 03/04 03:47:01 Image size of job updated: 2
	5  -  MemoryUsage of job (MB)
	5108  -  ResidentSetSize of job (KB)
...
005 (3857.000.000) 03/04 03:49:28 Job terminated.
	(1) Normal termination (return value 0)
		Usr 0 00:12:10, Sys 0 00:01:02  -  Run Remote Usage
		Usr 0 00:00:00, Sys 0 00:00:00  -  Run Local Usage
		Usr 0 00:12:10, Sys 0 00:01:02  -  Total Remote Usage
		Usr 0 00:00:00, Sys 0 00:00:00  -  Total Local Usage
	14912855  -  Run Bytes Sent By Job
	16504971  -  Run Bytes Received By Job
	14912855  -  Total Bytes Sent By Job
	16504971  -  Total Bytes Received By Job
	Partitionable Resources :    Usage  Request Allocated
	   Cpus                 :                 1         1
	   Disk (KB)            :   121970    17500 164690096
	   Memory (MB)          :       65        1       479
...
006 (3861.000.000) 03/04 03:50:19 Image size of job updated: 94712
	68  -  MemoryUsage of job (MB)
	69252  -  ResidentSetSize of job (KB)
...
005 (3861.000.000) 03/04 03:50:20 Job terminated.
	(1) Normal termination (return value 0)
		Usr 0 00:10:09, Sys 0 00:00:50  -  Run Remote Usage
		Usr 0 00:00:00, Sys 0 00:00:00  -  Run Local Usage
		Usr 0 00:10:09, Sys 0 00:00:50  -  Total Remote Usage
		Usr 0 00:00:00, Sys 0 00:00:00  -  Total Local Usage
	13547868  -  Run Bytes Sent By Job
	16502100  -  Run Bytes Received By Job
	13547868  -  Total Bytes Sent By Job
	16502100  -  Total Bytes Received By Job
	Partitionable Resources :    Usage  Request Allocated
	   Cpus                 :                 1         1
	   Disk (KB)            :   118382    17500 164690096
	   Memory (MB)          :       68        1       479
...
005 (3860.000.000) 03/04 03:50:38 Job terminated.
	(1) Normal termination (return value 0)
		Usr 0 00:10:29, Sys 0 00:00:55  -  Run Remote Usage
		Usr 0 00:00:00, Sys 0 00:00:00  -  Run Local Usage
		Usr 0 00:10:29, Sys 0 00:00:55  -  Total Remote Usage
		Usr 0 00:00:00, Sys 0 00:00:00  -  Total Local Usage
	14025390  -  Run Bytes Sent By Job
	16502452  -  Run Bytes Received By Job
	14025390  -  Total Bytes Sent By Job
	16502452  -  Total Bytes Received By Job
	Partitionable Resources :    Usage  Request Allocated
	   Cpus                 :                 1         1
	   Disk (KB)            :   119425    17500 164690096
	   Memory (MB)          :       71        1       479
...
001 (3863.000.000) 03/04 03:51:21 Job executing on host: <192.168.5.101:9618?addrs=192.168.5.101-9618+[--1]-9618&noUDP&sock=16636_ce09_3>
...
006 (3863.000.000) 03/04 03:51:30 Image size of job updated: 2
	6  -  MemoryUsage of job (MB)
	5180  -  ResidentSetSize of job (KB)
...
001 (3865.000.000) 03/04 03:51:53 Job executing on host: <192.168.5.101:9618?addrs=192.168.5.101-9618+[--1]-9618&noUDP&sock=16636_ce09_3>
...
001 (3864.000.000) 03/04 03:51:53 Job executing on host: <192.168.5.101:9618?addrs=192.168.5.101-9618+[--1]-9618&noUDP&sock=16636_ce09_3>
...
006 (3862.000.000) 03/04 03:52:02 Image size of job updated: 95264
	66  -  MemoryUsage of job (MB)
	66724  -  ResidentSetSize of job (KB)
...
006 (3865.000.000) 03/04 03:52:02 Image size of job updated: 18560
	5  -  MemoryUsage of job (MB)
	4980  -  ResidentSetSize of job (KB)
...
006 (3864.000.000) 03/04 03:52:02 Image size of job updated: 2
	6  -  MemoryUsage of job (MB)
	5320  -  ResidentSetSize of job (KB)
...
006 (3864.000.000) 03/04 03:53:59 Image size of job updated: 67004
	6  -  MemoryUsage of job (MB)
	5320  -  ResidentSetSize of job (KB)
...
005 (3864.000.000) 03/04 03:53:59 Job terminated.
	(1) Normal termination (return value 0)
		Usr 0 00:00:07, Sys 0 00:00:02  -  Run Remote Usage
		Usr 0 00:00:00, Sys 0 00:00:00  -  Run Local Usage
		Usr 0 00:00:07, Sys 0 00:00:02  -  Total Remote Usage
		Usr 0 00:00:00, Sys 0 00:00:00  -  Total Local Usage
	398167  -  Run Bytes Sent By Job
	16509080  -  Run Bytes Received By Job
	398167  -  Total Bytes Sent By Job
	16509080  -  Total Bytes Received By Job
	Partitionable Resources :    Usage  Request Allocated
	   Cpus                 :                 1         1
	   Disk (KB)            :    88524    17500 164690096
	   Memory (MB)          :        6        1       479
...
001 (3866.000.000) 03/04 03:54:19 Job executing on host: <192.168.5.101:9618?addrs=192.168.5.101-9618+[--1]-9618&noUDP&sock=16636_ce09_3>
...
006 (3866.000.000) 03/04 03:54:27 Image size of job updated: 2
	5  -  MemoryUsage of job (MB)
	5056  -  ResidentSetSize of job (KB)
...
006 (3863.000.000) 03/04 03:54:33 Image size of job updated: 262708
	6  -  MemoryUsage of job (MB)
	5180  -  ResidentSetSize of job (KB)
...
005 (3863.000.000) 03/04 03:54:33 Job terminated.
	(1) Normal termination (return value 0)
		Usr 0 00:01:08, Sys 0 00:00:05  -  Run Remote Usage
		Usr 0 00:00:00, Sys 0 00:00:00  -  Run Local Usage
		Usr 0 00:01:08, Sys 0 00:00:05  -  Total Remote Usage
		Usr 0 00:00:00, Sys 0 00:00:00  -  Total Local Usage
	1973546  -  Run Bytes Sent By Job
	16531447  -  Run Bytes Received By Job
	1973546  -  Total Bytes Sent By Job
	16531447  -  Total Bytes Received By Job
	Partitionable Resources :    Usage  Request Allocated
	   Cpus                 :                 1         1
	   Disk (KB)            :   105471    17500 164690096
	   Memory (MB)          :        6        1       479
...
001 (3867.000.000) 03/04 03:55:52 Job executing on host: <192.168.5.101:9618?addrs=192.168.5.101-9618+[--1]-9618&noUDP&sock=16636_ce09_3>
...
006 (3866.000.000) 03/04 03:55:59 Image size of job updated: 66524
	5  -  MemoryUsage of job (MB)
	5056  -  ResidentSetSize of job (KB)
...
005 (3866.000.000) 03/04 03:55:59 Job terminated.
	(1) Normal termination (return value 0)
		Usr 0 00:00:07, Sys 0 00:00:02  -  Run Remote Usage
		Usr 0 00:00:00, Sys 0 00:00:00  -  Run Local Usage
		Usr 0 00:00:07, Sys 0 00:00:02  -  Total Remote Usage
		Usr 0 00:00:00, Sys 0 00:00:00  -  Total Local Usage
	353754  -  Run Bytes Sent By Job
	16504624  -  Run Bytes Received By Job
	353754  -  Total Bytes Sent By Job
	16504624  -  Total Bytes Received By Job
	Partitionable Resources :    Usage  Request Allocated
	   Cpus                 :                 1         1
	   Disk (KB)            :    87818    17500 164690096
	   Memory (MB)          :        5        1       479
...
006 (3867.000.000) 03/04 03:56:01 Image size of job updated: 65468
	42  -  MemoryUsage of job (MB)
	42484  -  ResidentSetSize of job (KB)
...
001 (3868.000.000) 03/04 03:56:52 Job executing on host: <192.168.5.101:9618?addrs=192.168.5.101-9618+[--1]-9618&noUDP&sock=16636_ce09_3>
...
006 (3868.000.000) 03/04 03:57:00 Image size of job updated: 2
	5  -  MemoryUsage of job (MB)
	5024  -  ResidentSetSize of job (KB)
...
006 (3865.000.000) 03/04 03:57:03 Image size of job updated: 96892
	72  -  MemoryUsage of job (MB)
	73580  -  ResidentSetSize of job (KB)
...
006 (3862.000.000) 03/04 03:57:03 Image size of job updated: 96032
	69  -  MemoryUsage of job (MB)
	70084  -  ResidentSetSize of job (KB)
...
006 (3867.000.000) 03/04 03:57:48 Image size of job updated: 67404
	42  -  MemoryUsage of job (MB)
	42484  -  ResidentSetSize of job (KB)
...
005 (3867.000.000) 03/04 03:57:48 Job terminated.
	(1) Normal termination (return value 0)
		Usr 0 00:00:08, Sys 0 00:00:03  -  Run Remote Usage
		Usr 0 00:00:00, Sys 0 00:00:00  -  Run Local Usage
		Usr 0 00:00:08, Sys 0 00:00:03  -  Total Remote Usage
		Usr 0 00:00:00, Sys 0 00:00:00  -  Total Local Usage
	583228  -  Run Bytes Sent By Job
	16511535  -  Run Bytes Received By Job
	583228  -  Total Bytes Sent By Job
	16511535  -  Total Bytes Received By Job
	Partitionable Resources :    Usage  Request Allocated
	   Cpus                 :                 1         1
	   Disk (KB)            :    89551    17500 164690096
	   Memory (MB)          :       42        1       479
...
005 (3862.000.000) 03/04 03:58:20 Job terminated.
	(1) Normal termination (return value 0)
		Usr 0 00:08:22, Sys 0 00:00:45  -  Run Remote Usage
		Usr 0 00:00:00, Sys 0 00:00:00  -  Run Local Usage
		Usr 0 00:08:22, Sys 0 00:00:45  -  Total Remote Usage
		Usr 0 00:00:00, Sys 0 00:00:00  -  Total Local Usage
	13629830  -  Run Bytes Sent By Job
	16501131  -  Run Bytes Received By Job
	13629830  -  Total Bytes Sent By Job
	16501131  -  Total Bytes Received By Job
	Partitionable Resources :    Usage  Request Allocated
	   Cpus                 :                 1         1
	   Disk (KB)            :   118779    17500 164690096
	   Memory (MB)          :       69        1       479
...
006 (3868.000.000) 03/04 04:02:01 Image size of job updated: 90480
	65  -  MemoryUsage of job (MB)
	66116  -  ResidentSetSize of job (KB)
...
006 (3865.000.000) 03/04 04:02:03 Image size of job updated: 97660
	72  -  MemoryUsage of job (MB)
	73580  -  ResidentSetSize of job (KB)
...
001 (3869.000.000) 03/04 04:03:52 Job executing on host: <192.168.5.101:9618?addrs=192.168.5.101-9618+[--1]-9618&noUDP&sock=16636_ce09_3>
...
006 (3869.000.000) 03/04 04:04:01 Image size of job updated: 2
	5  -  MemoryUsage of job (MB)
	4912  -  ResidentSetSize of job (KB)
...
006 (3865.000.000) 03/04 04:04:47 Image size of job updated: 97676
	72  -  MemoryUsage of job (MB)
	73580  -  ResidentSetSize of job (KB)
...
005 (3865.000.000) 03/04 04:04:47 Job terminated.
	(1) Normal termination (return value 0)
		Usr 0 00:08:49, Sys 0 00:00:45  -  Run Remote Usage
		Usr 0 00:00:00, Sys 0 00:00:00  -  Run Local Usage
		Usr 0 00:08:49, Sys 0 00:00:45  -  Total Remote Usage
		Usr 0 00:00:00, Sys 0 00:00:00  -  Total Local Usage
	14099297  -  Run Bytes Sent By Job
	16524883  -  Run Bytes Received By Job
	14099297  -  Total Bytes Sent By Job
	16524883  -  Total Bytes Received By Job
	Partitionable Resources :    Usage  Request Allocated
	   Cpus                 :                 1         1
	   Disk (KB)            :   120308    17500 164690096
	   Memory (MB)          :       72        1       479
...
006 (3869.000.000) 03/04 04:05:32 Image size of job updated: 66780
	5  -  MemoryUsage of job (MB)
	4912  -  ResidentSetSize of job (KB)
...
005 (3869.000.000) 03/04 04:05:43 Job terminated.
	(1) Normal termination (return value 0)
		Usr 0 00:00:07, Sys 0 00:00:02  -  Run Remote Usage
		Usr 0 00:00:00, Sys 0 00:00:00  -  Run Local Usage
		Usr 0 00:00:07, Sys 0 00:00:02  -  Total Remote Usage
		Usr 0 00:00:00, Sys 0 00:00:00  -  Total Local Usage
	431926  -  Run Bytes Sent By Job
	16509016  -  Run Bytes Received By Job
	431926  -  Total Bytes Sent By Job
	16509016  -  Total Bytes Received By Job
	Partitionable Resources :    Usage  Request Allocated
	   Cpus                 :                 1         1
	   Disk (KB)            :    88550    17500 164690096
	   Memory (MB)          :        5        1       479
...
000 (3870.000.000) 03/04 04:05:58 Job submitted from host: <192.168.5.10:9618?addrs=192.168.5.10-9618+[--1]-9618&noUDP&sock=2698_7f03_4>
    DAG Node: stage_out_local_local_2_1
    pool:local
...
001 (3870.000.000) 03/04 04:05:58 Job executing on host: <192.168.5.10:9618?addrs=192.168.5.10-9618+[--1]-9618&noUDP&sock=2749_ab49_3204>
...
005 (3870.000.000) 03/04 04:06:02 Job terminated.
	(1) Normal termination (return value 0)
		Usr 0 00:00:00, Sys 0 00:00:00  -  Run Remote Usage
		Usr 0 00:00:00, Sys 0 00:00:00  -  Run Local Usage
		Usr 0 00:00:00, Sys 0 00:00:00  -  Total Remote Usage
		Usr 0 00:00:00, Sys 0 00:00:00  -  Total Local Usage
	0  -  Run Bytes Sent By Job
	0  -  Run Bytes Received By Job
	0  -  Total Bytes Sent By Job
	0  -  Total Bytes Received By Job
...
006 (3868.000.000) 03/04 04:07:01 Image size of job updated: 93912
	71  -  MemoryUsage of job (MB)
	72028  -  ResidentSetSize of job (KB)
...
005 (3868.000.000) 03/04 04:07:34 Job terminated.
	(1) Normal termination (return value 0)
		Usr 0 00:07:07, Sys 0 00:00:36  -  Run Remote Usage
		Usr 0 00:00:00, Sys 0 00:00:00  -  Run Local Usage
		Usr 0 00:07:07, Sys 0 00:00:36  -  Total Remote Usage
		Usr 0 00:00:00, Sys 0 00:00:00  -  Total Local Usage
	12754810  -  Run Bytes Sent By Job
	16502516  -  Run Bytes Received By Job
	12754810  -  Total Bytes Sent By Job
	16502516  -  Total Bytes Received By Job
	Partitionable Resources :    Usage  Request Allocated
	   Cpus                 :                 1         1
	   Disk (KB)            :   116767    17500 164690096
	   Memory (MB)          :       71        1       479
...
000 (3871.000.000) 03/04 04:07:48 Job submitted from host: <192.168.5.10:9618?addrs=192.168.5.10-9618+[--1]-9618&noUDP&sock=2698_7f03_4>
    DAG Node: stage_out_local_local_2_0
    pool:local
...
001 (3871.000.000) 03/04 04:07:48 Job executing on host: <192.168.5.10:9618?addrs=192.168.5.10-9618+[--1]-9618&noUDP&sock=2749_ab49_3205>
...
005 (3871.000.000) 03/04 04:07:52 Job terminated.
	(1) Normal termination (return value 0)
		Usr 0 00:00:00, Sys 0 00:00:00  -  Run Remote Usage
		Usr 0 00:00:00, Sys 0 00:00:00  -  Run Local Usage
		Usr 0 00:00:00, Sys 0 00:00:00  -  Total Remote Usage
		Usr 0 00:00:00, Sys 0 00:00:00  -  Total Local Usage
	0  -  Run Bytes Sent By Job
	0  -  Run Bytes Received By Job
	0  -  Total Bytes Sent By Job
	0  -  Total Bytes Received By Job
...
000 (3872.000.000) 03/04 04:08:03 Job submitted from host: <192.168.5.10:9618?addrs=192.168.5.10-9618+[--1]-9618&noUDP&sock=2698_7f03_4>
    DAG Node: cleanup_1000-genome_0_local
    pool:local
...
001 (3872.000.000) 03/04 04:08:03 Job executing on host: <192.168.5.10:9618?addrs=192.168.5.10-9618+[--1]-9618&noUDP&sock=2749_ab49_3206>
...
005 (3872.000.000) 03/04 04:08:05 Job terminated.
	(1) Normal termination (return value 0)
		Usr 0 00:00:00, Sys 0 00:00:00  -  Run Remote Usage
		Usr 0 00:00:00, Sys 0 00:00:00  -  Run Local Usage
		Usr 0 00:00:00, Sys 0 00:00:00  -  Total Remote Usage
		Usr 0 00:00:00, Sys 0 00:00:00  -  Total Local Usage
	0  -  Run Bytes Sent By Job
	0  -  Run Bytes Received By Job
	0  -  Total Bytes Sent By Job
	0  -  Total Bytes Received By Job
...
