000 (3653.000.000) 03/02 15:53:27 Job submitted from host: <192.168.5.10:9618?addrs=192.168.5.10-9618+[--1]-9618&noUDP&sock=2698_7f03_4>
    DAG Node: create_dir_1000-genome_0_local
    pool:local
...
001 (3653.000.000) 03/02 15:53:28 Job executing on host: <192.168.5.10:9618?addrs=192.168.5.10-9618+[--1]-9618&noUDP&sock=2749_ab49_2993>
...
005 (3653.000.000) 03/02 15:53:30 Job terminated.
	(1) Normal termination (return value 0)
		Usr 0 00:00:00, Sys 0 00:00:00  -  Run Remote Usage
		Usr 0 00:00:00, Sys 0 00:00:00  -  Run Local Usage
		Usr 0 00:00:00, Sys 0 00:00:00  -  Total Remote Usage
		Usr 0 00:00:00, Sys 0 00:00:00  -  Total Local Usage
	0  -  Run Bytes Sent By Job
	0  -  Run Bytes Received By Job
	0  -  Total Bytes Sent By Job
	0  -  Total Bytes Received By Job
...
000 (3654.000.000) 03/02 15:53:42 Job submitted from host: <192.168.5.10:9618?addrs=192.168.5.10-9618+[--1]-9618&noUDP&sock=2698_7f03_4>
    DAG Node: stage_in_remote_local_2_0
    pool:local
...
001 (3654.000.000) 03/02 15:53:42 Job executing on host: <192.168.5.10:9618?addrs=192.168.5.10-9618+[--1]-9618&noUDP&sock=2749_ab49_2994>
...
000 (3655.000.000) 03/02 15:53:42 Job submitted from host: <192.168.5.10:9618?addrs=192.168.5.10-9618+[--1]-9618&noUDP&sock=2698_7f03_4>
    DAG Node: stage_in_remote_local_1_0
    pool:local
...
000 (3656.000.000) 03/02 15:53:42 Job submitted from host: <192.168.5.10:9618?addrs=192.168.5.10-9618+[--1]-9618&noUDP&sock=2698_7f03_4>
    DAG Node: stage_in_remote_local_0_0
    pool:local
...
000 (3657.000.000) 03/02 15:53:42 Job submitted from host: <192.168.5.10:9618?addrs=192.168.5.10-9618+[--1]-9618&noUDP&sock=2698_7f03_4>
    DAG Node: stage_in_local_local_0_0
    pool:local
...
000 (3658.000.000) 03/02 15:53:42 Job submitted from host: <192.168.5.10:9618?addrs=192.168.5.10-9618+[--1]-9618&noUDP&sock=2698_7f03_4>
    DAG Node: stage_in_local_local_2_0
    pool:local
...
005 (3654.000.000) 03/02 15:53:44 Job terminated.
	(1) Normal termination (return value 0)
		Usr 0 00:00:00, Sys 0 00:00:00  -  Run Remote Usage
		Usr 0 00:00:00, Sys 0 00:00:00  -  Run Local Usage
		Usr 0 00:00:00, Sys 0 00:00:00  -  Total Remote Usage
		Usr 0 00:00:00, Sys 0 00:00:00  -  Total Local Usage
	0  -  Run Bytes Sent By Job
	0  -  Run Bytes Received By Job
	0  -  Total Bytes Sent By Job
	0  -  Total Bytes Received By Job
...
001 (3658.000.000) 03/02 15:53:45 Job executing on host: <192.168.5.10:9618?addrs=192.168.5.10-9618+[--1]-9618&noUDP&sock=2749_ab49_2995>
...
001 (3657.000.000) 03/02 15:53:45 Job executing on host: <192.168.5.10:9618?addrs=192.168.5.10-9618+[--1]-9618&noUDP&sock=2749_ab49_2996>
...
001 (3656.000.000) 03/02 15:53:45 Job executing on host: <192.168.5.10:9618?addrs=192.168.5.10-9618+[--1]-9618&noUDP&sock=2749_ab49_2997>
...
001 (3655.000.000) 03/02 15:53:45 Job executing on host: <192.168.5.10:9618?addrs=192.168.5.10-9618+[--1]-9618&noUDP&sock=2749_ab49_2998>
...
005 (3655.000.000) 03/02 15:53:47 Job terminated.
	(1) Normal termination (return value 0)
		Usr 0 00:00:00, Sys 0 00:00:00  -  Run Remote Usage
		Usr 0 00:00:00, Sys 0 00:00:00  -  Run Local Usage
		Usr 0 00:00:00, Sys 0 00:00:00  -  Total Remote Usage
		Usr 0 00:00:00, Sys 0 00:00:00  -  Total Local Usage
	0  -  Run Bytes Sent By Job
	0  -  Run Bytes Received By Job
	0  -  Total Bytes Sent By Job
	0  -  Total Bytes Received By Job
...
000 (3659.000.000) 03/02 15:53:47 Job submitted from host: <192.168.5.10:9618?addrs=192.168.5.10-9618+[--1]-9618&noUDP&sock=2698_7f03_4>
    DAG Node: stage_in_local_local_2_1
    pool:local
...
001 (3659.000.000) 03/02 15:53:47 Job executing on host: <192.168.5.10:9618?addrs=192.168.5.10-9618+[--1]-9618&noUDP&sock=2749_ab49_2999>
...
000 (3660.000.000) 03/02 15:53:47 Job submitted from host: <192.168.5.10:9618?addrs=192.168.5.10-9618+[--1]-9618&noUDP&sock=2698_7f03_4>
    DAG Node: stage_in_remote_local_2_1
    pool:local
...
001 (3660.000.000) 03/02 15:53:48 Job executing on host: <192.168.5.10:9618?addrs=192.168.5.10-9618+[--1]-9618&noUDP&sock=2749_ab49_3000>
...
005 (3658.000.000) 03/02 15:53:49 Job terminated.
	(1) Normal termination (return value 0)
		Usr 0 00:00:00, Sys 0 00:00:00  -  Run Remote Usage
		Usr 0 00:00:00, Sys 0 00:00:00  -  Run Local Usage
		Usr 0 00:00:00, Sys 0 00:00:00  -  Total Remote Usage
		Usr 0 00:00:00, Sys 0 00:00:00  -  Total Local Usage
	0  -  Run Bytes Sent By Job
	0  -  Run Bytes Received By Job
	0  -  Total Bytes Sent By Job
	0  -  Total Bytes Received By Job
...
005 (3657.000.000) 03/02 15:53:49 Job terminated.
	(1) Normal termination (return value 0)
		Usr 0 00:00:00, Sys 0 00:00:00  -  Run Remote Usage
		Usr 0 00:00:00, Sys 0 00:00:00  -  Run Local Usage
		Usr 0 00:00:00, Sys 0 00:00:00  -  Total Remote Usage
		Usr 0 00:00:00, Sys 0 00:00:00  -  Total Local Usage
	0  -  Run Bytes Sent By Job
	0  -  Run Bytes Received By Job
	0  -  Total Bytes Sent By Job
	0  -  Total Bytes Received By Job
...
005 (3656.000.000) 03/02 15:53:49 Job terminated.
	(1) Normal termination (return value 0)
		Usr 0 00:00:00, Sys 0 00:00:00  -  Run Remote Usage
		Usr 0 00:00:00, Sys 0 00:00:00  -  Run Local Usage
		Usr 0 00:00:00, Sys 0 00:00:00  -  Total Remote Usage
		Usr 0 00:00:00, Sys 0 00:00:00  -  Total Local Usage
	0  -  Run Bytes Sent By Job
	0  -  Run Bytes Received By Job
	0  -  Total Bytes Sent By Job
	0  -  Total Bytes Received By Job
...
005 (3660.000.000) 03/02 15:53:50 Job terminated.
	(1) Normal termination (return value 0)
		Usr 0 00:00:00, Sys 0 00:00:00  -  Run Remote Usage
		Usr 0 00:00:00, Sys 0 00:00:00  -  Run Local Usage
		Usr 0 00:00:00, Sys 0 00:00:00  -  Total Remote Usage
		Usr 0 00:00:00, Sys 0 00:00:00  -  Total Local Usage
	0  -  Run Bytes Sent By Job
	0  -  Run Bytes Received By Job
	0  -  Total Bytes Sent By Job
	0  -  Total Bytes Received By Job
...
005 (3659.000.000) 03/02 15:53:52 Job terminated.
	(1) Normal termination (return value 0)
		Usr 0 00:00:00, Sys 0 00:00:00  -  Run Remote Usage
		Usr 0 00:00:00, Sys 0 00:00:00  -  Run Local Usage
		Usr 0 00:00:00, Sys 0 00:00:00  -  Total Remote Usage
		Usr 0 00:00:00, Sys 0 00:00:00  -  Total Local Usage
	0  -  Run Bytes Sent By Job
	0  -  Run Bytes Received By Job
	0  -  Total Bytes Sent By Job
	0  -  Total Bytes Received By Job
...
000 (3661.000.000) 03/02 15:54:03 Job submitted from host: <192.168.5.10:9618?addrs=192.168.5.10-9618+[--1]-9618&noUDP&sock=2698_7f03_4>
    DAG Node: individuals_ID0000004
    pool:condorpool
...
000 (3662.000.000) 03/02 15:54:03 Job submitted from host: <192.168.5.10:9618?addrs=192.168.5.10-9618+[--1]-9618&noUDP&sock=2698_7f03_4>
    DAG Node: individuals_ID0000005
    pool:condorpool
...
000 (3663.000.000) 03/02 15:54:03 Job submitted from host: <192.168.5.10:9618?addrs=192.168.5.10-9618+[--1]-9618&noUDP&sock=2698_7f03_4>
    DAG Node: individuals_ID0000001
    pool:condorpool
...
000 (3664.000.000) 03/02 15:54:03 Job submitted from host: <192.168.5.10:9618?addrs=192.168.5.10-9618+[--1]-9618&noUDP&sock=2698_7f03_4>
    DAG Node: individuals_ID0000002
    pool:condorpool
...
000 (3665.000.000) 03/02 15:54:03 Job submitted from host: <192.168.5.10:9618?addrs=192.168.5.10-9618+[--1]-9618&noUDP&sock=2698_7f03_4>
    DAG Node: individuals_ID0000003
    pool:condorpool
...
000 (3666.000.000) 03/02 15:54:08 Job submitted from host: <192.168.5.10:9618?addrs=192.168.5.10-9618+[--1]-9618&noUDP&sock=2698_7f03_4>
    DAG Node: sifting_ID0000007
    pool:condorpool
...
001 (3661.000.000) 03/02 15:54:38 Job executing on host: <192.168.5.101:9618?addrs=192.168.5.101-9618+[--1]-9618&noUDP&sock=16636_ce09_3>
...
001 (3663.000.000) 03/02 15:54:39 Job executing on host: <192.168.5.101:9618?addrs=192.168.5.101-9618+[--1]-9618&noUDP&sock=16636_ce09_3>
...
001 (3664.000.000) 03/02 15:54:39 Job executing on host: <192.168.5.101:9618?addrs=192.168.5.101-9618+[--1]-9618&noUDP&sock=16636_ce09_3>
...
001 (3662.000.000) 03/02 15:54:39 Job executing on host: <192.168.5.101:9618?addrs=192.168.5.101-9618+[--1]-9618&noUDP&sock=16636_ce09_3>
...
006 (3661.000.000) 03/02 15:54:47 Image size of job updated: 20000
	11  -  MemoryUsage of job (MB)
	10540  -  ResidentSetSize of job (KB)
...
006 (3662.000.000) 03/02 15:54:47 Image size of job updated: 2
	5  -  MemoryUsage of job (MB)
	5056  -  ResidentSetSize of job (KB)
...
006 (3663.000.000) 03/02 15:54:48 Image size of job updated: 9340
	5  -  MemoryUsage of job (MB)
	4116  -  ResidentSetSize of job (KB)
...
006 (3664.000.000) 03/02 15:54:48 Image size of job updated: 15336
	6  -  MemoryUsage of job (MB)
	6028  -  ResidentSetSize of job (KB)
...
006 (3661.000.000) 03/02 15:59:47 Image size of job updated: 379644
	362  -  MemoryUsage of job (MB)
	370076  -  ResidentSetSize of job (KB)
...
006 (3662.000.000) 03/02 15:59:47 Image size of job updated: 379624
	362  -  MemoryUsage of job (MB)
	369908  -  ResidentSetSize of job (KB)
...
006 (3663.000.000) 03/02 15:59:48 Image size of job updated: 377372
	360  -  MemoryUsage of job (MB)
	367684  -  ResidentSetSize of job (KB)
...
006 (3664.000.000) 03/02 15:59:48 Image size of job updated: 380200
	362  -  MemoryUsage of job (MB)
	370380  -  ResidentSetSize of job (KB)
...
006 (3661.000.000) 03/02 16:04:47 Image size of job updated: 380668
	363  -  MemoryUsage of job (MB)
	371068  -  ResidentSetSize of job (KB)
...
006 (3662.000.000) 03/02 16:04:48 Image size of job updated: 380392
	362  -  MemoryUsage of job (MB)
	370648  -  ResidentSetSize of job (KB)
...
006 (3663.000.000) 03/02 16:04:48 Image size of job updated: 378140
	360  -  MemoryUsage of job (MB)
	368392  -  ResidentSetSize of job (KB)
...
006 (3664.000.000) 03/02 16:04:48 Image size of job updated: 381480
	363  -  MemoryUsage of job (MB)
	371640  -  ResidentSetSize of job (KB)
...
006 (3661.000.000) 03/02 16:09:47 Image size of job updated: 382460
	365  -  MemoryUsage of job (MB)
	372860  -  ResidentSetSize of job (KB)
...
006 (3662.000.000) 03/02 16:09:48 Image size of job updated: 382440
	364  -  MemoryUsage of job (MB)
	372708  -  ResidentSetSize of job (KB)
...
006 (3663.000.000) 03/02 16:09:48 Image size of job updated: 379420
	362  -  MemoryUsage of job (MB)
	369704  -  ResidentSetSize of job (KB)
...
006 (3664.000.000) 03/02 16:09:50 Image size of job updated: 382760
	365  -  MemoryUsage of job (MB)
	372920  -  ResidentSetSize of job (KB)
...
006 (3661.000.000) 03/02 16:14:47 Image size of job updated: 384596
	367  -  MemoryUsage of job (MB)
	374964  -  ResidentSetSize of job (KB)
...
006 (3662.000.000) 03/02 16:14:48 Image size of job updated: 385116
	367  -  MemoryUsage of job (MB)
	375336  -  ResidentSetSize of job (KB)
...
006 (3663.000.000) 03/02 16:14:49 Image size of job updated: 380444
	363  -  MemoryUsage of job (MB)
	370736  -  ResidentSetSize of job (KB)
...
006 (3664.000.000) 03/02 16:14:50 Image size of job updated: 384296
	366  -  MemoryUsage of job (MB)
	374472  -  ResidentSetSize of job (KB)
...
006 (3661.000.000) 03/02 16:19:47 Image size of job updated: 385876
	368  -  MemoryUsage of job (MB)
	376560  -  ResidentSetSize of job (KB)
...
006 (3662.000.000) 03/02 16:19:48 Image size of job updated: 386396
	368  -  MemoryUsage of job (MB)
	376672  -  ResidentSetSize of job (KB)
...
006 (3663.000.000) 03/02 16:19:49 Image size of job updated: 381724
	364  -  MemoryUsage of job (MB)
	372032  -  ResidentSetSize of job (KB)
...
006 (3664.000.000) 03/02 16:19:50 Image size of job updated: 386088
	368  -  MemoryUsage of job (MB)
	376320  -  ResidentSetSize of job (KB)
...
006 (3661.000.000) 03/02 16:24:48 Image size of job updated: 387156
	369  -  MemoryUsage of job (MB)
	377596  -  ResidentSetSize of job (KB)
...
006 (3662.000.000) 03/02 16:24:48 Image size of job updated: 387676
	370  -  MemoryUsage of job (MB)
	377976  -  ResidentSetSize of job (KB)
...
006 (3663.000.000) 03/02 16:24:49 Image size of job updated: 382748
	365  -  MemoryUsage of job (MB)
	373076  -  ResidentSetSize of job (KB)
...
006 (3664.000.000) 03/02 16:24:50 Image size of job updated: 387996
	370  -  MemoryUsage of job (MB)
	378148  -  ResidentSetSize of job (KB)
...
006 (3661.000.000) 03/02 16:29:48 Image size of job updated: 388296
	370  -  MemoryUsage of job (MB)
	378644  -  ResidentSetSize of job (KB)
...
006 (3662.000.000) 03/02 16:29:48 Image size of job updated: 389048
	371  -  MemoryUsage of job (MB)
	379288  -  ResidentSetSize of job (KB)
...
006 (3663.000.000) 03/02 16:29:49 Image size of job updated: 383864
	366  -  MemoryUsage of job (MB)
	374112  -  ResidentSetSize of job (KB)
...
006 (3664.000.000) 03/02 16:29:50 Image size of job updated: 389532
	371  -  MemoryUsage of job (MB)
	379708  -  ResidentSetSize of job (KB)
...
006 (3661.000.000) 03/02 16:34:48 Image size of job updated: 389576
	372  -  MemoryUsage of job (MB)
	379948  -  ResidentSetSize of job (KB)
...
006 (3662.000.000) 03/02 16:34:49 Image size of job updated: 390328
	372  -  MemoryUsage of job (MB)
	380600  -  ResidentSetSize of job (KB)
...
006 (3663.000.000) 03/02 16:34:49 Image size of job updated: 384888
	367  -  MemoryUsage of job (MB)
	375148  -  ResidentSetSize of job (KB)
...
006 (3664.000.000) 03/02 16:34:51 Image size of job updated: 391068
	373  -  MemoryUsage of job (MB)
	381272  -  ResidentSetSize of job (KB)
...
006 (3661.000.000) 03/02 16:39:48 Image size of job updated: 391624
	374  -  MemoryUsage of job (MB)
	382052  -  ResidentSetSize of job (KB)
...
006 (3662.000.000) 03/02 16:39:49 Image size of job updated: 392988
	375  -  MemoryUsage of job (MB)
	383232  -  ResidentSetSize of job (KB)
...
006 (3663.000.000) 03/02 16:39:51 Image size of job updated: 386424
	368  -  MemoryUsage of job (MB)
	376716  -  ResidentSetSize of job (KB)
...
006 (3664.000.000) 03/02 16:39:51 Image size of job updated: 392860
	375  -  MemoryUsage of job (MB)
	383112  -  ResidentSetSize of job (KB)
...
006 (3662.000.000) 03/02 16:44:49 Image size of job updated: 395656
	377  -  MemoryUsage of job (MB)
	385864  -  ResidentSetSize of job (KB)
...
006 (3661.000.000) 03/02 16:44:50 Image size of job updated: 394032
	376  -  MemoryUsage of job (MB)
	384412  -  ResidentSetSize of job (KB)
...
006 (3663.000.000) 03/02 16:44:51 Image size of job updated: 387704
	370  -  MemoryUsage of job (MB)
	378020  -  ResidentSetSize of job (KB)
...
006 (3664.000.000) 03/02 16:44:51 Image size of job updated: 394764
	377  -  MemoryUsage of job (MB)
	385204  -  ResidentSetSize of job (KB)
...
006 (3661.000.000) 03/02 16:49:50 Image size of job updated: 395824
	378  -  MemoryUsage of job (MB)
	386248  -  ResidentSetSize of job (KB)
...
006 (3662.000.000) 03/02 16:49:50 Image size of job updated: 397960
	380  -  MemoryUsage of job (MB)
	388232  -  ResidentSetSize of job (KB)
...
006 (3663.000.000) 03/02 16:49:51 Image size of job updated: 389344
	371  -  MemoryUsage of job (MB)
	379592  -  ResidentSetSize of job (KB)
...
006 (3664.000.000) 03/02 16:49:51 Image size of job updated: 396812
	378  -  MemoryUsage of job (MB)
	387040  -  ResidentSetSize of job (KB)
...
006 (3661.000.000) 03/02 16:54:50 Image size of job updated: 398224
	380  -  MemoryUsage of job (MB)
	388596  -  ResidentSetSize of job (KB)
...
006 (3662.000.000) 03/02 16:54:51 Image size of job updated: 400604
	382  -  MemoryUsage of job (MB)
	390852  -  ResidentSetSize of job (KB)
...
006 (3663.000.000) 03/02 16:54:51 Image size of job updated: 391648
	373  -  MemoryUsage of job (MB)
	381940  -  ResidentSetSize of job (KB)
...
006 (3664.000.000) 03/02 16:54:52 Image size of job updated: 399228
	381  -  MemoryUsage of job (MB)
	389392  -  ResidentSetSize of job (KB)
...
006 (3661.000.000) 03/02 16:59:50 Image size of job updated: 400272
	382  -  MemoryUsage of job (MB)
	390680  -  ResidentSetSize of job (KB)
...
006 (3662.000.000) 03/02 16:59:51 Image size of job updated: 403272
	385  -  MemoryUsage of job (MB)
	393484  -  ResidentSetSize of job (KB)
...
006 (3663.000.000) 03/02 16:59:52 Image size of job updated: 393440
	375  -  MemoryUsage of job (MB)
	383776  -  ResidentSetSize of job (KB)
...
006 (3664.000.000) 03/02 16:59:52 Image size of job updated: 401788
	384  -  MemoryUsage of job (MB)
	392264  -  ResidentSetSize of job (KB)
...
006 (3661.000.000) 03/02 17:04:51 Image size of job updated: 402576
	384  -  MemoryUsage of job (MB)
	393028  -  ResidentSetSize of job (KB)
...
006 (3662.000.000) 03/02 17:04:51 Image size of job updated: 406088
	388  -  MemoryUsage of job (MB)
	396616  -  ResidentSetSize of job (KB)
...
006 (3663.000.000) 03/02 17:04:52 Image size of job updated: 396116
	378  -  MemoryUsage of job (MB)
	386408  -  ResidentSetSize of job (KB)
...
006 (3664.000.000) 03/02 17:04:52 Image size of job updated: 405228
	387  -  MemoryUsage of job (MB)
	395416  -  ResidentSetSize of job (KB)
...
006 (3662.000.000) 03/02 17:09:51 Image size of job updated: 409264
	391  -  MemoryUsage of job (MB)
	399508  -  ResidentSetSize of job (KB)
...
006 (3661.000.000) 03/02 17:09:52 Image size of job updated: 405252
	387  -  MemoryUsage of job (MB)
	395648  -  ResidentSetSize of job (KB)
...
006 (3663.000.000) 03/02 17:09:52 Image size of job updated: 398768
	380  -  MemoryUsage of job (MB)
	389024  -  ResidentSetSize of job (KB)
...
006 (3664.000.000) 03/02 17:09:52 Image size of job updated: 408400
	390  -  MemoryUsage of job (MB)
	398560  -  ResidentSetSize of job (KB)
...
006 (3662.000.000) 03/02 17:14:52 Image size of job updated: 412428
	394  -  MemoryUsage of job (MB)
	402652  -  ResidentSetSize of job (KB)
...
006 (3661.000.000) 03/02 17:14:52 Image size of job updated: 407812
	389  -  MemoryUsage of job (MB)
	398256  -  ResidentSetSize of job (KB)
...
006 (3663.000.000) 03/02 17:14:52 Image size of job updated: 401072
	383  -  MemoryUsage of job (MB)
	391380  -  ResidentSetSize of job (KB)
...
006 (3664.000.000) 03/02 17:14:53 Image size of job updated: 411728
	393  -  MemoryUsage of job (MB)
	401960  -  ResidentSetSize of job (KB)
...
006 (3662.000.000) 03/02 17:19:52 Image size of job updated: 414732
	396  -  MemoryUsage of job (MB)
	405012  -  ResidentSetSize of job (KB)
...
006 (3661.000.000) 03/02 17:19:52 Image size of job updated: 409720
	391  -  MemoryUsage of job (MB)
	400120  -  ResidentSetSize of job (KB)
...
006 (3663.000.000) 03/02 17:19:53 Image size of job updated: 402444
	384  -  MemoryUsage of job (MB)
	392704  -  ResidentSetSize of job (KB)
...
006 (3664.000.000) 03/02 17:19:53 Image size of job updated: 414376
	396  -  MemoryUsage of job (MB)
	404608  -  ResidentSetSize of job (KB)
...
006 (3661.000.000) 03/02 17:24:53 Image size of job updated: 411512
	393  -  MemoryUsage of job (MB)
	401924  -  ResidentSetSize of job (KB)
...
006 (3663.000.000) 03/02 17:24:53 Image size of job updated: 403468
	385  -  MemoryUsage of job (MB)
	393736  -  ResidentSetSize of job (KB)
...
006 (3664.000.000) 03/02 17:24:53 Image size of job updated: 415912
	397  -  MemoryUsage of job (MB)
	406164  -  ResidentSetSize of job (KB)
...
006 (3662.000.000) 03/02 17:24:53 Image size of job updated: 416864
	398  -  MemoryUsage of job (MB)
	407124  -  ResidentSetSize of job (KB)
...
006 (3661.000.000) 03/02 17:29:53 Image size of job updated: 413048
	395  -  MemoryUsage of job (MB)
	403480  -  ResidentSetSize of job (KB)
...
006 (3664.000.000) 03/02 17:29:53 Image size of job updated: 417564
	399  -  MemoryUsage of job (MB)
	407728  -  ResidentSetSize of job (KB)
...
006 (3662.000.000) 03/02 17:29:54 Image size of job updated: 419008
	400  -  MemoryUsage of job (MB)
	409224  -  ResidentSetSize of job (KB)
...
006 (3663.000.000) 03/02 17:29:54 Image size of job updated: 405004
	387  -  MemoryUsage of job (MB)
	395292  -  ResidentSetSize of job (KB)
...
006 (3661.000.000) 03/02 17:34:53 Image size of job updated: 414956
	396  -  MemoryUsage of job (MB)
	405308  -  ResidentSetSize of job (KB)
...
006 (3664.000.000) 03/02 17:34:54 Image size of job updated: 419100
	400  -  MemoryUsage of job (MB)
	409292  -  ResidentSetSize of job (KB)
...
006 (3662.000.000) 03/02 17:34:54 Image size of job updated: 421056
	402  -  MemoryUsage of job (MB)
	411324  -  ResidentSetSize of job (KB)
...
006 (3663.000.000) 03/02 17:34:54 Image size of job updated: 406028
	388  -  MemoryUsage of job (MB)
	396336  -  ResidentSetSize of job (KB)
...
006 (3661.000.000) 03/02 17:39:54 Image size of job updated: 415980
	397  -  MemoryUsage of job (MB)
	405696  -  ResidentSetSize of job (KB)
...
006 (3664.000.000) 03/02 17:39:54 Image size of job updated: 420380
	401  -  MemoryUsage of job (MB)
	409924  -  ResidentSetSize of job (KB)
...
006 (3662.000.000) 03/02 17:39:54 Image size of job updated: 422080
	403  -  MemoryUsage of job (MB)
	411704  -  ResidentSetSize of job (KB)
...
006 (3663.000.000) 03/02 17:39:55 Image size of job updated: 407308
	388  -  MemoryUsage of job (MB)
	396960  -  ResidentSetSize of job (KB)
...
006 (3661.000.000) 03/02 17:44:54 Image size of job updated: 417516
	398  -  MemoryUsage of job (MB)
	407240  -  ResidentSetSize of job (KB)
...
006 (3664.000.000) 03/02 17:44:54 Image size of job updated: 422428
	403  -  MemoryUsage of job (MB)
	412272  -  ResidentSetSize of job (KB)
...
006 (3662.000.000) 03/02 17:44:55 Image size of job updated: 424240
	405  -  MemoryUsage of job (MB)
	413788  -  ResidentSetSize of job (KB)
...
006 (3663.000.000) 03/02 17:44:55 Image size of job updated: 408952
	390  -  MemoryUsage of job (MB)
	398512  -  ResidentSetSize of job (KB)
...
006 (3661.000.000) 03/02 17:49:54 Image size of job updated: 420076
	401  -  MemoryUsage of job (MB)
	409860  -  ResidentSetSize of job (KB)
...
006 (3664.000.000) 03/02 17:49:55 Image size of job updated: 424572
	405  -  MemoryUsage of job (MB)
	414104  -  ResidentSetSize of job (KB)
...
006 (3662.000.000) 03/02 17:49:55 Image size of job updated: 426800
	407  -  MemoryUsage of job (MB)
	416420  -  ResidentSetSize of job (KB)
...
006 (3663.000.000) 03/02 17:49:55 Image size of job updated: 410744
	391  -  MemoryUsage of job (MB)
	400340  -  ResidentSetSize of job (KB)
...
006 (3661.000.000) 03/02 17:54:55 Image size of job updated: 422748
	403  -  MemoryUsage of job (MB)
	412476  -  ResidentSetSize of job (KB)
...
006 (3664.000.000) 03/02 17:54:55 Image size of job updated: 426876
	407  -  MemoryUsage of job (MB)
	416452  -  ResidentSetSize of job (KB)
...
006 (3662.000.000) 03/02 17:54:55 Image size of job updated: 429704
	410  -  MemoryUsage of job (MB)
	419292  -  ResidentSetSize of job (KB)
...
006 (3663.000.000) 03/02 17:54:56 Image size of job updated: 413048
	394  -  MemoryUsage of job (MB)
	402700  -  ResidentSetSize of job (KB)
...
006 (3661.000.000) 03/02 17:59:55 Image size of job updated: 425052
	405  -  MemoryUsage of job (MB)
	414712  -  ResidentSetSize of job (KB)
...
006 (3664.000.000) 03/02 17:59:55 Image size of job updated: 429804
	410  -  MemoryUsage of job (MB)
	419208  -  ResidentSetSize of job (KB)
...
006 (3662.000.000) 03/02 17:59:56 Image size of job updated: 432624
	413  -  MemoryUsage of job (MB)
	422076  -  ResidentSetSize of job (KB)
...
006 (3663.000.000) 03/02 17:59:56 Image size of job updated: 415464
	396  -  MemoryUsage of job (MB)
	404948  -  ResidentSetSize of job (KB)
...
006 (3661.000.000) 03/02 18:04:55 Image size of job updated: 427472
	408  -  MemoryUsage of job (MB)
	417068  -  ResidentSetSize of job (KB)
...
006 (3664.000.000) 03/02 18:04:56 Image size of job updated: 433488
	413  -  MemoryUsage of job (MB)
	422892  -  ResidentSetSize of job (KB)
...
006 (3662.000.000) 03/02 18:04:56 Image size of job updated: 435696
	416  -  MemoryUsage of job (MB)
	425224  -  ResidentSetSize of job (KB)
...
006 (3663.000.000) 03/02 18:04:57 Image size of job updated: 417256
	398  -  MemoryUsage of job (MB)
	406792  -  ResidentSetSize of job (KB)
...
006 (3661.000.000) 03/02 18:09:56 Image size of job updated: 429520
	409  -  MemoryUsage of job (MB)
	418520  -  ResidentSetSize of job (KB)
...
006 (3664.000.000) 03/02 18:09:56 Image size of job updated: 436048
	415  -  MemoryUsage of job (MB)
	424652  -  ResidentSetSize of job (KB)
...
006 (3662.000.000) 03/02 18:09:56 Image size of job updated: 438116
	417  -  MemoryUsage of job (MB)
	426712  -  ResidentSetSize of job (KB)
...
006 (3663.000.000) 03/02 18:09:57 Image size of job updated: 419160
	399  -  MemoryUsage of job (MB)
	407712  -  ResidentSetSize of job (KB)
...
006 (3661.000.000) 03/02 18:14:56 Image size of job updated: 431312
	411  -  MemoryUsage of job (MB)
	420084  -  ResidentSetSize of job (KB)
...
006 (3664.000.000) 03/02 18:14:57 Image size of job updated: 438436
	417  -  MemoryUsage of job (MB)
	426996  -  ResidentSetSize of job (KB)
...
006 (3662.000.000) 03/02 18:14:57 Image size of job updated: 440420
	420  -  MemoryUsage of job (MB)
	429064  -  ResidentSetSize of job (KB)
...
006 (3663.000.000) 03/02 18:14:57 Image size of job updated: 420184
	400  -  MemoryUsage of job (MB)
	408748  -  ResidentSetSize of job (KB)
...
006 (3661.000.000) 03/02 18:19:56 Image size of job updated: 432080
	411  -  MemoryUsage of job (MB)
	420084  -  ResidentSetSize of job (KB)
...
006 (3664.000.000) 03/02 18:19:57 Image size of job updated: 439972
	417  -  MemoryUsage of job (MB)
	426996  -  ResidentSetSize of job (KB)
...
006 (3662.000.000) 03/02 18:19:57 Image size of job updated: 441036
	420  -  MemoryUsage of job (MB)
	429064  -  ResidentSetSize of job (KB)
...
006 (3663.000.000) 03/02 18:19:58 Image size of job updated: 421464
	400  -  MemoryUsage of job (MB)
	408748  -  ResidentSetSize of job (KB)
...
006 (3663.000.000) 03/02 18:21:08 Image size of job updated: 423596
	400  -  MemoryUsage of job (MB)
	408748  -  ResidentSetSize of job (KB)
...
005 (3663.000.000) 03/02 18:21:08 Job terminated.
	(1) Normal termination (return value 0)
		Usr 0 02:23:19, Sys 0 00:00:43  -  Run Remote Usage
		Usr 0 00:00:00, Sys 0 00:00:00  -  Run Local Usage
		Usr 0 02:23:19, Sys 0 00:00:43  -  Total Remote Usage
		Usr 0 00:00:00, Sys 0 00:00:00  -  Total Local Usage
	1395189  -  Run Bytes Sent By Job
	302565088  -  Run Bytes Received By Job
	1395189  -  Total Bytes Sent By Job
	302565088  -  Total Bytes Received By Job
	Partitionable Resources :    Usage  Request Allocated
	   Cpus                 :                 1         1
	   Disk (KB)            :   296847   300000 164690096
	   Memory (MB)          :      400        1       479
...
001 (3665.000.000) 03/02 18:21:35 Job executing on host: <192.168.5.101:9618?addrs=192.168.5.101-9618+[--1]-9618&noUDP&sock=16636_ce09_3>
...
006 (3665.000.000) 03/02 18:21:44 Image size of job updated: 2
	5  -  MemoryUsage of job (MB)
	4904  -  ResidentSetSize of job (KB)
...
006 (3661.000.000) 03/02 18:24:57 Image size of job updated: 433452
	411  -  MemoryUsage of job (MB)
	420084  -  ResidentSetSize of job (KB)
...
006 (3664.000.000) 03/02 18:24:57 Image size of job updated: 441508
	417  -  MemoryUsage of job (MB)
	427008  -  ResidentSetSize of job (KB)
...
006 (3662.000.000) 03/02 18:24:57 Image size of job updated: 442828
	420  -  MemoryUsage of job (MB)
	429064  -  ResidentSetSize of job (KB)
...
006 (3665.000.000) 03/02 18:26:45 Image size of job updated: 379944
	361  -  MemoryUsage of job (MB)
	369636  -  ResidentSetSize of job (KB)
...
006 (3664.000.000) 03/02 18:27:44 Image size of job updated: 444288
	417  -  MemoryUsage of job (MB)
	427008  -  ResidentSetSize of job (KB)
...
005 (3664.000.000) 03/02 18:27:44 Job terminated.
	(1) Normal termination (return value 0)
		Usr 0 02:29:36, Sys 0 00:01:00  -  Run Remote Usage
		Usr 0 00:00:00, Sys 0 00:00:00  -  Run Local Usage
		Usr 0 02:29:36, Sys 0 00:01:00  -  Total Remote Usage
		Usr 0 00:00:00, Sys 0 00:00:00  -  Total Local Usage
	1786167  -  Run Bytes Sent By Job
	302565088  -  Run Bytes Received By Job
	1786167  -  Total Bytes Sent By Job
	302565088  -  Total Bytes Received By Job
	Partitionable Resources :    Usage  Request Allocated
	   Cpus                 :                 1         1
	   Disk (KB)            :   297228   300000 164690096
	   Memory (MB)          :      417        1       479
...
006 (3662.000.000) 03/02 18:28:10 Image size of job updated: 446076
	420  -  MemoryUsage of job (MB)
	429064  -  ResidentSetSize of job (KB)
...
005 (3662.000.000) 03/02 18:28:10 Job terminated.
	(1) Normal termination (return value 0)
		Usr 0 02:29:57, Sys 0 00:01:00  -  Run Remote Usage
		Usr 0 00:00:00, Sys 0 00:00:00  -  Run Local Usage
		Usr 0 02:29:57, Sys 0 00:01:00  -  Total Remote Usage
		Usr 0 00:00:00, Sys 0 00:00:00  -  Total Local Usage
	1567005  -  Run Bytes Sent By Job
	302565088  -  Run Bytes Received By Job
	1567005  -  Total Bytes Sent By Job
	302565088  -  Total Bytes Received By Job
	Partitionable Resources :    Usage  Request Allocated
	   Cpus                 :                 1         1
	   Disk (KB)            :   297014   300000 164690096
	   Memory (MB)          :      420        1       479
...
001 (3666.000.000) 03/02 18:28:30 Job executing on host: <192.168.5.101:9618?addrs=192.168.5.101-9618+[--1]-9618&noUDP&sock=16636_ce09_3>
...
006 (3666.000.000) 03/02 18:28:32 Image size of job updated: 2
	0  -  MemoryUsage of job (MB)
	0  -  ResidentSetSize of job (KB)
...
005 (3666.000.000) 03/02 18:28:32 Job terminated.
	(1) Normal termination (return value 0)
		Usr 0 00:00:00, Sys 0 00:00:00  -  Run Remote Usage
		Usr 0 00:00:00, Sys 0 00:00:00  -  Run Local Usage
		Usr 0 00:00:00, Sys 0 00:00:00  -  Total Remote Usage
		Usr 0 00:00:00, Sys 0 00:00:00  -  Total Local Usage
	37859  -  Run Bytes Sent By Job
	8146056  -  Run Bytes Received By Job
	37859  -  Total Bytes Sent By Job
	8146056  -  Total Bytes Received By Job
	Partitionable Resources :    Usage  Request Allocated
	   Cpus                 :                 1         1
	   Disk (KB)            :     8003    10000 164690096
	   Memory (MB)          :        0        1       479
...
006 (3661.000.000) 03/02 18:28:40 Image size of job updated: 436680
	411  -  MemoryUsage of job (MB)
	420084  -  ResidentSetSize of job (KB)
...
005 (3661.000.000) 03/02 18:28:40 Job terminated.
	(1) Normal termination (return value 0)
		Usr 0 02:30:19, Sys 0 00:01:11  -  Run Remote Usage
		Usr 0 00:00:00, Sys 0 00:00:00  -  Run Local Usage
		Usr 0 02:30:19, Sys 0 00:01:11  -  Total Remote Usage
		Usr 0 00:00:00, Sys 0 00:00:00  -  Total Local Usage
	1666824  -  Run Bytes Sent By Job
	302565088  -  Run Bytes Received By Job
	1666824  -  Total Bytes Sent By Job
	302565088  -  Total Bytes Received By Job
	Partitionable Resources :    Usage  Request Allocated
	   Cpus                 :                 1         1
	   Disk (KB)            :   297112   300000 164690096
	   Memory (MB)          :      411        1       479
...
006 (3665.000.000) 03/02 18:31:45 Image size of job updated: 381480
	363  -  MemoryUsage of job (MB)
	371180  -  ResidentSetSize of job (KB)
...
006 (3665.000.000) 03/02 18:36:46 Image size of job updated: 382760
	364  -  MemoryUsage of job (MB)
	372488  -  ResidentSetSize of job (KB)
...
006 (3665.000.000) 03/02 18:41:46 Image size of job updated: 384552
	366  -  MemoryUsage of job (MB)
	374292  -  ResidentSetSize of job (KB)
...
006 (3665.000.000) 03/02 18:46:46 Image size of job updated: 386344
	368  -  MemoryUsage of job (MB)
	376128  -  ResidentSetSize of job (KB)
...
006 (3665.000.000) 03/02 18:51:48 Image size of job updated: 388248
	370  -  MemoryUsage of job (MB)
	377956  -  ResidentSetSize of job (KB)
...
006 (3665.000.000) 03/02 18:56:48 Image size of job updated: 389784
	371  -  MemoryUsage of job (MB)
	379532  -  ResidentSetSize of job (KB)
...
006 (3665.000.000) 03/02 19:01:48 Image size of job updated: 391576
	373  -  MemoryUsage of job (MB)
	381364  -  ResidentSetSize of job (KB)
...
006 (3665.000.000) 03/02 19:06:49 Image size of job updated: 393256
	374  -  MemoryUsage of job (MB)
	382968  -  ResidentSetSize of job (KB)
...
006 (3665.000.000) 03/02 19:11:49 Image size of job updated: 395528
	377  -  MemoryUsage of job (MB)
	385280  -  ResidentSetSize of job (KB)
...
006 (3665.000.000) 03/02 19:16:50 Image size of job updated: 398688
	380  -  MemoryUsage of job (MB)
	388420  -  ResidentSetSize of job (KB)
...
006 (3665.000.000) 03/02 19:21:50 Image size of job updated: 402388
	383  -  MemoryUsage of job (MB)
	392100  -  ResidentSetSize of job (KB)
...
006 (3665.000.000) 03/02 19:26:50 Image size of job updated: 405972
	387  -  MemoryUsage of job (MB)
	395760  -  ResidentSetSize of job (KB)
...
006 (3665.000.000) 03/02 19:31:51 Image size of job updated: 409908
	391  -  MemoryUsage of job (MB)
	399696  -  ResidentSetSize of job (KB)
...
006 (3665.000.000) 03/02 19:36:51 Image size of job updated: 412100
	393  -  MemoryUsage of job (MB)
	401808  -  ResidentSetSize of job (KB)
...
006 (3665.000.000) 03/02 19:41:52 Image size of job updated: 414148
	395  -  MemoryUsage of job (MB)
	403884  -  ResidentSetSize of job (KB)
...
006 (3665.000.000) 03/02 19:46:52 Image size of job updated: 415940
	397  -  MemoryUsage of job (MB)
	405712  -  ResidentSetSize of job (KB)
...
006 (3665.000.000) 03/02 19:51:53 Image size of job updated: 417732
	398  -  MemoryUsage of job (MB)
	407528  -  ResidentSetSize of job (KB)
...
006 (3665.000.000) 03/02 19:56:53 Image size of job updated: 419896
	401  -  MemoryUsage of job (MB)
	409880  -  ResidentSetSize of job (KB)
...
006 (3665.000.000) 03/02 20:01:53 Image size of job updated: 422456
	403  -  MemoryUsage of job (MB)
	412232  -  ResidentSetSize of job (KB)
...
006 (3665.000.000) 03/02 20:06:53 Image size of job updated: 424848
	405  -  MemoryUsage of job (MB)
	414576  -  ResidentSetSize of job (KB)
...
006 (3665.000.000) 03/02 20:11:54 Image size of job updated: 428776
	409  -  MemoryUsage of job (MB)
	418504  -  ResidentSetSize of job (KB)
...
006 (3665.000.000) 03/02 20:16:55 Image size of job updated: 431592
	412  -  MemoryUsage of job (MB)
	421388  -  ResidentSetSize of job (KB)
...
006 (3665.000.000) 03/02 20:21:56 Image size of job updated: 434232
	415  -  MemoryUsage of job (MB)
	424008  -  ResidentSetSize of job (KB)
...
006 (3665.000.000) 03/02 20:26:57 Image size of job updated: 436384
	417  -  MemoryUsage of job (MB)
	426088  -  ResidentSetSize of job (KB)
...
006 (3665.000.000) 03/02 20:31:54 Image size of job updated: 440120
	417  -  MemoryUsage of job (MB)
	426088  -  ResidentSetSize of job (KB)
...
005 (3665.000.000) 03/02 20:31:54 Job terminated.
	(1) Normal termination (return value 0)
		Usr 0 02:08:42, Sys 0 00:00:34  -  Run Remote Usage
		Usr 0 00:00:00, Sys 0 00:00:00  -  Run Local Usage
		Usr 0 02:08:42, Sys 0 00:00:34  -  Total Remote Usage
		Usr 0 00:00:00, Sys 0 00:00:00  -  Total Local Usage
	1666311  -  Run Bytes Sent By Job
	302565088  -  Run Bytes Received By Job
	1666311  -  Total Bytes Sent By Job
	302565088  -  Total Bytes Received By Job
	Partitionable Resources :    Usage  Request Allocated
	   Cpus                 :                 1         1
	   Disk (KB)            :   297111   300000 164690096
	   Memory (MB)          :      417        1       479
...
000 (3667.000.000) 03/02 20:32:08 Job submitted from host: <192.168.5.10:9618?addrs=192.168.5.10-9618+[--1]-9618&noUDP&sock=2698_7f03_4>
    DAG Node: individuals_merge_ID0000006
    pool:condorpool
...
001 (3667.000.000) 03/02 20:32:09 Job executing on host: <192.168.5.101:9618?addrs=192.168.5.101-9618+[--1]-9618&noUDP&sock=16636_ce09_3>
...
006 (3667.000.000) 03/02 20:32:17 Image size of job updated: 2
	5  -  MemoryUsage of job (MB)
	4944  -  ResidentSetSize of job (KB)
...
006 (3667.000.000) 03/02 20:37:17 Image size of job updated: 98080
	85  -  MemoryUsage of job (MB)
	87036  -  ResidentSetSize of job (KB)
...
006 (3667.000.000) 03/02 20:41:17 Image size of job updated: 150176
	85  -  MemoryUsage of job (MB)
	87036  -  ResidentSetSize of job (KB)
...
005 (3667.000.000) 03/02 20:41:17 Job terminated.
	(1) Normal termination (return value 0)
		Usr 0 00:01:19, Sys 0 00:00:13  -  Run Remote Usage
		Usr 0 00:00:00, Sys 0 00:00:00  -  Run Local Usage
		Usr 0 00:01:19, Sys 0 00:00:13  -  Total Remote Usage
		Usr 0 00:00:00, Sys 0 00:00:00  -  Total Local Usage
	16419254  -  Run Bytes Sent By Job
	7148395  -  Run Bytes Received By Job
	16419254  -  Total Bytes Sent By Job
	7148395  -  Total Bytes Received By Job
	Partitionable Resources :    Usage  Request Allocated
	   Cpus                 :                 1         1
	   Disk (KB)            :    23026     7500 164690096
	   Memory (MB)          :       85        1       479
...
000 (3668.000.000) 03/02 20:41:28 Job submitted from host: <192.168.5.10:9618?addrs=192.168.5.10-9618+[--1]-9618&noUDP&sock=2698_7f03_4>
    DAG Node: frequency_ID0000013
    pool:condorpool
...
000 (3669.000.000) 03/02 20:41:28 Job submitted from host: <192.168.5.10:9618?addrs=192.168.5.10-9618+[--1]-9618&noUDP&sock=2698_7f03_4>
    DAG Node: mutation_overlap_ID0000020
    pool:condorpool
...
000 (3670.000.000) 03/02 20:41:28 Job submitted from host: <192.168.5.10:9618?addrs=192.168.5.10-9618+[--1]-9618&noUDP&sock=2698_7f03_4>
    DAG Node: frequency_ID0000015
    pool:condorpool
...
000 (3671.000.000) 03/02 20:41:28 Job submitted from host: <192.168.5.10:9618?addrs=192.168.5.10-9618+[--1]-9618&noUDP&sock=2698_7f03_4>
    DAG Node: mutation_overlap_ID0000010
    pool:condorpool
...
000 (3672.000.000) 03/02 20:41:28 Job submitted from host: <192.168.5.10:9618?addrs=192.168.5.10-9618+[--1]-9618&noUDP&sock=2698_7f03_4>
    DAG Node: frequency_ID0000021
    pool:condorpool
...
001 (3668.000.000) 03/02 20:41:29 Job executing on host: <192.168.5.101:9618?addrs=192.168.5.101-9618+[--1]-9618&noUDP&sock=16636_ce09_3>
...
000 (3673.000.000) 03/02 20:41:33 Job submitted from host: <192.168.5.10:9618?addrs=192.168.5.10-9618+[--1]-9618&noUDP&sock=2698_7f03_4>
    DAG Node: frequency_ID0000011
    pool:condorpool
...
000 (3674.000.000) 03/02 20:41:33 Job submitted from host: <192.168.5.10:9618?addrs=192.168.5.10-9618+[--1]-9618&noUDP&sock=2698_7f03_4>
    DAG Node: mutation_overlap_ID0000016
    pool:condorpool
...
000 (3675.000.000) 03/02 20:41:33 Job submitted from host: <192.168.5.10:9618?addrs=192.168.5.10-9618+[--1]-9618&noUDP&sock=2698_7f03_4>
    DAG Node: mutation_overlap_ID0000008
    pool:condorpool
...
000 (3676.000.000) 03/02 20:41:33 Job submitted from host: <192.168.5.10:9618?addrs=192.168.5.10-9618+[--1]-9618&noUDP&sock=2698_7f03_4>
    DAG Node: mutation_overlap_ID0000018
    pool:condorpool
...
000 (3677.000.000) 03/02 20:41:33 Job submitted from host: <192.168.5.10:9618?addrs=192.168.5.10-9618+[--1]-9618&noUDP&sock=2698_7f03_4>
    DAG Node: frequency_ID0000017
    pool:condorpool
...
006 (3668.000.000) 03/02 20:41:37 Image size of job updated: 2
	5  -  MemoryUsage of job (MB)
	5092  -  ResidentSetSize of job (KB)
...
000 (3678.000.000) 03/02 20:41:38 Job submitted from host: <192.168.5.10:9618?addrs=192.168.5.10-9618+[--1]-9618&noUDP&sock=2698_7f03_4>
    DAG Node: mutation_overlap_ID0000012
    pool:condorpool
...
000 (3679.000.000) 03/02 20:41:38 Job submitted from host: <192.168.5.10:9618?addrs=192.168.5.10-9618+[--1]-9618&noUDP&sock=2698_7f03_4>
    DAG Node: frequency_ID0000019
    pool:condorpool
...
000 (3680.000.000) 03/02 20:41:38 Job submitted from host: <192.168.5.10:9618?addrs=192.168.5.10-9618+[--1]-9618&noUDP&sock=2698_7f03_4>
    DAG Node: mutation_overlap_ID0000014
    pool:condorpool
...
000 (3681.000.000) 03/02 20:41:38 Job submitted from host: <192.168.5.10:9618?addrs=192.168.5.10-9618+[--1]-9618&noUDP&sock=2698_7f03_4>
    DAG Node: frequency_ID0000009
    pool:condorpool
...
001 (3671.000.000) 03/02 20:41:49 Job executing on host: <192.168.5.101:9618?addrs=192.168.5.101-9618+[--1]-9618&noUDP&sock=16636_ce09_3>
...
001 (3669.000.000) 03/02 20:41:49 Job executing on host: <192.168.5.101:9618?addrs=192.168.5.101-9618+[--1]-9618&noUDP&sock=16636_ce09_3>
...
001 (3670.000.000) 03/02 20:41:49 Job executing on host: <192.168.5.101:9618?addrs=192.168.5.101-9618+[--1]-9618&noUDP&sock=16636_ce09_3>
...
006 (3671.000.000) 03/02 20:41:58 Image size of job updated: 5112
	3  -  MemoryUsage of job (MB)
	2468  -  ResidentSetSize of job (KB)
...
006 (3669.000.000) 03/02 20:41:58 Image size of job updated: 65472
	41  -  MemoryUsage of job (MB)
	41676  -  ResidentSetSize of job (KB)
...
006 (3670.000.000) 03/02 20:41:58 Image size of job updated: 65468
	42  -  MemoryUsage of job (MB)
	42408  -  ResidentSetSize of job (KB)
...
006 (3669.000.000) 03/02 20:43:47 Image size of job updated: 66752
	41  -  MemoryUsage of job (MB)
	41676  -  ResidentSetSize of job (KB)
...
005 (3669.000.000) 03/02 20:43:47 Job terminated.
	(1) Normal termination (return value 0)
		Usr 0 00:00:07, Sys 0 00:00:02  -  Run Remote Usage
		Usr 0 00:00:00, Sys 0 00:00:00  -  Run Local Usage
		Usr 0 00:00:07, Sys 0 00:00:02  -  Total Remote Usage
		Usr 0 00:00:00, Sys 0 00:00:00  -  Total Local Usage
	352571  -  Run Bytes Sent By Job
	16514862  -  Run Bytes Received By Job
	352571  -  Total Bytes Sent By Job
	16514862  -  Total Bytes Received By Job
	Partitionable Resources :    Usage  Request Allocated
	   Cpus                 :                 1         1
	   Disk (KB)            :    87852    17500 164690096
	   Memory (MB)          :       41        1       479
...
006 (3671.000.000) 03/02 20:43:52 Image size of job updated: 78728
	41  -  MemoryUsage of job (MB)
	41772  -  ResidentSetSize of job (KB)
...
005 (3671.000.000) 03/02 20:43:52 Job terminated.
	(1) Normal termination (return value 0)
		Usr 0 00:00:10, Sys 0 00:00:02  -  Run Remote Usage
		Usr 0 00:00:00, Sys 0 00:00:00  -  Run Local Usage
		Usr 0 00:00:10, Sys 0 00:00:02  -  Total Remote Usage
		Usr 0 00:00:00, Sys 0 00:00:00  -  Total Local Usage
	430467  -  Run Bytes Sent By Job
	16519254  -  Run Bytes Received By Job
	430467  -  Total Bytes Sent By Job
	16519254  -  Total Bytes Received By Job
	Partitionable Resources :    Usage  Request Allocated
	   Cpus                 :                 1         1
	   Disk (KB)            :    88588    17500 164690096
	   Memory (MB)          :       41        1       479
...
001 (3672.000.000) 03/02 20:44:50 Job executing on host: <192.168.5.101:9618?addrs=192.168.5.101-9618+[--1]-9618&noUDP&sock=16636_ce09_3>
...
001 (3673.000.000) 03/02 20:44:50 Job executing on host: <192.168.5.101:9618?addrs=192.168.5.101-9618+[--1]-9618&noUDP&sock=16636_ce09_3>
...
006 (3672.000.000) 03/02 20:44:58 Image size of job updated: 65440
	42  -  MemoryUsage of job (MB)
	42540  -  ResidentSetSize of job (KB)
...
006 (3673.000.000) 03/02 20:44:58 Image size of job updated: 65472
	42  -  MemoryUsage of job (MB)
	42368  -  ResidentSetSize of job (KB)
...
006 (3668.000.000) 03/02 20:46:37 Image size of job updated: 97772
	64  -  MemoryUsage of job (MB)
	64612  -  ResidentSetSize of job (KB)
...
006 (3670.000.000) 03/02 20:46:58 Image size of job updated: 94124
	64  -  MemoryUsage of job (MB)
	64720  -  ResidentSetSize of job (KB)
...
006 (3672.000.000) 03/02 20:49:58 Image size of job updated: 90056
	66  -  MemoryUsage of job (MB)
	67520  -  ResidentSetSize of job (KB)
...
006 (3673.000.000) 03/02 20:49:58 Image size of job updated: 91520
	61  -  MemoryUsage of job (MB)
	61960  -  ResidentSetSize of job (KB)
...
006 (3668.000.000) 03/02 20:51:39 Image size of job updated: 97772
	70  -  MemoryUsage of job (MB)
	71436  -  ResidentSetSize of job (KB)
...
006 (3670.000.000) 03/02 20:51:59 Image size of job updated: 94124
	66  -  MemoryUsage of job (MB)
	66712  -  ResidentSetSize of job (KB)
...
005 (3670.000.000) 03/02 20:54:47 Job terminated.
	(1) Normal termination (return value 0)
		Usr 0 00:09:00, Sys 0 00:00:46  -  Run Remote Usage
		Usr 0 00:00:00, Sys 0 00:00:00  -  Run Local Usage
		Usr 0 00:09:00, Sys 0 00:00:46  -  Total Remote Usage
		Usr 0 00:00:00, Sys 0 00:00:00  -  Total Local Usage
	12685721  -  Run Bytes Sent By Job
	16513079  -  Run Bytes Received By Job
	12685721  -  Total Bytes Sent By Job
	16513079  -  Total Bytes Received By Job
	Partitionable Resources :    Usage  Request Allocated
	   Cpus                 :                 1         1
	   Disk (KB)            :   116653    17500 164690096
	   Memory (MB)          :       66        1       479
...
006 (3672.000.000) 03/02 20:55:00 Image size of job updated: 93196
	66  -  MemoryUsage of job (MB)
	67520  -  ResidentSetSize of job (KB)
...
006 (3673.000.000) 03/02 20:55:00 Image size of job updated: 94796
	68  -  MemoryUsage of job (MB)
	68848  -  ResidentSetSize of job (KB)
...
001 (3674.000.000) 03/02 20:55:49 Job executing on host: <192.168.5.101:9618?addrs=192.168.5.101-9618+[--1]-9618&noUDP&sock=16636_ce09_3>
...
006 (3674.000.000) 03/02 20:55:57 Image size of job updated: 2
	5  -  MemoryUsage of job (MB)
	5008  -  ResidentSetSize of job (KB)
...
005 (3668.000.000) 03/02 20:56:02 Job terminated.
	(1) Normal termination (return value 0)
		Usr 0 00:10:31, Sys 0 00:00:53  -  Run Remote Usage
		Usr 0 00:00:00, Sys 0 00:00:00  -  Run Local Usage
		Usr 0 00:10:31, Sys 0 00:00:53  -  Total Remote Usage
		Usr 0 00:00:00, Sys 0 00:00:00  -  Total Local Usage
	14123993  -  Run Bytes Sent By Job
	16535767  -  Run Bytes Received By Job
	14123993  -  Total Bytes Sent By Job
	16535767  -  Total Bytes Received By Job
	Partitionable Resources :    Usage  Request Allocated
	   Cpus                 :                 1         1
	   Disk (KB)            :   120400    17500 164690096
	   Memory (MB)          :       70        1       479
...
005 (3672.000.000) 03/02 20:57:30 Job terminated.
	(1) Normal termination (return value 0)
		Usr 0 00:08:38, Sys 0 00:00:46  -  Run Remote Usage
		Usr 0 00:00:00, Sys 0 00:00:00  -  Run Local Usage
		Usr 0 00:08:38, Sys 0 00:00:46  -  Total Remote Usage
		Usr 0 00:00:00, Sys 0 00:00:00  -  Total Local Usage
	12138558  -  Run Bytes Sent By Job
	16508299  -  Run Bytes Received By Job
	12138558  -  Total Bytes Sent By Job
	16508299  -  Total Bytes Received By Job
	Partitionable Resources :    Usage  Request Allocated
	   Cpus                 :                 1         1
	   Disk (KB)            :   115544    17500 164690096
	   Memory (MB)          :       66        1       479
...
006 (3674.000.000) 03/02 20:57:43 Image size of job updated: 66496
	5  -  MemoryUsage of job (MB)
	5008  -  ResidentSetSize of job (KB)
...
005 (3674.000.000) 03/02 20:57:43 Job terminated.
	(1) Normal termination (return value 0)
		Usr 0 00:00:07, Sys 0 00:00:02  -  Run Remote Usage
		Usr 0 00:00:00, Sys 0 00:00:00  -  Run Local Usage
		Usr 0 00:00:07, Sys 0 00:00:02  -  Total Remote Usage
		Usr 0 00:00:00, Sys 0 00:00:00  -  Total Local Usage
	474007  -  Run Bytes Sent By Job
	16519226  -  Run Bytes Received By Job
	474007  -  Total Bytes Sent By Job
	16519226  -  Total Bytes Received By Job
	Partitionable Resources :    Usage  Request Allocated
	   Cpus                 :                 1         1
	   Disk (KB)            :    88716    17500 164690096
	   Memory (MB)          :        5        1       479
...
001 (3677.000.000) 03/02 20:57:49 Job executing on host: <192.168.5.101:9618?addrs=192.168.5.101-9618+[--1]-9618&noUDP&sock=16636_ce09_3>
...
006 (3677.000.000) 03/02 20:57:58 Image size of job updated: 65468
	42  -  MemoryUsage of job (MB)
	42220  -  ResidentSetSize of job (KB)
...
001 (3675.000.000) 03/02 20:58:50 Job executing on host: <192.168.5.101:9618?addrs=192.168.5.101-9618+[--1]-9618&noUDP&sock=16636_ce09_3>
...
001 (3676.000.000) 03/02 20:58:50 Job executing on host: <192.168.5.101:9618?addrs=192.168.5.101-9618+[--1]-9618&noUDP&sock=16636_ce09_3>
...
006 (3675.000.000) 03/02 20:58:59 Image size of job updated: 65468
	42  -  MemoryUsage of job (MB)
	42060  -  ResidentSetSize of job (KB)
...
006 (3676.000.000) 03/02 20:58:59 Image size of job updated: 65500
	42  -  MemoryUsage of job (MB)
	42188  -  ResidentSetSize of job (KB)
...
005 (3673.000.000) 03/02 20:59:05 Job terminated.
	(1) Normal termination (return value 0)
		Usr 0 00:10:02, Sys 0 00:00:53  -  Run Remote Usage
		Usr 0 00:00:00, Sys 0 00:00:00  -  Run Local Usage
		Usr 0 00:10:02, Sys 0 00:00:53  -  Total Remote Usage
		Usr 0 00:00:00, Sys 0 00:00:00  -  Total Local Usage
	14028450  -  Run Bytes Sent By Job
	16512691  -  Run Bytes Received By Job
	14028450  -  Total Bytes Sent By Job
	16512691  -  Total Bytes Received By Job
	Partitionable Resources :    Usage  Request Allocated
	   Cpus                 :                 1         1
	   Disk (KB)            :   119460    17500 164690096
	   Memory (MB)          :       68        1       479
...
001 (3678.000.000) 03/02 21:00:49 Job executing on host: <192.168.5.101:9618?addrs=192.168.5.101-9618+[--1]-9618&noUDP&sock=16636_ce09_3>
...
006 (3676.000.000) 03/02 21:00:52 Image size of job updated: 80848
	42  -  MemoryUsage of job (MB)
	42188  -  ResidentSetSize of job (KB)
...
005 (3676.000.000) 03/02 21:00:52 Job terminated.
	(1) Normal termination (return value 0)
		Usr 0 00:00:12, Sys 0 00:00:02  -  Run Remote Usage
		Usr 0 00:00:00, Sys 0 00:00:00  -  Run Local Usage
		Usr 0 00:00:12, Sys 0 00:00:02  -  Total Remote Usage
		Usr 0 00:00:00, Sys 0 00:00:00  -  Total Local Usage
	389897  -  Run Bytes Sent By Job
	16518578  -  Run Bytes Received By Job
	389897  -  Total Bytes Sent By Job
	16518578  -  Total Bytes Received By Job
	Partitionable Resources :    Usage  Request Allocated
	   Cpus                 :                 1         1
	   Disk (KB)            :    88254    17500 164690096
	   Memory (MB)          :       42        1       479
...
006 (3678.000.000) 03/02 21:00:58 Image size of job updated: 65468
	42  -  MemoryUsage of job (MB)
	42180  -  ResidentSetSize of job (KB)
...
006 (3675.000.000) 03/02 21:01:00 Image size of job updated: 95816
	42  -  MemoryUsage of job (MB)
	42060  -  ResidentSetSize of job (KB)
...
005 (3675.000.000) 03/02 21:01:00 Job terminated.
	(1) Normal termination (return value 0)
		Usr 0 00:00:19, Sys 0 00:00:03  -  Run Remote Usage
		Usr 0 00:00:00, Sys 0 00:00:00  -  Run Local Usage
		Usr 0 00:00:19, Sys 0 00:00:03  -  Total Remote Usage
		Usr 0 00:00:00, Sys 0 00:00:00  -  Total Local Usage
	590275  -  Run Bytes Sent By Job
	16522094  -  Run Bytes Received By Job
	590275  -  Total Bytes Sent By Job
	16522094  -  Total Bytes Received By Job
	Partitionable Resources :    Usage  Request Allocated
	   Cpus                 :                 1         1
	   Disk (KB)            :    89612    17500 164690096
	   Memory (MB)          :       42        1       479
...
001 (3679.000.000) 03/02 21:01:50 Job executing on host: <192.168.5.101:9618?addrs=192.168.5.101-9618+[--1]-9618&noUDP&sock=16636_ce09_3>
...
001 (3680.000.000) 03/02 21:01:50 Job executing on host: <192.168.5.101:9618?addrs=192.168.5.101-9618+[--1]-9618&noUDP&sock=16636_ce09_3>
...
006 (3679.000.000) 03/02 21:01:58 Image size of job updated: 65472
	42  -  MemoryUsage of job (MB)
	42104  -  ResidentSetSize of job (KB)
...
006 (3680.000.000) 03/02 21:01:58 Image size of job updated: 65468
	42  -  MemoryUsage of job (MB)
	42336  -  ResidentSetSize of job (KB)
...
006 (3677.000.000) 03/02 21:03:00 Image size of job updated: 93604
	70  -  MemoryUsage of job (MB)
	71232  -  ResidentSetSize of job (KB)
...
006 (3680.000.000) 03/02 21:03:55 Image size of job updated: 66492
	42  -  MemoryUsage of job (MB)
	42336  -  ResidentSetSize of job (KB)
...
005 (3680.000.000) 03/02 21:03:55 Job terminated.
	(1) Normal termination (return value 0)
		Usr 0 00:00:07, Sys 0 00:00:02  -  Run Remote Usage
		Usr 0 00:00:00, Sys 0 00:00:00  -  Run Local Usage
		Usr 0 00:00:07, Sys 0 00:00:02  -  Total Remote Usage
		Usr 0 00:00:00, Sys 0 00:00:00  -  Total Local Usage
	413460  -  Run Bytes Sent By Job
	16519642  -  Run Bytes Received By Job
	413460  -  Total Bytes Sent By Job
	16519642  -  Total Bytes Received By Job
	Partitionable Resources :    Usage  Request Allocated
	   Cpus                 :                 1         1
	   Disk (KB)            :    88593    17500 164690096
	   Memory (MB)          :       42        1       479
...
006 (3678.000.000) 03/02 21:03:56 Image size of job updated: 241740
	42  -  MemoryUsage of job (MB)
	42180  -  ResidentSetSize of job (KB)
...
005 (3678.000.000) 03/02 21:03:56 Job terminated.
	(1) Normal termination (return value 0)
		Usr 0 00:01:24, Sys 0 00:00:05  -  Run Remote Usage
		Usr 0 00:00:00, Sys 0 00:00:00  -  Run Local Usage
		Usr 0 00:01:24, Sys 0 00:00:05  -  Total Remote Usage
		Usr 0 00:00:00, Sys 0 00:00:00  -  Total Local Usage
	1992533  -  Run Bytes Sent By Job
	16542330  -  Run Bytes Received By Job
	1992533  -  Total Bytes Sent By Job
	16542330  -  Total Bytes Received By Job
	Partitionable Resources :    Usage  Request Allocated
	   Cpus                 :                 1         1
	   Disk (KB)            :   105539    17500 164690096
	   Memory (MB)          :       42        1       479
...
000 (3682.000.000) 03/02 21:04:09 Job submitted from host: <192.168.5.10:9618?addrs=192.168.5.10-9618+[--1]-9618&noUDP&sock=2698_7f03_4>
    DAG Node: stage_out_local_local_2_0
    pool:local
...
001 (3682.000.000) 03/02 21:04:09 Job executing on host: <192.168.5.10:9618?addrs=192.168.5.10-9618+[--1]-9618&noUDP&sock=2749_ab49_3021>
...
005 (3682.000.000) 03/02 21:04:13 Job terminated.
	(1) Normal termination (return value 0)
		Usr 0 00:00:00, Sys 0 00:00:00  -  Run Remote Usage
		Usr 0 00:00:00, Sys 0 00:00:00  -  Run Local Usage
		Usr 0 00:00:00, Sys 0 00:00:00  -  Total Remote Usage
		Usr 0 00:00:00, Sys 0 00:00:00  -  Total Local Usage
	0  -  Run Bytes Sent By Job
	0  -  Run Bytes Received By Job
	0  -  Total Bytes Sent By Job
	0  -  Total Bytes Received By Job
...
006 (3679.000.000) 03/02 21:06:58 Image size of job updated: 92600
	64  -  MemoryUsage of job (MB)
	65392  -  ResidentSetSize of job (KB)
...
006 (3677.000.000) 03/02 21:08:01 Image size of job updated: 94584
	70  -  MemoryUsage of job (MB)
	71232  -  ResidentSetSize of job (KB)
...
001 (3681.000.000) 03/02 21:09:10 Job executing on host: <192.168.5.101:9618?addrs=192.168.5.101-9618+[--1]-9618&noUDP&sock=16636_ce09_3>
...
006 (3681.000.000) 03/02 21:09:19 Image size of job updated: 58092
	35  -  MemoryUsage of job (MB)
	35504  -  ResidentSetSize of job (KB)
...
006 (3677.000.000) 03/02 21:09:45 Image size of job updated: 94708
	70  -  MemoryUsage of job (MB)
	71232  -  ResidentSetSize of job (KB)
...
005 (3677.000.000) 03/02 21:09:45 Job terminated.
	(1) Normal termination (return value 0)
		Usr 0 00:08:12, Sys 0 00:00:42  -  Run Remote Usage
		Usr 0 00:00:00, Sys 0 00:00:00  -  Run Local Usage
		Usr 0 00:08:12, Sys 0 00:00:42  -  Total Remote Usage
		Usr 0 00:00:00, Sys 0 00:00:00  -  Total Local Usage
	13697981  -  Run Bytes Sent By Job
	16512663  -  Run Bytes Received By Job
	13697981  -  Total Bytes Sent By Job
	16512663  -  Total Bytes Received By Job
	Partitionable Resources :    Usage  Request Allocated
	   Cpus                 :                 1         1
	   Disk (KB)            :   118733    17500 164690096
	   Memory (MB)          :       70        1       479
...
006 (3679.000.000) 03/02 21:12:00 Image size of job updated: 94736
	66  -  MemoryUsage of job (MB)
	67496  -  ResidentSetSize of job (KB)
...
005 (3679.000.000) 03/02 21:13:30 Job terminated.
	(1) Normal termination (return value 0)
		Usr 0 00:07:53, Sys 0 00:00:40  -  Run Remote Usage
		Usr 0 00:00:00, Sys 0 00:00:00  -  Run Local Usage
		Usr 0 00:07:53, Sys 0 00:00:40  -  Total Remote Usage
		Usr 0 00:00:00, Sys 0 00:00:00  -  Total Local Usage
	13535140  -  Run Bytes Sent By Job
	16512015  -  Run Bytes Received By Job
	13535140  -  Total Bytes Sent By Job
	16512015  -  Total Bytes Received By Job
	Partitionable Resources :    Usage  Request Allocated
	   Cpus                 :                 1         1
	   Disk (KB)            :   118607    17500 164690096
	   Memory (MB)          :       66        1       479
...
006 (3681.000.000) 03/02 21:14:20 Image size of job updated: 96444
	73  -  MemoryUsage of job (MB)
	74196  -  ResidentSetSize of job (KB)
...
006 (3681.000.000) 03/02 21:19:20 Image size of job updated: 98416
	73  -  MemoryUsage of job (MB)
	74196  -  ResidentSetSize of job (KB)
...
005 (3681.000.000) 03/02 21:21:27 Job terminated.
	(1) Normal termination (return value 0)
		Usr 0 00:08:53, Sys 0 00:00:46  -  Run Remote Usage
		Usr 0 00:00:00, Sys 0 00:00:00  -  Run Local Usage
		Usr 0 00:08:53, Sys 0 00:00:46  -  Total Remote Usage
		Usr 0 00:00:00, Sys 0 00:00:00  -  Total Local Usage
	14864869  -  Run Bytes Sent By Job
	16515531  -  Run Bytes Received By Job
	14864869  -  Total Bytes Sent By Job
	16515531  -  Total Bytes Received By Job
	Partitionable Resources :    Usage  Request Allocated
	   Cpus                 :                 1         1
	   Disk (KB)            :   121918    17500 164690096
	   Memory (MB)          :       73        1       479
...
000 (3683.000.000) 03/02 21:21:40 Job submitted from host: <192.168.5.10:9618?addrs=192.168.5.10-9618+[--1]-9618&noUDP&sock=2698_7f03_4>
    DAG Node: stage_out_local_local_2_1
    pool:local
...
001 (3683.000.000) 03/02 21:21:40 Job executing on host: <192.168.5.10:9618?addrs=192.168.5.10-9618+[--1]-9618&noUDP&sock=2749_ab49_3023>
...
005 (3683.000.000) 03/02 21:21:45 Job terminated.
	(1) Normal termination (return value 0)
		Usr 0 00:00:00, Sys 0 00:00:00  -  Run Remote Usage
		Usr 0 00:00:00, Sys 0 00:00:00  -  Run Local Usage
		Usr 0 00:00:00, Sys 0 00:00:00  -  Total Remote Usage
		Usr 0 00:00:00, Sys 0 00:00:00  -  Total Local Usage
	0  -  Run Bytes Sent By Job
	0  -  Run Bytes Received By Job
	0  -  Total Bytes Sent By Job
	0  -  Total Bytes Received By Job
...
000 (3684.000.000) 03/02 21:21:55 Job submitted from host: <192.168.5.10:9618?addrs=192.168.5.10-9618+[--1]-9618&noUDP&sock=2698_7f03_4>
    DAG Node: cleanup_1000-genome_0_local
    pool:local
...
001 (3684.000.000) 03/02 21:21:55 Job executing on host: <192.168.5.10:9618?addrs=192.168.5.10-9618+[--1]-9618&noUDP&sock=2749_ab49_3024>
...
005 (3684.000.000) 03/02 21:21:57 Job terminated.
	(1) Normal termination (return value 0)
		Usr 0 00:00:00, Sys 0 00:00:00  -  Run Remote Usage
		Usr 0 00:00:00, Sys 0 00:00:00  -  Run Local Usage
		Usr 0 00:00:00, Sys 0 00:00:00  -  Total Remote Usage
		Usr 0 00:00:00, Sys 0 00:00:00  -  Total Local Usage
	0  -  Run Bytes Sent By Job
	0  -  Run Bytes Received By Job
	0  -  Total Bytes Sent By Job
	0  -  Total Bytes Received By Job
...
