000 (3766.000.000) 03/03 14:10:01 Job submitted from host: <192.168.5.10:9618?addrs=192.168.5.10-9618+[--1]-9618&noUDP&sock=2698_7f03_4>
    DAG Node: create_dir_1000-genome_0_local
    pool:local
...
001 (3766.000.000) 03/03 14:10:03 Job executing on host: <192.168.5.10:9618?addrs=192.168.5.10-9618+[--1]-9618&noUDP&sock=2749_ab49_3104>
...
005 (3766.000.000) 03/03 14:10:05 Job terminated.
	(1) Normal termination (return value 0)
		Usr 0 00:00:00, Sys 0 00:00:00  -  Run Remote Usage
		Usr 0 00:00:00, Sys 0 00:00:00  -  Run Local Usage
		Usr 0 00:00:00, Sys 0 00:00:00  -  Total Remote Usage
		Usr 0 00:00:00, Sys 0 00:00:00  -  Total Local Usage
	0  -  Run Bytes Sent By Job
	0  -  Run Bytes Received By Job
	0  -  Total Bytes Sent By Job
	0  -  Total Bytes Received By Job
...
000 (3767.000.000) 03/03 14:10:16 Job submitted from host: <192.168.5.10:9618?addrs=192.168.5.10-9618+[--1]-9618&noUDP&sock=2698_7f03_4>
    DAG Node: stage_in_remote_local_2_0
    pool:local
...
000 (3768.000.000) 03/03 14:10:16 Job submitted from host: <192.168.5.10:9618?addrs=192.168.5.10-9618+[--1]-9618&noUDP&sock=2698_7f03_4>
    DAG Node: stage_in_remote_local_1_0
    pool:local
...
001 (3767.000.000) 03/03 14:10:16 Job executing on host: <192.168.5.10:9618?addrs=192.168.5.10-9618+[--1]-9618&noUDP&sock=2749_ab49_3105>
...
000 (3769.000.000) 03/03 14:10:16 Job submitted from host: <192.168.5.10:9618?addrs=192.168.5.10-9618+[--1]-9618&noUDP&sock=2698_7f03_4>
    DAG Node: stage_in_remote_local_0_0
    pool:local
...
000 (3770.000.000) 03/03 14:10:16 Job submitted from host: <192.168.5.10:9618?addrs=192.168.5.10-9618+[--1]-9618&noUDP&sock=2698_7f03_4>
    DAG Node: stage_in_local_local_0_0
    pool:local
...
000 (3771.000.000) 03/03 14:10:16 Job submitted from host: <192.168.5.10:9618?addrs=192.168.5.10-9618+[--1]-9618&noUDP&sock=2698_7f03_4>
    DAG Node: stage_in_local_local_2_0
    pool:local
...
005 (3767.000.000) 03/03 14:10:18 Job terminated.
	(1) Normal termination (return value 0)
		Usr 0 00:00:00, Sys 0 00:00:00  -  Run Remote Usage
		Usr 0 00:00:00, Sys 0 00:00:00  -  Run Local Usage
		Usr 0 00:00:00, Sys 0 00:00:00  -  Total Remote Usage
		Usr 0 00:00:00, Sys 0 00:00:00  -  Total Local Usage
	0  -  Run Bytes Sent By Job
	0  -  Run Bytes Received By Job
	0  -  Total Bytes Sent By Job
	0  -  Total Bytes Received By Job
...
001 (3771.000.000) 03/03 14:10:18 Job executing on host: <192.168.5.10:9618?addrs=192.168.5.10-9618+[--1]-9618&noUDP&sock=2749_ab49_3106>
...
001 (3770.000.000) 03/03 14:10:18 Job executing on host: <192.168.5.10:9618?addrs=192.168.5.10-9618+[--1]-9618&noUDP&sock=2749_ab49_3107>
...
001 (3769.000.000) 03/03 14:10:18 Job executing on host: <192.168.5.10:9618?addrs=192.168.5.10-9618+[--1]-9618&noUDP&sock=2749_ab49_3108>
...
001 (3768.000.000) 03/03 14:10:18 Job executing on host: <192.168.5.10:9618?addrs=192.168.5.10-9618+[--1]-9618&noUDP&sock=2749_ab49_3109>
...
005 (3768.000.000) 03/03 14:10:20 Job terminated.
	(1) Normal termination (return value 0)
		Usr 0 00:00:00, Sys 0 00:00:00  -  Run Remote Usage
		Usr 0 00:00:00, Sys 0 00:00:00  -  Run Local Usage
		Usr 0 00:00:00, Sys 0 00:00:00  -  Total Remote Usage
		Usr 0 00:00:00, Sys 0 00:00:00  -  Total Local Usage
	0  -  Run Bytes Sent By Job
	0  -  Run Bytes Received By Job
	0  -  Total Bytes Sent By Job
	0  -  Total Bytes Received By Job
...
000 (3772.000.000) 03/03 14:10:21 Job submitted from host: <192.168.5.10:9618?addrs=192.168.5.10-9618+[--1]-9618&noUDP&sock=2698_7f03_4>
    DAG Node: stage_in_local_local_2_1
    pool:local
...
000 (3773.000.000) 03/03 14:10:21 Job submitted from host: <192.168.5.10:9618?addrs=192.168.5.10-9618+[--1]-9618&noUDP&sock=2698_7f03_4>
    DAG Node: stage_in_remote_local_2_1
    pool:local
...
005 (3770.000.000) 03/03 14:10:22 Job terminated.
	(1) Normal termination (return value 0)
		Usr 0 00:00:00, Sys 0 00:00:00  -  Run Remote Usage
		Usr 0 00:00:00, Sys 0 00:00:00  -  Run Local Usage
		Usr 0 00:00:00, Sys 0 00:00:00  -  Total Remote Usage
		Usr 0 00:00:00, Sys 0 00:00:00  -  Total Local Usage
	0  -  Run Bytes Sent By Job
	0  -  Run Bytes Received By Job
	0  -  Total Bytes Sent By Job
	0  -  Total Bytes Received By Job
...
005 (3771.000.000) 03/03 14:10:22 Job terminated.
	(1) Normal termination (return value 0)
		Usr 0 00:00:00, Sys 0 00:00:00  -  Run Remote Usage
		Usr 0 00:00:00, Sys 0 00:00:00  -  Run Local Usage
		Usr 0 00:00:00, Sys 0 00:00:00  -  Total Remote Usage
		Usr 0 00:00:00, Sys 0 00:00:00  -  Total Local Usage
	0  -  Run Bytes Sent By Job
	0  -  Run Bytes Received By Job
	0  -  Total Bytes Sent By Job
	0  -  Total Bytes Received By Job
...
005 (3769.000.000) 03/03 14:10:22 Job terminated.
	(1) Normal termination (return value 0)
		Usr 0 00:00:00, Sys 0 00:00:00  -  Run Remote Usage
		Usr 0 00:00:00, Sys 0 00:00:00  -  Run Local Usage
		Usr 0 00:00:00, Sys 0 00:00:00  -  Total Remote Usage
		Usr 0 00:00:00, Sys 0 00:00:00  -  Total Local Usage
	0  -  Run Bytes Sent By Job
	0  -  Run Bytes Received By Job
	0  -  Total Bytes Sent By Job
	0  -  Total Bytes Received By Job
...
001 (3773.000.000) 03/03 14:10:22 Job executing on host: <192.168.5.10:9618?addrs=192.168.5.10-9618+[--1]-9618&noUDP&sock=2749_ab49_3110>
...
001 (3772.000.000) 03/03 14:10:22 Job executing on host: <192.168.5.10:9618?addrs=192.168.5.10-9618+[--1]-9618&noUDP&sock=2749_ab49_3111>
...
005 (3773.000.000) 03/03 14:10:25 Job terminated.
	(1) Normal termination (return value 0)
		Usr 0 00:00:00, Sys 0 00:00:00  -  Run Remote Usage
		Usr 0 00:00:00, Sys 0 00:00:00  -  Run Local Usage
		Usr 0 00:00:00, Sys 0 00:00:00  -  Total Remote Usage
		Usr 0 00:00:00, Sys 0 00:00:00  -  Total Local Usage
	0  -  Run Bytes Sent By Job
	0  -  Run Bytes Received By Job
	0  -  Total Bytes Sent By Job
	0  -  Total Bytes Received By Job
...
005 (3772.000.000) 03/03 14:10:27 Job terminated.
	(1) Normal termination (return value 0)
		Usr 0 00:00:00, Sys 0 00:00:00  -  Run Remote Usage
		Usr 0 00:00:00, Sys 0 00:00:00  -  Run Local Usage
		Usr 0 00:00:00, Sys 0 00:00:00  -  Total Remote Usage
		Usr 0 00:00:00, Sys 0 00:00:00  -  Total Local Usage
	0  -  Run Bytes Sent By Job
	0  -  Run Bytes Received By Job
	0  -  Total Bytes Sent By Job
	0  -  Total Bytes Received By Job
...
000 (3774.000.000) 03/03 14:10:36 Job submitted from host: <192.168.5.10:9618?addrs=192.168.5.10-9618+[--1]-9618&noUDP&sock=2698_7f03_4>
    DAG Node: individuals_ID0000004
    pool:condorpool
...
000 (3775.000.000) 03/03 14:10:36 Job submitted from host: <192.168.5.10:9618?addrs=192.168.5.10-9618+[--1]-9618&noUDP&sock=2698_7f03_4>
    DAG Node: individuals_ID0000005
    pool:condorpool
...
000 (3776.000.000) 03/03 14:10:36 Job submitted from host: <192.168.5.10:9618?addrs=192.168.5.10-9618+[--1]-9618&noUDP&sock=2698_7f03_4>
    DAG Node: individuals_ID0000006
    pool:condorpool
...
000 (3777.000.000) 03/03 14:10:36 Job submitted from host: <192.168.5.10:9618?addrs=192.168.5.10-9618+[--1]-9618&noUDP&sock=2698_7f03_4>
    DAG Node: individuals_ID0000007
    pool:condorpool
...
000 (3778.000.000) 03/03 14:10:36 Job submitted from host: <192.168.5.10:9618?addrs=192.168.5.10-9618+[--1]-9618&noUDP&sock=2698_7f03_4>
    DAG Node: individuals_ID0000001
    pool:condorpool
...
000 (3779.000.000) 03/03 14:10:41 Job submitted from host: <192.168.5.10:9618?addrs=192.168.5.10-9618+[--1]-9618&noUDP&sock=2698_7f03_4>
    DAG Node: individuals_ID0000002
    pool:condorpool
...
000 (3780.000.000) 03/03 14:10:41 Job submitted from host: <192.168.5.10:9618?addrs=192.168.5.10-9618+[--1]-9618&noUDP&sock=2698_7f03_4>
    DAG Node: individuals_ID0000003
    pool:condorpool
...
000 (3781.000.000) 03/03 14:10:41 Job submitted from host: <192.168.5.10:9618?addrs=192.168.5.10-9618+[--1]-9618&noUDP&sock=2698_7f03_4>
    DAG Node: sifting_ID0000009
    pool:condorpool
...
001 (3776.000.000) 03/03 14:11:03 Job executing on host: <192.168.5.101:9618?addrs=192.168.5.101-9618+[--1]-9618&noUDP&sock=16636_ce09_3>
...
001 (3774.000.000) 03/03 14:11:03 Job executing on host: <192.168.5.101:9618?addrs=192.168.5.101-9618+[--1]-9618&noUDP&sock=16636_ce09_3>
...
001 (3777.000.000) 03/03 14:11:04 Job executing on host: <192.168.5.101:9618?addrs=192.168.5.101-9618+[--1]-9618&noUDP&sock=16636_ce09_3>
...
001 (3775.000.000) 03/03 14:11:04 Job executing on host: <192.168.5.101:9618?addrs=192.168.5.101-9618+[--1]-9618&noUDP&sock=16636_ce09_3>
...
006 (3776.000.000) 03/03 14:11:12 Image size of job updated: 20776
	11  -  MemoryUsage of job (MB)
	10888  -  ResidentSetSize of job (KB)
...
006 (3774.000.000) 03/03 14:11:12 Image size of job updated: 20776
	11  -  MemoryUsage of job (MB)
	10928  -  ResidentSetSize of job (KB)
...
006 (3775.000.000) 03/03 14:11:12 Image size of job updated: 2
	5  -  MemoryUsage of job (MB)
	5092  -  ResidentSetSize of job (KB)
...
006 (3777.000.000) 03/03 14:11:13 Image size of job updated: 5112
	3  -  MemoryUsage of job (MB)
	2552  -  ResidentSetSize of job (KB)
...
006 (3776.000.000) 03/03 14:16:12 Image size of job updated: 362260
	345  -  MemoryUsage of job (MB)
	352456  -  ResidentSetSize of job (KB)
...
006 (3774.000.000) 03/03 14:16:12 Image size of job updated: 362852
	345  -  MemoryUsage of job (MB)
	352932  -  ResidentSetSize of job (KB)
...
006 (3775.000.000) 03/03 14:16:12 Image size of job updated: 363064
	346  -  MemoryUsage of job (MB)
	353284  -  ResidentSetSize of job (KB)
...
006 (3777.000.000) 03/03 14:16:13 Image size of job updated: 362844
	345  -  MemoryUsage of job (MB)
	353012  -  ResidentSetSize of job (KB)
...
006 (3774.000.000) 03/03 14:21:12 Image size of job updated: 364388
	347  -  MemoryUsage of job (MB)
	354476  -  ResidentSetSize of job (KB)
...
006 (3775.000.000) 03/03 14:21:13 Image size of job updated: 364600
	347  -  MemoryUsage of job (MB)
	354828  -  ResidentSetSize of job (KB)
...
006 (3776.000.000) 03/03 14:21:13 Image size of job updated: 363028
	345  -  MemoryUsage of job (MB)
	353232  -  ResidentSetSize of job (KB)
...
006 (3777.000.000) 03/03 14:21:13 Image size of job updated: 364636
	347  -  MemoryUsage of job (MB)
	354812  -  ResidentSetSize of job (KB)
...
006 (3774.000.000) 03/03 14:26:12 Image size of job updated: 365668
	348  -  MemoryUsage of job (MB)
	355764  -  ResidentSetSize of job (KB)
...
006 (3775.000.000) 03/03 14:26:13 Image size of job updated: 366392
	349  -  MemoryUsage of job (MB)
	356628  -  ResidentSetSize of job (KB)
...
006 (3776.000.000) 03/03 14:26:13 Image size of job updated: 364564
	347  -  MemoryUsage of job (MB)
	354780  -  ResidentSetSize of job (KB)
...
006 (3777.000.000) 03/03 14:26:15 Image size of job updated: 367452
	350  -  MemoryUsage of job (MB)
	357960  -  ResidentSetSize of job (KB)
...
006 (3774.000.000) 03/03 14:31:12 Image size of job updated: 367204
	349  -  MemoryUsage of job (MB)
	357324  -  ResidentSetSize of job (KB)
...
006 (3775.000.000) 03/03 14:31:13 Image size of job updated: 367928
	350  -  MemoryUsage of job (MB)
	358204  -  ResidentSetSize of job (KB)
...
006 (3776.000.000) 03/03 14:31:13 Image size of job updated: 365420
	348  -  MemoryUsage of job (MB)
	355564  -  ResidentSetSize of job (KB)
...
006 (3777.000.000) 03/03 14:31:15 Image size of job updated: 369356
	352  -  MemoryUsage of job (MB)
	359804  -  ResidentSetSize of job (KB)
...
006 (3774.000.000) 03/03 14:36:13 Image size of job updated: 368484
	351  -  MemoryUsage of job (MB)
	358632  -  ResidentSetSize of job (KB)
...
006 (3775.000.000) 03/03 14:36:13 Image size of job updated: 368952
	351  -  MemoryUsage of job (MB)
	359240  -  ResidentSetSize of job (KB)
...
006 (3776.000.000) 03/03 14:36:14 Image size of job updated: 366188
	348  -  MemoryUsage of job (MB)
	356332  -  ResidentSetSize of job (KB)
...
006 (3777.000.000) 03/03 14:36:15 Image size of job updated: 370892
	353  -  MemoryUsage of job (MB)
	361116  -  ResidentSetSize of job (KB)
...
006 (3774.000.000) 03/03 14:41:13 Image size of job updated: 370020
	352  -  MemoryUsage of job (MB)
	360168  -  ResidentSetSize of job (KB)
...
006 (3775.000.000) 03/03 14:41:13 Image size of job updated: 370824
	353  -  MemoryUsage of job (MB)
	361036  -  ResidentSetSize of job (KB)
...
006 (3776.000.000) 03/03 14:41:14 Image size of job updated: 366956
	349  -  MemoryUsage of job (MB)
	357088  -  ResidentSetSize of job (KB)
...
006 (3777.000.000) 03/03 14:41:16 Image size of job updated: 373564
	356  -  MemoryUsage of job (MB)
	363740  -  ResidentSetSize of job (KB)
...
006 (3775.000.000) 03/03 14:46:14 Image size of job updated: 372872
	355  -  MemoryUsage of job (MB)
	363076  -  ResidentSetSize of job (KB)
...
006 (3776.000.000) 03/03 14:46:14 Image size of job updated: 368492
	351  -  MemoryUsage of job (MB)
	358528  -  ResidentSetSize of job (KB)
...
006 (3774.000.000) 03/03 14:46:14 Image size of job updated: 371668
	354  -  MemoryUsage of job (MB)
	361672  -  ResidentSetSize of job (KB)
...
006 (3777.000.000) 03/03 14:46:17 Image size of job updated: 376892
	359  -  MemoryUsage of job (MB)
	367108  -  ResidentSetSize of job (KB)
...
006 (3775.000.000) 03/03 14:51:14 Image size of job updated: 375028
	357  -  MemoryUsage of job (MB)
	364896  -  ResidentSetSize of job (KB)
...
006 (3776.000.000) 03/03 14:51:14 Image size of job updated: 369516
	351  -  MemoryUsage of job (MB)
	359268  -  ResidentSetSize of job (KB)
...
006 (3774.000.000) 03/03 14:51:14 Image size of job updated: 373204
	355  -  MemoryUsage of job (MB)
	362968  -  ResidentSetSize of job (KB)
...
006 (3777.000.000) 03/03 14:51:17 Image size of job updated: 379812
	362  -  MemoryUsage of job (MB)
	369756  -  ResidentSetSize of job (KB)
...
006 (3775.000.000) 03/03 14:56:14 Image size of job updated: 377076
	359  -  MemoryUsage of job (MB)
	366980  -  ResidentSetSize of job (KB)
...
006 (3776.000.000) 03/03 14:56:15 Image size of job updated: 371308
	353  -  MemoryUsage of job (MB)
	361060  -  ResidentSetSize of job (KB)
...
006 (3774.000.000) 03/03 14:56:15 Image size of job updated: 375508
	357  -  MemoryUsage of job (MB)
	365320  -  ResidentSetSize of job (KB)
...
006 (3777.000.000) 03/03 14:56:17 Image size of job updated: 383252
	365  -  MemoryUsage of job (MB)
	373168  -  ResidentSetSize of job (KB)
...
006 (3775.000.000) 03/03 15:01:14 Image size of job updated: 379124
	361  -  MemoryUsage of job (MB)
	369056  -  ResidentSetSize of job (KB)
...
006 (3776.000.000) 03/03 15:01:15 Image size of job updated: 373100
	355  -  MemoryUsage of job (MB)
	362852  -  ResidentSetSize of job (KB)
...
006 (3774.000.000) 03/03 15:01:15 Image size of job updated: 378408
	360  -  MemoryUsage of job (MB)
	368196  -  ResidentSetSize of job (KB)
...
006 (3777.000.000) 03/03 15:01:17 Image size of job updated: 386324
	368  -  MemoryUsage of job (MB)
	376312  -  ResidentSetSize of job (KB)
...
006 (3775.000.000) 03/03 15:06:15 Image size of job updated: 381684
	363  -  MemoryUsage of job (MB)
	371596  -  ResidentSetSize of job (KB)
...
006 (3776.000.000) 03/03 15:06:15 Image size of job updated: 375404
	357  -  MemoryUsage of job (MB)
	365108  -  ResidentSetSize of job (KB)
...
006 (3774.000.000) 03/03 15:06:15 Image size of job updated: 381848
	363  -  MemoryUsage of job (MB)
	371516  -  ResidentSetSize of job (KB)
...
006 (3777.000.000) 03/03 15:06:18 Image size of job updated: 390020
	371  -  MemoryUsage of job (MB)
	379896  -  ResidentSetSize of job (KB)
...
006 (3776.000.000) 03/03 15:11:15 Image size of job updated: 377452
	359  -  MemoryUsage of job (MB)
	366996  -  ResidentSetSize of job (KB)
...
006 (3775.000.000) 03/03 15:11:15 Image size of job updated: 384100
	365  -  MemoryUsage of job (MB)
	373740  -  ResidentSetSize of job (KB)
...
006 (3774.000.000) 03/03 15:11:16 Image size of job updated: 384920
	366  -  MemoryUsage of job (MB)
	374504  -  ResidentSetSize of job (KB)
...
006 (3777.000.000) 03/03 15:11:18 Image size of job updated: 393444
	375  -  MemoryUsage of job (MB)
	383116  -  ResidentSetSize of job (KB)
...
006 (3776.000.000) 03/03 15:16:15 Image size of job updated: 378832
	360  -  MemoryUsage of job (MB)
	368584  -  ResidentSetSize of job (KB)
...
006 (3774.000.000) 03/03 15:16:16 Image size of job updated: 386840
	368  -  MemoryUsage of job (MB)
	376348  -  ResidentSetSize of job (KB)
...
006 (3775.000.000) 03/03 15:16:16 Image size of job updated: 385636
	367  -  MemoryUsage of job (MB)
	375316  -  ResidentSetSize of job (KB)
...
006 (3777.000.000) 03/03 15:16:18 Image size of job updated: 396112
	377  -  MemoryUsage of job (MB)
	385768  -  ResidentSetSize of job (KB)
...
006 (3776.000.000) 03/03 15:21:15 Image size of job updated: 380112
	361  -  MemoryUsage of job (MB)
	369612  -  ResidentSetSize of job (KB)
...
006 (3774.000.000) 03/03 15:21:16 Image size of job updated: 388376
	370  -  MemoryUsage of job (MB)
	377908  -  ResidentSetSize of job (KB)
...
006 (3775.000.000) 03/03 15:21:17 Image size of job updated: 387172
	369  -  MemoryUsage of job (MB)
	376876  -  ResidentSetSize of job (KB)
...
006 (3777.000.000) 03/03 15:21:18 Image size of job updated: 398672
	380  -  MemoryUsage of job (MB)
	388388  -  ResidentSetSize of job (KB)
...
006 (3776.000.000) 03/03 15:26:15 Image size of job updated: 381136
	362  -  MemoryUsage of job (MB)
	370636  -  ResidentSetSize of job (KB)
...
006 (3774.000.000) 03/03 15:26:16 Image size of job updated: 389912
	371  -  MemoryUsage of job (MB)
	379460  -  ResidentSetSize of job (KB)
...
006 (3775.000.000) 03/03 15:26:17 Image size of job updated: 388708
	370  -  MemoryUsage of job (MB)
	378420  -  ResidentSetSize of job (KB)
...
006 (3777.000.000) 03/03 15:26:19 Image size of job updated: 400324
	381  -  MemoryUsage of job (MB)
	389952  -  ResidentSetSize of job (KB)
...
006 (3776.000.000) 03/03 15:31:16 Image size of job updated: 381904
	363  -  MemoryUsage of job (MB)
	371408  -  ResidentSetSize of job (KB)
...
006 (3774.000.000) 03/03 15:31:17 Image size of job updated: 391704
	373  -  MemoryUsage of job (MB)
	381280  -  ResidentSetSize of job (KB)
...
006 (3775.000.000) 03/03 15:31:17 Image size of job updated: 390616
	372  -  MemoryUsage of job (MB)
	380240  -  ResidentSetSize of job (KB)
...
006 (3777.000.000) 03/03 15:31:19 Image size of job updated: 402884
	384  -  MemoryUsage of job (MB)
	392580  -  ResidentSetSize of job (KB)
...
006 (3776.000.000) 03/03 15:36:16 Image size of job updated: 383440
	365  -  MemoryUsage of job (MB)
	372944  -  ResidentSetSize of job (KB)
...
006 (3774.000.000) 03/03 15:36:17 Image size of job updated: 394092
	375  -  MemoryUsage of job (MB)
	383632  -  ResidentSetSize of job (KB)
...
006 (3775.000.000) 03/03 15:36:18 Image size of job updated: 393176
	374  -  MemoryUsage of job (MB)
	382848  -  ResidentSetSize of job (KB)
...
006 (3777.000.000) 03/03 15:36:19 Image size of job updated: 406304
	387  -  MemoryUsage of job (MB)
	395992  -  ResidentSetSize of job (KB)
...
006 (3776.000.000) 03/03 15:41:16 Image size of job updated: 385232
	366  -  MemoryUsage of job (MB)
	374740  -  ResidentSetSize of job (KB)
...
006 (3774.000.000) 03/03 15:41:17 Image size of job updated: 395628
	377  -  MemoryUsage of job (MB)
	385204  -  ResidentSetSize of job (KB)
...
006 (3775.000.000) 03/03 15:41:18 Image size of job updated: 395224
	376  -  MemoryUsage of job (MB)
	384912  -  ResidentSetSize of job (KB)
...
006 (3777.000.000) 03/03 15:41:20 Image size of job updated: 409716
	391  -  MemoryUsage of job (MB)
	399388  -  ResidentSetSize of job (KB)
...
006 (3776.000.000) 03/03 15:46:17 Image size of job updated: 387024
	368  -  MemoryUsage of job (MB)
	376564  -  ResidentSetSize of job (KB)
...
006 (3774.000.000) 03/03 15:46:18 Image size of job updated: 399072
	380  -  MemoryUsage of job (MB)
	388600  -  ResidentSetSize of job (KB)
...
006 (3775.000.000) 03/03 15:46:18 Image size of job updated: 397528
	379  -  MemoryUsage of job (MB)
	387240  -  ResidentSetSize of job (KB)
...
006 (3777.000.000) 03/03 15:46:20 Image size of job updated: 413392
	394  -  MemoryUsage of job (MB)
	403048  -  ResidentSetSize of job (KB)
...
006 (3776.000.000) 03/03 15:51:17 Image size of job updated: 389072
	370  -  MemoryUsage of job (MB)
	378624  -  ResidentSetSize of job (KB)
...
006 (3774.000.000) 03/03 15:51:18 Image size of job updated: 401376
	382  -  MemoryUsage of job (MB)
	390948  -  ResidentSetSize of job (KB)
...
006 (3775.000.000) 03/03 15:51:19 Image size of job updated: 399424
	380  -  MemoryUsage of job (MB)
	389060  -  ResidentSetSize of job (KB)
...
006 (3777.000.000) 03/03 15:51:20 Image size of job updated: 415696
	396  -  MemoryUsage of job (MB)
	405404  -  ResidentSetSize of job (KB)
...
006 (3776.000.000) 03/03 15:56:18 Image size of job updated: 390096
	371  -  MemoryUsage of job (MB)
	379656  -  ResidentSetSize of job (KB)
...
006 (3774.000.000) 03/03 15:56:19 Image size of job updated: 403268
	384  -  MemoryUsage of job (MB)
	392772  -  ResidentSetSize of job (KB)
...
006 (3775.000.000) 03/03 15:56:19 Image size of job updated: 400704
	382  -  MemoryUsage of job (MB)
	390368  -  ResidentSetSize of job (KB)
...
006 (3777.000.000) 03/03 15:56:21 Image size of job updated: 417092
	398  -  MemoryUsage of job (MB)
	406716  -  ResidentSetSize of job (KB)
...
006 (3776.000.000) 03/03 16:01:17 Image size of job updated: 390976
	372  -  MemoryUsage of job (MB)
	380440  -  ResidentSetSize of job (KB)
...
006 (3774.000.000) 03/03 16:01:19 Image size of job updated: 405060
	386  -  MemoryUsage of job (MB)
	394596  -  ResidentSetSize of job (KB)
...
006 (3775.000.000) 03/03 16:01:19 Image size of job updated: 401984
	383  -  MemoryUsage of job (MB)
	391660  -  ResidentSetSize of job (KB)
...
006 (3777.000.000) 03/03 16:01:21 Image size of job updated: 419396
	400  -  MemoryUsage of job (MB)
	409060  -  ResidentSetSize of job (KB)
...
006 (3777.000.000) 03/03 16:02:07 Image size of job updated: 421604
	400  -  MemoryUsage of job (MB)
	409060  -  ResidentSetSize of job (KB)
...
005 (3777.000.000) 03/03 16:02:07 Job terminated.
	(1) Normal termination (return value 0)
		Usr 0 01:48:39, Sys 0 00:00:35  -  Run Remote Usage
		Usr 0 00:00:00, Sys 0 00:00:00  -  Run Local Usage
		Usr 0 01:48:39, Sys 0 00:00:35  -  Total Remote Usage
		Usr 0 00:00:00, Sys 0 00:00:00  -  Total Local Usage
	1263382  -  Run Bytes Sent By Job
	302565088  -  Run Bytes Received By Job
	1263382  -  Total Bytes Sent By Job
	302565088  -  Total Bytes Received By Job
	Partitionable Resources :    Usage  Request Allocated
	   Cpus                 :                 1         1
	   Disk (KB)            :   296718   300000 164690096
	   Memory (MB)          :      400        1       479
...
001 (3778.000.000) 03/03 16:02:56 Job executing on host: <192.168.5.101:9618?addrs=192.168.5.101-9618+[--1]-9618&noUDP&sock=16636_ce09_3>
...
006 (3775.000.000) 03/03 16:03:05 Image size of job updated: 404444
	383  -  MemoryUsage of job (MB)
	391660  -  ResidentSetSize of job (KB)
...
005 (3775.000.000) 03/03 16:03:05 Job terminated.
	(1) Normal termination (return value 0)
		Usr 0 01:49:25, Sys 0 00:00:32  -  Run Remote Usage
		Usr 0 00:00:00, Sys 0 00:00:00  -  Run Local Usage
		Usr 0 01:49:25, Sys 0 00:00:32  -  Total Remote Usage
		Usr 0 00:00:00, Sys 0 00:00:00  -  Total Local Usage
	1158693  -  Run Bytes Sent By Job
	302565088  -  Run Bytes Received By Job
	1158693  -  Total Bytes Sent By Job
	302565088  -  Total Bytes Received By Job
	Partitionable Resources :    Usage  Request Allocated
	   Cpus                 :                 1         1
	   Disk (KB)            :   296616   300000 164690096
	   Memory (MB)          :      383        1       479
...
006 (3778.000.000) 03/03 16:03:05 Image size of job updated: 359280
	342  -  MemoryUsage of job (MB)
	349464  -  ResidentSetSize of job (KB)
...
006 (3774.000.000) 03/03 16:03:09 Image size of job updated: 407768
	386  -  MemoryUsage of job (MB)
	394596  -  ResidentSetSize of job (KB)
...
005 (3774.000.000) 03/03 16:03:09 Job terminated.
	(1) Normal termination (return value 0)
		Usr 0 01:49:27, Sys 0 00:00:33  -  Run Remote Usage
		Usr 0 00:00:00, Sys 0 00:00:00  -  Run Local Usage
		Usr 0 01:49:27, Sys 0 00:00:33  -  Total Remote Usage
		Usr 0 00:00:00, Sys 0 00:00:00  -  Total Local Usage
	1093717  -  Run Bytes Sent By Job
	302565088  -  Run Bytes Received By Job
	1093717  -  Total Bytes Sent By Job
	302565088  -  Total Bytes Received By Job
	Partitionable Resources :    Usage  Request Allocated
	   Cpus                 :                 1         1
	   Disk (KB)            :   296552   300000 164690096
	   Memory (MB)          :      386        1       479
...
001 (3779.000.000) 03/03 16:04:01 Job executing on host: <192.168.5.101:9618?addrs=192.168.5.101-9618+[--1]-9618&noUDP&sock=16636_ce09_3>
...
001 (3780.000.000) 03/03 16:04:01 Job executing on host: <192.168.5.101:9618?addrs=192.168.5.101-9618+[--1]-9618&noUDP&sock=16636_ce09_3>
...
006 (3779.000.000) 03/03 16:04:09 Image size of job updated: 4980
	3  -  MemoryUsage of job (MB)
	2276  -  ResidentSetSize of job (KB)
...
006 (3780.000.000) 03/03 16:04:09 Image size of job updated: 2
	5  -  MemoryUsage of job (MB)
	5060  -  ResidentSetSize of job (KB)
...
006 (3776.000.000) 03/03 16:04:27 Image size of job updated: 393396
	372  -  MemoryUsage of job (MB)
	380440  -  ResidentSetSize of job (KB)
...
005 (3776.000.000) 03/03 16:04:27 Job terminated.
	(1) Normal termination (return value 0)
		Usr 0 01:50:01, Sys 0 00:01:17  -  Run Remote Usage
		Usr 0 00:00:00, Sys 0 00:00:00  -  Run Local Usage
		Usr 0 01:50:01, Sys 0 00:01:17  -  Total Remote Usage
		Usr 0 00:00:00, Sys 0 00:00:00  -  Total Local Usage
	805210  -  Run Bytes Sent By Job
	302565088  -  Run Bytes Received By Job
	805210  -  Total Bytes Sent By Job
	302565088  -  Total Bytes Received By Job
	Partitionable Resources :    Usage  Request Allocated
	   Cpus                 :                 1         1
	   Disk (KB)            :   296270   300000 164690096
	   Memory (MB)          :      372        1       479
...
001 (3781.000.000) 03/03 16:04:53 Job executing on host: <192.168.5.101:9618?addrs=192.168.5.101-9618+[--1]-9618&noUDP&sock=16636_ce09_3>
...
006 (3781.000.000) 03/03 16:04:54 Image size of job updated: 2
	0  -  MemoryUsage of job (MB)
	0  -  ResidentSetSize of job (KB)
...
005 (3781.000.000) 03/03 16:04:54 Job terminated.
	(1) Normal termination (return value 0)
		Usr 0 00:00:00, Sys 0 00:00:00  -  Run Remote Usage
		Usr 0 00:00:00, Sys 0 00:00:00  -  Run Local Usage
		Usr 0 00:00:00, Sys 0 00:00:00  -  Total Remote Usage
		Usr 0 00:00:00, Sys 0 00:00:00  -  Total Local Usage
	37861  -  Run Bytes Sent By Job
	8146055  -  Run Bytes Received By Job
	37861  -  Total Bytes Sent By Job
	8146055  -  Total Bytes Received By Job
	Partitionable Resources :    Usage  Request Allocated
	   Cpus                 :                 1         1
	   Disk (KB)            :     8003    10000 164690096
	   Memory (MB)          :        0        1       479
...
006 (3778.000.000) 03/03 16:08:07 Image size of job updated: 360304
	343  -  MemoryUsage of job (MB)
	350432  -  ResidentSetSize of job (KB)
...
006 (3779.000.000) 03/03 16:09:09 Image size of job updated: 363016
	346  -  MemoryUsage of job (MB)
	353320  -  ResidentSetSize of job (KB)
...
006 (3780.000.000) 03/03 16:09:09 Image size of job updated: 363112
	345  -  MemoryUsage of job (MB)
	353156  -  ResidentSetSize of job (KB)
...
006 (3778.000.000) 03/03 16:13:07 Image size of job updated: 361584
	344  -  MemoryUsage of job (MB)
	351712  -  ResidentSetSize of job (KB)
...
006 (3779.000.000) 03/03 16:14:10 Image size of job updated: 364552
	347  -  MemoryUsage of job (MB)
	354868  -  ResidentSetSize of job (KB)
...
006 (3780.000.000) 03/03 16:14:10 Image size of job updated: 364648
	347  -  MemoryUsage of job (MB)
	354708  -  ResidentSetSize of job (KB)
...
006 (3778.000.000) 03/03 16:18:07 Image size of job updated: 362864
	345  -  MemoryUsage of job (MB)
	353012  -  ResidentSetSize of job (KB)
...
006 (3779.000.000) 03/03 16:19:11 Image size of job updated: 366692
	349  -  MemoryUsage of job (MB)
	356940  -  ResidentSetSize of job (KB)
...
006 (3780.000.000) 03/03 16:19:11 Image size of job updated: 366184
	348  -  MemoryUsage of job (MB)
	356260  -  ResidentSetSize of job (KB)
...
006 (3778.000.000) 03/03 16:23:08 Image size of job updated: 364144
	346  -  MemoryUsage of job (MB)
	354300  -  ResidentSetSize of job (KB)
...
006 (3779.000.000) 03/03 16:24:11 Image size of job updated: 368228
	351  -  MemoryUsage of job (MB)
	358732  -  ResidentSetSize of job (KB)
...
006 (3780.000.000) 03/03 16:24:11 Image size of job updated: 367976
	350  -  MemoryUsage of job (MB)
	358088  -  ResidentSetSize of job (KB)
...
006 (3778.000.000) 03/03 16:28:08 Image size of job updated: 365168
	347  -  MemoryUsage of job (MB)
	355324  -  ResidentSetSize of job (KB)
...
006 (3780.000.000) 03/03 16:29:12 Image size of job updated: 369512
	352  -  MemoryUsage of job (MB)
	359636  -  ResidentSetSize of job (KB)
...
006 (3779.000.000) 03/03 16:29:12 Image size of job updated: 369764
	352  -  MemoryUsage of job (MB)
	360016  -  ResidentSetSize of job (KB)
...
006 (3778.000.000) 03/03 16:33:09 Image size of job updated: 366960
	349  -  MemoryUsage of job (MB)
	357136  -  ResidentSetSize of job (KB)
...
006 (3780.000.000) 03/03 16:34:12 Image size of job updated: 371412
	354  -  MemoryUsage of job (MB)
	361476  -  ResidentSetSize of job (KB)
...
006 (3779.000.000) 03/03 16:34:12 Image size of job updated: 372068
	355  -  MemoryUsage of job (MB)
	362608  -  ResidentSetSize of job (KB)
...
006 (3778.000.000) 03/03 16:38:09 Image size of job updated: 368496
	351  -  MemoryUsage of job (MB)
	358660  -  ResidentSetSize of job (KB)
...
006 (3779.000.000) 03/03 16:39:13 Image size of job updated: 374372
	357  -  MemoryUsage of job (MB)
	364680  -  ResidentSetSize of job (KB)
...
006 (3780.000.000) 03/03 16:39:13 Image size of job updated: 373460
	356  -  MemoryUsage of job (MB)
	363556  -  ResidentSetSize of job (KB)
...
006 (3778.000.000) 03/03 16:43:09 Image size of job updated: 370544
	353  -  MemoryUsage of job (MB)
	360708  -  ResidentSetSize of job (KB)
...
006 (3780.000.000) 03/03 16:44:13 Image size of job updated: 376276
	358  -  MemoryUsage of job (MB)
	366436  -  ResidentSetSize of job (KB)
...
006 (3779.000.000) 03/03 16:44:13 Image size of job updated: 377544
	360  -  MemoryUsage of job (MB)
	367816  -  ResidentSetSize of job (KB)
...
006 (3778.000.000) 03/03 16:48:09 Image size of job updated: 373360
	356  -  MemoryUsage of job (MB)
	363544  -  ResidentSetSize of job (KB)
...
006 (3780.000.000) 03/03 16:49:13 Image size of job updated: 379688
	362  -  MemoryUsage of job (MB)
	369832  -  ResidentSetSize of job (KB)
...
006 (3779.000.000) 03/03 16:49:13 Image size of job updated: 380708
	363  -  MemoryUsage of job (MB)
	370948  -  ResidentSetSize of job (KB)
...
006 (3778.000.000) 03/03 16:53:10 Image size of job updated: 376292
	358  -  MemoryUsage of job (MB)
	366400  -  ResidentSetSize of job (KB)
...
006 (3779.000.000) 03/03 16:54:13 Image size of job updated: 384656
	367  -  MemoryUsage of job (MB)
	374916  -  ResidentSetSize of job (KB)
...
006 (3780.000.000) 03/03 16:54:13 Image size of job updated: 383880
	366  -  MemoryUsage of job (MB)
	374028  -  ResidentSetSize of job (KB)
...
006 (3778.000.000) 03/03 16:58:10 Image size of job updated: 377572
	360  -  MemoryUsage of job (MB)
	367732  -  ResidentSetSize of job (KB)
...
006 (3780.000.000) 03/03 16:59:14 Image size of job updated: 385792
	368  -  MemoryUsage of job (MB)
	376116  -  ResidentSetSize of job (KB)
...
006 (3779.000.000) 03/03 16:59:14 Image size of job updated: 387216
	369  -  MemoryUsage of job (MB)
	377484  -  ResidentSetSize of job (KB)
...
006 (3778.000.000) 03/03 17:03:10 Image size of job updated: 379108
	361  -  MemoryUsage of job (MB)
	369268  -  ResidentSetSize of job (KB)
...
006 (3780.000.000) 03/03 17:04:14 Image size of job updated: 387584
	369  -  MemoryUsage of job (MB)
	377684  -  ResidentSetSize of job (KB)
...
006 (3779.000.000) 03/03 17:04:14 Image size of job updated: 389008
	371  -  MemoryUsage of job (MB)
	379296  -  ResidentSetSize of job (KB)
...
006 (3778.000.000) 03/03 17:08:10 Image size of job updated: 380644
	363  -  MemoryUsage of job (MB)
	370804  -  ResidentSetSize of job (KB)
...
006 (3780.000.000) 03/03 17:09:14 Image size of job updated: 389120
	371  -  MemoryUsage of job (MB)
	379232  -  ResidentSetSize of job (KB)
...
006 (3779.000.000) 03/03 17:09:14 Image size of job updated: 390800
	373  -  MemoryUsage of job (MB)
	381100  -  ResidentSetSize of job (KB)
...
006 (3778.000.000) 03/03 17:13:11 Image size of job updated: 382436
	364  -  MemoryUsage of job (MB)
	372596  -  ResidentSetSize of job (KB)
...
006 (3780.000.000) 03/03 17:14:15 Image size of job updated: 390912
	373  -  MemoryUsage of job (MB)
	381056  -  ResidentSetSize of job (KB)
...
006 (3779.000.000) 03/03 17:14:15 Image size of job updated: 392848
	375  -  MemoryUsage of job (MB)
	383164  -  ResidentSetSize of job (KB)
...
006 (3778.000.000) 03/03 17:18:11 Image size of job updated: 384740
	367  -  MemoryUsage of job (MB)
	374920  -  ResidentSetSize of job (KB)
...
006 (3779.000.000) 03/03 17:19:15 Image size of job updated: 395784
	377  -  MemoryUsage of job (MB)
	386044  -  ResidentSetSize of job (KB)
...
006 (3780.000.000) 03/03 17:19:15 Image size of job updated: 393332
	375  -  MemoryUsage of job (MB)
	383408  -  ResidentSetSize of job (KB)
...
006 (3778.000.000) 03/03 17:23:11 Image size of job updated: 387044
	369  -  MemoryUsage of job (MB)
	377244  -  ResidentSetSize of job (KB)
...
006 (3779.000.000) 03/03 17:24:15 Image size of job updated: 399112
	381  -  MemoryUsage of job (MB)
	389432  -  ResidentSetSize of job (KB)
...
006 (3780.000.000) 03/03 17:24:16 Image size of job updated: 396916
	378  -  MemoryUsage of job (MB)
	387072  -  ResidentSetSize of job (KB)
...
006 (3778.000.000) 03/03 17:28:12 Image size of job updated: 388924
	371  -  MemoryUsage of job (MB)
	379056  -  ResidentSetSize of job (KB)
...
006 (3779.000.000) 03/03 17:29:16 Image size of job updated: 402028
	384  -  MemoryUsage of job (MB)
	392300  -  ResidentSetSize of job (KB)
...
006 (3780.000.000) 03/03 17:29:16 Image size of job updated: 399568
	381  -  MemoryUsage of job (MB)
	389684  -  ResidentSetSize of job (KB)
...
006 (3778.000.000) 03/03 17:33:12 Image size of job updated: 390460
	372  -  MemoryUsage of job (MB)
	380608  -  ResidentSetSize of job (KB)
...
006 (3778.000.000) 03/03 17:33:36 Image size of job updated: 392132
	372  -  MemoryUsage of job (MB)
	380608  -  ResidentSetSize of job (KB)
...
005 (3778.000.000) 03/03 17:33:36 Job terminated.
	(1) Normal termination (return value 0)
		Usr 0 01:29:05, Sys 0 00:00:29  -  Run Remote Usage
		Usr 0 00:00:00, Sys 0 00:00:00  -  Run Local Usage
		Usr 0 01:29:05, Sys 0 00:00:29  -  Total Remote Usage
		Usr 0 00:00:00, Sys 0 00:00:00  -  Total Local Usage
	929612  -  Run Bytes Sent By Job
	302565088  -  Run Bytes Received By Job
	929612  -  Total Bytes Sent By Job
	302565088  -  Total Bytes Received By Job
	Partitionable Resources :    Usage  Request Allocated
	   Cpus                 :                 1         1
	   Disk (KB)            :   296392   300000 164690096
	   Memory (MB)          :      372        1       479
...
006 (3780.000.000) 03/03 17:34:16 Image size of job updated: 401872
	383  -  MemoryUsage of job (MB)
	392036  -  ResidentSetSize of job (KB)
...
006 (3779.000.000) 03/03 17:34:16 Image size of job updated: 404332
	386  -  MemoryUsage of job (MB)
	394636  -  ResidentSetSize of job (KB)
...
006 (3780.000.000) 03/03 17:38:50 Image size of job updated: 405424
	383  -  MemoryUsage of job (MB)
	392036  -  ResidentSetSize of job (KB)
...
005 (3780.000.000) 03/03 17:38:50 Job terminated.
	(1) Normal termination (return value 0)
		Usr 0 01:33:04, Sys 0 00:00:38  -  Run Remote Usage
		Usr 0 00:00:00, Sys 0 00:00:00  -  Run Local Usage
		Usr 0 01:33:04, Sys 0 00:00:38  -  Total Remote Usage
		Usr 0 00:00:00, Sys 0 00:00:00  -  Total Local Usage
	1087324  -  Run Bytes Sent By Job
	302565088  -  Run Bytes Received By Job
	1087324  -  Total Bytes Sent By Job
	302565088  -  Total Bytes Received By Job
	Partitionable Resources :    Usage  Request Allocated
	   Cpus                 :                 1         1
	   Disk (KB)            :   296546   300000 164690096
	   Memory (MB)          :      383        1       479
...
006 (3779.000.000) 03/03 17:39:15 Image size of job updated: 407848
	386  -  MemoryUsage of job (MB)
	394636  -  ResidentSetSize of job (KB)
...
005 (3779.000.000) 03/03 17:39:15 Job terminated.
	(1) Normal termination (return value 0)
		Usr 0 01:33:25, Sys 0 00:00:41  -  Run Remote Usage
		Usr 0 00:00:00, Sys 0 00:00:00  -  Run Local Usage
		Usr 0 01:33:25, Sys 0 00:00:41  -  Total Remote Usage
		Usr 0 00:00:00, Sys 0 00:00:00  -  Total Local Usage
	1138416  -  Run Bytes Sent By Job
	302565088  -  Run Bytes Received By Job
	1138416  -  Total Bytes Sent By Job
	302565088  -  Total Bytes Received By Job
	Partitionable Resources :    Usage  Request Allocated
	   Cpus                 :                 1         1
	   Disk (KB)            :   296596   300000 164690096
	   Memory (MB)          :      386        1       479
...
000 (3782.000.000) 03/03 17:39:29 Job submitted from host: <192.168.5.10:9618?addrs=192.168.5.10-9618+[--1]-9618&noUDP&sock=2698_7f03_4>
    DAG Node: individuals_merge_ID0000008
    pool:condorpool
...
001 (3782.000.000) 03/03 17:39:30 Job executing on host: <192.168.5.101:9618?addrs=192.168.5.101-9618+[--1]-9618&noUDP&sock=16636_ce09_3>
...
006 (3782.000.000) 03/03 17:39:38 Image size of job updated: 2
	6  -  MemoryUsage of job (MB)
	5192  -  ResidentSetSize of job (KB)
...
006 (3782.000.000) 03/03 17:44:39 Image size of job updated: 76248
	65  -  MemoryUsage of job (MB)
	65616  -  ResidentSetSize of job (KB)
...
006 (3782.000.000) 03/03 17:49:39 Image size of job updated: 148824
	136  -  MemoryUsage of job (MB)
	138448  -  ResidentSetSize of job (KB)
...
006 (3782.000.000) 03/03 17:51:27 Image size of job updated: 150264
	136  -  MemoryUsage of job (MB)
	138448  -  ResidentSetSize of job (KB)
...
005 (3782.000.000) 03/03 17:51:27 Job terminated.
	(1) Normal termination (return value 0)
		Usr 0 00:01:23, Sys 0 00:00:18  -  Run Remote Usage
		Usr 0 00:00:00, Sys 0 00:00:00  -  Run Local Usage
		Usr 0 00:01:23, Sys 0 00:00:18  -  Total Remote Usage
		Usr 0 00:00:00, Sys 0 00:00:00  -  Total Local Usage
	16408829  -  Run Bytes Sent By Job
	6155747  -  Run Bytes Received By Job
	16408829  -  Total Bytes Sent By Job
	6155747  -  Total Bytes Received By Job
	Partitionable Resources :    Usage  Request Allocated
	   Cpus                 :                 1         1
	   Disk (KB)            :    22047     7500 164690096
	   Memory (MB)          :      136        1       479
...
000 (3783.000.000) 03/03 17:51:40 Job submitted from host: <192.168.5.10:9618?addrs=192.168.5.10-9618+[--1]-9618&noUDP&sock=2698_7f03_4>
    DAG Node: frequency_ID0000013
    pool:condorpool
...
000 (3784.000.000) 03/03 17:51:40 Job submitted from host: <192.168.5.10:9618?addrs=192.168.5.10-9618+[--1]-9618&noUDP&sock=2698_7f03_4>
    DAG Node: mutation_overlap_ID0000020
    pool:condorpool
...
000 (3785.000.000) 03/03 17:51:40 Job submitted from host: <192.168.5.10:9618?addrs=192.168.5.10-9618+[--1]-9618&noUDP&sock=2698_7f03_4>
    DAG Node: mutation_overlap_ID0000022
    pool:condorpool
...
000 (3786.000.000) 03/03 17:51:40 Job submitted from host: <192.168.5.10:9618?addrs=192.168.5.10-9618+[--1]-9618&noUDP&sock=2698_7f03_4>
    DAG Node: frequency_ID0000015
    pool:condorpool
...
000 (3787.000.000) 03/03 17:51:40 Job submitted from host: <192.168.5.10:9618?addrs=192.168.5.10-9618+[--1]-9618&noUDP&sock=2698_7f03_4>
    DAG Node: mutation_overlap_ID0000010
    pool:condorpool
...
001 (3783.000.000) 03/03 17:51:41 Job executing on host: <192.168.5.101:9618?addrs=192.168.5.101-9618+[--1]-9618&noUDP&sock=16636_ce09_3>
...
000 (3788.000.000) 03/03 17:51:45 Job submitted from host: <192.168.5.10:9618?addrs=192.168.5.10-9618+[--1]-9618&noUDP&sock=2698_7f03_4>
    DAG Node: frequency_ID0000021
    pool:condorpool
...
000 (3789.000.000) 03/03 17:51:45 Job submitted from host: <192.168.5.10:9618?addrs=192.168.5.10-9618+[--1]-9618&noUDP&sock=2698_7f03_4>
    DAG Node: frequency_ID0000011
    pool:condorpool
...
000 (3790.000.000) 03/03 17:51:46 Job submitted from host: <192.168.5.10:9618?addrs=192.168.5.10-9618+[--1]-9618&noUDP&sock=2698_7f03_4>
    DAG Node: frequency_ID0000023
    pool:condorpool
...
000 (3791.000.000) 03/03 17:51:46 Job submitted from host: <192.168.5.10:9618?addrs=192.168.5.10-9618+[--1]-9618&noUDP&sock=2698_7f03_4>
    DAG Node: mutation_overlap_ID0000016
    pool:condorpool
...
000 (3792.000.000) 03/03 17:51:46 Job submitted from host: <192.168.5.10:9618?addrs=192.168.5.10-9618+[--1]-9618&noUDP&sock=2698_7f03_4>
    DAG Node: mutation_overlap_ID0000018
    pool:condorpool
...
006 (3783.000.000) 03/03 17:51:50 Image size of job updated: 65440
	42  -  MemoryUsage of job (MB)
	42340  -  ResidentSetSize of job (KB)
...
001 (3785.000.000) 03/03 17:51:50 Job executing on host: <192.168.5.101:9618?addrs=192.168.5.101-9618+[--1]-9618&noUDP&sock=16636_ce09_3>
...
001 (3784.000.000) 03/03 17:51:50 Job executing on host: <192.168.5.101:9618?addrs=192.168.5.101-9618+[--1]-9618&noUDP&sock=16636_ce09_3>
...
001 (3786.000.000) 03/03 17:51:50 Job executing on host: <192.168.5.101:9618?addrs=192.168.5.101-9618+[--1]-9618&noUDP&sock=16636_ce09_3>
...
000 (3793.000.000) 03/03 17:51:51 Job submitted from host: <192.168.5.10:9618?addrs=192.168.5.10-9618+[--1]-9618&noUDP&sock=2698_7f03_4>
    DAG Node: frequency_ID0000017
    pool:condorpool
...
000 (3794.000.000) 03/03 17:51:51 Job submitted from host: <192.168.5.10:9618?addrs=192.168.5.10-9618+[--1]-9618&noUDP&sock=2698_7f03_4>
    DAG Node: mutation_overlap_ID0000012
    pool:condorpool
...
000 (3795.000.000) 03/03 17:51:51 Job submitted from host: <192.168.5.10:9618?addrs=192.168.5.10-9618+[--1]-9618&noUDP&sock=2698_7f03_4>
    DAG Node: frequency_ID0000019
    pool:condorpool
...
000 (3796.000.000) 03/03 17:51:51 Job submitted from host: <192.168.5.10:9618?addrs=192.168.5.10-9618+[--1]-9618&noUDP&sock=2698_7f03_4>
    DAG Node: mutation_overlap_ID0000014
    pool:condorpool
...
006 (3785.000.000) 03/03 17:51:59 Image size of job updated: 64080
	41  -  MemoryUsage of job (MB)
	41344  -  ResidentSetSize of job (KB)
...
006 (3784.000.000) 03/03 17:51:59 Image size of job updated: 64336
	41  -  MemoryUsage of job (MB)
	41332  -  ResidentSetSize of job (KB)
...
006 (3786.000.000) 03/03 17:51:59 Image size of job updated: 64312
	41  -  MemoryUsage of job (MB)
	41348  -  ResidentSetSize of job (KB)
...
006 (3785.000.000) 03/03 17:53:50 Image size of job updated: 66496
	41  -  MemoryUsage of job (MB)
	41344  -  ResidentSetSize of job (KB)
...
005 (3785.000.000) 03/03 17:53:50 Job terminated.
	(1) Normal termination (return value 0)
		Usr 0 00:00:07, Sys 0 00:00:02  -  Run Remote Usage
		Usr 0 00:00:00, Sys 0 00:00:00  -  Run Local Usage
		Usr 0 00:00:07, Sys 0 00:00:02  -  Total Remote Usage
		Usr 0 00:00:00, Sys 0 00:00:00  -  Total Local Usage
	340001  -  Run Bytes Sent By Job
	16504571  -  Run Bytes Received By Job
	340001  -  Total Bytes Sent By Job
	16504571  -  Total Bytes Received By Job
	Partitionable Resources :    Usage  Request Allocated
	   Cpus                 :                 1         1
	   Disk (KB)            :    87789    17500 164690096
	   Memory (MB)          :       41        1       479
...
006 (3784.000.000) 03/03 17:53:54 Image size of job updated: 73600
	41  -  MemoryUsage of job (MB)
	41332  -  ResidentSetSize of job (KB)
...
005 (3784.000.000) 03/03 17:53:54 Job terminated.
	(1) Normal termination (return value 0)
		Usr 0 00:00:11, Sys 0 00:00:02  -  Run Remote Usage
		Usr 0 00:00:00, Sys 0 00:00:00  -  Run Local Usage
		Usr 0 00:00:11, Sys 0 00:00:02  -  Total Remote Usage
		Usr 0 00:00:00, Sys 0 00:00:00  -  Total Local Usage
	383691  -  Run Bytes Sent By Job
	16507644  -  Run Bytes Received By Job
	383691  -  Total Bytes Sent By Job
	16507644  -  Total Bytes Received By Job
	Partitionable Resources :    Usage  Request Allocated
	   Cpus                 :                 1         1
	   Disk (KB)            :    88200    17500 164690096
	   Memory (MB)          :       41        1       479
...
001 (3787.000.000) 03/03 17:55:11 Job executing on host: <192.168.5.101:9618?addrs=192.168.5.101-9618+[--1]-9618&noUDP&sock=16636_ce09_3>
...
001 (3788.000.000) 03/03 17:55:11 Job executing on host: <192.168.5.101:9618?addrs=192.168.5.101-9618+[--1]-9618&noUDP&sock=16636_ce09_3>
...
006 (3787.000.000) 03/03 17:55:20 Image size of job updated: 18560
	5  -  MemoryUsage of job (MB)
	4988  -  ResidentSetSize of job (KB)
...
006 (3788.000.000) 03/03 17:55:20 Image size of job updated: 2
	5  -  MemoryUsage of job (MB)
	4980  -  ResidentSetSize of job (KB)
...
006 (3783.000.000) 03/03 17:56:51 Image size of job updated: 94024
	71  -  MemoryUsage of job (MB)
	71924  -  ResidentSetSize of job (KB)
...
006 (3786.000.000) 03/03 17:57:00 Image size of job updated: 94184
	66  -  MemoryUsage of job (MB)
	67016  -  ResidentSetSize of job (KB)
...
006 (3787.000.000) 03/03 17:57:23 Image size of job updated: 74940
	5  -  MemoryUsage of job (MB)
	4988  -  ResidentSetSize of job (KB)
...
005 (3787.000.000) 03/03 17:57:23 Job terminated.
	(1) Normal termination (return value 0)
		Usr 0 00:00:10, Sys 0 00:00:03  -  Run Remote Usage
		Usr 0 00:00:00, Sys 0 00:00:00  -  Run Local Usage
		Usr 0 00:00:10, Sys 0 00:00:03  -  Total Remote Usage
		Usr 0 00:00:00, Sys 0 00:00:00  -  Total Local Usage
	589344  -  Run Bytes Sent By Job
	16511803  -  Run Bytes Received By Job
	589344  -  Total Bytes Sent By Job
	16511803  -  Total Bytes Received By Job
	Partitionable Resources :    Usage  Request Allocated
	   Cpus                 :                 1         1
	   Disk (KB)            :    89560    17500 164690096
	   Memory (MB)          :        5        1       479
...
001 (3789.000.000) 03/03 17:58:11 Job executing on host: <192.168.5.101:9618?addrs=192.168.5.101-9618+[--1]-9618&noUDP&sock=16636_ce09_3>
...
006 (3789.000.000) 03/03 17:58:19 Image size of job updated: 2
	5  -  MemoryUsage of job (MB)
	5052  -  ResidentSetSize of job (KB)
...
006 (3788.000.000) 03/03 18:00:21 Image size of job updated: 93904
	68  -  MemoryUsage of job (MB)
	68780  -  ResidentSetSize of job (KB)
...
006 (3783.000.000) 03/03 18:01:52 Image size of job updated: 94792
	71  -  MemoryUsage of job (MB)
	71924  -  ResidentSetSize of job (KB)
...
006 (3786.000.000) 03/03 18:02:00 Image size of job updated: 96404
	66  -  MemoryUsage of job (MB)
	67016  -  ResidentSetSize of job (KB)
...
006 (3789.000.000) 03/03 18:03:19 Image size of job updated: 97476
	64  -  MemoryUsage of job (MB)
	64812  -  ResidentSetSize of job (KB)
...
006 (3788.000.000) 03/03 18:05:23 Image size of job updated: 94800
	68  -  MemoryUsage of job (MB)
	68780  -  ResidentSetSize of job (KB)
...
006 (3783.000.000) 03/03 18:05:50 Image size of job updated: 94848
	71  -  MemoryUsage of job (MB)
	71924  -  ResidentSetSize of job (KB)
...
005 (3783.000.000) 03/03 18:05:50 Job terminated.
	(1) Normal termination (return value 0)
		Usr 0 00:09:59, Sys 0 00:00:53  -  Run Remote Usage
		Usr 0 00:00:00, Sys 0 00:00:00  -  Run Local Usage
		Usr 0 00:09:59, Sys 0 00:00:53  -  Total Remote Usage
		Usr 0 00:00:00, Sys 0 00:00:00  -  Total Local Usage
	13912205  -  Run Bytes Sent By Job
	16502400  -  Run Bytes Received By Job
	13912205  -  Total Bytes Sent By Job
	16502400  -  Total Bytes Received By Job
	Partitionable Resources :    Usage  Request Allocated
	   Cpus                 :                 1         1
	   Disk (KB)            :   119180    17500 164690096
	   Memory (MB)          :       71        1       479
...
005 (3786.000.000) 03/03 18:06:35 Job terminated.
	(1) Normal termination (return value 0)
		Usr 0 00:10:33, Sys 0 00:00:54  -  Run Remote Usage
		Usr 0 00:00:00, Sys 0 00:00:00  -  Run Local Usage
		Usr 0 00:10:33, Sys 0 00:00:54  -  Total Remote Usage
		Usr 0 00:00:00, Sys 0 00:00:00  -  Total Local Usage
	14088321  -  Run Bytes Sent By Job
	16524833  -  Run Bytes Received By Job
	14088321  -  Total Bytes Sent By Job
	16524833  -  Total Bytes Received By Job
	Partitionable Resources :    Usage  Request Allocated
	   Cpus                 :                 1         1
	   Disk (KB)            :   120290    17500 164690096
	   Memory (MB)          :       66        1       479
...
001 (3790.000.000) 03/03 18:07:21 Job executing on host: <192.168.5.101:9618?addrs=192.168.5.101-9618+[--1]-9618&noUDP&sock=16636_ce09_3>
...
006 (3790.000.000) 03/03 18:07:30 Image size of job updated: 65448
	42  -  MemoryUsage of job (MB)
	42400  -  ResidentSetSize of job (KB)
...
001 (3791.000.000) 03/03 18:08:11 Job executing on host: <192.168.5.101:9618?addrs=192.168.5.101-9618+[--1]-9618&noUDP&sock=16636_ce09_3>
...
006 (3791.000.000) 03/03 18:08:20 Image size of job updated: 42404
	26  -  MemoryUsage of job (MB)
	25680  -  ResidentSetSize of job (KB)
...
006 (3789.000.000) 03/03 18:08:20 Image size of job updated: 99572
	65  -  MemoryUsage of job (MB)
	65540  -  ResidentSetSize of job (KB)
...
005 (3788.000.000) 03/03 18:08:54 Job terminated.
	(1) Normal termination (return value 0)
		Usr 0 00:09:42, Sys 0 00:00:50  -  Run Remote Usage
		Usr 0 00:00:00, Sys 0 00:00:00  -  Run Local Usage
		Usr 0 00:09:42, Sys 0 00:00:50  -  Total Remote Usage
		Usr 0 00:00:00, Sys 0 00:00:00  -  Total Local Usage
	13559243  -  Run Bytes Sent By Job
	16501081  -  Run Bytes Received By Job
	13559243  -  Total Bytes Sent By Job
	16501081  -  Total Bytes Received By Job
	Partitionable Resources :    Usage  Request Allocated
	   Cpus                 :                 1         1
	   Disk (KB)            :   118631    17500 164690096
	   Memory (MB)          :       68        1       479
...
001 (3792.000.000) 03/03 18:10:11 Job executing on host: <192.168.5.101:9618?addrs=192.168.5.101-9618+[--1]-9618&noUDP&sock=16636_ce09_3>
...
006 (3791.000.000) 03/03 18:10:16 Image size of job updated: 84904
	26  -  MemoryUsage of job (MB)
	25680  -  ResidentSetSize of job (KB)
...
005 (3791.000.000) 03/03 18:10:16 Job terminated.
	(1) Normal termination (return value 0)
		Usr 0 00:00:14, Sys 0 00:00:02  -  Run Remote Usage
		Usr 0 00:00:00, Sys 0 00:00:00  -  Run Local Usage
		Usr 0 00:00:14, Sys 0 00:00:02  -  Total Remote Usage
		Usr 0 00:00:00, Sys 0 00:00:00  -  Total Local Usage
	414031  -  Run Bytes Sent By Job
	16508708  -  Run Bytes Received By Job
	414031  -  Total Bytes Sent By Job
	16508708  -  Total Bytes Received By Job
	Partitionable Resources :    Usage  Request Allocated
	   Cpus                 :                 1         1
	   Disk (KB)            :    88554    17500 164690096
	   Memory (MB)          :       26        1       479
...
006 (3792.000.000) 03/03 18:10:20 Image size of job updated: 62084
	39  -  MemoryUsage of job (MB)
	39084  -  ResidentSetSize of job (KB)
...
001 (3793.000.000) 03/03 18:11:11 Job executing on host: <192.168.5.101:9618?addrs=192.168.5.101-9618+[--1]-9618&noUDP&sock=16636_ce09_3>
...
006 (3793.000.000) 03/03 18:11:19 Image size of job updated: 42500
	25  -  MemoryUsage of job (MB)
	25332  -  ResidentSetSize of job (KB)
...
006 (3792.000.000) 03/03 18:12:01 Image size of job updated: 86464
	39  -  MemoryUsage of job (MB)
	39084  -  ResidentSetSize of job (KB)
...
005 (3792.000.000) 03/03 18:12:01 Job terminated.
	(1) Normal termination (return value 0)
		Usr 0 00:00:14, Sys 0 00:00:03  -  Run Remote Usage
		Usr 0 00:00:00, Sys 0 00:00:00  -  Run Local Usage
		Usr 0 00:00:14, Sys 0 00:00:03  -  Total Remote Usage
		Usr 0 00:00:00, Sys 0 00:00:00  -  Total Local Usage
	467078  -  Run Bytes Sent By Job
	16508611  -  Run Bytes Received By Job
	467078  -  Total Bytes Sent By Job
	16508611  -  Total Bytes Received By Job
	Partitionable Resources :    Usage  Request Allocated
	   Cpus                 :                 1         1
	   Disk (KB)            :    88663    17500 164690096
	   Memory (MB)          :       39        1       479
...
006 (3790.000.000) 03/03 18:12:30 Image size of job updated: 92500
	60  -  MemoryUsage of job (MB)
	61368  -  ResidentSetSize of job (KB)
...
001 (3794.000.000) 03/03 18:13:10 Job executing on host: <192.168.5.101:9618?addrs=192.168.5.101-9618+[--1]-9618&noUDP&sock=16636_ce09_3>
...
005 (3789.000.000) 03/03 18:13:12 Job terminated.
	(1) Normal termination (return value 0)
		Usr 0 00:11:41, Sys 0 00:01:00  -  Run Remote Usage
		Usr 0 00:00:00, Sys 0 00:00:00  -  Run Local Usage
		Usr 0 00:11:41, Sys 0 00:01:00  -  Total Remote Usage
		Usr 0 00:00:00, Sys 0 00:00:00  -  Total Local Usage
	14913905  -  Run Bytes Sent By Job
	16505240  -  Run Bytes Received By Job
	14913905  -  Total Bytes Sent By Job
	16505240  -  Total Bytes Received By Job
	Partitionable Resources :    Usage  Request Allocated
	   Cpus                 :                 1         1
	   Disk (KB)            :   121987    17500 164690096
	   Memory (MB)          :       65        1       479
...
006 (3794.000.000) 03/03 18:13:18 Image size of job updated: 52880
	33  -  MemoryUsage of job (MB)
	33000  -  ResidentSetSize of job (KB)
...
006 (3794.000.000) 03/03 18:15:01 Image size of job updated: 82740
	33  -  MemoryUsage of job (MB)
	33000  -  ResidentSetSize of job (KB)
...
005 (3794.000.000) 03/03 18:15:01 Job terminated.
	(1) Normal termination (return value 0)
		Usr 0 00:00:12, Sys 0 00:00:03  -  Run Remote Usage
		Usr 0 00:00:00, Sys 0 00:00:00  -  Run Local Usage
		Usr 0 00:00:12, Sys 0 00:00:03  -  Total Remote Usage
		Usr 0 00:00:00, Sys 0 00:00:00  -  Total Local Usage
	432669  -  Run Bytes Sent By Job
	16508963  -  Run Bytes Received By Job
	432669  -  Total Bytes Sent By Job
	16508963  -  Total Bytes Received By Job
	Partitionable Resources :    Usage  Request Allocated
	   Cpus                 :                 1         1
	   Disk (KB)            :    88553    17500 164690096
	   Memory (MB)          :       33        1       479
...
001 (3796.000.000) 03/03 18:15:10 Job executing on host: <192.168.5.101:9618?addrs=192.168.5.101-9618+[--1]-9618&noUDP&sock=16636_ce09_3>
...
006 (3796.000.000) 03/03 18:15:19 Image size of job updated: 53420
	34  -  MemoryUsage of job (MB)
	34080  -  ResidentSetSize of job (KB)
...
001 (3795.000.000) 03/03 18:15:22 Job executing on host: <192.168.5.101:9618?addrs=192.168.5.101-9618+[--1]-9618&noUDP&sock=16636_ce09_3>
...
006 (3795.000.000) 03/03 18:15:31 Image size of job updated: 65448
	42  -  MemoryUsage of job (MB)
	42356  -  ResidentSetSize of job (KB)
...
006 (3793.000.000) 03/03 18:16:19 Image size of job updated: 93996
	60  -  MemoryUsage of job (MB)
	60940  -  ResidentSetSize of job (KB)
...
006 (3790.000.000) 03/03 18:17:31 Image size of job updated: 93184
	67  -  MemoryUsage of job (MB)
	68572  -  ResidentSetSize of job (KB)
...
005 (3790.000.000) 03/03 18:18:25 Job terminated.
	(1) Normal termination (return value 0)
		Usr 0 00:07:24, Sys 0 00:00:41  -  Run Remote Usage
		Usr 0 00:00:00, Sys 0 00:00:00  -  Run Local Usage
		Usr 0 00:07:24, Sys 0 00:00:41  -  Total Remote Usage
		Usr 0 00:00:00, Sys 0 00:00:00  -  Total Local Usage
	12201427  -  Run Bytes Sent By Job
	16498008  -  Run Bytes Received By Job
	12201427  -  Total Bytes Sent By Job
	16498008  -  Total Bytes Received By Job
	Partitionable Resources :    Usage  Request Allocated
	   Cpus                 :                 1         1
	   Disk (KB)            :   115634    17500 164690096
	   Memory (MB)          :       67        1       479
...
006 (3796.000.000) 03/03 18:18:36 Image size of job updated: 256068
	34  -  MemoryUsage of job (MB)
	34080  -  ResidentSetSize of job (KB)
...
005 (3796.000.000) 03/03 18:18:36 Job terminated.
	(1) Normal termination (return value 0)
		Usr 0 00:01:23, Sys 0 00:00:06  -  Run Remote Usage
		Usr 0 00:00:00, Sys 0 00:00:00  -  Run Local Usage
		Usr 0 00:01:23, Sys 0 00:00:06  -  Total Remote Usage
		Usr 0 00:00:00, Sys 0 00:00:00  -  Total Local Usage
	1991332  -  Run Bytes Sent By Job
	16531396  -  Run Bytes Received By Job
	1991332  -  Total Bytes Sent By Job
	16531396  -  Total Bytes Received By Job
	Partitionable Resources :    Usage  Request Allocated
	   Cpus                 :                 1         1
	   Disk (KB)            :   105506    17500 164690096
	   Memory (MB)          :       34        1       479
...
000 (3797.000.000) 03/03 18:18:46 Job submitted from host: <192.168.5.10:9618?addrs=192.168.5.10-9618+[--1]-9618&noUDP&sock=2698_7f03_4>
    DAG Node: stage_out_local_local_2_1
    pool:local
...
001 (3797.000.000) 03/03 18:18:46 Job executing on host: <192.168.5.10:9618?addrs=192.168.5.10-9618+[--1]-9618&noUDP&sock=2749_ab49_3134>
...
005 (3797.000.000) 03/03 18:18:50 Job terminated.
	(1) Normal termination (return value 0)
		Usr 0 00:00:00, Sys 0 00:00:00  -  Run Remote Usage
		Usr 0 00:00:00, Sys 0 00:00:00  -  Run Local Usage
		Usr 0 00:00:00, Sys 0 00:00:00  -  Total Remote Usage
		Usr 0 00:00:00, Sys 0 00:00:00  -  Total Local Usage
	0  -  Run Bytes Sent By Job
	0  -  Run Bytes Received By Job
	0  -  Total Bytes Sent By Job
	0  -  Total Bytes Received By Job
...
006 (3795.000.000) 03/03 18:20:31 Image size of job updated: 93672
	70  -  MemoryUsage of job (MB)
	71416  -  ResidentSetSize of job (KB)
...
006 (3793.000.000) 03/03 18:21:19 Image size of job updated: 93996
	61  -  MemoryUsage of job (MB)
	61828  -  ResidentSetSize of job (KB)
...
005 (3793.000.000) 03/03 18:22:39 Job terminated.
	(1) Normal termination (return value 0)
		Usr 0 00:07:51, Sys 0 00:00:42  -  Run Remote Usage
		Usr 0 00:00:00, Sys 0 00:00:00  -  Run Local Usage
		Usr 0 00:07:51, Sys 0 00:00:42  -  Total Remote Usage
		Usr 0 00:00:00, Sys 0 00:00:00  -  Total Local Usage
	12795049  -  Run Bytes Sent By Job
	16502145  -  Run Bytes Received By Job
	12795049  -  Total Bytes Sent By Job
	16502145  -  Total Bytes Received By Job
	Partitionable Resources :    Usage  Request Allocated
	   Cpus                 :                 1         1
	   Disk (KB)            :   116837    17500 164690096
	   Memory (MB)          :       61        1       479
...
005 (3795.000.000) 03/03 18:26:40 Job terminated.
	(1) Normal termination (return value 0)
		Usr 0 00:07:46, Sys 0 00:00:43  -  Run Remote Usage
		Usr 0 00:00:00, Sys 0 00:00:00  -  Run Local Usage
		Usr 0 00:07:46, Sys 0 00:00:43  -  Total Remote Usage
		Usr 0 00:00:00, Sys 0 00:00:00  -  Total Local Usage
	13556096  -  Run Bytes Sent By Job
	16502048  -  Run Bytes Received By Job
	13556096  -  Total Bytes Sent By Job
	16502048  -  Total Bytes Received By Job
	Partitionable Resources :    Usage  Request Allocated
	   Cpus                 :                 1         1
	   Disk (KB)            :   118396    17500 164690096
	   Memory (MB)          :       70        1       479
...
000 (3798.000.000) 03/03 18:26:52 Job submitted from host: <192.168.5.10:9618?addrs=192.168.5.10-9618+[--1]-9618&noUDP&sock=2698_7f03_4>
    DAG Node: stage_out_local_local_2_0
    pool:local
...
001 (3798.000.000) 03/03 18:26:52 Job executing on host: <192.168.5.10:9618?addrs=192.168.5.10-9618+[--1]-9618&noUDP&sock=2749_ab49_3135>
...
005 (3798.000.000) 03/03 18:26:56 Job terminated.
	(1) Normal termination (return value 0)
		Usr 0 00:00:00, Sys 0 00:00:00  -  Run Remote Usage
		Usr 0 00:00:00, Sys 0 00:00:00  -  Run Local Usage
		Usr 0 00:00:00, Sys 0 00:00:00  -  Total Remote Usage
		Usr 0 00:00:00, Sys 0 00:00:00  -  Total Local Usage
	0  -  Run Bytes Sent By Job
	0  -  Run Bytes Received By Job
	0  -  Total Bytes Sent By Job
	0  -  Total Bytes Received By Job
...
000 (3799.000.000) 03/03 18:27:07 Job submitted from host: <192.168.5.10:9618?addrs=192.168.5.10-9618+[--1]-9618&noUDP&sock=2698_7f03_4>
    DAG Node: cleanup_1000-genome_0_local
    pool:local
...
001 (3799.000.000) 03/03 18:27:07 Job executing on host: <192.168.5.10:9618?addrs=192.168.5.10-9618+[--1]-9618&noUDP&sock=2749_ab49_3136>
...
005 (3799.000.000) 03/03 18:27:09 Job terminated.
	(1) Normal termination (return value 0)
		Usr 0 00:00:00, Sys 0 00:00:00  -  Run Remote Usage
		Usr 0 00:00:00, Sys 0 00:00:00  -  Run Local Usage
		Usr 0 00:00:00, Sys 0 00:00:00  -  Total Remote Usage
		Usr 0 00:00:00, Sys 0 00:00:00  -  Total Local Usage
	0  -  Run Bytes Sent By Job
	0  -  Run Bytes Received By Job
	0  -  Total Bytes Sent By Job
	0  -  Total Bytes Received By Job
...
