1646138680 INTERNAL *** MONITORD_STARTED ***
1646138678 INTERNAL *** DAGMAN_STARTED 3577.0 ***
1646138683 create_dir_1000-genome_0_local SUBMIT 3578.0 local - 1
1646138684 create_dir_1000-genome_0_local EXECUTE 3578.0 local - 1
1646138687 create_dir_1000-genome_0_local JOB_TERMINATED 3578.0 local - 1
1646138688 create_dir_1000-genome_0_local JOB_SUCCESS 0 local - 1
1646138688 create_dir_1000-genome_0_local POST_SCRIPT_STARTED 3578.0 local - 1
1646138688 create_dir_1000-genome_0_local POST_SCRIPT_TERMINATED 3578.0 local - 1
1646138693 create_dir_1000-genome_0_local POST_SCRIPT_SUCCESS 0 local - 1
1646138698 stage_in_remote_local_2_0 SUBMIT 3579.0 local - 2
1646138698 stage_in_remote_local_2_0 EXECUTE 3579.0 local - 2
1646138698 stage_in_remote_local_1_0 SUBMIT 3580.0 local - 3
1646138698 stage_in_remote_local_0_0 SUBMIT 3581.0 local - 4
1646138698 stage_in_local_local_0_0 SUBMIT 3582.0 local - 5
1646138698 stage_in_local_local_2_0 SUBMIT 3583.0 local - 6
1646138700 stage_in_remote_local_2_0 JOB_TERMINATED 3579.0 local - 2
1646138703 stage_in_remote_local_2_0 JOB_SUCCESS 0 local - 2
1646138703 stage_in_remote_local_2_0 POST_SCRIPT_STARTED 3579.0 local - 2
1646138700 stage_in_local_local_2_0 EXECUTE 3583.0 local - 6
1646138700 stage_in_local_local_0_0 EXECUTE 3582.0 local - 5
1646138700 stage_in_remote_local_0_0 EXECUTE 3581.0 local - 4
1646138700 stage_in_remote_local_1_0 EXECUTE 3580.0 local - 3
1646138702 stage_in_remote_local_1_0 JOB_TERMINATED 3580.0 local - 3
1646138703 stage_in_remote_local_1_0 JOB_SUCCESS 0 local - 3
1646138703 stage_in_remote_local_1_0 POST_SCRIPT_STARTED 3580.0 local - 3
1646138703 stage_in_local_local_2_1 SUBMIT 3584.0 local - 7
1646138703 stage_in_remote_local_2_1 SUBMIT 3585.0 local - 8
1646138703 stage_in_remote_local_2_0 POST_SCRIPT_TERMINATED 3579.0 local - 2
1646138708 stage_in_remote_local_2_0 POST_SCRIPT_SUCCESS 0 local - 2
1646138703 stage_in_remote_local_1_0 POST_SCRIPT_TERMINATED 3580.0 local - 3
1646138708 stage_in_remote_local_1_0 POST_SCRIPT_SUCCESS 0 local - 3
1646138704 stage_in_local_local_2_0 JOB_TERMINATED 3583.0 local - 6
1646138708 stage_in_local_local_2_0 JOB_SUCCESS 0 local - 6
1646138708 stage_in_local_local_2_0 POST_SCRIPT_STARTED 3583.0 local - 6
1646138704 stage_in_local_local_0_0 JOB_TERMINATED 3582.0 local - 5
1646138708 stage_in_local_local_0_0 JOB_SUCCESS 0 local - 5
1646138708 stage_in_local_local_0_0 POST_SCRIPT_STARTED 3582.0 local - 5
1646138704 stage_in_remote_local_0_0 JOB_TERMINATED 3581.0 local - 4
1646138708 stage_in_remote_local_0_0 JOB_SUCCESS 0 local - 4
1646138708 stage_in_remote_local_0_0 POST_SCRIPT_STARTED 3581.0 local - 4
1646138704 stage_in_remote_local_2_1 EXECUTE 3585.0 local - 8
1646138704 stage_in_local_local_2_1 EXECUTE 3584.0 local - 7
1646138707 stage_in_remote_local_2_1 JOB_TERMINATED 3585.0 local - 8
1646138708 stage_in_remote_local_2_1 JOB_SUCCESS 0 local - 8
1646138708 stage_in_remote_local_2_1 POST_SCRIPT_STARTED 3585.0 local - 8
1646138708 stage_in_remote_local_2_1 POST_SCRIPT_TERMINATED 3585.0 local - 8
1646138713 stage_in_remote_local_2_1 POST_SCRIPT_SUCCESS 0 local - 8
1646138708 stage_in_local_local_2_0 POST_SCRIPT_TERMINATED 3583.0 local - 6
1646138713 stage_in_local_local_2_0 POST_SCRIPT_SUCCESS 0 local - 6
1646138708 stage_in_local_local_0_0 POST_SCRIPT_TERMINATED 3582.0 local - 5
1646138713 stage_in_local_local_0_0 POST_SCRIPT_SUCCESS 0 local - 5
1646138708 stage_in_remote_local_0_0 POST_SCRIPT_TERMINATED 3581.0 local - 4
1646138713 stage_in_remote_local_0_0 POST_SCRIPT_SUCCESS 0 local - 4
1646138709 stage_in_local_local_2_1 JOB_TERMINATED 3584.0 local - 7
1646138713 stage_in_local_local_2_1 JOB_SUCCESS 0 local - 7
1646138713 stage_in_local_local_2_1 POST_SCRIPT_STARTED 3584.0 local - 7
1646138714 stage_in_local_local_2_1 POST_SCRIPT_TERMINATED 3584.0 local - 7
1646138718 stage_in_local_local_2_1 POST_SCRIPT_SUCCESS 0 local - 7
1646138718 individuals_ID0000001 SUBMIT 3586.0 condorpool - 9
1646138718 individuals_ID0000002 SUBMIT 3587.0 condorpool - 10
1646138718 sifting_ID0000004 SUBMIT 3588.0 condorpool - 11
1646138740 sifting_ID0000004 EXECUTE 3588.0 condorpool - 11
1646138746 sifting_ID0000004 JOB_TERMINATED 3588.0 condorpool - 11
1646138748 sifting_ID0000004 JOB_SUCCESS 0 condorpool - 11
1646138748 sifting_ID0000004 POST_SCRIPT_STARTED 3588.0 condorpool - 11
1646138747 individuals_ID0000001 EXECUTE 3586.0 condorpool - 9
1646138747 individuals_ID0000002 EXECUTE 3587.0 condorpool - 10
1646138748 sifting_ID0000004 POST_SCRIPT_TERMINATED 3588.0 condorpool - 11
1646138753 sifting_ID0000004 POST_SCRIPT_SUCCESS 0 condorpool - 11
1646157615 individuals_ID0000001 JOB_TERMINATED 3586.0 condorpool - 9
1646157620 individuals_ID0000001 JOB_SUCCESS 0 condorpool - 9
1646157620 individuals_ID0000001 POST_SCRIPT_STARTED 3586.0 condorpool - 9
1646157620 individuals_ID0000001 POST_SCRIPT_TERMINATED 3586.0 condorpool - 9
1646157625 individuals_ID0000001 POST_SCRIPT_SUCCESS 0 condorpool - 9
1646158072 individuals_ID0000002 JOB_TERMINATED 3587.0 condorpool - 10
1646158075 individuals_ID0000002 JOB_SUCCESS 0 condorpool - 10
1646158075 individuals_ID0000002 POST_SCRIPT_STARTED 3587.0 condorpool - 10
1646158075 individuals_ID0000002 POST_SCRIPT_TERMINATED 3587.0 condorpool - 10
1646158080 individuals_ID0000002 POST_SCRIPT_SUCCESS 0 condorpool - 10
1646158085 individuals_merge_ID0000003 SUBMIT 3589.0 condorpool - 12
1646158086 individuals_merge_ID0000003 EXECUTE 3589.0 condorpool - 12
1646158384 individuals_merge_ID0000003 JOB_TERMINATED 3589.0 condorpool - 12
1646158385 individuals_merge_ID0000003 JOB_SUCCESS 0 condorpool - 12
1646158385 individuals_merge_ID0000003 POST_SCRIPT_STARTED 3589.0 condorpool - 12
1646158386 individuals_merge_ID0000003 POST_SCRIPT_TERMINATED 3589.0 condorpool - 12
1646158390 individuals_merge_ID0000003 POST_SCRIPT_SUCCESS 0 condorpool - 12
1646158395 mutation_overlap_ID0000009 SUBMIT 3590.0 condorpool - 13
1646158395 frequency_ID0000014 SUBMIT 3591.0 condorpool - 14
1646158395 mutation_overlap_ID0000011 SUBMIT 3592.0 condorpool - 15
1646158395 frequency_ID0000016 SUBMIT 3593.0 condorpool - 16
1646158395 frequency_ID0000010 SUBMIT 3594.0 condorpool - 17
1646158396 mutation_overlap_ID0000009 EXECUTE 3590.0 condorpool - 13
1646158400 frequency_ID0000012 SUBMIT 3595.0 condorpool - 18
1646158400 mutation_overlap_ID0000017 SUBMIT 3596.0 condorpool - 19
1646158400 mutation_overlap_ID0000005 SUBMIT 3597.0 condorpool - 20
1646158400 mutation_overlap_ID0000007 SUBMIT 3598.0 condorpool - 21
1646158400 mutation_overlap_ID0000013 SUBMIT 3599.0 condorpool - 22
1646158405 frequency_ID0000006 SUBMIT 3600.0 condorpool - 23
1646158405 frequency_ID0000018 SUBMIT 3601.0 condorpool - 24
1646158405 mutation_overlap_ID0000015 SUBMIT 3602.0 condorpool - 25
1646158405 frequency_ID0000008 SUBMIT 3603.0 condorpool - 26
1646158407 frequency_ID0000014 EXECUTE 3591.0 condorpool - 14
1646158407 frequency_ID0000016 EXECUTE 3593.0 condorpool - 16
1646158407 mutation_overlap_ID0000011 EXECUTE 3592.0 condorpool - 15
1646158531 mutation_overlap_ID0000011 JOB_TERMINATED 3592.0 condorpool - 15
1646158535 mutation_overlap_ID0000011 JOB_SUCCESS 0 condorpool - 15
1646158535 mutation_overlap_ID0000011 POST_SCRIPT_STARTED 3592.0 condorpool - 15
1646158536 mutation_overlap_ID0000011 POST_SCRIPT_TERMINATED 3592.0 condorpool - 15
1646158540 mutation_overlap_ID0000011 POST_SCRIPT_SUCCESS 0 condorpool - 15
1646158585 mutation_overlap_ID0000009 JOB_TERMINATED 3590.0 condorpool - 13
1646158590 mutation_overlap_ID0000009 JOB_SUCCESS 0 condorpool - 13
1646158590 mutation_overlap_ID0000009 POST_SCRIPT_STARTED 3590.0 condorpool - 13
1646158590 mutation_overlap_ID0000009 POST_SCRIPT_TERMINATED 3590.0 condorpool - 13
1646158595 mutation_overlap_ID0000009 POST_SCRIPT_SUCCESS 0 condorpool - 13
1646158606 frequency_ID0000010 EXECUTE 3594.0 condorpool - 17
1646158667 frequency_ID0000012 EXECUTE 3595.0 condorpool - 18
1646159234 frequency_ID0000016 JOB_TERMINATED 3593.0 condorpool - 16
1646159235 frequency_ID0000016 JOB_SUCCESS 0 condorpool - 16
1646159235 frequency_ID0000016 POST_SCRIPT_STARTED 3593.0 condorpool - 16
1646159236 frequency_ID0000016 POST_SCRIPT_TERMINATED 3593.0 condorpool - 16
1646159240 frequency_ID0000016 POST_SCRIPT_SUCCESS 0 condorpool - 16
1646159244 frequency_ID0000014 JOB_TERMINATED 3591.0 condorpool - 14
1646159245 frequency_ID0000014 JOB_SUCCESS 0 condorpool - 14
1646159245 frequency_ID0000014 POST_SCRIPT_STARTED 3591.0 condorpool - 14
1646159245 frequency_ID0000014 POST_SCRIPT_TERMINATED 3591.0 condorpool - 14
1646159250 frequency_ID0000014 POST_SCRIPT_SUCCESS 0 condorpool - 14
1646159328 mutation_overlap_ID0000017 EXECUTE 3596.0 condorpool - 19
1646159328 mutation_overlap_ID0000005 EXECUTE 3597.0 condorpool - 20
1646159415 frequency_ID0000012 JOB_TERMINATED 3595.0 condorpool - 18
1646159415 frequency_ID0000012 JOB_SUCCESS 0 condorpool - 18
1646159415 frequency_ID0000012 POST_SCRIPT_STARTED 3595.0 condorpool - 18
1646159416 frequency_ID0000012 POST_SCRIPT_TERMINATED 3595.0 condorpool - 18
1646159420 frequency_ID0000012 POST_SCRIPT_SUCCESS 0 condorpool - 18
1646159467 mutation_overlap_ID0000017 JOB_TERMINATED 3596.0 condorpool - 19
1646159470 mutation_overlap_ID0000017 JOB_SUCCESS 0 condorpool - 19
1646159470 mutation_overlap_ID0000017 POST_SCRIPT_STARTED 3596.0 condorpool - 19
1646159469 frequency_ID0000010 JOB_TERMINATED 3594.0 condorpool - 17
1646159470 frequency_ID0000010 JOB_SUCCESS 0 condorpool - 17
1646159470 frequency_ID0000010 POST_SCRIPT_STARTED 3594.0 condorpool - 17
1646159469 mutation_overlap_ID0000005 JOB_TERMINATED 3597.0 condorpool - 20
1646159470 mutation_overlap_ID0000005 JOB_SUCCESS 0 condorpool - 20
1646159470 mutation_overlap_ID0000005 POST_SCRIPT_STARTED 3597.0 condorpool - 20
1646159470 mutation_overlap_ID0000005 POST_SCRIPT_TERMINATED 3597.0 condorpool - 20
1646159475 mutation_overlap_ID0000005 POST_SCRIPT_SUCCESS 0 condorpool - 20
1646159470 mutation_overlap_ID0000017 POST_SCRIPT_TERMINATED 3596.0 condorpool - 19
1646159475 mutation_overlap_ID0000017 POST_SCRIPT_SUCCESS 0 condorpool - 19
1646159470 frequency_ID0000010 POST_SCRIPT_TERMINATED 3594.0 condorpool - 17
1646159475 frequency_ID0000010 POST_SCRIPT_SUCCESS 0 condorpool - 17
1646159523 mutation_overlap_ID0000007 EXECUTE 3598.0 condorpool - 21
1646159567 mutation_overlap_ID0000013 EXECUTE 3599.0 condorpool - 22
1646159567 frequency_ID0000018 EXECUTE 3601.0 condorpool - 24
1646159567 frequency_ID0000006 EXECUTE 3600.0 condorpool - 23
1646159621 mutation_overlap_ID0000007 JOB_TERMINATED 3598.0 condorpool - 21
1646159626 mutation_overlap_ID0000007 JOB_SUCCESS 0 condorpool - 21
1646159626 mutation_overlap_ID0000007 POST_SCRIPT_STARTED 3598.0 condorpool - 21
1646159626 mutation_overlap_ID0000007 POST_SCRIPT_TERMINATED 3598.0 condorpool - 21
1646159631 mutation_overlap_ID0000007 POST_SCRIPT_SUCCESS 0 condorpool - 21
1646159687 mutation_overlap_ID0000015 EXECUTE 3602.0 condorpool - 25
1646159692 mutation_overlap_ID0000013 JOB_TERMINATED 3599.0 condorpool - 22
1646159696 mutation_overlap_ID0000013 JOB_SUCCESS 0 condorpool - 22
1646159696 mutation_overlap_ID0000013 POST_SCRIPT_STARTED 3599.0 condorpool - 22
1646159696 mutation_overlap_ID0000013 POST_SCRIPT_TERMINATED 3599.0 condorpool - 22
1646159701 mutation_overlap_ID0000013 POST_SCRIPT_SUCCESS 0 condorpool - 22
1646159747 frequency_ID0000008 EXECUTE 3603.0 condorpool - 26
1646159812 mutation_overlap_ID0000015 JOB_TERMINATED 3602.0 condorpool - 25
1646159816 mutation_overlap_ID0000015 JOB_SUCCESS 0 condorpool - 25
1646159816 mutation_overlap_ID0000015 POST_SCRIPT_STARTED 3602.0 condorpool - 25
1646159816 mutation_overlap_ID0000015 POST_SCRIPT_TERMINATED 3602.0 condorpool - 25
1646159821 mutation_overlap_ID0000015 POST_SCRIPT_SUCCESS 0 condorpool - 25
1646160262 frequency_ID0000018 JOB_TERMINATED 3601.0 condorpool - 24
1646160267 frequency_ID0000018 JOB_SUCCESS 0 condorpool - 24
1646160267 frequency_ID0000018 POST_SCRIPT_STARTED 3601.0 condorpool - 24
1646160267 frequency_ID0000018 POST_SCRIPT_TERMINATED 3601.0 condorpool - 24
1646160272 frequency_ID0000018 POST_SCRIPT_SUCCESS 0 condorpool - 24
1646160472 frequency_ID0000006 JOB_TERMINATED 3600.0 condorpool - 23
1646160472 frequency_ID0000006 JOB_SUCCESS 0 condorpool - 23
1646160472 frequency_ID0000006 POST_SCRIPT_STARTED 3600.0 condorpool - 23
1646160473 frequency_ID0000006 POST_SCRIPT_TERMINATED 3600.0 condorpool - 23
1646160477 frequency_ID0000006 POST_SCRIPT_SUCCESS 0 condorpool - 23
1646160482 stage_out_local_local_2_0 SUBMIT 3604.0 local - 27
1646160482 stage_out_local_local_2_0 EXECUTE 3604.0 local - 27
1646160486 stage_out_local_local_2_0 JOB_TERMINATED 3604.0 local - 27
1646160487 stage_out_local_local_2_0 JOB_SUCCESS 0 local - 27
1646160487 stage_out_local_local_2_0 POST_SCRIPT_STARTED 3604.0 local - 27
1646160487 stage_out_local_local_2_0 POST_SCRIPT_TERMINATED 3604.0 local - 27
1646160492 stage_out_local_local_2_0 POST_SCRIPT_SUCCESS 0 local - 27
1646160515 frequency_ID0000008 JOB_TERMINATED 3603.0 condorpool - 26
1646160517 frequency_ID0000008 JOB_SUCCESS 0 condorpool - 26
1646160517 frequency_ID0000008 POST_SCRIPT_STARTED 3603.0 condorpool - 26
1646160518 frequency_ID0000008 POST_SCRIPT_TERMINATED 3603.0 condorpool - 26
1646160522 frequency_ID0000008 POST_SCRIPT_SUCCESS 0 condorpool - 26
1646160527 stage_out_local_local_2_1 SUBMIT 3605.0 local - 28
1646160527 stage_out_local_local_2_1 EXECUTE 3605.0 local - 28
1646160531 stage_out_local_local_2_1 JOB_TERMINATED 3605.0 local - 28
1646160532 stage_out_local_local_2_1 JOB_SUCCESS 0 local - 28
1646160532 stage_out_local_local_2_1 POST_SCRIPT_STARTED 3605.0 local - 28
1646160532 stage_out_local_local_2_1 POST_SCRIPT_TERMINATED 3605.0 local - 28
1646160537 stage_out_local_local_2_1 POST_SCRIPT_SUCCESS 0 local - 28
1646160542 cleanup_1000-genome_0_local SUBMIT 3606.0 local - 29
1646160542 cleanup_1000-genome_0_local EXECUTE 3606.0 local - 29
1646160544 cleanup_1000-genome_0_local JOB_TERMINATED 3606.0 local - 29
1646160547 cleanup_1000-genome_0_local JOB_SUCCESS 0 local - 29
1646160547 cleanup_1000-genome_0_local POST_SCRIPT_STARTED 3606.0 local - 29
1646160547 cleanup_1000-genome_0_local POST_SCRIPT_TERMINATED 3606.0 local - 29
1646160552 cleanup_1000-genome_0_local POST_SCRIPT_SUCCESS 0 local - 29
1646160552 INTERNAL *** DAGMAN_FINISHED 0 ***
1646160553 INTERNAL *** MONITORD_FINISHED 0 ***
