======================================
1n_i1_30k: Runtime: 40595
1n_i1_30k: Average:
4.395337182194922
1n_i2_30k: Runtime: 21873
1n_i2_30k: Average:
5.258786461345883
1n_i3_30k: Runtime: 15609
1n_i3_30k: Average:
6.009112507177497
1n_i4_30k: Runtime: 12821
1n_i4_30k: Average:
6.420704192658834
1n_i5_30k: Runtime: 19721
1n_i5_30k: Average:
5.482524651547347
1n_i6_30k: Runtime: 17746
1n_i6_30k: Average:
5.684961660916409
1n_i7_30k: Runtime: 15440
1n_i7_30k: Average:
6.065447952610408
1n_i8_30k: Runtime: 15462
1n_i8_30k: Average:
6.041891613615951
1n_i9_30k: Runtime: 19020
1n_i9_30k: Average:
5.556246709715704
1n_i10_30k: Runtime: 15855
1n_i10_30k: Average:
1n_i11_30k: Runtime: -
1n_i11_30k: Average:
1n_i12_30k: Runtime: -
1n_i12_30k: Average:
1n_i13_30k: Runtime: -
1n_i13_30k: Average:
1n_i14_30k: Runtime: -
1n_i14_30k: Average:
1n_i15_30k: Runtime: -
1n_i15_30k: Average:
1n_i16_30k: Runtime: -
1n_i16_30k: Average:
1n_i17_30k: Runtime: -
1n_i17_30k: Average:
1n_i18_30k: Runtime: -
1n_i18_30k: Average:
1n_i19_30k: Runtime: -
1n_i19_30k: Average:
1n_i20_30k: Runtime: -
1n_i20_30k: Average:
1n_i21_30k: Runtime: -
1n_i21_30k: Average:
1n_i22_30k: Runtime: -
1n_i22_30k: Average:
1n_i23_30k: Runtime: -
1n_i23_30k: Average:
1n_i24_30k: Runtime: -
1n_i24_30k: Average:
1n_i25_30k: Runtime: 17229
1n_i25_30k: Average:
1n_i26_30k: Runtime: -
1n_i26_30k: Average:
1n_i27_30k: Runtime: -
1n_i27_30k: Average:
1n_i28_30k: Runtime: -
1n_i28_30k: Average:
1n_i29_30k: Runtime: -
1n_i29_30k: Average:
1n_i30_30k: Runtime: -
1n_i30_30k: Average:
1n_i31_30k: Runtime: -
1n_i31_30k: Average:
1n_i32_30k: Runtime: -
1n_i32_30k: Average:
1n_i33_30k: Runtime: -
1n_i33_30k: Average:
1n_i34_30k: Runtime: -
1n_i34_30k: Average:
1n_i35_30k: Runtime: -
1n_i35_30k: Average:
1n_i36_30k: Runtime: -
1n_i36_30k: Average:
1n_i37_30k: Runtime: -
1n_i37_30k: Average:
1n_i38_30k: Runtime: -
1n_i38_30k: Average:
1n_i39_30k: Runtime: -
1n_i39_30k: Average:
1n_i40_30k: Runtime: -
1n_i40_30k: Average:
1n_i41_30k: Runtime: -
1n_i41_30k: Average:
1n_i42_30k: Runtime: -
1n_i42_30k: Average:
1n_i43_30k: Runtime: -
1n_i43_30k: Average:
1n_i44_30k: Runtime: -
1n_i44_30k: Average:
1n_i45_30k: Runtime: -
1n_i45_30k: Average:
1n_i46_30k: Runtime: -
1n_i46_30k: Average:
1n_i47_30k: Runtime: -
1n_i47_30k: Average:
1n_i48_30k: Runtime: -
1n_i48_30k: Average:
1n_i49_30k: Runtime: -
1n_i49_30k: Average:
1n_i50_30k: Runtime: 19013
1n_i50_30k: Average:
1n_i51_30k: Runtime: -
1n_i51_30k: Average:
1n_i52_30k: Runtime: -
1n_i52_30k: Average:
1n_i53_30k: Runtime: -
1n_i53_30k: Average:
1n_i54_30k: Runtime: -
1n_i54_30k: Average:
1n_i55_30k: Runtime: -
1n_i55_30k: Average:
1n_i56_30k: Runtime: -
1n_i56_30k: Average:
1n_i57_30k: Runtime: -
1n_i57_30k: Average:
1n_i58_30k: Runtime: -
1n_i58_30k: Average:
1n_i59_30k: Runtime: -
1n_i59_30k: Average:
1n_i60_30k: Runtime: -
1n_i60_30k: Average:
1n_i61_30k: Runtime: -
1n_i61_30k: Average:
1n_i62_30k: Runtime: -
1n_i62_30k: Average:
1n_i63_30k: Runtime: -
1n_i63_30k: Average:
1n_i64_30k: Runtime: -
1n_i64_30k: Average:
1n_i65_30k: Runtime: -
1n_i65_30k: Average:
1n_i66_30k: Runtime: -
1n_i66_30k: Average:
1n_i67_30k: Runtime: -
1n_i67_30k: Average:
1n_i68_30k: Runtime: -
1n_i68_30k: Average:
1n_i69_30k: Runtime: -
1n_i69_30k: Average:
1n_i70_30k: Runtime: -
1n_i70_30k: Average:
1n_i71_30k: Runtime: -
1n_i71_30k: Average:
1n_i72_30k: Runtime: -
1n_i72_30k: Average:
1n_i73_30k: Runtime: -
1n_i73_30k: Average:
1n_i74_30k: Runtime: -
1n_i74_30k: Average:
1n_i75_30k: Runtime: 21455
1n_i75_30k: Average:
