1644473055 INTERNAL *** MONITORD_STARTED ***
1644473053 INTERNAL *** DAGMAN_STARTED 1616.0 ***
1644473057 create_dir_1000-genome_0_local SUBMIT 1617.0 local - 1
1644473059 create_dir_1000-genome_0_local EXECUTE 1617.0 local - 1
1644473061 create_dir_1000-genome_0_local JOB_TERMINATED 1617.0 local - 1
1644473062 create_dir_1000-genome_0_local JOB_SUCCESS 0 local - 1
1644473062 create_dir_1000-genome_0_local POST_SCRIPT_STARTED 1617.0 local - 1
1644473062 create_dir_1000-genome_0_local POST_SCRIPT_TERMINATED 1617.0 local - 1
1644473067 create_dir_1000-genome_0_local POST_SCRIPT_SUCCESS 0 local - 1
1644473072 stage_in_remote_local_2_0 SUBMIT 1618.0 local - 2
1644473073 stage_in_remote_local_2_0 EXECUTE 1618.0 local - 2
1644473073 stage_in_remote_local_1_0 SUBMIT 1619.0 local - 3
1644473073 stage_in_remote_local_0_0 SUBMIT 1620.0 local - 4
1644473073 stage_in_local_local_0_0 SUBMIT 1621.0 local - 5
1644473073 stage_in_local_local_2_0 SUBMIT 1622.0 local - 6
1644473075 stage_in_remote_local_2_0 JOB_TERMINATED 1618.0 local - 2
1644473078 stage_in_remote_local_2_0 JOB_SUCCESS 0 local - 2
1644473078 stage_in_remote_local_2_0 POST_SCRIPT_STARTED 1618.0 local - 2
1644473075 stage_in_local_local_2_0 EXECUTE 1622.0 local - 6
1644473075 stage_in_local_local_0_0 EXECUTE 1621.0 local - 5
1644473075 stage_in_remote_local_0_0 EXECUTE 1620.0 local - 4
1644473075 stage_in_remote_local_1_0 EXECUTE 1619.0 local - 3
1644473077 stage_in_local_local_0_0 JOB_TERMINATED 1621.0 local - 5
1644473078 stage_in_local_local_0_0 JOB_SUCCESS 0 local - 5
1644473078 stage_in_local_local_0_0 POST_SCRIPT_STARTED 1621.0 local - 5
1644473077 stage_in_remote_local_0_0 JOB_TERMINATED 1620.0 local - 4
1644473078 stage_in_remote_local_0_0 JOB_SUCCESS 0 local - 4
1644473078 stage_in_remote_local_0_0 POST_SCRIPT_STARTED 1620.0 local - 4
1644473077 stage_in_remote_local_1_0 JOB_TERMINATED 1619.0 local - 3
1644473078 stage_in_remote_local_1_0 JOB_SUCCESS 0 local - 3
1644473078 stage_in_remote_local_1_0 POST_SCRIPT_STARTED 1619.0 local - 3
1644473078 stage_in_remote_local_0_1 SUBMIT 1623.0 local - 7
1644473078 stage_in_local_local_0_1 SUBMIT 1624.0 local - 8
1644473078 stage_in_remote_local_2_1 SUBMIT 1625.0 local - 9
1644473078 stage_in_local_local_2_1 SUBMIT 1626.0 local - 10
1644473078 stage_in_local_local_0_2 SUBMIT 1627.0 local - 11
1644473078 stage_in_remote_local_2_0 POST_SCRIPT_TERMINATED 1618.0 local - 2
1644473083 stage_in_remote_local_2_0 POST_SCRIPT_SUCCESS 0 local - 2
1644473078 stage_in_local_local_0_0 POST_SCRIPT_TERMINATED 1621.0 local - 5
1644473083 stage_in_local_local_0_0 POST_SCRIPT_SUCCESS 0 local - 5
1644473078 stage_in_remote_local_1_0 POST_SCRIPT_TERMINATED 1619.0 local - 3
1644473083 stage_in_remote_local_1_0 POST_SCRIPT_SUCCESS 0 local - 3
1644473078 stage_in_remote_local_0_0 POST_SCRIPT_TERMINATED 1620.0 local - 4
1644473083 stage_in_remote_local_0_0 POST_SCRIPT_SUCCESS 0 local - 4
1644473079 stage_in_local_local_2_0 JOB_TERMINATED 1622.0 local - 6
1644473083 stage_in_local_local_2_0 JOB_SUCCESS 0 local - 6
1644473083 stage_in_local_local_2_0 POST_SCRIPT_STARTED 1622.0 local - 6
1644473079 stage_in_local_local_0_2 EXECUTE 1627.0 local - 11
1644473079 stage_in_local_local_2_1 EXECUTE 1626.0 local - 10
1644473079 stage_in_remote_local_2_1 EXECUTE 1625.0 local - 9
1644473079 stage_in_local_local_0_1 EXECUTE 1624.0 local - 8
1644473079 stage_in_remote_local_0_1 EXECUTE 1623.0 local - 7
1644473081 stage_in_local_local_0_2 JOB_TERMINATED 1627.0 local - 11
1644473083 stage_in_local_local_0_2 JOB_SUCCESS 0 local - 11
1644473083 stage_in_local_local_0_2 POST_SCRIPT_STARTED 1627.0 local - 11
1644473081 stage_in_remote_local_2_1 JOB_TERMINATED 1625.0 local - 9
1644473083 stage_in_remote_local_2_1 JOB_SUCCESS 0 local - 9
1644473083 stage_in_remote_local_2_1 POST_SCRIPT_STARTED 1625.0 local - 9
1644473081 stage_in_remote_local_0_1 JOB_TERMINATED 1623.0 local - 7
1644473083 stage_in_remote_local_0_1 JOB_SUCCESS 0 local - 7
1644473083 stage_in_remote_local_0_1 POST_SCRIPT_STARTED 1623.0 local - 7
1644473082 stage_in_local_local_0_1 JOB_TERMINATED 1624.0 local - 8
1644473083 stage_in_local_local_0_1 JOB_SUCCESS 0 local - 8
1644473083 stage_in_local_local_0_1 POST_SCRIPT_STARTED 1624.0 local - 8
1644473083 stage_in_remote_local_0_1 POST_SCRIPT_TERMINATED 1623.0 local - 7
1644473088 stage_in_remote_local_0_1 POST_SCRIPT_SUCCESS 0 local - 7
1644473083 stage_in_local_local_2_1 JOB_TERMINATED 1626.0 local - 10
1644473088 stage_in_local_local_2_1 JOB_SUCCESS 0 local - 10
1644473088 stage_in_local_local_2_1 POST_SCRIPT_STARTED 1626.0 local - 10
1644473083 stage_in_local_local_0_2 POST_SCRIPT_TERMINATED 1627.0 local - 11
1644473088 stage_in_local_local_0_2 POST_SCRIPT_SUCCESS 0 local - 11
1644473083 stage_in_local_local_2_0 POST_SCRIPT_TERMINATED 1622.0 local - 6
1644473088 stage_in_local_local_2_0 POST_SCRIPT_SUCCESS 0 local - 6
1644473083 stage_in_remote_local_2_1 POST_SCRIPT_TERMINATED 1625.0 local - 9
1644473088 stage_in_remote_local_2_1 POST_SCRIPT_SUCCESS 0 local - 9
1644473083 stage_in_local_local_0_1 POST_SCRIPT_TERMINATED 1624.0 local - 8
1644473088 stage_in_local_local_0_1 POST_SCRIPT_SUCCESS 0 local - 8
1644473089 stage_in_local_local_2_1 POST_SCRIPT_TERMINATED 1626.0 local - 10
1644473093 stage_in_local_local_2_1 POST_SCRIPT_SUCCESS 0 local - 10
1644473093 sifting_ID0000077 SUBMIT 1628.0 condorpool - 12
1644473093 individuals_ID0000037 SUBMIT 1629.0 condorpool - 13
1644473093 individuals_ID0000038 SUBMIT 1630.0 condorpool - 14
1644473093 individuals_ID0000039 SUBMIT 1631.0 condorpool - 15
1644473093 individuals_ID0000033 SUBMIT 1632.0 condorpool - 16
1644473098 individuals_ID0000034 SUBMIT 1633.0 condorpool - 17
1644473098 individuals_ID0000035 SUBMIT 1634.0 condorpool - 18
1644473098 individuals_ID0000036 SUBMIT 1635.0 condorpool - 19
1644473098 individuals_ID0000073 SUBMIT 1636.0 condorpool - 20
1644473098 individuals_ID0000030 SUBMIT 1637.0 condorpool - 21
1644473103 individuals_ID0000074 SUBMIT 1638.0 condorpool - 22
1644473103 individuals_ID0000031 SUBMIT 1639.0 condorpool - 23
1644473103 individuals_ID0000075 SUBMIT 1640.0 condorpool - 24
1644473103 individuals_ID0000032 SUBMIT 1641.0 condorpool - 25
1644473103 individuals_ID0000070 SUBMIT 1642.0 condorpool - 26
1644473108 individuals_ID0000071 SUBMIT 1643.0 condorpool - 27
1644473108 individuals_ID0000072 SUBMIT 1644.0 condorpool - 28
1644473108 individuals_ID0000004 SUBMIT 1645.0 condorpool - 29
1644473108 individuals_ID0000048 SUBMIT 1646.0 condorpool - 30
1644473108 individuals_ID0000005 SUBMIT 1647.0 condorpool - 31
1644473113 individuals_ID0000049 SUBMIT 1648.0 condorpool - 32
1644473114 individuals_ID0000006 SUBMIT 1649.0 condorpool - 33
1644473114 individuals_ID0000007 SUBMIT 1650.0 condorpool - 34
1644473114 individuals_ID0000044 SUBMIT 1651.0 condorpool - 35
1644473114 individuals_ID0000001 SUBMIT 1652.0 condorpool - 36
1644473119 individuals_ID0000045 SUBMIT 1653.0 condorpool - 37
1644473119 individuals_ID0000002 SUBMIT 1654.0 condorpool - 38
1644473119 individuals_ID0000046 SUBMIT 1655.0 condorpool - 39
1644473119 individuals_ID0000003 SUBMIT 1656.0 condorpool - 40
1644473119 individuals_ID0000047 SUBMIT 1657.0 condorpool - 41
1644473124 individuals_ID0000008 SUBMIT 1658.0 condorpool - 42
1644473124 individuals_ID0000009 SUBMIT 1659.0 condorpool - 43
1644473124 individuals_ID0000040 SUBMIT 1660.0 condorpool - 44
1644473124 individuals_ID0000041 SUBMIT 1661.0 condorpool - 45
1644473124 individuals_ID0000042 SUBMIT 1662.0 condorpool - 46
1644473129 individuals_ID0000043 SUBMIT 1663.0 condorpool - 47
1644473129 individuals_ID0000015 SUBMIT 1664.0 condorpool - 48
1644473129 individuals_ID0000059 SUBMIT 1665.0 condorpool - 49
1644473129 individuals_ID0000016 SUBMIT 1666.0 condorpool - 50
1644473129 individuals_ID0000017 SUBMIT 1667.0 condorpool - 51
1644473134 individuals_ID0000018 SUBMIT 1668.0 condorpool - 52
1644473134 individuals_ID0000011 SUBMIT 1669.0 condorpool - 53
1644473134 individuals_ID0000055 SUBMIT 1670.0 condorpool - 54
1644473134 individuals_ID0000012 SUBMIT 1671.0 condorpool - 55
1644473134 individuals_ID0000056 SUBMIT 1672.0 condorpool - 56
1644473136 individuals_ID0000033 EXECUTE 1632.0 condorpool - 16
1644473137 individuals_ID0000037 EXECUTE 1629.0 condorpool - 13
1644473137 sifting_ID0000077 EXECUTE 1628.0 condorpool - 12
1644473137 individuals_ID0000074 EXECUTE 1638.0 condorpool - 22
1644473137 individuals_ID0000075 EXECUTE 1640.0 condorpool - 24
1644473139 individuals_ID0000034 EXECUTE 1633.0 condorpool - 17
1644473140 individuals_ID0000035 EXECUTE 1634.0 condorpool - 18
1644473140 individuals_ID0000013 SUBMIT 1673.0 condorpool - 57
1644473140 individuals_ID0000057 SUBMIT 1674.0 condorpool - 58
1644473140 individuals_ID0000014 SUBMIT 1675.0 condorpool - 59
1644473140 individuals_ID0000058 SUBMIT 1676.0 condorpool - 60
1644473140 individuals_ID0000073 EXECUTE 1636.0 condorpool - 20
1644473140 individuals_ID0000019 SUBMIT 1677.0 condorpool - 61
1644473142 individuals_ID0000070 EXECUTE 1642.0 condorpool - 26
1644473142 individuals_ID0000032 EXECUTE 1641.0 condorpool - 25
1644473143 sifting_ID0000077 JOB_TERMINATED 1628.0 condorpool - 12
1644473145 sifting_ID0000077 JOB_SUCCESS 0 condorpool - 12
1644473145 sifting_ID0000077 POST_SCRIPT_STARTED 1628.0 condorpool - 12
1644473144 individuals_ID0000030 EXECUTE 1637.0 condorpool - 21
1644473145 individuals_ID0000051 SUBMIT 1678.0 condorpool - 62
1644473145 individuals_ID0000052 SUBMIT 1679.0 condorpool - 63
1644473145 individuals_ID0000053 SUBMIT 1680.0 condorpool - 64
1644473145 individuals_ID0000010 SUBMIT 1681.0 condorpool - 65
1644473145 individuals_ID0000054 SUBMIT 1682.0 condorpool - 66
1644473145 sifting_ID0000077 POST_SCRIPT_TERMINATED 1628.0 condorpool - 12
1644473150 sifting_ID0000077 POST_SCRIPT_SUCCESS 0 condorpool - 12
1644473150 individuals_ID0000050 SUBMIT 1683.0 condorpool - 67
1644473150 individuals_ID0000026 SUBMIT 1684.0 condorpool - 68
1644473150 individuals_ID0000027 SUBMIT 1685.0 condorpool - 69
1644473150 individuals_ID0000028 SUBMIT 1686.0 condorpool - 70
1644473150 individuals_ID0000029 SUBMIT 1687.0 condorpool - 71
1644473156 individuals_ID0000022 SUBMIT 1688.0 condorpool - 72
1644473156 individuals_ID0000066 SUBMIT 1689.0 condorpool - 73
1644473156 individuals_ID0000023 SUBMIT 1690.0 condorpool - 74
1644473156 individuals_ID0000067 SUBMIT 1691.0 condorpool - 75
1644473156 individuals_ID0000024 SUBMIT 1692.0 condorpool - 76
1644473161 individuals_ID0000068 SUBMIT 1693.0 condorpool - 77
1644473161 individuals_ID0000025 SUBMIT 1694.0 condorpool - 78
1644473161 individuals_ID0000069 SUBMIT 1695.0 condorpool - 79
1644473161 individuals_ID0000062 SUBMIT 1696.0 condorpool - 80
1644473161 individuals_ID0000063 SUBMIT 1697.0 condorpool - 81
1644473165 individuals_ID0000072 EXECUTE 1644.0 condorpool - 28
1644473166 individuals_ID0000020 SUBMIT 1698.0 condorpool - 82
1644473166 individuals_ID0000064 SUBMIT 1699.0 condorpool - 83
1644473166 individuals_ID0000021 SUBMIT 1700.0 condorpool - 84
1644473166 individuals_ID0000065 SUBMIT 1701.0 condorpool - 85
1644473166 individuals_ID0000060 SUBMIT 1702.0 condorpool - 86
1644473167 individuals_ID0000039 EXECUTE 1631.0 condorpool - 15
1644473167 individuals_ID0000044 EXECUTE 1651.0 condorpool - 35
1644473167 individuals_ID0000038 EXECUTE 1630.0 condorpool - 14
1644473171 individuals_ID0000061 SUBMIT 1703.0 condorpool - 87
1644473177 individuals_ID0000071 EXECUTE 1643.0 condorpool - 27
1644473178 individuals_ID0000006 EXECUTE 1649.0 condorpool - 33
1644473191 individuals_ID0000004 EXECUTE 1645.0 condorpool - 29
1644473191 individuals_ID0000048 EXECUTE 1646.0 condorpool - 30
1644473193 individuals_ID0000005 EXECUTE 1647.0 condorpool - 31
1644473193 individuals_ID0000036 EXECUTE 1635.0 condorpool - 19
1644473194 individuals_ID0000031 EXECUTE 1639.0 condorpool - 23
1644473199 individuals_ID0000049 EXECUTE 1648.0 condorpool - 32
1644473205 individuals_ID0000001 EXECUTE 1652.0 condorpool - 36
1644473205 individuals_ID0000007 EXECUTE 1650.0 condorpool - 34
1644473575 individuals_ID0000001 JOB_TERMINATED 1652.0 condorpool - 36
1644473577 individuals_ID0000001 JOB_SUCCESS 0 condorpool - 36
1644473577 individuals_ID0000001 POST_SCRIPT_STARTED 1652.0 condorpool - 36
1644473577 individuals_ID0000001 POST_SCRIPT_TERMINATED 1652.0 condorpool - 36
1644473582 individuals_ID0000001 POST_SCRIPT_SUCCESS 0 condorpool - 36
1644473583 individuals_ID0000045 EXECUTE 1653.0 condorpool - 37
1644473924 individuals_ID0000074 JOB_TERMINATED 1638.0 condorpool - 22
1644473927 individuals_ID0000074 JOB_SUCCESS 0 condorpool - 22
1644473927 individuals_ID0000074 POST_SCRIPT_STARTED 1638.0 condorpool - 22
1644473927 individuals_ID0000074 POST_SCRIPT_TERMINATED 1638.0 condorpool - 22
1644473933 individuals_ID0000074 POST_SCRIPT_SUCCESS 0 condorpool - 22
1644473928 individuals_ID0000030 JOB_TERMINATED 1637.0 condorpool - 21
1644473933 individuals_ID0000030 JOB_SUCCESS 0 condorpool - 21
1644473933 individuals_ID0000030 POST_SCRIPT_STARTED 1637.0 condorpool - 21
1644473930 individuals_ID0000073 JOB_TERMINATED 1636.0 condorpool - 20
1644473933 individuals_ID0000073 JOB_SUCCESS 0 condorpool - 20
1644473933 individuals_ID0000073 POST_SCRIPT_STARTED 1636.0 condorpool - 20
1644473930 individuals_ID0000002 EXECUTE 1654.0 condorpool - 38
1644473932 individuals_ID0000031 JOB_TERMINATED 1639.0 condorpool - 23
1644473933 individuals_ID0000031 JOB_SUCCESS 0 condorpool - 23
1644473933 individuals_ID0000031 POST_SCRIPT_STARTED 1639.0 condorpool - 23
1644473933 individuals_ID0000073 POST_SCRIPT_TERMINATED 1636.0 condorpool - 20
1644473938 individuals_ID0000073 POST_SCRIPT_SUCCESS 0 condorpool - 20
1644473933 individuals_ID0000030 POST_SCRIPT_TERMINATED 1637.0 condorpool - 21
1644473938 individuals_ID0000030 POST_SCRIPT_SUCCESS 0 condorpool - 21
1644473933 individuals_ID0000031 POST_SCRIPT_TERMINATED 1639.0 condorpool - 23
1644473938 individuals_ID0000031 POST_SCRIPT_SUCCESS 0 condorpool - 23
1644473940 individuals_ID0000046 EXECUTE 1655.0 condorpool - 39
1644473942 individuals_ID0000003 EXECUTE 1656.0 condorpool - 40
1644473945 individuals_ID0000047 EXECUTE 1657.0 condorpool - 41
1644473982 individuals_ID0000037 JOB_TERMINATED 1629.0 condorpool - 13
1644473983 individuals_ID0000037 JOB_SUCCESS 0 condorpool - 13
1644473983 individuals_ID0000037 POST_SCRIPT_STARTED 1629.0 condorpool - 13
1644473983 individuals_ID0000037 POST_SCRIPT_TERMINATED 1629.0 condorpool - 13
1644473988 individuals_ID0000037 POST_SCRIPT_SUCCESS 0 condorpool - 13
1644473994 individuals_ID0000008 EXECUTE 1658.0 condorpool - 42
1644474010 individuals_ID0000034 JOB_TERMINATED 1633.0 condorpool - 17
1644474013 individuals_ID0000034 JOB_SUCCESS 0 condorpool - 17
1644474013 individuals_ID0000034 POST_SCRIPT_STARTED 1633.0 condorpool - 17
1644474014 individuals_ID0000034 POST_SCRIPT_TERMINATED 1633.0 condorpool - 17
1644474018 individuals_ID0000034 POST_SCRIPT_SUCCESS 0 condorpool - 17
1644474014 individuals_ID0000039 JOB_TERMINATED 1631.0 condorpool - 15
1644474018 individuals_ID0000039 JOB_SUCCESS 0 condorpool - 15
1644474018 individuals_ID0000039 POST_SCRIPT_STARTED 1631.0 condorpool - 15
1644474018 individuals_ID0000039 POST_SCRIPT_TERMINATED 1631.0 condorpool - 15
1644474023 individuals_ID0000039 POST_SCRIPT_SUCCESS 0 condorpool - 15
1644474020 individuals_ID0000009 EXECUTE 1659.0 condorpool - 43
1644474021 individuals_ID0000032 JOB_TERMINATED 1641.0 condorpool - 25
1644474023 individuals_ID0000032 JOB_SUCCESS 0 condorpool - 25
1644474023 individuals_ID0000032 POST_SCRIPT_STARTED 1641.0 condorpool - 25
1644474023 individuals_ID0000032 POST_SCRIPT_TERMINATED 1641.0 condorpool - 25
1644474028 individuals_ID0000032 POST_SCRIPT_SUCCESS 0 condorpool - 25
1644474029 individuals_ID0000036 JOB_TERMINATED 1635.0 condorpool - 19
1644474033 individuals_ID0000036 JOB_SUCCESS 0 condorpool - 19
1644474033 individuals_ID0000036 POST_SCRIPT_STARTED 1635.0 condorpool - 19
1644474030 individuals_ID0000044 JOB_TERMINATED 1651.0 condorpool - 35
1644474033 individuals_ID0000044 JOB_SUCCESS 0 condorpool - 35
1644474033 individuals_ID0000044 POST_SCRIPT_STARTED 1651.0 condorpool - 35
1644474031 individuals_ID0000038 JOB_TERMINATED 1630.0 condorpool - 14
1644474033 individuals_ID0000038 JOB_SUCCESS 0 condorpool - 14
1644474033 individuals_ID0000038 POST_SCRIPT_STARTED 1630.0 condorpool - 14
1644474031 individuals_ID0000040 EXECUTE 1660.0 condorpool - 44
1644474034 individuals_ID0000041 EXECUTE 1661.0 condorpool - 45
1644474034 individuals_ID0000038 POST_SCRIPT_TERMINATED 1630.0 condorpool - 14
1644474038 individuals_ID0000038 POST_SCRIPT_SUCCESS 0 condorpool - 14
1644474034 individuals_ID0000044 POST_SCRIPT_TERMINATED 1651.0 condorpool - 35
1644474038 individuals_ID0000044 POST_SCRIPT_SUCCESS 0 condorpool - 35
1644474034 individuals_ID0000036 POST_SCRIPT_TERMINATED 1635.0 condorpool - 19
1644474038 individuals_ID0000036 POST_SCRIPT_SUCCESS 0 condorpool - 19
1644474034 individuals_ID0000035 JOB_TERMINATED 1634.0 condorpool - 18
1644474038 individuals_ID0000035 JOB_SUCCESS 0 condorpool - 18
1644474038 individuals_ID0000035 POST_SCRIPT_STARTED 1634.0 condorpool - 18
1644474035 individuals_ID0000033 JOB_TERMINATED 1632.0 condorpool - 16
1644474038 individuals_ID0000033 JOB_SUCCESS 0 condorpool - 16
1644474038 individuals_ID0000033 POST_SCRIPT_STARTED 1632.0 condorpool - 16
1644474038 individuals_ID0000035 POST_SCRIPT_TERMINATED 1634.0 condorpool - 18
1644474043 individuals_ID0000035 POST_SCRIPT_SUCCESS 0 condorpool - 18
1644474038 individuals_ID0000033 POST_SCRIPT_TERMINATED 1632.0 condorpool - 16
1644474043 individuals_ID0000033 POST_SCRIPT_SUCCESS 0 condorpool - 16
1644474046 individuals_ID0000015 EXECUTE 1664.0 condorpool - 48
1644474049 individuals_ID0000042 EXECUTE 1662.0 condorpool - 46
1644474049 individuals_ID0000016 EXECUTE 1666.0 condorpool - 50
1644474050 individuals_ID0000043 EXECUTE 1663.0 condorpool - 47
1644474052 individuals_ID0000059 EXECUTE 1665.0 condorpool - 49
1644474053 individuals_ID0000075 JOB_TERMINATED 1640.0 condorpool - 24
1644474053 individuals_ID0000075 JOB_SUCCESS 0 condorpool - 24
1644474053 individuals_ID0000075 POST_SCRIPT_STARTED 1640.0 condorpool - 24
1644474054 individuals_ID0000075 POST_SCRIPT_TERMINATED 1640.0 condorpool - 24
1644474058 individuals_ID0000075 POST_SCRIPT_SUCCESS 0 condorpool - 24
1644474067 individuals_ID0000017 EXECUTE 1667.0 condorpool - 51
1644474071 individuals_ID0000070 JOB_TERMINATED 1642.0 condorpool - 26
1644474073 individuals_ID0000070 JOB_SUCCESS 0 condorpool - 26
1644474073 individuals_ID0000070 POST_SCRIPT_STARTED 1642.0 condorpool - 26
1644474073 individuals_ID0000070 POST_SCRIPT_TERMINATED 1642.0 condorpool - 26
1644474078 individuals_ID0000070 POST_SCRIPT_SUCCESS 0 condorpool - 26
1644474076 individuals_ID0000071 JOB_TERMINATED 1643.0 condorpool - 27
1644474078 individuals_ID0000071 JOB_SUCCESS 0 condorpool - 27
1644474078 individuals_ID0000071 POST_SCRIPT_STARTED 1643.0 condorpool - 27
1644474077 individuals_ID0000006 JOB_TERMINATED 1649.0 condorpool - 33
1644474078 individuals_ID0000006 JOB_SUCCESS 0 condorpool - 33
1644474078 individuals_ID0000006 POST_SCRIPT_STARTED 1649.0 condorpool - 33
1644474078 individuals_ID0000018 EXECUTE 1668.0 condorpool - 52
1644474078 individuals_ID0000006 POST_SCRIPT_TERMINATED 1649.0 condorpool - 33
1644474083 individuals_ID0000006 POST_SCRIPT_SUCCESS 0 condorpool - 33
1644474078 individuals_ID0000071 POST_SCRIPT_TERMINATED 1643.0 condorpool - 27
1644474083 individuals_ID0000071 POST_SCRIPT_SUCCESS 0 condorpool - 27
1644474083 individuals_ID0000011 EXECUTE 1669.0 condorpool - 53
1644474084 individuals_ID0000055 EXECUTE 1670.0 condorpool - 54
1644474085 individuals_ID0000049 JOB_TERMINATED 1648.0 condorpool - 32
1644474088 individuals_ID0000049 JOB_SUCCESS 0 condorpool - 32
1644474088 individuals_ID0000049 POST_SCRIPT_STARTED 1648.0 condorpool - 32
1644474088 individuals_ID0000007 JOB_TERMINATED 1650.0 condorpool - 34
1644474088 individuals_ID0000007 JOB_SUCCESS 0 condorpool - 34
1644474088 individuals_ID0000007 POST_SCRIPT_STARTED 1650.0 condorpool - 34
1644474089 individuals_ID0000007 POST_SCRIPT_TERMINATED 1650.0 condorpool - 34
1644474093 individuals_ID0000007 POST_SCRIPT_SUCCESS 0 condorpool - 34
1644474089 individuals_ID0000049 POST_SCRIPT_TERMINATED 1648.0 condorpool - 32
1644474093 individuals_ID0000049 POST_SCRIPT_SUCCESS 0 condorpool - 32
1644474096 individuals_ID0000012 EXECUTE 1671.0 condorpool - 55
1644474098 individuals_ID0000056 EXECUTE 1672.0 condorpool - 56
1644474139 individuals_ID0000072 JOB_TERMINATED 1644.0 condorpool - 28
1644474143 individuals_ID0000072 JOB_SUCCESS 0 condorpool - 28
1644474143 individuals_ID0000072 POST_SCRIPT_STARTED 1644.0 condorpool - 28
1644474143 individuals_ID0000072 POST_SCRIPT_TERMINATED 1644.0 condorpool - 28
1644474148 individuals_ID0000072 POST_SCRIPT_SUCCESS 0 condorpool - 28
1644474148 individuals_ID0000013 EXECUTE 1673.0 condorpool - 57
1644474158 individuals_ID0000004 JOB_TERMINATED 1645.0 condorpool - 29
1644474158 individuals_ID0000004 JOB_SUCCESS 0 condorpool - 29
1644474158 individuals_ID0000004 POST_SCRIPT_STARTED 1645.0 condorpool - 29
1644474159 individuals_ID0000004 POST_SCRIPT_TERMINATED 1645.0 condorpool - 29
1644474163 individuals_ID0000004 POST_SCRIPT_SUCCESS 0 condorpool - 29
1644474164 individuals_ID0000048 JOB_TERMINATED 1646.0 condorpool - 30
1644474168 individuals_ID0000048 JOB_SUCCESS 0 condorpool - 30
1644474168 individuals_ID0000048 POST_SCRIPT_STARTED 1646.0 condorpool - 30
1644474164 individuals_ID0000057 EXECUTE 1674.0 condorpool - 58
1644474168 individuals_ID0000048 POST_SCRIPT_TERMINATED 1646.0 condorpool - 30
1644474173 individuals_ID0000048 POST_SCRIPT_SUCCESS 0 condorpool - 30
1644474168 individuals_ID0000005 JOB_TERMINATED 1647.0 condorpool - 31
1644474173 individuals_ID0000005 JOB_SUCCESS 0 condorpool - 31
1644474173 individuals_ID0000005 POST_SCRIPT_STARTED 1647.0 condorpool - 31
1644474171 individuals_ID0000014 EXECUTE 1675.0 condorpool - 59
1644474173 individuals_ID0000005 POST_SCRIPT_TERMINATED 1647.0 condorpool - 31
1644474178 individuals_ID0000005 POST_SCRIPT_SUCCESS 0 condorpool - 31
1644474176 individuals_ID0000058 EXECUTE 1676.0 condorpool - 60
1644474411 individuals_ID0000045 JOB_TERMINATED 1653.0 condorpool - 37
1644474413 individuals_ID0000045 JOB_SUCCESS 0 condorpool - 37
1644474413 individuals_ID0000045 POST_SCRIPT_STARTED 1653.0 condorpool - 37
1644474414 individuals_ID0000045 POST_SCRIPT_TERMINATED 1653.0 condorpool - 37
1644474418 individuals_ID0000045 POST_SCRIPT_SUCCESS 0 condorpool - 37
1644474458 individuals_ID0000019 EXECUTE 1677.0 condorpool - 61
1644474652 individuals_ID0000002 JOB_TERMINATED 1654.0 condorpool - 38
1644474653 individuals_ID0000002 JOB_SUCCESS 0 condorpool - 38
1644474653 individuals_ID0000002 POST_SCRIPT_STARTED 1654.0 condorpool - 38
1644474653 individuals_ID0000002 POST_SCRIPT_TERMINATED 1654.0 condorpool - 38
1644474658 individuals_ID0000002 POST_SCRIPT_SUCCESS 0 condorpool - 38
1644474657 individuals_ID0000046 JOB_TERMINATED 1655.0 condorpool - 39
1644474658 individuals_ID0000046 JOB_SUCCESS 0 condorpool - 39
1644474658 individuals_ID0000046 POST_SCRIPT_STARTED 1655.0 condorpool - 39
1644474659 individuals_ID0000046 POST_SCRIPT_TERMINATED 1655.0 condorpool - 39
1644474663 individuals_ID0000046 POST_SCRIPT_SUCCESS 0 condorpool - 39
1644474659 individuals_ID0000003 JOB_TERMINATED 1656.0 condorpool - 40
1644474663 individuals_ID0000003 JOB_SUCCESS 0 condorpool - 40
1644474663 individuals_ID0000003 POST_SCRIPT_STARTED 1656.0 condorpool - 40
1644474662 individuals_ID0000047 JOB_TERMINATED 1657.0 condorpool - 41
1644474663 individuals_ID0000047 JOB_SUCCESS 0 condorpool - 41
1644474663 individuals_ID0000047 POST_SCRIPT_STARTED 1657.0 condorpool - 41
1644474663 individuals_ID0000003 POST_SCRIPT_TERMINATED 1656.0 condorpool - 40
1644474668 individuals_ID0000003 POST_SCRIPT_SUCCESS 0 condorpool - 40
1644474663 individuals_ID0000047 POST_SCRIPT_TERMINATED 1657.0 condorpool - 41
1644474668 individuals_ID0000047 POST_SCRIPT_SUCCESS 0 condorpool - 41
1644474706 individuals_ID0000051 EXECUTE 1678.0 condorpool - 62
1644474706 individuals_ID0000053 EXECUTE 1680.0 condorpool - 64
1644474706 individuals_ID0000052 EXECUTE 1679.0 condorpool - 63
1644474706 individuals_ID0000010 EXECUTE 1681.0 condorpool - 65
1644474828 individuals_ID0000008 JOB_TERMINATED 1658.0 condorpool - 42
1644474833 individuals_ID0000008 JOB_SUCCESS 0 condorpool - 42
1644474833 individuals_ID0000008 POST_SCRIPT_STARTED 1658.0 condorpool - 42
1644474831 individuals_ID0000009 JOB_TERMINATED 1659.0 condorpool - 43
1644474833 individuals_ID0000009 JOB_SUCCESS 0 condorpool - 43
1644474833 individuals_ID0000009 POST_SCRIPT_STARTED 1659.0 condorpool - 43
1644474834 individuals_ID0000008 POST_SCRIPT_TERMINATED 1658.0 condorpool - 42
1644474838 individuals_ID0000008 POST_SCRIPT_SUCCESS 0 condorpool - 42
1644474834 individuals_ID0000009 POST_SCRIPT_TERMINATED 1659.0 condorpool - 43
1644474838 individuals_ID0000009 POST_SCRIPT_SUCCESS 0 condorpool - 43
1644474850 individuals_ID0000041 JOB_TERMINATED 1661.0 condorpool - 45
1644474853 individuals_ID0000041 JOB_SUCCESS 0 condorpool - 45
1644474853 individuals_ID0000041 POST_SCRIPT_STARTED 1661.0 condorpool - 45
1644474853 individuals_ID0000041 POST_SCRIPT_TERMINATED 1661.0 condorpool - 45
1644474858 individuals_ID0000041 POST_SCRIPT_SUCCESS 0 condorpool - 45
1644474863 individuals_ID0000016 JOB_TERMINATED 1666.0 condorpool - 50
1644474863 individuals_ID0000016 JOB_SUCCESS 0 condorpool - 50
1644474863 individuals_ID0000016 POST_SCRIPT_STARTED 1666.0 condorpool - 50
1644474863 individuals_ID0000016 POST_SCRIPT_TERMINATED 1666.0 condorpool - 50
1644474868 individuals_ID0000016 POST_SCRIPT_SUCCESS 0 condorpool - 50
1644474863 individuals_ID0000040 JOB_TERMINATED 1660.0 condorpool - 44
1644474868 individuals_ID0000040 JOB_SUCCESS 0 condorpool - 44
1644474868 individuals_ID0000040 POST_SCRIPT_STARTED 1660.0 condorpool - 44
1644474865 individuals_ID0000059 JOB_TERMINATED 1665.0 condorpool - 49
1644474868 individuals_ID0000059 JOB_SUCCESS 0 condorpool - 49
1644474868 individuals_ID0000059 POST_SCRIPT_STARTED 1665.0 condorpool - 49
1644474869 individuals_ID0000040 POST_SCRIPT_TERMINATED 1660.0 condorpool - 44
1644474873 individuals_ID0000040 POST_SCRIPT_SUCCESS 0 condorpool - 44
1644474869 individuals_ID0000059 POST_SCRIPT_TERMINATED 1665.0 condorpool - 49
1644474873 individuals_ID0000059 POST_SCRIPT_SUCCESS 0 condorpool - 49
1644474871 individuals_ID0000042 JOB_TERMINATED 1662.0 condorpool - 46
1644474873 individuals_ID0000042 JOB_SUCCESS 0 condorpool - 46
1644474873 individuals_ID0000042 POST_SCRIPT_STARTED 1662.0 condorpool - 46
1644474873 individuals_ID0000042 POST_SCRIPT_TERMINATED 1662.0 condorpool - 46
1644474878 individuals_ID0000042 POST_SCRIPT_SUCCESS 0 condorpool - 46
1644474876 individuals_ID0000017 JOB_TERMINATED 1667.0 condorpool - 51
1644474878 individuals_ID0000017 JOB_SUCCESS 0 condorpool - 51
1644474878 individuals_ID0000017 POST_SCRIPT_STARTED 1667.0 condorpool - 51
1644474878 individuals_ID0000017 POST_SCRIPT_TERMINATED 1667.0 condorpool - 51
1644474883 individuals_ID0000017 POST_SCRIPT_SUCCESS 0 condorpool - 51
1644474884 individuals_ID0000029 EXECUTE 1687.0 condorpool - 71
1644474887 individuals_ID0000026 EXECUTE 1684.0 condorpool - 68
1644474888 individuals_ID0000027 EXECUTE 1685.0 condorpool - 69
1644474889 individuals_ID0000050 EXECUTE 1683.0 condorpool - 67
1644474889 individuals_ID0000054 EXECUTE 1682.0 condorpool - 66
1644474890 individuals_ID0000028 EXECUTE 1686.0 condorpool - 70
1644474892 individuals_ID0000015 JOB_TERMINATED 1664.0 condorpool - 48
1644474893 individuals_ID0000015 JOB_SUCCESS 0 condorpool - 48
1644474893 individuals_ID0000015 POST_SCRIPT_STARTED 1664.0 condorpool - 48
1644474894 individuals_ID0000015 POST_SCRIPT_TERMINATED 1664.0 condorpool - 48
1644474898 individuals_ID0000015 POST_SCRIPT_SUCCESS 0 condorpool - 48
1644474894 individuals_ID0000018 JOB_TERMINATED 1668.0 condorpool - 52
1644474898 individuals_ID0000018 JOB_SUCCESS 0 condorpool - 52
1644474898 individuals_ID0000018 POST_SCRIPT_STARTED 1668.0 condorpool - 52
1644474898 individuals_ID0000018 POST_SCRIPT_TERMINATED 1668.0 condorpool - 52
1644474903 individuals_ID0000018 POST_SCRIPT_SUCCESS 0 condorpool - 52
1644474899 individuals_ID0000011 JOB_TERMINATED 1669.0 condorpool - 53
1644474903 individuals_ID0000011 JOB_SUCCESS 0 condorpool - 53
1644474903 individuals_ID0000011 POST_SCRIPT_STARTED 1669.0 condorpool - 53
1644474903 individuals_ID0000011 POST_SCRIPT_TERMINATED 1669.0 condorpool - 53
1644474908 individuals_ID0000011 POST_SCRIPT_SUCCESS 0 condorpool - 53
1644474913 individuals_ID0000043 JOB_TERMINATED 1663.0 condorpool - 47
1644474913 individuals_ID0000043 JOB_SUCCESS 0 condorpool - 47
1644474913 individuals_ID0000043 POST_SCRIPT_STARTED 1663.0 condorpool - 47
1644474914 individuals_ID0000043 POST_SCRIPT_TERMINATED 1663.0 condorpool - 47
1644474918 individuals_ID0000043 POST_SCRIPT_SUCCESS 0 condorpool - 47
1644474932 individuals_ID0000055 JOB_TERMINATED 1670.0 condorpool - 54
1644474933 individuals_ID0000055 JOB_SUCCESS 0 condorpool - 54
1644474933 individuals_ID0000055 POST_SCRIPT_STARTED 1670.0 condorpool - 54
1644474933 individuals_ID0000055 POST_SCRIPT_TERMINATED 1670.0 condorpool - 54
1644474938 individuals_ID0000055 POST_SCRIPT_SUCCESS 0 condorpool - 54
1644474934 individuals_ID0000012 JOB_TERMINATED 1671.0 condorpool - 55
1644474938 individuals_ID0000012 JOB_SUCCESS 0 condorpool - 55
1644474938 individuals_ID0000012 POST_SCRIPT_STARTED 1671.0 condorpool - 55
1644474937 individuals_ID0000056 JOB_TERMINATED 1672.0 condorpool - 56
1644474938 individuals_ID0000056 JOB_SUCCESS 0 condorpool - 56
1644474938 individuals_ID0000056 POST_SCRIPT_STARTED 1672.0 condorpool - 56
1644474939 individuals_ID0000012 POST_SCRIPT_TERMINATED 1671.0 condorpool - 55
1644474943 individuals_ID0000012 POST_SCRIPT_SUCCESS 0 condorpool - 55
1644474939 individuals_ID0000056 POST_SCRIPT_TERMINATED 1672.0 condorpool - 56
1644474943 individuals_ID0000056 POST_SCRIPT_SUCCESS 0 condorpool - 56
1644474941 individuals_ID0000066 EXECUTE 1689.0 condorpool - 73
1644474943 individuals_ID0000022 EXECUTE 1688.0 condorpool - 72
1644474946 individuals_ID0000068 EXECUTE 1693.0 condorpool - 77
1644474950 individuals_ID0000023 EXECUTE 1690.0 condorpool - 74
1644474951 individuals_ID0000067 EXECUTE 1691.0 condorpool - 75
1644474952 individuals_ID0000024 EXECUTE 1692.0 condorpool - 76
1644475004 individuals_ID0000025 EXECUTE 1694.0 condorpool - 78
1644475004 individuals_ID0000069 EXECUTE 1695.0 condorpool - 79
1644475005 individuals_ID0000062 EXECUTE 1696.0 condorpool - 80
1644475085 individuals_ID0000013 JOB_TERMINATED 1673.0 condorpool - 57
1644475088 individuals_ID0000013 JOB_SUCCESS 0 condorpool - 57
1644475088 individuals_ID0000013 POST_SCRIPT_STARTED 1673.0 condorpool - 57
1644475088 individuals_ID0000013 POST_SCRIPT_TERMINATED 1673.0 condorpool - 57
1644475093 individuals_ID0000013 POST_SCRIPT_SUCCESS 0 condorpool - 57
1644475115 individuals_ID0000063 EXECUTE 1697.0 condorpool - 81
1644475117 individuals_ID0000057 JOB_TERMINATED 1674.0 condorpool - 58
1644475118 individuals_ID0000057 JOB_SUCCESS 0 condorpool - 58
1644475118 individuals_ID0000057 POST_SCRIPT_STARTED 1674.0 condorpool - 58
1644475118 individuals_ID0000057 POST_SCRIPT_TERMINATED 1674.0 condorpool - 58
1644475123 individuals_ID0000057 POST_SCRIPT_SUCCESS 0 condorpool - 58
1644475126 individuals_ID0000014 JOB_TERMINATED 1675.0 condorpool - 59
1644475128 individuals_ID0000014 JOB_SUCCESS 0 condorpool - 59
1644475128 individuals_ID0000014 POST_SCRIPT_STARTED 1675.0 condorpool - 59
1644475126 individuals_ID0000058 JOB_TERMINATED 1676.0 condorpool - 60
1644475128 individuals_ID0000058 JOB_SUCCESS 0 condorpool - 60
1644475128 individuals_ID0000058 POST_SCRIPT_STARTED 1676.0 condorpool - 60
1644475129 individuals_ID0000058 POST_SCRIPT_TERMINATED 1676.0 condorpool - 60
1644475133 individuals_ID0000058 POST_SCRIPT_SUCCESS 0 condorpool - 60
1644475129 individuals_ID0000014 POST_SCRIPT_TERMINATED 1675.0 condorpool - 59
1644475133 individuals_ID0000014 POST_SCRIPT_SUCCESS 0 condorpool - 59
1644475181 individuals_ID0000021 EXECUTE 1700.0 condorpool - 84
1644475181 individuals_ID0000020 EXECUTE 1698.0 condorpool - 82
1644475181 individuals_ID0000064 EXECUTE 1699.0 condorpool - 83
1644475270 individuals_ID0000019 JOB_TERMINATED 1677.0 condorpool - 61
1644475273 individuals_ID0000019 JOB_SUCCESS 0 condorpool - 61
1644475273 individuals_ID0000019 POST_SCRIPT_STARTED 1677.0 condorpool - 61
1644475273 individuals_ID0000019 POST_SCRIPT_TERMINATED 1677.0 condorpool - 61
1644475278 individuals_ID0000019 POST_SCRIPT_SUCCESS 0 condorpool - 61
1644475278 individuals_ID0000065 EXECUTE 1701.0 condorpool - 85
1644475417 individuals_ID0000052 JOB_TERMINATED 1679.0 condorpool - 63
1644475418 individuals_ID0000052 JOB_SUCCESS 0 condorpool - 63
1644475418 individuals_ID0000052 POST_SCRIPT_STARTED 1679.0 condorpool - 63
1644475417 individuals_ID0000053 JOB_TERMINATED 1680.0 condorpool - 64
1644475418 individuals_ID0000053 JOB_SUCCESS 0 condorpool - 64
1644475418 individuals_ID0000053 POST_SCRIPT_STARTED 1680.0 condorpool - 64
1644475417 individuals_ID0000051 JOB_TERMINATED 1678.0 condorpool - 62
1644475418 individuals_ID0000051 JOB_SUCCESS 0 condorpool - 62
1644475418 individuals_ID0000051 POST_SCRIPT_STARTED 1678.0 condorpool - 62
1644475419 individuals_ID0000053 POST_SCRIPT_TERMINATED 1680.0 condorpool - 64
1644475423 individuals_ID0000053 POST_SCRIPT_SUCCESS 0 condorpool - 64
1644475419 individuals_ID0000052 POST_SCRIPT_TERMINATED 1679.0 condorpool - 63
1644475423 individuals_ID0000052 POST_SCRIPT_SUCCESS 0 condorpool - 63
1644475419 individuals_ID0000051 POST_SCRIPT_TERMINATED 1678.0 condorpool - 62
1644475423 individuals_ID0000051 POST_SCRIPT_SUCCESS 0 condorpool - 62
1644475423 individuals_ID0000010 JOB_TERMINATED 1681.0 condorpool - 65
1644475428 individuals_ID0000010 JOB_SUCCESS 0 condorpool - 65
1644475428 individuals_ID0000010 POST_SCRIPT_STARTED 1681.0 condorpool - 65
1644475427 individuals_ID0000061 EXECUTE 1703.0 condorpool - 87
1644475427 individuals_ID0000060 EXECUTE 1702.0 condorpool - 86
1644475428 individuals_ID0000010 POST_SCRIPT_TERMINATED 1681.0 condorpool - 65
1644475433 individuals_ID0000010 POST_SCRIPT_SUCCESS 0 condorpool - 65
1644475663 individuals_ID0000029 JOB_TERMINATED 1687.0 condorpool - 71
1644475663 individuals_ID0000029 JOB_SUCCESS 0 condorpool - 71
1644475663 individuals_ID0000029 POST_SCRIPT_STARTED 1687.0 condorpool - 71
1644475664 individuals_ID0000029 POST_SCRIPT_TERMINATED 1687.0 condorpool - 71
1644475668 individuals_ID0000029 POST_SCRIPT_SUCCESS 0 condorpool - 71
1644475685 individuals_ID0000026 JOB_TERMINATED 1684.0 condorpool - 68
1644475688 individuals_ID0000026 JOB_SUCCESS 0 condorpool - 68
1644475688 individuals_ID0000026 POST_SCRIPT_STARTED 1684.0 condorpool - 68
1644475686 individuals_ID0000027 JOB_TERMINATED 1685.0 condorpool - 69
1644475688 individuals_ID0000027 JOB_SUCCESS 0 condorpool - 69
1644475688 individuals_ID0000027 POST_SCRIPT_STARTED 1685.0 condorpool - 69
1644475688 individuals_ID0000026 POST_SCRIPT_TERMINATED 1684.0 condorpool - 68
1644475693 individuals_ID0000026 POST_SCRIPT_SUCCESS 0 condorpool - 68
1644475688 individuals_ID0000027 POST_SCRIPT_TERMINATED 1685.0 condorpool - 69
1644475693 individuals_ID0000027 POST_SCRIPT_SUCCESS 0 condorpool - 69
1644475692 individuals_ID0000028 JOB_TERMINATED 1686.0 condorpool - 70
1644475693 individuals_ID0000028 JOB_SUCCESS 0 condorpool - 70
1644475693 individuals_ID0000028 POST_SCRIPT_STARTED 1686.0 condorpool - 70
1644475693 individuals_ID0000028 POST_SCRIPT_TERMINATED 1686.0 condorpool - 70
1644475698 individuals_ID0000028 POST_SCRIPT_SUCCESS 0 condorpool - 70
1644475711 individuals_ID0000050 JOB_TERMINATED 1683.0 condorpool - 67
1644475713 individuals_ID0000050 JOB_SUCCESS 0 condorpool - 67
1644475713 individuals_ID0000050 POST_SCRIPT_STARTED 1683.0 condorpool - 67
1644475714 individuals_ID0000050 POST_SCRIPT_TERMINATED 1683.0 condorpool - 67
1644475718 individuals_ID0000050 POST_SCRIPT_SUCCESS 0 condorpool - 67
1644475720 individuals_ID0000054 JOB_TERMINATED 1682.0 condorpool - 66
1644475723 individuals_ID0000054 JOB_SUCCESS 0 condorpool - 66
1644475723 individuals_ID0000054 POST_SCRIPT_STARTED 1682.0 condorpool - 66
1644475723 individuals_ID0000023 JOB_TERMINATED 1690.0 condorpool - 74
1644475728 individuals_ID0000023 JOB_SUCCESS 0 condorpool - 74
1644475728 individuals_ID0000023 POST_SCRIPT_STARTED 1690.0 condorpool - 74
1644475723 individuals_ID0000054 POST_SCRIPT_TERMINATED 1682.0 condorpool - 66
1644475728 individuals_ID0000054 POST_SCRIPT_SUCCESS 0 condorpool - 66
1644475728 individuals_ID0000023 POST_SCRIPT_TERMINATED 1690.0 condorpool - 74
1644475733 individuals_ID0000023 POST_SCRIPT_SUCCESS 0 condorpool - 74
1644475730 individuals_ID0000024 JOB_TERMINATED 1692.0 condorpool - 76
1644475733 individuals_ID0000024 JOB_SUCCESS 0 condorpool - 76
1644475733 individuals_ID0000024 POST_SCRIPT_STARTED 1692.0 condorpool - 76
1644475731 individuals_ID0000066 JOB_TERMINATED 1689.0 condorpool - 73
1644475733 individuals_ID0000066 JOB_SUCCESS 0 condorpool - 73
1644475733 individuals_ID0000066 POST_SCRIPT_STARTED 1689.0 condorpool - 73
1644475734 individuals_ID0000066 POST_SCRIPT_TERMINATED 1689.0 condorpool - 73
1644475738 individuals_ID0000066 POST_SCRIPT_SUCCESS 0 condorpool - 73
1644475734 individuals_ID0000024 POST_SCRIPT_TERMINATED 1692.0 condorpool - 76
1644475738 individuals_ID0000024 POST_SCRIPT_SUCCESS 0 condorpool - 76
1644475738 individuals_ID0000067 JOB_TERMINATED 1691.0 condorpool - 75
1644475743 individuals_ID0000067 JOB_SUCCESS 0 condorpool - 75
1644475743 individuals_ID0000067 POST_SCRIPT_STARTED 1691.0 condorpool - 75
1644475743 individuals_ID0000067 POST_SCRIPT_TERMINATED 1691.0 condorpool - 75
1644475748 individuals_ID0000067 POST_SCRIPT_SUCCESS 0 condorpool - 75
1644475757 individuals_ID0000022 JOB_TERMINATED 1688.0 condorpool - 72
1644475758 individuals_ID0000022 JOB_SUCCESS 0 condorpool - 72
1644475758 individuals_ID0000022 POST_SCRIPT_STARTED 1688.0 condorpool - 72
1644475759 individuals_ID0000022 POST_SCRIPT_TERMINATED 1688.0 condorpool - 72
1644475763 individuals_ID0000022 POST_SCRIPT_SUCCESS 0 condorpool - 72
1644475763 individuals_ID0000068 JOB_TERMINATED 1693.0 condorpool - 77
1644475768 individuals_ID0000068 JOB_SUCCESS 0 condorpool - 77
1644475768 individuals_ID0000068 POST_SCRIPT_STARTED 1693.0 condorpool - 77
1644475768 individuals_ID0000068 POST_SCRIPT_TERMINATED 1693.0 condorpool - 77
1644475773 individuals_ID0000068 POST_SCRIPT_SUCCESS 0 condorpool - 77
1644475816 individuals_ID0000062 JOB_TERMINATED 1696.0 condorpool - 80
1644475818 individuals_ID0000062 JOB_SUCCESS 0 condorpool - 80
1644475818 individuals_ID0000062 POST_SCRIPT_STARTED 1696.0 condorpool - 80
1644475818 individuals_ID0000025 JOB_TERMINATED 1694.0 condorpool - 78
1644475823 individuals_ID0000025 JOB_SUCCESS 0 condorpool - 78
1644475823 individuals_ID0000025 POST_SCRIPT_STARTED 1694.0 condorpool - 78
1644475818 individuals_ID0000062 POST_SCRIPT_TERMINATED 1696.0 condorpool - 80
1644475823 individuals_ID0000062 POST_SCRIPT_SUCCESS 0 condorpool - 80
1644475822 individuals_ID0000069 JOB_TERMINATED 1695.0 condorpool - 79
1644475823 individuals_ID0000069 JOB_SUCCESS 0 condorpool - 79
1644475823 individuals_ID0000069 POST_SCRIPT_STARTED 1695.0 condorpool - 79
1644475824 individuals_ID0000025 POST_SCRIPT_TERMINATED 1694.0 condorpool - 78
1644475828 individuals_ID0000025 POST_SCRIPT_SUCCESS 0 condorpool - 78
1644475824 individuals_ID0000069 POST_SCRIPT_TERMINATED 1695.0 condorpool - 79
1644475828 individuals_ID0000069 POST_SCRIPT_SUCCESS 0 condorpool - 79
1644475994 individuals_ID0000065 JOB_TERMINATED 1701.0 condorpool - 85
1644475998 individuals_ID0000065 JOB_SUCCESS 0 condorpool - 85
1644475998 individuals_ID0000065 POST_SCRIPT_STARTED 1701.0 condorpool - 85
1644475998 individuals_ID0000065 POST_SCRIPT_TERMINATED 1701.0 condorpool - 85
1644476003 individuals_ID0000065 POST_SCRIPT_SUCCESS 0 condorpool - 85
1644476005 individuals_ID0000063 JOB_TERMINATED 1697.0 condorpool - 81
1644476008 individuals_ID0000063 JOB_SUCCESS 0 condorpool - 81
1644476008 individuals_ID0000063 POST_SCRIPT_STARTED 1697.0 condorpool - 81
1644476008 individuals_ID0000063 POST_SCRIPT_TERMINATED 1697.0 condorpool - 81
1644476013 individuals_ID0000063 POST_SCRIPT_SUCCESS 0 condorpool - 81
1644476069 individuals_ID0000061 JOB_TERMINATED 1703.0 condorpool - 87
1644476074 individuals_ID0000061 JOB_SUCCESS 0 condorpool - 87
1644476074 individuals_ID0000061 POST_SCRIPT_STARTED 1703.0 condorpool - 87
1644476071 individuals_ID0000060 JOB_TERMINATED 1702.0 condorpool - 86
1644476074 individuals_ID0000060 JOB_SUCCESS 0 condorpool - 86
1644476074 individuals_ID0000060 POST_SCRIPT_STARTED 1702.0 condorpool - 86
1644476074 individuals_ID0000061 POST_SCRIPT_TERMINATED 1703.0 condorpool - 87
1644476079 individuals_ID0000061 POST_SCRIPT_SUCCESS 0 condorpool - 87
1644476074 individuals_ID0000060 POST_SCRIPT_TERMINATED 1702.0 condorpool - 86
1644476079 individuals_ID0000060 POST_SCRIPT_SUCCESS 0 condorpool - 86
1644476087 individuals_ID0000020 JOB_TERMINATED 1698.0 condorpool - 82
1644476089 individuals_ID0000020 JOB_SUCCESS 0 condorpool - 82
1644476089 individuals_ID0000020 POST_SCRIPT_STARTED 1698.0 condorpool - 82
1644476089 individuals_ID0000064 JOB_TERMINATED 1699.0 condorpool - 83
1644476089 individuals_ID0000064 JOB_SUCCESS 0 condorpool - 83
1644476089 individuals_ID0000064 POST_SCRIPT_STARTED 1699.0 condorpool - 83
1644476089 individuals_ID0000064 POST_SCRIPT_TERMINATED 1699.0 condorpool - 83
1644476094 individuals_ID0000064 POST_SCRIPT_SUCCESS 0 condorpool - 83
1644476089 individuals_ID0000020 POST_SCRIPT_TERMINATED 1698.0 condorpool - 82
1644476094 individuals_ID0000020 POST_SCRIPT_SUCCESS 0 condorpool - 82
1644476091 individuals_ID0000021 JOB_TERMINATED 1700.0 condorpool - 84
1644476094 individuals_ID0000021 JOB_SUCCESS 0 condorpool - 84
1644476094 individuals_ID0000021 POST_SCRIPT_STARTED 1700.0 condorpool - 84
1644476095 individuals_ID0000021 POST_SCRIPT_TERMINATED 1700.0 condorpool - 84
1644476099 individuals_ID0000021 POST_SCRIPT_SUCCESS 0 condorpool - 84
1644476104 individuals_merge_ID0000076 SUBMIT 1704.0 condorpool - 88
1644476108 individuals_merge_ID0000076 EXECUTE 1704.0 condorpool - 88
1644482376 individuals_merge_ID0000076 JOB_TERMINATED 1704.0 condorpool - 88
1644482379 individuals_merge_ID0000076 JOB_SUCCESS 0 condorpool - 88
1644482379 individuals_merge_ID0000076 POST_SCRIPT_STARTED 1704.0 condorpool - 88
1644482380 individuals_merge_ID0000076 POST_SCRIPT_TERMINATED 1704.0 condorpool - 88
1644482384 individuals_merge_ID0000076 POST_SCRIPT_SUCCESS 0 condorpool - 88
1644482389 frequency_ID0000083 SUBMIT 1705.0 condorpool - 89
1644482389 mutation_overlap_ID0000080 SUBMIT 1706.0 condorpool - 90
1644482389 frequency_ID0000085 SUBMIT 1707.0 condorpool - 91
1644482389 mutation_overlap_ID0000090 SUBMIT 1708.0 condorpool - 92
1644482389 frequency_ID0000091 SUBMIT 1709.0 condorpool - 93
1644482394 frequency_ID0000091 EXECUTE 1709.0 condorpool - 93
1644482394 frequency_ID0000081 SUBMIT 1710.0 condorpool - 94
1644482394 mutation_overlap_ID0000086 SUBMIT 1711.0 condorpool - 95
1644482394 frequency_ID0000079 SUBMIT 1712.0 condorpool - 96
1644482394 mutation_overlap_ID0000088 SUBMIT 1713.0 condorpool - 97
1644482394 mutation_overlap_ID0000082 SUBMIT 1714.0 condorpool - 98
1644482395 frequency_ID0000083 EXECUTE 1705.0 condorpool - 89
1644482395 mutation_overlap_ID0000090 EXECUTE 1708.0 condorpool - 92
1644482395 frequency_ID0000085 EXECUTE 1707.0 condorpool - 91
1644482395 mutation_overlap_ID0000080 EXECUTE 1706.0 condorpool - 90
1644482399 frequency_ID0000087 SUBMIT 1715.0 condorpool - 99
1644482399 mutation_overlap_ID0000084 SUBMIT 1716.0 condorpool - 100
1644482399 frequency_ID0000089 SUBMIT 1717.0 condorpool - 101
1644482399 mutation_overlap_ID0000078 SUBMIT 1718.0 condorpool - 102
1644482416 frequency_ID0000089 EXECUTE 1717.0 condorpool - 101
1644482416 mutation_overlap_ID0000078 EXECUTE 1718.0 condorpool - 102
1644482416 frequency_ID0000081 EXECUTE 1710.0 condorpool - 94
1644482417 mutation_overlap_ID0000086 EXECUTE 1711.0 condorpool - 95
1644482417 frequency_ID0000079 EXECUTE 1712.0 condorpool - 96
1644482417 mutation_overlap_ID0000084 EXECUTE 1716.0 condorpool - 100
1644482417 mutation_overlap_ID0000082 EXECUTE 1714.0 condorpool - 98
1644482417 frequency_ID0000087 EXECUTE 1715.0 condorpool - 99
1644482417 mutation_overlap_ID0000088 EXECUTE 1713.0 condorpool - 97
1644482587 mutation_overlap_ID0000090 JOB_TERMINATED 1708.0 condorpool - 92
1644482589 mutation_overlap_ID0000090 JOB_SUCCESS 0 condorpool - 92
1644482589 mutation_overlap_ID0000090 POST_SCRIPT_STARTED 1708.0 condorpool - 92
1644482590 mutation_overlap_ID0000090 POST_SCRIPT_TERMINATED 1708.0 condorpool - 92
1644482594 mutation_overlap_ID0000090 POST_SCRIPT_SUCCESS 0 condorpool - 92
1644482596 mutation_overlap_ID0000080 JOB_TERMINATED 1706.0 condorpool - 90
1644482599 mutation_overlap_ID0000080 JOB_SUCCESS 0 condorpool - 90
1644482599 mutation_overlap_ID0000080 POST_SCRIPT_STARTED 1706.0 condorpool - 90
1644482599 mutation_overlap_ID0000080 POST_SCRIPT_TERMINATED 1706.0 condorpool - 90
1644482604 mutation_overlap_ID0000080 POST_SCRIPT_SUCCESS 0 condorpool - 90
1644482622 mutation_overlap_ID0000086 JOB_TERMINATED 1711.0 condorpool - 95
1644482624 mutation_overlap_ID0000086 JOB_SUCCESS 0 condorpool - 95
1644482624 mutation_overlap_ID0000086 POST_SCRIPT_STARTED 1711.0 condorpool - 95
1644482622 mutation_overlap_ID0000088 JOB_TERMINATED 1713.0 condorpool - 97
1644482624 mutation_overlap_ID0000088 JOB_SUCCESS 0 condorpool - 97
1644482624 mutation_overlap_ID0000088 POST_SCRIPT_STARTED 1713.0 condorpool - 97
1644482624 mutation_overlap_ID0000086 POST_SCRIPT_TERMINATED 1711.0 condorpool - 95
1644482629 mutation_overlap_ID0000086 POST_SCRIPT_SUCCESS 0 condorpool - 95
1644482624 mutation_overlap_ID0000088 POST_SCRIPT_TERMINATED 1713.0 condorpool - 97
1644482629 mutation_overlap_ID0000088 POST_SCRIPT_SUCCESS 0 condorpool - 97
1644482624 mutation_overlap_ID0000084 JOB_TERMINATED 1716.0 condorpool - 100
1644482629 mutation_overlap_ID0000084 JOB_SUCCESS 0 condorpool - 100
1644482629 mutation_overlap_ID0000084 POST_SCRIPT_STARTED 1716.0 condorpool - 100
1644482625 mutation_overlap_ID0000078 JOB_TERMINATED 1718.0 condorpool - 102
1644482629 mutation_overlap_ID0000078 JOB_SUCCESS 0 condorpool - 102
1644482629 mutation_overlap_ID0000078 POST_SCRIPT_STARTED 1718.0 condorpool - 102
1644482629 mutation_overlap_ID0000078 POST_SCRIPT_TERMINATED 1718.0 condorpool - 102
1644482634 mutation_overlap_ID0000078 POST_SCRIPT_SUCCESS 0 condorpool - 102
1644482629 mutation_overlap_ID0000084 POST_SCRIPT_TERMINATED 1716.0 condorpool - 100
1644482634 mutation_overlap_ID0000084 POST_SCRIPT_SUCCESS 0 condorpool - 100
1644482691 mutation_overlap_ID0000082 JOB_TERMINATED 1714.0 condorpool - 98
1644482694 mutation_overlap_ID0000082 JOB_SUCCESS 0 condorpool - 98
1644482694 mutation_overlap_ID0000082 POST_SCRIPT_STARTED 1714.0 condorpool - 98
1644482695 mutation_overlap_ID0000082 POST_SCRIPT_TERMINATED 1714.0 condorpool - 98
1644482699 mutation_overlap_ID0000082 POST_SCRIPT_SUCCESS 0 condorpool - 98
1644483164 frequency_ID0000089 JOB_TERMINATED 1717.0 condorpool - 101
1644483169 frequency_ID0000089 JOB_SUCCESS 0 condorpool - 101
1644483169 frequency_ID0000089 POST_SCRIPT_STARTED 1717.0 condorpool - 101
1644483167 frequency_ID0000085 JOB_TERMINATED 1707.0 condorpool - 91
1644483169 frequency_ID0000085 JOB_SUCCESS 0 condorpool - 91
1644483169 frequency_ID0000085 POST_SCRIPT_STARTED 1707.0 condorpool - 91
1644483169 frequency_ID0000089 POST_SCRIPT_TERMINATED 1717.0 condorpool - 101
1644483174 frequency_ID0000089 POST_SCRIPT_SUCCESS 0 condorpool - 101
1644483169 frequency_ID0000085 POST_SCRIPT_TERMINATED 1707.0 condorpool - 91
1644483174 frequency_ID0000085 POST_SCRIPT_SUCCESS 0 condorpool - 91
1644483170 frequency_ID0000087 JOB_TERMINATED 1715.0 condorpool - 99
1644483174 frequency_ID0000087 JOB_SUCCESS 0 condorpool - 99
1644483174 frequency_ID0000087 POST_SCRIPT_STARTED 1715.0 condorpool - 99
1644483175 frequency_ID0000087 POST_SCRIPT_TERMINATED 1715.0 condorpool - 99
1644483179 frequency_ID0000087 POST_SCRIPT_SUCCESS 0 condorpool - 99
1644483190 frequency_ID0000091 JOB_TERMINATED 1709.0 condorpool - 93
1644483194 frequency_ID0000091 JOB_SUCCESS 0 condorpool - 93
1644483194 frequency_ID0000091 POST_SCRIPT_STARTED 1709.0 condorpool - 93
1644483194 frequency_ID0000091 POST_SCRIPT_TERMINATED 1709.0 condorpool - 93
1644483199 frequency_ID0000091 POST_SCRIPT_SUCCESS 0 condorpool - 93
1644483261 frequency_ID0000083 JOB_TERMINATED 1705.0 condorpool - 89
1644483264 frequency_ID0000083 JOB_SUCCESS 0 condorpool - 89
1644483264 frequency_ID0000083 POST_SCRIPT_STARTED 1705.0 condorpool - 89
1644483265 frequency_ID0000083 POST_SCRIPT_TERMINATED 1705.0 condorpool - 89
1644483269 frequency_ID0000083 POST_SCRIPT_SUCCESS 0 condorpool - 89
1644483274 stage_out_local_local_2_0 SUBMIT 1719.0 local - 103
1644483274 stage_out_local_local_2_0 EXECUTE 1719.0 local - 103
1644483278 stage_out_local_local_2_0 JOB_TERMINATED 1719.0 local - 103
1644483279 stage_out_local_local_2_0 JOB_SUCCESS 0 local - 103
1644483279 stage_out_local_local_2_0 POST_SCRIPT_STARTED 1719.0 local - 103
1644483279 stage_out_local_local_2_0 POST_SCRIPT_TERMINATED 1719.0 local - 103
1644483284 stage_out_local_local_2_0 POST_SCRIPT_SUCCESS 0 local - 103
1644483317 frequency_ID0000081 JOB_TERMINATED 1710.0 condorpool - 94
1644483319 frequency_ID0000081 JOB_SUCCESS 0 condorpool - 94
1644483319 frequency_ID0000081 POST_SCRIPT_STARTED 1710.0 condorpool - 94
1644483320 frequency_ID0000081 POST_SCRIPT_TERMINATED 1710.0 condorpool - 94
1644483324 frequency_ID0000081 POST_SCRIPT_SUCCESS 0 condorpool - 94
1644483412 frequency_ID0000079 JOB_TERMINATED 1712.0 condorpool - 96
1644483414 frequency_ID0000079 JOB_SUCCESS 0 condorpool - 96
1644483414 frequency_ID0000079 POST_SCRIPT_STARTED 1712.0 condorpool - 96
1644483414 frequency_ID0000079 POST_SCRIPT_TERMINATED 1712.0 condorpool - 96
1644483419 frequency_ID0000079 POST_SCRIPT_SUCCESS 0 condorpool - 96
1644483424 stage_out_local_local_2_1 SUBMIT 1720.0 local - 104
1644483424 stage_out_local_local_2_1 EXECUTE 1720.0 local - 104
1644483429 stage_out_local_local_2_1 JOB_TERMINATED 1720.0 local - 104
1644483429 stage_out_local_local_2_1 JOB_SUCCESS 0 local - 104
1644483429 stage_out_local_local_2_1 POST_SCRIPT_STARTED 1720.0 local - 104
1644483430 stage_out_local_local_2_1 POST_SCRIPT_TERMINATED 1720.0 local - 104
1644483434 stage_out_local_local_2_1 POST_SCRIPT_SUCCESS 0 local - 104
1644483439 cleanup_1000-genome_0_local SUBMIT 1721.0 local - 105
1644483439 cleanup_1000-genome_0_local EXECUTE 1721.0 local - 105
1644483441 cleanup_1000-genome_0_local JOB_TERMINATED 1721.0 local - 105
1644483444 cleanup_1000-genome_0_local JOB_SUCCESS 0 local - 105
1644483444 cleanup_1000-genome_0_local POST_SCRIPT_STARTED 1721.0 local - 105
1644483444 cleanup_1000-genome_0_local POST_SCRIPT_TERMINATED 1721.0 local - 105
1644483449 cleanup_1000-genome_0_local POST_SCRIPT_SUCCESS 0 local - 105
1644483449 INTERNAL *** DAGMAN_FINISHED 0 ***
1644483450 INTERNAL *** MONITORD_FINISHED 0 ***
