1645766082 INTERNAL *** MONITORD_STARTED ***
1645766081 INTERNAL *** DAGMAN_STARTED 2657.0 ***
1645766085 create_dir_1000-genome_0_local SUBMIT 2658.0 local - 1
1645766086 create_dir_1000-genome_0_local EXECUTE 2658.0 local - 1
1645766088 create_dir_1000-genome_0_local JOB_TERMINATED 2658.0 local - 1
1645766090 create_dir_1000-genome_0_local JOB_SUCCESS 0 local - 1
1645766090 create_dir_1000-genome_0_local POST_SCRIPT_STARTED 2658.0 local - 1
1645766090 create_dir_1000-genome_0_local POST_SCRIPT_TERMINATED 2658.0 local - 1
1645766095 create_dir_1000-genome_0_local POST_SCRIPT_SUCCESS 0 local - 1
1645766100 stage_in_remote_local_2_0 SUBMIT 2659.0 local - 2
1645766100 stage_in_remote_local_2_0 EXECUTE 2659.0 local - 2
1645766100 stage_in_remote_local_1_0 SUBMIT 2660.0 local - 3
1645766100 stage_in_remote_local_0_0 SUBMIT 2661.0 local - 4
1645766100 stage_in_local_local_0_0 SUBMIT 2662.0 local - 5
1645766100 stage_in_local_local_2_0 SUBMIT 2663.0 local - 6
1645766102 stage_in_remote_local_2_0 JOB_TERMINATED 2659.0 local - 2
1645766105 stage_in_remote_local_2_0 JOB_SUCCESS 0 local - 2
1645766105 stage_in_remote_local_2_0 POST_SCRIPT_STARTED 2659.0 local - 2
1645766102 stage_in_local_local_2_0 EXECUTE 2663.0 local - 6
1645766102 stage_in_local_local_0_0 EXECUTE 2662.0 local - 5
1645766102 stage_in_remote_local_0_0 EXECUTE 2661.0 local - 4
1645766102 stage_in_remote_local_1_0 EXECUTE 2660.0 local - 3
1645766105 stage_in_remote_local_0_0 JOB_TERMINATED 2661.0 local - 4
1645766105 stage_in_remote_local_0_0 JOB_SUCCESS 0 local - 4
1645766105 stage_in_remote_local_0_0 POST_SCRIPT_STARTED 2661.0 local - 4
1645766105 stage_in_remote_local_1_0 JOB_TERMINATED 2660.0 local - 3
1645766105 stage_in_remote_local_1_0 JOB_SUCCESS 0 local - 3
1645766105 stage_in_remote_local_1_0 POST_SCRIPT_STARTED 2660.0 local - 3
1645766105 stage_in_local_local_0_0 JOB_TERMINATED 2662.0 local - 5
1645766105 stage_in_local_local_0_0 JOB_SUCCESS 0 local - 5
1645766105 stage_in_local_local_0_0 POST_SCRIPT_STARTED 2662.0 local - 5
1645766105 stage_in_remote_local_0_1 SUBMIT 2664.0 local - 7
1645766105 stage_in_remote_local_0_1 EXECUTE 2664.0 local - 7
1645766105 stage_in_local_local_0_1 SUBMIT 2665.0 local - 8
1645766105 stage_in_local_local_0_1 EXECUTE 2665.0 local - 8
1645766105 stage_in_local_local_2_1 SUBMIT 2666.0 local - 9
1645766105 stage_in_local_local_2_1 EXECUTE 2666.0 local - 9
1645766105 stage_in_remote_local_2_1 SUBMIT 2667.0 local - 10
1645766105 stage_in_local_local_0_2 SUBMIT 2668.0 local - 11
1645766106 stage_in_remote_local_2_0 POST_SCRIPT_TERMINATED 2659.0 local - 2
1645766110 stage_in_remote_local_2_0 POST_SCRIPT_SUCCESS 0 local - 2
1645766106 stage_in_remote_local_1_0 POST_SCRIPT_TERMINATED 2660.0 local - 3
1645766110 stage_in_remote_local_1_0 POST_SCRIPT_SUCCESS 0 local - 3
1645766106 stage_in_remote_local_0_0 POST_SCRIPT_TERMINATED 2661.0 local - 4
1645766110 stage_in_remote_local_0_0 POST_SCRIPT_SUCCESS 0 local - 4
1645766106 stage_in_local_local_0_0 POST_SCRIPT_TERMINATED 2662.0 local - 5
1645766110 stage_in_local_local_0_0 POST_SCRIPT_SUCCESS 0 local - 5
1645766106 stage_in_local_local_0_2 EXECUTE 2668.0 local - 11
1645766106 stage_in_remote_local_2_1 EXECUTE 2667.0 local - 10
1645766107 stage_in_local_local_2_0 JOB_TERMINATED 2663.0 local - 6
1645766110 stage_in_local_local_2_0 JOB_SUCCESS 0 local - 6
1645766110 stage_in_local_local_2_0 POST_SCRIPT_STARTED 2663.0 local - 6
1645766108 stage_in_remote_local_0_1 JOB_TERMINATED 2664.0 local - 7
1645766110 stage_in_remote_local_0_1 JOB_SUCCESS 0 local - 7
1645766110 stage_in_remote_local_0_1 POST_SCRIPT_STARTED 2664.0 local - 7
1645766108 stage_in_local_local_0_1 JOB_TERMINATED 2665.0 local - 8
1645766110 stage_in_local_local_0_1 JOB_SUCCESS 0 local - 8
1645766110 stage_in_local_local_0_1 POST_SCRIPT_STARTED 2665.0 local - 8
1645766108 stage_in_local_local_0_2 JOB_TERMINATED 2668.0 local - 11
1645766110 stage_in_local_local_0_2 JOB_SUCCESS 0 local - 11
1645766110 stage_in_local_local_0_2 POST_SCRIPT_STARTED 2668.0 local - 11
1645766108 stage_in_remote_local_2_1 JOB_TERMINATED 2667.0 local - 10
1645766110 stage_in_remote_local_2_1 JOB_SUCCESS 0 local - 10
1645766110 stage_in_remote_local_2_1 POST_SCRIPT_STARTED 2667.0 local - 10
1645766110 stage_in_local_local_2_1 JOB_TERMINATED 2666.0 local - 9
1645766110 stage_in_local_local_2_1 JOB_SUCCESS 0 local - 9
1645766110 stage_in_local_local_2_1 POST_SCRIPT_STARTED 2666.0 local - 9
1645766110 stage_in_local_local_0_2 POST_SCRIPT_TERMINATED 2668.0 local - 11
1645766115 stage_in_local_local_0_2 POST_SCRIPT_SUCCESS 0 local - 11
1645766110 stage_in_local_local_2_1 POST_SCRIPT_TERMINATED 2666.0 local - 9
1645766115 stage_in_local_local_2_1 POST_SCRIPT_SUCCESS 0 local - 9
1645766110 stage_in_remote_local_0_1 POST_SCRIPT_TERMINATED 2664.0 local - 7
1645766115 stage_in_remote_local_0_1 POST_SCRIPT_SUCCESS 0 local - 7
1645766110 stage_in_local_local_2_0 POST_SCRIPT_TERMINATED 2663.0 local - 6
1645766115 stage_in_local_local_2_0 POST_SCRIPT_SUCCESS 0 local - 6
1645766110 stage_in_remote_local_2_1 POST_SCRIPT_TERMINATED 2667.0 local - 10
1645766115 stage_in_remote_local_2_1 POST_SCRIPT_SUCCESS 0 local - 10
1645766110 stage_in_local_local_0_1 POST_SCRIPT_TERMINATED 2665.0 local - 8
1645766115 stage_in_local_local_0_1 POST_SCRIPT_SUCCESS 0 local - 8
1645766120 sifting_ID0000052 SUBMIT 2669.0 condorpool - 12
1645766120 individuals_ID0000037 SUBMIT 2670.0 condorpool - 13
1645766120 individuals_ID0000038 SUBMIT 2671.0 condorpool - 14
1645766120 individuals_ID0000039 SUBMIT 2672.0 condorpool - 15
1645766120 individuals_ID0000033 SUBMIT 2673.0 condorpool - 16
1645766122 sifting_ID0000052 EXECUTE 2669.0 condorpool - 12
1645766125 individuals_ID0000034 SUBMIT 2674.0 condorpool - 17
1645766125 individuals_ID0000035 SUBMIT 2675.0 condorpool - 18
1645766125 individuals_ID0000036 SUBMIT 2676.0 condorpool - 19
1645766125 individuals_ID0000030 SUBMIT 2677.0 condorpool - 20
1645766125 individuals_ID0000031 SUBMIT 2678.0 condorpool - 21
1645766127 individuals_ID0000033 EXECUTE 2673.0 condorpool - 16
1645766128 sifting_ID0000052 JOB_TERMINATED 2669.0 condorpool - 12
1645766131 sifting_ID0000052 JOB_SUCCESS 0 condorpool - 12
1645766131 sifting_ID0000052 POST_SCRIPT_STARTED 2669.0 condorpool - 12
1645766129 individuals_ID0000037 EXECUTE 2670.0 condorpool - 13
1645766131 individuals_ID0000032 SUBMIT 2679.0 condorpool - 22
1645766131 individuals_ID0000004 SUBMIT 2680.0 condorpool - 23
1645766131 individuals_ID0000048 SUBMIT 2681.0 condorpool - 24
1645766131 individuals_ID0000005 SUBMIT 2682.0 condorpool - 25
1645766131 individuals_ID0000049 SUBMIT 2683.0 condorpool - 26
1645766131 sifting_ID0000052 POST_SCRIPT_TERMINATED 2669.0 condorpool - 12
1645766136 sifting_ID0000052 POST_SCRIPT_SUCCESS 0 condorpool - 12
1645766132 individuals_ID0000039 EXECUTE 2672.0 condorpool - 15
1645766133 individuals_ID0000038 EXECUTE 2671.0 condorpool - 14
1645766135 individuals_ID0000034 EXECUTE 2674.0 condorpool - 17
1645766136 individuals_ID0000006 SUBMIT 2684.0 condorpool - 27
1645766136 individuals_ID0000007 SUBMIT 2685.0 condorpool - 28
1645766136 individuals_ID0000044 SUBMIT 2686.0 condorpool - 29
1645766136 individuals_ID0000001 SUBMIT 2687.0 condorpool - 30
1645766136 individuals_ID0000045 SUBMIT 2688.0 condorpool - 31
1645766141 individuals_ID0000002 SUBMIT 2689.0 condorpool - 32
1645766141 individuals_ID0000046 SUBMIT 2690.0 condorpool - 33
1645766141 individuals_ID0000003 SUBMIT 2691.0 condorpool - 34
1645766141 individuals_ID0000047 SUBMIT 2692.0 condorpool - 35
1645766141 individuals_ID0000008 SUBMIT 2693.0 condorpool - 36
1645766146 individuals_ID0000009 SUBMIT 2694.0 condorpool - 37
1645766146 individuals_ID0000040 SUBMIT 2695.0 condorpool - 38
1645766147 individuals_ID0000041 SUBMIT 2696.0 condorpool - 39
1645766147 individuals_ID0000042 SUBMIT 2697.0 condorpool - 40
1645766147 individuals_ID0000043 SUBMIT 2698.0 condorpool - 41
1645766150 individuals_ID0000032 EXECUTE 2679.0 condorpool - 22
1645766152 individuals_ID0000015 SUBMIT 2699.0 condorpool - 42
1645766152 individuals_ID0000016 SUBMIT 2700.0 condorpool - 43
1645766152 individuals_ID0000017 SUBMIT 2701.0 condorpool - 44
1645766152 individuals_ID0000018 SUBMIT 2702.0 condorpool - 45
1645766152 individuals_ID0000011 SUBMIT 2703.0 condorpool - 46
1645766153 individuals_ID0000044 EXECUTE 2686.0 condorpool - 29
1645766157 individuals_ID0000012 SUBMIT 2704.0 condorpool - 47
1645766157 individuals_ID0000013 SUBMIT 2705.0 condorpool - 48
1645766157 individuals_ID0000014 SUBMIT 2706.0 condorpool - 49
1645766157 individuals_ID0000019 SUBMIT 2707.0 condorpool - 50
1645766157 individuals_ID0000010 SUBMIT 2708.0 condorpool - 51
1645766160 individuals_ID0000048 EXECUTE 2681.0 condorpool - 24
1645766160 individuals_ID0000006 EXECUTE 2684.0 condorpool - 27
1645766162 individuals_ID0000050 SUBMIT 2709.0 condorpool - 52
1645766162 individuals_ID0000026 SUBMIT 2710.0 condorpool - 53
1645766162 individuals_ID0000027 SUBMIT 2711.0 condorpool - 54
1645766162 individuals_ID0000028 SUBMIT 2712.0 condorpool - 55
1645766162 individuals_ID0000029 SUBMIT 2713.0 condorpool - 56
1645766164 individuals_ID0000045 EXECUTE 2688.0 condorpool - 31
1645766166 individuals_ID0000049 EXECUTE 2683.0 condorpool - 26
1645766166 individuals_ID0000005 EXECUTE 2682.0 condorpool - 25
1645766167 individuals_ID0000022 SUBMIT 2714.0 condorpool - 57
1645766167 individuals_ID0000023 SUBMIT 2715.0 condorpool - 58
1645766167 individuals_ID0000024 SUBMIT 2716.0 condorpool - 59
1645766168 individuals_ID0000025 SUBMIT 2717.0 condorpool - 60
1645766168 individuals_ID0000020 SUBMIT 2718.0 condorpool - 61
1645766169 individuals_ID0000031 EXECUTE 2678.0 condorpool - 21
1645766173 individuals_ID0000021 SUBMIT 2719.0 condorpool - 62
1645766173 individuals_ID0000035 EXECUTE 2675.0 condorpool - 18
1645766173 individuals_ID0000004 EXECUTE 2680.0 condorpool - 23
1645766173 individuals_ID0000036 EXECUTE 2676.0 condorpool - 19
1645766173 individuals_ID0000030 EXECUTE 2677.0 condorpool - 20
1645766175 individuals_ID0000043 EXECUTE 2698.0 condorpool - 41
1645766177 individuals_ID0000001 EXECUTE 2687.0 condorpool - 30
1645766183 individuals_ID0000040 EXECUTE 2695.0 condorpool - 38
1645766183 individuals_ID0000041 EXECUTE 2696.0 condorpool - 39
1645766184 individuals_ID0000017 EXECUTE 2701.0 condorpool - 44
1645766196 individuals_ID0000003 EXECUTE 2691.0 condorpool - 34
1645766200 individuals_ID0000019 EXECUTE 2707.0 condorpool - 50
1645766207 individuals_ID0000014 EXECUTE 2706.0 condorpool - 49
1645766208 individuals_ID0000007 EXECUTE 2685.0 condorpool - 28
1645766209 individuals_ID0000016 EXECUTE 2700.0 condorpool - 43
1645766210 individuals_ID0000009 EXECUTE 2694.0 condorpool - 37
1645766211 individuals_ID0000047 EXECUTE 2692.0 condorpool - 35
1645766211 individuals_ID0000046 EXECUTE 2690.0 condorpool - 33
1645766216 individuals_ID0000015 EXECUTE 2699.0 condorpool - 42
1645766228 individuals_ID0000008 EXECUTE 2693.0 condorpool - 36
1645766230 individuals_ID0000018 EXECUTE 2702.0 condorpool - 45
1645766234 individuals_ID0000013 EXECUTE 2705.0 condorpool - 48
1645766234 individuals_ID0000042 EXECUTE 2697.0 condorpool - 40
1645766239 individuals_ID0000050 EXECUTE 2709.0 condorpool - 52
1645766241 individuals_ID0000012 EXECUTE 2704.0 condorpool - 47
1645766241 individuals_ID0000011 EXECUTE 2703.0 condorpool - 46
1645766244 individuals_ID0000002 EXECUTE 2689.0 condorpool - 32
1645766247 individuals_ID0000026 EXECUTE 2710.0 condorpool - 53
1645766251 individuals_ID0000025 EXECUTE 2717.0 condorpool - 60
1645766255 individuals_ID0000029 EXECUTE 2713.0 condorpool - 56
1645766258 individuals_ID0000010 EXECUTE 2708.0 condorpool - 51
1645766258 individuals_ID0000022 EXECUTE 2714.0 condorpool - 57
1645766269 individuals_ID0000027 EXECUTE 2711.0 condorpool - 54
1645766270 individuals_ID0000028 EXECUTE 2712.0 condorpool - 55
1645766271 individuals_ID0000024 EXECUTE 2716.0 condorpool - 59
1645766271 individuals_ID0000023 EXECUTE 2715.0 condorpool - 58
1645766689 individuals_ID0000001 JOB_TERMINATED 2687.0 condorpool - 30
1645766693 individuals_ID0000001 JOB_SUCCESS 0 condorpool - 30
1645766693 individuals_ID0000001 POST_SCRIPT_STARTED 2687.0 condorpool - 30
1645766693 individuals_ID0000001 POST_SCRIPT_TERMINATED 2687.0 condorpool - 30
1645766698 individuals_ID0000001 POST_SCRIPT_SUCCESS 0 condorpool - 30
1645766695 individuals_ID0000020 EXECUTE 2718.0 condorpool - 61
1645766842 individuals_ID0000033 JOB_TERMINATED 2673.0 condorpool - 16
1645766844 individuals_ID0000033 JOB_SUCCESS 0 condorpool - 16
1645766844 individuals_ID0000033 POST_SCRIPT_STARTED 2673.0 condorpool - 16
1645766844 individuals_ID0000033 POST_SCRIPT_TERMINATED 2673.0 condorpool - 16
1645766849 individuals_ID0000033 POST_SCRIPT_SUCCESS 0 condorpool - 16
1645766848 individuals_ID0000021 EXECUTE 2719.0 condorpool - 62
1645766884 individuals_ID0000032 JOB_TERMINATED 2679.0 condorpool - 22
1645766889 individuals_ID0000032 JOB_SUCCESS 0 condorpool - 22
1645766889 individuals_ID0000032 POST_SCRIPT_STARTED 2679.0 condorpool - 22
1645766889 individuals_ID0000032 POST_SCRIPT_TERMINATED 2679.0 condorpool - 22
1645766894 individuals_ID0000032 POST_SCRIPT_SUCCESS 0 condorpool - 22
1645766902 individuals_ID0000048 JOB_TERMINATED 2681.0 condorpool - 24
1645766904 individuals_ID0000048 JOB_SUCCESS 0 condorpool - 24
1645766904 individuals_ID0000048 POST_SCRIPT_STARTED 2681.0 condorpool - 24
1645766905 individuals_ID0000048 POST_SCRIPT_TERMINATED 2681.0 condorpool - 24
1645766909 individuals_ID0000048 POST_SCRIPT_SUCCESS 0 condorpool - 24
1645766911 individuals_ID0000036 JOB_TERMINATED 2676.0 condorpool - 19
1645766914 individuals_ID0000036 JOB_SUCCESS 0 condorpool - 19
1645766914 individuals_ID0000036 POST_SCRIPT_STARTED 2676.0 condorpool - 19
1645766914 individuals_ID0000036 POST_SCRIPT_TERMINATED 2676.0 condorpool - 19
1645766919 individuals_ID0000036 POST_SCRIPT_SUCCESS 0 condorpool - 19
1645766917 individuals_ID0000030 JOB_TERMINATED 2677.0 condorpool - 20
1645766919 individuals_ID0000030 JOB_SUCCESS 0 condorpool - 20
1645766919 individuals_ID0000030 POST_SCRIPT_STARTED 2677.0 condorpool - 20
1645766919 individuals_ID0000035 JOB_TERMINATED 2675.0 condorpool - 18
1645766919 individuals_ID0000035 JOB_SUCCESS 0 condorpool - 18
1645766919 individuals_ID0000035 POST_SCRIPT_STARTED 2675.0 condorpool - 18
1645766919 individuals_ID0000030 POST_SCRIPT_TERMINATED 2677.0 condorpool - 20
1645766924 individuals_ID0000030 POST_SCRIPT_SUCCESS 0 condorpool - 20
1645766919 individuals_ID0000035 POST_SCRIPT_TERMINATED 2675.0 condorpool - 18
1645766924 individuals_ID0000035 POST_SCRIPT_SUCCESS 0 condorpool - 18
1645766936 individuals_ID0000004 JOB_TERMINATED 2680.0 condorpool - 23
1645766939 individuals_ID0000004 JOB_SUCCESS 0 condorpool - 23
1645766939 individuals_ID0000004 POST_SCRIPT_STARTED 2680.0 condorpool - 23
1645766939 individuals_ID0000031 JOB_TERMINATED 2678.0 condorpool - 21
1645766939 individuals_ID0000031 JOB_SUCCESS 0 condorpool - 21
1645766939 individuals_ID0000031 POST_SCRIPT_STARTED 2678.0 condorpool - 21
1645766940 individuals_ID0000004 POST_SCRIPT_TERMINATED 2680.0 condorpool - 23
1645766944 individuals_ID0000004 POST_SCRIPT_SUCCESS 0 condorpool - 23
1645766940 individuals_ID0000031 POST_SCRIPT_TERMINATED 2678.0 condorpool - 21
1645766944 individuals_ID0000031 POST_SCRIPT_SUCCESS 0 condorpool - 21
1645766972 individuals_ID0000018 JOB_TERMINATED 2702.0 condorpool - 45
1645766974 individuals_ID0000018 JOB_SUCCESS 0 condorpool - 45
1645766974 individuals_ID0000018 POST_SCRIPT_STARTED 2702.0 condorpool - 45
1645766974 individuals_ID0000018 POST_SCRIPT_TERMINATED 2702.0 condorpool - 45
1645766979 individuals_ID0000018 POST_SCRIPT_SUCCESS 0 condorpool - 45
1645766976 individuals_ID0000013 JOB_TERMINATED 2705.0 condorpool - 48
1645766979 individuals_ID0000013 JOB_SUCCESS 0 condorpool - 48
1645766979 individuals_ID0000013 POST_SCRIPT_STARTED 2705.0 condorpool - 48
1645766979 individuals_ID0000013 POST_SCRIPT_TERMINATED 2705.0 condorpool - 48
1645766984 individuals_ID0000013 POST_SCRIPT_SUCCESS 0 condorpool - 48
1645766980 individuals_ID0000012 JOB_TERMINATED 2704.0 condorpool - 47
1645766984 individuals_ID0000012 JOB_SUCCESS 0 condorpool - 47
1645766984 individuals_ID0000012 POST_SCRIPT_STARTED 2704.0 condorpool - 47
1645766985 individuals_ID0000012 POST_SCRIPT_TERMINATED 2704.0 condorpool - 47
1645766989 individuals_ID0000012 POST_SCRIPT_SUCCESS 0 condorpool - 47
1645766989 individuals_ID0000011 JOB_TERMINATED 2703.0 condorpool - 46
1645766994 individuals_ID0000011 JOB_SUCCESS 0 condorpool - 46
1645766994 individuals_ID0000011 POST_SCRIPT_STARTED 2703.0 condorpool - 46
1645766994 individuals_ID0000011 POST_SCRIPT_TERMINATED 2703.0 condorpool - 46
1645766999 individuals_ID0000011 POST_SCRIPT_SUCCESS 0 condorpool - 46
1645767017 individuals_ID0000037 JOB_TERMINATED 2670.0 condorpool - 13
1645767019 individuals_ID0000037 JOB_SUCCESS 0 condorpool - 13
1645767019 individuals_ID0000037 POST_SCRIPT_STARTED 2670.0 condorpool - 13
1645767019 individuals_ID0000034 JOB_TERMINATED 2674.0 condorpool - 17
1645767024 individuals_ID0000034 JOB_SUCCESS 0 condorpool - 17
1645767024 individuals_ID0000034 POST_SCRIPT_STARTED 2674.0 condorpool - 17
1645767020 individuals_ID0000037 POST_SCRIPT_TERMINATED 2670.0 condorpool - 13
1645767024 individuals_ID0000037 POST_SCRIPT_SUCCESS 0 condorpool - 13
1645767024 individuals_ID0000034 POST_SCRIPT_TERMINATED 2674.0 condorpool - 17
1645767029 individuals_ID0000034 POST_SCRIPT_SUCCESS 0 condorpool - 17
1645767025 individuals_ID0000039 JOB_TERMINATED 2672.0 condorpool - 15
1645767029 individuals_ID0000039 JOB_SUCCESS 0 condorpool - 15
1645767029 individuals_ID0000039 POST_SCRIPT_STARTED 2672.0 condorpool - 15
1645767026 individuals_ID0000038 JOB_TERMINATED 2671.0 condorpool - 14
1645767029 individuals_ID0000038 JOB_SUCCESS 0 condorpool - 14
1645767029 individuals_ID0000038 POST_SCRIPT_STARTED 2671.0 condorpool - 14
1645767029 individuals_ID0000038 POST_SCRIPT_TERMINATED 2671.0 condorpool - 14
1645767034 individuals_ID0000038 POST_SCRIPT_SUCCESS 0 condorpool - 14
1645767029 individuals_ID0000039 POST_SCRIPT_TERMINATED 2672.0 condorpool - 15
1645767034 individuals_ID0000039 POST_SCRIPT_SUCCESS 0 condorpool - 15
1645767060 individuals_ID0000040 JOB_TERMINATED 2695.0 condorpool - 38
1645767064 individuals_ID0000040 JOB_SUCCESS 0 condorpool - 38
1645767064 individuals_ID0000040 POST_SCRIPT_STARTED 2695.0 condorpool - 38
1645767065 individuals_ID0000040 POST_SCRIPT_TERMINATED 2695.0 condorpool - 38
1645767069 individuals_ID0000040 POST_SCRIPT_SUCCESS 0 condorpool - 38
1645767066 individuals_ID0000009 JOB_TERMINATED 2694.0 condorpool - 37
1645767069 individuals_ID0000009 JOB_SUCCESS 0 condorpool - 37
1645767069 individuals_ID0000009 POST_SCRIPT_STARTED 2694.0 condorpool - 37
1645767067 individuals_ID0000041 JOB_TERMINATED 2696.0 condorpool - 39
1645767069 individuals_ID0000041 JOB_SUCCESS 0 condorpool - 39
1645767069 individuals_ID0000041 POST_SCRIPT_STARTED 2696.0 condorpool - 39
1645767069 individuals_ID0000009 POST_SCRIPT_TERMINATED 2694.0 condorpool - 37
1645767074 individuals_ID0000009 POST_SCRIPT_SUCCESS 0 condorpool - 37
1645767069 individuals_ID0000041 POST_SCRIPT_TERMINATED 2696.0 condorpool - 39
1645767074 individuals_ID0000041 POST_SCRIPT_SUCCESS 0 condorpool - 39
1645767080 individuals_ID0000042 JOB_TERMINATED 2697.0 condorpool - 40
1645767084 individuals_ID0000042 JOB_SUCCESS 0 condorpool - 40
1645767084 individuals_ID0000042 POST_SCRIPT_STARTED 2697.0 condorpool - 40
1645767084 individuals_ID0000042 POST_SCRIPT_TERMINATED 2697.0 condorpool - 40
1645767089 individuals_ID0000042 POST_SCRIPT_SUCCESS 0 condorpool - 40
1645767150 individuals_ID0000003 JOB_TERMINATED 2691.0 condorpool - 34
1645767154 individuals_ID0000003 JOB_SUCCESS 0 condorpool - 34
1645767154 individuals_ID0000003 POST_SCRIPT_STARTED 2691.0 condorpool - 34
1645767155 individuals_ID0000003 POST_SCRIPT_TERMINATED 2691.0 condorpool - 34
1645767159 individuals_ID0000003 POST_SCRIPT_SUCCESS 0 condorpool - 34
1645767159 individuals_ID0000047 JOB_TERMINATED 2692.0 condorpool - 35
1645767164 individuals_ID0000047 JOB_SUCCESS 0 condorpool - 35
1645767164 individuals_ID0000047 POST_SCRIPT_STARTED 2692.0 condorpool - 35
1645767161 individuals_ID0000008 JOB_TERMINATED 2693.0 condorpool - 36
1645767164 individuals_ID0000008 JOB_SUCCESS 0 condorpool - 36
1645767164 individuals_ID0000008 POST_SCRIPT_STARTED 2693.0 condorpool - 36
1645767162 individuals_ID0000046 JOB_TERMINATED 2690.0 condorpool - 33
1645767164 individuals_ID0000046 JOB_SUCCESS 0 condorpool - 33
1645767164 individuals_ID0000046 POST_SCRIPT_STARTED 2690.0 condorpool - 33
1645767164 individuals_ID0000047 POST_SCRIPT_TERMINATED 2692.0 condorpool - 35
1645767169 individuals_ID0000047 POST_SCRIPT_SUCCESS 0 condorpool - 35
1645767164 individuals_ID0000008 POST_SCRIPT_TERMINATED 2693.0 condorpool - 36
1645767169 individuals_ID0000008 POST_SCRIPT_SUCCESS 0 condorpool - 36
1645767164 individuals_ID0000046 POST_SCRIPT_TERMINATED 2690.0 condorpool - 33
1645767169 individuals_ID0000046 POST_SCRIPT_SUCCESS 0 condorpool - 33
1645767200 individuals_ID0000019 JOB_TERMINATED 2707.0 condorpool - 50
1645767204 individuals_ID0000019 JOB_SUCCESS 0 condorpool - 50
1645767204 individuals_ID0000019 POST_SCRIPT_STARTED 2707.0 condorpool - 50
1645767205 individuals_ID0000019 POST_SCRIPT_TERMINATED 2707.0 condorpool - 50
1645767209 individuals_ID0000019 POST_SCRIPT_SUCCESS 0 condorpool - 50
1645767207 individuals_ID0000014 JOB_TERMINATED 2706.0 condorpool - 49
1645767209 individuals_ID0000014 JOB_SUCCESS 0 condorpool - 49
1645767209 individuals_ID0000014 POST_SCRIPT_STARTED 2706.0 condorpool - 49
1645767209 individuals_ID0000050 JOB_TERMINATED 2709.0 condorpool - 52
1645767214 individuals_ID0000050 JOB_SUCCESS 0 condorpool - 52
1645767214 individuals_ID0000050 POST_SCRIPT_STARTED 2709.0 condorpool - 52
1645767209 individuals_ID0000014 POST_SCRIPT_TERMINATED 2706.0 condorpool - 49
1645767214 individuals_ID0000014 POST_SCRIPT_SUCCESS 0 condorpool - 49
1645767214 individuals_ID0000050 POST_SCRIPT_TERMINATED 2709.0 condorpool - 52
1645767219 individuals_ID0000050 POST_SCRIPT_SUCCESS 0 condorpool - 52
1645767215 individuals_ID0000010 JOB_TERMINATED 2708.0 condorpool - 51
1645767219 individuals_ID0000010 JOB_SUCCESS 0 condorpool - 51
1645767219 individuals_ID0000010 POST_SCRIPT_STARTED 2708.0 condorpool - 51
1645767220 individuals_ID0000010 POST_SCRIPT_TERMINATED 2708.0 condorpool - 51
1645767224 individuals_ID0000010 POST_SCRIPT_SUCCESS 0 condorpool - 51
1645767223 individuals_ID0000023 JOB_TERMINATED 2715.0 condorpool - 58
1645767224 individuals_ID0000023 JOB_SUCCESS 0 condorpool - 58
1645767224 individuals_ID0000023 POST_SCRIPT_STARTED 2715.0 condorpool - 58
1645767224 individuals_ID0000023 POST_SCRIPT_TERMINATED 2715.0 condorpool - 58
1645767229 individuals_ID0000023 POST_SCRIPT_SUCCESS 0 condorpool - 58
1645767227 individuals_ID0000044 JOB_TERMINATED 2686.0 condorpool - 29
1645767229 individuals_ID0000044 JOB_SUCCESS 0 condorpool - 29
1645767229 individuals_ID0000044 POST_SCRIPT_STARTED 2686.0 condorpool - 29
1645767229 individuals_ID0000044 POST_SCRIPT_TERMINATED 2686.0 condorpool - 29
1645767234 individuals_ID0000044 POST_SCRIPT_SUCCESS 0 condorpool - 29
1645767233 individuals_ID0000022 JOB_TERMINATED 2714.0 condorpool - 57
1645767234 individuals_ID0000022 JOB_SUCCESS 0 condorpool - 57
1645767234 individuals_ID0000022 POST_SCRIPT_STARTED 2714.0 condorpool - 57
1645767235 individuals_ID0000022 POST_SCRIPT_TERMINATED 2714.0 condorpool - 57
1645767239 individuals_ID0000022 POST_SCRIPT_SUCCESS 0 condorpool - 57
1645767239 individuals_ID0000024 JOB_TERMINATED 2716.0 condorpool - 59
1645767244 individuals_ID0000024 JOB_SUCCESS 0 condorpool - 59
1645767244 individuals_ID0000024 POST_SCRIPT_STARTED 2716.0 condorpool - 59
1645767244 individuals_ID0000024 POST_SCRIPT_TERMINATED 2716.0 condorpool - 59
1645767249 individuals_ID0000024 POST_SCRIPT_SUCCESS 0 condorpool - 59
1645767250 individuals_ID0000025 JOB_TERMINATED 2717.0 condorpool - 60
1645767254 individuals_ID0000025 JOB_SUCCESS 0 condorpool - 60
1645767254 individuals_ID0000025 POST_SCRIPT_STARTED 2717.0 condorpool - 60
1645767254 individuals_ID0000025 POST_SCRIPT_TERMINATED 2717.0 condorpool - 60
1645767259 individuals_ID0000025 POST_SCRIPT_SUCCESS 0 condorpool - 60
1645767260 individuals_ID0000045 JOB_TERMINATED 2688.0 condorpool - 31
1645767264 individuals_ID0000045 JOB_SUCCESS 0 condorpool - 31
1645767264 individuals_ID0000045 POST_SCRIPT_STARTED 2688.0 condorpool - 31
1645767265 individuals_ID0000045 POST_SCRIPT_TERMINATED 2688.0 condorpool - 31
1645767269 individuals_ID0000045 POST_SCRIPT_SUCCESS 0 condorpool - 31
1645767266 individuals_ID0000026 JOB_TERMINATED 2710.0 condorpool - 53
1645767269 individuals_ID0000026 JOB_SUCCESS 0 condorpool - 53
1645767269 individuals_ID0000026 POST_SCRIPT_STARTED 2710.0 condorpool - 53
1645767268 individuals_ID0000029 JOB_TERMINATED 2713.0 condorpool - 56
1645767269 individuals_ID0000029 JOB_SUCCESS 0 condorpool - 56
1645767269 individuals_ID0000029 POST_SCRIPT_STARTED 2713.0 condorpool - 56
1645767269 individuals_ID0000029 POST_SCRIPT_TERMINATED 2713.0 condorpool - 56
1645767274 individuals_ID0000029 POST_SCRIPT_SUCCESS 0 condorpool - 56
1645767269 individuals_ID0000026 POST_SCRIPT_TERMINATED 2710.0 condorpool - 53
1645767274 individuals_ID0000026 POST_SCRIPT_SUCCESS 0 condorpool - 53
1645767273 individuals_ID0000043 JOB_TERMINATED 2698.0 condorpool - 41
1645767274 individuals_ID0000043 JOB_SUCCESS 0 condorpool - 41
1645767274 individuals_ID0000043 POST_SCRIPT_STARTED 2698.0 condorpool - 41
1645767274 individuals_ID0000043 POST_SCRIPT_TERMINATED 2698.0 condorpool - 41
1645767279 individuals_ID0000043 POST_SCRIPT_SUCCESS 0 condorpool - 41
1645767278 individuals_ID0000017 JOB_TERMINATED 2701.0 condorpool - 44
1645767279 individuals_ID0000017 JOB_SUCCESS 0 condorpool - 44
1645767279 individuals_ID0000017 POST_SCRIPT_STARTED 2701.0 condorpool - 44
1645767280 individuals_ID0000017 POST_SCRIPT_TERMINATED 2701.0 condorpool - 44
1645767284 individuals_ID0000017 POST_SCRIPT_SUCCESS 0 condorpool - 44
1645767282 individuals_ID0000027 JOB_TERMINATED 2711.0 condorpool - 54
1645767284 individuals_ID0000027 JOB_SUCCESS 0 condorpool - 54
1645767284 individuals_ID0000027 POST_SCRIPT_STARTED 2711.0 condorpool - 54
1645767283 individuals_ID0000002 JOB_TERMINATED 2689.0 condorpool - 32
1645767284 individuals_ID0000002 JOB_SUCCESS 0 condorpool - 32
1645767284 individuals_ID0000002 POST_SCRIPT_STARTED 2689.0 condorpool - 32
1645767284 individuals_ID0000002 POST_SCRIPT_TERMINATED 2689.0 condorpool - 32
1645767289 individuals_ID0000002 POST_SCRIPT_SUCCESS 0 condorpool - 32
1645767284 individuals_ID0000027 POST_SCRIPT_TERMINATED 2711.0 condorpool - 54
1645767289 individuals_ID0000027 POST_SCRIPT_SUCCESS 0 condorpool - 54
1645767291 individuals_ID0000028 JOB_TERMINATED 2712.0 condorpool - 55
1645767294 individuals_ID0000028 JOB_SUCCESS 0 condorpool - 55
1645767294 individuals_ID0000028 POST_SCRIPT_STARTED 2712.0 condorpool - 55
1645767294 individuals_ID0000015 JOB_TERMINATED 2699.0 condorpool - 42
1645767294 individuals_ID0000015 JOB_SUCCESS 0 condorpool - 42
1645767294 individuals_ID0000015 POST_SCRIPT_STARTED 2699.0 condorpool - 42
1645767294 individuals_ID0000015 POST_SCRIPT_TERMINATED 2699.0 condorpool - 42
1645767299 individuals_ID0000015 POST_SCRIPT_SUCCESS 0 condorpool - 42
1645767295 individuals_ID0000028 POST_SCRIPT_TERMINATED 2712.0 condorpool - 55
1645767299 individuals_ID0000028 POST_SCRIPT_SUCCESS 0 condorpool - 55
1645767295 individuals_ID0000016 JOB_TERMINATED 2700.0 condorpool - 43
1645767299 individuals_ID0000016 JOB_SUCCESS 0 condorpool - 43
1645767299 individuals_ID0000016 POST_SCRIPT_STARTED 2700.0 condorpool - 43
1645767299 individuals_ID0000016 POST_SCRIPT_TERMINATED 2700.0 condorpool - 43
1645767304 individuals_ID0000016 POST_SCRIPT_SUCCESS 0 condorpool - 43
1645767405 individuals_ID0000049 JOB_TERMINATED 2683.0 condorpool - 26
1645767409 individuals_ID0000049 JOB_SUCCESS 0 condorpool - 26
1645767409 individuals_ID0000049 POST_SCRIPT_STARTED 2683.0 condorpool - 26
1645767405 individuals_ID0000006 JOB_TERMINATED 2684.0 condorpool - 27
1645767409 individuals_ID0000006 JOB_SUCCESS 0 condorpool - 27
1645767409 individuals_ID0000006 POST_SCRIPT_STARTED 2684.0 condorpool - 27
1645767405 individuals_ID0000005 JOB_TERMINATED 2682.0 condorpool - 25
1645767409 individuals_ID0000005 JOB_SUCCESS 0 condorpool - 25
1645767409 individuals_ID0000005 POST_SCRIPT_STARTED 2682.0 condorpool - 25
1645767407 individuals_ID0000007 JOB_TERMINATED 2685.0 condorpool - 28
1645767409 individuals_ID0000007 JOB_SUCCESS 0 condorpool - 28
1645767409 individuals_ID0000007 POST_SCRIPT_STARTED 2685.0 condorpool - 28
1645767409 individuals_ID0000005 POST_SCRIPT_TERMINATED 2682.0 condorpool - 25
1645767414 individuals_ID0000005 POST_SCRIPT_SUCCESS 0 condorpool - 25
1645767409 individuals_ID0000049 POST_SCRIPT_TERMINATED 2683.0 condorpool - 26
1645767414 individuals_ID0000049 POST_SCRIPT_SUCCESS 0 condorpool - 26
1645767409 individuals_ID0000007 POST_SCRIPT_TERMINATED 2685.0 condorpool - 28
1645767414 individuals_ID0000007 POST_SCRIPT_SUCCESS 0 condorpool - 28
1645767409 individuals_ID0000006 POST_SCRIPT_TERMINATED 2684.0 condorpool - 27
1645767414 individuals_ID0000006 POST_SCRIPT_SUCCESS 0 condorpool - 27
1645767491 individuals_ID0000021 JOB_TERMINATED 2719.0 condorpool - 62
1645767494 individuals_ID0000021 JOB_SUCCESS 0 condorpool - 62
1645767494 individuals_ID0000021 POST_SCRIPT_STARTED 2719.0 condorpool - 62
1645767495 individuals_ID0000021 POST_SCRIPT_TERMINATED 2719.0 condorpool - 62
1645767499 individuals_ID0000021 POST_SCRIPT_SUCCESS 0 condorpool - 62
1645767522 individuals_ID0000020 JOB_TERMINATED 2718.0 condorpool - 61
1645767524 individuals_ID0000020 JOB_SUCCESS 0 condorpool - 61
1645767524 individuals_ID0000020 POST_SCRIPT_STARTED 2718.0 condorpool - 61
1645767524 individuals_ID0000020 POST_SCRIPT_TERMINATED 2718.0 condorpool - 61
1645767529 individuals_ID0000020 POST_SCRIPT_SUCCESS 0 condorpool - 61
1645767534 individuals_merge_ID0000051 SUBMIT 2720.0 condorpool - 63
1645767537 individuals_merge_ID0000051 EXECUTE 2720.0 condorpool - 63
1645771742 individuals_merge_ID0000051 JOB_TERMINATED 2720.0 condorpool - 63
1645771743 individuals_merge_ID0000051 JOB_SUCCESS 0 condorpool - 63
1645771743 individuals_merge_ID0000051 POST_SCRIPT_STARTED 2720.0 condorpool - 63
1645771743 individuals_merge_ID0000051 POST_SCRIPT_TERMINATED 2720.0 condorpool - 63
1645771748 individuals_merge_ID0000051 POST_SCRIPT_SUCCESS 0 condorpool - 63
1645771753 frequency_ID0000060 SUBMIT 2721.0 condorpool - 64
1645771753 frequency_ID0000062 SUBMIT 2722.0 condorpool - 65
1645771753 mutation_overlap_ID0000053 SUBMIT 2723.0 condorpool - 66
1645771753 frequency_ID0000058 SUBMIT 2724.0 condorpool - 67
1645771753 mutation_overlap_ID0000063 SUBMIT 2725.0 condorpool - 68
1645771756 mutation_overlap_ID0000063 EXECUTE 2725.0 condorpool - 68
1645771757 frequency_ID0000060 EXECUTE 2721.0 condorpool - 64
1645771757 mutation_overlap_ID0000053 EXECUTE 2723.0 condorpool - 66
1645771757 frequency_ID0000058 EXECUTE 2724.0 condorpool - 67
1645771757 frequency_ID0000062 EXECUTE 2722.0 condorpool - 65
1645771758 mutation_overlap_ID0000055 SUBMIT 2726.0 condorpool - 69
1645771759 mutation_overlap_ID0000065 SUBMIT 2727.0 condorpool - 70
1645771759 frequency_ID0000064 SUBMIT 2728.0 condorpool - 71
1645771759 frequency_ID0000054 SUBMIT 2729.0 condorpool - 72
1645771759 frequency_ID0000066 SUBMIT 2730.0 condorpool - 73
1645771764 mutation_overlap_ID0000061 SUBMIT 2731.0 condorpool - 74
1645771764 frequency_ID0000056 SUBMIT 2732.0 condorpool - 75
1645771764 mutation_overlap_ID0000057 SUBMIT 2733.0 condorpool - 76
1645771764 mutation_overlap_ID0000059 SUBMIT 2734.0 condorpool - 77
1645771776 mutation_overlap_ID0000057 EXECUTE 2733.0 condorpool - 76
1645771776 mutation_overlap_ID0000059 EXECUTE 2734.0 condorpool - 77
1645771777 mutation_overlap_ID0000055 EXECUTE 2726.0 condorpool - 69
1645771777 mutation_overlap_ID0000065 EXECUTE 2727.0 condorpool - 70
1645771777 frequency_ID0000064 EXECUTE 2728.0 condorpool - 71
1645771777 frequency_ID0000056 EXECUTE 2732.0 condorpool - 75
1645771777 mutation_overlap_ID0000061 EXECUTE 2731.0 condorpool - 74
1645771777 frequency_ID0000054 EXECUTE 2729.0 condorpool - 72
1645771777 frequency_ID0000066 EXECUTE 2730.0 condorpool - 73
1645771952 mutation_overlap_ID0000063 JOB_TERMINATED 2725.0 condorpool - 68
1645771954 mutation_overlap_ID0000063 JOB_SUCCESS 0 condorpool - 68
1645771954 mutation_overlap_ID0000063 POST_SCRIPT_STARTED 2725.0 condorpool - 68
1645771954 mutation_overlap_ID0000063 POST_SCRIPT_TERMINATED 2725.0 condorpool - 68
1645771959 mutation_overlap_ID0000063 POST_SCRIPT_SUCCESS 0 condorpool - 68
1645771964 mutation_overlap_ID0000053 JOB_TERMINATED 2723.0 condorpool - 66
1645771964 mutation_overlap_ID0000053 JOB_SUCCESS 0 condorpool - 66
1645771964 mutation_overlap_ID0000053 POST_SCRIPT_STARTED 2723.0 condorpool - 66
1645771964 mutation_overlap_ID0000053 POST_SCRIPT_TERMINATED 2723.0 condorpool - 66
1645771969 mutation_overlap_ID0000053 POST_SCRIPT_SUCCESS 0 condorpool - 66
1645771975 mutation_overlap_ID0000065 JOB_TERMINATED 2727.0 condorpool - 70
1645771980 mutation_overlap_ID0000065 JOB_SUCCESS 0 condorpool - 70
1645771980 mutation_overlap_ID0000065 POST_SCRIPT_STARTED 2727.0 condorpool - 70
1645771980 mutation_overlap_ID0000065 POST_SCRIPT_TERMINATED 2727.0 condorpool - 70
1645771985 mutation_overlap_ID0000065 POST_SCRIPT_SUCCESS 0 condorpool - 70
1645771980 mutation_overlap_ID0000055 JOB_TERMINATED 2726.0 condorpool - 69
1645771985 mutation_overlap_ID0000055 JOB_SUCCESS 0 condorpool - 69
1645771985 mutation_overlap_ID0000055 POST_SCRIPT_STARTED 2726.0 condorpool - 69
1645771980 mutation_overlap_ID0000059 JOB_TERMINATED 2734.0 condorpool - 77
1645771985 mutation_overlap_ID0000059 JOB_SUCCESS 0 condorpool - 77
1645771985 mutation_overlap_ID0000059 POST_SCRIPT_STARTED 2734.0 condorpool - 77
1645771982 mutation_overlap_ID0000061 JOB_TERMINATED 2731.0 condorpool - 74
1645771985 mutation_overlap_ID0000061 JOB_SUCCESS 0 condorpool - 74
1645771985 mutation_overlap_ID0000061 POST_SCRIPT_STARTED 2731.0 condorpool - 74
1645771985 mutation_overlap_ID0000055 POST_SCRIPT_TERMINATED 2726.0 condorpool - 69
1645771990 mutation_overlap_ID0000055 POST_SCRIPT_SUCCESS 0 condorpool - 69
1645771985 mutation_overlap_ID0000061 POST_SCRIPT_TERMINATED 2731.0 condorpool - 74
1645771990 mutation_overlap_ID0000061 POST_SCRIPT_SUCCESS 0 condorpool - 74
1645771985 mutation_overlap_ID0000059 POST_SCRIPT_TERMINATED 2734.0 condorpool - 77
1645771990 mutation_overlap_ID0000059 POST_SCRIPT_SUCCESS 0 condorpool - 77
1645772039 mutation_overlap_ID0000057 JOB_TERMINATED 2733.0 condorpool - 76
1645772040 mutation_overlap_ID0000057 JOB_SUCCESS 0 condorpool - 76
1645772040 mutation_overlap_ID0000057 POST_SCRIPT_STARTED 2733.0 condorpool - 76
1645772040 mutation_overlap_ID0000057 POST_SCRIPT_TERMINATED 2733.0 condorpool - 76
1645772045 mutation_overlap_ID0000057 POST_SCRIPT_SUCCESS 0 condorpool - 76
1645772488 frequency_ID0000064 JOB_TERMINATED 2728.0 condorpool - 71
1645772490 frequency_ID0000064 JOB_SUCCESS 0 condorpool - 71
1645772490 frequency_ID0000064 POST_SCRIPT_STARTED 2728.0 condorpool - 71
1645772490 frequency_ID0000064 POST_SCRIPT_TERMINATED 2728.0 condorpool - 71
1645772495 frequency_ID0000064 POST_SCRIPT_SUCCESS 0 condorpool - 71
1645772568 frequency_ID0000066 JOB_TERMINATED 2730.0 condorpool - 73
1645772570 frequency_ID0000066 JOB_SUCCESS 0 condorpool - 73
1645772570 frequency_ID0000066 POST_SCRIPT_STARTED 2730.0 condorpool - 73
1645772571 frequency_ID0000066 POST_SCRIPT_TERMINATED 2730.0 condorpool - 73
1645772575 frequency_ID0000066 POST_SCRIPT_SUCCESS 0 condorpool - 73
1645772591 frequency_ID0000060 JOB_TERMINATED 2721.0 condorpool - 64
1645772595 frequency_ID0000060 JOB_SUCCESS 0 condorpool - 64
1645772595 frequency_ID0000060 POST_SCRIPT_STARTED 2721.0 condorpool - 64
1645772594 frequency_ID0000062 JOB_TERMINATED 2722.0 condorpool - 65
1645772595 frequency_ID0000062 JOB_SUCCESS 0 condorpool - 65
1645772595 frequency_ID0000062 POST_SCRIPT_STARTED 2722.0 condorpool - 65
1645772595 frequency_ID0000060 POST_SCRIPT_TERMINATED 2721.0 condorpool - 64
1645772600 frequency_ID0000060 POST_SCRIPT_SUCCESS 0 condorpool - 64
1645772595 frequency_ID0000062 POST_SCRIPT_TERMINATED 2722.0 condorpool - 65
1645772600 frequency_ID0000062 POST_SCRIPT_SUCCESS 0 condorpool - 65
1645772629 frequency_ID0000056 JOB_TERMINATED 2732.0 condorpool - 75
1645772630 frequency_ID0000056 JOB_SUCCESS 0 condorpool - 75
1645772630 frequency_ID0000056 POST_SCRIPT_STARTED 2732.0 condorpool - 75
1645772631 frequency_ID0000056 POST_SCRIPT_TERMINATED 2732.0 condorpool - 75
1645772635 frequency_ID0000056 POST_SCRIPT_SUCCESS 0 condorpool - 75
1645772663 frequency_ID0000058 JOB_TERMINATED 2724.0 condorpool - 67
1645772665 frequency_ID0000058 JOB_SUCCESS 0 condorpool - 67
1645772665 frequency_ID0000058 POST_SCRIPT_STARTED 2724.0 condorpool - 67
1645772665 frequency_ID0000058 POST_SCRIPT_TERMINATED 2724.0 condorpool - 67
1645772670 frequency_ID0000058 POST_SCRIPT_SUCCESS 0 condorpool - 67
1645772675 stage_out_local_local_2_1 SUBMIT 2735.0 local - 78
1645772675 stage_out_local_local_2_1 EXECUTE 2735.0 local - 78
1645772679 stage_out_local_local_2_1 JOB_TERMINATED 2735.0 local - 78
1645772680 stage_out_local_local_2_1 JOB_SUCCESS 0 local - 78
1645772680 stage_out_local_local_2_1 POST_SCRIPT_STARTED 2735.0 local - 78
1645772680 stage_out_local_local_2_1 POST_SCRIPT_TERMINATED 2735.0 local - 78
1645772685 stage_out_local_local_2_1 POST_SCRIPT_SUCCESS 0 local - 78
1645772686 frequency_ID0000054 JOB_TERMINATED 2729.0 condorpool - 72
1645772690 frequency_ID0000054 JOB_SUCCESS 0 condorpool - 72
1645772690 frequency_ID0000054 POST_SCRIPT_STARTED 2729.0 condorpool - 72
1645772691 frequency_ID0000054 POST_SCRIPT_TERMINATED 2729.0 condorpool - 72
1645772695 frequency_ID0000054 POST_SCRIPT_SUCCESS 0 condorpool - 72
1645772700 stage_out_local_local_2_0 SUBMIT 2736.0 local - 79
1645772700 stage_out_local_local_2_0 EXECUTE 2736.0 local - 79
1645772704 stage_out_local_local_2_0 JOB_TERMINATED 2736.0 local - 79
1645772705 stage_out_local_local_2_0 JOB_SUCCESS 0 local - 79
1645772705 stage_out_local_local_2_0 POST_SCRIPT_STARTED 2736.0 local - 79
1645772705 stage_out_local_local_2_0 POST_SCRIPT_TERMINATED 2736.0 local - 79
1645772710 stage_out_local_local_2_0 POST_SCRIPT_SUCCESS 0 local - 79
1645772715 cleanup_1000-genome_0_local SUBMIT 2737.0 local - 80
1645772715 cleanup_1000-genome_0_local EXECUTE 2737.0 local - 80
1645772717 cleanup_1000-genome_0_local JOB_TERMINATED 2737.0 local - 80
1645772720 cleanup_1000-genome_0_local JOB_SUCCESS 0 local - 80
1645772720 cleanup_1000-genome_0_local POST_SCRIPT_STARTED 2737.0 local - 80
1645772720 cleanup_1000-genome_0_local POST_SCRIPT_TERMINATED 2737.0 local - 80
1645772725 cleanup_1000-genome_0_local POST_SCRIPT_SUCCESS 0 local - 80
1645772725 INTERNAL *** DAGMAN_FINISHED 0 ***
1645772727 INTERNAL *** MONITORD_FINISHED 0 ***
