1644685210 INTERNAL *** MONITORD_STARTED ***
1644685208 INTERNAL *** DAGMAN_STARTED 163.0 ***
1644685212 create_dir_1000-genome_0_local SUBMIT 164.0 local - 161
1644685214 create_dir_1000-genome_0_local EXECUTE 164.0 local - 161
1644685216 create_dir_1000-genome_0_local JOB_TERMINATED 164.0 local - 161
1644685218 create_dir_1000-genome_0_local JOB_SUCCESS 0 local - 161
1644685218 create_dir_1000-genome_0_local POST_SCRIPT_STARTED 164.0 local - 161
1644685218 create_dir_1000-genome_0_local POST_SCRIPT_TERMINATED 164.0 local - 161
1644685223 create_dir_1000-genome_0_local POST_SCRIPT_SUCCESS 0 local - 161
1644685228 stage_in_remote_local_2_0 SUBMIT 165.0 local - 162
1644685228 stage_in_remote_local_2_0 EXECUTE 165.0 local - 162
1644685228 stage_in_remote_local_1_0 SUBMIT 166.0 local - 163
1644685228 stage_in_remote_local_0_0 SUBMIT 167.0 local - 164
1644685228 stage_in_local_local_0_0 SUBMIT 168.0 local - 165
1644685228 stage_in_local_local_2_0 SUBMIT 169.0 local - 166
1644685230 stage_in_remote_local_2_0 JOB_TERMINATED 165.0 local - 162
1644685233 stage_in_remote_local_2_0 JOB_SUCCESS 0 local - 162
1644685233 stage_in_remote_local_2_0 POST_SCRIPT_STARTED 165.0 local - 162
1644685230 stage_in_local_local_2_0 EXECUTE 169.0 local - 166
1644685230 stage_in_local_local_0_0 EXECUTE 168.0 local - 165
1644685230 stage_in_remote_local_0_0 EXECUTE 167.0 local - 164
1644685230 stage_in_remote_local_1_0 EXECUTE 166.0 local - 163
1644685232 stage_in_local_local_0_0 JOB_TERMINATED 168.0 local - 165
1644685233 stage_in_local_local_0_0 JOB_SUCCESS 0 local - 165
1644685233 stage_in_local_local_0_0 POST_SCRIPT_STARTED 168.0 local - 165
1644685232 stage_in_remote_local_1_0 JOB_TERMINATED 166.0 local - 163
1644685233 stage_in_remote_local_1_0 JOB_SUCCESS 0 local - 163
1644685233 stage_in_remote_local_1_0 POST_SCRIPT_STARTED 166.0 local - 163
1644685232 stage_in_remote_local_0_0 JOB_TERMINATED 167.0 local - 164
1644685233 stage_in_remote_local_0_0 JOB_SUCCESS 0 local - 164
1644685233 stage_in_remote_local_0_0 POST_SCRIPT_STARTED 167.0 local - 164
1644685233 stage_in_remote_local_0_1 SUBMIT 170.0 local - 167
1644685233 stage_in_local_local_0_1 SUBMIT 171.0 local - 168
1644685233 stage_in_local_local_2_1 SUBMIT 172.0 local - 169
1644685233 stage_in_remote_local_2_1 SUBMIT 173.0 local - 170
1644685233 stage_in_local_local_0_2 SUBMIT 174.0 local - 171
1644685233 stage_in_remote_local_2_0 POST_SCRIPT_TERMINATED 165.0 local - 162
1644685238 stage_in_remote_local_2_0 POST_SCRIPT_SUCCESS 0 local - 162
1644685233 stage_in_remote_local_1_0 POST_SCRIPT_TERMINATED 166.0 local - 163
1644685238 stage_in_remote_local_1_0 POST_SCRIPT_SUCCESS 0 local - 163
1644685233 stage_in_local_local_0_0 POST_SCRIPT_TERMINATED 168.0 local - 165
1644685238 stage_in_local_local_0_0 POST_SCRIPT_SUCCESS 0 local - 165
1644685233 stage_in_remote_local_0_0 POST_SCRIPT_TERMINATED 167.0 local - 164
1644685238 stage_in_remote_local_0_0 POST_SCRIPT_SUCCESS 0 local - 164
1644685234 stage_in_local_local_2_0 JOB_TERMINATED 169.0 local - 166
1644685238 stage_in_local_local_2_0 JOB_SUCCESS 0 local - 166
1644685238 stage_in_local_local_2_0 POST_SCRIPT_STARTED 169.0 local - 166
1644685234 stage_in_local_local_0_2 EXECUTE 174.0 local - 171
1644685234 stage_in_remote_local_2_1 EXECUTE 173.0 local - 170
1644685234 stage_in_local_local_2_1 EXECUTE 172.0 local - 169
1644685234 stage_in_local_local_0_1 EXECUTE 171.0 local - 168
1644685235 stage_in_remote_local_0_1 EXECUTE 170.0 local - 167
1644685237 stage_in_local_local_0_2 JOB_TERMINATED 174.0 local - 171
1644685238 stage_in_local_local_0_2 JOB_SUCCESS 0 local - 171
1644685238 stage_in_local_local_0_2 POST_SCRIPT_STARTED 174.0 local - 171
1644685237 stage_in_remote_local_2_1 JOB_TERMINATED 173.0 local - 170
1644685238 stage_in_remote_local_2_1 JOB_SUCCESS 0 local - 170
1644685238 stage_in_remote_local_2_1 POST_SCRIPT_STARTED 173.0 local - 170
1644685237 stage_in_remote_local_0_1 JOB_TERMINATED 170.0 local - 167
1644685238 stage_in_remote_local_0_1 JOB_SUCCESS 0 local - 167
1644685238 stage_in_remote_local_0_1 POST_SCRIPT_STARTED 170.0 local - 167
1644685237 stage_in_local_local_0_1 JOB_TERMINATED 171.0 local - 168
1644685238 stage_in_local_local_0_1 JOB_SUCCESS 0 local - 168
1644685238 stage_in_local_local_0_1 POST_SCRIPT_STARTED 171.0 local - 168
1644685239 stage_in_local_local_0_2 POST_SCRIPT_TERMINATED 174.0 local - 171
1644685243 stage_in_local_local_0_2 POST_SCRIPT_SUCCESS 0 local - 171
1644685239 stage_in_local_local_2_1 JOB_TERMINATED 172.0 local - 169
1644685243 stage_in_local_local_2_1 JOB_SUCCESS 0 local - 169
1644685243 stage_in_local_local_2_1 POST_SCRIPT_STARTED 172.0 local - 169
1644685239 stage_in_remote_local_0_1 POST_SCRIPT_TERMINATED 170.0 local - 167
1644685243 stage_in_remote_local_0_1 POST_SCRIPT_SUCCESS 0 local - 167
1644685239 stage_in_local_local_2_0 POST_SCRIPT_TERMINATED 169.0 local - 166
1644685243 stage_in_local_local_2_0 POST_SCRIPT_SUCCESS 0 local - 166
1644685239 stage_in_local_local_0_1 POST_SCRIPT_TERMINATED 171.0 local - 168
1644685243 stage_in_local_local_0_1 POST_SCRIPT_SUCCESS 0 local - 168
1644685239 stage_in_remote_local_2_1 POST_SCRIPT_TERMINATED 173.0 local - 170
1644685243 stage_in_remote_local_2_1 POST_SCRIPT_SUCCESS 0 local - 170
1644685243 stage_in_local_local_2_1 POST_SCRIPT_TERMINATED 172.0 local - 169
1644685248 stage_in_local_local_2_1 POST_SCRIPT_SUCCESS 0 local - 169
1644685248 sifting_ID0000052 SUBMIT 175.0 condorpool - 172
1644685248 individuals_ID0000037 SUBMIT 176.0 condorpool - 173
1644685248 individuals_ID0000038 SUBMIT 177.0 condorpool - 174
1644685248 individuals_ID0000039 SUBMIT 178.0 condorpool - 175
1644685248 individuals_ID0000033 SUBMIT 179.0 condorpool - 176
1644685249 sifting_ID0000052 EXECUTE 175.0 condorpool - 172
1644685253 individuals_ID0000037 EXECUTE 176.0 condorpool - 173
1644685253 sifting_ID0000052 JOB_TERMINATED 175.0 condorpool - 172
1644685253 sifting_ID0000052 JOB_SUCCESS 0 condorpool - 172
1644685253 sifting_ID0000052 POST_SCRIPT_STARTED 175.0 condorpool - 172
1644685253 individuals_ID0000034 SUBMIT 180.0 condorpool - 177
1644685253 individuals_ID0000035 SUBMIT 181.0 condorpool - 178
1644685253 individuals_ID0000036 SUBMIT 182.0 condorpool - 179
1644685253 individuals_ID0000030 SUBMIT 183.0 condorpool - 180
1644685253 individuals_ID0000031 SUBMIT 184.0 condorpool - 181
1644685254 sifting_ID0000052 POST_SCRIPT_TERMINATED 175.0 condorpool - 172
1644685258 sifting_ID0000052 POST_SCRIPT_SUCCESS 0 condorpool - 172
1644685258 individuals_ID0000032 SUBMIT 185.0 condorpool - 182
1644685258 individuals_ID0000004 SUBMIT 186.0 condorpool - 183
1644685258 individuals_ID0000048 SUBMIT 187.0 condorpool - 184
1644685258 individuals_ID0000005 SUBMIT 188.0 condorpool - 185
1644685258 individuals_ID0000049 SUBMIT 189.0 condorpool - 186
1644685259 individuals_ID0000038 EXECUTE 177.0 condorpool - 174
1644685263 individuals_ID0000006 SUBMIT 190.0 condorpool - 187
1644685263 individuals_ID0000007 SUBMIT 191.0 condorpool - 188
1644685263 individuals_ID0000044 SUBMIT 192.0 condorpool - 189
1644685263 individuals_ID0000001 SUBMIT 193.0 condorpool - 190
1644685263 individuals_ID0000045 SUBMIT 194.0 condorpool - 191
1644685268 individuals_ID0000002 SUBMIT 195.0 condorpool - 192
1644685268 individuals_ID0000046 SUBMIT 196.0 condorpool - 193
1644685268 individuals_ID0000003 SUBMIT 197.0 condorpool - 194
1644685268 individuals_ID0000047 SUBMIT 198.0 condorpool - 195
1644685268 individuals_ID0000008 SUBMIT 199.0 condorpool - 196
1644685273 individuals_ID0000009 SUBMIT 200.0 condorpool - 197
1644685273 individuals_ID0000040 SUBMIT 201.0 condorpool - 198
1644685273 individuals_ID0000041 SUBMIT 202.0 condorpool - 199
1644685273 individuals_ID0000042 SUBMIT 203.0 condorpool - 200
1644685274 individuals_ID0000043 SUBMIT 204.0 condorpool - 201
1644685279 individuals_ID0000015 SUBMIT 205.0 condorpool - 202
1644685279 individuals_ID0000016 SUBMIT 206.0 condorpool - 203
1644685279 individuals_ID0000017 SUBMIT 207.0 condorpool - 204
1644685279 individuals_ID0000018 SUBMIT 208.0 condorpool - 205
1644685279 individuals_ID0000011 SUBMIT 209.0 condorpool - 206
1644685284 individuals_ID0000033 EXECUTE 179.0 condorpool - 176
1644685284 individuals_ID0000012 SUBMIT 210.0 condorpool - 207
1644685284 individuals_ID0000039 EXECUTE 178.0 condorpool - 175
1644685284 individuals_ID0000013 SUBMIT 211.0 condorpool - 208
1644685284 individuals_ID0000014 SUBMIT 212.0 condorpool - 209
1644685284 individuals_ID0000019 SUBMIT 213.0 condorpool - 210
1644685284 individuals_ID0000010 SUBMIT 214.0 condorpool - 211
1644685286 individuals_ID0000035 EXECUTE 181.0 condorpool - 178
1644685286 individuals_ID0000034 EXECUTE 180.0 condorpool - 177
1644685287 individuals_ID0000030 EXECUTE 183.0 condorpool - 180
1644685289 individuals_ID0000036 EXECUTE 182.0 condorpool - 179
1644685289 individuals_ID0000050 SUBMIT 215.0 condorpool - 212
1644685289 individuals_ID0000026 SUBMIT 216.0 condorpool - 213
1644685289 individuals_ID0000027 SUBMIT 217.0 condorpool - 214
1644685289 individuals_ID0000028 SUBMIT 218.0 condorpool - 215
1644685289 individuals_ID0000029 SUBMIT 219.0 condorpool - 216
1644685294 individuals_ID0000022 SUBMIT 220.0 condorpool - 217
1644685294 individuals_ID0000023 SUBMIT 221.0 condorpool - 218
1644685294 individuals_ID0000024 SUBMIT 222.0 condorpool - 219
1644685294 individuals_ID0000025 SUBMIT 223.0 condorpool - 220
1644685294 individuals_ID0000020 SUBMIT 224.0 condorpool - 221
1644685299 individuals_ID0000021 SUBMIT 225.0 condorpool - 222
1644686218 individuals_ID0000037 JOB_TERMINATED 176.0 condorpool - 173
1644686220 individuals_ID0000037 JOB_SUCCESS 0 condorpool - 173
1644686220 individuals_ID0000037 POST_SCRIPT_STARTED 176.0 condorpool - 173
1644686221 individuals_ID0000037 POST_SCRIPT_TERMINATED 176.0 condorpool - 173
1644686225 individuals_ID0000037 POST_SCRIPT_SUCCESS 0 condorpool - 173
1644686224 individuals_ID0000031 EXECUTE 184.0 condorpool - 181
1644686228 individuals_ID0000038 JOB_TERMINATED 177.0 condorpool - 174
1644686230 individuals_ID0000038 JOB_SUCCESS 0 condorpool - 174
1644686230 individuals_ID0000038 POST_SCRIPT_STARTED 177.0 condorpool - 174
1644686230 individuals_ID0000038 POST_SCRIPT_TERMINATED 177.0 condorpool - 174
1644686235 individuals_ID0000038 POST_SCRIPT_SUCCESS 0 condorpool - 174
1644686234 individuals_ID0000032 EXECUTE 185.0 condorpool - 182
1644686251 individuals_ID0000033 JOB_TERMINATED 179.0 condorpool - 176
1644686255 individuals_ID0000033 JOB_SUCCESS 0 condorpool - 176
1644686255 individuals_ID0000033 POST_SCRIPT_STARTED 179.0 condorpool - 176
1644686255 individuals_ID0000033 POST_SCRIPT_TERMINATED 179.0 condorpool - 176
1644686260 individuals_ID0000033 POST_SCRIPT_SUCCESS 0 condorpool - 176
1644686257 individuals_ID0000004 EXECUTE 186.0 condorpool - 183
1644686259 individuals_ID0000039 JOB_TERMINATED 178.0 condorpool - 175
1644686260 individuals_ID0000039 JOB_SUCCESS 0 condorpool - 175
1644686260 individuals_ID0000039 POST_SCRIPT_STARTED 178.0 condorpool - 175
1644686261 individuals_ID0000039 POST_SCRIPT_TERMINATED 178.0 condorpool - 175
1644686265 individuals_ID0000039 POST_SCRIPT_SUCCESS 0 condorpool - 175
1644686267 individuals_ID0000048 EXECUTE 187.0 condorpool - 184
1644686326 individuals_ID0000035 JOB_TERMINATED 181.0 condorpool - 178
1644686330 individuals_ID0000035 JOB_SUCCESS 0 condorpool - 178
1644686330 individuals_ID0000035 POST_SCRIPT_STARTED 181.0 condorpool - 178
1644686326 individuals_ID0000030 JOB_TERMINATED 183.0 condorpool - 180
1644686330 individuals_ID0000030 JOB_SUCCESS 0 condorpool - 180
1644686330 individuals_ID0000030 POST_SCRIPT_STARTED 183.0 condorpool - 180
1644686326 individuals_ID0000034 JOB_TERMINATED 180.0 condorpool - 177
1644686330 individuals_ID0000034 JOB_SUCCESS 0 condorpool - 177
1644686330 individuals_ID0000034 POST_SCRIPT_STARTED 180.0 condorpool - 177
1644686330 individuals_ID0000035 POST_SCRIPT_TERMINATED 181.0 condorpool - 178
1644686335 individuals_ID0000035 POST_SCRIPT_SUCCESS 0 condorpool - 178
1644686330 individuals_ID0000030 POST_SCRIPT_TERMINATED 183.0 condorpool - 180
1644686335 individuals_ID0000030 POST_SCRIPT_SUCCESS 0 condorpool - 180
1644686330 individuals_ID0000034 POST_SCRIPT_TERMINATED 180.0 condorpool - 177
1644686335 individuals_ID0000034 POST_SCRIPT_SUCCESS 0 condorpool - 177
1644686338 individuals_ID0000036 JOB_TERMINATED 182.0 condorpool - 179
1644686340 individuals_ID0000036 JOB_SUCCESS 0 condorpool - 179
1644686340 individuals_ID0000036 POST_SCRIPT_STARTED 182.0 condorpool - 179
1644686338 individuals_ID0000049 EXECUTE 189.0 condorpool - 186
1644686338 individuals_ID0000006 EXECUTE 190.0 condorpool - 187
1644686338 individuals_ID0000005 EXECUTE 188.0 condorpool - 185
1644686341 individuals_ID0000036 POST_SCRIPT_TERMINATED 182.0 condorpool - 179
1644686345 individuals_ID0000036 POST_SCRIPT_SUCCESS 0 condorpool - 179
1644686346 individuals_ID0000007 EXECUTE 191.0 condorpool - 188
1644687181 individuals_ID0000031 JOB_TERMINATED 184.0 condorpool - 181
1644687185 individuals_ID0000031 JOB_SUCCESS 0 condorpool - 181
1644687185 individuals_ID0000031 POST_SCRIPT_STARTED 184.0 condorpool - 181
1644687186 individuals_ID0000031 POST_SCRIPT_TERMINATED 184.0 condorpool - 181
1644687190 individuals_ID0000031 POST_SCRIPT_SUCCESS 0 condorpool - 181
1644687195 individuals_ID0000032 JOB_TERMINATED 185.0 condorpool - 182
1644687200 individuals_ID0000032 JOB_SUCCESS 0 condorpool - 182
1644687200 individuals_ID0000032 POST_SCRIPT_STARTED 185.0 condorpool - 182
1644687200 individuals_ID0000032 POST_SCRIPT_TERMINATED 185.0 condorpool - 182
1644687205 individuals_ID0000032 POST_SCRIPT_SUCCESS 0 condorpool - 182
1644687222 individuals_ID0000004 JOB_TERMINATED 186.0 condorpool - 183
1644687225 individuals_ID0000004 JOB_SUCCESS 0 condorpool - 183
1644687225 individuals_ID0000004 POST_SCRIPT_STARTED 186.0 condorpool - 183
1644687225 individuals_ID0000004 POST_SCRIPT_TERMINATED 186.0 condorpool - 183
1644687230 individuals_ID0000004 POST_SCRIPT_SUCCESS 0 condorpool - 183
1644687226 individuals_ID0000048 JOB_TERMINATED 187.0 condorpool - 184
1644687230 individuals_ID0000048 JOB_SUCCESS 0 condorpool - 184
1644687230 individuals_ID0000048 POST_SCRIPT_STARTED 187.0 condorpool - 184
1644687231 individuals_ID0000048 POST_SCRIPT_TERMINATED 187.0 condorpool - 184
1644687235 individuals_ID0000048 POST_SCRIPT_SUCCESS 0 condorpool - 184
1644687239 individuals_ID0000001 EXECUTE 193.0 condorpool - 190
1644687240 individuals_ID0000045 EXECUTE 194.0 condorpool - 191
1644687240 individuals_ID0000044 EXECUTE 192.0 condorpool - 189
1644687294 individuals_ID0000002 EXECUTE 195.0 condorpool - 192
1644687386 individuals_ID0000006 JOB_TERMINATED 190.0 condorpool - 187
1644687390 individuals_ID0000006 JOB_SUCCESS 0 condorpool - 187
1644687390 individuals_ID0000006 POST_SCRIPT_STARTED 190.0 condorpool - 187
1644687390 individuals_ID0000006 POST_SCRIPT_TERMINATED 190.0 condorpool - 187
1644687395 individuals_ID0000006 POST_SCRIPT_SUCCESS 0 condorpool - 187
1644687392 individuals_ID0000005 JOB_TERMINATED 188.0 condorpool - 185
1644687395 individuals_ID0000005 JOB_SUCCESS 0 condorpool - 185
1644687395 individuals_ID0000005 POST_SCRIPT_STARTED 188.0 condorpool - 185
1644687395 individuals_ID0000005 POST_SCRIPT_TERMINATED 188.0 condorpool - 185
1644687400 individuals_ID0000005 POST_SCRIPT_SUCCESS 0 condorpool - 185
1644687396 individuals_ID0000007 JOB_TERMINATED 191.0 condorpool - 188
1644687400 individuals_ID0000007 JOB_SUCCESS 0 condorpool - 188
1644687400 individuals_ID0000007 POST_SCRIPT_STARTED 191.0 condorpool - 188
1644687398 individuals_ID0000049 JOB_TERMINATED 189.0 condorpool - 186
1644687400 individuals_ID0000049 JOB_SUCCESS 0 condorpool - 186
1644687400 individuals_ID0000049 POST_SCRIPT_STARTED 189.0 condorpool - 186
1644687400 individuals_ID0000007 POST_SCRIPT_TERMINATED 191.0 condorpool - 188
1644687405 individuals_ID0000007 POST_SCRIPT_SUCCESS 0 condorpool - 188
1644687400 individuals_ID0000049 POST_SCRIPT_TERMINATED 189.0 condorpool - 186
1644687405 individuals_ID0000049 POST_SCRIPT_SUCCESS 0 condorpool - 186
1644687422 individuals_ID0000008 EXECUTE 199.0 condorpool - 196
1644687424 individuals_ID0000046 EXECUTE 196.0 condorpool - 193
1644687424 individuals_ID0000047 EXECUTE 198.0 condorpool - 195
1644687424 individuals_ID0000003 EXECUTE 197.0 condorpool - 194
1644687831 individuals_ID0000001 JOB_TERMINATED 193.0 condorpool - 190
1644687835 individuals_ID0000001 JOB_SUCCESS 0 condorpool - 190
1644687835 individuals_ID0000001 POST_SCRIPT_STARTED 193.0 condorpool - 190
1644687836 individuals_ID0000001 POST_SCRIPT_TERMINATED 193.0 condorpool - 190
1644687840 individuals_ID0000001 POST_SCRIPT_SUCCESS 0 condorpool - 190
1644687839 individuals_ID0000009 EXECUTE 200.0 condorpool - 197
1644688212 individuals_ID0000044 JOB_TERMINATED 192.0 condorpool - 189
1644688215 individuals_ID0000044 JOB_SUCCESS 0 condorpool - 189
1644688215 individuals_ID0000044 POST_SCRIPT_STARTED 192.0 condorpool - 189
1644688215 individuals_ID0000044 POST_SCRIPT_TERMINATED 192.0 condorpool - 189
1644688220 individuals_ID0000044 POST_SCRIPT_SUCCESS 0 condorpool - 189
1644688216 individuals_ID0000045 JOB_TERMINATED 194.0 condorpool - 191
1644688220 individuals_ID0000045 JOB_SUCCESS 0 condorpool - 191
1644688220 individuals_ID0000045 POST_SCRIPT_STARTED 194.0 condorpool - 191
1644688219 individuals_ID0000040 EXECUTE 201.0 condorpool - 198
1644688221 individuals_ID0000045 POST_SCRIPT_TERMINATED 194.0 condorpool - 191
1644688225 individuals_ID0000045 POST_SCRIPT_SUCCESS 0 condorpool - 191
1644688224 individuals_ID0000041 EXECUTE 202.0 condorpool - 199
1644688257 individuals_ID0000002 JOB_TERMINATED 195.0 condorpool - 192
1644688260 individuals_ID0000002 JOB_SUCCESS 0 condorpool - 192
1644688260 individuals_ID0000002 POST_SCRIPT_STARTED 195.0 condorpool - 192
1644688260 individuals_ID0000002 POST_SCRIPT_TERMINATED 195.0 condorpool - 192
1644688265 individuals_ID0000002 POST_SCRIPT_SUCCESS 0 condorpool - 192
1644688264 individuals_ID0000042 EXECUTE 203.0 condorpool - 200
1644688479 individuals_ID0000008 JOB_TERMINATED 199.0 condorpool - 196
1644688480 individuals_ID0000008 JOB_SUCCESS 0 condorpool - 196
1644688480 individuals_ID0000008 POST_SCRIPT_STARTED 199.0 condorpool - 196
1644688481 individuals_ID0000008 POST_SCRIPT_TERMINATED 199.0 condorpool - 196
1644688485 individuals_ID0000008 POST_SCRIPT_SUCCESS 0 condorpool - 196
1644688485 individuals_ID0000043 EXECUTE 204.0 condorpool - 201
1644688489 individuals_ID0000003 JOB_TERMINATED 197.0 condorpool - 194
1644688490 individuals_ID0000003 JOB_SUCCESS 0 condorpool - 194
1644688490 individuals_ID0000003 POST_SCRIPT_STARTED 197.0 condorpool - 194
1644688490 individuals_ID0000003 POST_SCRIPT_TERMINATED 197.0 condorpool - 194
1644688495 individuals_ID0000003 POST_SCRIPT_SUCCESS 0 condorpool - 194
1644688495 individuals_ID0000015 EXECUTE 205.0 condorpool - 202
1644688505 individuals_ID0000046 JOB_TERMINATED 196.0 condorpool - 193
1644688505 individuals_ID0000046 JOB_SUCCESS 0 condorpool - 193
1644688505 individuals_ID0000046 POST_SCRIPT_STARTED 196.0 condorpool - 193
1644688505 individuals_ID0000046 POST_SCRIPT_TERMINATED 196.0 condorpool - 193
1644688510 individuals_ID0000046 POST_SCRIPT_SUCCESS 0 condorpool - 193
1644688506 individuals_ID0000047 JOB_TERMINATED 198.0 condorpool - 195
1644688510 individuals_ID0000047 JOB_SUCCESS 0 condorpool - 195
1644688510 individuals_ID0000047 POST_SCRIPT_STARTED 198.0 condorpool - 195
1644688511 individuals_ID0000047 POST_SCRIPT_TERMINATED 198.0 condorpool - 195
1644688515 individuals_ID0000047 POST_SCRIPT_SUCCESS 0 condorpool - 195
1644688512 individuals_ID0000016 EXECUTE 206.0 condorpool - 203
1644688517 individuals_ID0000017 EXECUTE 207.0 condorpool - 204
1644688796 individuals_ID0000009 JOB_TERMINATED 200.0 condorpool - 197
1644688800 individuals_ID0000009 JOB_SUCCESS 0 condorpool - 197
1644688800 individuals_ID0000009 POST_SCRIPT_STARTED 200.0 condorpool - 197
1644688800 individuals_ID0000009 POST_SCRIPT_TERMINATED 200.0 condorpool - 197
1644688805 individuals_ID0000009 POST_SCRIPT_SUCCESS 0 condorpool - 197
1644688856 individuals_ID0000018 EXECUTE 208.0 condorpool - 205
1644689194 individuals_ID0000041 JOB_TERMINATED 202.0 condorpool - 199
1644689196 individuals_ID0000041 JOB_SUCCESS 0 condorpool - 199
1644689196 individuals_ID0000041 POST_SCRIPT_STARTED 202.0 condorpool - 199
1644689196 individuals_ID0000041 POST_SCRIPT_TERMINATED 202.0 condorpool - 199
1644689201 individuals_ID0000041 POST_SCRIPT_SUCCESS 0 condorpool - 199
1644689204 individuals_ID0000040 JOB_TERMINATED 201.0 condorpool - 198
1644689206 individuals_ID0000040 JOB_SUCCESS 0 condorpool - 198
1644689206 individuals_ID0000040 POST_SCRIPT_STARTED 201.0 condorpool - 198
1644689206 individuals_ID0000040 POST_SCRIPT_TERMINATED 201.0 condorpool - 198
1644689211 individuals_ID0000040 POST_SCRIPT_SUCCESS 0 condorpool - 198
1644689219 individuals_ID0000012 EXECUTE 210.0 condorpool - 207
1644689219 individuals_ID0000011 EXECUTE 209.0 condorpool - 206
1644689239 individuals_ID0000042 JOB_TERMINATED 203.0 condorpool - 200
1644689241 individuals_ID0000042 JOB_SUCCESS 0 condorpool - 200
1644689241 individuals_ID0000042 POST_SCRIPT_STARTED 203.0 condorpool - 200
1644689242 individuals_ID0000042 POST_SCRIPT_TERMINATED 203.0 condorpool - 200
1644689246 individuals_ID0000042 POST_SCRIPT_SUCCESS 0 condorpool - 200
1644689276 individuals_ID0000013 EXECUTE 211.0 condorpool - 208
1644689538 individuals_ID0000043 JOB_TERMINATED 204.0 condorpool - 201
1644689541 individuals_ID0000043 JOB_SUCCESS 0 condorpool - 201
1644689541 individuals_ID0000043 POST_SCRIPT_STARTED 204.0 condorpool - 201
1644689541 individuals_ID0000015 JOB_TERMINATED 205.0 condorpool - 202
1644689541 individuals_ID0000015 JOB_SUCCESS 0 condorpool - 202
1644689541 individuals_ID0000015 POST_SCRIPT_STARTED 205.0 condorpool - 202
1644689541 individuals_ID0000015 POST_SCRIPT_TERMINATED 205.0 condorpool - 202
1644689546 individuals_ID0000015 POST_SCRIPT_SUCCESS 0 condorpool - 202
1644689541 individuals_ID0000043 POST_SCRIPT_TERMINATED 204.0 condorpool - 201
1644689546 individuals_ID0000043 POST_SCRIPT_SUCCESS 0 condorpool - 201
1644689553 individuals_ID0000016 JOB_TERMINATED 206.0 condorpool - 203
1644689556 individuals_ID0000016 JOB_SUCCESS 0 condorpool - 203
1644689556 individuals_ID0000016 POST_SCRIPT_STARTED 206.0 condorpool - 203
1644689557 individuals_ID0000016 POST_SCRIPT_TERMINATED 206.0 condorpool - 203
1644689561 individuals_ID0000016 POST_SCRIPT_SUCCESS 0 condorpool - 203
1644689560 individuals_ID0000017 JOB_TERMINATED 207.0 condorpool - 204
1644689561 individuals_ID0000017 JOB_SUCCESS 0 condorpool - 204
1644689561 individuals_ID0000017 POST_SCRIPT_STARTED 207.0 condorpool - 204
1644689561 individuals_ID0000017 POST_SCRIPT_TERMINATED 207.0 condorpool - 204
1644689566 individuals_ID0000017 POST_SCRIPT_SUCCESS 0 condorpool - 204
1644689582 individuals_ID0000014 EXECUTE 212.0 condorpool - 209
1644689586 individuals_ID0000019 EXECUTE 213.0 condorpool - 210
1644689586 individuals_ID0000010 EXECUTE 214.0 condorpool - 211
1644689586 individuals_ID0000050 EXECUTE 215.0 condorpool - 212
1644689803 individuals_ID0000018 JOB_TERMINATED 208.0 condorpool - 205
1644689806 individuals_ID0000018 JOB_SUCCESS 0 condorpool - 205
1644689806 individuals_ID0000018 POST_SCRIPT_STARTED 208.0 condorpool - 205
1644689806 individuals_ID0000018 POST_SCRIPT_TERMINATED 208.0 condorpool - 205
1644689811 individuals_ID0000018 POST_SCRIPT_SUCCESS 0 condorpool - 205
1644689810 individuals_ID0000026 EXECUTE 216.0 condorpool - 213
1644690186 individuals_ID0000011 JOB_TERMINATED 209.0 condorpool - 206
1644690187 individuals_ID0000011 JOB_SUCCESS 0 condorpool - 206
1644690187 individuals_ID0000011 POST_SCRIPT_STARTED 209.0 condorpool - 206
1644690187 individuals_ID0000011 POST_SCRIPT_TERMINATED 209.0 condorpool - 206
1644690192 individuals_ID0000011 POST_SCRIPT_SUCCESS 0 condorpool - 206
1644690187 individuals_ID0000012 JOB_TERMINATED 210.0 condorpool - 207
1644690192 individuals_ID0000012 JOB_SUCCESS 0 condorpool - 207
1644690192 individuals_ID0000012 POST_SCRIPT_STARTED 210.0 condorpool - 207
1644690192 individuals_ID0000012 POST_SCRIPT_TERMINATED 210.0 condorpool - 207
1644690197 individuals_ID0000012 POST_SCRIPT_SUCCESS 0 condorpool - 207
1644690197 individuals_ID0000027 EXECUTE 217.0 condorpool - 214
1644690197 individuals_ID0000028 EXECUTE 218.0 condorpool - 215
1644690236 individuals_ID0000013 JOB_TERMINATED 211.0 condorpool - 208
1644690237 individuals_ID0000013 JOB_SUCCESS 0 condorpool - 208
1644690237 individuals_ID0000013 POST_SCRIPT_STARTED 211.0 condorpool - 208
1644690238 individuals_ID0000013 POST_SCRIPT_TERMINATED 211.0 condorpool - 208
1644690242 individuals_ID0000013 POST_SCRIPT_SUCCESS 0 condorpool - 208
1644690243 individuals_ID0000029 EXECUTE 219.0 condorpool - 216
1644690634 individuals_ID0000019 JOB_TERMINATED 213.0 condorpool - 210
1644690637 individuals_ID0000019 JOB_SUCCESS 0 condorpool - 210
1644690637 individuals_ID0000019 POST_SCRIPT_STARTED 213.0 condorpool - 210
1644690637 individuals_ID0000019 POST_SCRIPT_TERMINATED 213.0 condorpool - 210
1644690642 individuals_ID0000019 POST_SCRIPT_SUCCESS 0 condorpool - 210
1644690639 individuals_ID0000022 EXECUTE 220.0 condorpool - 217
1644690644 individuals_ID0000010 JOB_TERMINATED 214.0 condorpool - 211
1644690648 individuals_ID0000010 JOB_SUCCESS 0 condorpool - 211
1644690648 individuals_ID0000010 POST_SCRIPT_STARTED 214.0 condorpool - 211
1644690648 individuals_ID0000010 POST_SCRIPT_TERMINATED 214.0 condorpool - 211
1644690653 individuals_ID0000010 POST_SCRIPT_SUCCESS 0 condorpool - 211
1644690649 individuals_ID0000050 JOB_TERMINATED 215.0 condorpool - 212
1644690653 individuals_ID0000050 JOB_SUCCESS 0 condorpool - 212
1644690653 individuals_ID0000050 POST_SCRIPT_STARTED 215.0 condorpool - 212
1644690650 individuals_ID0000023 EXECUTE 221.0 condorpool - 218
1644690653 individuals_ID0000050 POST_SCRIPT_TERMINATED 215.0 condorpool - 212
1644690658 individuals_ID0000050 POST_SCRIPT_SUCCESS 0 condorpool - 212
1644690656 individuals_ID0000024 EXECUTE 222.0 condorpool - 219
1644690656 individuals_ID0000014 JOB_TERMINATED 212.0 condorpool - 209
1644690658 individuals_ID0000014 JOB_SUCCESS 0 condorpool - 209
1644690658 individuals_ID0000014 POST_SCRIPT_STARTED 212.0 condorpool - 209
1644690659 individuals_ID0000014 POST_SCRIPT_TERMINATED 212.0 condorpool - 209
1644690663 individuals_ID0000014 POST_SCRIPT_SUCCESS 0 condorpool - 209
1644690664 individuals_ID0000025 EXECUTE 223.0 condorpool - 220
1644690775 individuals_ID0000026 JOB_TERMINATED 216.0 condorpool - 213
1644690778 individuals_ID0000026 JOB_SUCCESS 0 condorpool - 213
1644690778 individuals_ID0000026 POST_SCRIPT_STARTED 216.0 condorpool - 213
1644690778 individuals_ID0000026 POST_SCRIPT_TERMINATED 216.0 condorpool - 213
1644690783 individuals_ID0000026 POST_SCRIPT_SUCCESS 0 condorpool - 213
1644690836 individuals_ID0000020 EXECUTE 224.0 condorpool - 221
1644691170 individuals_ID0000027 JOB_TERMINATED 217.0 condorpool - 214
1644691173 individuals_ID0000027 JOB_SUCCESS 0 condorpool - 214
1644691173 individuals_ID0000027 POST_SCRIPT_STARTED 217.0 condorpool - 214
1644691172 individuals_ID0000028 JOB_TERMINATED 218.0 condorpool - 215
1644691173 individuals_ID0000028 JOB_SUCCESS 0 condorpool - 215
1644691173 individuals_ID0000028 POST_SCRIPT_STARTED 218.0 condorpool - 215
1644691174 individuals_ID0000028 POST_SCRIPT_TERMINATED 218.0 condorpool - 215
1644691178 individuals_ID0000028 POST_SCRIPT_SUCCESS 0 condorpool - 215
1644691174 individuals_ID0000027 POST_SCRIPT_TERMINATED 217.0 condorpool - 214
1644691178 individuals_ID0000027 POST_SCRIPT_SUCCESS 0 condorpool - 214
1644691196 individuals_ID0000021 EXECUTE 225.0 condorpool - 222
1644691206 individuals_ID0000029 JOB_TERMINATED 219.0 condorpool - 216
1644691208 individuals_ID0000029 JOB_SUCCESS 0 condorpool - 216
1644691208 individuals_ID0000029 POST_SCRIPT_STARTED 219.0 condorpool - 216
1644691208 individuals_ID0000029 POST_SCRIPT_TERMINATED 219.0 condorpool - 216
1644691213 individuals_ID0000029 POST_SCRIPT_SUCCESS 0 condorpool - 216
1644691687 individuals_ID0000022 JOB_TERMINATED 220.0 condorpool - 217
1644691689 individuals_ID0000022 JOB_SUCCESS 0 condorpool - 217
1644691689 individuals_ID0000022 POST_SCRIPT_STARTED 220.0 condorpool - 217
1644691689 individuals_ID0000022 POST_SCRIPT_TERMINATED 220.0 condorpool - 217
1644691694 individuals_ID0000022 POST_SCRIPT_SUCCESS 0 condorpool - 217
1644691702 individuals_ID0000025 JOB_TERMINATED 223.0 condorpool - 220
1644691704 individuals_ID0000025 JOB_SUCCESS 0 condorpool - 220
1644691704 individuals_ID0000025 POST_SCRIPT_STARTED 223.0 condorpool - 220
1644691702 individuals_ID0000023 JOB_TERMINATED 221.0 condorpool - 218
1644691704 individuals_ID0000023 JOB_SUCCESS 0 condorpool - 218
1644691704 individuals_ID0000023 POST_SCRIPT_STARTED 221.0 condorpool - 218
1644691703 individuals_ID0000024 JOB_TERMINATED 222.0 condorpool - 219
1644691704 individuals_ID0000024 JOB_SUCCESS 0 condorpool - 219
1644691704 individuals_ID0000024 POST_SCRIPT_STARTED 222.0 condorpool - 219
1644691704 individuals_ID0000023 POST_SCRIPT_TERMINATED 221.0 condorpool - 218
1644691709 individuals_ID0000023 POST_SCRIPT_SUCCESS 0 condorpool - 218
1644691704 individuals_ID0000025 POST_SCRIPT_TERMINATED 223.0 condorpool - 220
1644691709 individuals_ID0000025 POST_SCRIPT_SUCCESS 0 condorpool - 220
1644691704 individuals_ID0000024 POST_SCRIPT_TERMINATED 222.0 condorpool - 219
1644691709 individuals_ID0000024 POST_SCRIPT_SUCCESS 0 condorpool - 219
1644691739 individuals_ID0000020 JOB_TERMINATED 224.0 condorpool - 221
1644691744 individuals_ID0000020 JOB_SUCCESS 0 condorpool - 221
1644691744 individuals_ID0000020 POST_SCRIPT_STARTED 224.0 condorpool - 221
1644691745 individuals_ID0000020 POST_SCRIPT_TERMINATED 224.0 condorpool - 221
1644691749 individuals_ID0000020 POST_SCRIPT_SUCCESS 0 condorpool - 221
1644692053 individuals_ID0000021 JOB_TERMINATED 225.0 condorpool - 222
1644692054 individuals_ID0000021 JOB_SUCCESS 0 condorpool - 222
1644692054 individuals_ID0000021 POST_SCRIPT_STARTED 225.0 condorpool - 222
1644692054 individuals_ID0000021 POST_SCRIPT_TERMINATED 225.0 condorpool - 222
1644692059 individuals_ID0000021 POST_SCRIPT_SUCCESS 0 condorpool - 222
1644692064 individuals_merge_ID0000051 SUBMIT 226.0 condorpool - 223
1644692067 individuals_merge_ID0000051 EXECUTE 226.0 condorpool - 223
1644696265 individuals_merge_ID0000051 JOB_TERMINATED 226.0 condorpool - 223
1644696268 individuals_merge_ID0000051 JOB_SUCCESS 0 condorpool - 223
1644696268 individuals_merge_ID0000051 POST_SCRIPT_STARTED 226.0 condorpool - 223
1644696268 individuals_merge_ID0000051 POST_SCRIPT_TERMINATED 226.0 condorpool - 223
1644696273 individuals_merge_ID0000051 POST_SCRIPT_SUCCESS 0 condorpool - 223
1644696278 frequency_ID0000060 SUBMIT 227.0 condorpool - 224
1644696279 frequency_ID0000062 SUBMIT 228.0 condorpool - 225
1644696279 mutation_overlap_ID0000053 SUBMIT 229.0 condorpool - 226
1644696279 frequency_ID0000058 SUBMIT 230.0 condorpool - 227
1644696279 mutation_overlap_ID0000063 SUBMIT 231.0 condorpool - 228
1644696284 mutation_overlap_ID0000055 SUBMIT 232.0 condorpool - 229
1644696284 mutation_overlap_ID0000065 SUBMIT 233.0 condorpool - 230
1644696284 frequency_ID0000064 SUBMIT 234.0 condorpool - 231
1644696284 frequency_ID0000054 SUBMIT 235.0 condorpool - 232
1644696284 frequency_ID0000066 SUBMIT 236.0 condorpool - 233
1644696289 frequency_ID0000056 SUBMIT 237.0 condorpool - 234
1644696289 mutation_overlap_ID0000061 SUBMIT 238.0 condorpool - 235
1644696289 mutation_overlap_ID0000057 SUBMIT 239.0 condorpool - 236
1644696289 mutation_overlap_ID0000059 SUBMIT 240.0 condorpool - 237
1644696292 mutation_overlap_ID0000063 EXECUTE 231.0 condorpool - 228
1644696293 frequency_ID0000060 EXECUTE 227.0 condorpool - 224
1644696293 mutation_overlap_ID0000055 EXECUTE 232.0 condorpool - 229
1644696293 frequency_ID0000058 EXECUTE 230.0 condorpool - 227
1644696293 frequency_ID0000062 EXECUTE 228.0 condorpool - 225
1644696293 frequency_ID0000064 EXECUTE 234.0 condorpool - 231
1644696293 mutation_overlap_ID0000065 EXECUTE 233.0 condorpool - 230
1644696293 mutation_overlap_ID0000053 EXECUTE 229.0 condorpool - 226
1644696411 mutation_overlap_ID0000065 JOB_TERMINATED 233.0 condorpool - 230
1644696414 mutation_overlap_ID0000065 JOB_SUCCESS 0 condorpool - 230
1644696414 mutation_overlap_ID0000065 POST_SCRIPT_STARTED 233.0 condorpool - 230
1644696414 mutation_overlap_ID0000063 JOB_TERMINATED 231.0 condorpool - 228
1644696414 mutation_overlap_ID0000063 JOB_SUCCESS 0 condorpool - 228
1644696414 mutation_overlap_ID0000063 POST_SCRIPT_STARTED 231.0 condorpool - 228
1644696414 mutation_overlap_ID0000065 POST_SCRIPT_TERMINATED 233.0 condorpool - 230
1644696419 mutation_overlap_ID0000065 POST_SCRIPT_SUCCESS 0 condorpool - 230
1644696414 mutation_overlap_ID0000063 POST_SCRIPT_TERMINATED 231.0 condorpool - 228
1644696419 mutation_overlap_ID0000063 POST_SCRIPT_SUCCESS 0 condorpool - 228
1644696417 mutation_overlap_ID0000055 JOB_TERMINATED 232.0 condorpool - 229
1644696419 mutation_overlap_ID0000055 JOB_SUCCESS 0 condorpool - 229
1644696419 mutation_overlap_ID0000055 POST_SCRIPT_STARTED 232.0 condorpool - 229
1644696420 mutation_overlap_ID0000055 POST_SCRIPT_TERMINATED 232.0 condorpool - 229
1644696424 mutation_overlap_ID0000055 POST_SCRIPT_SUCCESS 0 condorpool - 229
1644696422 mutation_overlap_ID0000053 JOB_TERMINATED 229.0 condorpool - 226
1644696424 mutation_overlap_ID0000053 JOB_SUCCESS 0 condorpool - 226
1644696424 mutation_overlap_ID0000053 POST_SCRIPT_STARTED 229.0 condorpool - 226
1644696424 mutation_overlap_ID0000053 POST_SCRIPT_TERMINATED 229.0 condorpool - 226
1644696429 mutation_overlap_ID0000053 POST_SCRIPT_SUCCESS 0 condorpool - 226
1644696471 frequency_ID0000054 EXECUTE 235.0 condorpool - 232
1644696472 frequency_ID0000066 EXECUTE 236.0 condorpool - 233
1644696472 frequency_ID0000056 EXECUTE 237.0 condorpool - 234
1644696472 mutation_overlap_ID0000061 EXECUTE 238.0 condorpool - 235
1644696596 mutation_overlap_ID0000061 JOB_TERMINATED 238.0 condorpool - 235
1644696599 mutation_overlap_ID0000061 JOB_SUCCESS 0 condorpool - 235
1644696599 mutation_overlap_ID0000061 POST_SCRIPT_STARTED 238.0 condorpool - 235
1644696599 mutation_overlap_ID0000061 POST_SCRIPT_TERMINATED 238.0 condorpool - 235
1644696604 mutation_overlap_ID0000061 POST_SCRIPT_SUCCESS 0 condorpool - 235
1644696652 mutation_overlap_ID0000057 EXECUTE 239.0 condorpool - 236
1644696866 mutation_overlap_ID0000057 JOB_TERMINATED 239.0 condorpool - 236
1644696869 mutation_overlap_ID0000057 JOB_SUCCESS 0 condorpool - 236
1644696869 mutation_overlap_ID0000057 POST_SCRIPT_STARTED 239.0 condorpool - 236
1644696870 mutation_overlap_ID0000057 POST_SCRIPT_TERMINATED 239.0 condorpool - 236
1644696874 mutation_overlap_ID0000057 POST_SCRIPT_SUCCESS 0 condorpool - 236
1644696951 mutation_overlap_ID0000059 EXECUTE 240.0 condorpool - 237
1644697045 mutation_overlap_ID0000059 JOB_TERMINATED 240.0 condorpool - 237
1644697049 mutation_overlap_ID0000059 JOB_SUCCESS 0 condorpool - 237
1644697049 mutation_overlap_ID0000059 POST_SCRIPT_STARTED 240.0 condorpool - 237
1644697049 mutation_overlap_ID0000059 POST_SCRIPT_TERMINATED 240.0 condorpool - 237
1644697054 mutation_overlap_ID0000059 POST_SCRIPT_SUCCESS 0 condorpool - 237
1644697075 frequency_ID0000064 JOB_TERMINATED 234.0 condorpool - 231
1644697079 frequency_ID0000064 JOB_SUCCESS 0 condorpool - 231
1644697079 frequency_ID0000064 POST_SCRIPT_STARTED 234.0 condorpool - 231
1644697079 frequency_ID0000064 POST_SCRIPT_TERMINATED 234.0 condorpool - 231
1644697084 frequency_ID0000064 POST_SCRIPT_SUCCESS 0 condorpool - 231
1644697096 frequency_ID0000060 JOB_TERMINATED 227.0 condorpool - 224
1644697100 frequency_ID0000060 JOB_SUCCESS 0 condorpool - 224
1644697100 frequency_ID0000060 POST_SCRIPT_STARTED 227.0 condorpool - 224
1644697100 frequency_ID0000060 POST_SCRIPT_TERMINATED 227.0 condorpool - 224
1644697105 frequency_ID0000060 POST_SCRIPT_SUCCESS 0 condorpool - 224
1644697154 frequency_ID0000062 JOB_TERMINATED 228.0 condorpool - 225
1644697155 frequency_ID0000062 JOB_SUCCESS 0 condorpool - 225
1644697155 frequency_ID0000062 POST_SCRIPT_STARTED 228.0 condorpool - 225
1644697155 frequency_ID0000062 POST_SCRIPT_TERMINATED 228.0 condorpool - 225
1644697160 frequency_ID0000062 POST_SCRIPT_SUCCESS 0 condorpool - 225
1644697193 frequency_ID0000066 JOB_TERMINATED 236.0 condorpool - 233
1644697196 frequency_ID0000066 JOB_SUCCESS 0 condorpool - 233
1644697196 frequency_ID0000066 POST_SCRIPT_STARTED 236.0 condorpool - 233
1644697196 frequency_ID0000066 POST_SCRIPT_TERMINATED 236.0 condorpool - 233
1644697201 frequency_ID0000066 POST_SCRIPT_SUCCESS 0 condorpool - 233
1644697202 frequency_ID0000058 JOB_TERMINATED 230.0 condorpool - 227
1644697206 frequency_ID0000058 JOB_SUCCESS 0 condorpool - 227
1644697206 frequency_ID0000058 POST_SCRIPT_STARTED 230.0 condorpool - 227
1644697206 frequency_ID0000058 POST_SCRIPT_TERMINATED 230.0 condorpool - 227
1644697211 frequency_ID0000058 POST_SCRIPT_SUCCESS 0 condorpool - 227
1644697216 stage_out_local_local_2_1 SUBMIT 241.0 local - 238
1644697217 stage_out_local_local_2_1 EXECUTE 241.0 local - 238
1644697221 stage_out_local_local_2_1 JOB_TERMINATED 241.0 local - 238
1644697222 stage_out_local_local_2_1 JOB_SUCCESS 0 local - 238
1644697222 stage_out_local_local_2_1 POST_SCRIPT_STARTED 241.0 local - 238
1644697222 stage_out_local_local_2_1 POST_SCRIPT_TERMINATED 241.0 local - 238
1644697227 stage_out_local_local_2_1 POST_SCRIPT_SUCCESS 0 local - 238
1644697279 frequency_ID0000056 JOB_TERMINATED 237.0 condorpool - 234
1644697282 frequency_ID0000056 JOB_SUCCESS 0 condorpool - 234
1644697282 frequency_ID0000056 POST_SCRIPT_STARTED 237.0 condorpool - 234
1644697282 frequency_ID0000056 POST_SCRIPT_TERMINATED 237.0 condorpool - 234
1644697287 frequency_ID0000056 POST_SCRIPT_SUCCESS 0 condorpool - 234
1644697402 frequency_ID0000054 JOB_TERMINATED 235.0 condorpool - 232
1644697402 frequency_ID0000054 JOB_SUCCESS 0 condorpool - 232
1644697402 frequency_ID0000054 POST_SCRIPT_STARTED 235.0 condorpool - 232
1644697403 frequency_ID0000054 POST_SCRIPT_TERMINATED 235.0 condorpool - 232
1644697407 frequency_ID0000054 POST_SCRIPT_SUCCESS 0 condorpool - 232
1644697412 stage_out_local_local_2_0 SUBMIT 242.0 local - 239
1644697412 stage_out_local_local_2_0 EXECUTE 242.0 local - 239
1644697416 stage_out_local_local_2_0 JOB_TERMINATED 242.0 local - 239
1644697417 stage_out_local_local_2_0 JOB_SUCCESS 0 local - 239
1644697417 stage_out_local_local_2_0 POST_SCRIPT_STARTED 242.0 local - 239
1644697417 stage_out_local_local_2_0 POST_SCRIPT_TERMINATED 242.0 local - 239
1644697422 stage_out_local_local_2_0 POST_SCRIPT_SUCCESS 0 local - 239
1644697427 cleanup_1000-genome_0_local SUBMIT 243.0 local - 240
1644697427 cleanup_1000-genome_0_local EXECUTE 243.0 local - 240
1644697429 cleanup_1000-genome_0_local JOB_TERMINATED 243.0 local - 240
1644697432 cleanup_1000-genome_0_local JOB_SUCCESS 0 local - 240
1644697432 cleanup_1000-genome_0_local POST_SCRIPT_STARTED 243.0 local - 240
1644697432 cleanup_1000-genome_0_local POST_SCRIPT_TERMINATED 243.0 local - 240
1644697437 cleanup_1000-genome_0_local POST_SCRIPT_SUCCESS 0 local - 240
1644697437 INTERNAL *** DAGMAN_FINISHED 0 ***
1644697439 INTERNAL *** MONITORD_FINISHED 0 ***
