1644979927 INTERNAL *** MONITORD_STARTED ***
1644979925 INTERNAL *** DAGMAN_STARTED 1765.0 ***
1644979929 create_dir_1000-genome_0_local SUBMIT 1766.0 local - 1
1644979930 create_dir_1000-genome_0_local EXECUTE 1766.0 local - 1
1644979932 create_dir_1000-genome_0_local JOB_TERMINATED 1766.0 local - 1
1644979934 create_dir_1000-genome_0_local JOB_SUCCESS 0 local - 1
1644979934 create_dir_1000-genome_0_local POST_SCRIPT_STARTED 1766.0 local - 1
1644979934 create_dir_1000-genome_0_local POST_SCRIPT_TERMINATED 1766.0 local - 1
1644979939 create_dir_1000-genome_0_local POST_SCRIPT_SUCCESS 0 local - 1
1644979944 stage_in_remote_local_2_0 SUBMIT 1767.0 local - 2
1644979944 stage_in_remote_local_2_0 EXECUTE 1767.0 local - 2
1644979944 stage_in_remote_local_1_0 SUBMIT 1768.0 local - 3
1644979944 stage_in_remote_local_0_0 SUBMIT 1769.0 local - 4
1644979944 stage_in_local_local_0_0 SUBMIT 1770.0 local - 5
1644979945 stage_in_local_local_2_0 SUBMIT 1771.0 local - 6
1644979947 stage_in_remote_local_2_0 JOB_TERMINATED 1767.0 local - 2
1644979950 stage_in_remote_local_2_0 JOB_SUCCESS 0 local - 2
1644979950 stage_in_remote_local_2_0 POST_SCRIPT_STARTED 1767.0 local - 2
1644979947 stage_in_local_local_2_0 EXECUTE 1771.0 local - 6
1644979947 stage_in_local_local_0_0 EXECUTE 1770.0 local - 5
1644979947 stage_in_remote_local_0_0 EXECUTE 1769.0 local - 4
1644979947 stage_in_remote_local_1_0 EXECUTE 1768.0 local - 3
1644979949 stage_in_remote_local_0_0 JOB_TERMINATED 1769.0 local - 4
1644979950 stage_in_remote_local_0_0 JOB_SUCCESS 0 local - 4
1644979950 stage_in_remote_local_0_0 POST_SCRIPT_STARTED 1769.0 local - 4
1644979949 stage_in_local_local_0_0 JOB_TERMINATED 1770.0 local - 5
1644979950 stage_in_local_local_0_0 JOB_SUCCESS 0 local - 5
1644979950 stage_in_local_local_0_0 POST_SCRIPT_STARTED 1770.0 local - 5
1644979949 stage_in_remote_local_1_0 JOB_TERMINATED 1768.0 local - 3
1644979950 stage_in_remote_local_1_0 JOB_SUCCESS 0 local - 3
1644979950 stage_in_remote_local_1_0 POST_SCRIPT_STARTED 1768.0 local - 3
1644979950 stage_in_remote_local_0_1 SUBMIT 1772.0 local - 7
1644979950 stage_in_local_local_0_1 SUBMIT 1773.0 local - 8
1644979950 stage_in_local_local_2_1 SUBMIT 1774.0 local - 9
1644979950 stage_in_remote_local_2_1 SUBMIT 1775.0 local - 10
1644979950 stage_in_local_local_0_2 SUBMIT 1776.0 local - 11
1644979950 stage_in_remote_local_2_0 POST_SCRIPT_TERMINATED 1767.0 local - 2
1644979955 stage_in_remote_local_2_0 POST_SCRIPT_SUCCESS 0 local - 2
1644979950 stage_in_remote_local_1_0 POST_SCRIPT_TERMINATED 1768.0 local - 3
1644979955 stage_in_remote_local_1_0 POST_SCRIPT_SUCCESS 0 local - 3
1644979950 stage_in_remote_local_0_0 POST_SCRIPT_TERMINATED 1769.0 local - 4
1644979955 stage_in_remote_local_0_0 POST_SCRIPT_SUCCESS 0 local - 4
1644979950 stage_in_local_local_0_0 POST_SCRIPT_TERMINATED 1770.0 local - 5
1644979955 stage_in_local_local_0_0 POST_SCRIPT_SUCCESS 0 local - 5
1644979951 stage_in_local_local_2_0 JOB_TERMINATED 1771.0 local - 6
1644979955 stage_in_local_local_2_0 JOB_SUCCESS 0 local - 6
1644979955 stage_in_local_local_2_0 POST_SCRIPT_STARTED 1771.0 local - 6
1644979951 stage_in_local_local_0_2 EXECUTE 1776.0 local - 11
1644979951 stage_in_remote_local_2_1 EXECUTE 1775.0 local - 10
1644979951 stage_in_local_local_2_1 EXECUTE 1774.0 local - 9
1644979951 stage_in_local_local_0_1 EXECUTE 1773.0 local - 8
1644979951 stage_in_remote_local_0_1 EXECUTE 1772.0 local - 7
1644979953 stage_in_remote_local_2_1 JOB_TERMINATED 1775.0 local - 10
1644979955 stage_in_remote_local_2_1 JOB_SUCCESS 0 local - 10
1644979955 stage_in_remote_local_2_1 POST_SCRIPT_STARTED 1775.0 local - 10
1644979953 stage_in_local_local_0_2 JOB_TERMINATED 1776.0 local - 11
1644979955 stage_in_local_local_0_2 JOB_SUCCESS 0 local - 11
1644979955 stage_in_local_local_0_2 POST_SCRIPT_STARTED 1776.0 local - 11
1644979953 stage_in_remote_local_0_1 JOB_TERMINATED 1772.0 local - 7
1644979955 stage_in_remote_local_0_1 JOB_SUCCESS 0 local - 7
1644979955 stage_in_remote_local_0_1 POST_SCRIPT_STARTED 1772.0 local - 7
1644979954 stage_in_local_local_0_1 JOB_TERMINATED 1773.0 local - 8
1644979955 stage_in_local_local_0_1 JOB_SUCCESS 0 local - 8
1644979955 stage_in_local_local_0_1 POST_SCRIPT_STARTED 1773.0 local - 8
1644979955 stage_in_local_local_2_1 JOB_TERMINATED 1774.0 local - 9
1644979960 stage_in_local_local_2_1 JOB_SUCCESS 0 local - 9
1644979960 stage_in_local_local_2_1 POST_SCRIPT_STARTED 1774.0 local - 9
1644979955 stage_in_remote_local_2_1 POST_SCRIPT_TERMINATED 1775.0 local - 10
1644979960 stage_in_remote_local_2_1 POST_SCRIPT_SUCCESS 0 local - 10
1644979955 stage_in_local_local_0_2 POST_SCRIPT_TERMINATED 1776.0 local - 11
1644979960 stage_in_local_local_0_2 POST_SCRIPT_SUCCESS 0 local - 11
1644979955 stage_in_local_local_2_0 POST_SCRIPT_TERMINATED 1771.0 local - 6
1644979960 stage_in_local_local_2_0 POST_SCRIPT_SUCCESS 0 local - 6
1644979955 stage_in_remote_local_0_1 POST_SCRIPT_TERMINATED 1772.0 local - 7
1644979960 stage_in_remote_local_0_1 POST_SCRIPT_SUCCESS 0 local - 7
1644979955 stage_in_local_local_0_1 POST_SCRIPT_TERMINATED 1773.0 local - 8
1644979960 stage_in_local_local_0_1 POST_SCRIPT_SUCCESS 0 local - 8
1644979961 stage_in_local_local_2_1 POST_SCRIPT_TERMINATED 1774.0 local - 9
1644979965 stage_in_local_local_2_1 POST_SCRIPT_SUCCESS 0 local - 9
1644979965 sifting_ID0000052 SUBMIT 1777.0 condorpool - 12
1644979965 individuals_ID0000037 SUBMIT 1778.0 condorpool - 13
1644979965 individuals_ID0000038 SUBMIT 1779.0 condorpool - 14
1644979965 individuals_ID0000039 SUBMIT 1780.0 condorpool - 15
1644979965 individuals_ID0000033 SUBMIT 1781.0 condorpool - 16
1644979965 sifting_ID0000052 EXECUTE 1777.0 condorpool - 12
1644979969 individuals_ID0000037 EXECUTE 1778.0 condorpool - 13
1644979969 sifting_ID0000052 JOB_TERMINATED 1777.0 condorpool - 12
1644979970 sifting_ID0000052 JOB_SUCCESS 0 condorpool - 12
1644979970 sifting_ID0000052 POST_SCRIPT_STARTED 1777.0 condorpool - 12
1644979970 individuals_ID0000034 SUBMIT 1782.0 condorpool - 17
1644979970 individuals_ID0000035 SUBMIT 1783.0 condorpool - 18
1644979970 individuals_ID0000036 SUBMIT 1784.0 condorpool - 19
1644979970 individuals_ID0000030 SUBMIT 1785.0 condorpool - 20
1644979970 individuals_ID0000031 SUBMIT 1786.0 condorpool - 21
1644979970 sifting_ID0000052 POST_SCRIPT_TERMINATED 1777.0 condorpool - 12
1644979975 sifting_ID0000052 POST_SCRIPT_SUCCESS 0 condorpool - 12
1644979975 individuals_ID0000032 SUBMIT 1787.0 condorpool - 22
1644979975 individuals_ID0000004 SUBMIT 1788.0 condorpool - 23
1644979975 individuals_ID0000048 SUBMIT 1789.0 condorpool - 24
1644979975 individuals_ID0000005 SUBMIT 1790.0 condorpool - 25
1644979975 individuals_ID0000049 SUBMIT 1791.0 condorpool - 26
1644979976 individuals_ID0000038 EXECUTE 1779.0 condorpool - 14
1644979980 individuals_ID0000006 SUBMIT 1792.0 condorpool - 27
1644979980 individuals_ID0000007 SUBMIT 1793.0 condorpool - 28
1644979981 individuals_ID0000044 SUBMIT 1794.0 condorpool - 29
1644979981 individuals_ID0000001 SUBMIT 1795.0 condorpool - 30
1644979981 individuals_ID0000045 SUBMIT 1796.0 condorpool - 31
1644979986 individuals_ID0000002 SUBMIT 1797.0 condorpool - 32
1644979986 individuals_ID0000046 SUBMIT 1798.0 condorpool - 33
1644979986 individuals_ID0000003 SUBMIT 1799.0 condorpool - 34
1644979986 individuals_ID0000047 SUBMIT 1800.0 condorpool - 35
1644979986 individuals_ID0000008 SUBMIT 1801.0 condorpool - 36
1644979991 individuals_ID0000009 SUBMIT 1802.0 condorpool - 37
1644979991 individuals_ID0000040 SUBMIT 1803.0 condorpool - 38
1644979991 individuals_ID0000041 SUBMIT 1804.0 condorpool - 39
1644979991 individuals_ID0000042 SUBMIT 1805.0 condorpool - 40
1644979991 individuals_ID0000043 SUBMIT 1806.0 condorpool - 41
1644979996 individuals_ID0000015 SUBMIT 1807.0 condorpool - 42
1644979996 individuals_ID0000016 SUBMIT 1808.0 condorpool - 43
1644979996 individuals_ID0000017 SUBMIT 1809.0 condorpool - 44
1644979996 individuals_ID0000018 SUBMIT 1810.0 condorpool - 45
1644979996 individuals_ID0000011 SUBMIT 1811.0 condorpool - 46
1644980001 individuals_ID0000012 SUBMIT 1812.0 condorpool - 47
1644980001 individuals_ID0000013 SUBMIT 1813.0 condorpool - 48
1644980001 individuals_ID0000014 SUBMIT 1814.0 condorpool - 49
1644980001 individuals_ID0000019 SUBMIT 1815.0 condorpool - 50
1644980001 individuals_ID0000010 SUBMIT 1816.0 condorpool - 51
1644980007 individuals_ID0000050 SUBMIT 1817.0 condorpool - 52
1644980007 individuals_ID0000026 SUBMIT 1818.0 condorpool - 53
1644980007 individuals_ID0000027 SUBMIT 1819.0 condorpool - 54
1644980007 individuals_ID0000028 SUBMIT 1820.0 condorpool - 55
1644980007 individuals_ID0000029 SUBMIT 1821.0 condorpool - 56
1644980008 individuals_ID0000045 EXECUTE 1796.0 condorpool - 31
1644980010 individuals_ID0000039 EXECUTE 1780.0 condorpool - 15
1644980010 individuals_ID0000033 EXECUTE 1781.0 condorpool - 16
1644980011 individuals_ID0000034 EXECUTE 1782.0 condorpool - 17
1644980012 individuals_ID0000022 SUBMIT 1822.0 condorpool - 57
1644980012 individuals_ID0000023 SUBMIT 1823.0 condorpool - 58
1644980012 individuals_ID0000024 SUBMIT 1824.0 condorpool - 59
1644980012 individuals_ID0000025 SUBMIT 1825.0 condorpool - 60
1644980012 individuals_ID0000049 EXECUTE 1791.0 condorpool - 26
1644980012 individuals_ID0000020 SUBMIT 1826.0 condorpool - 61
1644980015 individuals_ID0000032 EXECUTE 1787.0 condorpool - 22
1644980017 individuals_ID0000021 SUBMIT 1827.0 condorpool - 62
1644980017 individuals_ID0000044 EXECUTE 1794.0 condorpool - 29
1644980018 individuals_ID0000001 EXECUTE 1795.0 condorpool - 30
1644980024 individuals_ID0000005 EXECUTE 1790.0 condorpool - 25
1644980026 individuals_ID0000006 EXECUTE 1792.0 condorpool - 27
1644980032 individuals_ID0000004 EXECUTE 1788.0 condorpool - 23
1644980043 individuals_ID0000010 EXECUTE 1816.0 condorpool - 51
1644980051 individuals_ID0000035 EXECUTE 1783.0 condorpool - 18
1644980054 individuals_ID0000016 EXECUTE 1808.0 condorpool - 43
1644980063 individuals_ID0000007 EXECUTE 1793.0 condorpool - 28
1644980066 individuals_ID0000031 EXECUTE 1786.0 condorpool - 21
1644980067 individuals_ID0000047 EXECUTE 1800.0 condorpool - 35
1644980067 individuals_ID0000048 EXECUTE 1789.0 condorpool - 24
1644980072 individuals_ID0000036 EXECUTE 1784.0 condorpool - 19
1644980073 individuals_ID0000003 EXECUTE 1799.0 condorpool - 34
1644980075 individuals_ID0000046 EXECUTE 1798.0 condorpool - 33
1644980078 individuals_ID0000030 EXECUTE 1785.0 condorpool - 20
1644980079 individuals_ID0000011 EXECUTE 1811.0 condorpool - 46
1644980096 individuals_ID0000042 EXECUTE 1805.0 condorpool - 40
1644980107 individuals_ID0000012 EXECUTE 1812.0 condorpool - 47
1644980114 individuals_ID0000015 EXECUTE 1807.0 condorpool - 42
1644980114 individuals_ID0000017 EXECUTE 1809.0 condorpool - 44
1644980116 individuals_ID0000043 EXECUTE 1806.0 condorpool - 41
1644980116 individuals_ID0000018 EXECUTE 1810.0 condorpool - 45
1644980119 individuals_ID0000013 EXECUTE 1813.0 condorpool - 48
1644980119 individuals_ID0000019 EXECUTE 1815.0 condorpool - 50
1644980123 individuals_ID0000009 EXECUTE 1802.0 condorpool - 37
1644980125 individuals_ID0000008 EXECUTE 1801.0 condorpool - 36
1644980137 individuals_ID0000014 EXECUTE 1814.0 condorpool - 49
1644980145 individuals_ID0000041 EXECUTE 1804.0 condorpool - 39
1644980149 individuals_ID0000040 EXECUTE 1803.0 condorpool - 38
1644980151 individuals_ID0000002 EXECUTE 1797.0 condorpool - 32
1644980160 individuals_ID0000050 EXECUTE 1817.0 condorpool - 52
1644980696 individuals_ID0000001 JOB_TERMINATED 1795.0 condorpool - 30
1644980698 individuals_ID0000001 JOB_SUCCESS 0 condorpool - 30
1644980698 individuals_ID0000001 POST_SCRIPT_STARTED 1795.0 condorpool - 30
1644980698 individuals_ID0000001 POST_SCRIPT_TERMINATED 1795.0 condorpool - 30
1644980703 individuals_ID0000001 POST_SCRIPT_SUCCESS 0 condorpool - 30
1644980704 individuals_ID0000026 EXECUTE 1818.0 condorpool - 53
1644981069 individuals_ID0000045 JOB_TERMINATED 1796.0 condorpool - 31
1644981073 individuals_ID0000045 JOB_SUCCESS 0 condorpool - 31
1644981073 individuals_ID0000045 POST_SCRIPT_STARTED 1796.0 condorpool - 31
1644981073 individuals_ID0000044 JOB_TERMINATED 1794.0 condorpool - 29
1644981078 individuals_ID0000044 JOB_SUCCESS 0 condorpool - 29
1644981078 individuals_ID0000044 POST_SCRIPT_STARTED 1794.0 condorpool - 29
1644981074 individuals_ID0000045 POST_SCRIPT_TERMINATED 1796.0 condorpool - 31
1644981078 individuals_ID0000045 POST_SCRIPT_SUCCESS 0 condorpool - 31
1644981076 individuals_ID0000027 EXECUTE 1819.0 condorpool - 54
1644981078 individuals_ID0000044 POST_SCRIPT_TERMINATED 1794.0 condorpool - 29
1644981083 individuals_ID0000044 POST_SCRIPT_SUCCESS 0 condorpool - 29
1644981082 individuals_ID0000028 EXECUTE 1820.0 condorpool - 55
1644981150 individuals_ID0000049 JOB_TERMINATED 1791.0 condorpool - 26
1644981153 individuals_ID0000049 JOB_SUCCESS 0 condorpool - 26
1644981153 individuals_ID0000049 POST_SCRIPT_STARTED 1791.0 condorpool - 26
1644981153 individuals_ID0000049 POST_SCRIPT_TERMINATED 1791.0 condorpool - 26
1644981158 individuals_ID0000049 POST_SCRIPT_SUCCESS 0 condorpool - 26
1644981158 individuals_ID0000029 EXECUTE 1821.0 condorpool - 56
1644981164 individuals_ID0000005 JOB_TERMINATED 1790.0 condorpool - 25
1644981168 individuals_ID0000005 JOB_SUCCESS 0 condorpool - 25
1644981168 individuals_ID0000005 POST_SCRIPT_STARTED 1790.0 condorpool - 25
1644981169 individuals_ID0000005 POST_SCRIPT_TERMINATED 1790.0 condorpool - 25
1644981173 individuals_ID0000005 POST_SCRIPT_SUCCESS 0 condorpool - 25
1644981170 individuals_ID0000022 EXECUTE 1822.0 condorpool - 57
1644981175 individuals_ID0000006 JOB_TERMINATED 1792.0 condorpool - 27
1644981178 individuals_ID0000006 JOB_SUCCESS 0 condorpool - 27
1644981178 individuals_ID0000006 POST_SCRIPT_STARTED 1792.0 condorpool - 27
1644981178 individuals_ID0000006 POST_SCRIPT_TERMINATED 1792.0 condorpool - 27
1644981183 individuals_ID0000006 POST_SCRIPT_SUCCESS 0 condorpool - 27
1644981184 individuals_ID0000023 EXECUTE 1823.0 condorpool - 58
1644981185 individuals_ID0000002 JOB_TERMINATED 1797.0 condorpool - 32
1644981188 individuals_ID0000002 JOB_SUCCESS 0 condorpool - 32
1644981188 individuals_ID0000002 POST_SCRIPT_STARTED 1797.0 condorpool - 32
1644981188 individuals_ID0000002 POST_SCRIPT_TERMINATED 1797.0 condorpool - 32
1644981193 individuals_ID0000002 POST_SCRIPT_SUCCESS 0 condorpool - 32
1644981191 individuals_ID0000007 JOB_TERMINATED 1793.0 condorpool - 28
1644981193 individuals_ID0000007 JOB_SUCCESS 0 condorpool - 28
1644981193 individuals_ID0000007 POST_SCRIPT_STARTED 1793.0 condorpool - 28
1644981193 individuals_ID0000024 EXECUTE 1824.0 condorpool - 59
1644981193 individuals_ID0000007 POST_SCRIPT_TERMINATED 1793.0 condorpool - 28
1644981198 individuals_ID0000007 POST_SCRIPT_SUCCESS 0 condorpool - 28
1644981232 individuals_ID0000025 EXECUTE 1825.0 condorpool - 60
1644981262 individuals_ID0000008 JOB_TERMINATED 1801.0 condorpool - 36
1644981263 individuals_ID0000008 JOB_SUCCESS 0 condorpool - 36
1644981263 individuals_ID0000008 POST_SCRIPT_STARTED 1801.0 condorpool - 36
1644981263 individuals_ID0000008 POST_SCRIPT_TERMINATED 1801.0 condorpool - 36
1644981268 individuals_ID0000008 POST_SCRIPT_SUCCESS 0 condorpool - 36
1644981270 individuals_ID0000047 JOB_TERMINATED 1800.0 condorpool - 35
1644981273 individuals_ID0000047 JOB_SUCCESS 0 condorpool - 35
1644981273 individuals_ID0000047 POST_SCRIPT_STARTED 1800.0 condorpool - 35
1644981274 individuals_ID0000047 POST_SCRIPT_TERMINATED 1800.0 condorpool - 35
1644981278 individuals_ID0000047 POST_SCRIPT_SUCCESS 0 condorpool - 35
1644981274 individuals_ID0000003 JOB_TERMINATED 1799.0 condorpool - 34
1644981278 individuals_ID0000003 JOB_SUCCESS 0 condorpool - 34
1644981278 individuals_ID0000003 POST_SCRIPT_STARTED 1799.0 condorpool - 34
1644981278 individuals_ID0000003 POST_SCRIPT_TERMINATED 1799.0 condorpool - 34
1644981283 individuals_ID0000003 POST_SCRIPT_SUCCESS 0 condorpool - 34
1644981279 individuals_ID0000046 JOB_TERMINATED 1798.0 condorpool - 33
1644981283 individuals_ID0000046 JOB_SUCCESS 0 condorpool - 33
1644981283 individuals_ID0000046 POST_SCRIPT_STARTED 1798.0 condorpool - 33
1644981283 individuals_ID0000046 POST_SCRIPT_TERMINATED 1798.0 condorpool - 33
1644981288 individuals_ID0000046 POST_SCRIPT_SUCCESS 0 condorpool - 33
1644981285 individuals_ID0000032 JOB_TERMINATED 1787.0 condorpool - 22
1644981288 individuals_ID0000032 JOB_SUCCESS 0 condorpool - 22
1644981288 individuals_ID0000032 POST_SCRIPT_STARTED 1787.0 condorpool - 22
1644981289 individuals_ID0000032 POST_SCRIPT_TERMINATED 1787.0 condorpool - 22
1644981293 individuals_ID0000032 POST_SCRIPT_SUCCESS 0 condorpool - 22
1644981292 individuals_ID0000037 JOB_TERMINATED 1778.0 condorpool - 13
1644981293 individuals_ID0000037 JOB_SUCCESS 0 condorpool - 13
1644981293 individuals_ID0000037 POST_SCRIPT_STARTED 1778.0 condorpool - 13
1644981293 individuals_ID0000037 POST_SCRIPT_TERMINATED 1778.0 condorpool - 13
1644981298 individuals_ID0000037 POST_SCRIPT_SUCCESS 0 condorpool - 13
1644981299 individuals_ID0000038 JOB_TERMINATED 1779.0 condorpool - 14
1644981303 individuals_ID0000038 JOB_SUCCESS 0 condorpool - 14
1644981303 individuals_ID0000038 POST_SCRIPT_STARTED 1779.0 condorpool - 14
1644981303 individuals_ID0000020 EXECUTE 1826.0 condorpool - 61
1644981303 individuals_ID0000038 POST_SCRIPT_TERMINATED 1779.0 condorpool - 14
1644981308 individuals_ID0000038 POST_SCRIPT_SUCCESS 0 condorpool - 14
1644981303 individuals_ID0000021 EXECUTE 1827.0 condorpool - 62
1644981317 individuals_ID0000042 JOB_TERMINATED 1805.0 condorpool - 40
1644981318 individuals_ID0000042 JOB_SUCCESS 0 condorpool - 40
1644981318 individuals_ID0000042 POST_SCRIPT_STARTED 1805.0 condorpool - 40
1644981318 individuals_ID0000009 JOB_TERMINATED 1802.0 condorpool - 37
1644981318 individuals_ID0000009 JOB_SUCCESS 0 condorpool - 37
1644981318 individuals_ID0000009 POST_SCRIPT_STARTED 1802.0 condorpool - 37
1644981318 individuals_ID0000010 JOB_TERMINATED 1816.0 condorpool - 51
1644981318 individuals_ID0000010 JOB_SUCCESS 0 condorpool - 51
1644981318 individuals_ID0000010 POST_SCRIPT_STARTED 1816.0 condorpool - 51
1644981319 individuals_ID0000010 POST_SCRIPT_TERMINATED 1816.0 condorpool - 51
1644981323 individuals_ID0000010 POST_SCRIPT_SUCCESS 0 condorpool - 51
1644981319 individuals_ID0000042 POST_SCRIPT_TERMINATED 1805.0 condorpool - 40
1644981323 individuals_ID0000042 POST_SCRIPT_SUCCESS 0 condorpool - 40
1644981319 individuals_ID0000009 POST_SCRIPT_TERMINATED 1802.0 condorpool - 37
1644981323 individuals_ID0000009 POST_SCRIPT_SUCCESS 0 condorpool - 37
1644981337 individuals_ID0000040 JOB_TERMINATED 1803.0 condorpool - 38
1644981338 individuals_ID0000040 JOB_SUCCESS 0 condorpool - 38
1644981338 individuals_ID0000040 POST_SCRIPT_STARTED 1803.0 condorpool - 38
1644981338 individuals_ID0000040 POST_SCRIPT_TERMINATED 1803.0 condorpool - 38
1644981343 individuals_ID0000040 POST_SCRIPT_SUCCESS 0 condorpool - 38
1644981341 individuals_ID0000004 JOB_TERMINATED 1788.0 condorpool - 23
1644981343 individuals_ID0000004 JOB_SUCCESS 0 condorpool - 23
1644981343 individuals_ID0000004 POST_SCRIPT_STARTED 1788.0 condorpool - 23
1644981341 individuals_ID0000016 JOB_TERMINATED 1808.0 condorpool - 43
1644981343 individuals_ID0000016 JOB_SUCCESS 0 condorpool - 43
1644981343 individuals_ID0000016 POST_SCRIPT_STARTED 1808.0 condorpool - 43
1644981343 individuals_ID0000004 POST_SCRIPT_TERMINATED 1788.0 condorpool - 23
1644981348 individuals_ID0000004 POST_SCRIPT_SUCCESS 0 condorpool - 23
1644981343 individuals_ID0000016 POST_SCRIPT_TERMINATED 1808.0 condorpool - 43
1644981348 individuals_ID0000016 POST_SCRIPT_SUCCESS 0 condorpool - 43
1644981344 individuals_ID0000041 JOB_TERMINATED 1804.0 condorpool - 39
1644981348 individuals_ID0000041 JOB_SUCCESS 0 condorpool - 39
1644981348 individuals_ID0000041 POST_SCRIPT_STARTED 1804.0 condorpool - 39
1644981349 individuals_ID0000041 POST_SCRIPT_TERMINATED 1804.0 condorpool - 39
1644981353 individuals_ID0000041 POST_SCRIPT_SUCCESS 0 condorpool - 39
1644981352 individuals_ID0000048 JOB_TERMINATED 1789.0 condorpool - 24
1644981353 individuals_ID0000048 JOB_SUCCESS 0 condorpool - 24
1644981353 individuals_ID0000048 POST_SCRIPT_STARTED 1789.0 condorpool - 24
1644981353 individuals_ID0000048 POST_SCRIPT_TERMINATED 1789.0 condorpool - 24
1644981358 individuals_ID0000048 POST_SCRIPT_SUCCESS 0 condorpool - 24
1644981356 individuals_ID0000031 JOB_TERMINATED 1786.0 condorpool - 21
1644981358 individuals_ID0000031 JOB_SUCCESS 0 condorpool - 21
1644981358 individuals_ID0000031 POST_SCRIPT_STARTED 1786.0 condorpool - 21
1644981358 individuals_ID0000031 POST_SCRIPT_TERMINATED 1786.0 condorpool - 21
1644981363 individuals_ID0000031 POST_SCRIPT_SUCCESS 0 condorpool - 21
1644981364 individuals_ID0000034 JOB_TERMINATED 1782.0 condorpool - 17
1644981369 individuals_ID0000034 JOB_SUCCESS 0 condorpool - 17
1644981369 individuals_ID0000034 POST_SCRIPT_STARTED 1782.0 condorpool - 17
1644981369 individuals_ID0000034 POST_SCRIPT_TERMINATED 1782.0 condorpool - 17
1644981374 individuals_ID0000034 POST_SCRIPT_SUCCESS 0 condorpool - 17
1644981376 individuals_ID0000011 JOB_TERMINATED 1811.0 condorpool - 46
1644981379 individuals_ID0000011 JOB_SUCCESS 0 condorpool - 46
1644981379 individuals_ID0000011 POST_SCRIPT_STARTED 1811.0 condorpool - 46
1644981379 individuals_ID0000011 POST_SCRIPT_TERMINATED 1811.0 condorpool - 46
1644981384 individuals_ID0000011 POST_SCRIPT_SUCCESS 0 condorpool - 46
1644981388 individuals_ID0000043 JOB_TERMINATED 1806.0 condorpool - 41
1644981389 individuals_ID0000043 JOB_SUCCESS 0 condorpool - 41
1644981389 individuals_ID0000043 POST_SCRIPT_STARTED 1806.0 condorpool - 41
1644981389 individuals_ID0000015 JOB_TERMINATED 1807.0 condorpool - 42
1644981389 individuals_ID0000015 JOB_SUCCESS 0 condorpool - 42
1644981389 individuals_ID0000015 POST_SCRIPT_STARTED 1807.0 condorpool - 42
1644981390 individuals_ID0000043 POST_SCRIPT_TERMINATED 1806.0 condorpool - 41
1644981394 individuals_ID0000043 POST_SCRIPT_SUCCESS 0 condorpool - 41
1644981390 individuals_ID0000015 POST_SCRIPT_TERMINATED 1807.0 condorpool - 42
1644981394 individuals_ID0000015 POST_SCRIPT_SUCCESS 0 condorpool - 42
1644981390 individuals_ID0000017 JOB_TERMINATED 1809.0 condorpool - 44
1644981394 individuals_ID0000017 JOB_SUCCESS 0 condorpool - 44
1644981394 individuals_ID0000017 POST_SCRIPT_STARTED 1809.0 condorpool - 44
1644981394 individuals_ID0000017 POST_SCRIPT_TERMINATED 1809.0 condorpool - 44
1644981399 individuals_ID0000017 POST_SCRIPT_SUCCESS 0 condorpool - 44
1644981404 individuals_ID0000033 JOB_TERMINATED 1781.0 condorpool - 16
1644981404 individuals_ID0000033 JOB_SUCCESS 0 condorpool - 16
1644981404 individuals_ID0000033 POST_SCRIPT_STARTED 1781.0 condorpool - 16
1644981404 individuals_ID0000033 POST_SCRIPT_TERMINATED 1781.0 condorpool - 16
1644981409 individuals_ID0000033 POST_SCRIPT_SUCCESS 0 condorpool - 16
1644981405 individuals_ID0000035 JOB_TERMINATED 1783.0 condorpool - 18
1644981409 individuals_ID0000035 JOB_SUCCESS 0 condorpool - 18
1644981409 individuals_ID0000035 POST_SCRIPT_STARTED 1783.0 condorpool - 18
1644981408 individuals_ID0000039 JOB_TERMINATED 1780.0 condorpool - 15
1644981409 individuals_ID0000039 JOB_SUCCESS 0 condorpool - 15
1644981409 individuals_ID0000039 POST_SCRIPT_STARTED 1780.0 condorpool - 15
1644981410 individuals_ID0000035 POST_SCRIPT_TERMINATED 1783.0 condorpool - 18
1644981414 individuals_ID0000035 POST_SCRIPT_SUCCESS 0 condorpool - 18
1644981410 individuals_ID0000039 POST_SCRIPT_TERMINATED 1780.0 condorpool - 15
1644981414 individuals_ID0000039 POST_SCRIPT_SUCCESS 0 condorpool - 15
1644981411 individuals_ID0000030 JOB_TERMINATED 1785.0 condorpool - 20
1644981414 individuals_ID0000030 JOB_SUCCESS 0 condorpool - 20
1644981414 individuals_ID0000030 POST_SCRIPT_STARTED 1785.0 condorpool - 20
1644981414 individuals_ID0000030 POST_SCRIPT_TERMINATED 1785.0 condorpool - 20
1644981419 individuals_ID0000030 POST_SCRIPT_SUCCESS 0 condorpool - 20
1644981419 individuals_ID0000036 JOB_TERMINATED 1784.0 condorpool - 19
1644981424 individuals_ID0000036 JOB_SUCCESS 0 condorpool - 19
1644981424 individuals_ID0000036 POST_SCRIPT_STARTED 1784.0 condorpool - 19
1644981423 individuals_ID0000019 JOB_TERMINATED 1815.0 condorpool - 50
1644981424 individuals_ID0000019 JOB_SUCCESS 0 condorpool - 50
1644981424 individuals_ID0000019 POST_SCRIPT_STARTED 1815.0 condorpool - 50
1644981424 individuals_ID0000036 POST_SCRIPT_TERMINATED 1784.0 condorpool - 19
1644981429 individuals_ID0000036 POST_SCRIPT_SUCCESS 0 condorpool - 19
1644981424 individuals_ID0000019 POST_SCRIPT_TERMINATED 1815.0 condorpool - 50
1644981429 individuals_ID0000019 POST_SCRIPT_SUCCESS 0 condorpool - 50
1644981425 individuals_ID0000012 JOB_TERMINATED 1812.0 condorpool - 47
1644981429 individuals_ID0000012 JOB_SUCCESS 0 condorpool - 47
1644981429 individuals_ID0000012 POST_SCRIPT_STARTED 1812.0 condorpool - 47
1644981430 individuals_ID0000012 POST_SCRIPT_TERMINATED 1812.0 condorpool - 47
1644981434 individuals_ID0000012 POST_SCRIPT_SUCCESS 0 condorpool - 47
1644981432 individuals_ID0000018 JOB_TERMINATED 1810.0 condorpool - 45
1644981434 individuals_ID0000018 JOB_SUCCESS 0 condorpool - 45
1644981434 individuals_ID0000018 POST_SCRIPT_STARTED 1810.0 condorpool - 45
1644981434 individuals_ID0000018 POST_SCRIPT_TERMINATED 1810.0 condorpool - 45
1644981439 individuals_ID0000018 POST_SCRIPT_SUCCESS 0 condorpool - 45
1644981441 individuals_ID0000050 JOB_TERMINATED 1817.0 condorpool - 52
1644981444 individuals_ID0000050 JOB_SUCCESS 0 condorpool - 52
1644981444 individuals_ID0000050 POST_SCRIPT_STARTED 1817.0 condorpool - 52
1644981444 individuals_ID0000050 POST_SCRIPT_TERMINATED 1817.0 condorpool - 52
1644981449 individuals_ID0000050 POST_SCRIPT_SUCCESS 0 condorpool - 52
1644981445 individuals_ID0000014 JOB_TERMINATED 1814.0 condorpool - 49
1644981449 individuals_ID0000014 JOB_SUCCESS 0 condorpool - 49
1644981449 individuals_ID0000014 POST_SCRIPT_STARTED 1814.0 condorpool - 49
1644981445 individuals_ID0000013 JOB_TERMINATED 1813.0 condorpool - 48
1644981449 individuals_ID0000013 JOB_SUCCESS 0 condorpool - 48
1644981449 individuals_ID0000013 POST_SCRIPT_STARTED 1813.0 condorpool - 48
1644981450 individuals_ID0000013 POST_SCRIPT_TERMINATED 1813.0 condorpool - 48
1644981454 individuals_ID0000013 POST_SCRIPT_SUCCESS 0 condorpool - 48
1644981450 individuals_ID0000014 POST_SCRIPT_TERMINATED 1814.0 condorpool - 49
1644981454 individuals_ID0000014 POST_SCRIPT_SUCCESS 0 condorpool - 49
1644981706 individuals_ID0000026 JOB_TERMINATED 1818.0 condorpool - 53
1644981709 individuals_ID0000026 JOB_SUCCESS 0 condorpool - 53
1644981709 individuals_ID0000026 POST_SCRIPT_STARTED 1818.0 condorpool - 53
1644981709 individuals_ID0000026 POST_SCRIPT_TERMINATED 1818.0 condorpool - 53
1644981714 individuals_ID0000026 POST_SCRIPT_SUCCESS 0 condorpool - 53
1644982065 individuals_ID0000027 JOB_TERMINATED 1819.0 condorpool - 54
1644982070 individuals_ID0000027 JOB_SUCCESS 0 condorpool - 54
1644982070 individuals_ID0000027 POST_SCRIPT_STARTED 1819.0 condorpool - 54
1644982066 individuals_ID0000028 JOB_TERMINATED 1820.0 condorpool - 55
1644982070 individuals_ID0000028 JOB_SUCCESS 0 condorpool - 55
1644982070 individuals_ID0000028 POST_SCRIPT_STARTED 1820.0 condorpool - 55
1644982070 individuals_ID0000028 POST_SCRIPT_TERMINATED 1820.0 condorpool - 55
1644982075 individuals_ID0000028 POST_SCRIPT_SUCCESS 0 condorpool - 55
1644982070 individuals_ID0000027 POST_SCRIPT_TERMINATED 1819.0 condorpool - 54
1644982075 individuals_ID0000027 POST_SCRIPT_SUCCESS 0 condorpool - 54
1644982153 individuals_ID0000024 JOB_TERMINATED 1824.0 condorpool - 59
1644982155 individuals_ID0000024 JOB_SUCCESS 0 condorpool - 59
1644982155 individuals_ID0000024 POST_SCRIPT_STARTED 1824.0 condorpool - 59
1644982155 individuals_ID0000024 POST_SCRIPT_TERMINATED 1824.0 condorpool - 59
1644982160 individuals_ID0000024 POST_SCRIPT_SUCCESS 0 condorpool - 59
1644982169 individuals_ID0000029 JOB_TERMINATED 1821.0 condorpool - 56
1644982170 individuals_ID0000029 JOB_SUCCESS 0 condorpool - 56
1644982170 individuals_ID0000029 POST_SCRIPT_STARTED 1821.0 condorpool - 56
1644982170 individuals_ID0000029 POST_SCRIPT_TERMINATED 1821.0 condorpool - 56
1644982175 individuals_ID0000029 POST_SCRIPT_SUCCESS 0 condorpool - 56
1644982182 individuals_ID0000022 JOB_TERMINATED 1822.0 condorpool - 57
1644982185 individuals_ID0000022 JOB_SUCCESS 0 condorpool - 57
1644982185 individuals_ID0000022 POST_SCRIPT_STARTED 1822.0 condorpool - 57
1644982185 individuals_ID0000022 POST_SCRIPT_TERMINATED 1822.0 condorpool - 57
1644982190 individuals_ID0000022 POST_SCRIPT_SUCCESS 0 condorpool - 57
1644982188 individuals_ID0000023 JOB_TERMINATED 1823.0 condorpool - 58
1644982190 individuals_ID0000023 JOB_SUCCESS 0 condorpool - 58
1644982190 individuals_ID0000023 POST_SCRIPT_STARTED 1823.0 condorpool - 58
1644982191 individuals_ID0000023 POST_SCRIPT_TERMINATED 1823.0 condorpool - 58
1644982195 individuals_ID0000023 POST_SCRIPT_SUCCESS 0 condorpool - 58
1644982227 individuals_ID0000025 JOB_TERMINATED 1825.0 condorpool - 60
1644982230 individuals_ID0000025 JOB_SUCCESS 0 condorpool - 60
1644982230 individuals_ID0000025 POST_SCRIPT_STARTED 1825.0 condorpool - 60
1644982230 individuals_ID0000025 POST_SCRIPT_TERMINATED 1825.0 condorpool - 60
1644982235 individuals_ID0000025 POST_SCRIPT_SUCCESS 0 condorpool - 60
1644982232 individuals_ID0000021 JOB_TERMINATED 1827.0 condorpool - 62
1644982235 individuals_ID0000021 JOB_SUCCESS 0 condorpool - 62
1644982235 individuals_ID0000021 POST_SCRIPT_STARTED 1827.0 condorpool - 62
1644982232 individuals_ID0000020 JOB_TERMINATED 1826.0 condorpool - 61
1644982235 individuals_ID0000020 JOB_SUCCESS 0 condorpool - 61
1644982235 individuals_ID0000020 POST_SCRIPT_STARTED 1826.0 condorpool - 61
1644982235 individuals_ID0000021 POST_SCRIPT_TERMINATED 1827.0 condorpool - 62
1644982240 individuals_ID0000021 POST_SCRIPT_SUCCESS 0 condorpool - 62
1644982235 individuals_ID0000020 POST_SCRIPT_TERMINATED 1826.0 condorpool - 61
1644982240 individuals_ID0000020 POST_SCRIPT_SUCCESS 0 condorpool - 61
1644982245 individuals_merge_ID0000051 SUBMIT 1828.0 condorpool - 63
1644982250 individuals_merge_ID0000051 EXECUTE 1828.0 condorpool - 63
1644986492 individuals_merge_ID0000051 JOB_TERMINATED 1828.0 condorpool - 63
1644986493 individuals_merge_ID0000051 JOB_SUCCESS 0 condorpool - 63
1644986493 individuals_merge_ID0000051 POST_SCRIPT_STARTED 1828.0 condorpool - 63
1644986493 individuals_merge_ID0000051 POST_SCRIPT_TERMINATED 1828.0 condorpool - 63
1644986498 individuals_merge_ID0000051 POST_SCRIPT_SUCCESS 0 condorpool - 63
1644986503 frequency_ID0000060 SUBMIT 1829.0 condorpool - 64
1644986504 frequency_ID0000062 SUBMIT 1830.0 condorpool - 65
1644986504 mutation_overlap_ID0000053 SUBMIT 1831.0 condorpool - 66
1644986504 frequency_ID0000058 SUBMIT 1832.0 condorpool - 67
1644986504 mutation_overlap_ID0000063 SUBMIT 1833.0 condorpool - 68
1644986505 frequency_ID0000062 EXECUTE 1830.0 condorpool - 65
1644986505 frequency_ID0000060 EXECUTE 1829.0 condorpool - 64
1644986509 mutation_overlap_ID0000055 SUBMIT 1834.0 condorpool - 69
1644986509 mutation_overlap_ID0000065 SUBMIT 1835.0 condorpool - 70
1644986509 frequency_ID0000064 SUBMIT 1836.0 condorpool - 71
1644986509 frequency_ID0000054 SUBMIT 1837.0 condorpool - 72
1644986509 frequency_ID0000066 SUBMIT 1838.0 condorpool - 73
1644986514 frequency_ID0000056 SUBMIT 1839.0 condorpool - 74
1644986514 mutation_overlap_ID0000061 SUBMIT 1840.0 condorpool - 75
1644986514 mutation_overlap_ID0000057 SUBMIT 1841.0 condorpool - 76
1644986514 mutation_overlap_ID0000059 SUBMIT 1842.0 condorpool - 77
1644986526 mutation_overlap_ID0000061 EXECUTE 1840.0 condorpool - 75
1644986527 frequency_ID0000058 EXECUTE 1832.0 condorpool - 67
1644986527 mutation_overlap_ID0000053 EXECUTE 1831.0 condorpool - 66
1644986527 mutation_overlap_ID0000059 EXECUTE 1842.0 condorpool - 77
1644986527 mutation_overlap_ID0000057 EXECUTE 1841.0 condorpool - 76
1644986527 mutation_overlap_ID0000065 EXECUTE 1835.0 condorpool - 70
1644986528 frequency_ID0000066 EXECUTE 1838.0 condorpool - 73
1644986528 mutation_overlap_ID0000055 EXECUTE 1834.0 condorpool - 69
1644986528 mutation_overlap_ID0000063 EXECUTE 1833.0 condorpool - 68
1644986528 frequency_ID0000064 EXECUTE 1836.0 condorpool - 71
1644986528 frequency_ID0000056 EXECUTE 1839.0 condorpool - 74
1644986528 frequency_ID0000054 EXECUTE 1837.0 condorpool - 72
1644986727 mutation_overlap_ID0000065 JOB_TERMINATED 1835.0 condorpool - 70
1644986729 mutation_overlap_ID0000065 JOB_SUCCESS 0 condorpool - 70
1644986729 mutation_overlap_ID0000065 POST_SCRIPT_STARTED 1835.0 condorpool - 70
1644986730 mutation_overlap_ID0000065 POST_SCRIPT_TERMINATED 1835.0 condorpool - 70
1644986734 mutation_overlap_ID0000065 POST_SCRIPT_SUCCESS 0 condorpool - 70
1644986731 mutation_overlap_ID0000059 JOB_TERMINATED 1842.0 condorpool - 77
1644986734 mutation_overlap_ID0000059 JOB_SUCCESS 0 condorpool - 77
1644986734 mutation_overlap_ID0000059 POST_SCRIPT_STARTED 1842.0 condorpool - 77
1644986731 mutation_overlap_ID0000061 JOB_TERMINATED 1840.0 condorpool - 75
1644986734 mutation_overlap_ID0000061 JOB_SUCCESS 0 condorpool - 75
1644986734 mutation_overlap_ID0000061 POST_SCRIPT_STARTED 1840.0 condorpool - 75
1644986733 mutation_overlap_ID0000055 JOB_TERMINATED 1834.0 condorpool - 69
1644986734 mutation_overlap_ID0000055 JOB_SUCCESS 0 condorpool - 69
1644986734 mutation_overlap_ID0000055 POST_SCRIPT_STARTED 1834.0 condorpool - 69
1644986733 mutation_overlap_ID0000063 JOB_TERMINATED 1833.0 condorpool - 68
1644986734 mutation_overlap_ID0000063 JOB_SUCCESS 0 condorpool - 68
1644986734 mutation_overlap_ID0000063 POST_SCRIPT_STARTED 1833.0 condorpool - 68
1644986734 mutation_overlap_ID0000063 POST_SCRIPT_TERMINATED 1833.0 condorpool - 68
1644986739 mutation_overlap_ID0000063 POST_SCRIPT_SUCCESS 0 condorpool - 68
1644986734 mutation_overlap_ID0000061 POST_SCRIPT_TERMINATED 1840.0 condorpool - 75
1644986739 mutation_overlap_ID0000061 POST_SCRIPT_SUCCESS 0 condorpool - 75
1644986734 mutation_overlap_ID0000059 POST_SCRIPT_TERMINATED 1842.0 condorpool - 77
1644986739 mutation_overlap_ID0000059 POST_SCRIPT_SUCCESS 0 condorpool - 77
1644986734 mutation_overlap_ID0000055 POST_SCRIPT_TERMINATED 1834.0 condorpool - 69
1644986739 mutation_overlap_ID0000055 POST_SCRIPT_SUCCESS 0 condorpool - 69
1644986737 mutation_overlap_ID0000053 JOB_TERMINATED 1831.0 condorpool - 66
1644986739 mutation_overlap_ID0000053 JOB_SUCCESS 0 condorpool - 66
1644986739 mutation_overlap_ID0000053 POST_SCRIPT_STARTED 1831.0 condorpool - 66
1644986739 mutation_overlap_ID0000053 POST_SCRIPT_TERMINATED 1831.0 condorpool - 66
1644986744 mutation_overlap_ID0000053 POST_SCRIPT_SUCCESS 0 condorpool - 66
1644986797 mutation_overlap_ID0000057 JOB_TERMINATED 1841.0 condorpool - 76
1644986799 mutation_overlap_ID0000057 JOB_SUCCESS 0 condorpool - 76
1644986799 mutation_overlap_ID0000057 POST_SCRIPT_STARTED 1841.0 condorpool - 76
1644986799 mutation_overlap_ID0000057 POST_SCRIPT_TERMINATED 1841.0 condorpool - 76
1644986804 mutation_overlap_ID0000057 POST_SCRIPT_SUCCESS 0 condorpool - 76
1644987298 frequency_ID0000064 JOB_TERMINATED 1836.0 condorpool - 71
1644987300 frequency_ID0000064 JOB_SUCCESS 0 condorpool - 71
1644987300 frequency_ID0000064 POST_SCRIPT_STARTED 1836.0 condorpool - 71
1644987300 frequency_ID0000064 POST_SCRIPT_TERMINATED 1836.0 condorpool - 71
1644987305 frequency_ID0000064 POST_SCRIPT_SUCCESS 0 condorpool - 71
1644987344 frequency_ID0000066 JOB_TERMINATED 1838.0 condorpool - 73
1644987345 frequency_ID0000066 JOB_SUCCESS 0 condorpool - 73
1644987345 frequency_ID0000066 POST_SCRIPT_STARTED 1838.0 condorpool - 73
1644987346 frequency_ID0000066 POST_SCRIPT_TERMINATED 1838.0 condorpool - 73
1644987350 frequency_ID0000066 POST_SCRIPT_SUCCESS 0 condorpool - 73
1644987349 frequency_ID0000060 JOB_TERMINATED 1829.0 condorpool - 64
1644987350 frequency_ID0000060 JOB_SUCCESS 0 condorpool - 64
1644987350 frequency_ID0000060 POST_SCRIPT_STARTED 1829.0 condorpool - 64
1644987350 frequency_ID0000060 POST_SCRIPT_TERMINATED 1829.0 condorpool - 64
1644987355 frequency_ID0000060 POST_SCRIPT_SUCCESS 0 condorpool - 64
1644987416 frequency_ID0000062 JOB_TERMINATED 1830.0 condorpool - 65
1644987420 frequency_ID0000062 JOB_SUCCESS 0 condorpool - 65
1644987420 frequency_ID0000062 POST_SCRIPT_STARTED 1830.0 condorpool - 65
1644987421 frequency_ID0000062 POST_SCRIPT_TERMINATED 1830.0 condorpool - 65
1644987425 frequency_ID0000062 POST_SCRIPT_SUCCESS 0 condorpool - 65
1644987441 frequency_ID0000056 JOB_TERMINATED 1839.0 condorpool - 74
1644987445 frequency_ID0000056 JOB_SUCCESS 0 condorpool - 74
1644987445 frequency_ID0000056 POST_SCRIPT_STARTED 1839.0 condorpool - 74
1644987445 frequency_ID0000056 POST_SCRIPT_TERMINATED 1839.0 condorpool - 74
1644987450 frequency_ID0000056 POST_SCRIPT_SUCCESS 0 condorpool - 74
1644987472 frequency_ID0000058 JOB_TERMINATED 1832.0 condorpool - 67
1644987475 frequency_ID0000058 JOB_SUCCESS 0 condorpool - 67
1644987475 frequency_ID0000058 POST_SCRIPT_STARTED 1832.0 condorpool - 67
1644987476 frequency_ID0000058 POST_SCRIPT_TERMINATED 1832.0 condorpool - 67
1644987480 frequency_ID0000058 POST_SCRIPT_SUCCESS 0 condorpool - 67
1644987485 stage_out_local_local_2_1 SUBMIT 1843.0 local - 78
1644987485 stage_out_local_local_2_1 EXECUTE 1843.0 local - 78
1644987489 stage_out_local_local_2_1 JOB_TERMINATED 1843.0 local - 78
1644987490 stage_out_local_local_2_1 JOB_SUCCESS 0 local - 78
1644987490 stage_out_local_local_2_1 POST_SCRIPT_STARTED 1843.0 local - 78
1644987490 stage_out_local_local_2_1 POST_SCRIPT_TERMINATED 1843.0 local - 78
1644987495 stage_out_local_local_2_1 POST_SCRIPT_SUCCESS 0 local - 78
1644987545 frequency_ID0000054 JOB_TERMINATED 1837.0 condorpool - 72
1644987545 frequency_ID0000054 JOB_SUCCESS 0 condorpool - 72
1644987545 frequency_ID0000054 POST_SCRIPT_STARTED 1837.0 condorpool - 72
1644987546 frequency_ID0000054 POST_SCRIPT_TERMINATED 1837.0 condorpool - 72
1644987550 frequency_ID0000054 POST_SCRIPT_SUCCESS 0 condorpool - 72
1644987555 stage_out_local_local_2_0 SUBMIT 1844.0 local - 79
1644987555 stage_out_local_local_2_0 EXECUTE 1844.0 local - 79
1644987559 stage_out_local_local_2_0 JOB_TERMINATED 1844.0 local - 79
1644987560 stage_out_local_local_2_0 JOB_SUCCESS 0 local - 79
1644987560 stage_out_local_local_2_0 POST_SCRIPT_STARTED 1844.0 local - 79
1644987560 stage_out_local_local_2_0 POST_SCRIPT_TERMINATED 1844.0 local - 79
1644987565 stage_out_local_local_2_0 POST_SCRIPT_SUCCESS 0 local - 79
1644987570 cleanup_1000-genome_0_local SUBMIT 1845.0 local - 80
1644987570 cleanup_1000-genome_0_local EXECUTE 1845.0 local - 80
1644987572 cleanup_1000-genome_0_local JOB_TERMINATED 1845.0 local - 80
1644987575 cleanup_1000-genome_0_local JOB_SUCCESS 0 local - 80
1644987575 cleanup_1000-genome_0_local POST_SCRIPT_STARTED 1845.0 local - 80
1644987575 cleanup_1000-genome_0_local POST_SCRIPT_TERMINATED 1845.0 local - 80
1644987580 cleanup_1000-genome_0_local POST_SCRIPT_SUCCESS 0 local - 80
1644987580 INTERNAL *** DAGMAN_FINISHED 0 ***
1644987581 INTERNAL *** MONITORD_FINISHED 0 ***