1644919660 INTERNAL *** MONITORD_STARTED ***
1644919659 INTERNAL *** DAGMAN_STARTED 1578.0 ***
1644919663 create_dir_1000-genome_0_local SUBMIT 1579.0 local - 81
1644919664 create_dir_1000-genome_0_local EXECUTE 1579.0 local - 81
1644919666 create_dir_1000-genome_0_local JOB_TERMINATED 1579.0 local - 81
1644919668 create_dir_1000-genome_0_local JOB_SUCCESS 0 local - 81
1644919668 create_dir_1000-genome_0_local POST_SCRIPT_STARTED 1579.0 local - 81
1644919668 create_dir_1000-genome_0_local POST_SCRIPT_TERMINATED 1579.0 local - 81
1644919673 create_dir_1000-genome_0_local POST_SCRIPT_SUCCESS 0 local - 81
1644919678 stage_in_remote_local_2_0 SUBMIT 1580.0 local - 82
1644919678 stage_in_remote_local_2_0 EXECUTE 1580.0 local - 82
1644919678 stage_in_remote_local_1_0 SUBMIT 1581.0 local - 83
1644919678 stage_in_remote_local_0_0 SUBMIT 1582.0 local - 84
1644919678 stage_in_local_local_0_0 SUBMIT 1583.0 local - 85
1644919678 stage_in_local_local_2_0 SUBMIT 1584.0 local - 86
1644919680 stage_in_remote_local_2_0 JOB_TERMINATED 1580.0 local - 82
1644919683 stage_in_remote_local_2_0 JOB_SUCCESS 0 local - 82
1644919683 stage_in_remote_local_2_0 POST_SCRIPT_STARTED 1580.0 local - 82
1644919680 stage_in_local_local_2_0 EXECUTE 1584.0 local - 86
1644919680 stage_in_local_local_0_0 EXECUTE 1583.0 local - 85
1644919680 stage_in_remote_local_0_0 EXECUTE 1582.0 local - 84
1644919680 stage_in_remote_local_1_0 EXECUTE 1581.0 local - 83
1644919682 stage_in_remote_local_1_0 JOB_TERMINATED 1581.0 local - 83
1644919683 stage_in_remote_local_1_0 JOB_SUCCESS 0 local - 83
1644919683 stage_in_remote_local_1_0 POST_SCRIPT_STARTED 1581.0 local - 83
1644919683 stage_in_remote_local_0_0 JOB_TERMINATED 1582.0 local - 84
1644919683 stage_in_remote_local_0_0 JOB_SUCCESS 0 local - 84
1644919683 stage_in_remote_local_0_0 POST_SCRIPT_STARTED 1582.0 local - 84
1644919683 stage_in_local_local_0_0 JOB_TERMINATED 1583.0 local - 85
1644919683 stage_in_local_local_0_0 JOB_SUCCESS 0 local - 85
1644919683 stage_in_local_local_0_0 POST_SCRIPT_STARTED 1583.0 local - 85
1644919683 stage_in_remote_local_0_1 SUBMIT 1585.0 local - 87
1644919683 stage_in_local_local_0_1 SUBMIT 1586.0 local - 88
1644919683 stage_in_remote_local_0_1 EXECUTE 1585.0 local - 87
1644919683 stage_in_local_local_0_1 EXECUTE 1586.0 local - 88
1644919683 stage_in_local_local_2_1 SUBMIT 1587.0 local - 89
1644919683 stage_in_local_local_2_1 EXECUTE 1587.0 local - 89
1644919683 stage_in_remote_local_2_1 SUBMIT 1588.0 local - 90
1644919683 stage_in_local_local_0_2 SUBMIT 1589.0 local - 91
1644919684 stage_in_local_local_0_0 POST_SCRIPT_TERMINATED 1583.0 local - 85
1644919688 stage_in_local_local_0_0 POST_SCRIPT_SUCCESS 0 local - 85
1644919684 stage_in_remote_local_0_0 POST_SCRIPT_TERMINATED 1582.0 local - 84
1644919688 stage_in_remote_local_0_0 POST_SCRIPT_SUCCESS 0 local - 84
1644919684 stage_in_remote_local_2_0 POST_SCRIPT_TERMINATED 1580.0 local - 82
1644919688 stage_in_remote_local_2_0 POST_SCRIPT_SUCCESS 0 local - 82
1644919684 stage_in_remote_local_1_0 POST_SCRIPT_TERMINATED 1581.0 local - 83
1644919688 stage_in_remote_local_1_0 POST_SCRIPT_SUCCESS 0 local - 83
1644919684 stage_in_local_local_2_0 JOB_TERMINATED 1584.0 local - 86
1644919688 stage_in_local_local_2_0 JOB_SUCCESS 0 local - 86
1644919688 stage_in_local_local_2_0 POST_SCRIPT_STARTED 1584.0 local - 86
1644919684 stage_in_local_local_0_2 EXECUTE 1589.0 local - 91
1644919684 stage_in_remote_local_2_1 EXECUTE 1588.0 local - 90
1644919685 stage_in_remote_local_0_1 JOB_TERMINATED 1585.0 local - 87
1644919688 stage_in_remote_local_0_1 JOB_SUCCESS 0 local - 87
1644919688 stage_in_remote_local_0_1 POST_SCRIPT_STARTED 1585.0 local - 87
1644919686 stage_in_local_local_0_1 JOB_TERMINATED 1586.0 local - 88
1644919688 stage_in_local_local_0_1 JOB_SUCCESS 0 local - 88
1644919688 stage_in_local_local_0_1 POST_SCRIPT_STARTED 1586.0 local - 88
1644919687 stage_in_remote_local_2_1 JOB_TERMINATED 1588.0 local - 90
1644919688 stage_in_remote_local_2_1 JOB_SUCCESS 0 local - 90
1644919688 stage_in_remote_local_2_1 POST_SCRIPT_STARTED 1588.0 local - 90
1644919687 stage_in_local_local_0_2 JOB_TERMINATED 1589.0 local - 91
1644919688 stage_in_local_local_0_2 JOB_SUCCESS 0 local - 91
1644919688 stage_in_local_local_0_2 POST_SCRIPT_STARTED 1589.0 local - 91
1644919687 stage_in_local_local_2_1 JOB_TERMINATED 1587.0 local - 89
1644919688 stage_in_local_local_2_1 JOB_SUCCESS 0 local - 89
1644919688 stage_in_local_local_2_1 POST_SCRIPT_STARTED 1587.0 local - 89
1644919688 stage_in_remote_local_0_1 POST_SCRIPT_TERMINATED 1585.0 local - 87
1644919693 stage_in_remote_local_0_1 POST_SCRIPT_SUCCESS 0 local - 87
1644919688 stage_in_local_local_0_2 POST_SCRIPT_TERMINATED 1589.0 local - 91
1644919693 stage_in_local_local_0_2 POST_SCRIPT_SUCCESS 0 local - 91
1644919688 stage_in_local_local_2_0 POST_SCRIPT_TERMINATED 1584.0 local - 86
1644919693 stage_in_local_local_2_0 POST_SCRIPT_SUCCESS 0 local - 86
1644919688 stage_in_remote_local_2_1 POST_SCRIPT_TERMINATED 1588.0 local - 90
1644919693 stage_in_remote_local_2_1 POST_SCRIPT_SUCCESS 0 local - 90
1644919688 stage_in_local_local_0_1 POST_SCRIPT_TERMINATED 1586.0 local - 88
1644919693 stage_in_local_local_0_1 POST_SCRIPT_SUCCESS 0 local - 88
1644919688 stage_in_local_local_2_1 POST_SCRIPT_TERMINATED 1587.0 local - 89
1644919693 stage_in_local_local_2_1 POST_SCRIPT_SUCCESS 0 local - 89
1644919698 sifting_ID0000052 SUBMIT 1590.0 condorpool - 92
1644919698 individuals_ID0000037 SUBMIT 1591.0 condorpool - 93
1644919698 individuals_ID0000038 SUBMIT 1592.0 condorpool - 94
1644919698 individuals_ID0000039 SUBMIT 1593.0 condorpool - 95
1644919698 individuals_ID0000033 SUBMIT 1594.0 condorpool - 96
1644919703 individuals_ID0000034 SUBMIT 1595.0 condorpool - 97
1644919703 individuals_ID0000035 SUBMIT 1596.0 condorpool - 98
1644919703 individuals_ID0000036 SUBMIT 1597.0 condorpool - 99
1644919703 individuals_ID0000030 SUBMIT 1598.0 condorpool - 100
1644919703 individuals_ID0000031 SUBMIT 1599.0 condorpool - 101
1644919708 individuals_ID0000032 SUBMIT 1600.0 condorpool - 102
1644919708 individuals_ID0000004 SUBMIT 1601.0 condorpool - 103
1644919708 individuals_ID0000048 SUBMIT 1602.0 condorpool - 104
1644919708 individuals_ID0000005 SUBMIT 1603.0 condorpool - 105
1644919708 individuals_ID0000049 SUBMIT 1604.0 condorpool - 106
1644919713 sifting_ID0000052 EXECUTE 1590.0 condorpool - 92
1644919714 individuals_ID0000006 SUBMIT 1605.0 condorpool - 107
1644919714 individuals_ID0000007 SUBMIT 1606.0 condorpool - 108
1644919714 individuals_ID0000044 SUBMIT 1607.0 condorpool - 109
1644919714 individuals_ID0000001 SUBMIT 1608.0 condorpool - 110
1644919714 individuals_ID0000045 SUBMIT 1609.0 condorpool - 111
1644919716 sifting_ID0000052 JOB_TERMINATED 1590.0 condorpool - 92
1644919719 sifting_ID0000052 JOB_SUCCESS 0 condorpool - 92
1644919719 sifting_ID0000052 POST_SCRIPT_STARTED 1590.0 condorpool - 92
1644919719 individuals_ID0000002 SUBMIT 1610.0 condorpool - 112
1644919719 individuals_ID0000046 SUBMIT 1611.0 condorpool - 113
1644919719 individuals_ID0000003 SUBMIT 1612.0 condorpool - 114
1644919719 individuals_ID0000047 SUBMIT 1613.0 condorpool - 115
1644919719 individuals_ID0000008 SUBMIT 1614.0 condorpool - 116
1644919719 sifting_ID0000052 POST_SCRIPT_TERMINATED 1590.0 condorpool - 92
1644919724 sifting_ID0000052 POST_SCRIPT_SUCCESS 0 condorpool - 92
1644919724 individuals_ID0000009 SUBMIT 1615.0 condorpool - 117
1644919724 individuals_ID0000034 EXECUTE 1595.0 condorpool - 97
1644919724 individuals_ID0000040 SUBMIT 1616.0 condorpool - 118
1644919724 individuals_ID0000041 SUBMIT 1617.0 condorpool - 119
1644919724 individuals_ID0000042 SUBMIT 1618.0 condorpool - 120
1644919724 individuals_ID0000043 SUBMIT 1619.0 condorpool - 121
1644919729 individuals_ID0000015 SUBMIT 1620.0 condorpool - 122
1644919729 individuals_ID0000016 SUBMIT 1621.0 condorpool - 123
1644919729 individuals_ID0000017 SUBMIT 1622.0 condorpool - 124
1644919730 individuals_ID0000018 SUBMIT 1623.0 condorpool - 125
1644919730 individuals_ID0000011 SUBMIT 1624.0 condorpool - 126
1644919734 individuals_ID0000031 EXECUTE 1599.0 condorpool - 101
1644919734 individuals_ID0000032 EXECUTE 1600.0 condorpool - 102
1644919735 individuals_ID0000012 SUBMIT 1625.0 condorpool - 127
1644919735 individuals_ID0000013 SUBMIT 1626.0 condorpool - 128
1644919735 individuals_ID0000014 SUBMIT 1627.0 condorpool - 129
1644919735 individuals_ID0000019 SUBMIT 1628.0 condorpool - 130
1644919735 individuals_ID0000010 SUBMIT 1629.0 condorpool - 131
1644919740 individuals_ID0000050 SUBMIT 1630.0 condorpool - 132
1644919740 individuals_ID0000026 SUBMIT 1631.0 condorpool - 133
1644919740 individuals_ID0000027 SUBMIT 1632.0 condorpool - 134
1644919740 individuals_ID0000028 SUBMIT 1633.0 condorpool - 135
1644919740 individuals_ID0000029 SUBMIT 1634.0 condorpool - 136
1644919741 individuals_ID0000048 EXECUTE 1602.0 condorpool - 104
1644919741 individuals_ID0000005 EXECUTE 1603.0 condorpool - 105
1644919745 individuals_ID0000022 SUBMIT 1635.0 condorpool - 137
1644919745 individuals_ID0000023 SUBMIT 1636.0 condorpool - 138
1644919745 individuals_ID0000024 SUBMIT 1637.0 condorpool - 139
1644919745 individuals_ID0000025 SUBMIT 1638.0 condorpool - 140
1644919745 individuals_ID0000020 SUBMIT 1639.0 condorpool - 141
1644919745 individuals_ID0000030 EXECUTE 1598.0 condorpool - 100
1644919749 individuals_ID0000038 EXECUTE 1592.0 condorpool - 94
1644919750 individuals_ID0000021 SUBMIT 1640.0 condorpool - 142
1644919759 individuals_ID0000036 EXECUTE 1597.0 condorpool - 99
1644919760 individuals_ID0000037 EXECUTE 1591.0 condorpool - 93
1644919760 individuals_ID0000033 EXECUTE 1594.0 condorpool - 96
1644919761 individuals_ID0000035 EXECUTE 1596.0 condorpool - 98
1644919764 individuals_ID0000049 EXECUTE 1604.0 condorpool - 106
1644919767 individuals_ID0000003 EXECUTE 1612.0 condorpool - 114
1644919773 individuals_ID0000004 EXECUTE 1601.0 condorpool - 103
1644919775 individuals_ID0000011 EXECUTE 1624.0 condorpool - 126
1644919793 individuals_ID0000047 EXECUTE 1613.0 condorpool - 115
1644919796 individuals_ID0000039 EXECUTE 1593.0 condorpool - 95
1644919799 individuals_ID0000008 EXECUTE 1614.0 condorpool - 116
1644919802 individuals_ID0000006 EXECUTE 1605.0 condorpool - 107
1644919804 individuals_ID0000018 EXECUTE 1623.0 condorpool - 125
1644919805 individuals_ID0000040 EXECUTE 1616.0 condorpool - 118
1644919814 individuals_ID0000041 EXECUTE 1617.0 condorpool - 119
1644919815 individuals_ID0000009 EXECUTE 1615.0 condorpool - 117
1644919816 individuals_ID0000046 EXECUTE 1611.0 condorpool - 113
1644919819 individuals_ID0000045 EXECUTE 1609.0 condorpool - 111
1644919832 individuals_ID0000042 EXECUTE 1618.0 condorpool - 120
1644919836 individuals_ID0000017 EXECUTE 1622.0 condorpool - 124
1644919844 individuals_ID0000002 EXECUTE 1610.0 condorpool - 112
1644919846 individuals_ID0000043 EXECUTE 1619.0 condorpool - 121
1644919847 individuals_ID0000001 EXECUTE 1608.0 condorpool - 110
1644919850 individuals_ID0000007 EXECUTE 1606.0 condorpool - 108
1644919875 individuals_ID0000044 EXECUTE 1607.0 condorpool - 109
1644919881 individuals_ID0000012 EXECUTE 1625.0 condorpool - 127
1644919881 individuals_ID0000027 EXECUTE 1632.0 condorpool - 134
1644919882 individuals_ID0000014 EXECUTE 1627.0 condorpool - 129
1644919883 individuals_ID0000016 EXECUTE 1621.0 condorpool - 123
1644919883 individuals_ID0000015 EXECUTE 1620.0 condorpool - 122
1644919888 individuals_ID0000029 EXECUTE 1634.0 condorpool - 136
1644919896 individuals_ID0000013 EXECUTE 1626.0 condorpool - 128
1644919900 individuals_ID0000026 EXECUTE 1631.0 condorpool - 133
1644919903 individuals_ID0000028 EXECUTE 1633.0 condorpool - 135
1644919914 individuals_ID0000050 EXECUTE 1630.0 condorpool - 132
1644919918 individuals_ID0000010 EXECUTE 1629.0 condorpool - 131
1644919918 individuals_ID0000019 EXECUTE 1628.0 condorpool - 130
1644920547 individuals_ID0000001 JOB_TERMINATED 1608.0 condorpool - 110
1644920551 individuals_ID0000001 JOB_SUCCESS 0 condorpool - 110
1644920551 individuals_ID0000001 POST_SCRIPT_STARTED 1608.0 condorpool - 110
1644920551 individuals_ID0000001 POST_SCRIPT_TERMINATED 1608.0 condorpool - 110
1644920556 individuals_ID0000001 POST_SCRIPT_SUCCESS 0 condorpool - 110
1644920555 individuals_ID0000022 EXECUTE 1635.0 condorpool - 137
1644920761 individuals_ID0000031 JOB_TERMINATED 1599.0 condorpool - 101
1644920761 individuals_ID0000031 JOB_SUCCESS 0 condorpool - 101
1644920761 individuals_ID0000031 POST_SCRIPT_STARTED 1599.0 condorpool - 101
1644920762 individuals_ID0000031 POST_SCRIPT_TERMINATED 1599.0 condorpool - 101
1644920766 individuals_ID0000031 POST_SCRIPT_SUCCESS 0 condorpool - 101
1644920765 individuals_ID0000032 JOB_TERMINATED 1600.0 condorpool - 102
1644920766 individuals_ID0000032 JOB_SUCCESS 0 condorpool - 102
1644920766 individuals_ID0000032 POST_SCRIPT_STARTED 1600.0 condorpool - 102
1644920766 individuals_ID0000032 POST_SCRIPT_TERMINATED 1600.0 condorpool - 102
1644920771 individuals_ID0000032 POST_SCRIPT_SUCCESS 0 condorpool - 102
1644920767 individuals_ID0000023 EXECUTE 1636.0 condorpool - 138
1644920771 individuals_ID0000030 JOB_TERMINATED 1598.0 condorpool - 100
1644920771 individuals_ID0000030 JOB_SUCCESS 0 condorpool - 100
1644920771 individuals_ID0000030 POST_SCRIPT_STARTED 1598.0 condorpool - 100
1644920771 individuals_ID0000030 POST_SCRIPT_TERMINATED 1598.0 condorpool - 100
1644920776 individuals_ID0000030 POST_SCRIPT_SUCCESS 0 condorpool - 100
1644920772 individuals_ID0000024 EXECUTE 1637.0 condorpool - 139
1644920780 individuals_ID0000025 EXECUTE 1638.0 condorpool - 140
1644920793 individuals_ID0000004 JOB_TERMINATED 1601.0 condorpool - 103
1644920796 individuals_ID0000004 JOB_SUCCESS 0 condorpool - 103
1644920796 individuals_ID0000004 POST_SCRIPT_STARTED 1601.0 condorpool - 103
1644920796 individuals_ID0000004 POST_SCRIPT_TERMINATED 1601.0 condorpool - 103
1644920801 individuals_ID0000004 POST_SCRIPT_SUCCESS 0 condorpool - 103
1644920801 individuals_ID0000020 EXECUTE 1639.0 condorpool - 141
1644920812 individuals_ID0000003 JOB_TERMINATED 1612.0 condorpool - 114
1644920816 individuals_ID0000003 JOB_SUCCESS 0 condorpool - 114
1644920816 individuals_ID0000003 POST_SCRIPT_STARTED 1612.0 condorpool - 114
1644920816 individuals_ID0000003 POST_SCRIPT_TERMINATED 1612.0 condorpool - 114
1644920821 individuals_ID0000003 POST_SCRIPT_SUCCESS 0 condorpool - 114
1644920820 individuals_ID0000021 EXECUTE 1640.0 condorpool - 142
1644920870 individuals_ID0000008 JOB_TERMINATED 1614.0 condorpool - 116
1644920871 individuals_ID0000008 JOB_SUCCESS 0 condorpool - 116
1644920871 individuals_ID0000008 POST_SCRIPT_STARTED 1614.0 condorpool - 116
1644920872 individuals_ID0000008 POST_SCRIPT_TERMINATED 1614.0 condorpool - 116
1644920876 individuals_ID0000008 POST_SCRIPT_SUCCESS 0 condorpool - 116
1644920872 individuals_ID0000047 JOB_TERMINATED 1613.0 condorpool - 115
1644920876 individuals_ID0000047 JOB_SUCCESS 0 condorpool - 115
1644920876 individuals_ID0000047 POST_SCRIPT_STARTED 1613.0 condorpool - 115
1644920876 individuals_ID0000047 POST_SCRIPT_TERMINATED 1613.0 condorpool - 115
1644920881 individuals_ID0000047 POST_SCRIPT_SUCCESS 0 condorpool - 115
1644920894 individuals_ID0000046 JOB_TERMINATED 1611.0 condorpool - 113
1644920896 individuals_ID0000046 JOB_SUCCESS 0 condorpool - 113
1644920896 individuals_ID0000046 POST_SCRIPT_STARTED 1611.0 condorpool - 113
1644920896 individuals_ID0000046 POST_SCRIPT_TERMINATED 1611.0 condorpool - 113
1644920901 individuals_ID0000046 POST_SCRIPT_SUCCESS 0 condorpool - 113
1644920905 individuals_ID0000045 JOB_TERMINATED 1609.0 condorpool - 111
1644920906 individuals_ID0000045 JOB_SUCCESS 0 condorpool - 111
1644920906 individuals_ID0000045 POST_SCRIPT_STARTED 1609.0 condorpool - 111
1644920907 individuals_ID0000045 POST_SCRIPT_TERMINATED 1609.0 condorpool - 111
1644920911 individuals_ID0000045 POST_SCRIPT_SUCCESS 0 condorpool - 111
1644920915 individuals_ID0000002 JOB_TERMINATED 1610.0 condorpool - 112
1644920916 individuals_ID0000002 JOB_SUCCESS 0 condorpool - 112
1644920916 individuals_ID0000002 POST_SCRIPT_STARTED 1610.0 condorpool - 112
1644920916 individuals_ID0000002 POST_SCRIPT_TERMINATED 1610.0 condorpool - 112
1644920921 individuals_ID0000002 POST_SCRIPT_SUCCESS 0 condorpool - 112
1644920917 individuals_ID0000044 JOB_TERMINATED 1607.0 condorpool - 109
1644920921 individuals_ID0000044 JOB_SUCCESS 0 condorpool - 109
1644920921 individuals_ID0000044 POST_SCRIPT_STARTED 1607.0 condorpool - 109
1644920921 individuals_ID0000044 POST_SCRIPT_TERMINATED 1607.0 condorpool - 109
1644920926 individuals_ID0000044 POST_SCRIPT_SUCCESS 0 condorpool - 109
1644920966 individuals_ID0000040 JOB_TERMINATED 1616.0 condorpool - 118
1644920967 individuals_ID0000040 JOB_SUCCESS 0 condorpool - 118
1644920967 individuals_ID0000040 POST_SCRIPT_STARTED 1616.0 condorpool - 118
1644920967 individuals_ID0000040 POST_SCRIPT_TERMINATED 1616.0 condorpool - 118
1644920972 individuals_ID0000040 POST_SCRIPT_SUCCESS 0 condorpool - 118
1644920971 individuals_ID0000009 JOB_TERMINATED 1615.0 condorpool - 117
1644920972 individuals_ID0000009 JOB_SUCCESS 0 condorpool - 117
1644920972 individuals_ID0000009 POST_SCRIPT_STARTED 1615.0 condorpool - 117
1644920972 individuals_ID0000009 POST_SCRIPT_TERMINATED 1615.0 condorpool - 117
1644920977 individuals_ID0000009 POST_SCRIPT_SUCCESS 0 condorpool - 117
1644920972 individuals_ID0000042 JOB_TERMINATED 1618.0 condorpool - 120
1644920977 individuals_ID0000042 JOB_SUCCESS 0 condorpool - 120
1644920977 individuals_ID0000042 POST_SCRIPT_STARTED 1618.0 condorpool - 120
1644920976 individuals_ID0000041 JOB_TERMINATED 1617.0 condorpool - 119
1644920977 individuals_ID0000041 JOB_SUCCESS 0 condorpool - 119
1644920977 individuals_ID0000041 POST_SCRIPT_STARTED 1617.0 condorpool - 119
1644920978 individuals_ID0000042 POST_SCRIPT_TERMINATED 1618.0 condorpool - 120
1644920982 individuals_ID0000042 POST_SCRIPT_SUCCESS 0 condorpool - 120
1644920978 individuals_ID0000041 POST_SCRIPT_TERMINATED 1617.0 condorpool - 119
1644920982 individuals_ID0000041 POST_SCRIPT_SUCCESS 0 condorpool - 119
1644921001 individuals_ID0000005 JOB_TERMINATED 1603.0 condorpool - 105
1644921002 individuals_ID0000005 JOB_SUCCESS 0 condorpool - 105
1644921002 individuals_ID0000005 POST_SCRIPT_STARTED 1603.0 condorpool - 105
1644921002 individuals_ID0000005 POST_SCRIPT_TERMINATED 1603.0 condorpool - 105
1644921007 individuals_ID0000005 POST_SCRIPT_SUCCESS 0 condorpool - 105
1644921003 individuals_ID0000048 JOB_TERMINATED 1602.0 condorpool - 104
1644921007 individuals_ID0000048 JOB_SUCCESS 0 condorpool - 104
1644921007 individuals_ID0000048 POST_SCRIPT_STARTED 1602.0 condorpool - 104
1644921007 individuals_ID0000048 POST_SCRIPT_TERMINATED 1602.0 condorpool - 104
1644921012 individuals_ID0000048 POST_SCRIPT_SUCCESS 0 condorpool - 104
1644921018 individuals_ID0000049 JOB_TERMINATED 1604.0 condorpool - 106
1644921022 individuals_ID0000049 JOB_SUCCESS 0 condorpool - 106
1644921022 individuals_ID0000049 POST_SCRIPT_STARTED 1604.0 condorpool - 106
1644921023 individuals_ID0000049 POST_SCRIPT_TERMINATED 1604.0 condorpool - 106
1644921027 individuals_ID0000049 POST_SCRIPT_SUCCESS 0 condorpool - 106
1644921025 individuals_ID0000017 JOB_TERMINATED 1622.0 condorpool - 124
1644921027 individuals_ID0000017 JOB_SUCCESS 0 condorpool - 124
1644921027 individuals_ID0000017 POST_SCRIPT_STARTED 1622.0 condorpool - 124
1644921027 individuals_ID0000017 POST_SCRIPT_TERMINATED 1622.0 condorpool - 124
1644921032 individuals_ID0000017 POST_SCRIPT_SUCCESS 0 condorpool - 124
1644921029 individuals_ID0000007 JOB_TERMINATED 1606.0 condorpool - 108
1644921032 individuals_ID0000007 JOB_SUCCESS 0 condorpool - 108
1644921032 individuals_ID0000007 POST_SCRIPT_STARTED 1606.0 condorpool - 108
1644921032 individuals_ID0000007 POST_SCRIPT_TERMINATED 1606.0 condorpool - 108
1644921037 individuals_ID0000007 POST_SCRIPT_SUCCESS 0 condorpool - 108
1644921037 individuals_ID0000016 JOB_TERMINATED 1621.0 condorpool - 123
1644921037 individuals_ID0000016 JOB_SUCCESS 0 condorpool - 123
1644921037 individuals_ID0000016 POST_SCRIPT_STARTED 1621.0 condorpool - 123
1644921037 individuals_ID0000043 JOB_TERMINATED 1619.0 condorpool - 121
1644921037 individuals_ID0000043 JOB_SUCCESS 0 condorpool - 121
1644921037 individuals_ID0000043 POST_SCRIPT_STARTED 1619.0 condorpool - 121
1644921038 individuals_ID0000016 POST_SCRIPT_TERMINATED 1621.0 condorpool - 123
1644921042 individuals_ID0000016 POST_SCRIPT_SUCCESS 0 condorpool - 123
1644921038 individuals_ID0000043 POST_SCRIPT_TERMINATED 1619.0 condorpool - 121
1644921042 individuals_ID0000043 POST_SCRIPT_SUCCESS 0 condorpool - 121
1644921053 individuals_ID0000011 JOB_TERMINATED 1624.0 condorpool - 126
1644921057 individuals_ID0000011 JOB_SUCCESS 0 condorpool - 126
1644921057 individuals_ID0000011 POST_SCRIPT_STARTED 1624.0 condorpool - 126
1644921056 individuals_ID0000015 JOB_TERMINATED 1620.0 condorpool - 122
1644921057 individuals_ID0000015 JOB_SUCCESS 0 condorpool - 122
1644921057 individuals_ID0000015 POST_SCRIPT_STARTED 1620.0 condorpool - 122
1644921057 individuals_ID0000015 POST_SCRIPT_TERMINATED 1620.0 condorpool - 122
1644921062 individuals_ID0000015 POST_SCRIPT_SUCCESS 0 condorpool - 122
1644921057 individuals_ID0000011 POST_SCRIPT_TERMINATED 1624.0 condorpool - 126
1644921062 individuals_ID0000011 POST_SCRIPT_SUCCESS 0 condorpool - 126
1644921064 individuals_ID0000034 JOB_TERMINATED 1595.0 condorpool - 97
1644921067 individuals_ID0000034 JOB_SUCCESS 0 condorpool - 97
1644921067 individuals_ID0000034 POST_SCRIPT_STARTED 1595.0 condorpool - 97
1644921068 individuals_ID0000034 POST_SCRIPT_TERMINATED 1595.0 condorpool - 97
1644921072 individuals_ID0000034 POST_SCRIPT_SUCCESS 0 condorpool - 97
1644921074 individuals_ID0000018 JOB_TERMINATED 1623.0 condorpool - 125
1644921077 individuals_ID0000018 JOB_SUCCESS 0 condorpool - 125
1644921077 individuals_ID0000018 POST_SCRIPT_STARTED 1623.0 condorpool - 125
1644921077 individuals_ID0000018 POST_SCRIPT_TERMINATED 1623.0 condorpool - 125
1644921082 individuals_ID0000018 POST_SCRIPT_SUCCESS 0 condorpool - 125
1644921089 individuals_ID0000012 JOB_TERMINATED 1625.0 condorpool - 127
1644921092 individuals_ID0000012 JOB_SUCCESS 0 condorpool - 127
1644921092 individuals_ID0000012 POST_SCRIPT_STARTED 1625.0 condorpool - 127
1644921092 individuals_ID0000012 POST_SCRIPT_TERMINATED 1625.0 condorpool - 127
1644921097 individuals_ID0000012 POST_SCRIPT_SUCCESS 0 condorpool - 127
1644921092 individuals_ID0000013 JOB_TERMINATED 1626.0 condorpool - 128
1644921097 individuals_ID0000013 JOB_SUCCESS 0 condorpool - 128
1644921097 individuals_ID0000013 POST_SCRIPT_STARTED 1626.0 condorpool - 128
1644921098 individuals_ID0000013 POST_SCRIPT_TERMINATED 1626.0 condorpool - 128
1644921102 individuals_ID0000013 POST_SCRIPT_SUCCESS 0 condorpool - 128
1644921110 individuals_ID0000033 JOB_TERMINATED 1594.0 condorpool - 96
1644921112 individuals_ID0000033 JOB_SUCCESS 0 condorpool - 96
1644921112 individuals_ID0000033 POST_SCRIPT_STARTED 1594.0 condorpool - 96
1644921112 individuals_ID0000033 POST_SCRIPT_TERMINATED 1594.0 condorpool - 96
1644921117 individuals_ID0000033 POST_SCRIPT_SUCCESS 0 condorpool - 96
1644921118 individuals_ID0000035 JOB_TERMINATED 1596.0 condorpool - 98
1644921122 individuals_ID0000035 JOB_SUCCESS 0 condorpool - 98
1644921122 individuals_ID0000035 POST_SCRIPT_STARTED 1596.0 condorpool - 98
1644921119 individuals_ID0000036 JOB_TERMINATED 1597.0 condorpool - 99
1644921122 individuals_ID0000036 JOB_SUCCESS 0 condorpool - 99
1644921122 individuals_ID0000036 POST_SCRIPT_STARTED 1597.0 condorpool - 99
1644921122 individuals_ID0000035 POST_SCRIPT_TERMINATED 1596.0 condorpool - 98
1644921127 individuals_ID0000035 POST_SCRIPT_SUCCESS 0 condorpool - 98
1644921122 individuals_ID0000036 POST_SCRIPT_TERMINATED 1597.0 condorpool - 99
1644921127 individuals_ID0000036 POST_SCRIPT_SUCCESS 0 condorpool - 99
1644921175 individuals_ID0000014 JOB_TERMINATED 1627.0 condorpool - 129
1644921177 individuals_ID0000014 JOB_SUCCESS 0 condorpool - 129
1644921177 individuals_ID0000014 POST_SCRIPT_STARTED 1627.0 condorpool - 129
1644921178 individuals_ID0000014 POST_SCRIPT_TERMINATED 1627.0 condorpool - 129
1644921182 individuals_ID0000014 POST_SCRIPT_SUCCESS 0 condorpool - 129
1644921184 individuals_ID0000019 JOB_TERMINATED 1628.0 condorpool - 130
1644921187 individuals_ID0000019 JOB_SUCCESS 0 condorpool - 130
1644921187 individuals_ID0000019 POST_SCRIPT_STARTED 1628.0 condorpool - 130
1644921186 individuals_ID0000050 JOB_TERMINATED 1630.0 condorpool - 132
1644921187 individuals_ID0000050 JOB_SUCCESS 0 condorpool - 132
1644921187 individuals_ID0000050 POST_SCRIPT_STARTED 1630.0 condorpool - 132
1644921187 individuals_ID0000019 POST_SCRIPT_TERMINATED 1628.0 condorpool - 130
1644921192 individuals_ID0000019 POST_SCRIPT_SUCCESS 0 condorpool - 130
1644921187 individuals_ID0000050 POST_SCRIPT_TERMINATED 1630.0 condorpool - 132
1644921192 individuals_ID0000050 POST_SCRIPT_SUCCESS 0 condorpool - 132
1644921187 individuals_ID0000010 JOB_TERMINATED 1629.0 condorpool - 131
1644921192 individuals_ID0000010 JOB_SUCCESS 0 condorpool - 131
1644921192 individuals_ID0000010 POST_SCRIPT_STARTED 1629.0 condorpool - 131
1644921188 individuals_ID0000027 JOB_TERMINATED 1632.0 condorpool - 134
1644921192 individuals_ID0000027 JOB_SUCCESS 0 condorpool - 134
1644921192 individuals_ID0000027 POST_SCRIPT_STARTED 1632.0 condorpool - 134
1644921191 individuals_ID0000028 JOB_TERMINATED 1633.0 condorpool - 135
1644921192 individuals_ID0000028 JOB_SUCCESS 0 condorpool - 135
1644921192 individuals_ID0000028 POST_SCRIPT_STARTED 1633.0 condorpool - 135
1644921192 individuals_ID0000027 POST_SCRIPT_TERMINATED 1632.0 condorpool - 134
1644921197 individuals_ID0000027 POST_SCRIPT_SUCCESS 0 condorpool - 134
1644921192 individuals_ID0000010 POST_SCRIPT_TERMINATED 1629.0 condorpool - 131
1644921197 individuals_ID0000010 POST_SCRIPT_SUCCESS 0 condorpool - 131
1644921192 individuals_ID0000028 POST_SCRIPT_TERMINATED 1633.0 condorpool - 135
1644921197 individuals_ID0000028 POST_SCRIPT_SUCCESS 0 condorpool - 135
1644921194 individuals_ID0000029 JOB_TERMINATED 1634.0 condorpool - 136
1644921197 individuals_ID0000029 JOB_SUCCESS 0 condorpool - 136
1644921197 individuals_ID0000029 POST_SCRIPT_STARTED 1634.0 condorpool - 136
1644921194 individuals_ID0000026 JOB_TERMINATED 1631.0 condorpool - 133
1644921197 individuals_ID0000026 JOB_SUCCESS 0 condorpool - 133
1644921197 individuals_ID0000026 POST_SCRIPT_STARTED 1631.0 condorpool - 133
1644921198 individuals_ID0000029 POST_SCRIPT_TERMINATED 1634.0 condorpool - 136
1644921202 individuals_ID0000029 POST_SCRIPT_SUCCESS 0 condorpool - 136
1644921198 individuals_ID0000026 POST_SCRIPT_TERMINATED 1631.0 condorpool - 133
1644921202 individuals_ID0000026 POST_SCRIPT_SUCCESS 0 condorpool - 133
1644921230 individuals_ID0000038 JOB_TERMINATED 1592.0 condorpool - 94
1644921232 individuals_ID0000038 JOB_SUCCESS 0 condorpool - 94
1644921232 individuals_ID0000038 POST_SCRIPT_STARTED 1592.0 condorpool - 94
1644921232 individuals_ID0000037 JOB_TERMINATED 1591.0 condorpool - 93
1644921237 individuals_ID0000037 JOB_SUCCESS 0 condorpool - 93
1644921237 individuals_ID0000037 POST_SCRIPT_STARTED 1591.0 condorpool - 93
1644921232 individuals_ID0000038 POST_SCRIPT_TERMINATED 1592.0 condorpool - 94
1644921237 individuals_ID0000038 POST_SCRIPT_SUCCESS 0 condorpool - 94
1644921237 individuals_ID0000006 JOB_TERMINATED 1605.0 condorpool - 107
1644921237 individuals_ID0000006 JOB_SUCCESS 0 condorpool - 107
1644921237 individuals_ID0000006 POST_SCRIPT_STARTED 1605.0 condorpool - 107
1644921238 individuals_ID0000037 POST_SCRIPT_TERMINATED 1591.0 condorpool - 93
1644921242 individuals_ID0000037 POST_SCRIPT_SUCCESS 0 condorpool - 93
1644921238 individuals_ID0000006 POST_SCRIPT_TERMINATED 1605.0 condorpool - 107
1644921242 individuals_ID0000006 POST_SCRIPT_SUCCESS 0 condorpool - 107
1644921242 individuals_ID0000039 JOB_TERMINATED 1593.0 condorpool - 95
1644921247 individuals_ID0000039 JOB_SUCCESS 0 condorpool - 95
1644921247 individuals_ID0000039 POST_SCRIPT_STARTED 1593.0 condorpool - 95
1644921247 individuals_ID0000039 POST_SCRIPT_TERMINATED 1593.0 condorpool - 95
1644921252 individuals_ID0000039 POST_SCRIPT_SUCCESS 0 condorpool - 95
1644921493 individuals_ID0000022 JOB_TERMINATED 1635.0 condorpool - 137
1644921497 individuals_ID0000022 JOB_SUCCESS 0 condorpool - 137
1644921497 individuals_ID0000022 POST_SCRIPT_STARTED 1635.0 condorpool - 137
1644921497 individuals_ID0000022 POST_SCRIPT_TERMINATED 1635.0 condorpool - 137
1644921502 individuals_ID0000022 POST_SCRIPT_SUCCESS 0 condorpool - 137
1644921708 individuals_ID0000021 JOB_TERMINATED 1640.0 condorpool - 142
1644921713 individuals_ID0000021 JOB_SUCCESS 0 condorpool - 142
1644921713 individuals_ID0000021 POST_SCRIPT_STARTED 1640.0 condorpool - 142
1644921713 individuals_ID0000021 POST_SCRIPT_TERMINATED 1640.0 condorpool - 142
1644921718 individuals_ID0000021 POST_SCRIPT_SUCCESS 0 condorpool - 142
1644921766 individuals_ID0000023 JOB_TERMINATED 1636.0 condorpool - 138
1644921768 individuals_ID0000023 JOB_SUCCESS 0 condorpool - 138
1644921768 individuals_ID0000023 POST_SCRIPT_STARTED 1636.0 condorpool - 138
1644921767 individuals_ID0000025 JOB_TERMINATED 1638.0 condorpool - 140
1644921768 individuals_ID0000025 JOB_SUCCESS 0 condorpool - 140
1644921768 individuals_ID0000025 POST_SCRIPT_STARTED 1638.0 condorpool - 140
1644921768 individuals_ID0000024 JOB_TERMINATED 1637.0 condorpool - 139
1644921768 individuals_ID0000024 JOB_SUCCESS 0 condorpool - 139
1644921768 individuals_ID0000024 POST_SCRIPT_STARTED 1637.0 condorpool - 139
1644921768 individuals_ID0000025 POST_SCRIPT_TERMINATED 1638.0 condorpool - 140
1644921773 individuals_ID0000025 POST_SCRIPT_SUCCESS 0 condorpool - 140
1644921768 individuals_ID0000024 POST_SCRIPT_TERMINATED 1637.0 condorpool - 139
1644921773 individuals_ID0000024 POST_SCRIPT_SUCCESS 0 condorpool - 139
1644921768 individuals_ID0000023 POST_SCRIPT_TERMINATED 1636.0 condorpool - 138
1644921773 individuals_ID0000023 POST_SCRIPT_SUCCESS 0 condorpool - 138
1644921780 individuals_ID0000020 JOB_TERMINATED 1639.0 condorpool - 141
1644921783 individuals_ID0000020 JOB_SUCCESS 0 condorpool - 141
1644921783 individuals_ID0000020 POST_SCRIPT_STARTED 1639.0 condorpool - 141
1644921784 individuals_ID0000020 POST_SCRIPT_TERMINATED 1639.0 condorpool - 141
1644921788 individuals_ID0000020 POST_SCRIPT_SUCCESS 0 condorpool - 141
1644921793 individuals_merge_ID0000051 SUBMIT 1641.0 condorpool - 143
1644921815 individuals_merge_ID0000051 EXECUTE 1641.0 condorpool - 143
1644926076 individuals_merge_ID0000051 JOB_TERMINATED 1641.0 condorpool - 143
1644926076 individuals_merge_ID0000051 JOB_SUCCESS 0 condorpool - 143
1644926076 individuals_merge_ID0000051 POST_SCRIPT_STARTED 1641.0 condorpool - 143
1644926076 individuals_merge_ID0000051 POST_SCRIPT_TERMINATED 1641.0 condorpool - 143
1644926082 individuals_merge_ID0000051 POST_SCRIPT_SUCCESS 0 condorpool - 143
1644926087 frequency_ID0000060 SUBMIT 1642.0 condorpool - 144
1644926087 frequency_ID0000062 SUBMIT 1643.0 condorpool - 145
1644926087 mutation_overlap_ID0000053 SUBMIT 1644.0 condorpool - 146
1644926087 frequency_ID0000058 SUBMIT 1645.0 condorpool - 147
1644926087 mutation_overlap_ID0000063 SUBMIT 1646.0 condorpool - 148
1644926092 mutation_overlap_ID0000055 SUBMIT 1647.0 condorpool - 149
1644926092 mutation_overlap_ID0000065 SUBMIT 1648.0 condorpool - 150
1644926092 frequency_ID0000064 SUBMIT 1649.0 condorpool - 151
1644926092 frequency_ID0000054 SUBMIT 1650.0 condorpool - 152
1644926092 frequency_ID0000066 SUBMIT 1651.0 condorpool - 153
1644926093 mutation_overlap_ID0000063 EXECUTE 1646.0 condorpool - 148
1644926094 mutation_overlap_ID0000053 EXECUTE 1644.0 condorpool - 146
1644926094 frequency_ID0000058 EXECUTE 1645.0 condorpool - 147
1644926094 frequency_ID0000060 EXECUTE 1642.0 condorpool - 144
1644926094 frequency_ID0000062 EXECUTE 1643.0 condorpool - 145
1644926097 frequency_ID0000056 SUBMIT 1652.0 condorpool - 154
1644926097 mutation_overlap_ID0000061 SUBMIT 1653.0 condorpool - 155
1644926097 mutation_overlap_ID0000057 SUBMIT 1654.0 condorpool - 156
1644926097 mutation_overlap_ID0000059 SUBMIT 1655.0 condorpool - 157
1644926115 mutation_overlap_ID0000055 EXECUTE 1647.0 condorpool - 149
1644926115 frequency_ID0000064 EXECUTE 1649.0 condorpool - 151
1644926115 mutation_overlap_ID0000065 EXECUTE 1648.0 condorpool - 150
1644926115 mutation_overlap_ID0000059 EXECUTE 1655.0 condorpool - 157
1644926115 mutation_overlap_ID0000057 EXECUTE 1654.0 condorpool - 156
1644926116 frequency_ID0000056 EXECUTE 1652.0 condorpool - 154
1644926116 frequency_ID0000054 EXECUTE 1650.0 condorpool - 152
1644926116 frequency_ID0000066 EXECUTE 1651.0 condorpool - 153
1644926116 mutation_overlap_ID0000061 EXECUTE 1653.0 condorpool - 155
1644926288 mutation_overlap_ID0000063 JOB_TERMINATED 1646.0 condorpool - 148
1644926292 mutation_overlap_ID0000063 JOB_SUCCESS 0 condorpool - 148
1644926292 mutation_overlap_ID0000063 POST_SCRIPT_STARTED 1646.0 condorpool - 148
1644926293 mutation_overlap_ID0000063 POST_SCRIPT_TERMINATED 1646.0 condorpool - 148
1644926297 mutation_overlap_ID0000063 POST_SCRIPT_SUCCESS 0 condorpool - 148
1644926301 mutation_overlap_ID0000053 JOB_TERMINATED 1644.0 condorpool - 146
1644926302 mutation_overlap_ID0000053 JOB_SUCCESS 0 condorpool - 146
1644926302 mutation_overlap_ID0000053 POST_SCRIPT_STARTED 1644.0 condorpool - 146
1644926302 mutation_overlap_ID0000053 POST_SCRIPT_TERMINATED 1644.0 condorpool - 146
1644926307 mutation_overlap_ID0000053 POST_SCRIPT_SUCCESS 0 condorpool - 146
1644926310 mutation_overlap_ID0000065 JOB_TERMINATED 1648.0 condorpool - 150
1644926312 mutation_overlap_ID0000065 JOB_SUCCESS 0 condorpool - 150
1644926312 mutation_overlap_ID0000065 POST_SCRIPT_STARTED 1648.0 condorpool - 150
1644926312 mutation_overlap_ID0000065 POST_SCRIPT_TERMINATED 1648.0 condorpool - 150
1644926317 mutation_overlap_ID0000065 POST_SCRIPT_SUCCESS 0 condorpool - 150
1644926316 mutation_overlap_ID0000055 JOB_TERMINATED 1647.0 condorpool - 149
1644926317 mutation_overlap_ID0000055 JOB_SUCCESS 0 condorpool - 149
1644926317 mutation_overlap_ID0000055 POST_SCRIPT_STARTED 1647.0 condorpool - 149
1644926316 mutation_overlap_ID0000059 JOB_TERMINATED 1655.0 condorpool - 157
1644926317 mutation_overlap_ID0000059 JOB_SUCCESS 0 condorpool - 157
1644926317 mutation_overlap_ID0000059 POST_SCRIPT_STARTED 1655.0 condorpool - 157
1644926317 mutation_overlap_ID0000055 POST_SCRIPT_TERMINATED 1647.0 condorpool - 149
1644926322 mutation_overlap_ID0000055 POST_SCRIPT_SUCCESS 0 condorpool - 149
1644926317 mutation_overlap_ID0000059 POST_SCRIPT_TERMINATED 1655.0 condorpool - 157
1644926322 mutation_overlap_ID0000059 POST_SCRIPT_SUCCESS 0 condorpool - 157
1644926319 mutation_overlap_ID0000061 JOB_TERMINATED 1653.0 condorpool - 155
1644926322 mutation_overlap_ID0000061 JOB_SUCCESS 0 condorpool - 155
1644926322 mutation_overlap_ID0000061 POST_SCRIPT_STARTED 1653.0 condorpool - 155
1644926322 mutation_overlap_ID0000061 POST_SCRIPT_TERMINATED 1653.0 condorpool - 155
1644926327 mutation_overlap_ID0000061 POST_SCRIPT_SUCCESS 0 condorpool - 155
1644926384 mutation_overlap_ID0000057 JOB_TERMINATED 1654.0 condorpool - 156
1644926387 mutation_overlap_ID0000057 JOB_SUCCESS 0 condorpool - 156
1644926387 mutation_overlap_ID0000057 POST_SCRIPT_STARTED 1654.0 condorpool - 156
1644926387 mutation_overlap_ID0000057 POST_SCRIPT_TERMINATED 1654.0 condorpool - 156
1644926392 mutation_overlap_ID0000057 POST_SCRIPT_SUCCESS 0 condorpool - 156
1644926864 frequency_ID0000064 JOB_TERMINATED 1649.0 condorpool - 151
1644926867 frequency_ID0000064 JOB_SUCCESS 0 condorpool - 151
1644926867 frequency_ID0000064 POST_SCRIPT_STARTED 1649.0 condorpool - 151
1644926868 frequency_ID0000064 POST_SCRIPT_TERMINATED 1649.0 condorpool - 151
1644926872 frequency_ID0000064 POST_SCRIPT_SUCCESS 0 condorpool - 151
1644926917 frequency_ID0000066 JOB_TERMINATED 1651.0 condorpool - 153
1644926922 frequency_ID0000066 JOB_SUCCESS 0 condorpool - 153
1644926922 frequency_ID0000066 POST_SCRIPT_STARTED 1651.0 condorpool - 153
1644926922 frequency_ID0000066 POST_SCRIPT_TERMINATED 1651.0 condorpool - 153
1644926927 frequency_ID0000066 POST_SCRIPT_SUCCESS 0 condorpool - 153
1644926926 frequency_ID0000060 JOB_TERMINATED 1642.0 condorpool - 144
1644926927 frequency_ID0000060 JOB_SUCCESS 0 condorpool - 144
1644926927 frequency_ID0000060 POST_SCRIPT_STARTED 1642.0 condorpool - 144
1644926928 frequency_ID0000060 POST_SCRIPT_TERMINATED 1642.0 condorpool - 144
1644926932 frequency_ID0000060 POST_SCRIPT_SUCCESS 0 condorpool - 144
1644926991 frequency_ID0000062 JOB_TERMINATED 1643.0 condorpool - 145
1644926992 frequency_ID0000062 JOB_SUCCESS 0 condorpool - 145
1644926992 frequency_ID0000062 POST_SCRIPT_STARTED 1643.0 condorpool - 145
1644926992 frequency_ID0000062 POST_SCRIPT_TERMINATED 1643.0 condorpool - 145
1644926997 frequency_ID0000062 POST_SCRIPT_SUCCESS 0 condorpool - 145
1644927015 frequency_ID0000056 JOB_TERMINATED 1652.0 condorpool - 154
1644927017 frequency_ID0000056 JOB_SUCCESS 0 condorpool - 154
1644927017 frequency_ID0000056 POST_SCRIPT_STARTED 1652.0 condorpool - 154
1644927018 frequency_ID0000056 POST_SCRIPT_TERMINATED 1652.0 condorpool - 154
1644927022 frequency_ID0000056 POST_SCRIPT_SUCCESS 0 condorpool - 154
1644927049 frequency_ID0000058 JOB_TERMINATED 1645.0 condorpool - 147
1644927052 frequency_ID0000058 JOB_SUCCESS 0 condorpool - 147
1644927052 frequency_ID0000058 POST_SCRIPT_STARTED 1645.0 condorpool - 147
1644927052 frequency_ID0000058 POST_SCRIPT_TERMINATED 1645.0 condorpool - 147
1644927057 frequency_ID0000058 POST_SCRIPT_SUCCESS 0 condorpool - 147
1644927062 stage_out_local_local_2_1 SUBMIT 1656.0 local - 158
1644927062 stage_out_local_local_2_1 EXECUTE 1656.0 local - 158
1644927066 stage_out_local_local_2_1 JOB_TERMINATED 1656.0 local - 158
1644927067 stage_out_local_local_2_1 JOB_SUCCESS 0 local - 158
1644927067 stage_out_local_local_2_1 POST_SCRIPT_STARTED 1656.0 local - 158
1644927067 stage_out_local_local_2_1 POST_SCRIPT_TERMINATED 1656.0 local - 158
1644927072 stage_out_local_local_2_1 POST_SCRIPT_SUCCESS 0 local - 158
1644927116 frequency_ID0000054 JOB_TERMINATED 1650.0 condorpool - 152
1644927117 frequency_ID0000054 JOB_SUCCESS 0 condorpool - 152
1644927117 frequency_ID0000054 POST_SCRIPT_STARTED 1650.0 condorpool - 152
1644927118 frequency_ID0000054 POST_SCRIPT_TERMINATED 1650.0 condorpool - 152
1644927122 frequency_ID0000054 POST_SCRIPT_SUCCESS 0 condorpool - 152
1644927127 stage_out_local_local_2_0 SUBMIT 1657.0 local - 159
1644927127 stage_out_local_local_2_0 EXECUTE 1657.0 local - 159
1644927131 stage_out_local_local_2_0 JOB_TERMINATED 1657.0 local - 159
1644927132 stage_out_local_local_2_0 JOB_SUCCESS 0 local - 159
1644927132 stage_out_local_local_2_0 POST_SCRIPT_STARTED 1657.0 local - 159
1644927132 stage_out_local_local_2_0 POST_SCRIPT_TERMINATED 1657.0 local - 159
1644927137 stage_out_local_local_2_0 POST_SCRIPT_SUCCESS 0 local - 159
1644927142 cleanup_1000-genome_0_local SUBMIT 1658.0 local - 160
1644927142 cleanup_1000-genome_0_local EXECUTE 1658.0 local - 160
1644927145 cleanup_1000-genome_0_local JOB_TERMINATED 1658.0 local - 160
1644927147 cleanup_1000-genome_0_local JOB_SUCCESS 0 local - 160
1644927147 cleanup_1000-genome_0_local POST_SCRIPT_STARTED 1658.0 local - 160
1644927147 cleanup_1000-genome_0_local POST_SCRIPT_TERMINATED 1658.0 local - 160
1644927152 cleanup_1000-genome_0_local POST_SCRIPT_SUCCESS 0 local - 160
1644927152 INTERNAL *** DAGMAN_FINISHED 0 ***
1644927153 INTERNAL *** MONITORD_FINISHED 0 ***
