1644500575 INTERNAL *** MONITORD_STARTED ***
1644500573 INTERNAL *** DAGMAN_STARTED 1828.0 ***
1644500577 create_dir_1000-genome_0_local SUBMIT 1829.0 local - 1
1644500580 create_dir_1000-genome_0_local EXECUTE 1829.0 local - 1
1644500582 create_dir_1000-genome_0_local JOB_TERMINATED 1829.0 local - 1
1644500582 create_dir_1000-genome_0_local JOB_SUCCESS 0 local - 1
1644500582 create_dir_1000-genome_0_local POST_SCRIPT_STARTED 1829.0 local - 1
1644500583 create_dir_1000-genome_0_local POST_SCRIPT_TERMINATED 1829.0 local - 1
1644500587 create_dir_1000-genome_0_local POST_SCRIPT_SUCCESS 0 local - 1
1644500592 stage_in_remote_local_2_0 SUBMIT 1830.0 local - 2
1644500592 stage_in_remote_local_2_0 EXECUTE 1830.0 local - 2
1644500592 stage_in_remote_local_1_0 SUBMIT 1831.0 local - 3
1644500592 stage_in_remote_local_0_0 SUBMIT 1832.0 local - 4
1644500592 stage_in_local_local_0_0 SUBMIT 1833.0 local - 5
1644500592 stage_in_local_local_2_0 SUBMIT 1834.0 local - 6
1644500594 stage_in_remote_local_2_0 JOB_TERMINATED 1830.0 local - 2
1644500597 stage_in_remote_local_2_0 JOB_SUCCESS 0 local - 2
1644500597 stage_in_remote_local_2_0 POST_SCRIPT_STARTED 1830.0 local - 2
1644500594 stage_in_local_local_2_0 EXECUTE 1834.0 local - 6
1644500594 stage_in_local_local_0_0 EXECUTE 1833.0 local - 5
1644500594 stage_in_remote_local_0_0 EXECUTE 1832.0 local - 4
1644500594 stage_in_remote_local_1_0 EXECUTE 1831.0 local - 3
1644500596 stage_in_remote_local_0_0 JOB_TERMINATED 1832.0 local - 4
1644500597 stage_in_remote_local_0_0 JOB_SUCCESS 0 local - 4
1644500597 stage_in_remote_local_0_0 POST_SCRIPT_STARTED 1832.0 local - 4
1644500596 stage_in_local_local_0_0 JOB_TERMINATED 1833.0 local - 5
1644500597 stage_in_local_local_0_0 JOB_SUCCESS 0 local - 5
1644500597 stage_in_local_local_0_0 POST_SCRIPT_STARTED 1833.0 local - 5
1644500596 stage_in_remote_local_1_0 JOB_TERMINATED 1831.0 local - 3
1644500597 stage_in_remote_local_1_0 JOB_SUCCESS 0 local - 3
1644500597 stage_in_remote_local_1_0 POST_SCRIPT_STARTED 1831.0 local - 3
1644500597 stage_in_remote_local_0_1 SUBMIT 1835.0 local - 7
1644500597 stage_in_local_local_0_1 SUBMIT 1836.0 local - 8
1644500597 stage_in_local_local_2_1 SUBMIT 1837.0 local - 9
1644500597 stage_in_remote_local_2_1 SUBMIT 1838.0 local - 10
1644500597 stage_in_local_local_0_2 SUBMIT 1839.0 local - 11
1644500597 stage_in_local_local_0_0 POST_SCRIPT_TERMINATED 1833.0 local - 5
1644500602 stage_in_local_local_0_0 POST_SCRIPT_SUCCESS 0 local - 5
1644500597 stage_in_remote_local_2_0 POST_SCRIPT_TERMINATED 1830.0 local - 2
1644500602 stage_in_remote_local_2_0 POST_SCRIPT_SUCCESS 0 local - 2
1644500597 stage_in_remote_local_0_0 POST_SCRIPT_TERMINATED 1832.0 local - 4
1644500602 stage_in_remote_local_0_0 POST_SCRIPT_SUCCESS 0 local - 4
1644500597 stage_in_remote_local_1_0 POST_SCRIPT_TERMINATED 1831.0 local - 3
1644500602 stage_in_remote_local_1_0 POST_SCRIPT_SUCCESS 0 local - 3
1644500598 stage_in_local_local_2_0 JOB_TERMINATED 1834.0 local - 6
1644500602 stage_in_local_local_2_0 JOB_SUCCESS 0 local - 6
1644500602 stage_in_local_local_2_0 POST_SCRIPT_STARTED 1834.0 local - 6
1644500598 stage_in_local_local_0_2 EXECUTE 1839.0 local - 11
1644500598 stage_in_remote_local_2_1 EXECUTE 1838.0 local - 10
1644500598 stage_in_local_local_2_1 EXECUTE 1837.0 local - 9
1644500598 stage_in_local_local_0_1 EXECUTE 1836.0 local - 8
1644500598 stage_in_remote_local_0_1 EXECUTE 1835.0 local - 7
1644500601 stage_in_local_local_0_2 JOB_TERMINATED 1839.0 local - 11
1644500602 stage_in_local_local_0_2 JOB_SUCCESS 0 local - 11
1644500602 stage_in_local_local_0_2 POST_SCRIPT_STARTED 1839.0 local - 11
1644500601 stage_in_remote_local_2_1 JOB_TERMINATED 1838.0 local - 10
1644500602 stage_in_remote_local_2_1 JOB_SUCCESS 0 local - 10
1644500602 stage_in_remote_local_2_1 POST_SCRIPT_STARTED 1838.0 local - 10
1644500601 stage_in_remote_local_0_1 JOB_TERMINATED 1835.0 local - 7
1644500602 stage_in_remote_local_0_1 JOB_SUCCESS 0 local - 7
1644500602 stage_in_remote_local_0_1 POST_SCRIPT_STARTED 1835.0 local - 7
1644500601 stage_in_local_local_0_1 JOB_TERMINATED 1836.0 local - 8
1644500602 stage_in_local_local_0_1 JOB_SUCCESS 0 local - 8
1644500602 stage_in_local_local_0_1 POST_SCRIPT_STARTED 1836.0 local - 8
1644500602 stage_in_local_local_2_1 JOB_TERMINATED 1837.0 local - 9
1644500607 stage_in_local_local_2_1 JOB_SUCCESS 0 local - 9
1644500607 stage_in_local_local_2_1 POST_SCRIPT_STARTED 1837.0 local - 9
1644500602 stage_in_remote_local_2_1 POST_SCRIPT_TERMINATED 1838.0 local - 10
1644500607 stage_in_remote_local_2_1 POST_SCRIPT_SUCCESS 0 local - 10
1644500602 stage_in_local_local_2_0 POST_SCRIPT_TERMINATED 1834.0 local - 6
1644500607 stage_in_local_local_2_0 POST_SCRIPT_SUCCESS 0 local - 6
1644500603 stage_in_local_local_0_2 POST_SCRIPT_TERMINATED 1839.0 local - 11
1644500607 stage_in_local_local_0_2 POST_SCRIPT_SUCCESS 0 local - 11
1644500603 stage_in_local_local_0_1 POST_SCRIPT_TERMINATED 1836.0 local - 8
1644500607 stage_in_local_local_0_1 POST_SCRIPT_SUCCESS 0 local - 8
1644500603 stage_in_remote_local_0_1 POST_SCRIPT_TERMINATED 1835.0 local - 7
1644500607 stage_in_remote_local_0_1 POST_SCRIPT_SUCCESS 0 local - 7
1644500607 stage_in_local_local_2_1 POST_SCRIPT_TERMINATED 1837.0 local - 9
1644500612 stage_in_local_local_2_1 POST_SCRIPT_SUCCESS 0 local - 9
1644500612 individuals_ID0000037 SUBMIT 1840.0 condorpool - 12
1644500612 individuals_ID0000038 SUBMIT 1841.0 condorpool - 13
1644500612 individuals_ID0000039 SUBMIT 1842.0 condorpool - 14
1644500612 individuals_ID0000033 SUBMIT 1843.0 condorpool - 15
1644500612 individuals_ID0000034 SUBMIT 1844.0 condorpool - 16
1644500617 individuals_ID0000035 SUBMIT 1845.0 condorpool - 17
1644500617 individuals_ID0000036 SUBMIT 1846.0 condorpool - 18
1644500617 individuals_ID0000030 SUBMIT 1847.0 condorpool - 19
1644500617 individuals_ID0000031 SUBMIT 1848.0 condorpool - 20
1644500617 individuals_ID0000032 SUBMIT 1849.0 condorpool - 21
1644500622 individuals_ID0000004 SUBMIT 1850.0 condorpool - 22
1644500622 individuals_ID0000048 SUBMIT 1851.0 condorpool - 23
1644500622 individuals_ID0000005 SUBMIT 1852.0 condorpool - 24
1644500622 individuals_ID0000049 SUBMIT 1853.0 condorpool - 25
1644500622 individuals_ID0000006 SUBMIT 1854.0 condorpool - 26
1644500627 individuals_ID0000007 SUBMIT 1855.0 condorpool - 27
1644500627 individuals_ID0000044 SUBMIT 1856.0 condorpool - 28
1644500627 individuals_ID0000001 SUBMIT 1857.0 condorpool - 29
1644500628 individuals_ID0000045 SUBMIT 1858.0 condorpool - 30
1644500628 individuals_ID0000002 SUBMIT 1859.0 condorpool - 31
1644500633 individuals_ID0000046 SUBMIT 1860.0 condorpool - 32
1644500633 individuals_ID0000003 SUBMIT 1861.0 condorpool - 33
1644500633 individuals_ID0000047 SUBMIT 1862.0 condorpool - 34
1644500633 individuals_ID0000008 SUBMIT 1863.0 condorpool - 35
1644500633 individuals_ID0000009 SUBMIT 1864.0 condorpool - 36
1644500638 individuals_ID0000040 SUBMIT 1865.0 condorpool - 37
1644500638 individuals_ID0000041 SUBMIT 1866.0 condorpool - 38
1644500638 individuals_ID0000042 SUBMIT 1867.0 condorpool - 39
1644500638 individuals_ID0000043 SUBMIT 1868.0 condorpool - 40
1644500638 individuals_ID0000015 SUBMIT 1869.0 condorpool - 41
1644500643 individuals_ID0000016 SUBMIT 1870.0 condorpool - 42
1644500643 individuals_ID0000017 SUBMIT 1871.0 condorpool - 43
1644500643 individuals_ID0000018 SUBMIT 1872.0 condorpool - 44
1644500643 individuals_ID0000011 SUBMIT 1873.0 condorpool - 45
1644500643 individuals_ID0000012 SUBMIT 1874.0 condorpool - 46
1644500645 individuals_ID0000037 EXECUTE 1840.0 condorpool - 12
1644500647 individuals_ID0000039 EXECUTE 1842.0 condorpool - 14
1644500647 individuals_ID0000038 EXECUTE 1841.0 condorpool - 13
1644500648 individuals_ID0000033 EXECUTE 1843.0 condorpool - 15
1644500648 individuals_ID0000013 SUBMIT 1875.0 condorpool - 47
1644500648 individuals_ID0000014 SUBMIT 1876.0 condorpool - 48
1644500648 individuals_ID0000019 SUBMIT 1877.0 condorpool - 49
1644500648 individuals_ID0000010 SUBMIT 1878.0 condorpool - 50
1644500648 individuals_ID0000050 SUBMIT 1879.0 condorpool - 51
1644500653 individuals_ID0000026 SUBMIT 1880.0 condorpool - 52
1644500654 individuals_ID0000027 SUBMIT 1881.0 condorpool - 53
1644500654 individuals_ID0000028 SUBMIT 1882.0 condorpool - 54
1644500654 individuals_ID0000029 SUBMIT 1883.0 condorpool - 55
1644500654 individuals_ID0000022 SUBMIT 1884.0 condorpool - 56
1644500659 individuals_ID0000023 SUBMIT 1885.0 condorpool - 57
1644500659 individuals_ID0000024 SUBMIT 1886.0 condorpool - 58
1644500659 individuals_ID0000025 SUBMIT 1887.0 condorpool - 59
1644500659 individuals_ID0000020 SUBMIT 1888.0 condorpool - 60
1644500659 individuals_ID0000021 SUBMIT 1889.0 condorpool - 61
1644500664 sifting_ID0000052 SUBMIT 1890.0 condorpool - 62
1644501600 individuals_ID0000037 JOB_TERMINATED 1840.0 condorpool - 12
1644501600 individuals_ID0000037 JOB_SUCCESS 0 condorpool - 12
1644501600 individuals_ID0000037 POST_SCRIPT_STARTED 1840.0 condorpool - 12
1644501600 individuals_ID0000037 POST_SCRIPT_TERMINATED 1840.0 condorpool - 12
1644501605 individuals_ID0000037 POST_SCRIPT_SUCCESS 0 condorpool - 12
1644501605 individuals_ID0000034 EXECUTE 1844.0 condorpool - 16
1644501607 individuals_ID0000033 JOB_TERMINATED 1843.0 condorpool - 15
1644501610 individuals_ID0000033 JOB_SUCCESS 0 condorpool - 15
1644501610 individuals_ID0000033 POST_SCRIPT_STARTED 1843.0 condorpool - 15
1644501608 individuals_ID0000038 JOB_TERMINATED 1841.0 condorpool - 13
1644501610 individuals_ID0000038 JOB_SUCCESS 0 condorpool - 13
1644501610 individuals_ID0000038 POST_SCRIPT_STARTED 1841.0 condorpool - 13
1644501609 individuals_ID0000039 JOB_TERMINATED 1842.0 condorpool - 14
1644501610 individuals_ID0000039 JOB_SUCCESS 0 condorpool - 14
1644501610 individuals_ID0000039 POST_SCRIPT_STARTED 1842.0 condorpool - 14
1644501610 individuals_ID0000039 POST_SCRIPT_TERMINATED 1842.0 condorpool - 14
1644501615 individuals_ID0000039 POST_SCRIPT_SUCCESS 0 condorpool - 14
1644501610 individuals_ID0000033 POST_SCRIPT_TERMINATED 1843.0 condorpool - 15
1644501615 individuals_ID0000033 POST_SCRIPT_SUCCESS 0 condorpool - 15
1644501610 individuals_ID0000038 POST_SCRIPT_TERMINATED 1841.0 condorpool - 13
1644501615 individuals_ID0000038 POST_SCRIPT_SUCCESS 0 condorpool - 13
1644501622 individuals_ID0000035 EXECUTE 1845.0 condorpool - 17
1644501622 individuals_ID0000036 EXECUTE 1846.0 condorpool - 18
1644501622 individuals_ID0000030 EXECUTE 1847.0 condorpool - 19
1644502576 individuals_ID0000034 JOB_TERMINATED 1844.0 condorpool - 16
1644502581 individuals_ID0000034 JOB_SUCCESS 0 condorpool - 16
1644502581 individuals_ID0000034 POST_SCRIPT_STARTED 1844.0 condorpool - 16
1644502582 individuals_ID0000034 POST_SCRIPT_TERMINATED 1844.0 condorpool - 16
1644502586 individuals_ID0000034 POST_SCRIPT_SUCCESS 0 condorpool - 16
1644502588 individuals_ID0000036 JOB_TERMINATED 1846.0 condorpool - 18
1644502591 individuals_ID0000036 JOB_SUCCESS 0 condorpool - 18
1644502591 individuals_ID0000036 POST_SCRIPT_STARTED 1846.0 condorpool - 18
1644502590 individuals_ID0000030 JOB_TERMINATED 1847.0 condorpool - 19
1644502591 individuals_ID0000030 JOB_SUCCESS 0 condorpool - 19
1644502591 individuals_ID0000030 POST_SCRIPT_STARTED 1847.0 condorpool - 19
1644502591 individuals_ID0000030 POST_SCRIPT_TERMINATED 1847.0 condorpool - 19
1644502596 individuals_ID0000030 POST_SCRIPT_SUCCESS 0 condorpool - 19
1644502591 individuals_ID0000036 POST_SCRIPT_TERMINATED 1846.0 condorpool - 18
1644502596 individuals_ID0000036 POST_SCRIPT_SUCCESS 0 condorpool - 18
1644502591 individuals_ID0000035 JOB_TERMINATED 1845.0 condorpool - 17
1644502596 individuals_ID0000035 JOB_SUCCESS 0 condorpool - 17
1644502596 individuals_ID0000035 POST_SCRIPT_STARTED 1845.0 condorpool - 17
1644502596 individuals_ID0000035 POST_SCRIPT_TERMINATED 1845.0 condorpool - 17
1644502601 individuals_ID0000035 POST_SCRIPT_SUCCESS 0 condorpool - 17
1644502601 individuals_ID0000032 EXECUTE 1849.0 condorpool - 21
1644502601 individuals_ID0000031 EXECUTE 1848.0 condorpool - 20
1644502663 individuals_ID0000004 EXECUTE 1850.0 condorpool - 22
1644502663 individuals_ID0000048 EXECUTE 1851.0 condorpool - 23
1644503562 individuals_ID0000031 JOB_TERMINATED 1848.0 condorpool - 20
1644503562 individuals_ID0000031 JOB_SUCCESS 0 condorpool - 20
1644503562 individuals_ID0000031 POST_SCRIPT_STARTED 1848.0 condorpool - 20
1644503562 individuals_ID0000032 JOB_TERMINATED 1849.0 condorpool - 21
1644503567 individuals_ID0000032 JOB_SUCCESS 0 condorpool - 21
1644503567 individuals_ID0000032 POST_SCRIPT_STARTED 1849.0 condorpool - 21
1644503563 individuals_ID0000031 POST_SCRIPT_TERMINATED 1848.0 condorpool - 20
1644503567 individuals_ID0000031 POST_SCRIPT_SUCCESS 0 condorpool - 20
1644503567 individuals_ID0000032 POST_SCRIPT_TERMINATED 1849.0 condorpool - 21
1644503572 individuals_ID0000032 POST_SCRIPT_SUCCESS 0 condorpool - 21
1644503574 individuals_ID0000005 EXECUTE 1852.0 condorpool - 24
1644503574 individuals_ID0000049 EXECUTE 1853.0 condorpool - 25
1644503630 individuals_ID0000004 JOB_TERMINATED 1850.0 condorpool - 22
1644503632 individuals_ID0000004 JOB_SUCCESS 0 condorpool - 22
1644503632 individuals_ID0000004 POST_SCRIPT_STARTED 1850.0 condorpool - 22
1644503632 individuals_ID0000048 JOB_TERMINATED 1851.0 condorpool - 23
1644503632 individuals_ID0000048 JOB_SUCCESS 0 condorpool - 23
1644503632 individuals_ID0000048 POST_SCRIPT_STARTED 1851.0 condorpool - 23
1644503632 individuals_ID0000048 POST_SCRIPT_TERMINATED 1851.0 condorpool - 23
1644503637 individuals_ID0000048 POST_SCRIPT_SUCCESS 0 condorpool - 23
1644503632 individuals_ID0000004 POST_SCRIPT_TERMINATED 1850.0 condorpool - 22
1644503637 individuals_ID0000004 POST_SCRIPT_SUCCESS 0 condorpool - 22
1644503637 individuals_ID0000006 EXECUTE 1854.0 condorpool - 26
1644503642 individuals_ID0000007 EXECUTE 1855.0 condorpool - 27
1644504530 individuals_ID0000005 JOB_TERMINATED 1852.0 condorpool - 24
1644504533 individuals_ID0000005 JOB_SUCCESS 0 condorpool - 24
1644504533 individuals_ID0000005 POST_SCRIPT_STARTED 1852.0 condorpool - 24
1644504534 individuals_ID0000005 POST_SCRIPT_TERMINATED 1852.0 condorpool - 24
1644504538 individuals_ID0000005 POST_SCRIPT_SUCCESS 0 condorpool - 24
1644504538 individuals_ID0000049 JOB_TERMINATED 1853.0 condorpool - 25
1644504543 individuals_ID0000049 JOB_SUCCESS 0 condorpool - 25
1644504543 individuals_ID0000049 POST_SCRIPT_STARTED 1853.0 condorpool - 25
1644504543 individuals_ID0000049 POST_SCRIPT_TERMINATED 1853.0 condorpool - 25
1644504548 individuals_ID0000049 POST_SCRIPT_SUCCESS 0 condorpool - 25
1644504581 individuals_ID0000001 EXECUTE 1857.0 condorpool - 29
1644504581 individuals_ID0000044 EXECUTE 1856.0 condorpool - 28
1644504597 individuals_ID0000006 JOB_TERMINATED 1854.0 condorpool - 26
1644504598 individuals_ID0000006 JOB_SUCCESS 0 condorpool - 26
1644504598 individuals_ID0000006 POST_SCRIPT_STARTED 1854.0 condorpool - 26
1644504598 individuals_ID0000006 POST_SCRIPT_TERMINATED 1854.0 condorpool - 26
1644504603 individuals_ID0000006 POST_SCRIPT_SUCCESS 0 condorpool - 26
1644504600 individuals_ID0000007 JOB_TERMINATED 1855.0 condorpool - 27
1644504603 individuals_ID0000007 JOB_SUCCESS 0 condorpool - 27
1644504603 individuals_ID0000007 POST_SCRIPT_STARTED 1855.0 condorpool - 27
1644504604 individuals_ID0000007 POST_SCRIPT_TERMINATED 1855.0 condorpool - 27
1644504608 individuals_ID0000007 POST_SCRIPT_SUCCESS 0 condorpool - 27
1644504644 individuals_ID0000002 EXECUTE 1859.0 condorpool - 31
1644504644 individuals_ID0000045 EXECUTE 1858.0 condorpool - 30
1644505174 individuals_ID0000001 JOB_TERMINATED 1857.0 condorpool - 29
1644505178 individuals_ID0000001 JOB_SUCCESS 0 condorpool - 29
1644505178 individuals_ID0000001 POST_SCRIPT_STARTED 1857.0 condorpool - 29
1644505178 individuals_ID0000001 POST_SCRIPT_TERMINATED 1857.0 condorpool - 29
1644505183 individuals_ID0000001 POST_SCRIPT_SUCCESS 0 condorpool - 29
1644505181 individuals_ID0000046 EXECUTE 1860.0 condorpool - 32
1644505551 individuals_ID0000044 JOB_TERMINATED 1856.0 condorpool - 28
1644505554 individuals_ID0000044 JOB_SUCCESS 0 condorpool - 28
1644505554 individuals_ID0000044 POST_SCRIPT_STARTED 1856.0 condorpool - 28
1644505554 individuals_ID0000044 POST_SCRIPT_TERMINATED 1856.0 condorpool - 28
1644505559 individuals_ID0000044 POST_SCRIPT_SUCCESS 0 condorpool - 28
1644505558 individuals_ID0000003 EXECUTE 1861.0 condorpool - 33
1644505616 individuals_ID0000002 JOB_TERMINATED 1859.0 condorpool - 31
1644505619 individuals_ID0000002 JOB_SUCCESS 0 condorpool - 31
1644505619 individuals_ID0000002 POST_SCRIPT_STARTED 1859.0 condorpool - 31
1644505620 individuals_ID0000002 POST_SCRIPT_TERMINATED 1859.0 condorpool - 31
1644505624 individuals_ID0000002 POST_SCRIPT_SUCCESS 0 condorpool - 31
1644505623 individuals_ID0000047 EXECUTE 1862.0 condorpool - 34
1644505629 individuals_ID0000045 JOB_TERMINATED 1858.0 condorpool - 30
1644505634 individuals_ID0000045 JOB_SUCCESS 0 condorpool - 30
1644505634 individuals_ID0000045 POST_SCRIPT_STARTED 1858.0 condorpool - 30
1644505634 individuals_ID0000045 POST_SCRIPT_TERMINATED 1858.0 condorpool - 30
1644505639 individuals_ID0000045 POST_SCRIPT_SUCCESS 0 condorpool - 30
1644505636 individuals_ID0000008 EXECUTE 1863.0 condorpool - 35
1644506151 individuals_ID0000046 JOB_TERMINATED 1860.0 condorpool - 32
1644506154 individuals_ID0000046 JOB_SUCCESS 0 condorpool - 32
1644506154 individuals_ID0000046 POST_SCRIPT_STARTED 1860.0 condorpool - 32
1644506155 individuals_ID0000046 POST_SCRIPT_TERMINATED 1860.0 condorpool - 32
1644506159 individuals_ID0000046 POST_SCRIPT_SUCCESS 0 condorpool - 32
1644506199 individuals_ID0000009 EXECUTE 1864.0 condorpool - 36
1644506522 individuals_ID0000003 JOB_TERMINATED 1861.0 condorpool - 33
1644506524 individuals_ID0000003 JOB_SUCCESS 0 condorpool - 33
1644506524 individuals_ID0000003 POST_SCRIPT_STARTED 1861.0 condorpool - 33
1644506524 individuals_ID0000003 POST_SCRIPT_TERMINATED 1861.0 condorpool - 33
1644506529 individuals_ID0000003 POST_SCRIPT_SUCCESS 0 condorpool - 33
1644506559 individuals_ID0000040 EXECUTE 1865.0 condorpool - 37
1644506593 individuals_ID0000008 JOB_TERMINATED 1863.0 condorpool - 35
1644506594 individuals_ID0000008 JOB_SUCCESS 0 condorpool - 35
1644506594 individuals_ID0000008 POST_SCRIPT_STARTED 1863.0 condorpool - 35
1644506595 individuals_ID0000008 POST_SCRIPT_TERMINATED 1863.0 condorpool - 35
1644506599 individuals_ID0000008 POST_SCRIPT_SUCCESS 0 condorpool - 35
1644506599 individuals_ID0000047 JOB_TERMINATED 1862.0 condorpool - 34
1644506599 individuals_ID0000047 JOB_SUCCESS 0 condorpool - 34
1644506599 individuals_ID0000047 POST_SCRIPT_STARTED 1862.0 condorpool - 34
1644506599 individuals_ID0000047 POST_SCRIPT_TERMINATED 1862.0 condorpool - 34
1644506604 individuals_ID0000047 POST_SCRIPT_SUCCESS 0 condorpool - 34
1644506624 individuals_ID0000041 EXECUTE 1866.0 condorpool - 38
1644506624 individuals_ID0000042 EXECUTE 1867.0 condorpool - 39
1644507152 individuals_ID0000009 JOB_TERMINATED 1864.0 condorpool - 36
1644507155 individuals_ID0000009 JOB_SUCCESS 0 condorpool - 36
1644507155 individuals_ID0000009 POST_SCRIPT_STARTED 1864.0 condorpool - 36
1644507155 individuals_ID0000009 POST_SCRIPT_TERMINATED 1864.0 condorpool - 36
1644507160 individuals_ID0000009 POST_SCRIPT_SUCCESS 0 condorpool - 36
1644507160 individuals_ID0000043 EXECUTE 1868.0 condorpool - 40
1644507520 individuals_ID0000040 JOB_TERMINATED 1865.0 condorpool - 37
1644507520 individuals_ID0000040 JOB_SUCCESS 0 condorpool - 37
1644507520 individuals_ID0000040 POST_SCRIPT_STARTED 1865.0 condorpool - 37
1644507521 individuals_ID0000040 POST_SCRIPT_TERMINATED 1865.0 condorpool - 37
1644507525 individuals_ID0000040 POST_SCRIPT_SUCCESS 0 condorpool - 37
1644507528 individuals_ID0000015 EXECUTE 1869.0 condorpool - 41
1644507589 individuals_ID0000041 JOB_TERMINATED 1866.0 condorpool - 38
1644507590 individuals_ID0000041 JOB_SUCCESS 0 condorpool - 38
1644507590 individuals_ID0000041 POST_SCRIPT_STARTED 1866.0 condorpool - 38
1644507590 individuals_ID0000041 POST_SCRIPT_TERMINATED 1866.0 condorpool - 38
1644507595 individuals_ID0000041 POST_SCRIPT_SUCCESS 0 condorpool - 38
1644507596 individuals_ID0000016 EXECUTE 1870.0 condorpool - 42
1644507607 individuals_ID0000042 JOB_TERMINATED 1867.0 condorpool - 39
1644507610 individuals_ID0000042 JOB_SUCCESS 0 condorpool - 39
1644507610 individuals_ID0000042 POST_SCRIPT_STARTED 1867.0 condorpool - 39
1644507610 individuals_ID0000042 POST_SCRIPT_TERMINATED 1867.0 condorpool - 39
1644507615 individuals_ID0000042 POST_SCRIPT_SUCCESS 0 condorpool - 39
1644507614 individuals_ID0000017 EXECUTE 1871.0 condorpool - 43
1644508119 individuals_ID0000043 JOB_TERMINATED 1868.0 condorpool - 40
1644508121 individuals_ID0000043 JOB_SUCCESS 0 condorpool - 40
1644508121 individuals_ID0000043 POST_SCRIPT_STARTED 1868.0 condorpool - 40
1644508121 individuals_ID0000043 POST_SCRIPT_TERMINATED 1868.0 condorpool - 40
1644508126 individuals_ID0000043 POST_SCRIPT_SUCCESS 0 condorpool - 40
1644508181 individuals_ID0000018 EXECUTE 1872.0 condorpool - 44
1644508481 individuals_ID0000015 JOB_TERMINATED 1869.0 condorpool - 41
1644508482 individuals_ID0000015 JOB_SUCCESS 0 condorpool - 41
1644508482 individuals_ID0000015 POST_SCRIPT_STARTED 1869.0 condorpool - 41
1644508482 individuals_ID0000015 POST_SCRIPT_TERMINATED 1869.0 condorpool - 41
1644508487 individuals_ID0000015 POST_SCRIPT_SUCCESS 0 condorpool - 41
1644508540 individuals_ID0000011 EXECUTE 1873.0 condorpool - 45
1644508547 individuals_ID0000016 JOB_TERMINATED 1870.0 condorpool - 42
1644508552 individuals_ID0000016 JOB_SUCCESS 0 condorpool - 42
1644508552 individuals_ID0000016 POST_SCRIPT_STARTED 1870.0 condorpool - 42
1644508552 individuals_ID0000016 POST_SCRIPT_TERMINATED 1870.0 condorpool - 42
1644508557 individuals_ID0000016 POST_SCRIPT_SUCCESS 0 condorpool - 42
1644508568 individuals_ID0000017 JOB_TERMINATED 1871.0 condorpool - 43
1644508572 individuals_ID0000017 JOB_SUCCESS 0 condorpool - 43
1644508572 individuals_ID0000017 POST_SCRIPT_STARTED 1871.0 condorpool - 43
1644508573 individuals_ID0000017 POST_SCRIPT_TERMINATED 1871.0 condorpool - 43
1644508577 individuals_ID0000017 POST_SCRIPT_SUCCESS 0 condorpool - 43
1644508605 individuals_ID0000012 EXECUTE 1874.0 condorpool - 46
1644508605 individuals_ID0000013 EXECUTE 1875.0 condorpool - 47
1644509128 individuals_ID0000018 JOB_TERMINATED 1872.0 condorpool - 44
1644509132 individuals_ID0000018 JOB_SUCCESS 0 condorpool - 44
1644509132 individuals_ID0000018 POST_SCRIPT_STARTED 1872.0 condorpool - 44
1644509132 individuals_ID0000018 POST_SCRIPT_TERMINATED 1872.0 condorpool - 44
1644509137 individuals_ID0000018 POST_SCRIPT_SUCCESS 0 condorpool - 44
1644509135 individuals_ID0000014 EXECUTE 1876.0 condorpool - 48
1644509499 individuals_ID0000011 JOB_TERMINATED 1873.0 condorpool - 45
1644509503 individuals_ID0000011 JOB_SUCCESS 0 condorpool - 45
1644509503 individuals_ID0000011 POST_SCRIPT_STARTED 1873.0 condorpool - 45
1644509503 individuals_ID0000011 POST_SCRIPT_TERMINATED 1873.0 condorpool - 45
1644509508 individuals_ID0000011 POST_SCRIPT_SUCCESS 0 condorpool - 45
1644509506 individuals_ID0000019 EXECUTE 1877.0 condorpool - 49
1644509579 individuals_ID0000013 JOB_TERMINATED 1875.0 condorpool - 47
1644509583 individuals_ID0000013 JOB_SUCCESS 0 condorpool - 47
1644509583 individuals_ID0000013 POST_SCRIPT_STARTED 1875.0 condorpool - 47
1644509580 individuals_ID0000012 JOB_TERMINATED 1874.0 condorpool - 46
1644509583 individuals_ID0000012 JOB_SUCCESS 0 condorpool - 46
1644509583 individuals_ID0000012 POST_SCRIPT_STARTED 1874.0 condorpool - 46
1644509584 individuals_ID0000013 POST_SCRIPT_TERMINATED 1875.0 condorpool - 47
1644509588 individuals_ID0000013 POST_SCRIPT_SUCCESS 0 condorpool - 47
1644509584 individuals_ID0000012 POST_SCRIPT_TERMINATED 1874.0 condorpool - 46
1644509588 individuals_ID0000012 POST_SCRIPT_SUCCESS 0 condorpool - 46
1644509589 individuals_ID0000010 EXECUTE 1878.0 condorpool - 50
1644509591 individuals_ID0000050 EXECUTE 1879.0 condorpool - 51
1644510101 individuals_ID0000014 JOB_TERMINATED 1876.0 condorpool - 48
1644510103 individuals_ID0000014 JOB_SUCCESS 0 condorpool - 48
1644510103 individuals_ID0000014 POST_SCRIPT_STARTED 1876.0 condorpool - 48
1644510103 individuals_ID0000014 POST_SCRIPT_TERMINATED 1876.0 condorpool - 48
1644510108 individuals_ID0000014 POST_SCRIPT_SUCCESS 0 condorpool - 48
1644510162 individuals_ID0000026 EXECUTE 1880.0 condorpool - 52
1644510464 individuals_ID0000019 JOB_TERMINATED 1877.0 condorpool - 49
1644510464 individuals_ID0000019 JOB_SUCCESS 0 condorpool - 49
1644510464 individuals_ID0000019 POST_SCRIPT_STARTED 1877.0 condorpool - 49
1644510464 individuals_ID0000019 POST_SCRIPT_TERMINATED 1877.0 condorpool - 49
1644510469 individuals_ID0000019 POST_SCRIPT_SUCCESS 0 condorpool - 49
1644510521 individuals_ID0000027 EXECUTE 1881.0 condorpool - 53
1644510549 individuals_ID0000010 JOB_TERMINATED 1878.0 condorpool - 50
1644510549 individuals_ID0000010 JOB_SUCCESS 0 condorpool - 50
1644510549 individuals_ID0000010 POST_SCRIPT_STARTED 1878.0 condorpool - 50
1644510550 individuals_ID0000010 POST_SCRIPT_TERMINATED 1878.0 condorpool - 50
1644510554 individuals_ID0000010 POST_SCRIPT_SUCCESS 0 condorpool - 50
1644510554 individuals_ID0000050 JOB_TERMINATED 1879.0 condorpool - 51
1644510559 individuals_ID0000050 JOB_SUCCESS 0 condorpool - 51
1644510559 individuals_ID0000050 POST_SCRIPT_STARTED 1879.0 condorpool - 51
1644510559 individuals_ID0000050 POST_SCRIPT_TERMINATED 1879.0 condorpool - 51
1644510564 individuals_ID0000050 POST_SCRIPT_SUCCESS 0 condorpool - 51
1644510586 individuals_ID0000029 EXECUTE 1883.0 condorpool - 55
1644510587 individuals_ID0000028 EXECUTE 1882.0 condorpool - 54
1644511112 individuals_ID0000026 JOB_TERMINATED 1880.0 condorpool - 52
1644511114 individuals_ID0000026 JOB_SUCCESS 0 condorpool - 52
1644511114 individuals_ID0000026 POST_SCRIPT_STARTED 1880.0 condorpool - 52
1644511115 individuals_ID0000026 POST_SCRIPT_TERMINATED 1880.0 condorpool - 52
1644511119 individuals_ID0000026 POST_SCRIPT_SUCCESS 0 condorpool - 52
1644511120 individuals_ID0000022 EXECUTE 1884.0 condorpool - 56
1644511470 individuals_ID0000027 JOB_TERMINATED 1881.0 condorpool - 53
1644511474 individuals_ID0000027 JOB_SUCCESS 0 condorpool - 53
1644511474 individuals_ID0000027 POST_SCRIPT_STARTED 1881.0 condorpool - 53
1644511474 individuals_ID0000027 POST_SCRIPT_TERMINATED 1881.0 condorpool - 53
1644511479 individuals_ID0000027 POST_SCRIPT_SUCCESS 0 condorpool - 53
1644511477 individuals_ID0000023 EXECUTE 1885.0 condorpool - 57
1644511542 individuals_ID0000029 JOB_TERMINATED 1883.0 condorpool - 55
1644511544 individuals_ID0000029 JOB_SUCCESS 0 condorpool - 55
1644511544 individuals_ID0000029 POST_SCRIPT_STARTED 1883.0 condorpool - 55
1644511545 individuals_ID0000029 POST_SCRIPT_TERMINATED 1883.0 condorpool - 55
1644511549 individuals_ID0000029 POST_SCRIPT_SUCCESS 0 condorpool - 55
1644511549 individuals_ID0000024 EXECUTE 1886.0 condorpool - 58
1644511558 individuals_ID0000028 JOB_TERMINATED 1882.0 condorpool - 54
1644511559 individuals_ID0000028 JOB_SUCCESS 0 condorpool - 54
1644511559 individuals_ID0000028 POST_SCRIPT_STARTED 1882.0 condorpool - 54
1644511559 individuals_ID0000028 POST_SCRIPT_TERMINATED 1882.0 condorpool - 54
1644511564 individuals_ID0000028 POST_SCRIPT_SUCCESS 0 condorpool - 54
1644511565 individuals_ID0000025 EXECUTE 1887.0 condorpool - 59
1644512091 individuals_ID0000022 JOB_TERMINATED 1884.0 condorpool - 56
1644512095 individuals_ID0000022 JOB_SUCCESS 0 condorpool - 56
1644512095 individuals_ID0000022 POST_SCRIPT_STARTED 1884.0 condorpool - 56
1644512095 individuals_ID0000022 POST_SCRIPT_TERMINATED 1884.0 condorpool - 56
1644512100 individuals_ID0000022 POST_SCRIPT_SUCCESS 0 condorpool - 56
1644512143 individuals_ID0000020 EXECUTE 1888.0 condorpool - 60
1644512440 individuals_ID0000023 JOB_TERMINATED 1885.0 condorpool - 57
1644512440 individuals_ID0000023 JOB_SUCCESS 0 condorpool - 57
1644512440 individuals_ID0000023 POST_SCRIPT_STARTED 1885.0 condorpool - 57
1644512441 individuals_ID0000023 POST_SCRIPT_TERMINATED 1885.0 condorpool - 57
1644512445 individuals_ID0000023 POST_SCRIPT_SUCCESS 0 condorpool - 57
1644512502 individuals_ID0000021 EXECUTE 1889.0 condorpool - 61
1644512510 individuals_ID0000024 JOB_TERMINATED 1886.0 condorpool - 58
1644512515 individuals_ID0000024 JOB_SUCCESS 0 condorpool - 58
1644512515 individuals_ID0000024 POST_SCRIPT_STARTED 1886.0 condorpool - 58
1644512515 individuals_ID0000024 POST_SCRIPT_TERMINATED 1886.0 condorpool - 58
1644512520 individuals_ID0000024 POST_SCRIPT_SUCCESS 0 condorpool - 58
1644512523 individuals_ID0000025 JOB_TERMINATED 1887.0 condorpool - 59
1644512525 individuals_ID0000025 JOB_SUCCESS 0 condorpool - 59
1644512525 individuals_ID0000025 POST_SCRIPT_STARTED 1887.0 condorpool - 59
1644512525 individuals_ID0000025 POST_SCRIPT_TERMINATED 1887.0 condorpool - 59
1644512530 individuals_ID0000025 POST_SCRIPT_SUCCESS 0 condorpool - 59
1644512558 sifting_ID0000052 EXECUTE 1890.0 condorpool - 62
1644512559 sifting_ID0000052 JOB_TERMINATED 1890.0 condorpool - 62
1644512560 sifting_ID0000052 JOB_SUCCESS 0 condorpool - 62
1644512560 sifting_ID0000052 POST_SCRIPT_STARTED 1890.0 condorpool - 62
1644512561 sifting_ID0000052 POST_SCRIPT_TERMINATED 1890.0 condorpool - 62
1644512565 sifting_ID0000052 POST_SCRIPT_SUCCESS 0 condorpool - 62
1644513047 individuals_ID0000020 JOB_TERMINATED 1888.0 condorpool - 60
1644513050 individuals_ID0000020 JOB_SUCCESS 0 condorpool - 60
1644513050 individuals_ID0000020 POST_SCRIPT_STARTED 1888.0 condorpool - 60
1644513050 individuals_ID0000020 POST_SCRIPT_TERMINATED 1888.0 condorpool - 60
1644513055 individuals_ID0000020 POST_SCRIPT_SUCCESS 0 condorpool - 60
1644513362 individuals_ID0000021 JOB_TERMINATED 1889.0 condorpool - 61
1644513366 individuals_ID0000021 JOB_SUCCESS 0 condorpool - 61
1644513366 individuals_ID0000021 POST_SCRIPT_STARTED 1889.0 condorpool - 61
1644513366 individuals_ID0000021 POST_SCRIPT_TERMINATED 1889.0 condorpool - 61
1644513371 individuals_ID0000021 POST_SCRIPT_SUCCESS 0 condorpool - 61
1644513376 individuals_merge_ID0000051 SUBMIT 1891.0 condorpool - 63
1644513379 individuals_merge_ID0000051 EXECUTE 1891.0 condorpool - 63
1644517619 individuals_merge_ID0000051 JOB_TERMINATED 1891.0 condorpool - 63
1644517620 individuals_merge_ID0000051 JOB_SUCCESS 0 condorpool - 63
1644517620 individuals_merge_ID0000051 POST_SCRIPT_STARTED 1891.0 condorpool - 63
1644517620 individuals_merge_ID0000051 POST_SCRIPT_TERMINATED 1891.0 condorpool - 63
1644517625 individuals_merge_ID0000051 POST_SCRIPT_SUCCESS 0 condorpool - 63
1644517630 frequency_ID0000060 SUBMIT 1892.0 condorpool - 64
1644517630 frequency_ID0000062 SUBMIT 1893.0 condorpool - 65
1644517630 mutation_overlap_ID0000053 SUBMIT 1894.0 condorpool - 66
1644517630 frequency_ID0000058 SUBMIT 1895.0 condorpool - 67
1644517630 mutation_overlap_ID0000063 SUBMIT 1896.0 condorpool - 68
1644517632 frequency_ID0000060 EXECUTE 1892.0 condorpool - 64
1644517632 frequency_ID0000062 EXECUTE 1893.0 condorpool - 65
1644517635 mutation_overlap_ID0000055 SUBMIT 1897.0 condorpool - 69
1644517636 mutation_overlap_ID0000065 SUBMIT 1898.0 condorpool - 70
1644517636 frequency_ID0000064 SUBMIT 1899.0 condorpool - 71
1644517636 frequency_ID0000054 SUBMIT 1900.0 condorpool - 72
1644517636 frequency_ID0000066 SUBMIT 1901.0 condorpool - 73
1644517641 frequency_ID0000056 SUBMIT 1902.0 condorpool - 74
1644517641 mutation_overlap_ID0000061 SUBMIT 1903.0 condorpool - 75
1644517641 mutation_overlap_ID0000057 SUBMIT 1904.0 condorpool - 76
1644517641 mutation_overlap_ID0000059 SUBMIT 1905.0 condorpool - 77
1644517652 frequency_ID0000058 EXECUTE 1895.0 condorpool - 67
1644517652 mutation_overlap_ID0000053 EXECUTE 1894.0 condorpool - 66
1644517781 mutation_overlap_ID0000053 JOB_TERMINATED 1894.0 condorpool - 66
1644517786 mutation_overlap_ID0000053 JOB_SUCCESS 0 condorpool - 66
1644517786 mutation_overlap_ID0000053 POST_SCRIPT_STARTED 1894.0 condorpool - 66
1644517786 mutation_overlap_ID0000053 POST_SCRIPT_TERMINATED 1894.0 condorpool - 66
1644517791 mutation_overlap_ID0000053 POST_SCRIPT_SUCCESS 0 condorpool - 66
1644517832 mutation_overlap_ID0000063 EXECUTE 1896.0 condorpool - 68
1644517924 mutation_overlap_ID0000063 JOB_TERMINATED 1896.0 condorpool - 68
1644517926 mutation_overlap_ID0000063 JOB_SUCCESS 0 condorpool - 68
1644517926 mutation_overlap_ID0000063 POST_SCRIPT_STARTED 1896.0 condorpool - 68
1644517927 mutation_overlap_ID0000063 POST_SCRIPT_TERMINATED 1896.0 condorpool - 68
1644517931 mutation_overlap_ID0000063 POST_SCRIPT_SUCCESS 0 condorpool - 68
1644517943 mutation_overlap_ID0000055 EXECUTE 1897.0 condorpool - 69
1644518035 mutation_overlap_ID0000055 JOB_TERMINATED 1897.0 condorpool - 69
1644518036 mutation_overlap_ID0000055 JOB_SUCCESS 0 condorpool - 69
1644518036 mutation_overlap_ID0000055 POST_SCRIPT_STARTED 1897.0 condorpool - 69
1644518036 mutation_overlap_ID0000055 POST_SCRIPT_TERMINATED 1897.0 condorpool - 69
1644518041 mutation_overlap_ID0000055 POST_SCRIPT_SUCCESS 0 condorpool - 69
1644518054 mutation_overlap_ID0000065 EXECUTE 1898.0 condorpool - 70
1644518139 mutation_overlap_ID0000065 JOB_TERMINATED 1898.0 condorpool - 70
1644518141 mutation_overlap_ID0000065 JOB_SUCCESS 0 condorpool - 70
1644518141 mutation_overlap_ID0000065 POST_SCRIPT_STARTED 1898.0 condorpool - 70
1644518141 mutation_overlap_ID0000065 POST_SCRIPT_TERMINATED 1898.0 condorpool - 70
1644518146 mutation_overlap_ID0000065 POST_SCRIPT_SUCCESS 0 condorpool - 70
1644518157 frequency_ID0000064 EXECUTE 1899.0 condorpool - 71
1644518415 frequency_ID0000060 JOB_TERMINATED 1892.0 condorpool - 64
1644518416 frequency_ID0000060 JOB_SUCCESS 0 condorpool - 64
1644518416 frequency_ID0000060 POST_SCRIPT_STARTED 1892.0 condorpool - 64
1644518417 frequency_ID0000060 POST_SCRIPT_TERMINATED 1892.0 condorpool - 64
1644518421 frequency_ID0000060 POST_SCRIPT_SUCCESS 0 condorpool - 64
1644518482 frequency_ID0000062 JOB_TERMINATED 1893.0 condorpool - 65
1644518486 frequency_ID0000062 JOB_SUCCESS 0 condorpool - 65
1644518486 frequency_ID0000062 POST_SCRIPT_STARTED 1893.0 condorpool - 65
1644518486 frequency_ID0000062 POST_SCRIPT_TERMINATED 1893.0 condorpool - 65
1644518491 frequency_ID0000062 POST_SCRIPT_SUCCESS 0 condorpool - 65
1644518493 frequency_ID0000066 EXECUTE 1901.0 condorpool - 73
1644518546 frequency_ID0000058 JOB_TERMINATED 1895.0 condorpool - 67
1644518546 frequency_ID0000058 JOB_SUCCESS 0 condorpool - 67
1644518546 frequency_ID0000058 POST_SCRIPT_STARTED 1895.0 condorpool - 67
1644518547 frequency_ID0000058 POST_SCRIPT_TERMINATED 1895.0 condorpool - 67
1644518551 frequency_ID0000058 POST_SCRIPT_SUCCESS 0 condorpool - 67
1644518553 frequency_ID0000056 EXECUTE 1902.0 condorpool - 74
1644518673 frequency_ID0000054 EXECUTE 1900.0 condorpool - 72
1644518885 frequency_ID0000064 JOB_TERMINATED 1899.0 condorpool - 71
1644518886 frequency_ID0000064 JOB_SUCCESS 0 condorpool - 71
1644518886 frequency_ID0000064 POST_SCRIPT_STARTED 1899.0 condorpool - 71
1644518887 frequency_ID0000064 POST_SCRIPT_TERMINATED 1899.0 condorpool - 71
1644518891 frequency_ID0000064 POST_SCRIPT_SUCCESS 0 condorpool - 71
1644518973 mutation_overlap_ID0000061 EXECUTE 1903.0 condorpool - 75
1644519067 mutation_overlap_ID0000061 JOB_TERMINATED 1903.0 condorpool - 75
1644519071 mutation_overlap_ID0000061 JOB_SUCCESS 0 condorpool - 75
1644519071 mutation_overlap_ID0000061 POST_SCRIPT_STARTED 1903.0 condorpool - 75
1644519071 mutation_overlap_ID0000061 POST_SCRIPT_TERMINATED 1903.0 condorpool - 75
1644519076 mutation_overlap_ID0000061 POST_SCRIPT_SUCCESS 0 condorpool - 75
1644519085 mutation_overlap_ID0000057 EXECUTE 1904.0 condorpool - 76
1644519226 frequency_ID0000066 JOB_TERMINATED 1901.0 condorpool - 73
1644519226 frequency_ID0000066 JOB_SUCCESS 0 condorpool - 73
1644519226 frequency_ID0000066 POST_SCRIPT_STARTED 1901.0 condorpool - 73
1644519227 frequency_ID0000066 POST_SCRIPT_TERMINATED 1901.0 condorpool - 73
1644519231 frequency_ID0000066 POST_SCRIPT_SUCCESS 0 condorpool - 73
1644519271 mutation_overlap_ID0000057 JOB_TERMINATED 1904.0 condorpool - 76
1644519276 mutation_overlap_ID0000057 JOB_SUCCESS 0 condorpool - 76
1644519276 mutation_overlap_ID0000057 POST_SCRIPT_STARTED 1904.0 condorpool - 76
1644519276 mutation_overlap_ID0000057 POST_SCRIPT_TERMINATED 1904.0 condorpool - 76
1644519281 mutation_overlap_ID0000057 POST_SCRIPT_SUCCESS 0 condorpool - 76
1644519288 mutation_overlap_ID0000059 EXECUTE 1905.0 condorpool - 77
1644519376 mutation_overlap_ID0000059 JOB_TERMINATED 1905.0 condorpool - 77
1644519376 mutation_overlap_ID0000059 JOB_SUCCESS 0 condorpool - 77
1644519376 mutation_overlap_ID0000059 POST_SCRIPT_STARTED 1905.0 condorpool - 77
1644519376 mutation_overlap_ID0000059 POST_SCRIPT_TERMINATED 1905.0 condorpool - 77
1644519381 mutation_overlap_ID0000059 POST_SCRIPT_SUCCESS 0 condorpool - 77
1644519386 stage_out_local_local_2_1 SUBMIT 1906.0 local - 78
1644519386 stage_out_local_local_2_1 EXECUTE 1906.0 local - 78
1644519390 stage_out_local_local_2_1 JOB_TERMINATED 1906.0 local - 78
1644519391 stage_out_local_local_2_1 JOB_SUCCESS 0 local - 78
1644519391 stage_out_local_local_2_1 POST_SCRIPT_STARTED 1906.0 local - 78
1644519392 stage_out_local_local_2_1 POST_SCRIPT_TERMINATED 1906.0 local - 78
1644519396 stage_out_local_local_2_1 POST_SCRIPT_SUCCESS 0 local - 78
1644519400 frequency_ID0000056 JOB_TERMINATED 1902.0 condorpool - 74
1644519401 frequency_ID0000056 JOB_SUCCESS 0 condorpool - 74
1644519401 frequency_ID0000056 POST_SCRIPT_STARTED 1902.0 condorpool - 74
1644519401 frequency_ID0000056 POST_SCRIPT_TERMINATED 1902.0 condorpool - 74
1644519406 frequency_ID0000056 POST_SCRIPT_SUCCESS 0 condorpool - 74
1644519549 frequency_ID0000054 JOB_TERMINATED 1900.0 condorpool - 72
1644519551 frequency_ID0000054 JOB_SUCCESS 0 condorpool - 72
1644519551 frequency_ID0000054 POST_SCRIPT_STARTED 1900.0 condorpool - 72
1644519552 frequency_ID0000054 POST_SCRIPT_TERMINATED 1900.0 condorpool - 72
1644519556 frequency_ID0000054 POST_SCRIPT_SUCCESS 0 condorpool - 72
1644519561 stage_out_local_local_2_0 SUBMIT 1907.0 local - 79
1644519561 stage_out_local_local_2_0 EXECUTE 1907.0 local - 79
1644519565 stage_out_local_local_2_0 JOB_TERMINATED 1907.0 local - 79
1644519566 stage_out_local_local_2_0 JOB_SUCCESS 0 local - 79
1644519566 stage_out_local_local_2_0 POST_SCRIPT_STARTED 1907.0 local - 79
1644519566 stage_out_local_local_2_0 POST_SCRIPT_TERMINATED 1907.0 local - 79
1644519571 stage_out_local_local_2_0 POST_SCRIPT_SUCCESS 0 local - 79
1644519576 cleanup_1000-genome_0_local SUBMIT 1908.0 local - 80
1644519576 cleanup_1000-genome_0_local EXECUTE 1908.0 local - 80
1644519578 cleanup_1000-genome_0_local JOB_TERMINATED 1908.0 local - 80
1644519581 cleanup_1000-genome_0_local JOB_SUCCESS 0 local - 80
1644519581 cleanup_1000-genome_0_local POST_SCRIPT_STARTED 1908.0 local - 80
1644519581 cleanup_1000-genome_0_local POST_SCRIPT_TERMINATED 1908.0 local - 80
1644519586 cleanup_1000-genome_0_local POST_SCRIPT_SUCCESS 0 local - 80
1644519586 INTERNAL *** DAGMAN_FINISHED 0 ***
1644519588 INTERNAL *** MONITORD_FINISHED 0 ***
