1644661219 INTERNAL *** MONITORD_STARTED ***
1644661217 INTERNAL *** DAGMAN_STARTED 1.0 ***
1644661221 create_dir_1000-genome_0_local SUBMIT 2.0 local - 1
1644661222 create_dir_1000-genome_0_local EXECUTE 2.0 local - 1
1644661224 create_dir_1000-genome_0_local JOB_TERMINATED 2.0 local - 1
1644661226 create_dir_1000-genome_0_local JOB_SUCCESS 0 local - 1
1644661226 create_dir_1000-genome_0_local POST_SCRIPT_STARTED 2.0 local - 1
1644661226 create_dir_1000-genome_0_local POST_SCRIPT_TERMINATED 2.0 local - 1
1644661231 create_dir_1000-genome_0_local POST_SCRIPT_SUCCESS 0 local - 1
1644661236 stage_in_remote_local_2_0 SUBMIT 3.0 local - 2
1644661236 stage_in_remote_local_2_0 EXECUTE 3.0 local - 2
1644661236 stage_in_remote_local_1_0 SUBMIT 4.0 local - 3
1644661236 stage_in_remote_local_0_0 SUBMIT 5.0 local - 4
1644661236 stage_in_local_local_0_0 SUBMIT 6.0 local - 5
1644661236 stage_in_local_local_2_0 SUBMIT 7.0 local - 6
1644661239 stage_in_remote_local_2_0 JOB_TERMINATED 3.0 local - 2
1644661242 stage_in_remote_local_2_0 JOB_SUCCESS 0 local - 2
1644661242 stage_in_remote_local_2_0 POST_SCRIPT_STARTED 3.0 local - 2
1644661239 stage_in_local_local_0_0 EXECUTE 6.0 local - 5
1644661239 stage_in_remote_local_0_0 EXECUTE 5.0 local - 4
1644661239 stage_in_remote_local_1_0 EXECUTE 4.0 local - 3
1644661239 stage_in_local_local_2_0 EXECUTE 7.0 local - 6
1644661241 stage_in_local_local_0_0 JOB_TERMINATED 6.0 local - 5
1644661242 stage_in_local_local_0_0 JOB_SUCCESS 0 local - 5
1644661242 stage_in_local_local_0_0 POST_SCRIPT_STARTED 6.0 local - 5
1644661241 stage_in_remote_local_0_0 JOB_TERMINATED 5.0 local - 4
1644661242 stage_in_remote_local_0_0 JOB_SUCCESS 0 local - 4
1644661242 stage_in_remote_local_0_0 POST_SCRIPT_STARTED 5.0 local - 4
1644661241 stage_in_remote_local_1_0 JOB_TERMINATED 4.0 local - 3
1644661242 stage_in_remote_local_1_0 JOB_SUCCESS 0 local - 3
1644661242 stage_in_remote_local_1_0 POST_SCRIPT_STARTED 4.0 local - 3
1644661241 stage_in_remote_local_0_1 SUBMIT 8.0 local - 7
1644661242 stage_in_remote_local_0_1 EXECUTE 8.0 local - 7
1644661242 stage_in_local_local_0_1 SUBMIT 9.0 local - 8
1644661242 stage_in_local_local_2_1 SUBMIT 10.0 local - 9
1644661242 stage_in_remote_local_2_1 SUBMIT 11.0 local - 10
1644661242 stage_in_local_local_0_2 SUBMIT 12.0 local - 11
1644661242 stage_in_remote_local_2_0 POST_SCRIPT_TERMINATED 3.0 local - 2
1644661247 stage_in_remote_local_2_0 POST_SCRIPT_SUCCESS 0 local - 2
1644661242 stage_in_remote_local_1_0 POST_SCRIPT_TERMINATED 4.0 local - 3
1644661247 stage_in_remote_local_1_0 POST_SCRIPT_SUCCESS 0 local - 3
1644661242 stage_in_local_local_0_0 POST_SCRIPT_TERMINATED 6.0 local - 5
1644661247 stage_in_local_local_0_0 POST_SCRIPT_SUCCESS 0 local - 5
1644661242 stage_in_remote_local_0_0 POST_SCRIPT_TERMINATED 5.0 local - 4
1644661247 stage_in_remote_local_0_0 POST_SCRIPT_SUCCESS 0 local - 4
1644661243 stage_in_local_local_2_0 JOB_TERMINATED 7.0 local - 6
1644661247 stage_in_local_local_2_0 JOB_SUCCESS 0 local - 6
1644661247 stage_in_local_local_2_0 POST_SCRIPT_STARTED 7.0 local - 6
1644661243 stage_in_local_local_0_1 EXECUTE 9.0 local - 8
1644661243 stage_in_local_local_0_2 EXECUTE 12.0 local - 11
1644661243 stage_in_remote_local_2_1 EXECUTE 11.0 local - 10
1644661243 stage_in_local_local_2_1 EXECUTE 10.0 local - 9
1644661244 stage_in_remote_local_0_1 JOB_TERMINATED 8.0 local - 7
1644661247 stage_in_remote_local_0_1 JOB_SUCCESS 0 local - 7
1644661247 stage_in_remote_local_0_1 POST_SCRIPT_STARTED 8.0 local - 7
1644661245 stage_in_remote_local_2_1 JOB_TERMINATED 11.0 local - 10
1644661247 stage_in_remote_local_2_1 JOB_SUCCESS 0 local - 10
1644661247 stage_in_remote_local_2_1 POST_SCRIPT_STARTED 11.0 local - 10
1644661245 stage_in_local_local_0_2 JOB_TERMINATED 12.0 local - 11
1644661247 stage_in_local_local_0_2 JOB_SUCCESS 0 local - 11
1644661247 stage_in_local_local_0_2 POST_SCRIPT_STARTED 12.0 local - 11
1644661246 stage_in_local_local_0_1 JOB_TERMINATED 9.0 local - 8
1644661247 stage_in_local_local_0_1 JOB_SUCCESS 0 local - 8
1644661247 stage_in_local_local_0_1 POST_SCRIPT_STARTED 9.0 local - 8
1644661247 stage_in_local_local_2_1 JOB_TERMINATED 10.0 local - 9
1644661252 stage_in_local_local_2_1 JOB_SUCCESS 0 local - 9
1644661252 stage_in_local_local_2_1 POST_SCRIPT_STARTED 10.0 local - 9
1644661247 stage_in_local_local_2_0 POST_SCRIPT_TERMINATED 7.0 local - 6
1644661252 stage_in_local_local_2_0 POST_SCRIPT_SUCCESS 0 local - 6
1644661247 stage_in_remote_local_2_1 POST_SCRIPT_TERMINATED 11.0 local - 10
1644661252 stage_in_remote_local_2_1 POST_SCRIPT_SUCCESS 0 local - 10
1644661247 stage_in_remote_local_0_1 POST_SCRIPT_TERMINATED 8.0 local - 7
1644661252 stage_in_remote_local_0_1 POST_SCRIPT_SUCCESS 0 local - 7
1644661247 stage_in_local_local_0_1 POST_SCRIPT_TERMINATED 9.0 local - 8
1644661252 stage_in_local_local_0_1 POST_SCRIPT_SUCCESS 0 local - 8
1644661247 stage_in_local_local_0_2 POST_SCRIPT_TERMINATED 12.0 local - 11
1644661252 stage_in_local_local_0_2 POST_SCRIPT_SUCCESS 0 local - 11
1644661252 stage_in_local_local_2_1 POST_SCRIPT_TERMINATED 10.0 local - 9
1644661258 stage_in_local_local_2_1 POST_SCRIPT_SUCCESS 0 local - 9
1644661257 individuals_ID0000037 SUBMIT 13.0 condorpool - 12
1644661257 individuals_ID0000038 SUBMIT 14.0 condorpool - 13
1644661258 individuals_ID0000039 SUBMIT 15.0 condorpool - 14
1644661258 individuals_ID0000033 SUBMIT 16.0 condorpool - 15
1644661258 individuals_ID0000034 SUBMIT 17.0 condorpool - 16
1644661263 individuals_ID0000035 SUBMIT 18.0 condorpool - 17
1644661263 individuals_ID0000036 SUBMIT 19.0 condorpool - 18
1644661263 individuals_ID0000030 SUBMIT 20.0 condorpool - 19
1644661263 individuals_ID0000031 SUBMIT 21.0 condorpool - 20
1644661263 individuals_ID0000032 SUBMIT 22.0 condorpool - 21
1644661268 individuals_ID0000004 SUBMIT 23.0 condorpool - 22
1644661268 individuals_ID0000048 SUBMIT 24.0 condorpool - 23
1644661268 individuals_ID0000005 SUBMIT 25.0 condorpool - 24
1644661268 individuals_ID0000049 SUBMIT 26.0 condorpool - 25
1644661268 individuals_ID0000006 SUBMIT 27.0 condorpool - 26
1644661273 individuals_ID0000007 SUBMIT 28.0 condorpool - 27
1644661273 individuals_ID0000044 SUBMIT 29.0 condorpool - 28
1644661273 individuals_ID0000001 SUBMIT 30.0 condorpool - 29
1644661273 individuals_ID0000045 SUBMIT 31.0 condorpool - 30
1644661273 individuals_ID0000002 SUBMIT 32.0 condorpool - 31
1644661278 individuals_ID0000046 SUBMIT 33.0 condorpool - 32
1644661278 individuals_ID0000003 SUBMIT 34.0 condorpool - 33
1644661278 individuals_ID0000047 SUBMIT 35.0 condorpool - 34
1644661278 individuals_ID0000008 SUBMIT 36.0 condorpool - 35
1644661278 individuals_ID0000009 SUBMIT 37.0 condorpool - 36
1644661283 individuals_ID0000040 SUBMIT 38.0 condorpool - 37
1644661284 individuals_ID0000041 SUBMIT 39.0 condorpool - 38
1644661284 individuals_ID0000042 SUBMIT 40.0 condorpool - 39
1644661284 individuals_ID0000043 SUBMIT 41.0 condorpool - 40
1644661284 individuals_ID0000015 SUBMIT 42.0 condorpool - 41
1644661288 individuals_ID0000004 EXECUTE 23.0 condorpool - 22
1644661289 individuals_ID0000016 SUBMIT 43.0 condorpool - 42
1644661289 individuals_ID0000017 SUBMIT 44.0 condorpool - 43
1644661289 individuals_ID0000018 SUBMIT 45.0 condorpool - 44
1644661289 individuals_ID0000011 SUBMIT 46.0 condorpool - 45
1644661289 individuals_ID0000012 SUBMIT 47.0 condorpool - 46
1644661294 individuals_ID0000013 SUBMIT 48.0 condorpool - 47
1644661294 individuals_ID0000014 SUBMIT 49.0 condorpool - 48
1644661294 individuals_ID0000019 SUBMIT 50.0 condorpool - 49
1644661294 individuals_ID0000010 SUBMIT 51.0 condorpool - 50
1644661294 individuals_ID0000050 SUBMIT 52.0 condorpool - 51
1644661296 individuals_ID0000037 EXECUTE 13.0 condorpool - 12
1644661297 individuals_ID0000032 EXECUTE 22.0 condorpool - 21
1644661299 individuals_ID0000026 SUBMIT 53.0 condorpool - 52
1644661299 individuals_ID0000027 SUBMIT 54.0 condorpool - 53
1644661299 individuals_ID0000028 SUBMIT 55.0 condorpool - 54
1644661299 individuals_ID0000029 SUBMIT 56.0 condorpool - 55
1644661299 individuals_ID0000022 SUBMIT 57.0 condorpool - 56
1644661300 individuals_ID0000030 EXECUTE 20.0 condorpool - 19
1644661301 individuals_ID0000036 EXECUTE 19.0 condorpool - 18
1644661301 individuals_ID0000034 EXECUTE 17.0 condorpool - 16
1644661301 individuals_ID0000035 EXECUTE 18.0 condorpool - 17
1644661301 individuals_ID0000031 EXECUTE 21.0 condorpool - 20
1644661301 individuals_ID0000038 EXECUTE 14.0 condorpool - 13
1644661302 individuals_ID0000039 EXECUTE 15.0 condorpool - 14
1644661303 individuals_ID0000048 EXECUTE 24.0 condorpool - 23
1644661304 individuals_ID0000023 SUBMIT 58.0 condorpool - 57
1644661304 individuals_ID0000024 SUBMIT 59.0 condorpool - 58
1644661304 individuals_ID0000025 SUBMIT 60.0 condorpool - 59
1644661304 individuals_ID0000033 EXECUTE 16.0 condorpool - 15
1644661304 individuals_ID0000020 SUBMIT 61.0 condorpool - 60
1644661305 individuals_ID0000021 SUBMIT 62.0 condorpool - 61
1644661310 sifting_ID0000052 SUBMIT 63.0 condorpool - 62
1644662285 individuals_ID0000048 JOB_TERMINATED 24.0 condorpool - 23
1644662285 individuals_ID0000048 JOB_SUCCESS 0 condorpool - 23
1644662285 individuals_ID0000048 POST_SCRIPT_STARTED 24.0 condorpool - 23
1644662286 individuals_ID0000048 POST_SCRIPT_TERMINATED 24.0 condorpool - 23
1644662290 individuals_ID0000048 POST_SCRIPT_SUCCESS 0 condorpool - 23
1644662291 individuals_ID0000005 EXECUTE 25.0 condorpool - 24
1644662291 individuals_ID0000032 JOB_TERMINATED 22.0 condorpool - 21
1644662295 individuals_ID0000032 JOB_SUCCESS 0 condorpool - 21
1644662295 individuals_ID0000032 POST_SCRIPT_STARTED 22.0 condorpool - 21
1644662292 individuals_ID0000004 JOB_TERMINATED 23.0 condorpool - 22
1644662295 individuals_ID0000004 JOB_SUCCESS 0 condorpool - 22
1644662295 individuals_ID0000004 POST_SCRIPT_STARTED 23.0 condorpool - 22
1644662293 individuals_ID0000031 JOB_TERMINATED 21.0 condorpool - 20
1644662295 individuals_ID0000031 JOB_SUCCESS 0 condorpool - 20
1644662295 individuals_ID0000031 POST_SCRIPT_STARTED 21.0 condorpool - 20
1644662295 individuals_ID0000032 POST_SCRIPT_TERMINATED 22.0 condorpool - 21
1644662300 individuals_ID0000032 POST_SCRIPT_SUCCESS 0 condorpool - 21
1644662295 individuals_ID0000031 POST_SCRIPT_TERMINATED 21.0 condorpool - 20
1644662300 individuals_ID0000031 POST_SCRIPT_SUCCESS 0 condorpool - 20
1644662295 individuals_ID0000004 POST_SCRIPT_TERMINATED 23.0 condorpool - 22
1644662300 individuals_ID0000004 POST_SCRIPT_SUCCESS 0 condorpool - 22
1644662305 individuals_ID0000049 EXECUTE 26.0 condorpool - 25
1644662305 individuals_ID0000006 EXECUTE 27.0 condorpool - 26
1644662305 individuals_ID0000007 EXECUTE 28.0 condorpool - 27
1644662428 individuals_ID0000037 JOB_TERMINATED 13.0 condorpool - 12
1644662430 individuals_ID0000037 JOB_SUCCESS 0 condorpool - 12
1644662430 individuals_ID0000037 POST_SCRIPT_STARTED 13.0 condorpool - 12
1644662431 individuals_ID0000037 POST_SCRIPT_TERMINATED 13.0 condorpool - 12
1644662435 individuals_ID0000037 POST_SCRIPT_SUCCESS 0 condorpool - 12
1644662431 individuals_ID0000036 JOB_TERMINATED 19.0 condorpool - 18
1644662435 individuals_ID0000036 JOB_SUCCESS 0 condorpool - 18
1644662435 individuals_ID0000036 POST_SCRIPT_STARTED 19.0 condorpool - 18
1644662434 individuals_ID0000039 JOB_TERMINATED 15.0 condorpool - 14
1644662435 individuals_ID0000039 JOB_SUCCESS 0 condorpool - 14
1644662435 individuals_ID0000039 POST_SCRIPT_STARTED 15.0 condorpool - 14
1644662434 individuals_ID0000044 EXECUTE 29.0 condorpool - 28
1644662435 individuals_ID0000039 POST_SCRIPT_TERMINATED 15.0 condorpool - 14
1644662440 individuals_ID0000039 POST_SCRIPT_SUCCESS 0 condorpool - 14
1644662435 individuals_ID0000036 POST_SCRIPT_TERMINATED 19.0 condorpool - 18
1644662440 individuals_ID0000036 POST_SCRIPT_SUCCESS 0 condorpool - 18
1644662436 individuals_ID0000034 JOB_TERMINATED 17.0 condorpool - 16
1644662440 individuals_ID0000034 JOB_SUCCESS 0 condorpool - 16
1644662440 individuals_ID0000034 POST_SCRIPT_STARTED 17.0 condorpool - 16
1644662438 individuals_ID0000001 EXECUTE 30.0 condorpool - 29
1644662440 individuals_ID0000034 POST_SCRIPT_TERMINATED 17.0 condorpool - 16
1644662445 individuals_ID0000034 POST_SCRIPT_SUCCESS 0 condorpool - 16
1644662442 individuals_ID0000030 JOB_TERMINATED 20.0 condorpool - 19
1644662445 individuals_ID0000030 JOB_SUCCESS 0 condorpool - 19
1644662445 individuals_ID0000030 POST_SCRIPT_STARTED 20.0 condorpool - 19
1644662443 individuals_ID0000045 EXECUTE 31.0 condorpool - 30
1644662444 individuals_ID0000033 JOB_TERMINATED 16.0 condorpool - 15
1644662445 individuals_ID0000033 JOB_SUCCESS 0 condorpool - 15
1644662445 individuals_ID0000033 POST_SCRIPT_STARTED 16.0 condorpool - 15
1644662444 individuals_ID0000035 JOB_TERMINATED 18.0 condorpool - 17
1644662445 individuals_ID0000035 JOB_SUCCESS 0 condorpool - 17
1644662445 individuals_ID0000035 POST_SCRIPT_STARTED 18.0 condorpool - 17
1644662444 individuals_ID0000002 EXECUTE 32.0 condorpool - 31
1644662446 individuals_ID0000035 POST_SCRIPT_TERMINATED 18.0 condorpool - 17
1644662450 individuals_ID0000035 POST_SCRIPT_SUCCESS 0 condorpool - 17
1644662446 individuals_ID0000030 POST_SCRIPT_TERMINATED 20.0 condorpool - 19
1644662450 individuals_ID0000030 POST_SCRIPT_SUCCESS 0 condorpool - 19
1644662446 individuals_ID0000033 POST_SCRIPT_TERMINATED 16.0 condorpool - 15
1644662450 individuals_ID0000033 POST_SCRIPT_SUCCESS 0 condorpool - 15
1644662455 individuals_ID0000038 JOB_TERMINATED 14.0 condorpool - 13
1644662455 individuals_ID0000038 JOB_SUCCESS 0 condorpool - 13
1644662455 individuals_ID0000038 POST_SCRIPT_STARTED 14.0 condorpool - 13
1644662455 individuals_ID0000038 POST_SCRIPT_TERMINATED 14.0 condorpool - 13
1644662460 individuals_ID0000038 POST_SCRIPT_SUCCESS 0 condorpool - 13
1644662458 individuals_ID0000046 EXECUTE 33.0 condorpool - 32
1644662460 individuals_ID0000047 EXECUTE 35.0 condorpool - 34
1644662461 individuals_ID0000003 EXECUTE 34.0 condorpool - 33
1644662466 individuals_ID0000008 EXECUTE 36.0 condorpool - 35
1644663161 individuals_ID0000001 JOB_TERMINATED 30.0 condorpool - 29
1644663166 individuals_ID0000001 JOB_SUCCESS 0 condorpool - 29
1644663166 individuals_ID0000001 POST_SCRIPT_STARTED 30.0 condorpool - 29
1644663166 individuals_ID0000001 POST_SCRIPT_TERMINATED 30.0 condorpool - 29
1644663171 individuals_ID0000001 POST_SCRIPT_SUCCESS 0 condorpool - 29
1644663197 individuals_ID0000009 EXECUTE 37.0 condorpool - 36
1644663278 individuals_ID0000005 JOB_TERMINATED 25.0 condorpool - 24
1644663281 individuals_ID0000005 JOB_SUCCESS 0 condorpool - 24
1644663281 individuals_ID0000005 POST_SCRIPT_STARTED 25.0 condorpool - 24
1644663282 individuals_ID0000005 POST_SCRIPT_TERMINATED 25.0 condorpool - 24
1644663286 individuals_ID0000005 POST_SCRIPT_SUCCESS 0 condorpool - 24
1644663288 individuals_ID0000006 JOB_TERMINATED 27.0 condorpool - 26
1644663291 individuals_ID0000006 JOB_SUCCESS 0 condorpool - 26
1644663291 individuals_ID0000006 POST_SCRIPT_STARTED 27.0 condorpool - 26
1644663291 individuals_ID0000006 POST_SCRIPT_TERMINATED 27.0 condorpool - 26
1644663296 individuals_ID0000006 POST_SCRIPT_SUCCESS 0 condorpool - 26
1644663291 individuals_ID0000007 JOB_TERMINATED 28.0 condorpool - 27
1644663296 individuals_ID0000007 JOB_SUCCESS 0 condorpool - 27
1644663296 individuals_ID0000007 POST_SCRIPT_STARTED 28.0 condorpool - 27
1644663296 individuals_ID0000049 JOB_TERMINATED 26.0 condorpool - 25
1644663296 individuals_ID0000049 JOB_SUCCESS 0 condorpool - 25
1644663296 individuals_ID0000049 POST_SCRIPT_STARTED 26.0 condorpool - 25
1644663296 individuals_ID0000007 POST_SCRIPT_TERMINATED 28.0 condorpool - 27
1644663301 individuals_ID0000007 POST_SCRIPT_SUCCESS 0 condorpool - 27
1644663296 individuals_ID0000049 POST_SCRIPT_TERMINATED 26.0 condorpool - 25
1644663301 individuals_ID0000049 POST_SCRIPT_SUCCESS 0 condorpool - 25
1644663322 individuals_ID0000041 EXECUTE 39.0 condorpool - 38
1644663325 individuals_ID0000043 EXECUTE 41.0 condorpool - 40
1644663326 individuals_ID0000042 EXECUTE 40.0 condorpool - 39
1644663326 individuals_ID0000040 EXECUTE 38.0 condorpool - 37
1644663577 individuals_ID0000044 JOB_TERMINATED 29.0 condorpool - 28
1644663582 individuals_ID0000044 JOB_SUCCESS 0 condorpool - 28
1644663582 individuals_ID0000044 POST_SCRIPT_STARTED 29.0 condorpool - 28
1644663582 individuals_ID0000044 POST_SCRIPT_TERMINATED 29.0 condorpool - 28
1644663587 individuals_ID0000044 POST_SCRIPT_SUCCESS 0 condorpool - 28
1644663597 individuals_ID0000008 JOB_TERMINATED 36.0 condorpool - 35
1644663597 individuals_ID0000008 JOB_SUCCESS 0 condorpool - 35
1644663597 individuals_ID0000008 POST_SCRIPT_STARTED 36.0 condorpool - 35
1644663597 individuals_ID0000008 POST_SCRIPT_TERMINATED 36.0 condorpool - 35
1644663602 individuals_ID0000008 POST_SCRIPT_SUCCESS 0 condorpool - 35
1644663601 individuals_ID0000045 JOB_TERMINATED 31.0 condorpool - 30
1644663602 individuals_ID0000045 JOB_SUCCESS 0 condorpool - 30
1644663602 individuals_ID0000045 POST_SCRIPT_STARTED 31.0 condorpool - 30
1644663603 individuals_ID0000045 POST_SCRIPT_TERMINATED 31.0 condorpool - 30
1644663607 individuals_ID0000045 POST_SCRIPT_SUCCESS 0 condorpool - 30
1644663603 individuals_ID0000003 JOB_TERMINATED 34.0 condorpool - 33
1644663607 individuals_ID0000003 JOB_SUCCESS 0 condorpool - 33
1644663607 individuals_ID0000003 POST_SCRIPT_STARTED 34.0 condorpool - 33
1644663604 individuals_ID0000002 JOB_TERMINATED 32.0 condorpool - 31
1644663607 individuals_ID0000002 JOB_SUCCESS 0 condorpool - 31
1644663607 individuals_ID0000002 POST_SCRIPT_STARTED 32.0 condorpool - 31
1644663607 individuals_ID0000002 POST_SCRIPT_TERMINATED 32.0 condorpool - 31
1644663612 individuals_ID0000002 POST_SCRIPT_SUCCESS 0 condorpool - 31
1644663607 individuals_ID0000003 POST_SCRIPT_TERMINATED 34.0 condorpool - 33
1644663612 individuals_ID0000003 POST_SCRIPT_SUCCESS 0 condorpool - 33
1644663619 individuals_ID0000011 EXECUTE 46.0 condorpool - 45
1644663625 individuals_ID0000046 JOB_TERMINATED 33.0 condorpool - 32
1644663627 individuals_ID0000046 JOB_SUCCESS 0 condorpool - 32
1644663627 individuals_ID0000046 POST_SCRIPT_STARTED 33.0 condorpool - 32
1644663626 individuals_ID0000015 EXECUTE 42.0 condorpool - 41
1644663627 individuals_ID0000017 EXECUTE 44.0 condorpool - 43
1644663627 individuals_ID0000046 POST_SCRIPT_TERMINATED 33.0 condorpool - 32
1644663632 individuals_ID0000046 POST_SCRIPT_SUCCESS 0 condorpool - 32
1644663628 individuals_ID0000047 JOB_TERMINATED 35.0 condorpool - 34
1644663632 individuals_ID0000047 JOB_SUCCESS 0 condorpool - 34
1644663632 individuals_ID0000047 POST_SCRIPT_STARTED 35.0 condorpool - 34
1644663629 individuals_ID0000018 EXECUTE 45.0 condorpool - 44
1644663629 individuals_ID0000016 EXECUTE 43.0 condorpool - 42
1644663633 individuals_ID0000047 POST_SCRIPT_TERMINATED 35.0 condorpool - 34
1644663637 individuals_ID0000047 POST_SCRIPT_SUCCESS 0 condorpool - 34
1644663681 individuals_ID0000012 EXECUTE 47.0 condorpool - 46
1644663681 individuals_ID0000013 EXECUTE 48.0 condorpool - 47
1644664297 individuals_ID0000042 JOB_TERMINATED 40.0 condorpool - 39
1644664297 individuals_ID0000042 JOB_SUCCESS 0 condorpool - 39
1644664297 individuals_ID0000042 POST_SCRIPT_STARTED 40.0 condorpool - 39
1644664298 individuals_ID0000042 POST_SCRIPT_TERMINATED 40.0 condorpool - 39
1644664302 individuals_ID0000042 POST_SCRIPT_SUCCESS 0 condorpool - 39
1644664303 individuals_ID0000014 EXECUTE 49.0 condorpool - 48
1644664303 individuals_ID0000040 JOB_TERMINATED 38.0 condorpool - 37
1644664307 individuals_ID0000040 JOB_SUCCESS 0 condorpool - 37
1644664307 individuals_ID0000040 POST_SCRIPT_STARTED 38.0 condorpool - 37
1644664307 individuals_ID0000040 POST_SCRIPT_TERMINATED 38.0 condorpool - 37
1644664312 individuals_ID0000040 POST_SCRIPT_SUCCESS 0 condorpool - 37
1644664309 individuals_ID0000019 EXECUTE 50.0 condorpool - 49
1644664311 individuals_ID0000041 JOB_TERMINATED 39.0 condorpool - 38
1644664312 individuals_ID0000041 JOB_SUCCESS 0 condorpool - 38
1644664312 individuals_ID0000041 POST_SCRIPT_STARTED 39.0 condorpool - 38
1644664312 individuals_ID0000041 POST_SCRIPT_TERMINATED 39.0 condorpool - 38
1644664317 individuals_ID0000041 POST_SCRIPT_SUCCESS 0 condorpool - 38
1644664313 individuals_ID0000009 JOB_TERMINATED 37.0 condorpool - 36
1644664317 individuals_ID0000009 JOB_SUCCESS 0 condorpool - 36
1644664317 individuals_ID0000009 POST_SCRIPT_STARTED 37.0 condorpool - 36
1644664313 individuals_ID0000043 JOB_TERMINATED 41.0 condorpool - 40
1644664317 individuals_ID0000043 JOB_SUCCESS 0 condorpool - 40
1644664317 individuals_ID0000043 POST_SCRIPT_STARTED 41.0 condorpool - 40
1644664318 individuals_ID0000043 POST_SCRIPT_TERMINATED 41.0 condorpool - 40
1644664322 individuals_ID0000043 POST_SCRIPT_SUCCESS 0 condorpool - 40
1644664318 individuals_ID0000009 POST_SCRIPT_TERMINATED 37.0 condorpool - 36
1644664322 individuals_ID0000009 POST_SCRIPT_SUCCESS 0 condorpool - 36
1644664322 individuals_ID0000050 EXECUTE 52.0 condorpool - 51
1644664324 individuals_ID0000010 EXECUTE 51.0 condorpool - 50
1644664324 individuals_ID0000026 EXECUTE 53.0 condorpool - 52
1644664748 individuals_ID0000015 JOB_TERMINATED 42.0 condorpool - 41
1644664752 individuals_ID0000015 JOB_SUCCESS 0 condorpool - 41
1644664752 individuals_ID0000015 POST_SCRIPT_STARTED 42.0 condorpool - 41
1644664752 individuals_ID0000015 POST_SCRIPT_TERMINATED 42.0 condorpool - 41
1644664757 individuals_ID0000015 POST_SCRIPT_SUCCESS 0 condorpool - 41
1644664753 individuals_ID0000018 JOB_TERMINATED 45.0 condorpool - 44
1644664757 individuals_ID0000018 JOB_SUCCESS 0 condorpool - 44
1644664757 individuals_ID0000018 POST_SCRIPT_STARTED 45.0 condorpool - 44
1644664754 individuals_ID0000027 EXECUTE 54.0 condorpool - 53
1644664755 individuals_ID0000011 JOB_TERMINATED 46.0 condorpool - 45
1644664757 individuals_ID0000011 JOB_SUCCESS 0 condorpool - 45
1644664757 individuals_ID0000011 POST_SCRIPT_STARTED 46.0 condorpool - 45
1644664758 individuals_ID0000018 POST_SCRIPT_TERMINATED 45.0 condorpool - 44
1644664762 individuals_ID0000018 POST_SCRIPT_SUCCESS 0 condorpool - 44
1644664758 individuals_ID0000011 POST_SCRIPT_TERMINATED 46.0 condorpool - 45
1644664762 individuals_ID0000011 POST_SCRIPT_SUCCESS 0 condorpool - 45
1644664761 individuals_ID0000028 EXECUTE 55.0 condorpool - 54
1644664762 individuals_ID0000016 JOB_TERMINATED 43.0 condorpool - 42
1644664767 individuals_ID0000016 JOB_SUCCESS 0 condorpool - 42
1644664767 individuals_ID0000016 POST_SCRIPT_STARTED 43.0 condorpool - 42
1644664764 individuals_ID0000029 EXECUTE 56.0 condorpool - 55
1644664765 individuals_ID0000017 JOB_TERMINATED 44.0 condorpool - 43
1644664767 individuals_ID0000017 JOB_SUCCESS 0 condorpool - 43
1644664767 individuals_ID0000017 POST_SCRIPT_STARTED 44.0 condorpool - 43
1644664767 individuals_ID0000017 POST_SCRIPT_TERMINATED 44.0 condorpool - 43
1644664772 individuals_ID0000017 POST_SCRIPT_SUCCESS 0 condorpool - 43
1644664767 individuals_ID0000016 POST_SCRIPT_TERMINATED 43.0 condorpool - 42
1644664772 individuals_ID0000016 POST_SCRIPT_SUCCESS 0 condorpool - 42
1644664771 individuals_ID0000022 EXECUTE 57.0 condorpool - 56
1644664775 individuals_ID0000023 EXECUTE 58.0 condorpool - 57
1644664831 individuals_ID0000013 JOB_TERMINATED 48.0 condorpool - 47
1644664832 individuals_ID0000013 JOB_SUCCESS 0 condorpool - 47
1644664832 individuals_ID0000013 POST_SCRIPT_STARTED 48.0 condorpool - 47
1644664833 individuals_ID0000013 POST_SCRIPT_TERMINATED 48.0 condorpool - 47
1644664837 individuals_ID0000013 POST_SCRIPT_SUCCESS 0 condorpool - 47
1644664838 individuals_ID0000024 EXECUTE 59.0 condorpool - 58
1644664840 individuals_ID0000012 JOB_TERMINATED 47.0 condorpool - 46
1644664842 individuals_ID0000012 JOB_SUCCESS 0 condorpool - 46
1644664842 individuals_ID0000012 POST_SCRIPT_STARTED 47.0 condorpool - 46
1644664842 individuals_ID0000012 POST_SCRIPT_TERMINATED 47.0 condorpool - 46
1644664847 individuals_ID0000012 POST_SCRIPT_SUCCESS 0 condorpool - 46
1644664847 individuals_ID0000025 EXECUTE 60.0 condorpool - 59
1644665298 individuals_ID0000014 JOB_TERMINATED 49.0 condorpool - 48
1644665302 individuals_ID0000014 JOB_SUCCESS 0 condorpool - 48
1644665302 individuals_ID0000014 POST_SCRIPT_STARTED 49.0 condorpool - 48
1644665299 individuals_ID0000019 JOB_TERMINATED 50.0 condorpool - 49
1644665302 individuals_ID0000019 JOB_SUCCESS 0 condorpool - 49
1644665302 individuals_ID0000019 POST_SCRIPT_STARTED 50.0 condorpool - 49
1644665303 individuals_ID0000014 POST_SCRIPT_TERMINATED 49.0 condorpool - 48
1644665307 individuals_ID0000014 POST_SCRIPT_SUCCESS 0 condorpool - 48
1644665303 individuals_ID0000019 POST_SCRIPT_TERMINATED 50.0 condorpool - 49
1644665307 individuals_ID0000019 POST_SCRIPT_SUCCESS 0 condorpool - 49
1644665311 individuals_ID0000010 JOB_TERMINATED 51.0 condorpool - 50
1644665312 individuals_ID0000010 JOB_SUCCESS 0 condorpool - 50
1644665312 individuals_ID0000010 POST_SCRIPT_STARTED 51.0 condorpool - 50
1644665312 individuals_ID0000010 POST_SCRIPT_TERMINATED 51.0 condorpool - 50
1644665317 individuals_ID0000010 POST_SCRIPT_SUCCESS 0 condorpool - 50
1644665313 individuals_ID0000026 JOB_TERMINATED 53.0 condorpool - 52
1644665317 individuals_ID0000026 JOB_SUCCESS 0 condorpool - 52
1644665317 individuals_ID0000026 POST_SCRIPT_STARTED 53.0 condorpool - 52
1644665317 individuals_ID0000026 POST_SCRIPT_TERMINATED 53.0 condorpool - 52
1644665322 individuals_ID0000026 POST_SCRIPT_SUCCESS 0 condorpool - 52
1644665351 sifting_ID0000052 EXECUTE 63.0 condorpool - 62
1644665358 sifting_ID0000052 JOB_TERMINATED 63.0 condorpool - 62
1644665362 sifting_ID0000052 JOB_SUCCESS 0 condorpool - 62
1644665362 sifting_ID0000052 POST_SCRIPT_STARTED 63.0 condorpool - 62
1644665359 individuals_ID0000020 EXECUTE 61.0 condorpool - 60
1644665359 individuals_ID0000021 EXECUTE 62.0 condorpool - 61
1644665363 sifting_ID0000052 POST_SCRIPT_TERMINATED 63.0 condorpool - 62
1644665367 sifting_ID0000052 POST_SCRIPT_SUCCESS 0 condorpool - 62
1644665452 individuals_ID0000050 JOB_TERMINATED 52.0 condorpool - 51
1644665452 individuals_ID0000050 JOB_SUCCESS 0 condorpool - 51
1644665452 individuals_ID0000050 POST_SCRIPT_STARTED 52.0 condorpool - 51
1644665452 individuals_ID0000050 POST_SCRIPT_TERMINATED 52.0 condorpool - 51
1644665457 individuals_ID0000050 POST_SCRIPT_SUCCESS 0 condorpool - 51
1644665811 individuals_ID0000029 JOB_TERMINATED 56.0 condorpool - 55
1644665812 individuals_ID0000029 JOB_SUCCESS 0 condorpool - 55
1644665812 individuals_ID0000029 POST_SCRIPT_STARTED 56.0 condorpool - 55
1644665813 individuals_ID0000029 POST_SCRIPT_TERMINATED 56.0 condorpool - 55
1644665817 individuals_ID0000029 POST_SCRIPT_SUCCESS 0 condorpool - 55
1644665876 individuals_ID0000027 JOB_TERMINATED 54.0 condorpool - 53
1644665877 individuals_ID0000027 JOB_SUCCESS 0 condorpool - 53
1644665877 individuals_ID0000027 POST_SCRIPT_STARTED 54.0 condorpool - 53
1644665877 individuals_ID0000027 POST_SCRIPT_TERMINATED 54.0 condorpool - 53
1644665882 individuals_ID0000027 POST_SCRIPT_SUCCESS 0 condorpool - 53
1644665883 individuals_ID0000024 JOB_TERMINATED 59.0 condorpool - 58
1644665887 individuals_ID0000024 JOB_SUCCESS 0 condorpool - 58
1644665887 individuals_ID0000024 POST_SCRIPT_STARTED 59.0 condorpool - 58
1644665887 individuals_ID0000025 JOB_TERMINATED 60.0 condorpool - 59
1644665887 individuals_ID0000025 JOB_SUCCESS 0 condorpool - 59
1644665887 individuals_ID0000025 POST_SCRIPT_STARTED 60.0 condorpool - 59
1644665887 individuals_ID0000028 JOB_TERMINATED 55.0 condorpool - 54
1644665887 individuals_ID0000028 JOB_SUCCESS 0 condorpool - 54
1644665887 individuals_ID0000028 POST_SCRIPT_STARTED 55.0 condorpool - 54
1644665888 individuals_ID0000025 POST_SCRIPT_TERMINATED 60.0 condorpool - 59
1644665892 individuals_ID0000025 POST_SCRIPT_SUCCESS 0 condorpool - 59
1644665888 individuals_ID0000028 POST_SCRIPT_TERMINATED 55.0 condorpool - 54
1644665892 individuals_ID0000028 POST_SCRIPT_SUCCESS 0 condorpool - 54
1644665888 individuals_ID0000024 POST_SCRIPT_TERMINATED 59.0 condorpool - 58
1644665892 individuals_ID0000024 POST_SCRIPT_SUCCESS 0 condorpool - 58
1644665893 individuals_ID0000022 JOB_TERMINATED 57.0 condorpool - 56
1644665897 individuals_ID0000022 JOB_SUCCESS 0 condorpool - 56
1644665897 individuals_ID0000022 POST_SCRIPT_STARTED 57.0 condorpool - 56
1644665893 individuals_ID0000023 JOB_TERMINATED 58.0 condorpool - 57
1644665897 individuals_ID0000023 JOB_SUCCESS 0 condorpool - 57
1644665897 individuals_ID0000023 POST_SCRIPT_STARTED 58.0 condorpool - 57
1644665897 individuals_ID0000022 POST_SCRIPT_TERMINATED 57.0 condorpool - 56
1644665902 individuals_ID0000022 POST_SCRIPT_SUCCESS 0 condorpool - 56
1644665897 individuals_ID0000023 POST_SCRIPT_TERMINATED 58.0 condorpool - 57
1644665902 individuals_ID0000023 POST_SCRIPT_SUCCESS 0 condorpool - 57
1644666231 individuals_ID0000021 JOB_TERMINATED 62.0 condorpool - 61
1644666232 individuals_ID0000021 JOB_SUCCESS 0 condorpool - 61
1644666232 individuals_ID0000021 POST_SCRIPT_STARTED 62.0 condorpool - 61
1644666233 individuals_ID0000021 POST_SCRIPT_TERMINATED 62.0 condorpool - 61
1644666237 individuals_ID0000021 POST_SCRIPT_SUCCESS 0 condorpool - 61
1644666233 individuals_ID0000020 JOB_TERMINATED 61.0 condorpool - 60
1644666237 individuals_ID0000020 JOB_SUCCESS 0 condorpool - 60
1644666237 individuals_ID0000020 POST_SCRIPT_STARTED 61.0 condorpool - 60
1644666237 individuals_ID0000020 POST_SCRIPT_TERMINATED 61.0 condorpool - 60
1644666242 individuals_ID0000020 POST_SCRIPT_SUCCESS 0 condorpool - 60
1644666247 individuals_merge_ID0000051 SUBMIT 64.0 condorpool - 63
1644666250 individuals_merge_ID0000051 EXECUTE 64.0 condorpool - 63
1644670448 individuals_merge_ID0000051 JOB_TERMINATED 64.0 condorpool - 63
1644670451 individuals_merge_ID0000051 JOB_SUCCESS 0 condorpool - 63
1644670451 individuals_merge_ID0000051 POST_SCRIPT_STARTED 64.0 condorpool - 63
1644670451 individuals_merge_ID0000051 POST_SCRIPT_TERMINATED 64.0 condorpool - 63
1644670456 individuals_merge_ID0000051 POST_SCRIPT_SUCCESS 0 condorpool - 63
1644670461 frequency_ID0000060 SUBMIT 65.0 condorpool - 64
1644670461 frequency_ID0000062 SUBMIT 66.0 condorpool - 65
1644670461 mutation_overlap_ID0000053 SUBMIT 67.0 condorpool - 66
1644670461 frequency_ID0000058 SUBMIT 68.0 condorpool - 67
1644670461 mutation_overlap_ID0000063 SUBMIT 69.0 condorpool - 68
1644670466 mutation_overlap_ID0000055 SUBMIT 70.0 condorpool - 69
1644670466 mutation_overlap_ID0000065 SUBMIT 71.0 condorpool - 70
1644670466 frequency_ID0000064 SUBMIT 72.0 condorpool - 71
1644670466 frequency_ID0000054 SUBMIT 73.0 condorpool - 72
1644670467 frequency_ID0000066 SUBMIT 74.0 condorpool - 73
1644670472 frequency_ID0000056 SUBMIT 75.0 condorpool - 74
1644670472 mutation_overlap_ID0000061 SUBMIT 76.0 condorpool - 75
1644670472 mutation_overlap_ID0000057 SUBMIT 77.0 condorpool - 76
1644670472 mutation_overlap_ID0000059 SUBMIT 78.0 condorpool - 77
1644670474 frequency_ID0000054 EXECUTE 73.0 condorpool - 72
1644670474 frequency_ID0000066 EXECUTE 74.0 condorpool - 73
1644670474 mutation_overlap_ID0000065 EXECUTE 71.0 condorpool - 70
1644670474 frequency_ID0000062 EXECUTE 66.0 condorpool - 65
1644670475 mutation_overlap_ID0000055 EXECUTE 70.0 condorpool - 69
1644670475 frequency_ID0000064 EXECUTE 72.0 condorpool - 71
1644670475 mutation_overlap_ID0000063 EXECUTE 69.0 condorpool - 68
1644670475 frequency_ID0000058 EXECUTE 68.0 condorpool - 67
1644670475 frequency_ID0000060 EXECUTE 65.0 condorpool - 64
1644670475 mutation_overlap_ID0000053 EXECUTE 67.0 condorpool - 66
1644670494 frequency_ID0000056 EXECUTE 75.0 condorpool - 74
1644670494 mutation_overlap_ID0000061 EXECUTE 76.0 condorpool - 75
1644670646 mutation_overlap_ID0000065 JOB_TERMINATED 71.0 condorpool - 70
1644670647 mutation_overlap_ID0000065 JOB_SUCCESS 0 condorpool - 70
1644670647 mutation_overlap_ID0000065 POST_SCRIPT_STARTED 71.0 condorpool - 70
1644670647 mutation_overlap_ID0000065 POST_SCRIPT_TERMINATED 71.0 condorpool - 70
1644670652 mutation_overlap_ID0000065 POST_SCRIPT_SUCCESS 0 condorpool - 70
1644670650 mutation_overlap_ID0000063 JOB_TERMINATED 69.0 condorpool - 68
1644670652 mutation_overlap_ID0000063 JOB_SUCCESS 0 condorpool - 68
1644670652 mutation_overlap_ID0000063 POST_SCRIPT_STARTED 69.0 condorpool - 68
1644670652 mutation_overlap_ID0000055 JOB_TERMINATED 70.0 condorpool - 69
1644670657 mutation_overlap_ID0000055 JOB_SUCCESS 0 condorpool - 69
1644670657 mutation_overlap_ID0000055 POST_SCRIPT_STARTED 70.0 condorpool - 69
1644670652 mutation_overlap_ID0000063 POST_SCRIPT_TERMINATED 69.0 condorpool - 68
1644670657 mutation_overlap_ID0000063 POST_SCRIPT_SUCCESS 0 condorpool - 68
1644670658 mutation_overlap_ID0000055 POST_SCRIPT_TERMINATED 70.0 condorpool - 69
1644670662 mutation_overlap_ID0000055 POST_SCRIPT_SUCCESS 0 condorpool - 69
1644670658 mutation_overlap_ID0000053 JOB_TERMINATED 67.0 condorpool - 66
1644670662 mutation_overlap_ID0000053 JOB_SUCCESS 0 condorpool - 66
1644670662 mutation_overlap_ID0000053 POST_SCRIPT_STARTED 67.0 condorpool - 66
1644670662 mutation_overlap_ID0000053 POST_SCRIPT_TERMINATED 67.0 condorpool - 66
1644670667 mutation_overlap_ID0000053 POST_SCRIPT_SUCCESS 0 condorpool - 66
1644670676 mutation_overlap_ID0000061 JOB_TERMINATED 76.0 condorpool - 75
1644670677 mutation_overlap_ID0000061 JOB_SUCCESS 0 condorpool - 75
1644670677 mutation_overlap_ID0000061 POST_SCRIPT_STARTED 76.0 condorpool - 75
1644670677 mutation_overlap_ID0000061 POST_SCRIPT_TERMINATED 76.0 condorpool - 75
1644670682 mutation_overlap_ID0000061 POST_SCRIPT_SUCCESS 0 condorpool - 75
1644670734 mutation_overlap_ID0000057 EXECUTE 77.0 condorpool - 76
1644670734 mutation_overlap_ID0000059 EXECUTE 78.0 condorpool - 77
1644670895 mutation_overlap_ID0000059 JOB_TERMINATED 78.0 condorpool - 77
1644670897 mutation_overlap_ID0000059 JOB_SUCCESS 0 condorpool - 77
1644670897 mutation_overlap_ID0000059 POST_SCRIPT_STARTED 78.0 condorpool - 77
1644670898 mutation_overlap_ID0000059 POST_SCRIPT_TERMINATED 78.0 condorpool - 77
1644670902 mutation_overlap_ID0000059 POST_SCRIPT_SUCCESS 0 condorpool - 77
1644670966 mutation_overlap_ID0000057 JOB_TERMINATED 77.0 condorpool - 76
1644670967 mutation_overlap_ID0000057 JOB_SUCCESS 0 condorpool - 76
1644670967 mutation_overlap_ID0000057 POST_SCRIPT_STARTED 77.0 condorpool - 76
1644670967 mutation_overlap_ID0000057 POST_SCRIPT_TERMINATED 77.0 condorpool - 76
1644670972 mutation_overlap_ID0000057 POST_SCRIPT_SUCCESS 0 condorpool - 76
1644671205 frequency_ID0000064 JOB_TERMINATED 72.0 condorpool - 71
1644671207 frequency_ID0000064 JOB_SUCCESS 0 condorpool - 71
1644671207 frequency_ID0000064 POST_SCRIPT_STARTED 72.0 condorpool - 71
1644671208 frequency_ID0000064 POST_SCRIPT_TERMINATED 72.0 condorpool - 71
1644671212 frequency_ID0000064 POST_SCRIPT_SUCCESS 0 condorpool - 71
1644671246 frequency_ID0000066 JOB_TERMINATED 74.0 condorpool - 73
1644671247 frequency_ID0000066 JOB_SUCCESS 0 condorpool - 73
1644671247 frequency_ID0000066 POST_SCRIPT_STARTED 74.0 condorpool - 73
1644671247 frequency_ID0000066 POST_SCRIPT_TERMINATED 74.0 condorpool - 73
1644671252 frequency_ID0000066 POST_SCRIPT_SUCCESS 0 condorpool - 73
1644671279 frequency_ID0000060 JOB_TERMINATED 65.0 condorpool - 64
1644671282 frequency_ID0000060 JOB_SUCCESS 0 condorpool - 64
1644671282 frequency_ID0000060 POST_SCRIPT_STARTED 65.0 condorpool - 64
1644671282 frequency_ID0000060 POST_SCRIPT_TERMINATED 65.0 condorpool - 64
1644671287 frequency_ID0000060 POST_SCRIPT_SUCCESS 0 condorpool - 64
1644671331 frequency_ID0000062 JOB_TERMINATED 66.0 condorpool - 65
1644671333 frequency_ID0000062 JOB_SUCCESS 0 condorpool - 65
1644671333 frequency_ID0000062 POST_SCRIPT_STARTED 66.0 condorpool - 65
1644671333 frequency_ID0000062 POST_SCRIPT_TERMINATED 66.0 condorpool - 65
1644671338 frequency_ID0000062 POST_SCRIPT_SUCCESS 0 condorpool - 65
1644671362 frequency_ID0000056 JOB_TERMINATED 75.0 condorpool - 74
1644671363 frequency_ID0000056 JOB_SUCCESS 0 condorpool - 74
1644671363 frequency_ID0000056 POST_SCRIPT_STARTED 75.0 condorpool - 74
1644671363 frequency_ID0000056 POST_SCRIPT_TERMINATED 75.0 condorpool - 74
1644671368 frequency_ID0000056 POST_SCRIPT_SUCCESS 0 condorpool - 74
1644671385 frequency_ID0000058 JOB_TERMINATED 68.0 condorpool - 67
1644671388 frequency_ID0000058 JOB_SUCCESS 0 condorpool - 67
1644671388 frequency_ID0000058 POST_SCRIPT_STARTED 68.0 condorpool - 67
1644671389 frequency_ID0000058 POST_SCRIPT_TERMINATED 68.0 condorpool - 67
1644671393 frequency_ID0000058 POST_SCRIPT_SUCCESS 0 condorpool - 67
1644671398 stage_out_local_local_2_1 SUBMIT 79.0 local - 78
1644671398 stage_out_local_local_2_1 EXECUTE 79.0 local - 78
1644671402 stage_out_local_local_2_1 JOB_TERMINATED 79.0 local - 78
1644671403 stage_out_local_local_2_1 JOB_SUCCESS 0 local - 78
1644671403 stage_out_local_local_2_1 POST_SCRIPT_STARTED 79.0 local - 78
1644671403 stage_out_local_local_2_1 POST_SCRIPT_TERMINATED 79.0 local - 78
1644671408 stage_out_local_local_2_1 POST_SCRIPT_SUCCESS 0 local - 78
1644671437 frequency_ID0000054 JOB_TERMINATED 73.0 condorpool - 72
1644671438 frequency_ID0000054 JOB_SUCCESS 0 condorpool - 72
1644671438 frequency_ID0000054 POST_SCRIPT_STARTED 73.0 condorpool - 72
1644671439 frequency_ID0000054 POST_SCRIPT_TERMINATED 73.0 condorpool - 72
1644671443 frequency_ID0000054 POST_SCRIPT_SUCCESS 0 condorpool - 72
1644671448 stage_out_local_local_2_0 SUBMIT 80.0 local - 79
1644671448 stage_out_local_local_2_0 EXECUTE 80.0 local - 79
1644671452 stage_out_local_local_2_0 JOB_TERMINATED 80.0 local - 79
1644671453 stage_out_local_local_2_0 JOB_SUCCESS 0 local - 79
1644671453 stage_out_local_local_2_0 POST_SCRIPT_STARTED 80.0 local - 79
1644671453 stage_out_local_local_2_0 POST_SCRIPT_TERMINATED 80.0 local - 79
1644671458 stage_out_local_local_2_0 POST_SCRIPT_SUCCESS 0 local - 79
1644671463 cleanup_1000-genome_0_local SUBMIT 81.0 local - 80
1644671463 cleanup_1000-genome_0_local EXECUTE 81.0 local - 80
1644671465 cleanup_1000-genome_0_local JOB_TERMINATED 81.0 local - 80
1644671468 cleanup_1000-genome_0_local JOB_SUCCESS 0 local - 80
1644671468 cleanup_1000-genome_0_local POST_SCRIPT_STARTED 81.0 local - 80
1644671468 cleanup_1000-genome_0_local POST_SCRIPT_TERMINATED 81.0 local - 80
1644671473 cleanup_1000-genome_0_local POST_SCRIPT_SUCCESS 0 local - 80
1644671473 INTERNAL *** DAGMAN_FINISHED 0 ***
1644671475 INTERNAL *** MONITORD_FINISHED 0 ***
