1644671595 INTERNAL *** MONITORD_STARTED ***
1644671594 INTERNAL *** DAGMAN_STARTED 82.0 ***
1644671598 create_dir_1000-genome_0_local SUBMIT 83.0 local - 81
1644671599 create_dir_1000-genome_0_local EXECUTE 83.0 local - 81
1644671601 create_dir_1000-genome_0_local JOB_TERMINATED 83.0 local - 81
1644671603 create_dir_1000-genome_0_local JOB_SUCCESS 0 local - 81
1644671603 create_dir_1000-genome_0_local POST_SCRIPT_STARTED 83.0 local - 81
1644671603 create_dir_1000-genome_0_local POST_SCRIPT_TERMINATED 83.0 local - 81
1644671608 create_dir_1000-genome_0_local POST_SCRIPT_SUCCESS 0 local - 81
1644671613 stage_in_remote_local_2_0 SUBMIT 84.0 local - 82
1644671613 stage_in_remote_local_2_0 EXECUTE 84.0 local - 82
1644671613 stage_in_remote_local_1_0 SUBMIT 85.0 local - 83
1644671613 stage_in_remote_local_0_0 SUBMIT 86.0 local - 84
1644671613 stage_in_local_local_0_0 SUBMIT 87.0 local - 85
1644671613 stage_in_local_local_2_0 SUBMIT 88.0 local - 86
1644671615 stage_in_remote_local_2_0 JOB_TERMINATED 84.0 local - 82
1644671618 stage_in_remote_local_2_0 JOB_SUCCESS 0 local - 82
1644671618 stage_in_remote_local_2_0 POST_SCRIPT_STARTED 84.0 local - 82
1644671615 stage_in_local_local_2_0 EXECUTE 88.0 local - 86
1644671615 stage_in_local_local_0_0 EXECUTE 87.0 local - 85
1644671615 stage_in_remote_local_0_0 EXECUTE 86.0 local - 84
1644671615 stage_in_remote_local_1_0 EXECUTE 85.0 local - 83
1644671618 stage_in_remote_local_0_0 JOB_TERMINATED 86.0 local - 84
1644671618 stage_in_remote_local_0_0 JOB_SUCCESS 0 local - 84
1644671618 stage_in_remote_local_0_0 POST_SCRIPT_STARTED 86.0 local - 84
1644671618 stage_in_remote_local_1_0 JOB_TERMINATED 85.0 local - 83
1644671618 stage_in_remote_local_1_0 JOB_SUCCESS 0 local - 83
1644671618 stage_in_remote_local_1_0 POST_SCRIPT_STARTED 85.0 local - 83
1644671618 stage_in_local_local_0_0 JOB_TERMINATED 87.0 local - 85
1644671618 stage_in_local_local_0_0 JOB_SUCCESS 0 local - 85
1644671618 stage_in_local_local_0_0 POST_SCRIPT_STARTED 87.0 local - 85
1644671618 stage_in_remote_local_0_1 SUBMIT 89.0 local - 87
1644671618 stage_in_remote_local_0_1 EXECUTE 89.0 local - 87
1644671618 stage_in_local_local_0_1 SUBMIT 90.0 local - 88
1644671618 stage_in_local_local_0_1 EXECUTE 90.0 local - 88
1644671618 stage_in_local_local_2_1 SUBMIT 91.0 local - 89
1644671618 stage_in_local_local_2_1 EXECUTE 91.0 local - 89
1644671618 stage_in_remote_local_2_1 SUBMIT 92.0 local - 90
1644671618 stage_in_local_local_0_2 SUBMIT 93.0 local - 91
1644671619 stage_in_remote_local_1_0 POST_SCRIPT_TERMINATED 85.0 local - 83
1644671623 stage_in_remote_local_1_0 POST_SCRIPT_SUCCESS 0 local - 83
1644671619 stage_in_remote_local_0_0 POST_SCRIPT_TERMINATED 86.0 local - 84
1644671623 stage_in_remote_local_0_0 POST_SCRIPT_SUCCESS 0 local - 84
1644671619 stage_in_remote_local_2_0 POST_SCRIPT_TERMINATED 84.0 local - 82
1644671623 stage_in_remote_local_2_0 POST_SCRIPT_SUCCESS 0 local - 82
1644671619 stage_in_local_local_0_0 POST_SCRIPT_TERMINATED 87.0 local - 85
1644671623 stage_in_local_local_0_0 POST_SCRIPT_SUCCESS 0 local - 85
1644671619 stage_in_local_local_2_0 JOB_TERMINATED 88.0 local - 86
1644671623 stage_in_local_local_2_0 JOB_SUCCESS 0 local - 86
1644671623 stage_in_local_local_2_0 POST_SCRIPT_STARTED 88.0 local - 86
1644671620 stage_in_local_local_0_2 EXECUTE 93.0 local - 91
1644671620 stage_in_remote_local_2_1 EXECUTE 92.0 local - 90
1644671620 stage_in_remote_local_0_1 JOB_TERMINATED 89.0 local - 87
1644671623 stage_in_remote_local_0_1 JOB_SUCCESS 0 local - 87
1644671623 stage_in_remote_local_0_1 POST_SCRIPT_STARTED 89.0 local - 87
1644671621 stage_in_local_local_0_1 JOB_TERMINATED 90.0 local - 88
1644671623 stage_in_local_local_0_1 JOB_SUCCESS 0 local - 88
1644671623 stage_in_local_local_0_1 POST_SCRIPT_STARTED 90.0 local - 88
1644671622 stage_in_remote_local_2_1 JOB_TERMINATED 92.0 local - 90
1644671623 stage_in_remote_local_2_1 JOB_SUCCESS 0 local - 90
1644671623 stage_in_remote_local_2_1 POST_SCRIPT_STARTED 92.0 local - 90
1644671622 stage_in_local_local_0_2 JOB_TERMINATED 93.0 local - 91
1644671623 stage_in_local_local_0_2 JOB_SUCCESS 0 local - 91
1644671623 stage_in_local_local_0_2 POST_SCRIPT_STARTED 93.0 local - 91
1644671623 stage_in_local_local_2_1 JOB_TERMINATED 91.0 local - 89
1644671623 stage_in_local_local_2_1 JOB_SUCCESS 0 local - 89
1644671623 stage_in_local_local_2_1 POST_SCRIPT_STARTED 91.0 local - 89
1644671623 stage_in_remote_local_0_1 POST_SCRIPT_TERMINATED 89.0 local - 87
1644671628 stage_in_remote_local_0_1 POST_SCRIPT_SUCCESS 0 local - 87
1644671623 stage_in_remote_local_2_1 POST_SCRIPT_TERMINATED 92.0 local - 90
1644671628 stage_in_remote_local_2_1 POST_SCRIPT_SUCCESS 0 local - 90
1644671623 stage_in_local_local_2_0 POST_SCRIPT_TERMINATED 88.0 local - 86
1644671628 stage_in_local_local_2_0 POST_SCRIPT_SUCCESS 0 local - 86
1644671623 stage_in_local_local_0_1 POST_SCRIPT_TERMINATED 90.0 local - 88
1644671628 stage_in_local_local_0_1 POST_SCRIPT_SUCCESS 0 local - 88
1644671623 stage_in_local_local_0_2 POST_SCRIPT_TERMINATED 93.0 local - 91
1644671628 stage_in_local_local_0_2 POST_SCRIPT_SUCCESS 0 local - 91
1644671623 stage_in_local_local_2_1 POST_SCRIPT_TERMINATED 91.0 local - 89
1644671628 stage_in_local_local_2_1 POST_SCRIPT_SUCCESS 0 local - 89
1644671633 individuals_ID0000037 SUBMIT 94.0 condorpool - 92
1644671633 individuals_ID0000038 SUBMIT 95.0 condorpool - 93
1644671633 individuals_ID0000039 SUBMIT 96.0 condorpool - 94
1644671633 individuals_ID0000033 SUBMIT 97.0 condorpool - 95
1644671633 individuals_ID0000034 SUBMIT 98.0 condorpool - 96
1644671638 individuals_ID0000035 SUBMIT 99.0 condorpool - 97
1644671638 individuals_ID0000036 SUBMIT 100.0 condorpool - 98
1644671638 individuals_ID0000030 SUBMIT 101.0 condorpool - 99
1644671638 individuals_ID0000031 SUBMIT 102.0 condorpool - 100
1644671638 individuals_ID0000032 SUBMIT 103.0 condorpool - 101
1644671643 individuals_ID0000004 SUBMIT 104.0 condorpool - 102
1644671643 individuals_ID0000048 SUBMIT 105.0 condorpool - 103
1644671643 individuals_ID0000005 SUBMIT 106.0 condorpool - 104
1644671644 individuals_ID0000049 SUBMIT 107.0 condorpool - 105
1644671644 individuals_ID0000006 SUBMIT 108.0 condorpool - 106
1644671649 individuals_ID0000007 SUBMIT 109.0 condorpool - 107
1644671649 individuals_ID0000044 SUBMIT 110.0 condorpool - 108
1644671649 individuals_ID0000001 SUBMIT 111.0 condorpool - 109
1644671649 individuals_ID0000045 SUBMIT 112.0 condorpool - 110
1644671649 individuals_ID0000002 SUBMIT 113.0 condorpool - 111
1644671654 individuals_ID0000046 SUBMIT 114.0 condorpool - 112
1644671654 individuals_ID0000003 SUBMIT 115.0 condorpool - 113
1644671654 individuals_ID0000047 SUBMIT 116.0 condorpool - 114
1644671654 individuals_ID0000008 SUBMIT 117.0 condorpool - 115
1644671654 individuals_ID0000009 SUBMIT 118.0 condorpool - 116
1644671659 individuals_ID0000040 SUBMIT 119.0 condorpool - 117
1644671659 individuals_ID0000041 SUBMIT 120.0 condorpool - 118
1644671659 individuals_ID0000042 SUBMIT 121.0 condorpool - 119
1644671659 individuals_ID0000043 SUBMIT 122.0 condorpool - 120
1644671659 individuals_ID0000015 SUBMIT 123.0 condorpool - 121
1644671662 individuals_ID0000037 EXECUTE 94.0 condorpool - 92
1644671664 individuals_ID0000016 SUBMIT 124.0 condorpool - 122
1644671664 individuals_ID0000017 SUBMIT 125.0 condorpool - 123
1644671664 individuals_ID0000018 SUBMIT 126.0 condorpool - 124
1644671664 individuals_ID0000011 SUBMIT 127.0 condorpool - 125
1644671664 individuals_ID0000012 SUBMIT 128.0 condorpool - 126
1644671667 individuals_ID0000030 EXECUTE 101.0 condorpool - 99
1644671669 individuals_ID0000013 SUBMIT 129.0 condorpool - 127
1644671670 individuals_ID0000014 SUBMIT 130.0 condorpool - 128
1644671670 individuals_ID0000019 SUBMIT 131.0 condorpool - 129
1644671670 individuals_ID0000010 SUBMIT 132.0 condorpool - 130
1644671670 individuals_ID0000050 SUBMIT 133.0 condorpool - 131
1644671675 individuals_ID0000026 SUBMIT 134.0 condorpool - 132
1644671675 individuals_ID0000027 SUBMIT 135.0 condorpool - 133
1644671675 individuals_ID0000028 SUBMIT 136.0 condorpool - 134
1644671675 individuals_ID0000029 SUBMIT 137.0 condorpool - 135
1644671675 individuals_ID0000022 SUBMIT 138.0 condorpool - 136
1644671676 individuals_ID0000005 EXECUTE 106.0 condorpool - 104
1644671676 individuals_ID0000049 EXECUTE 107.0 condorpool - 105
1644671677 individuals_ID0000048 EXECUTE 105.0 condorpool - 103
1644671680 individuals_ID0000023 SUBMIT 139.0 condorpool - 137
1644671680 individuals_ID0000024 SUBMIT 140.0 condorpool - 138
1644671680 individuals_ID0000025 SUBMIT 141.0 condorpool - 139
1644671680 individuals_ID0000020 SUBMIT 142.0 condorpool - 140
1644671680 individuals_ID0000021 SUBMIT 143.0 condorpool - 141
1644671684 individuals_ID0000038 EXECUTE 95.0 condorpool - 93
1644671685 sifting_ID0000052 SUBMIT 144.0 condorpool - 142
1644671690 individuals_ID0000006 EXECUTE 108.0 condorpool - 106
1644671691 individuals_ID0000036 EXECUTE 100.0 condorpool - 98
1644671691 individuals_ID0000034 EXECUTE 98.0 condorpool - 96
1644671692 individuals_ID0000004 EXECUTE 104.0 condorpool - 102
1644671692 individuals_ID0000031 EXECUTE 102.0 condorpool - 100
1644671697 individuals_ID0000032 EXECUTE 103.0 condorpool - 101
1644671698 individuals_ID0000007 EXECUTE 109.0 condorpool - 107
1644671705 individuals_ID0000039 EXECUTE 96.0 condorpool - 94
1644671707 individuals_ID0000035 EXECUTE 99.0 condorpool - 97
1644671709 individuals_ID0000033 EXECUTE 97.0 condorpool - 95
1644672704 individuals_ID0000048 JOB_TERMINATED 105.0 condorpool - 103
1644672705 individuals_ID0000048 JOB_SUCCESS 0 condorpool - 103
1644672705 individuals_ID0000048 POST_SCRIPT_STARTED 105.0 condorpool - 103
1644672705 individuals_ID0000048 POST_SCRIPT_TERMINATED 105.0 condorpool - 103
1644672710 individuals_ID0000048 POST_SCRIPT_SUCCESS 0 condorpool - 103
1644672711 individuals_ID0000044 EXECUTE 110.0 condorpool - 108
1644672711 individuals_ID0000031 JOB_TERMINATED 102.0 condorpool - 100
1644672715 individuals_ID0000031 JOB_SUCCESS 0 condorpool - 100
1644672715 individuals_ID0000031 POST_SCRIPT_STARTED 102.0 condorpool - 100
1644672715 individuals_ID0000004 JOB_TERMINATED 104.0 condorpool - 102
1644672715 individuals_ID0000004 JOB_SUCCESS 0 condorpool - 102
1644672715 individuals_ID0000004 POST_SCRIPT_STARTED 104.0 condorpool - 102
1644672716 individuals_ID0000004 POST_SCRIPT_TERMINATED 104.0 condorpool - 102
1644672720 individuals_ID0000004 POST_SCRIPT_SUCCESS 0 condorpool - 102
1644672716 individuals_ID0000031 POST_SCRIPT_TERMINATED 102.0 condorpool - 100
1644672720 individuals_ID0000031 POST_SCRIPT_SUCCESS 0 condorpool - 100
1644672717 individuals_ID0000032 JOB_TERMINATED 103.0 condorpool - 101
1644672720 individuals_ID0000032 JOB_SUCCESS 0 condorpool - 101
1644672720 individuals_ID0000032 POST_SCRIPT_STARTED 103.0 condorpool - 101
1644672719 individuals_ID0000001 EXECUTE 111.0 condorpool - 109
1644672720 individuals_ID0000032 POST_SCRIPT_TERMINATED 103.0 condorpool - 101
1644672725 individuals_ID0000032 POST_SCRIPT_SUCCESS 0 condorpool - 101
1644672724 individuals_ID0000045 EXECUTE 112.0 condorpool - 110
1644672727 individuals_ID0000002 EXECUTE 113.0 condorpool - 111
1644672794 individuals_ID0000037 JOB_TERMINATED 94.0 condorpool - 92
1644672795 individuals_ID0000037 JOB_SUCCESS 0 condorpool - 92
1644672795 individuals_ID0000037 POST_SCRIPT_STARTED 94.0 condorpool - 92
1644672796 individuals_ID0000037 POST_SCRIPT_TERMINATED 94.0 condorpool - 92
1644672800 individuals_ID0000037 POST_SCRIPT_SUCCESS 0 condorpool - 92
1644672804 individuals_ID0000046 EXECUTE 114.0 condorpool - 112
1644672818 individuals_ID0000033 JOB_TERMINATED 97.0 condorpool - 95
1644672820 individuals_ID0000033 JOB_SUCCESS 0 condorpool - 95
1644672820 individuals_ID0000033 POST_SCRIPT_STARTED 97.0 condorpool - 95
1644672819 individuals_ID0000038 JOB_TERMINATED 95.0 condorpool - 93
1644672820 individuals_ID0000038 JOB_SUCCESS 0 condorpool - 93
1644672820 individuals_ID0000038 POST_SCRIPT_STARTED 95.0 condorpool - 93
1644672820 individuals_ID0000038 POST_SCRIPT_TERMINATED 95.0 condorpool - 93
1644672825 individuals_ID0000038 POST_SCRIPT_SUCCESS 0 condorpool - 93
1644672820 individuals_ID0000033 POST_SCRIPT_TERMINATED 97.0 condorpool - 95
1644672825 individuals_ID0000033 POST_SCRIPT_SUCCESS 0 condorpool - 95
1644672822 individuals_ID0000039 JOB_TERMINATED 96.0 condorpool - 94
1644672825 individuals_ID0000039 JOB_SUCCESS 0 condorpool - 94
1644672825 individuals_ID0000039 POST_SCRIPT_STARTED 96.0 condorpool - 94
1644672825 individuals_ID0000039 POST_SCRIPT_TERMINATED 96.0 condorpool - 94
1644672830 individuals_ID0000039 POST_SCRIPT_SUCCESS 0 condorpool - 94
1644672827 individuals_ID0000030 JOB_TERMINATED 101.0 condorpool - 99
1644672830 individuals_ID0000030 JOB_SUCCESS 0 condorpool - 99
1644672830 individuals_ID0000030 POST_SCRIPT_STARTED 101.0 condorpool - 99
1644672828 individuals_ID0000003 EXECUTE 115.0 condorpool - 113
1644672831 individuals_ID0000030 POST_SCRIPT_TERMINATED 101.0 condorpool - 99
1644672835 individuals_ID0000030 POST_SCRIPT_SUCCESS 0 condorpool - 99
1644672831 individuals_ID0000047 EXECUTE 116.0 condorpool - 114
1644672833 individuals_ID0000034 JOB_TERMINATED 98.0 condorpool - 96
1644672835 individuals_ID0000034 JOB_SUCCESS 0 condorpool - 96
1644672835 individuals_ID0000034 POST_SCRIPT_STARTED 98.0 condorpool - 96
1644672834 individuals_ID0000009 EXECUTE 118.0 condorpool - 116
1644672835 individuals_ID0000034 POST_SCRIPT_TERMINATED 98.0 condorpool - 96
1644672840 individuals_ID0000034 POST_SCRIPT_SUCCESS 0 condorpool - 96
1644672835 individuals_ID0000008 EXECUTE 117.0 condorpool - 115
1644672837 individuals_ID0000035 JOB_TERMINATED 99.0 condorpool - 97
1644672840 individuals_ID0000035 JOB_SUCCESS 0 condorpool - 97
1644672840 individuals_ID0000035 POST_SCRIPT_STARTED 99.0 condorpool - 97
1644672839 individuals_ID0000036 JOB_TERMINATED 100.0 condorpool - 98
1644672840 individuals_ID0000036 JOB_SUCCESS 0 condorpool - 98
1644672840 individuals_ID0000036 POST_SCRIPT_STARTED 100.0 condorpool - 98
1644672840 individuals_ID0000035 POST_SCRIPT_TERMINATED 99.0 condorpool - 97
1644672845 individuals_ID0000035 POST_SCRIPT_SUCCESS 0 condorpool - 97
1644672840 individuals_ID0000036 POST_SCRIPT_TERMINATED 100.0 condorpool - 98
1644672845 individuals_ID0000036 POST_SCRIPT_SUCCESS 0 condorpool - 98
1644672847 individuals_ID0000040 EXECUTE 119.0 condorpool - 117
1644672851 individuals_ID0000041 EXECUTE 120.0 condorpool - 118
1644672854 individuals_ID0000042 EXECUTE 121.0 condorpool - 119
1644672868 individuals_ID0000005 JOB_TERMINATED 106.0 condorpool - 104
1644672870 individuals_ID0000005 JOB_SUCCESS 0 condorpool - 104
1644672870 individuals_ID0000005 POST_SCRIPT_STARTED 106.0 condorpool - 104
1644672870 individuals_ID0000006 JOB_TERMINATED 108.0 condorpool - 106
1644672870 individuals_ID0000006 JOB_SUCCESS 0 condorpool - 106
1644672870 individuals_ID0000006 POST_SCRIPT_STARTED 108.0 condorpool - 106
1644672871 individuals_ID0000005 POST_SCRIPT_TERMINATED 106.0 condorpool - 104
1644672875 individuals_ID0000005 POST_SCRIPT_SUCCESS 0 condorpool - 104
1644672871 individuals_ID0000006 POST_SCRIPT_TERMINATED 108.0 condorpool - 106
1644672875 individuals_ID0000006 POST_SCRIPT_SUCCESS 0 condorpool - 106
1644672877 individuals_ID0000049 JOB_TERMINATED 107.0 condorpool - 105
1644672880 individuals_ID0000049 JOB_SUCCESS 0 condorpool - 105
1644672880 individuals_ID0000049 POST_SCRIPT_STARTED 107.0 condorpool - 105
1644672877 individuals_ID0000007 JOB_TERMINATED 109.0 condorpool - 107
1644672880 individuals_ID0000007 JOB_SUCCESS 0 condorpool - 107
1644672880 individuals_ID0000007 POST_SCRIPT_STARTED 109.0 condorpool - 107
1644672880 individuals_ID0000049 POST_SCRIPT_TERMINATED 107.0 condorpool - 105
1644672885 individuals_ID0000049 POST_SCRIPT_SUCCESS 0 condorpool - 105
1644672880 individuals_ID0000007 POST_SCRIPT_TERMINATED 109.0 condorpool - 107
1644672885 individuals_ID0000007 POST_SCRIPT_SUCCESS 0 condorpool - 107
1644672904 individuals_ID0000016 EXECUTE 124.0 condorpool - 122
1644672904 individuals_ID0000043 EXECUTE 122.0 condorpool - 120
1644672905 individuals_ID0000015 EXECUTE 123.0 condorpool - 121
1644672905 individuals_ID0000017 EXECUTE 125.0 condorpool - 123
1644673344 individuals_ID0000001 JOB_TERMINATED 111.0 condorpool - 109
1644673345 individuals_ID0000001 JOB_SUCCESS 0 condorpool - 109
1644673345 individuals_ID0000001 POST_SCRIPT_STARTED 111.0 condorpool - 109
1644673345 individuals_ID0000001 POST_SCRIPT_TERMINATED 111.0 condorpool - 109
1644673350 individuals_ID0000001 POST_SCRIPT_SUCCESS 0 condorpool - 109
1644673376 individuals_ID0000018 EXECUTE 126.0 condorpool - 124
1644673707 individuals_ID0000044 JOB_TERMINATED 110.0 condorpool - 108
1644673710 individuals_ID0000044 JOB_SUCCESS 0 condorpool - 108
1644673710 individuals_ID0000044 POST_SCRIPT_STARTED 110.0 condorpool - 108
1644673711 individuals_ID0000044 POST_SCRIPT_TERMINATED 110.0 condorpool - 108
1644673715 individuals_ID0000044 POST_SCRIPT_SUCCESS 0 condorpool - 108
1644673715 individuals_ID0000002 JOB_TERMINATED 113.0 condorpool - 111
1644673720 individuals_ID0000002 JOB_SUCCESS 0 condorpool - 111
1644673720 individuals_ID0000002 POST_SCRIPT_STARTED 113.0 condorpool - 111
1644673719 individuals_ID0000045 JOB_TERMINATED 112.0 condorpool - 110
1644673720 individuals_ID0000045 JOB_SUCCESS 0 condorpool - 110
1644673720 individuals_ID0000045 POST_SCRIPT_STARTED 112.0 condorpool - 110
1644673720 individuals_ID0000002 POST_SCRIPT_TERMINATED 113.0 condorpool - 111
1644673725 individuals_ID0000002 POST_SCRIPT_SUCCESS 0 condorpool - 111
1644673720 individuals_ID0000045 POST_SCRIPT_TERMINATED 112.0 condorpool - 110
1644673725 individuals_ID0000045 POST_SCRIPT_SUCCESS 0 condorpool - 110
1644673743 individuals_ID0000011 EXECUTE 127.0 condorpool - 125
1644673743 individuals_ID0000012 EXECUTE 128.0 condorpool - 126
1644673743 individuals_ID0000013 EXECUTE 129.0 condorpool - 127
1644673933 individuals_ID0000046 JOB_TERMINATED 114.0 condorpool - 112
1644673935 individuals_ID0000046 JOB_SUCCESS 0 condorpool - 112
1644673935 individuals_ID0000046 POST_SCRIPT_STARTED 114.0 condorpool - 112
1644673935 individuals_ID0000046 POST_SCRIPT_TERMINATED 114.0 condorpool - 112
1644673940 individuals_ID0000046 POST_SCRIPT_SUCCESS 0 condorpool - 112
1644673958 individuals_ID0000008 JOB_TERMINATED 117.0 condorpool - 115
1644673960 individuals_ID0000008 JOB_SUCCESS 0 condorpool - 115
1644673960 individuals_ID0000008 POST_SCRIPT_STARTED 117.0 condorpool - 115
1644673961 individuals_ID0000008 POST_SCRIPT_TERMINATED 117.0 condorpool - 115
1644673965 individuals_ID0000008 POST_SCRIPT_SUCCESS 0 condorpool - 115
1644673963 individuals_ID0000003 JOB_TERMINATED 115.0 condorpool - 113
1644673965 individuals_ID0000003 JOB_SUCCESS 0 condorpool - 113
1644673965 individuals_ID0000003 POST_SCRIPT_STARTED 115.0 condorpool - 113
1644673965 individuals_ID0000003 POST_SCRIPT_TERMINATED 115.0 condorpool - 113
1644673970 individuals_ID0000003 POST_SCRIPT_SUCCESS 0 condorpool - 113
1644673968 individuals_ID0000047 JOB_TERMINATED 116.0 condorpool - 114
1644673970 individuals_ID0000047 JOB_SUCCESS 0 condorpool - 114
1644673970 individuals_ID0000047 POST_SCRIPT_STARTED 116.0 condorpool - 114
1644673970 individuals_ID0000047 POST_SCRIPT_TERMINATED 116.0 condorpool - 114
1644673975 individuals_ID0000047 POST_SCRIPT_SUCCESS 0 condorpool - 114
1644673982 individuals_ID0000019 EXECUTE 131.0 condorpool - 129
1644673982 individuals_ID0000010 EXECUTE 132.0 condorpool - 130
1644673982 individuals_ID0000014 EXECUTE 130.0 condorpool - 128
1644673985 individuals_ID0000009 JOB_TERMINATED 118.0 condorpool - 116
1644673986 individuals_ID0000009 JOB_SUCCESS 0 condorpool - 116
1644673986 individuals_ID0000009 POST_SCRIPT_STARTED 118.0 condorpool - 116
1644673986 individuals_ID0000009 POST_SCRIPT_TERMINATED 118.0 condorpool - 116
1644673991 individuals_ID0000009 POST_SCRIPT_SUCCESS 0 condorpool - 116
1644673988 individuals_ID0000042 JOB_TERMINATED 121.0 condorpool - 119
1644673991 individuals_ID0000042 JOB_SUCCESS 0 condorpool - 119
1644673991 individuals_ID0000042 POST_SCRIPT_STARTED 121.0 condorpool - 119
1644673991 individuals_ID0000042 POST_SCRIPT_TERMINATED 121.0 condorpool - 119
1644673996 individuals_ID0000042 POST_SCRIPT_SUCCESS 0 condorpool - 119
1644673992 individuals_ID0000041 JOB_TERMINATED 120.0 condorpool - 118
1644673996 individuals_ID0000041 JOB_SUCCESS 0 condorpool - 118
1644673996 individuals_ID0000041 POST_SCRIPT_STARTED 120.0 condorpool - 118
1644673994 individuals_ID0000040 JOB_TERMINATED 119.0 condorpool - 117
1644673996 individuals_ID0000040 JOB_SUCCESS 0 condorpool - 117
1644673996 individuals_ID0000040 POST_SCRIPT_STARTED 119.0 condorpool - 117
1644673997 individuals_ID0000041 POST_SCRIPT_TERMINATED 120.0 condorpool - 118
1644674001 individuals_ID0000041 POST_SCRIPT_SUCCESS 0 condorpool - 118
1644673997 individuals_ID0000040 POST_SCRIPT_TERMINATED 119.0 condorpool - 117
1644674001 individuals_ID0000040 POST_SCRIPT_SUCCESS 0 condorpool - 117
1644674037 individuals_ID0000050 EXECUTE 133.0 condorpool - 131
1644674047 individuals_ID0000027 EXECUTE 135.0 condorpool - 133
1644674047 individuals_ID0000029 EXECUTE 137.0 condorpool - 135
1644674047 individuals_ID0000028 EXECUTE 136.0 condorpool - 134
1644674047 individuals_ID0000026 EXECUTE 134.0 condorpool - 132
1644674101 individuals_ID0000016 JOB_TERMINATED 124.0 condorpool - 122
1644674106 individuals_ID0000016 JOB_SUCCESS 0 condorpool - 122
1644674106 individuals_ID0000016 POST_SCRIPT_STARTED 124.0 condorpool - 122
1644674106 individuals_ID0000016 POST_SCRIPT_TERMINATED 124.0 condorpool - 122
1644674111 individuals_ID0000016 POST_SCRIPT_SUCCESS 0 condorpool - 122
1644674110 individuals_ID0000043 JOB_TERMINATED 122.0 condorpool - 120
1644674111 individuals_ID0000043 JOB_SUCCESS 0 condorpool - 120
1644674111 individuals_ID0000043 POST_SCRIPT_STARTED 122.0 condorpool - 120
1644674111 individuals_ID0000043 POST_SCRIPT_TERMINATED 122.0 condorpool - 120
1644674116 individuals_ID0000043 POST_SCRIPT_SUCCESS 0 condorpool - 120
1644674114 individuals_ID0000017 JOB_TERMINATED 125.0 condorpool - 123
1644674116 individuals_ID0000017 JOB_SUCCESS 0 condorpool - 123
1644674116 individuals_ID0000017 POST_SCRIPT_STARTED 125.0 condorpool - 123
1644674117 individuals_ID0000017 POST_SCRIPT_TERMINATED 125.0 condorpool - 123
1644674121 individuals_ID0000017 POST_SCRIPT_SUCCESS 0 condorpool - 123
1644674121 individuals_ID0000015 JOB_TERMINATED 123.0 condorpool - 121
1644674121 individuals_ID0000015 JOB_SUCCESS 0 condorpool - 121
1644674121 individuals_ID0000015 POST_SCRIPT_STARTED 123.0 condorpool - 121
1644674121 individuals_ID0000015 POST_SCRIPT_TERMINATED 123.0 condorpool - 121
1644674126 individuals_ID0000015 POST_SCRIPT_SUCCESS 0 condorpool - 121
1644674163 individuals_ID0000022 EXECUTE 138.0 condorpool - 136
1644674164 individuals_ID0000025 EXECUTE 141.0 condorpool - 139
1644674165 individuals_ID0000023 EXECUTE 139.0 condorpool - 137
1644674165 individuals_ID0000024 EXECUTE 140.0 condorpool - 138
1644674356 individuals_ID0000018 JOB_TERMINATED 126.0 condorpool - 124
1644674356 individuals_ID0000018 JOB_SUCCESS 0 condorpool - 124
1644674356 individuals_ID0000018 POST_SCRIPT_STARTED 126.0 condorpool - 124
1644674357 individuals_ID0000018 POST_SCRIPT_TERMINATED 126.0 condorpool - 124
1644674361 individuals_ID0000018 POST_SCRIPT_SUCCESS 0 condorpool - 124
1644674363 individuals_ID0000020 EXECUTE 142.0 condorpool - 140
1644674738 individuals_ID0000011 JOB_TERMINATED 127.0 condorpool - 125
1644674741 individuals_ID0000011 JOB_SUCCESS 0 condorpool - 125
1644674741 individuals_ID0000011 POST_SCRIPT_STARTED 127.0 condorpool - 125
1644674740 individuals_ID0000013 JOB_TERMINATED 129.0 condorpool - 127
1644674741 individuals_ID0000013 JOB_SUCCESS 0 condorpool - 127
1644674741 individuals_ID0000013 POST_SCRIPT_STARTED 129.0 condorpool - 127
1644674741 individuals_ID0000013 POST_SCRIPT_TERMINATED 129.0 condorpool - 127
1644674746 individuals_ID0000013 POST_SCRIPT_SUCCESS 0 condorpool - 127
1644674741 individuals_ID0000011 POST_SCRIPT_TERMINATED 127.0 condorpool - 125
1644674746 individuals_ID0000011 POST_SCRIPT_SUCCESS 0 condorpool - 125
1644674744 sifting_ID0000052 EXECUTE 144.0 condorpool - 142
1644674744 individuals_ID0000021 EXECUTE 143.0 condorpool - 141
1644674746 sifting_ID0000052 JOB_TERMINATED 144.0 condorpool - 142
1644674746 sifting_ID0000052 JOB_SUCCESS 0 condorpool - 142
1644674746 sifting_ID0000052 POST_SCRIPT_STARTED 144.0 condorpool - 142
1644674747 sifting_ID0000052 POST_SCRIPT_TERMINATED 144.0 condorpool - 142
1644674751 sifting_ID0000052 POST_SCRIPT_SUCCESS 0 condorpool - 142
1644674747 individuals_ID0000012 JOB_TERMINATED 128.0 condorpool - 126
1644674751 individuals_ID0000012 JOB_SUCCESS 0 condorpool - 126
1644674751 individuals_ID0000012 POST_SCRIPT_STARTED 128.0 condorpool - 126
1644674751 individuals_ID0000012 POST_SCRIPT_TERMINATED 128.0 condorpool - 126
1644674756 individuals_ID0000012 POST_SCRIPT_SUCCESS 0 condorpool - 126
1644675087 individuals_ID0000019 JOB_TERMINATED 131.0 condorpool - 129
1644675091 individuals_ID0000019 JOB_SUCCESS 0 condorpool - 129
1644675091 individuals_ID0000019 POST_SCRIPT_STARTED 131.0 condorpool - 129
1644675090 individuals_ID0000010 JOB_TERMINATED 132.0 condorpool - 130
1644675091 individuals_ID0000010 JOB_SUCCESS 0 condorpool - 130
1644675091 individuals_ID0000010 POST_SCRIPT_STARTED 132.0 condorpool - 130
1644675091 individuals_ID0000010 POST_SCRIPT_TERMINATED 132.0 condorpool - 130
1644675096 individuals_ID0000010 POST_SCRIPT_SUCCESS 0 condorpool - 130
1644675092 individuals_ID0000019 POST_SCRIPT_TERMINATED 131.0 condorpool - 129
1644675096 individuals_ID0000019 POST_SCRIPT_SUCCESS 0 condorpool - 129
1644675096 individuals_ID0000014 JOB_TERMINATED 130.0 condorpool - 128
1644675101 individuals_ID0000014 JOB_SUCCESS 0 condorpool - 128
1644675101 individuals_ID0000014 POST_SCRIPT_STARTED 130.0 condorpool - 128
1644675101 individuals_ID0000014 POST_SCRIPT_TERMINATED 130.0 condorpool - 128
1644675106 individuals_ID0000014 POST_SCRIPT_SUCCESS 0 condorpool - 128
1644675132 individuals_ID0000050 JOB_TERMINATED 133.0 condorpool - 131
1644675136 individuals_ID0000050 JOB_SUCCESS 0 condorpool - 131
1644675136 individuals_ID0000050 POST_SCRIPT_STARTED 133.0 condorpool - 131
1644675136 individuals_ID0000050 POST_SCRIPT_TERMINATED 133.0 condorpool - 131
1644675141 individuals_ID0000050 POST_SCRIPT_SUCCESS 0 condorpool - 131
1644675181 individuals_ID0000029 JOB_TERMINATED 137.0 condorpool - 135
1644675186 individuals_ID0000029 JOB_SUCCESS 0 condorpool - 135
1644675186 individuals_ID0000029 POST_SCRIPT_STARTED 137.0 condorpool - 135
1644675187 individuals_ID0000029 POST_SCRIPT_TERMINATED 137.0 condorpool - 135
1644675191 individuals_ID0000029 POST_SCRIPT_SUCCESS 0 condorpool - 135
1644675188 individuals_ID0000027 JOB_TERMINATED 135.0 condorpool - 133
1644675191 individuals_ID0000027 JOB_SUCCESS 0 condorpool - 133
1644675191 individuals_ID0000027 POST_SCRIPT_STARTED 135.0 condorpool - 133
1644675191 individuals_ID0000026 JOB_TERMINATED 134.0 condorpool - 132
1644675191 individuals_ID0000026 JOB_SUCCESS 0 condorpool - 132
1644675191 individuals_ID0000026 POST_SCRIPT_STARTED 134.0 condorpool - 132
1644675191 individuals_ID0000028 JOB_TERMINATED 136.0 condorpool - 134
1644675196 individuals_ID0000028 JOB_SUCCESS 0 condorpool - 134
1644675196 individuals_ID0000028 POST_SCRIPT_STARTED 136.0 condorpool - 134
1644675191 individuals_ID0000026 POST_SCRIPT_TERMINATED 134.0 condorpool - 132
1644675196 individuals_ID0000026 POST_SCRIPT_SUCCESS 0 condorpool - 132
1644675191 individuals_ID0000027 POST_SCRIPT_TERMINATED 135.0 condorpool - 133
1644675196 individuals_ID0000027 POST_SCRIPT_SUCCESS 0 condorpool - 133
1644675196 individuals_ID0000028 POST_SCRIPT_TERMINATED 136.0 condorpool - 134
1644675201 individuals_ID0000028 POST_SCRIPT_SUCCESS 0 condorpool - 134
1644675279 individuals_ID0000020 JOB_TERMINATED 142.0 condorpool - 140
1644675281 individuals_ID0000020 JOB_SUCCESS 0 condorpool - 140
1644675281 individuals_ID0000020 POST_SCRIPT_STARTED 142.0 condorpool - 140
1644675282 individuals_ID0000020 POST_SCRIPT_TERMINATED 142.0 condorpool - 140
1644675286 individuals_ID0000020 POST_SCRIPT_SUCCESS 0 condorpool - 140
1644675341 individuals_ID0000022 JOB_TERMINATED 138.0 condorpool - 136
1644675346 individuals_ID0000022 JOB_SUCCESS 0 condorpool - 136
1644675346 individuals_ID0000022 POST_SCRIPT_STARTED 138.0 condorpool - 136
1644675345 individuals_ID0000025 JOB_TERMINATED 141.0 condorpool - 139
1644675346 individuals_ID0000025 JOB_SUCCESS 0 condorpool - 139
1644675346 individuals_ID0000025 POST_SCRIPT_STARTED 141.0 condorpool - 139
1644675345 individuals_ID0000024 JOB_TERMINATED 140.0 condorpool - 138
1644675346 individuals_ID0000024 JOB_SUCCESS 0 condorpool - 138
1644675346 individuals_ID0000024 POST_SCRIPT_STARTED 140.0 condorpool - 138
1644675346 individuals_ID0000024 POST_SCRIPT_TERMINATED 140.0 condorpool - 138
1644675351 individuals_ID0000024 POST_SCRIPT_SUCCESS 0 condorpool - 138
1644675346 individuals_ID0000022 POST_SCRIPT_TERMINATED 138.0 condorpool - 136
1644675351 individuals_ID0000022 POST_SCRIPT_SUCCESS 0 condorpool - 136
1644675346 individuals_ID0000025 POST_SCRIPT_TERMINATED 141.0 condorpool - 139
1644675351 individuals_ID0000025 POST_SCRIPT_SUCCESS 0 condorpool - 139
1644675346 individuals_ID0000023 JOB_TERMINATED 139.0 condorpool - 137
1644675351 individuals_ID0000023 JOB_SUCCESS 0 condorpool - 137
1644675351 individuals_ID0000023 POST_SCRIPT_STARTED 139.0 condorpool - 137
1644675352 individuals_ID0000023 POST_SCRIPT_TERMINATED 139.0 condorpool - 137
1644675356 individuals_ID0000023 POST_SCRIPT_SUCCESS 0 condorpool - 137
1644675617 individuals_ID0000021 JOB_TERMINATED 143.0 condorpool - 141
1644675621 individuals_ID0000021 JOB_SUCCESS 0 condorpool - 141
1644675621 individuals_ID0000021 POST_SCRIPT_STARTED 143.0 condorpool - 141
1644675621 individuals_ID0000021 POST_SCRIPT_TERMINATED 143.0 condorpool - 141
1644675626 individuals_ID0000021 POST_SCRIPT_SUCCESS 0 condorpool - 141
1644675631 individuals_merge_ID0000051 SUBMIT 145.0 condorpool - 143
1644675634 individuals_merge_ID0000051 EXECUTE 145.0 condorpool - 143
1644679836 individuals_merge_ID0000051 JOB_TERMINATED 145.0 condorpool - 143
1644679840 individuals_merge_ID0000051 JOB_SUCCESS 0 condorpool - 143
1644679840 individuals_merge_ID0000051 POST_SCRIPT_STARTED 145.0 condorpool - 143
1644679840 individuals_merge_ID0000051 POST_SCRIPT_TERMINATED 145.0 condorpool - 143
1644679845 individuals_merge_ID0000051 POST_SCRIPT_SUCCESS 0 condorpool - 143
1644679850 frequency_ID0000060 SUBMIT 146.0 condorpool - 144
1644679850 frequency_ID0000062 SUBMIT 147.0 condorpool - 145
1644679850 mutation_overlap_ID0000053 SUBMIT 148.0 condorpool - 146
1644679850 frequency_ID0000058 SUBMIT 149.0 condorpool - 147
1644679850 mutation_overlap_ID0000063 SUBMIT 150.0 condorpool - 148
1644679854 mutation_overlap_ID0000063 EXECUTE 150.0 condorpool - 148
1644679854 frequency_ID0000058 EXECUTE 149.0 condorpool - 147
1644679854 frequency_ID0000060 EXECUTE 146.0 condorpool - 144
1644679854 frequency_ID0000062 EXECUTE 147.0 condorpool - 145
1644679855 mutation_overlap_ID0000053 EXECUTE 148.0 condorpool - 146
1644679856 mutation_overlap_ID0000055 SUBMIT 151.0 condorpool - 149
1644679856 mutation_overlap_ID0000065 SUBMIT 152.0 condorpool - 150
1644679856 frequency_ID0000064 SUBMIT 153.0 condorpool - 151
1644679856 frequency_ID0000054 SUBMIT 154.0 condorpool - 152
1644679856 frequency_ID0000066 SUBMIT 155.0 condorpool - 153
1644679861 frequency_ID0000056 SUBMIT 156.0 condorpool - 154
1644679861 mutation_overlap_ID0000061 SUBMIT 157.0 condorpool - 155
1644679861 mutation_overlap_ID0000057 SUBMIT 158.0 condorpool - 156
1644679861 mutation_overlap_ID0000059 SUBMIT 159.0 condorpool - 157
1644679874 mutation_overlap_ID0000059 EXECUTE 159.0 condorpool - 157
1644679875 mutation_overlap_ID0000057 EXECUTE 158.0 condorpool - 156
1644679875 frequency_ID0000054 EXECUTE 154.0 condorpool - 152
1644679875 frequency_ID0000066 EXECUTE 155.0 condorpool - 153
1644679875 mutation_overlap_ID0000061 EXECUTE 157.0 condorpool - 155
1644679876 frequency_ID0000056 EXECUTE 156.0 condorpool - 154
1644679876 mutation_overlap_ID0000065 EXECUTE 152.0 condorpool - 150
1644679876 mutation_overlap_ID0000055 EXECUTE 151.0 condorpool - 149
1644679876 frequency_ID0000064 EXECUTE 153.0 condorpool - 151
1644680048 mutation_overlap_ID0000063 JOB_TERMINATED 150.0 condorpool - 148
1644680051 mutation_overlap_ID0000063 JOB_SUCCESS 0 condorpool - 148
1644680051 mutation_overlap_ID0000063 POST_SCRIPT_STARTED 150.0 condorpool - 148
1644680051 mutation_overlap_ID0000063 POST_SCRIPT_TERMINATED 150.0 condorpool - 148
1644680056 mutation_overlap_ID0000063 POST_SCRIPT_SUCCESS 0 condorpool - 148
1644680061 mutation_overlap_ID0000053 JOB_TERMINATED 148.0 condorpool - 146
1644680061 mutation_overlap_ID0000053 JOB_SUCCESS 0 condorpool - 146
1644680061 mutation_overlap_ID0000053 POST_SCRIPT_STARTED 148.0 condorpool - 146
1644680062 mutation_overlap_ID0000053 POST_SCRIPT_TERMINATED 148.0 condorpool - 146
1644680066 mutation_overlap_ID0000053 POST_SCRIPT_SUCCESS 0 condorpool - 146
1644680069 mutation_overlap_ID0000065 JOB_TERMINATED 152.0 condorpool - 150
1644680071 mutation_overlap_ID0000065 JOB_SUCCESS 0 condorpool - 150
1644680071 mutation_overlap_ID0000065 POST_SCRIPT_STARTED 152.0 condorpool - 150
1644680071 mutation_overlap_ID0000065 POST_SCRIPT_TERMINATED 152.0 condorpool - 150
1644680076 mutation_overlap_ID0000065 POST_SCRIPT_SUCCESS 0 condorpool - 150
1644680075 mutation_overlap_ID0000055 JOB_TERMINATED 151.0 condorpool - 149
1644680076 mutation_overlap_ID0000055 JOB_SUCCESS 0 condorpool - 149
1644680076 mutation_overlap_ID0000055 POST_SCRIPT_STARTED 151.0 condorpool - 149
1644680076 mutation_overlap_ID0000059 JOB_TERMINATED 159.0 condorpool - 157
1644680081 mutation_overlap_ID0000059 JOB_SUCCESS 0 condorpool - 157
1644680081 mutation_overlap_ID0000059 POST_SCRIPT_STARTED 159.0 condorpool - 157
1644680076 mutation_overlap_ID0000055 POST_SCRIPT_TERMINATED 151.0 condorpool - 149
1644680081 mutation_overlap_ID0000055 POST_SCRIPT_SUCCESS 0 condorpool - 149
1644680077 mutation_overlap_ID0000061 JOB_TERMINATED 157.0 condorpool - 155
1644680081 mutation_overlap_ID0000061 JOB_SUCCESS 0 condorpool - 155
1644680081 mutation_overlap_ID0000061 POST_SCRIPT_STARTED 157.0 condorpool - 155
1644680081 mutation_overlap_ID0000059 POST_SCRIPT_TERMINATED 159.0 condorpool - 157
1644680086 mutation_overlap_ID0000059 POST_SCRIPT_SUCCESS 0 condorpool - 157
1644680081 mutation_overlap_ID0000061 POST_SCRIPT_TERMINATED 157.0 condorpool - 155
1644680086 mutation_overlap_ID0000061 POST_SCRIPT_SUCCESS 0 condorpool - 155
1644680141 mutation_overlap_ID0000057 JOB_TERMINATED 158.0 condorpool - 156
1644680141 mutation_overlap_ID0000057 JOB_SUCCESS 0 condorpool - 156
1644680141 mutation_overlap_ID0000057 POST_SCRIPT_STARTED 158.0 condorpool - 156
1644680142 mutation_overlap_ID0000057 POST_SCRIPT_TERMINATED 158.0 condorpool - 156
1644680146 mutation_overlap_ID0000057 POST_SCRIPT_SUCCESS 0 condorpool - 156
1644680613 frequency_ID0000064 JOB_TERMINATED 153.0 condorpool - 151
1644680616 frequency_ID0000064 JOB_SUCCESS 0 condorpool - 151
1644680616 frequency_ID0000064 POST_SCRIPT_STARTED 153.0 condorpool - 151
1644680616 frequency_ID0000064 POST_SCRIPT_TERMINATED 153.0 condorpool - 151
1644680621 frequency_ID0000064 POST_SCRIPT_SUCCESS 0 condorpool - 151
1644680676 frequency_ID0000066 JOB_TERMINATED 155.0 condorpool - 153
1644680681 frequency_ID0000066 JOB_SUCCESS 0 condorpool - 153
1644680681 frequency_ID0000066 POST_SCRIPT_STARTED 155.0 condorpool - 153
1644680681 frequency_ID0000066 POST_SCRIPT_TERMINATED 155.0 condorpool - 153
1644680686 frequency_ID0000066 POST_SCRIPT_SUCCESS 0 condorpool - 153
1644680684 frequency_ID0000060 JOB_TERMINATED 146.0 condorpool - 144
1644680686 frequency_ID0000060 JOB_SUCCESS 0 condorpool - 144
1644680686 frequency_ID0000060 POST_SCRIPT_STARTED 146.0 condorpool - 144
1644680686 frequency_ID0000060 POST_SCRIPT_TERMINATED 146.0 condorpool - 144
1644680691 frequency_ID0000060 POST_SCRIPT_SUCCESS 0 condorpool - 144
1644680748 frequency_ID0000062 JOB_TERMINATED 147.0 condorpool - 145
1644680751 frequency_ID0000062 JOB_SUCCESS 0 condorpool - 145
1644680751 frequency_ID0000062 POST_SCRIPT_STARTED 147.0 condorpool - 145
1644680752 frequency_ID0000062 POST_SCRIPT_TERMINATED 147.0 condorpool - 145
1644680756 frequency_ID0000062 POST_SCRIPT_SUCCESS 0 condorpool - 145
1644680769 frequency_ID0000056 JOB_TERMINATED 156.0 condorpool - 154
1644680771 frequency_ID0000056 JOB_SUCCESS 0 condorpool - 154
1644680771 frequency_ID0000056 POST_SCRIPT_STARTED 156.0 condorpool - 154
1644680771 frequency_ID0000056 POST_SCRIPT_TERMINATED 156.0 condorpool - 154
1644680776 frequency_ID0000056 POST_SCRIPT_SUCCESS 0 condorpool - 154
1644680804 frequency_ID0000058 JOB_TERMINATED 149.0 condorpool - 147
1644680806 frequency_ID0000058 JOB_SUCCESS 0 condorpool - 147
1644680806 frequency_ID0000058 POST_SCRIPT_STARTED 149.0 condorpool - 147
1644680807 frequency_ID0000058 POST_SCRIPT_TERMINATED 149.0 condorpool - 147
1644680811 frequency_ID0000058 POST_SCRIPT_SUCCESS 0 condorpool - 147
1644680816 stage_out_local_local_2_1 SUBMIT 160.0 local - 158
1644680816 stage_out_local_local_2_1 EXECUTE 160.0 local - 158
1644680820 stage_out_local_local_2_1 JOB_TERMINATED 160.0 local - 158
1644680821 stage_out_local_local_2_1 JOB_SUCCESS 0 local - 158
1644680821 stage_out_local_local_2_1 POST_SCRIPT_STARTED 160.0 local - 158
1644680821 stage_out_local_local_2_1 POST_SCRIPT_TERMINATED 160.0 local - 158
1644680826 stage_out_local_local_2_1 POST_SCRIPT_SUCCESS 0 local - 158
1644680862 frequency_ID0000054 JOB_TERMINATED 154.0 condorpool - 152
1644680866 frequency_ID0000054 JOB_SUCCESS 0 condorpool - 152
1644680866 frequency_ID0000054 POST_SCRIPT_STARTED 154.0 condorpool - 152
1644680867 frequency_ID0000054 POST_SCRIPT_TERMINATED 154.0 condorpool - 152
1644680871 frequency_ID0000054 POST_SCRIPT_SUCCESS 0 condorpool - 152
1644680876 stage_out_local_local_2_0 SUBMIT 161.0 local - 159
1644680876 stage_out_local_local_2_0 EXECUTE 161.0 local - 159
1644680880 stage_out_local_local_2_0 JOB_TERMINATED 161.0 local - 159
1644680881 stage_out_local_local_2_0 JOB_SUCCESS 0 local - 159
1644680881 stage_out_local_local_2_0 POST_SCRIPT_STARTED 161.0 local - 159
1644680881 stage_out_local_local_2_0 POST_SCRIPT_TERMINATED 161.0 local - 159
1644680886 stage_out_local_local_2_0 POST_SCRIPT_SUCCESS 0 local - 159
1644680891 cleanup_1000-genome_0_local SUBMIT 162.0 local - 160
1644680891 cleanup_1000-genome_0_local EXECUTE 162.0 local - 160
1644680893 cleanup_1000-genome_0_local JOB_TERMINATED 162.0 local - 160
1644680896 cleanup_1000-genome_0_local JOB_SUCCESS 0 local - 160
1644680896 cleanup_1000-genome_0_local POST_SCRIPT_STARTED 162.0 local - 160
1644680896 cleanup_1000-genome_0_local POST_SCRIPT_TERMINATED 162.0 local - 160
1644680901 cleanup_1000-genome_0_local POST_SCRIPT_SUCCESS 0 local - 160
1644680901 INTERNAL *** DAGMAN_FINISHED 0 ***
1644680903 INTERNAL *** MONITORD_FINISHED 0 ***
