1644709889 INTERNAL *** MONITORD_STARTED ***
1644709888 INTERNAL *** DAGMAN_STARTED 244.0 ***
1644709892 create_dir_1000-genome_0_local SUBMIT 245.0 local - 241
1644709894 create_dir_1000-genome_0_local EXECUTE 245.0 local - 241
1644709896 create_dir_1000-genome_0_local JOB_TERMINATED 245.0 local - 241
1644709897 create_dir_1000-genome_0_local JOB_SUCCESS 0 local - 241
1644709897 create_dir_1000-genome_0_local POST_SCRIPT_STARTED 245.0 local - 241
1644709897 create_dir_1000-genome_0_local POST_SCRIPT_TERMINATED 245.0 local - 241
1644709902 create_dir_1000-genome_0_local POST_SCRIPT_SUCCESS 0 local - 241
1644709908 stage_in_remote_local_2_0 SUBMIT 246.0 local - 242
1644709908 stage_in_remote_local_1_0 SUBMIT 247.0 local - 243
1644709908 stage_in_remote_local_2_0 EXECUTE 246.0 local - 242
1644709908 stage_in_remote_local_0_0 SUBMIT 248.0 local - 244
1644709908 stage_in_local_local_0_0 SUBMIT 249.0 local - 245
1644709908 stage_in_local_local_2_0 SUBMIT 250.0 local - 246
1644709910 stage_in_remote_local_2_0 JOB_TERMINATED 246.0 local - 242
1644709913 stage_in_remote_local_2_0 JOB_SUCCESS 0 local - 242
1644709913 stage_in_remote_local_2_0 POST_SCRIPT_STARTED 246.0 local - 242
1644709910 stage_in_local_local_2_0 EXECUTE 250.0 local - 246
1644709910 stage_in_local_local_0_0 EXECUTE 249.0 local - 245
1644709910 stage_in_remote_local_0_0 EXECUTE 248.0 local - 244
1644709910 stage_in_remote_local_1_0 EXECUTE 247.0 local - 243
1644709912 stage_in_local_local_0_0 JOB_TERMINATED 249.0 local - 245
1644709913 stage_in_local_local_0_0 JOB_SUCCESS 0 local - 245
1644709913 stage_in_local_local_0_0 POST_SCRIPT_STARTED 249.0 local - 245
1644709912 stage_in_remote_local_0_0 JOB_TERMINATED 248.0 local - 244
1644709913 stage_in_remote_local_0_0 JOB_SUCCESS 0 local - 244
1644709913 stage_in_remote_local_0_0 POST_SCRIPT_STARTED 248.0 local - 244
1644709912 stage_in_remote_local_1_0 JOB_TERMINATED 247.0 local - 243
1644709913 stage_in_remote_local_1_0 JOB_SUCCESS 0 local - 243
1644709913 stage_in_remote_local_1_0 POST_SCRIPT_STARTED 247.0 local - 243
1644709913 stage_in_remote_local_0_1 SUBMIT 251.0 local - 247
1644709913 stage_in_local_local_0_1 SUBMIT 252.0 local - 248
1644709913 stage_in_local_local_2_1 SUBMIT 253.0 local - 249
1644709913 stage_in_remote_local_2_1 SUBMIT 254.0 local - 250
1644709913 stage_in_local_local_0_2 SUBMIT 255.0 local - 251
1644709913 stage_in_remote_local_1_0 POST_SCRIPT_TERMINATED 247.0 local - 243
1644709918 stage_in_remote_local_1_0 POST_SCRIPT_SUCCESS 0 local - 243
1644709913 stage_in_remote_local_2_0 POST_SCRIPT_TERMINATED 246.0 local - 242
1644709918 stage_in_remote_local_2_0 POST_SCRIPT_SUCCESS 0 local - 242
1644709913 stage_in_local_local_0_0 POST_SCRIPT_TERMINATED 249.0 local - 245
1644709918 stage_in_local_local_0_0 POST_SCRIPT_SUCCESS 0 local - 245
1644709913 stage_in_remote_local_0_0 POST_SCRIPT_TERMINATED 248.0 local - 244
1644709918 stage_in_remote_local_0_0 POST_SCRIPT_SUCCESS 0 local - 244
1644709914 stage_in_local_local_2_0 JOB_TERMINATED 250.0 local - 246
1644709918 stage_in_local_local_2_0 JOB_SUCCESS 0 local - 246
1644709918 stage_in_local_local_2_0 POST_SCRIPT_STARTED 250.0 local - 246
1644709914 stage_in_local_local_0_2 EXECUTE 255.0 local - 251
1644709914 stage_in_remote_local_2_1 EXECUTE 254.0 local - 250
1644709914 stage_in_local_local_2_1 EXECUTE 253.0 local - 249
1644709914 stage_in_local_local_0_1 EXECUTE 252.0 local - 248
1644709914 stage_in_remote_local_0_1 EXECUTE 251.0 local - 247
1644709916 stage_in_remote_local_2_1 JOB_TERMINATED 254.0 local - 250
1644709918 stage_in_remote_local_2_1 JOB_SUCCESS 0 local - 250
1644709918 stage_in_remote_local_2_1 POST_SCRIPT_STARTED 254.0 local - 250
1644709916 stage_in_local_local_0_2 JOB_TERMINATED 255.0 local - 251
1644709918 stage_in_local_local_0_2 JOB_SUCCESS 0 local - 251
1644709918 stage_in_local_local_0_2 POST_SCRIPT_STARTED 255.0 local - 251
1644709916 stage_in_remote_local_0_1 JOB_TERMINATED 251.0 local - 247
1644709918 stage_in_remote_local_0_1 JOB_SUCCESS 0 local - 247
1644709918 stage_in_remote_local_0_1 POST_SCRIPT_STARTED 251.0 local - 247
1644709917 stage_in_local_local_0_1 JOB_TERMINATED 252.0 local - 248
1644709918 stage_in_local_local_0_1 JOB_SUCCESS 0 local - 248
1644709918 stage_in_local_local_0_1 POST_SCRIPT_STARTED 252.0 local - 248
1644709918 stage_in_remote_local_2_1 POST_SCRIPT_TERMINATED 254.0 local - 250
1644709923 stage_in_remote_local_2_1 POST_SCRIPT_SUCCESS 0 local - 250
1644709918 stage_in_remote_local_0_1 POST_SCRIPT_TERMINATED 251.0 local - 247
1644709923 stage_in_remote_local_0_1 POST_SCRIPT_SUCCESS 0 local - 247
1644709918 stage_in_local_local_2_1 JOB_TERMINATED 253.0 local - 249
1644709923 stage_in_local_local_2_1 JOB_SUCCESS 0 local - 249
1644709923 stage_in_local_local_2_1 POST_SCRIPT_STARTED 253.0 local - 249
1644709918 stage_in_local_local_2_0 POST_SCRIPT_TERMINATED 250.0 local - 246
1644709923 stage_in_local_local_2_0 POST_SCRIPT_SUCCESS 0 local - 246
1644709918 stage_in_local_local_0_2 POST_SCRIPT_TERMINATED 255.0 local - 251
1644709923 stage_in_local_local_0_2 POST_SCRIPT_SUCCESS 0 local - 251
1644709918 stage_in_local_local_0_1 POST_SCRIPT_TERMINATED 252.0 local - 248
1644709923 stage_in_local_local_0_1 POST_SCRIPT_SUCCESS 0 local - 248
1644709924 stage_in_local_local_2_1 POST_SCRIPT_TERMINATED 253.0 local - 249
1644709928 stage_in_local_local_2_1 POST_SCRIPT_SUCCESS 0 local - 249
1644709928 sifting_ID0000052 SUBMIT 256.0 condorpool - 252
1644709928 individuals_ID0000037 SUBMIT 257.0 condorpool - 253
1644709928 individuals_ID0000038 SUBMIT 258.0 condorpool - 254
1644709928 individuals_ID0000039 SUBMIT 259.0 condorpool - 255
1644709928 individuals_ID0000033 SUBMIT 260.0 condorpool - 256
1644709929 sifting_ID0000052 EXECUTE 256.0 condorpool - 252
1644709932 individuals_ID0000037 EXECUTE 257.0 condorpool - 253
1644709933 sifting_ID0000052 JOB_TERMINATED 256.0 condorpool - 252
1644709933 sifting_ID0000052 JOB_SUCCESS 0 condorpool - 252
1644709933 sifting_ID0000052 POST_SCRIPT_STARTED 256.0 condorpool - 252
1644709933 individuals_ID0000034 SUBMIT 261.0 condorpool - 257
1644709933 individuals_ID0000035 SUBMIT 262.0 condorpool - 258
1644709933 individuals_ID0000036 SUBMIT 263.0 condorpool - 259
1644709933 individuals_ID0000030 SUBMIT 264.0 condorpool - 260
1644709933 individuals_ID0000031 SUBMIT 265.0 condorpool - 261
1644709933 sifting_ID0000052 POST_SCRIPT_TERMINATED 256.0 condorpool - 252
1644709939 sifting_ID0000052 POST_SCRIPT_SUCCESS 0 condorpool - 252
1644709938 individuals_ID0000032 SUBMIT 266.0 condorpool - 262
1644709938 individuals_ID0000004 SUBMIT 267.0 condorpool - 263
1644709938 individuals_ID0000048 SUBMIT 268.0 condorpool - 264
1644709938 individuals_ID0000005 SUBMIT 269.0 condorpool - 265
1644709939 individuals_ID0000049 SUBMIT 270.0 condorpool - 266
1644709939 individuals_ID0000038 EXECUTE 258.0 condorpool - 254
1644709944 individuals_ID0000006 SUBMIT 271.0 condorpool - 267
1644709944 individuals_ID0000007 SUBMIT 272.0 condorpool - 268
1644709944 individuals_ID0000044 SUBMIT 273.0 condorpool - 269
1644709944 individuals_ID0000001 SUBMIT 274.0 condorpool - 270
1644709944 individuals_ID0000045 SUBMIT 275.0 condorpool - 271
1644709949 individuals_ID0000002 SUBMIT 276.0 condorpool - 272
1644709949 individuals_ID0000046 SUBMIT 277.0 condorpool - 273
1644709949 individuals_ID0000003 SUBMIT 278.0 condorpool - 274
1644709949 individuals_ID0000047 SUBMIT 279.0 condorpool - 275
1644709949 individuals_ID0000008 SUBMIT 280.0 condorpool - 276
1644709954 individuals_ID0000009 SUBMIT 281.0 condorpool - 277
1644709954 individuals_ID0000040 SUBMIT 282.0 condorpool - 278
1644709954 individuals_ID0000041 SUBMIT 283.0 condorpool - 279
1644709954 individuals_ID0000042 SUBMIT 284.0 condorpool - 280
1644709954 individuals_ID0000043 SUBMIT 285.0 condorpool - 281
1644709959 individuals_ID0000015 SUBMIT 286.0 condorpool - 282
1644709959 individuals_ID0000016 SUBMIT 287.0 condorpool - 283
1644709959 individuals_ID0000017 SUBMIT 288.0 condorpool - 284
1644709959 individuals_ID0000018 SUBMIT 289.0 condorpool - 285
1644709959 individuals_ID0000011 SUBMIT 290.0 condorpool - 286
1644709964 individuals_ID0000039 EXECUTE 259.0 condorpool - 255
1644709964 individuals_ID0000012 SUBMIT 291.0 condorpool - 287
1644709965 individuals_ID0000013 SUBMIT 292.0 condorpool - 288
1644709965 individuals_ID0000014 SUBMIT 293.0 condorpool - 289
1644709965 individuals_ID0000019 SUBMIT 294.0 condorpool - 290
1644709965 individuals_ID0000010 SUBMIT 295.0 condorpool - 291
1644709968 individuals_ID0000049 EXECUTE 270.0 condorpool - 266
1644709970 individuals_ID0000050 SUBMIT 296.0 condorpool - 292
1644709970 individuals_ID0000026 SUBMIT 297.0 condorpool - 293
1644709970 individuals_ID0000027 SUBMIT 298.0 condorpool - 294
1644709970 individuals_ID0000028 SUBMIT 299.0 condorpool - 295
1644709970 individuals_ID0000029 SUBMIT 300.0 condorpool - 296
1644709974 individuals_ID0000044 EXECUTE 273.0 condorpool - 269
1644709975 individuals_ID0000022 SUBMIT 301.0 condorpool - 297
1644709975 individuals_ID0000023 SUBMIT 302.0 condorpool - 298
1644709975 individuals_ID0000024 SUBMIT 303.0 condorpool - 299
1644709975 individuals_ID0000025 SUBMIT 304.0 condorpool - 300
1644709975 individuals_ID0000020 SUBMIT 305.0 condorpool - 301
1644709980 individuals_ID0000033 EXECUTE 260.0 condorpool - 256
1644709980 individuals_ID0000021 SUBMIT 306.0 condorpool - 302
1644709982 individuals_ID0000005 EXECUTE 269.0 condorpool - 265
1644709983 individuals_ID0000030 EXECUTE 264.0 condorpool - 260
1644709988 individuals_ID0000001 EXECUTE 274.0 condorpool - 270
1644709989 individuals_ID0000045 EXECUTE 275.0 condorpool - 271
1644709992 individuals_ID0000034 EXECUTE 261.0 condorpool - 257
1644709992 individuals_ID0000036 EXECUTE 263.0 condorpool - 259
1644709993 individuals_ID0000004 EXECUTE 267.0 condorpool - 263
1644709994 individuals_ID0000006 EXECUTE 271.0 condorpool - 267
1644710004 individuals_ID0000048 EXECUTE 268.0 condorpool - 264
1644710011 individuals_ID0000032 EXECUTE 266.0 condorpool - 262
1644710018 individuals_ID0000031 EXECUTE 265.0 condorpool - 261
1644710022 individuals_ID0000007 EXECUTE 272.0 condorpool - 268
1644710023 individuals_ID0000035 EXECUTE 262.0 condorpool - 258
1644710024 individuals_ID0000002 EXECUTE 276.0 condorpool - 272
1644710760 individuals_ID0000001 JOB_TERMINATED 274.0 condorpool - 270
1644710761 individuals_ID0000001 JOB_SUCCESS 0 condorpool - 270
1644710761 individuals_ID0000001 POST_SCRIPT_STARTED 274.0 condorpool - 270
1644710761 individuals_ID0000001 POST_SCRIPT_TERMINATED 274.0 condorpool - 270
1644710766 individuals_ID0000001 POST_SCRIPT_SUCCESS 0 condorpool - 270
1644710769 individuals_ID0000046 EXECUTE 277.0 condorpool - 273
1644711041 individuals_ID0000030 JOB_TERMINATED 264.0 condorpool - 260
1644711041 individuals_ID0000030 JOB_SUCCESS 0 condorpool - 260
1644711041 individuals_ID0000030 POST_SCRIPT_STARTED 264.0 condorpool - 260
1644711041 individuals_ID0000034 JOB_TERMINATED 261.0 condorpool - 257
1644711041 individuals_ID0000034 JOB_SUCCESS 0 condorpool - 257
1644711041 individuals_ID0000034 POST_SCRIPT_STARTED 261.0 condorpool - 257
1644711042 individuals_ID0000034 POST_SCRIPT_TERMINATED 261.0 condorpool - 257
1644711046 individuals_ID0000034 POST_SCRIPT_SUCCESS 0 condorpool - 257
1644711042 individuals_ID0000030 POST_SCRIPT_TERMINATED 264.0 condorpool - 260
1644711046 individuals_ID0000030 POST_SCRIPT_SUCCESS 0 condorpool - 260
1644711049 individuals_ID0000035 JOB_TERMINATED 262.0 condorpool - 258
1644711051 individuals_ID0000035 JOB_SUCCESS 0 condorpool - 258
1644711051 individuals_ID0000035 POST_SCRIPT_STARTED 262.0 condorpool - 258
1644711050 individuals_ID0000003 EXECUTE 278.0 condorpool - 274
1644711051 individuals_ID0000047 EXECUTE 279.0 condorpool - 275
1644711051 individuals_ID0000035 POST_SCRIPT_TERMINATED 262.0 condorpool - 258
1644711056 individuals_ID0000035 POST_SCRIPT_SUCCESS 0 condorpool - 258
1644711052 individuals_ID0000036 JOB_TERMINATED 263.0 condorpool - 259
1644711056 individuals_ID0000036 JOB_SUCCESS 0 condorpool - 259
1644711056 individuals_ID0000036 POST_SCRIPT_STARTED 263.0 condorpool - 259
1644711056 individuals_ID0000036 POST_SCRIPT_TERMINATED 263.0 condorpool - 259
1644711061 individuals_ID0000036 POST_SCRIPT_SUCCESS 0 condorpool - 259
1644711059 individuals_ID0000008 EXECUTE 280.0 condorpool - 276
1644711061 individuals_ID0000009 EXECUTE 281.0 condorpool - 277
1644711117 individuals_ID0000037 JOB_TERMINATED 257.0 condorpool - 253
1644711122 individuals_ID0000037 JOB_SUCCESS 0 condorpool - 253
1644711122 individuals_ID0000037 POST_SCRIPT_STARTED 257.0 condorpool - 253
1644711122 individuals_ID0000037 POST_SCRIPT_TERMINATED 257.0 condorpool - 253
1644711127 individuals_ID0000037 POST_SCRIPT_SUCCESS 0 condorpool - 253
1644711128 individuals_ID0000040 EXECUTE 282.0 condorpool - 278
1644711142 individuals_ID0000038 JOB_TERMINATED 258.0 condorpool - 254
1644711142 individuals_ID0000038 JOB_SUCCESS 0 condorpool - 254
1644711142 individuals_ID0000038 POST_SCRIPT_STARTED 258.0 condorpool - 254
1644711142 individuals_ID0000038 POST_SCRIPT_TERMINATED 258.0 condorpool - 254
1644711147 individuals_ID0000038 POST_SCRIPT_SUCCESS 0 condorpool - 254
1644711143 individuals_ID0000049 JOB_TERMINATED 270.0 condorpool - 266
1644711147 individuals_ID0000049 JOB_SUCCESS 0 condorpool - 266
1644711147 individuals_ID0000049 POST_SCRIPT_STARTED 270.0 condorpool - 266
1644711144 individuals_ID0000006 JOB_TERMINATED 271.0 condorpool - 267
1644711147 individuals_ID0000006 JOB_SUCCESS 0 condorpool - 267
1644711147 individuals_ID0000006 POST_SCRIPT_STARTED 271.0 condorpool - 267
1644711148 individuals_ID0000049 POST_SCRIPT_TERMINATED 270.0 condorpool - 266
1644711152 individuals_ID0000049 POST_SCRIPT_SUCCESS 0 condorpool - 266
1644711148 individuals_ID0000006 POST_SCRIPT_TERMINATED 271.0 condorpool - 267
1644711152 individuals_ID0000006 POST_SCRIPT_SUCCESS 0 condorpool - 267
1644711157 individuals_ID0000041 EXECUTE 283.0 condorpool - 279
1644711159 individuals_ID0000005 JOB_TERMINATED 269.0 condorpool - 265
1644711162 individuals_ID0000005 JOB_SUCCESS 0 condorpool - 265
1644711162 individuals_ID0000005 POST_SCRIPT_STARTED 269.0 condorpool - 265
1644711159 individuals_ID0000042 EXECUTE 284.0 condorpool - 280
1644711161 individuals_ID0000004 JOB_TERMINATED 267.0 condorpool - 263
1644711162 individuals_ID0000004 JOB_SUCCESS 0 condorpool - 263
1644711162 individuals_ID0000004 POST_SCRIPT_STARTED 267.0 condorpool - 263
1644711162 individuals_ID0000005 POST_SCRIPT_TERMINATED 269.0 condorpool - 265
1644711167 individuals_ID0000005 POST_SCRIPT_SUCCESS 0 condorpool - 265
1644711162 individuals_ID0000004 POST_SCRIPT_TERMINATED 267.0 condorpool - 263
1644711167 individuals_ID0000004 POST_SCRIPT_SUCCESS 0 condorpool - 263
1644711169 individuals_ID0000048 JOB_TERMINATED 268.0 condorpool - 264
1644711172 individuals_ID0000048 JOB_SUCCESS 0 condorpool - 264
1644711172 individuals_ID0000048 POST_SCRIPT_STARTED 268.0 condorpool - 264
1644711172 individuals_ID0000048 POST_SCRIPT_TERMINATED 268.0 condorpool - 264
1644711177 individuals_ID0000048 POST_SCRIPT_SUCCESS 0 condorpool - 264
1644711181 individuals_ID0000007 JOB_TERMINATED 272.0 condorpool - 268
1644711182 individuals_ID0000007 JOB_SUCCESS 0 condorpool - 268
1644711182 individuals_ID0000007 POST_SCRIPT_STARTED 272.0 condorpool - 268
1644711183 individuals_ID0000031 JOB_TERMINATED 265.0 condorpool - 261
1644711187 individuals_ID0000031 JOB_SUCCESS 0 condorpool - 261
1644711187 individuals_ID0000031 POST_SCRIPT_STARTED 265.0 condorpool - 261
1644711183 individuals_ID0000007 POST_SCRIPT_TERMINATED 272.0 condorpool - 268
1644711187 individuals_ID0000007 POST_SCRIPT_SUCCESS 0 condorpool - 268
1644711183 individuals_ID0000039 JOB_TERMINATED 259.0 condorpool - 255
1644711187 individuals_ID0000039 JOB_SUCCESS 0 condorpool - 255
1644711187 individuals_ID0000039 POST_SCRIPT_STARTED 259.0 condorpool - 255
1644711185 individuals_ID0000032 JOB_TERMINATED 266.0 condorpool - 262
1644711187 individuals_ID0000032 JOB_SUCCESS 0 condorpool - 262
1644711187 individuals_ID0000032 POST_SCRIPT_STARTED 266.0 condorpool - 262
1644711187 individuals_ID0000031 POST_SCRIPT_TERMINATED 265.0 condorpool - 261
1644711192 individuals_ID0000031 POST_SCRIPT_SUCCESS 0 condorpool - 261
1644711187 individuals_ID0000039 POST_SCRIPT_TERMINATED 259.0 condorpool - 255
1644711192 individuals_ID0000039 POST_SCRIPT_SUCCESS 0 condorpool - 255
1644711187 individuals_ID0000032 POST_SCRIPT_TERMINATED 266.0 condorpool - 262
1644711192 individuals_ID0000032 POST_SCRIPT_SUCCESS 0 condorpool - 262
1644711206 individuals_ID0000012 EXECUTE 291.0 condorpool - 287
1644711208 individuals_ID0000015 EXECUTE 286.0 condorpool - 282
1644711208 individuals_ID0000043 EXECUTE 285.0 condorpool - 281
1644711208 individuals_ID0000011 EXECUTE 290.0 condorpool - 286
1644711210 individuals_ID0000018 EXECUTE 289.0 condorpool - 285
1644711211 individuals_ID0000033 JOB_TERMINATED 260.0 condorpool - 256
1644711212 individuals_ID0000033 JOB_SUCCESS 0 condorpool - 256
1644711212 individuals_ID0000033 POST_SCRIPT_STARTED 260.0 condorpool - 256
1644711212 individuals_ID0000017 EXECUTE 288.0 condorpool - 284
1644711212 individuals_ID0000016 EXECUTE 287.0 condorpool - 283
1644711212 individuals_ID0000033 POST_SCRIPT_TERMINATED 260.0 condorpool - 256
1644711217 individuals_ID0000033 POST_SCRIPT_SUCCESS 0 condorpool - 256
1644711221 individuals_ID0000002 JOB_TERMINATED 276.0 condorpool - 272
1644711223 individuals_ID0000002 JOB_SUCCESS 0 condorpool - 272
1644711223 individuals_ID0000002 POST_SCRIPT_STARTED 276.0 condorpool - 272
1644711221 individuals_ID0000044 JOB_TERMINATED 273.0 condorpool - 269
1644711223 individuals_ID0000044 JOB_SUCCESS 0 condorpool - 269
1644711223 individuals_ID0000044 POST_SCRIPT_STARTED 273.0 condorpool - 269
1644711223 individuals_ID0000002 POST_SCRIPT_TERMINATED 276.0 condorpool - 272
1644711228 individuals_ID0000002 POST_SCRIPT_SUCCESS 0 condorpool - 272
1644711223 individuals_ID0000044 POST_SCRIPT_TERMINATED 273.0 condorpool - 269
1644711228 individuals_ID0000044 POST_SCRIPT_SUCCESS 0 condorpool - 269
1644711225 individuals_ID0000045 JOB_TERMINATED 275.0 condorpool - 271
1644711228 individuals_ID0000045 JOB_SUCCESS 0 condorpool - 271
1644711228 individuals_ID0000045 POST_SCRIPT_STARTED 275.0 condorpool - 271
1644711228 individuals_ID0000045 POST_SCRIPT_TERMINATED 275.0 condorpool - 271
1644711233 individuals_ID0000045 POST_SCRIPT_SUCCESS 0 condorpool - 271
1644711258 individuals_ID0000014 EXECUTE 293.0 condorpool - 289
1644711259 individuals_ID0000013 EXECUTE 292.0 condorpool - 288
1644711265 individuals_ID0000010 EXECUTE 295.0 condorpool - 291
1644711267 individuals_ID0000019 EXECUTE 294.0 condorpool - 290
1644711267 individuals_ID0000050 EXECUTE 296.0 condorpool - 292
1644711984 individuals_ID0000046 JOB_TERMINATED 277.0 condorpool - 273
1644711989 individuals_ID0000046 JOB_SUCCESS 0 condorpool - 273
1644711989 individuals_ID0000046 POST_SCRIPT_STARTED 277.0 condorpool - 273
1644711989 individuals_ID0000046 POST_SCRIPT_TERMINATED 277.0 condorpool - 273
1644711994 individuals_ID0000046 POST_SCRIPT_SUCCESS 0 condorpool - 273
1644712037 individuals_ID0000026 EXECUTE 297.0 condorpool - 293
1644712045 individuals_ID0000008 JOB_TERMINATED 280.0 condorpool - 276
1644712049 individuals_ID0000008 JOB_SUCCESS 0 condorpool - 276
1644712049 individuals_ID0000008 POST_SCRIPT_STARTED 280.0 condorpool - 276
1644712050 individuals_ID0000008 POST_SCRIPT_TERMINATED 280.0 condorpool - 276
1644712054 individuals_ID0000008 POST_SCRIPT_SUCCESS 0 condorpool - 276
1644712052 individuals_ID0000009 JOB_TERMINATED 281.0 condorpool - 277
1644712054 individuals_ID0000009 JOB_SUCCESS 0 condorpool - 277
1644712054 individuals_ID0000009 POST_SCRIPT_STARTED 281.0 condorpool - 277
1644712054 individuals_ID0000009 POST_SCRIPT_TERMINATED 281.0 condorpool - 277
1644712059 individuals_ID0000009 POST_SCRIPT_SUCCESS 0 condorpool - 277
1644712054 individuals_ID0000003 JOB_TERMINATED 278.0 condorpool - 274
1644712059 individuals_ID0000003 JOB_SUCCESS 0 condorpool - 274
1644712059 individuals_ID0000003 POST_SCRIPT_STARTED 278.0 condorpool - 274
1644712056 individuals_ID0000047 JOB_TERMINATED 279.0 condorpool - 275
1644712059 individuals_ID0000047 JOB_SUCCESS 0 condorpool - 275
1644712059 individuals_ID0000047 POST_SCRIPT_STARTED 279.0 condorpool - 275
1644712059 individuals_ID0000003 POST_SCRIPT_TERMINATED 278.0 condorpool - 274
1644712064 individuals_ID0000003 POST_SCRIPT_SUCCESS 0 condorpool - 274
1644712059 individuals_ID0000047 POST_SCRIPT_TERMINATED 279.0 condorpool - 275
1644712064 individuals_ID0000047 POST_SCRIPT_SUCCESS 0 condorpool - 275
1644712104 individuals_ID0000029 EXECUTE 300.0 condorpool - 296
1644712104 individuals_ID0000022 EXECUTE 301.0 condorpool - 297
1644712106 individuals_ID0000027 EXECUTE 298.0 condorpool - 294
1644712106 individuals_ID0000028 EXECUTE 299.0 condorpool - 295
1644712330 individuals_ID0000041 JOB_TERMINATED 283.0 condorpool - 279
1644712335 individuals_ID0000041 JOB_SUCCESS 0 condorpool - 279
1644712335 individuals_ID0000041 POST_SCRIPT_STARTED 283.0 condorpool - 279
1644712332 individuals_ID0000042 JOB_TERMINATED 284.0 condorpool - 280
1644712335 individuals_ID0000042 JOB_SUCCESS 0 condorpool - 280
1644712335 individuals_ID0000042 POST_SCRIPT_STARTED 284.0 condorpool - 280
1644712335 individuals_ID0000041 POST_SCRIPT_TERMINATED 283.0 condorpool - 279
1644712340 individuals_ID0000041 POST_SCRIPT_SUCCESS 0 condorpool - 279
1644712335 individuals_ID0000042 POST_SCRIPT_TERMINATED 284.0 condorpool - 280
1644712340 individuals_ID0000042 POST_SCRIPT_SUCCESS 0 condorpool - 280
1644712349 individuals_ID0000040 JOB_TERMINATED 282.0 condorpool - 278
1644712350 individuals_ID0000040 JOB_SUCCESS 0 condorpool - 278
1644712350 individuals_ID0000040 POST_SCRIPT_STARTED 282.0 condorpool - 278
1644712350 individuals_ID0000040 POST_SCRIPT_TERMINATED 282.0 condorpool - 278
1644712355 individuals_ID0000040 POST_SCRIPT_SUCCESS 0 condorpool - 278
1644712364 individuals_ID0000018 JOB_TERMINATED 289.0 condorpool - 285
1644712365 individuals_ID0000018 JOB_SUCCESS 0 condorpool - 285
1644712365 individuals_ID0000018 POST_SCRIPT_STARTED 289.0 condorpool - 285
1644712366 individuals_ID0000018 POST_SCRIPT_TERMINATED 289.0 condorpool - 285
1644712370 individuals_ID0000018 POST_SCRIPT_SUCCESS 0 condorpool - 285
1644712367 individuals_ID0000011 JOB_TERMINATED 290.0 condorpool - 286
1644712370 individuals_ID0000011 JOB_SUCCESS 0 condorpool - 286
1644712370 individuals_ID0000011 POST_SCRIPT_STARTED 290.0 condorpool - 286
1644712370 individuals_ID0000011 POST_SCRIPT_TERMINATED 290.0 condorpool - 286
1644712375 individuals_ID0000011 POST_SCRIPT_SUCCESS 0 condorpool - 286
1644712371 individuals_ID0000023 EXECUTE 302.0 condorpool - 298
1644712373 individuals_ID0000012 JOB_TERMINATED 291.0 condorpool - 287
1644712375 individuals_ID0000012 JOB_SUCCESS 0 condorpool - 287
1644712375 individuals_ID0000012 POST_SCRIPT_STARTED 291.0 condorpool - 287
1644712374 individuals_ID0000024 EXECUTE 303.0 condorpool - 299
1644712375 individuals_ID0000012 POST_SCRIPT_TERMINATED 291.0 condorpool - 287
1644712380 individuals_ID0000012 POST_SCRIPT_SUCCESS 0 condorpool - 287
1644712379 individuals_ID0000016 JOB_TERMINATED 287.0 condorpool - 283
1644712380 individuals_ID0000016 JOB_SUCCESS 0 condorpool - 283
1644712380 individuals_ID0000016 POST_SCRIPT_STARTED 287.0 condorpool - 283
1644712380 individuals_ID0000025 EXECUTE 304.0 condorpool - 300
1644712381 individuals_ID0000016 POST_SCRIPT_TERMINATED 287.0 condorpool - 283
1644712385 individuals_ID0000016 POST_SCRIPT_SUCCESS 0 condorpool - 283
1644712387 individuals_ID0000020 EXECUTE 305.0 condorpool - 301
1644712389 individuals_ID0000017 JOB_TERMINATED 288.0 condorpool - 284
1644712390 individuals_ID0000017 JOB_SUCCESS 0 condorpool - 284
1644712390 individuals_ID0000017 POST_SCRIPT_STARTED 288.0 condorpool - 284
1644712390 individuals_ID0000017 POST_SCRIPT_TERMINATED 288.0 condorpool - 284
1644712395 individuals_ID0000017 POST_SCRIPT_SUCCESS 0 condorpool - 284
1644712396 individuals_ID0000021 EXECUTE 306.0 condorpool - 302
1644712429 individuals_ID0000014 JOB_TERMINATED 293.0 condorpool - 289
1644712430 individuals_ID0000014 JOB_SUCCESS 0 condorpool - 289
1644712430 individuals_ID0000014 POST_SCRIPT_STARTED 293.0 condorpool - 289
1644712430 individuals_ID0000014 POST_SCRIPT_TERMINATED 293.0 condorpool - 289
1644712435 individuals_ID0000014 POST_SCRIPT_SUCCESS 0 condorpool - 289
1644712444 individuals_ID0000015 JOB_TERMINATED 286.0 condorpool - 282
1644712445 individuals_ID0000015 JOB_SUCCESS 0 condorpool - 282
1644712445 individuals_ID0000015 POST_SCRIPT_STARTED 286.0 condorpool - 282
1644712445 individuals_ID0000043 JOB_TERMINATED 285.0 condorpool - 281
1644712445 individuals_ID0000043 JOB_SUCCESS 0 condorpool - 281
1644712445 individuals_ID0000043 POST_SCRIPT_STARTED 285.0 condorpool - 281
1644712446 individuals_ID0000015 POST_SCRIPT_TERMINATED 286.0 condorpool - 282
1644712450 individuals_ID0000015 POST_SCRIPT_SUCCESS 0 condorpool - 282
1644712446 individuals_ID0000043 POST_SCRIPT_TERMINATED 285.0 condorpool - 281
1644712450 individuals_ID0000043 POST_SCRIPT_SUCCESS 0 condorpool - 281
1644712476 individuals_ID0000013 JOB_TERMINATED 292.0 condorpool - 288
1644712480 individuals_ID0000013 JOB_SUCCESS 0 condorpool - 288
1644712480 individuals_ID0000013 POST_SCRIPT_STARTED 292.0 condorpool - 288
1644712480 individuals_ID0000013 POST_SCRIPT_TERMINATED 292.0 condorpool - 288
1644712485 individuals_ID0000013 POST_SCRIPT_SUCCESS 0 condorpool - 288
1644712491 individuals_ID0000050 JOB_TERMINATED 296.0 condorpool - 292
1644712495 individuals_ID0000050 JOB_SUCCESS 0 condorpool - 292
1644712495 individuals_ID0000050 POST_SCRIPT_STARTED 296.0 condorpool - 292
1644712492 individuals_ID0000010 JOB_TERMINATED 295.0 condorpool - 291
1644712495 individuals_ID0000010 JOB_SUCCESS 0 condorpool - 291
1644712495 individuals_ID0000010 POST_SCRIPT_STARTED 295.0 condorpool - 291
1644712492 individuals_ID0000019 JOB_TERMINATED 294.0 condorpool - 290
1644712495 individuals_ID0000019 JOB_SUCCESS 0 condorpool - 290
1644712495 individuals_ID0000019 POST_SCRIPT_STARTED 294.0 condorpool - 290
1644712496 individuals_ID0000010 POST_SCRIPT_TERMINATED 295.0 condorpool - 291
1644712500 individuals_ID0000010 POST_SCRIPT_SUCCESS 0 condorpool - 291
1644712496 individuals_ID0000019 POST_SCRIPT_TERMINATED 294.0 condorpool - 290
1644712500 individuals_ID0000019 POST_SCRIPT_SUCCESS 0 condorpool - 290
1644712496 individuals_ID0000050 POST_SCRIPT_TERMINATED 296.0 condorpool - 292
1644712500 individuals_ID0000050 POST_SCRIPT_SUCCESS 0 condorpool - 292
1644713052 individuals_ID0000026 JOB_TERMINATED 297.0 condorpool - 293
1644713055 individuals_ID0000026 JOB_SUCCESS 0 condorpool - 293
1644713055 individuals_ID0000026 POST_SCRIPT_STARTED 297.0 condorpool - 293
1644713055 individuals_ID0000026 POST_SCRIPT_TERMINATED 297.0 condorpool - 293
1644713060 individuals_ID0000026 POST_SCRIPT_SUCCESS 0 condorpool - 293
1644713101 individuals_ID0000029 JOB_TERMINATED 300.0 condorpool - 296
1644713105 individuals_ID0000029 JOB_SUCCESS 0 condorpool - 296
1644713105 individuals_ID0000029 POST_SCRIPT_STARTED 300.0 condorpool - 296
1644713103 individuals_ID0000027 JOB_TERMINATED 298.0 condorpool - 294
1644713105 individuals_ID0000027 JOB_SUCCESS 0 condorpool - 294
1644713105 individuals_ID0000027 POST_SCRIPT_STARTED 298.0 condorpool - 294
1644713105 individuals_ID0000028 JOB_TERMINATED 299.0 condorpool - 295
1644713105 individuals_ID0000028 JOB_SUCCESS 0 condorpool - 295
1644713105 individuals_ID0000028 POST_SCRIPT_STARTED 299.0 condorpool - 295
1644713106 individuals_ID0000029 POST_SCRIPT_TERMINATED 300.0 condorpool - 296
1644713110 individuals_ID0000029 POST_SCRIPT_SUCCESS 0 condorpool - 296
1644713106 individuals_ID0000028 POST_SCRIPT_TERMINATED 299.0 condorpool - 295
1644713110 individuals_ID0000028 POST_SCRIPT_SUCCESS 0 condorpool - 295
1644713106 individuals_ID0000027 POST_SCRIPT_TERMINATED 298.0 condorpool - 294
1644713110 individuals_ID0000027 POST_SCRIPT_SUCCESS 0 condorpool - 294
1644713108 individuals_ID0000022 JOB_TERMINATED 301.0 condorpool - 297
1644713110 individuals_ID0000022 JOB_SUCCESS 0 condorpool - 297
1644713110 individuals_ID0000022 POST_SCRIPT_STARTED 301.0 condorpool - 297
1644713110 individuals_ID0000022 POST_SCRIPT_TERMINATED 301.0 condorpool - 297
1644713115 individuals_ID0000022 POST_SCRIPT_SUCCESS 0 condorpool - 297
1644713272 individuals_ID0000023 JOB_TERMINATED 302.0 condorpool - 298
1644713275 individuals_ID0000023 JOB_SUCCESS 0 condorpool - 298
1644713275 individuals_ID0000023 POST_SCRIPT_STARTED 302.0 condorpool - 298
1644713273 individuals_ID0000025 JOB_TERMINATED 304.0 condorpool - 300
1644713275 individuals_ID0000025 JOB_SUCCESS 0 condorpool - 300
1644713275 individuals_ID0000025 POST_SCRIPT_STARTED 304.0 condorpool - 300
1644713276 individuals_ID0000025 POST_SCRIPT_TERMINATED 304.0 condorpool - 300
1644713280 individuals_ID0000025 POST_SCRIPT_SUCCESS 0 condorpool - 300
1644713276 individuals_ID0000023 POST_SCRIPT_TERMINATED 302.0 condorpool - 298
1644713280 individuals_ID0000023 POST_SCRIPT_SUCCESS 0 condorpool - 298
1644713277 individuals_ID0000024 JOB_TERMINATED 303.0 condorpool - 299
1644713280 individuals_ID0000024 JOB_SUCCESS 0 condorpool - 299
1644713280 individuals_ID0000024 POST_SCRIPT_STARTED 303.0 condorpool - 299
1644713280 individuals_ID0000024 POST_SCRIPT_TERMINATED 303.0 condorpool - 299
1644713285 individuals_ID0000024 POST_SCRIPT_SUCCESS 0 condorpool - 299
1644713284 individuals_ID0000020 JOB_TERMINATED 305.0 condorpool - 301
1644713285 individuals_ID0000020 JOB_SUCCESS 0 condorpool - 301
1644713285 individuals_ID0000020 POST_SCRIPT_STARTED 305.0 condorpool - 301
1644713285 individuals_ID0000020 POST_SCRIPT_TERMINATED 305.0 condorpool - 301
1644713290 individuals_ID0000020 POST_SCRIPT_SUCCESS 0 condorpool - 301
1644713287 individuals_ID0000021 JOB_TERMINATED 306.0 condorpool - 302
1644713290 individuals_ID0000021 JOB_SUCCESS 0 condorpool - 302
1644713290 individuals_ID0000021 POST_SCRIPT_STARTED 306.0 condorpool - 302
1644713291 individuals_ID0000021 POST_SCRIPT_TERMINATED 306.0 condorpool - 302
1644713295 individuals_ID0000021 POST_SCRIPT_SUCCESS 0 condorpool - 302
1644713300 individuals_merge_ID0000051 SUBMIT 307.0 condorpool - 303
1644713303 individuals_merge_ID0000051 EXECUTE 307.0 condorpool - 303
1644717526 individuals_merge_ID0000051 JOB_TERMINATED 307.0 condorpool - 303
1644717529 individuals_merge_ID0000051 JOB_SUCCESS 0 condorpool - 303
1644717529 individuals_merge_ID0000051 POST_SCRIPT_STARTED 307.0 condorpool - 303
1644717529 individuals_merge_ID0000051 POST_SCRIPT_TERMINATED 307.0 condorpool - 303
1644717534 individuals_merge_ID0000051 POST_SCRIPT_SUCCESS 0 condorpool - 303
1644717539 frequency_ID0000060 SUBMIT 308.0 condorpool - 304
1644717539 frequency_ID0000062 SUBMIT 309.0 condorpool - 305
1644717539 mutation_overlap_ID0000053 SUBMIT 310.0 condorpool - 306
1644717539 frequency_ID0000058 SUBMIT 311.0 condorpool - 307
1644717539 mutation_overlap_ID0000063 SUBMIT 312.0 condorpool - 308
1644717540 frequency_ID0000060 EXECUTE 308.0 condorpool - 304
1644717540 frequency_ID0000062 EXECUTE 309.0 condorpool - 305
1644717544 mutation_overlap_ID0000055 SUBMIT 313.0 condorpool - 309
1644717544 mutation_overlap_ID0000065 SUBMIT 314.0 condorpool - 310
1644717544 frequency_ID0000064 SUBMIT 315.0 condorpool - 311
1644717544 frequency_ID0000054 SUBMIT 316.0 condorpool - 312
1644717544 frequency_ID0000066 SUBMIT 317.0 condorpool - 313
1644717549 frequency_ID0000056 SUBMIT 318.0 condorpool - 314
1644717549 mutation_overlap_ID0000061 SUBMIT 319.0 condorpool - 315
1644717549 mutation_overlap_ID0000057 SUBMIT 320.0 condorpool - 316
1644717549 mutation_overlap_ID0000059 SUBMIT 321.0 condorpool - 317
1644717560 mutation_overlap_ID0000053 EXECUTE 310.0 condorpool - 306
1644717561 mutation_overlap_ID0000057 EXECUTE 320.0 condorpool - 316
1644717561 mutation_overlap_ID0000059 EXECUTE 321.0 condorpool - 317
1644717561 frequency_ID0000058 EXECUTE 311.0 condorpool - 307
1644717561 frequency_ID0000056 EXECUTE 318.0 condorpool - 314
1644717562 mutation_overlap_ID0000055 EXECUTE 313.0 condorpool - 309
1644717562 mutation_overlap_ID0000061 EXECUTE 319.0 condorpool - 315
1644717562 frequency_ID0000054 EXECUTE 316.0 condorpool - 312
1644717562 frequency_ID0000066 EXECUTE 317.0 condorpool - 313
1644717562 mutation_overlap_ID0000063 EXECUTE 312.0 condorpool - 308
1644717562 mutation_overlap_ID0000065 EXECUTE 314.0 condorpool - 310
1644717562 frequency_ID0000064 EXECUTE 315.0 condorpool - 311
1644717762 mutation_overlap_ID0000065 JOB_TERMINATED 314.0 condorpool - 310
1644717765 mutation_overlap_ID0000065 JOB_SUCCESS 0 condorpool - 310
1644717765 mutation_overlap_ID0000065 POST_SCRIPT_STARTED 314.0 condorpool - 310
1644717765 mutation_overlap_ID0000065 POST_SCRIPT_TERMINATED 314.0 condorpool - 310
1644717770 mutation_overlap_ID0000065 POST_SCRIPT_SUCCESS 0 condorpool - 310
1644717765 mutation_overlap_ID0000063 JOB_TERMINATED 312.0 condorpool - 308
1644717770 mutation_overlap_ID0000063 JOB_SUCCESS 0 condorpool - 308
1644717770 mutation_overlap_ID0000063 POST_SCRIPT_STARTED 312.0 condorpool - 308
1644717766 mutation_overlap_ID0000059 JOB_TERMINATED 321.0 condorpool - 317
1644717770 mutation_overlap_ID0000059 JOB_SUCCESS 0 condorpool - 317
1644717770 mutation_overlap_ID0000059 POST_SCRIPT_STARTED 321.0 condorpool - 317
1644717767 mutation_overlap_ID0000061 JOB_TERMINATED 319.0 condorpool - 315
1644717770 mutation_overlap_ID0000061 JOB_SUCCESS 0 condorpool - 315
1644717770 mutation_overlap_ID0000061 POST_SCRIPT_STARTED 319.0 condorpool - 315
1644717768 mutation_overlap_ID0000055 JOB_TERMINATED 313.0 condorpool - 309
1644717770 mutation_overlap_ID0000055 JOB_SUCCESS 0 condorpool - 309
1644717770 mutation_overlap_ID0000055 POST_SCRIPT_STARTED 313.0 condorpool - 309
1644717770 mutation_overlap_ID0000059 POST_SCRIPT_TERMINATED 321.0 condorpool - 317
1644717775 mutation_overlap_ID0000059 POST_SCRIPT_SUCCESS 0 condorpool - 317
1644717770 mutation_overlap_ID0000063 POST_SCRIPT_TERMINATED 312.0 condorpool - 308
1644717775 mutation_overlap_ID0000063 POST_SCRIPT_SUCCESS 0 condorpool - 308
1644717770 mutation_overlap_ID0000055 POST_SCRIPT_TERMINATED 313.0 condorpool - 309
1644717775 mutation_overlap_ID0000055 POST_SCRIPT_SUCCESS 0 condorpool - 309
1644717770 mutation_overlap_ID0000061 POST_SCRIPT_TERMINATED 319.0 condorpool - 315
1644717775 mutation_overlap_ID0000061 POST_SCRIPT_SUCCESS 0 condorpool - 315
1644717772 mutation_overlap_ID0000053 JOB_TERMINATED 310.0 condorpool - 306
1644717775 mutation_overlap_ID0000053 JOB_SUCCESS 0 condorpool - 306
1644717775 mutation_overlap_ID0000053 POST_SCRIPT_STARTED 310.0 condorpool - 306
1644717775 mutation_overlap_ID0000053 POST_SCRIPT_TERMINATED 310.0 condorpool - 306
1644717780 mutation_overlap_ID0000053 POST_SCRIPT_SUCCESS 0 condorpool - 306
1644717834 mutation_overlap_ID0000057 JOB_TERMINATED 320.0 condorpool - 316
1644717835 mutation_overlap_ID0000057 JOB_SUCCESS 0 condorpool - 316
1644717835 mutation_overlap_ID0000057 POST_SCRIPT_STARTED 320.0 condorpool - 316
1644717836 mutation_overlap_ID0000057 POST_SCRIPT_TERMINATED 320.0 condorpool - 316
1644717840 mutation_overlap_ID0000057 POST_SCRIPT_SUCCESS 0 condorpool - 316
1644718326 frequency_ID0000064 JOB_TERMINATED 315.0 condorpool - 311
1644718330 frequency_ID0000064 JOB_SUCCESS 0 condorpool - 311
1644718330 frequency_ID0000064 POST_SCRIPT_STARTED 315.0 condorpool - 311
1644718331 frequency_ID0000064 POST_SCRIPT_TERMINATED 315.0 condorpool - 311
1644718335 frequency_ID0000064 POST_SCRIPT_SUCCESS 0 condorpool - 311
1644718385 frequency_ID0000060 JOB_TERMINATED 308.0 condorpool - 304
1644718390 frequency_ID0000060 JOB_SUCCESS 0 condorpool - 304
1644718390 frequency_ID0000060 POST_SCRIPT_STARTED 308.0 condorpool - 304
1644718390 frequency_ID0000060 POST_SCRIPT_TERMINATED 308.0 condorpool - 304
1644718395 frequency_ID0000060 POST_SCRIPT_SUCCESS 0 condorpool - 304
1644718391 frequency_ID0000066 JOB_TERMINATED 317.0 condorpool - 313
1644718395 frequency_ID0000066 JOB_SUCCESS 0 condorpool - 313
1644718395 frequency_ID0000066 POST_SCRIPT_STARTED 317.0 condorpool - 313
1644718395 frequency_ID0000066 POST_SCRIPT_TERMINATED 317.0 condorpool - 313
1644718400 frequency_ID0000066 POST_SCRIPT_SUCCESS 0 condorpool - 313
1644718453 frequency_ID0000062 JOB_TERMINATED 309.0 condorpool - 305
1644718456 frequency_ID0000062 JOB_SUCCESS 0 condorpool - 305
1644718456 frequency_ID0000062 POST_SCRIPT_STARTED 309.0 condorpool - 305
1644718456 frequency_ID0000062 POST_SCRIPT_TERMINATED 309.0 condorpool - 305
1644718461 frequency_ID0000062 POST_SCRIPT_SUCCESS 0 condorpool - 305
1644718487 frequency_ID0000056 JOB_TERMINATED 318.0 condorpool - 314
1644718491 frequency_ID0000056 JOB_SUCCESS 0 condorpool - 314
1644718491 frequency_ID0000056 POST_SCRIPT_STARTED 318.0 condorpool - 314
1644718491 frequency_ID0000056 POST_SCRIPT_TERMINATED 318.0 condorpool - 314
1644718496 frequency_ID0000056 POST_SCRIPT_SUCCESS 0 condorpool - 314
1644718509 frequency_ID0000058 JOB_TERMINATED 311.0 condorpool - 307
1644718511 frequency_ID0000058 JOB_SUCCESS 0 condorpool - 307
1644718511 frequency_ID0000058 POST_SCRIPT_STARTED 311.0 condorpool - 307
1644718512 frequency_ID0000058 POST_SCRIPT_TERMINATED 311.0 condorpool - 307
1644718516 frequency_ID0000058 POST_SCRIPT_SUCCESS 0 condorpool - 307
1644718521 stage_out_local_local_2_1 SUBMIT 322.0 local - 318
1644718525 stage_out_local_local_2_1 EXECUTE 322.0 local - 318
1644718529 stage_out_local_local_2_1 JOB_TERMINATED 322.0 local - 318
1644718531 stage_out_local_local_2_1 JOB_SUCCESS 0 local - 318
1644718531 stage_out_local_local_2_1 POST_SCRIPT_STARTED 322.0 local - 318
1644718531 stage_out_local_local_2_1 POST_SCRIPT_TERMINATED 322.0 local - 318
1644718536 stage_out_local_local_2_1 POST_SCRIPT_SUCCESS 0 local - 318
1644718582 frequency_ID0000054 JOB_TERMINATED 316.0 condorpool - 312
1644718586 frequency_ID0000054 JOB_SUCCESS 0 condorpool - 312
1644718586 frequency_ID0000054 POST_SCRIPT_STARTED 316.0 condorpool - 312
1644718587 frequency_ID0000054 POST_SCRIPT_TERMINATED 316.0 condorpool - 312
1644718591 frequency_ID0000054 POST_SCRIPT_SUCCESS 0 condorpool - 312
1644718596 stage_out_local_local_2_0 SUBMIT 323.0 local - 319
1644718596 stage_out_local_local_2_0 EXECUTE 323.0 local - 319
1644718600 stage_out_local_local_2_0 JOB_TERMINATED 323.0 local - 319
1644718601 stage_out_local_local_2_0 JOB_SUCCESS 0 local - 319
1644718601 stage_out_local_local_2_0 POST_SCRIPT_STARTED 323.0 local - 319
1644718601 stage_out_local_local_2_0 POST_SCRIPT_TERMINATED 323.0 local - 319
1644718606 stage_out_local_local_2_0 POST_SCRIPT_SUCCESS 0 local - 319
1644718611 cleanup_1000-genome_0_local SUBMIT 324.0 local - 320
1644718611 cleanup_1000-genome_0_local EXECUTE 324.0 local - 320
1644718613 cleanup_1000-genome_0_local JOB_TERMINATED 324.0 local - 320
1644718616 cleanup_1000-genome_0_local JOB_SUCCESS 0 local - 320
1644718616 cleanup_1000-genome_0_local POST_SCRIPT_STARTED 324.0 local - 320
1644718616 cleanup_1000-genome_0_local POST_SCRIPT_TERMINATED 324.0 local - 320
1644718621 cleanup_1000-genome_0_local POST_SCRIPT_SUCCESS 0 local - 320
1644718621 INTERNAL *** DAGMAN_FINISHED 0 ***
1644718623 INTERNAL *** MONITORD_FINISHED 0 ***
