1645051645 INTERNAL *** MONITORD_STARTED ***
1645051643 INTERNAL *** DAGMAN_STARTED 2082.0 ***
1645051647 create_dir_1000-genome_0_local SUBMIT 2083.0 local - 1
1645051648 create_dir_1000-genome_0_local EXECUTE 2083.0 local - 1
1645051650 create_dir_1000-genome_0_local JOB_TERMINATED 2083.0 local - 1
1645051652 create_dir_1000-genome_0_local JOB_SUCCESS 0 local - 1
1645051652 create_dir_1000-genome_0_local POST_SCRIPT_STARTED 2083.0 local - 1
1645051652 create_dir_1000-genome_0_local POST_SCRIPT_TERMINATED 2083.0 local - 1
1645051657 create_dir_1000-genome_0_local POST_SCRIPT_SUCCESS 0 local - 1
1645051662 stage_in_remote_local_2_0 SUBMIT 2084.0 local - 2
1645051662 stage_in_remote_local_2_0 EXECUTE 2084.0 local - 2
1645051662 stage_in_remote_local_1_0 SUBMIT 2085.0 local - 3
1645051662 stage_in_remote_local_0_0 SUBMIT 2086.0 local - 4
1645051662 stage_in_local_local_0_0 SUBMIT 2087.0 local - 5
1645051663 stage_in_local_local_2_0 SUBMIT 2088.0 local - 6
1645051665 stage_in_remote_local_2_0 JOB_TERMINATED 2084.0 local - 2
1645051668 stage_in_remote_local_2_0 JOB_SUCCESS 0 local - 2
1645051668 stage_in_remote_local_2_0 POST_SCRIPT_STARTED 2084.0 local - 2
1645051665 stage_in_local_local_2_0 EXECUTE 2088.0 local - 6
1645051665 stage_in_local_local_0_0 EXECUTE 2087.0 local - 5
1645051665 stage_in_remote_local_0_0 EXECUTE 2086.0 local - 4
1645051665 stage_in_remote_local_1_0 EXECUTE 2085.0 local - 3
1645051667 stage_in_local_local_0_0 JOB_TERMINATED 2087.0 local - 5
1645051668 stage_in_local_local_0_0 JOB_SUCCESS 0 local - 5
1645051668 stage_in_local_local_0_0 POST_SCRIPT_STARTED 2087.0 local - 5
1645051667 stage_in_remote_local_0_0 JOB_TERMINATED 2086.0 local - 4
1645051668 stage_in_remote_local_0_0 JOB_SUCCESS 0 local - 4
1645051668 stage_in_remote_local_0_0 POST_SCRIPT_STARTED 2086.0 local - 4
1645051667 stage_in_remote_local_1_0 JOB_TERMINATED 2085.0 local - 3
1645051668 stage_in_remote_local_1_0 JOB_SUCCESS 0 local - 3
1645051668 stage_in_remote_local_1_0 POST_SCRIPT_STARTED 2085.0 local - 3
1645051668 stage_in_remote_local_0_1 SUBMIT 2089.0 local - 7
1645051668 stage_in_local_local_0_1 SUBMIT 2090.0 local - 8
1645051668 stage_in_local_local_2_1 SUBMIT 2091.0 local - 9
1645051668 stage_in_remote_local_2_1 SUBMIT 2092.0 local - 10
1645051668 stage_in_local_local_0_2 SUBMIT 2093.0 local - 11
1645051668 stage_in_remote_local_0_0 POST_SCRIPT_TERMINATED 2086.0 local - 4
1645051673 stage_in_remote_local_0_0 POST_SCRIPT_SUCCESS 0 local - 4
1645051668 stage_in_local_local_0_0 POST_SCRIPT_TERMINATED 2087.0 local - 5
1645051673 stage_in_local_local_0_0 POST_SCRIPT_SUCCESS 0 local - 5
1645051668 stage_in_remote_local_2_0 POST_SCRIPT_TERMINATED 2084.0 local - 2
1645051673 stage_in_remote_local_2_0 POST_SCRIPT_SUCCESS 0 local - 2
1645051668 stage_in_remote_local_1_0 POST_SCRIPT_TERMINATED 2085.0 local - 3
1645051673 stage_in_remote_local_1_0 POST_SCRIPT_SUCCESS 0 local - 3
1645051669 stage_in_local_local_2_0 JOB_TERMINATED 2088.0 local - 6
1645051673 stage_in_local_local_2_0 JOB_SUCCESS 0 local - 6
1645051673 stage_in_local_local_2_0 POST_SCRIPT_STARTED 2088.0 local - 6
1645051669 stage_in_local_local_0_2 EXECUTE 2093.0 local - 11
1645051669 stage_in_remote_local_2_1 EXECUTE 2092.0 local - 10
1645051669 stage_in_local_local_2_1 EXECUTE 2091.0 local - 9
1645051669 stage_in_local_local_0_1 EXECUTE 2090.0 local - 8
1645051669 stage_in_remote_local_0_1 EXECUTE 2089.0 local - 7
1645051671 stage_in_local_local_0_2 JOB_TERMINATED 2093.0 local - 11
1645051673 stage_in_local_local_0_2 JOB_SUCCESS 0 local - 11
1645051673 stage_in_local_local_0_2 POST_SCRIPT_STARTED 2093.0 local - 11
1645051671 stage_in_remote_local_2_1 JOB_TERMINATED 2092.0 local - 10
1645051673 stage_in_remote_local_2_1 JOB_SUCCESS 0 local - 10
1645051673 stage_in_remote_local_2_1 POST_SCRIPT_STARTED 2092.0 local - 10
1645051671 stage_in_remote_local_0_1 JOB_TERMINATED 2089.0 local - 7
1645051673 stage_in_remote_local_0_1 JOB_SUCCESS 0 local - 7
1645051673 stage_in_remote_local_0_1 POST_SCRIPT_STARTED 2089.0 local - 7
1645051672 stage_in_local_local_0_1 JOB_TERMINATED 2090.0 local - 8
1645051673 stage_in_local_local_0_1 JOB_SUCCESS 0 local - 8
1645051673 stage_in_local_local_0_1 POST_SCRIPT_STARTED 2090.0 local - 8
1645051673 stage_in_local_local_2_1 JOB_TERMINATED 2091.0 local - 9
1645051678 stage_in_local_local_2_1 JOB_SUCCESS 0 local - 9
1645051678 stage_in_local_local_2_1 POST_SCRIPT_STARTED 2091.0 local - 9
1645051673 stage_in_local_local_0_1 POST_SCRIPT_TERMINATED 2090.0 local - 8
1645051678 stage_in_local_local_0_1 POST_SCRIPT_SUCCESS 0 local - 8
1645051673 stage_in_remote_local_0_1 POST_SCRIPT_TERMINATED 2089.0 local - 7
1645051678 stage_in_remote_local_0_1 POST_SCRIPT_SUCCESS 0 local - 7
1645051673 stage_in_local_local_2_0 POST_SCRIPT_TERMINATED 2088.0 local - 6
1645051678 stage_in_local_local_2_0 POST_SCRIPT_SUCCESS 0 local - 6
1645051673 stage_in_remote_local_2_1 POST_SCRIPT_TERMINATED 2092.0 local - 10
1645051678 stage_in_remote_local_2_1 POST_SCRIPT_SUCCESS 0 local - 10
1645051673 stage_in_local_local_0_2 POST_SCRIPT_TERMINATED 2093.0 local - 11
1645051678 stage_in_local_local_0_2 POST_SCRIPT_SUCCESS 0 local - 11
1645051678 stage_in_local_local_2_1 POST_SCRIPT_TERMINATED 2091.0 local - 9
1645051683 stage_in_local_local_2_1 POST_SCRIPT_SUCCESS 0 local - 9
1645051683 individuals_ID0000037 SUBMIT 2094.0 condorpool - 12
1645051683 individuals_ID0000038 SUBMIT 2095.0 condorpool - 13
1645051683 individuals_ID0000039 SUBMIT 2096.0 condorpool - 14
1645051683 individuals_ID0000033 SUBMIT 2097.0 condorpool - 15
1645051683 individuals_ID0000034 SUBMIT 2098.0 condorpool - 16
1645051688 individuals_ID0000035 SUBMIT 2099.0 condorpool - 17
1645051688 individuals_ID0000036 SUBMIT 2100.0 condorpool - 18
1645051688 individuals_ID0000030 SUBMIT 2101.0 condorpool - 19
1645051688 individuals_ID0000031 SUBMIT 2102.0 condorpool - 20
1645051688 individuals_ID0000032 SUBMIT 2103.0 condorpool - 21
1645051693 individuals_ID0000004 SUBMIT 2104.0 condorpool - 22
1645051693 individuals_ID0000048 SUBMIT 2105.0 condorpool - 23
1645051693 individuals_ID0000005 SUBMIT 2106.0 condorpool - 24
1645051693 individuals_ID0000049 SUBMIT 2107.0 condorpool - 25
1645051693 individuals_ID0000006 SUBMIT 2108.0 condorpool - 26
1645051698 individuals_ID0000007 SUBMIT 2109.0 condorpool - 27
1645051698 individuals_ID0000044 SUBMIT 2110.0 condorpool - 28
1645051698 individuals_ID0000001 SUBMIT 2111.0 condorpool - 29
1645051698 individuals_ID0000045 SUBMIT 2112.0 condorpool - 30
1645051698 individuals_ID0000002 SUBMIT 2113.0 condorpool - 31
1645051703 individuals_ID0000046 SUBMIT 2114.0 condorpool - 32
1645051703 individuals_ID0000003 SUBMIT 2115.0 condorpool - 33
1645051703 individuals_ID0000047 SUBMIT 2116.0 condorpool - 34
1645051703 individuals_ID0000008 SUBMIT 2117.0 condorpool - 35
1645051703 individuals_ID0000009 SUBMIT 2118.0 condorpool - 36
1645051709 individuals_ID0000040 SUBMIT 2119.0 condorpool - 37
1645051709 individuals_ID0000041 SUBMIT 2120.0 condorpool - 38
1645051709 individuals_ID0000042 SUBMIT 2121.0 condorpool - 39
1645051709 individuals_ID0000043 SUBMIT 2122.0 condorpool - 40
1645051709 individuals_ID0000015 SUBMIT 2123.0 condorpool - 41
1645051714 individuals_ID0000016 SUBMIT 2124.0 condorpool - 42
1645051714 individuals_ID0000017 SUBMIT 2125.0 condorpool - 43
1645051714 individuals_ID0000018 SUBMIT 2126.0 condorpool - 44
1645051714 individuals_ID0000011 SUBMIT 2127.0 condorpool - 45
1645051714 individuals_ID0000012 SUBMIT 2128.0 condorpool - 46
1645051719 individuals_ID0000013 SUBMIT 2129.0 condorpool - 47
1645051719 individuals_ID0000014 SUBMIT 2130.0 condorpool - 48
1645051719 individuals_ID0000019 SUBMIT 2131.0 condorpool - 49
1645051719 individuals_ID0000010 SUBMIT 2132.0 condorpool - 50
1645051719 individuals_ID0000050 SUBMIT 2133.0 condorpool - 51
1645051721 individuals_ID0000037 EXECUTE 2094.0 condorpool - 12
1645051724 individuals_ID0000026 SUBMIT 2134.0 condorpool - 52
1645051724 individuals_ID0000027 SUBMIT 2135.0 condorpool - 53
1645051724 individuals_ID0000028 SUBMIT 2136.0 condorpool - 54
1645051724 individuals_ID0000029 SUBMIT 2137.0 condorpool - 55
1645051724 individuals_ID0000022 SUBMIT 2138.0 condorpool - 56
1645051726 individuals_ID0000002 EXECUTE 2113.0 condorpool - 31
1645051726 individuals_ID0000045 EXECUTE 2112.0 condorpool - 30
1645051726 individuals_ID0000044 EXECUTE 2110.0 condorpool - 28
1645051728 individuals_ID0000032 EXECUTE 2103.0 condorpool - 21
1645051729 individuals_ID0000031 EXECUTE 2102.0 condorpool - 20
1645051729 individuals_ID0000006 EXECUTE 2108.0 condorpool - 26
1645051729 individuals_ID0000039 EXECUTE 2096.0 condorpool - 14
1645051729 individuals_ID0000023 SUBMIT 2139.0 condorpool - 57
1645051730 individuals_ID0000024 SUBMIT 2140.0 condorpool - 58
1645051730 individuals_ID0000025 SUBMIT 2141.0 condorpool - 59
1645051730 individuals_ID0000020 SUBMIT 2142.0 condorpool - 60
1645051730 individuals_ID0000021 SUBMIT 2143.0 condorpool - 61
1645051730 individuals_ID0000005 EXECUTE 2106.0 condorpool - 24
1645051735 sifting_ID0000052 SUBMIT 2144.0 condorpool - 62
1645051740 individuals_ID0000049 EXECUTE 2107.0 condorpool - 25
1645051741 individuals_ID0000036 EXECUTE 2100.0 condorpool - 18
1645051755 individuals_ID0000009 EXECUTE 2118.0 condorpool - 36
1645051759 individuals_ID0000034 EXECUTE 2098.0 condorpool - 16
1645051764 individuals_ID0000004 EXECUTE 2104.0 condorpool - 22
1645051771 individuals_ID0000048 EXECUTE 2105.0 condorpool - 23
1645051775 individuals_ID0000001 EXECUTE 2111.0 condorpool - 29
1645051780 individuals_ID0000035 EXECUTE 2099.0 condorpool - 17
1645051785 individuals_ID0000003 EXECUTE 2115.0 condorpool - 33
1645051786 individuals_ID0000038 EXECUTE 2095.0 condorpool - 13
1645051787 individuals_ID0000040 EXECUTE 2119.0 condorpool - 37
1645051787 individuals_ID0000041 EXECUTE 2120.0 condorpool - 38
1645051789 individuals_ID0000033 EXECUTE 2097.0 condorpool - 15
1645051790 individuals_ID0000030 EXECUTE 2101.0 condorpool - 19
1645051794 individuals_ID0000007 EXECUTE 2109.0 condorpool - 27
1645051799 individuals_ID0000046 EXECUTE 2114.0 condorpool - 32
1645051807 individuals_ID0000042 EXECUTE 2121.0 condorpool - 39
1645051813 individuals_ID0000008 EXECUTE 2117.0 condorpool - 35
1645051816 individuals_ID0000047 EXECUTE 2116.0 condorpool - 34
1645052454 individuals_ID0000001 JOB_TERMINATED 2111.0 condorpool - 29
1645052455 individuals_ID0000001 JOB_SUCCESS 0 condorpool - 29
1645052455 individuals_ID0000001 POST_SCRIPT_STARTED 2111.0 condorpool - 29
1645052456 individuals_ID0000001 POST_SCRIPT_TERMINATED 2111.0 condorpool - 29
1645052460 individuals_ID0000001 POST_SCRIPT_SUCCESS 0 condorpool - 29
1645052461 individuals_ID0000043 EXECUTE 2122.0 condorpool - 40
1645052838 individuals_ID0000034 JOB_TERMINATED 2098.0 condorpool - 16
1645052840 individuals_ID0000034 JOB_SUCCESS 0 condorpool - 16
1645052840 individuals_ID0000034 POST_SCRIPT_STARTED 2098.0 condorpool - 16
1645052838 individuals_ID0000030 JOB_TERMINATED 2101.0 condorpool - 19
1645052840 individuals_ID0000030 JOB_SUCCESS 0 condorpool - 19
1645052840 individuals_ID0000030 POST_SCRIPT_STARTED 2101.0 condorpool - 19
1645052838 individuals_ID0000036 JOB_TERMINATED 2100.0 condorpool - 18
1645052840 individuals_ID0000036 JOB_SUCCESS 0 condorpool - 18
1645052840 individuals_ID0000036 POST_SCRIPT_STARTED 2100.0 condorpool - 18
1645052840 individuals_ID0000036 POST_SCRIPT_TERMINATED 2100.0 condorpool - 18
1645052845 individuals_ID0000036 POST_SCRIPT_SUCCESS 0 condorpool - 18
1645052840 individuals_ID0000034 POST_SCRIPT_TERMINATED 2098.0 condorpool - 16
1645052845 individuals_ID0000034 POST_SCRIPT_SUCCESS 0 condorpool - 16
1645052840 individuals_ID0000030 POST_SCRIPT_TERMINATED 2101.0 condorpool - 19
1645052845 individuals_ID0000030 POST_SCRIPT_SUCCESS 0 condorpool - 19
1645052848 individuals_ID0000031 JOB_TERMINATED 2102.0 condorpool - 20
1645052850 individuals_ID0000031 JOB_SUCCESS 0 condorpool - 20
1645052850 individuals_ID0000031 POST_SCRIPT_STARTED 2102.0 condorpool - 20
1645052850 individuals_ID0000037 JOB_TERMINATED 2094.0 condorpool - 12
1645052850 individuals_ID0000037 JOB_SUCCESS 0 condorpool - 12
1645052850 individuals_ID0000037 POST_SCRIPT_STARTED 2094.0 condorpool - 12
1645052851 individuals_ID0000031 POST_SCRIPT_TERMINATED 2102.0 condorpool - 20
1645052855 individuals_ID0000031 POST_SCRIPT_SUCCESS 0 condorpool - 20
1645052851 individuals_ID0000037 POST_SCRIPT_TERMINATED 2094.0 condorpool - 12
1645052855 individuals_ID0000037 POST_SCRIPT_SUCCESS 0 condorpool - 12
1645052866 individuals_ID0000018 EXECUTE 2126.0 condorpool - 44
1645052867 individuals_ID0000048 JOB_TERMINATED 2105.0 condorpool - 23
1645052870 individuals_ID0000048 JOB_SUCCESS 0 condorpool - 23
1645052870 individuals_ID0000048 POST_SCRIPT_STARTED 2105.0 condorpool - 23
1645052868 individuals_ID0000015 EXECUTE 2123.0 condorpool - 41
1645052868 individuals_ID0000035 JOB_TERMINATED 2099.0 condorpool - 17
1645052870 individuals_ID0000035 JOB_SUCCESS 0 condorpool - 17
1645052870 individuals_ID0000035 POST_SCRIPT_STARTED 2099.0 condorpool - 17
1645052868 individuals_ID0000016 EXECUTE 2124.0 condorpool - 42
1645052869 individuals_ID0000017 EXECUTE 2125.0 condorpool - 43
1645052870 individuals_ID0000048 POST_SCRIPT_TERMINATED 2105.0 condorpool - 23
1645052875 individuals_ID0000048 POST_SCRIPT_SUCCESS 0 condorpool - 23
1645052870 individuals_ID0000035 POST_SCRIPT_TERMINATED 2099.0 condorpool - 17
1645052875 individuals_ID0000035 POST_SCRIPT_SUCCESS 0 condorpool - 17
1645052872 individuals_ID0000011 EXECUTE 2127.0 condorpool - 45
1645052880 individuals_ID0000012 EXECUTE 2128.0 condorpool - 46
1645052883 individuals_ID0000004 JOB_TERMINATED 2104.0 condorpool - 22
1645052885 individuals_ID0000004 JOB_SUCCESS 0 condorpool - 22
1645052885 individuals_ID0000004 POST_SCRIPT_STARTED 2104.0 condorpool - 22
1645052886 individuals_ID0000004 POST_SCRIPT_TERMINATED 2104.0 condorpool - 22
1645052890 individuals_ID0000004 POST_SCRIPT_SUCCESS 0 condorpool - 22
1645052889 individuals_ID0000013 EXECUTE 2129.0 condorpool - 47
1645052891 individuals_ID0000032 JOB_TERMINATED 2103.0 condorpool - 21
1645052895 individuals_ID0000032 JOB_SUCCESS 0 condorpool - 21
1645052895 individuals_ID0000032 POST_SCRIPT_STARTED 2103.0 condorpool - 21
1645052892 individuals_ID0000002 JOB_TERMINATED 2113.0 condorpool - 31
1645052895 individuals_ID0000002 JOB_SUCCESS 0 condorpool - 31
1645052895 individuals_ID0000002 POST_SCRIPT_STARTED 2113.0 condorpool - 31
1645052895 individuals_ID0000002 POST_SCRIPT_TERMINATED 2113.0 condorpool - 31
1645052900 individuals_ID0000002 POST_SCRIPT_SUCCESS 0 condorpool - 31
1645052895 individuals_ID0000032 POST_SCRIPT_TERMINATED 2103.0 condorpool - 21
1645052900 individuals_ID0000032 POST_SCRIPT_SUCCESS 0 condorpool - 21
1645052911 individuals_ID0000014 EXECUTE 2130.0 condorpool - 48
1645052912 individuals_ID0000039 JOB_TERMINATED 2096.0 condorpool - 14
1645052915 individuals_ID0000039 JOB_SUCCESS 0 condorpool - 14
1645052915 individuals_ID0000039 POST_SCRIPT_STARTED 2096.0 condorpool - 14
1645052914 individuals_ID0000010 EXECUTE 2132.0 condorpool - 50
1645052915 individuals_ID0000039 POST_SCRIPT_TERMINATED 2096.0 condorpool - 14
1645052920 individuals_ID0000039 POST_SCRIPT_SUCCESS 0 condorpool - 14
1645052915 individuals_ID0000044 JOB_TERMINATED 2110.0 condorpool - 28
1645052920 individuals_ID0000044 JOB_SUCCESS 0 condorpool - 28
1645052920 individuals_ID0000044 POST_SCRIPT_STARTED 2110.0 condorpool - 28
1645052916 individuals_ID0000045 JOB_TERMINATED 2112.0 condorpool - 30
1645052920 individuals_ID0000045 JOB_SUCCESS 0 condorpool - 30
1645052920 individuals_ID0000045 POST_SCRIPT_STARTED 2112.0 condorpool - 30
1645052921 individuals_ID0000044 POST_SCRIPT_TERMINATED 2110.0 condorpool - 28
1645052925 individuals_ID0000044 POST_SCRIPT_SUCCESS 0 condorpool - 28
1645052921 individuals_ID0000019 EXECUTE 2131.0 condorpool - 49
1645052921 individuals_ID0000045 POST_SCRIPT_TERMINATED 2112.0 condorpool - 30
1645052925 individuals_ID0000045 POST_SCRIPT_SUCCESS 0 condorpool - 30
1645052922 individuals_ID0000005 JOB_TERMINATED 2106.0 condorpool - 24
1645052925 individuals_ID0000005 JOB_SUCCESS 0 condorpool - 24
1645052925 individuals_ID0000005 POST_SCRIPT_STARTED 2106.0 condorpool - 24
1645052922 individuals_ID0000006 JOB_TERMINATED 2108.0 condorpool - 26
1645052925 individuals_ID0000006 JOB_SUCCESS 0 condorpool - 26
1645052925 individuals_ID0000006 POST_SCRIPT_STARTED 2108.0 condorpool - 26
1645052925 individuals_ID0000006 POST_SCRIPT_TERMINATED 2108.0 condorpool - 26
1645052930 individuals_ID0000006 POST_SCRIPT_SUCCESS 0 condorpool - 26
1645052925 individuals_ID0000005 POST_SCRIPT_TERMINATED 2106.0 condorpool - 24
1645052930 individuals_ID0000005 POST_SCRIPT_SUCCESS 0 condorpool - 24
1645052929 individuals_ID0000007 JOB_TERMINATED 2109.0 condorpool - 27
1645052930 individuals_ID0000007 JOB_SUCCESS 0 condorpool - 27
1645052930 individuals_ID0000007 POST_SCRIPT_STARTED 2109.0 condorpool - 27
1645052930 individuals_ID0000049 JOB_TERMINATED 2107.0 condorpool - 25
1645052930 individuals_ID0000049 JOB_SUCCESS 0 condorpool - 25
1645052930 individuals_ID0000049 POST_SCRIPT_STARTED 2107.0 condorpool - 25
1645052931 individuals_ID0000007 POST_SCRIPT_TERMINATED 2109.0 condorpool - 27
1645052935 individuals_ID0000007 POST_SCRIPT_SUCCESS 0 condorpool - 27
1645052931 individuals_ID0000049 POST_SCRIPT_TERMINATED 2107.0 condorpool - 25
1645052935 individuals_ID0000049 POST_SCRIPT_SUCCESS 0 condorpool - 25
1645052934 individuals_ID0000033 JOB_TERMINATED 2097.0 condorpool - 15
1645052935 individuals_ID0000033 JOB_SUCCESS 0 condorpool - 15
1645052935 individuals_ID0000033 POST_SCRIPT_STARTED 2097.0 condorpool - 15
1645052935 individuals_ID0000033 POST_SCRIPT_TERMINATED 2097.0 condorpool - 15
1645052940 individuals_ID0000033 POST_SCRIPT_SUCCESS 0 condorpool - 15
1645052937 individuals_ID0000009 JOB_TERMINATED 2118.0 condorpool - 36
1645052940 individuals_ID0000009 JOB_SUCCESS 0 condorpool - 36
1645052940 individuals_ID0000009 POST_SCRIPT_STARTED 2118.0 condorpool - 36
1645052939 individuals_ID0000038 JOB_TERMINATED 2095.0 condorpool - 13
1645052940 individuals_ID0000038 JOB_SUCCESS 0 condorpool - 13
1645052940 individuals_ID0000038 POST_SCRIPT_STARTED 2095.0 condorpool - 13
1645052940 individuals_ID0000038 POST_SCRIPT_TERMINATED 2095.0 condorpool - 13
1645052945 individuals_ID0000038 POST_SCRIPT_SUCCESS 0 condorpool - 13
1645052940 individuals_ID0000009 POST_SCRIPT_TERMINATED 2118.0 condorpool - 36
1645052945 individuals_ID0000009 POST_SCRIPT_SUCCESS 0 condorpool - 36
1645052947 individuals_ID0000003 JOB_TERMINATED 2115.0 condorpool - 33
1645052950 individuals_ID0000003 JOB_SUCCESS 0 condorpool - 33
1645052950 individuals_ID0000003 POST_SCRIPT_STARTED 2115.0 condorpool - 33
1645052951 individuals_ID0000003 POST_SCRIPT_TERMINATED 2115.0 condorpool - 33
1645052955 individuals_ID0000003 POST_SCRIPT_SUCCESS 0 condorpool - 33
1645052953 individuals_ID0000008 JOB_TERMINATED 2117.0 condorpool - 35
1645052955 individuals_ID0000008 JOB_SUCCESS 0 condorpool - 35
1645052955 individuals_ID0000008 POST_SCRIPT_STARTED 2117.0 condorpool - 35
1645052955 individuals_ID0000008 POST_SCRIPT_TERMINATED 2117.0 condorpool - 35
1645052960 individuals_ID0000008 POST_SCRIPT_SUCCESS 0 condorpool - 35
1645052956 individuals_ID0000025 EXECUTE 2141.0 condorpool - 59
1645052958 individuals_ID0000023 EXECUTE 2139.0 condorpool - 57
1645052958 individuals_ID0000024 EXECUTE 2140.0 condorpool - 58
1645052962 individuals_ID0000050 EXECUTE 2133.0 condorpool - 51
1645052965 individuals_ID0000026 EXECUTE 2134.0 condorpool - 52
1645052966 individuals_ID0000046 JOB_TERMINATED 2114.0 condorpool - 32
1645052970 individuals_ID0000046 JOB_SUCCESS 0 condorpool - 32
1645052970 individuals_ID0000046 POST_SCRIPT_STARTED 2114.0 condorpool - 32
1645052967 individuals_ID0000047 JOB_TERMINATED 2116.0 condorpool - 34
1645052970 individuals_ID0000047 JOB_SUCCESS 0 condorpool - 34
1645052970 individuals_ID0000047 POST_SCRIPT_STARTED 2116.0 condorpool - 34
1645052970 individuals_ID0000046 POST_SCRIPT_TERMINATED 2114.0 condorpool - 32
1645052975 individuals_ID0000046 POST_SCRIPT_SUCCESS 0 condorpool - 32
1645052970 individuals_ID0000047 POST_SCRIPT_TERMINATED 2116.0 condorpool - 34
1645052975 individuals_ID0000047 POST_SCRIPT_SUCCESS 0 condorpool - 34
1645052973 individuals_ID0000028 EXECUTE 2136.0 condorpool - 54
1645052973 individuals_ID0000022 EXECUTE 2138.0 condorpool - 56
1645052978 individuals_ID0000027 EXECUTE 2135.0 condorpool - 53
1645052978 individuals_ID0000029 EXECUTE 2137.0 condorpool - 55
1645052995 individuals_ID0000040 JOB_TERMINATED 2119.0 condorpool - 37
1645052995 individuals_ID0000040 JOB_SUCCESS 0 condorpool - 37
1645052995 individuals_ID0000040 POST_SCRIPT_STARTED 2119.0 condorpool - 37
1645052995 individuals_ID0000042 JOB_TERMINATED 2121.0 condorpool - 39
1645052995 individuals_ID0000042 JOB_SUCCESS 0 condorpool - 39
1645052995 individuals_ID0000042 POST_SCRIPT_STARTED 2121.0 condorpool - 39
1645052996 individuals_ID0000040 POST_SCRIPT_TERMINATED 2119.0 condorpool - 37
1645053001 individuals_ID0000040 POST_SCRIPT_SUCCESS 0 condorpool - 37
1645052996 individuals_ID0000042 POST_SCRIPT_TERMINATED 2121.0 condorpool - 39
1645053001 individuals_ID0000042 POST_SCRIPT_SUCCESS 0 condorpool - 39
1645052997 individuals_ID0000041 JOB_TERMINATED 2120.0 condorpool - 38
1645053001 individuals_ID0000041 JOB_SUCCESS 0 condorpool - 38
1645053001 individuals_ID0000041 POST_SCRIPT_STARTED 2120.0 condorpool - 38
1645053001 sifting_ID0000052 EXECUTE 2144.0 condorpool - 62
1645053001 individuals_ID0000041 POST_SCRIPT_TERMINATED 2120.0 condorpool - 38
1645053006 individuals_ID0000041 POST_SCRIPT_SUCCESS 0 condorpool - 38
1645053005 sifting_ID0000052 JOB_TERMINATED 2144.0 condorpool - 62
1645053006 sifting_ID0000052 JOB_SUCCESS 0 condorpool - 62
1645053006 sifting_ID0000052 POST_SCRIPT_STARTED 2144.0 condorpool - 62
1645053006 individuals_ID0000021 EXECUTE 2143.0 condorpool - 61
1645053006 sifting_ID0000052 POST_SCRIPT_TERMINATED 2144.0 condorpool - 62
1645053011 sifting_ID0000052 POST_SCRIPT_SUCCESS 0 condorpool - 62
1645053008 individuals_ID0000020 EXECUTE 2142.0 condorpool - 60
1645053541 individuals_ID0000043 JOB_TERMINATED 2122.0 condorpool - 40
1645053542 individuals_ID0000043 JOB_SUCCESS 0 condorpool - 40
1645053542 individuals_ID0000043 POST_SCRIPT_STARTED 2122.0 condorpool - 40
1645053542 individuals_ID0000043 POST_SCRIPT_TERMINATED 2122.0 condorpool - 40
1645053547 individuals_ID0000043 POST_SCRIPT_SUCCESS 0 condorpool - 40
1645053876 individuals_ID0000025 JOB_TERMINATED 2141.0 condorpool - 59
1645053877 individuals_ID0000025 JOB_SUCCESS 0 condorpool - 59
1645053877 individuals_ID0000025 POST_SCRIPT_STARTED 2141.0 condorpool - 59
1645053877 individuals_ID0000025 POST_SCRIPT_TERMINATED 2141.0 condorpool - 59
1645053882 individuals_ID0000025 POST_SCRIPT_SUCCESS 0 condorpool - 59
1645053902 individuals_ID0000015 JOB_TERMINATED 2123.0 condorpool - 41
1645053907 individuals_ID0000015 JOB_SUCCESS 0 condorpool - 41
1645053907 individuals_ID0000015 POST_SCRIPT_STARTED 2123.0 condorpool - 41
1645053903 individuals_ID0000016 JOB_TERMINATED 2124.0 condorpool - 42
1645053907 individuals_ID0000016 JOB_SUCCESS 0 condorpool - 42
1645053907 individuals_ID0000016 POST_SCRIPT_STARTED 2124.0 condorpool - 42
1645053907 individuals_ID0000016 POST_SCRIPT_TERMINATED 2124.0 condorpool - 42
1645053912 individuals_ID0000016 POST_SCRIPT_SUCCESS 0 condorpool - 42
1645053907 individuals_ID0000015 POST_SCRIPT_TERMINATED 2123.0 condorpool - 41
1645053912 individuals_ID0000015 POST_SCRIPT_SUCCESS 0 condorpool - 41
1645053912 individuals_ID0000013 JOB_TERMINATED 2129.0 condorpool - 47
1645053912 individuals_ID0000013 JOB_SUCCESS 0 condorpool - 47
1645053912 individuals_ID0000013 POST_SCRIPT_STARTED 2129.0 condorpool - 47
1645053913 individuals_ID0000013 POST_SCRIPT_TERMINATED 2129.0 condorpool - 47
1645053917 individuals_ID0000013 POST_SCRIPT_SUCCESS 0 condorpool - 47
1645053913 individuals_ID0000017 JOB_TERMINATED 2125.0 condorpool - 43
1645053917 individuals_ID0000017 JOB_SUCCESS 0 condorpool - 43
1645053917 individuals_ID0000017 POST_SCRIPT_STARTED 2125.0 condorpool - 43
1645053915 individuals_ID0000021 JOB_TERMINATED 2143.0 condorpool - 61
1645053917 individuals_ID0000021 JOB_SUCCESS 0 condorpool - 61
1645053917 individuals_ID0000021 POST_SCRIPT_STARTED 2143.0 condorpool - 61
1645053917 individuals_ID0000017 POST_SCRIPT_TERMINATED 2125.0 condorpool - 43
1645053922 individuals_ID0000017 POST_SCRIPT_SUCCESS 0 condorpool - 43
1645053917 individuals_ID0000021 POST_SCRIPT_TERMINATED 2143.0 condorpool - 61
1645053922 individuals_ID0000021 POST_SCRIPT_SUCCESS 0 condorpool - 61
1645053942 individuals_ID0000011 JOB_TERMINATED 2127.0 condorpool - 45
1645053942 individuals_ID0000011 JOB_SUCCESS 0 condorpool - 45
1645053942 individuals_ID0000011 POST_SCRIPT_STARTED 2127.0 condorpool - 45
1645053942 individuals_ID0000011 POST_SCRIPT_TERMINATED 2127.0 condorpool - 45
1645053947 individuals_ID0000011 POST_SCRIPT_SUCCESS 0 condorpool - 45
1645053947 individuals_ID0000010 JOB_TERMINATED 2132.0 condorpool - 50
1645053952 individuals_ID0000010 JOB_SUCCESS 0 condorpool - 50
1645053952 individuals_ID0000010 POST_SCRIPT_STARTED 2132.0 condorpool - 50
1645053952 individuals_ID0000018 JOB_TERMINATED 2126.0 condorpool - 44
1645053952 individuals_ID0000018 JOB_SUCCESS 0 condorpool - 44
1645053952 individuals_ID0000018 POST_SCRIPT_STARTED 2126.0 condorpool - 44
1645053953 individuals_ID0000010 POST_SCRIPT_TERMINATED 2132.0 condorpool - 50
1645053957 individuals_ID0000010 POST_SCRIPT_SUCCESS 0 condorpool - 50
1645053953 individuals_ID0000018 POST_SCRIPT_TERMINATED 2126.0 condorpool - 44
1645053957 individuals_ID0000018 POST_SCRIPT_SUCCESS 0 condorpool - 44
1645053962 individuals_ID0000012 JOB_TERMINATED 2128.0 condorpool - 46
1645053967 individuals_ID0000012 JOB_SUCCESS 0 condorpool - 46
1645053967 individuals_ID0000012 POST_SCRIPT_STARTED 2128.0 condorpool - 46
1645053967 individuals_ID0000012 POST_SCRIPT_TERMINATED 2128.0 condorpool - 46
1645053972 individuals_ID0000012 POST_SCRIPT_SUCCESS 0 condorpool - 46
1645053970 individuals_ID0000019 JOB_TERMINATED 2131.0 condorpool - 49
1645053972 individuals_ID0000019 JOB_SUCCESS 0 condorpool - 49
1645053972 individuals_ID0000019 POST_SCRIPT_STARTED 2131.0 condorpool - 49
1645053972 individuals_ID0000019 POST_SCRIPT_TERMINATED 2131.0 condorpool - 49
1645053977 individuals_ID0000019 POST_SCRIPT_SUCCESS 0 condorpool - 49
1645053974 individuals_ID0000014 JOB_TERMINATED 2130.0 condorpool - 48
1645053977 individuals_ID0000014 JOB_SUCCESS 0 condorpool - 48
1645053977 individuals_ID0000014 POST_SCRIPT_STARTED 2130.0 condorpool - 48
1645053978 individuals_ID0000014 POST_SCRIPT_TERMINATED 2130.0 condorpool - 48
1645053982 individuals_ID0000014 POST_SCRIPT_SUCCESS 0 condorpool - 48
1645053979 individuals_ID0000024 JOB_TERMINATED 2140.0 condorpool - 58
1645053982 individuals_ID0000024 JOB_SUCCESS 0 condorpool - 58
1645053982 individuals_ID0000024 POST_SCRIPT_STARTED 2140.0 condorpool - 58
1645053982 individuals_ID0000024 POST_SCRIPT_TERMINATED 2140.0 condorpool - 58
1645053987 individuals_ID0000024 POST_SCRIPT_SUCCESS 0 condorpool - 58
1645053985 individuals_ID0000023 JOB_TERMINATED 2139.0 condorpool - 57
1645053987 individuals_ID0000023 JOB_SUCCESS 0 condorpool - 57
1645053987 individuals_ID0000023 POST_SCRIPT_STARTED 2139.0 condorpool - 57
1645053987 individuals_ID0000023 POST_SCRIPT_TERMINATED 2139.0 condorpool - 57
1645053992 individuals_ID0000023 POST_SCRIPT_SUCCESS 0 condorpool - 57
1645054020 individuals_ID0000050 JOB_TERMINATED 2133.0 condorpool - 51
1645054022 individuals_ID0000050 JOB_SUCCESS 0 condorpool - 51
1645054022 individuals_ID0000050 POST_SCRIPT_STARTED 2133.0 condorpool - 51
1645054023 individuals_ID0000050 POST_SCRIPT_TERMINATED 2133.0 condorpool - 51
1645054027 individuals_ID0000050 POST_SCRIPT_SUCCESS 0 condorpool - 51
1645054023 individuals_ID0000026 JOB_TERMINATED 2134.0 condorpool - 52
1645054027 individuals_ID0000026 JOB_SUCCESS 0 condorpool - 52
1645054027 individuals_ID0000026 POST_SCRIPT_STARTED 2134.0 condorpool - 52
1645054023 individuals_ID0000029 JOB_TERMINATED 2137.0 condorpool - 55
1645054027 individuals_ID0000029 JOB_SUCCESS 0 condorpool - 55
1645054027 individuals_ID0000029 POST_SCRIPT_STARTED 2137.0 condorpool - 55
1645054027 individuals_ID0000029 POST_SCRIPT_TERMINATED 2137.0 condorpool - 55
1645054032 individuals_ID0000029 POST_SCRIPT_SUCCESS 0 condorpool - 55
1645054027 individuals_ID0000026 POST_SCRIPT_TERMINATED 2134.0 condorpool - 52
1645054032 individuals_ID0000026 POST_SCRIPT_SUCCESS 0 condorpool - 52
1645054030 individuals_ID0000027 JOB_TERMINATED 2135.0 condorpool - 53
1645054032 individuals_ID0000027 JOB_SUCCESS 0 condorpool - 53
1645054032 individuals_ID0000027 POST_SCRIPT_STARTED 2135.0 condorpool - 53
1645054032 individuals_ID0000027 POST_SCRIPT_TERMINATED 2135.0 condorpool - 53
1645054037 individuals_ID0000027 POST_SCRIPT_SUCCESS 0 condorpool - 53
1645054033 individuals_ID0000022 JOB_TERMINATED 2138.0 condorpool - 56
1645054037 individuals_ID0000022 JOB_SUCCESS 0 condorpool - 56
1645054037 individuals_ID0000022 POST_SCRIPT_STARTED 2138.0 condorpool - 56
1645054034 individuals_ID0000028 JOB_TERMINATED 2136.0 condorpool - 54
1645054037 individuals_ID0000028 JOB_SUCCESS 0 condorpool - 54
1645054037 individuals_ID0000028 POST_SCRIPT_STARTED 2136.0 condorpool - 54
1645054038 individuals_ID0000022 POST_SCRIPT_TERMINATED 2138.0 condorpool - 56
1645054043 individuals_ID0000022 POST_SCRIPT_SUCCESS 0 condorpool - 56
1645054038 individuals_ID0000028 POST_SCRIPT_TERMINATED 2136.0 condorpool - 54
1645054043 individuals_ID0000028 POST_SCRIPT_SUCCESS 0 condorpool - 54
1645054041 individuals_ID0000020 JOB_TERMINATED 2142.0 condorpool - 60
1645054043 individuals_ID0000020 JOB_SUCCESS 0 condorpool - 60
1645054043 individuals_ID0000020 POST_SCRIPT_STARTED 2142.0 condorpool - 60
1645054043 individuals_ID0000020 POST_SCRIPT_TERMINATED 2142.0 condorpool - 60
1645054048 individuals_ID0000020 POST_SCRIPT_SUCCESS 0 condorpool - 60
1645054053 individuals_merge_ID0000051 SUBMIT 2145.0 condorpool - 63
1645054058 individuals_merge_ID0000051 EXECUTE 2145.0 condorpool - 63
1645058300 individuals_merge_ID0000051 JOB_TERMINATED 2145.0 condorpool - 63
1645058302 individuals_merge_ID0000051 JOB_SUCCESS 0 condorpool - 63
1645058302 individuals_merge_ID0000051 POST_SCRIPT_STARTED 2145.0 condorpool - 63
1645058302 individuals_merge_ID0000051 POST_SCRIPT_TERMINATED 2145.0 condorpool - 63
1645058307 individuals_merge_ID0000051 POST_SCRIPT_SUCCESS 0 condorpool - 63
1645058312 frequency_ID0000060 SUBMIT 2146.0 condorpool - 64
1645058312 frequency_ID0000062 SUBMIT 2147.0 condorpool - 65
1645058312 mutation_overlap_ID0000053 SUBMIT 2148.0 condorpool - 66
1645058313 frequency_ID0000058 SUBMIT 2149.0 condorpool - 67
1645058313 mutation_overlap_ID0000063 SUBMIT 2150.0 condorpool - 68
1645058314 frequency_ID0000060 EXECUTE 2146.0 condorpool - 64
1645058314 frequency_ID0000062 EXECUTE 2147.0 condorpool - 65
1645058318 mutation_overlap_ID0000055 SUBMIT 2151.0 condorpool - 69
1645058318 mutation_overlap_ID0000065 SUBMIT 2152.0 condorpool - 70
1645058318 frequency_ID0000064 SUBMIT 2153.0 condorpool - 71
1645058318 frequency_ID0000054 SUBMIT 2154.0 condorpool - 72
1645058318 frequency_ID0000066 SUBMIT 2155.0 condorpool - 73
1645058323 frequency_ID0000056 SUBMIT 2156.0 condorpool - 74
1645058323 mutation_overlap_ID0000061 SUBMIT 2157.0 condorpool - 75
1645058323 mutation_overlap_ID0000057 SUBMIT 2158.0 condorpool - 76
1645058323 mutation_overlap_ID0000059 SUBMIT 2159.0 condorpool - 77
1645058334 frequency_ID0000058 EXECUTE 2149.0 condorpool - 67
1645058334 mutation_overlap_ID0000053 EXECUTE 2148.0 condorpool - 66
1645058335 mutation_overlap_ID0000057 EXECUTE 2158.0 condorpool - 76
1645058335 mutation_overlap_ID0000059 EXECUTE 2159.0 condorpool - 77
1645058335 mutation_overlap_ID0000061 EXECUTE 2157.0 condorpool - 75
1645058336 frequency_ID0000056 EXECUTE 2156.0 condorpool - 74
1645058336 frequency_ID0000054 EXECUTE 2154.0 condorpool - 72
1645058336 frequency_ID0000066 EXECUTE 2155.0 condorpool - 73
1645058336 mutation_overlap_ID0000065 EXECUTE 2152.0 condorpool - 70
1645058336 mutation_overlap_ID0000055 EXECUTE 2151.0 condorpool - 69
1645058336 frequency_ID0000064 EXECUTE 2153.0 condorpool - 71
1645058336 mutation_overlap_ID0000063 EXECUTE 2150.0 condorpool - 68
1645058536 mutation_overlap_ID0000065 JOB_TERMINATED 2152.0 condorpool - 70
1645058538 mutation_overlap_ID0000065 JOB_SUCCESS 0 condorpool - 70
1645058538 mutation_overlap_ID0000065 POST_SCRIPT_STARTED 2152.0 condorpool - 70
1645058538 mutation_overlap_ID0000065 POST_SCRIPT_TERMINATED 2152.0 condorpool - 70
1645058543 mutation_overlap_ID0000065 POST_SCRIPT_SUCCESS 0 condorpool - 70
1645058540 mutation_overlap_ID0000063 JOB_TERMINATED 2150.0 condorpool - 68
1645058543 mutation_overlap_ID0000063 JOB_SUCCESS 0 condorpool - 68
1645058543 mutation_overlap_ID0000063 POST_SCRIPT_STARTED 2150.0 condorpool - 68
1645058540 mutation_overlap_ID0000059 JOB_TERMINATED 2159.0 condorpool - 77
1645058543 mutation_overlap_ID0000059 JOB_SUCCESS 0 condorpool - 77
1645058543 mutation_overlap_ID0000059 POST_SCRIPT_STARTED 2159.0 condorpool - 77
1645058542 mutation_overlap_ID0000061 JOB_TERMINATED 2157.0 condorpool - 75
1645058543 mutation_overlap_ID0000061 JOB_SUCCESS 0 condorpool - 75
1645058543 mutation_overlap_ID0000061 POST_SCRIPT_STARTED 2157.0 condorpool - 75
1645058542 mutation_overlap_ID0000055 JOB_TERMINATED 2151.0 condorpool - 69
1645058543 mutation_overlap_ID0000055 JOB_SUCCESS 0 condorpool - 69
1645058543 mutation_overlap_ID0000055 POST_SCRIPT_STARTED 2151.0 condorpool - 69
1645058544 mutation_overlap_ID0000061 POST_SCRIPT_TERMINATED 2157.0 condorpool - 75
1645058548 mutation_overlap_ID0000061 POST_SCRIPT_SUCCESS 0 condorpool - 75
1645058544 mutation_overlap_ID0000059 POST_SCRIPT_TERMINATED 2159.0 condorpool - 77
1645058548 mutation_overlap_ID0000059 POST_SCRIPT_SUCCESS 0 condorpool - 77
1645058544 mutation_overlap_ID0000055 POST_SCRIPT_TERMINATED 2151.0 condorpool - 69
1645058548 mutation_overlap_ID0000055 POST_SCRIPT_SUCCESS 0 condorpool - 69
1645058544 mutation_overlap_ID0000063 POST_SCRIPT_TERMINATED 2150.0 condorpool - 68
1645058548 mutation_overlap_ID0000063 POST_SCRIPT_SUCCESS 0 condorpool - 68
1645058547 mutation_overlap_ID0000053 JOB_TERMINATED 2148.0 condorpool - 66
1645058548 mutation_overlap_ID0000053 JOB_SUCCESS 0 condorpool - 66
1645058548 mutation_overlap_ID0000053 POST_SCRIPT_STARTED 2148.0 condorpool - 66
1645058548 mutation_overlap_ID0000053 POST_SCRIPT_TERMINATED 2148.0 condorpool - 66
1645058553 mutation_overlap_ID0000053 POST_SCRIPT_SUCCESS 0 condorpool - 66
1645058607 mutation_overlap_ID0000057 JOB_TERMINATED 2158.0 condorpool - 76
1645058608 mutation_overlap_ID0000057 JOB_SUCCESS 0 condorpool - 76
1645058608 mutation_overlap_ID0000057 POST_SCRIPT_STARTED 2158.0 condorpool - 76
1645058608 mutation_overlap_ID0000057 POST_SCRIPT_TERMINATED 2158.0 condorpool - 76
1645058613 mutation_overlap_ID0000057 POST_SCRIPT_SUCCESS 0 condorpool - 76
1645059089 frequency_ID0000064 JOB_TERMINATED 2153.0 condorpool - 71
1645059094 frequency_ID0000064 JOB_SUCCESS 0 condorpool - 71
1645059094 frequency_ID0000064 POST_SCRIPT_STARTED 2153.0 condorpool - 71
1645059094 frequency_ID0000064 POST_SCRIPT_TERMINATED 2153.0 condorpool - 71
1645059099 frequency_ID0000064 POST_SCRIPT_SUCCESS 0 condorpool - 71
1645059148 frequency_ID0000066 JOB_TERMINATED 2155.0 condorpool - 73
1645059149 frequency_ID0000066 JOB_SUCCESS 0 condorpool - 73
1645059149 frequency_ID0000066 POST_SCRIPT_STARTED 2155.0 condorpool - 73
1645059150 frequency_ID0000066 POST_SCRIPT_TERMINATED 2155.0 condorpool - 73
1645059154 frequency_ID0000066 POST_SCRIPT_SUCCESS 0 condorpool - 73
1645059159 frequency_ID0000060 JOB_TERMINATED 2146.0 condorpool - 64
1645059159 frequency_ID0000060 JOB_SUCCESS 0 condorpool - 64
1645059159 frequency_ID0000060 POST_SCRIPT_STARTED 2146.0 condorpool - 64
1645059159 frequency_ID0000060 POST_SCRIPT_TERMINATED 2146.0 condorpool - 64
1645059164 frequency_ID0000060 POST_SCRIPT_SUCCESS 0 condorpool - 64
1645059223 frequency_ID0000062 JOB_TERMINATED 2147.0 condorpool - 65
1645059224 frequency_ID0000062 JOB_SUCCESS 0 condorpool - 65
1645059224 frequency_ID0000062 POST_SCRIPT_STARTED 2147.0 condorpool - 65
1645059225 frequency_ID0000062 POST_SCRIPT_TERMINATED 2147.0 condorpool - 65
1645059229 frequency_ID0000062 POST_SCRIPT_SUCCESS 0 condorpool - 65
1645059249 frequency_ID0000056 JOB_TERMINATED 2156.0 condorpool - 74
1645059254 frequency_ID0000056 JOB_SUCCESS 0 condorpool - 74
1645059254 frequency_ID0000056 POST_SCRIPT_STARTED 2156.0 condorpool - 74
1645059254 frequency_ID0000056 POST_SCRIPT_TERMINATED 2156.0 condorpool - 74
1645059259 frequency_ID0000056 POST_SCRIPT_SUCCESS 0 condorpool - 74
1645059279 frequency_ID0000058 JOB_TERMINATED 2149.0 condorpool - 67
1645059284 frequency_ID0000058 JOB_SUCCESS 0 condorpool - 67
1645059284 frequency_ID0000058 POST_SCRIPT_STARTED 2149.0 condorpool - 67
1645059285 frequency_ID0000058 POST_SCRIPT_TERMINATED 2149.0 condorpool - 67
1645059289 frequency_ID0000058 POST_SCRIPT_SUCCESS 0 condorpool - 67
1645059294 stage_out_local_local_2_1 SUBMIT 2160.0 local - 78
1645059294 stage_out_local_local_2_1 EXECUTE 2160.0 local - 78
1645059298 stage_out_local_local_2_1 JOB_TERMINATED 2160.0 local - 78
1645059299 stage_out_local_local_2_1 JOB_SUCCESS 0 local - 78
1645059299 stage_out_local_local_2_1 POST_SCRIPT_STARTED 2160.0 local - 78
1645059299 stage_out_local_local_2_1 POST_SCRIPT_TERMINATED 2160.0 local - 78
1645059304 stage_out_local_local_2_1 POST_SCRIPT_SUCCESS 0 local - 78
1645059347 frequency_ID0000054 JOB_TERMINATED 2154.0 condorpool - 72
1645059349 frequency_ID0000054 JOB_SUCCESS 0 condorpool - 72
1645059349 frequency_ID0000054 POST_SCRIPT_STARTED 2154.0 condorpool - 72
1645059349 frequency_ID0000054 POST_SCRIPT_TERMINATED 2154.0 condorpool - 72
1645059354 frequency_ID0000054 POST_SCRIPT_SUCCESS 0 condorpool - 72
1645059359 stage_out_local_local_2_0 SUBMIT 2161.0 local - 79
1645059359 stage_out_local_local_2_0 EXECUTE 2161.0 local - 79
1645059364 stage_out_local_local_2_0 JOB_TERMINATED 2161.0 local - 79
1645059364 stage_out_local_local_2_0 JOB_SUCCESS 0 local - 79
1645059364 stage_out_local_local_2_0 POST_SCRIPT_STARTED 2161.0 local - 79
1645059365 stage_out_local_local_2_0 POST_SCRIPT_TERMINATED 2161.0 local - 79
1645059369 stage_out_local_local_2_0 POST_SCRIPT_SUCCESS 0 local - 79
1645059374 cleanup_1000-genome_0_local SUBMIT 2162.0 local - 80
1645059374 cleanup_1000-genome_0_local EXECUTE 2162.0 local - 80
1645059376 cleanup_1000-genome_0_local JOB_TERMINATED 2162.0 local - 80
1645059379 cleanup_1000-genome_0_local JOB_SUCCESS 0 local - 80
1645059379 cleanup_1000-genome_0_local POST_SCRIPT_STARTED 2162.0 local - 80
1645059379 cleanup_1000-genome_0_local POST_SCRIPT_TERMINATED 2162.0 local - 80
1645059384 cleanup_1000-genome_0_local POST_SCRIPT_SUCCESS 0 local - 80
1645059384 INTERNAL *** DAGMAN_FINISHED 0 ***
1645059385 INTERNAL *** MONITORD_FINISHED 0 ***
