1644453429 INTERNAL *** MONITORD_STARTED ***
1644453428 INTERNAL *** DAGMAN_STARTED 1454.0 ***
1644453432 create_dir_1000-genome_0_local SUBMIT 1455.0 local - 1
1644453433 create_dir_1000-genome_0_local EXECUTE 1455.0 local - 1
1644453435 create_dir_1000-genome_0_local JOB_TERMINATED 1455.0 local - 1
1644453437 create_dir_1000-genome_0_local JOB_SUCCESS 0 local - 1
1644453437 create_dir_1000-genome_0_local POST_SCRIPT_STARTED 1455.0 local - 1
1644453437 create_dir_1000-genome_0_local POST_SCRIPT_TERMINATED 1455.0 local - 1
1644453442 create_dir_1000-genome_0_local POST_SCRIPT_SUCCESS 0 local - 1
1644453447 stage_in_remote_local_2_0 SUBMIT 1456.0 local - 2
1644453447 stage_in_remote_local_2_0 EXECUTE 1456.0 local - 2
1644453447 stage_in_remote_local_1_0 SUBMIT 1457.0 local - 3
1644453447 stage_in_remote_local_0_0 SUBMIT 1458.0 local - 4
1644453447 stage_in_local_local_0_0 SUBMIT 1459.0 local - 5
1644453447 stage_in_local_local_2_0 SUBMIT 1460.0 local - 6
1644453449 stage_in_remote_local_2_0 JOB_TERMINATED 1456.0 local - 2
1644453452 stage_in_remote_local_2_0 JOB_SUCCESS 0 local - 2
1644453452 stage_in_remote_local_2_0 POST_SCRIPT_STARTED 1456.0 local - 2
1644453449 stage_in_remote_local_1_0 EXECUTE 1457.0 local - 3
1644453449 stage_in_local_local_2_0 EXECUTE 1460.0 local - 6
1644453449 stage_in_local_local_0_0 EXECUTE 1459.0 local - 5
1644453449 stage_in_remote_local_0_0 EXECUTE 1458.0 local - 4
1644453452 stage_in_remote_local_1_0 JOB_TERMINATED 1457.0 local - 3
1644453452 stage_in_remote_local_1_0 JOB_SUCCESS 0 local - 3
1644453452 stage_in_remote_local_1_0 POST_SCRIPT_STARTED 1457.0 local - 3
1644453452 stage_in_remote_local_0_0 JOB_TERMINATED 1458.0 local - 4
1644453452 stage_in_remote_local_0_0 JOB_SUCCESS 0 local - 4
1644453452 stage_in_remote_local_0_0 POST_SCRIPT_STARTED 1458.0 local - 4
1644453452 stage_in_local_local_0_0 JOB_TERMINATED 1459.0 local - 5
1644453452 stage_in_local_local_0_0 JOB_SUCCESS 0 local - 5
1644453452 stage_in_local_local_0_0 POST_SCRIPT_STARTED 1459.0 local - 5
1644453452 stage_in_remote_local_0_1 SUBMIT 1461.0 local - 7
1644453452 stage_in_remote_local_0_1 EXECUTE 1461.0 local - 7
1644453452 stage_in_local_local_0_1 SUBMIT 1462.0 local - 8
1644453452 stage_in_local_local_0_1 EXECUTE 1462.0 local - 8
1644453452 stage_in_local_local_2_1 SUBMIT 1463.0 local - 9
1644453452 stage_in_remote_local_2_1 SUBMIT 1464.0 local - 10
1644453452 stage_in_local_local_2_1 EXECUTE 1463.0 local - 9
1644453452 stage_in_local_local_0_2 SUBMIT 1465.0 local - 11
1644453452 stage_in_remote_local_1_0 POST_SCRIPT_TERMINATED 1457.0 local - 3
1644453457 stage_in_remote_local_1_0 POST_SCRIPT_SUCCESS 0 local - 3
1644453453 stage_in_local_local_0_0 POST_SCRIPT_TERMINATED 1459.0 local - 5
1644453457 stage_in_local_local_0_0 POST_SCRIPT_SUCCESS 0 local - 5
1644453453 stage_in_remote_local_2_0 POST_SCRIPT_TERMINATED 1456.0 local - 2
1644453457 stage_in_remote_local_2_0 POST_SCRIPT_SUCCESS 0 local - 2
1644453453 stage_in_remote_local_0_0 POST_SCRIPT_TERMINATED 1458.0 local - 4
1644453457 stage_in_remote_local_0_0 POST_SCRIPT_SUCCESS 0 local - 4
1644453453 stage_in_local_local_2_0 JOB_TERMINATED 1460.0 local - 6
1644453457 stage_in_local_local_2_0 JOB_SUCCESS 0 local - 6
1644453457 stage_in_local_local_2_0 POST_SCRIPT_STARTED 1460.0 local - 6
1644453454 stage_in_local_local_0_2 EXECUTE 1465.0 local - 11
1644453454 stage_in_remote_local_2_1 EXECUTE 1464.0 local - 10
1644453454 stage_in_remote_local_0_1 JOB_TERMINATED 1461.0 local - 7
1644453457 stage_in_remote_local_0_1 JOB_SUCCESS 0 local - 7
1644453457 stage_in_remote_local_0_1 POST_SCRIPT_STARTED 1461.0 local - 7
1644453455 stage_in_local_local_0_1 JOB_TERMINATED 1462.0 local - 8
1644453457 stage_in_local_local_0_1 JOB_SUCCESS 0 local - 8
1644453457 stage_in_local_local_0_1 POST_SCRIPT_STARTED 1462.0 local - 8
1644453456 stage_in_remote_local_2_1 JOB_TERMINATED 1464.0 local - 10
1644453457 stage_in_remote_local_2_1 JOB_SUCCESS 0 local - 10
1644453457 stage_in_remote_local_2_1 POST_SCRIPT_STARTED 1464.0 local - 10
1644453456 stage_in_local_local_0_2 JOB_TERMINATED 1465.0 local - 11
1644453457 stage_in_local_local_0_2 JOB_SUCCESS 0 local - 11
1644453457 stage_in_local_local_0_2 POST_SCRIPT_STARTED 1465.0 local - 11
1644453456 stage_in_local_local_2_1 JOB_TERMINATED 1463.0 local - 9
1644453457 stage_in_local_local_2_1 JOB_SUCCESS 0 local - 9
1644453457 stage_in_local_local_2_1 POST_SCRIPT_STARTED 1463.0 local - 9
1644453457 stage_in_local_local_0_1 POST_SCRIPT_TERMINATED 1462.0 local - 8
1644453462 stage_in_local_local_0_1 POST_SCRIPT_SUCCESS 0 local - 8
1644453457 stage_in_remote_local_2_1 POST_SCRIPT_TERMINATED 1464.0 local - 10
1644453462 stage_in_remote_local_2_1 POST_SCRIPT_SUCCESS 0 local - 10
1644453457 stage_in_local_local_0_2 POST_SCRIPT_TERMINATED 1465.0 local - 11
1644453462 stage_in_local_local_0_2 POST_SCRIPT_SUCCESS 0 local - 11
1644453457 stage_in_local_local_2_1 POST_SCRIPT_TERMINATED 1463.0 local - 9
1644453462 stage_in_local_local_2_1 POST_SCRIPT_SUCCESS 0 local - 9
1644453457 stage_in_remote_local_0_1 POST_SCRIPT_TERMINATED 1461.0 local - 7
1644453462 stage_in_remote_local_0_1 POST_SCRIPT_SUCCESS 0 local - 7
1644453457 stage_in_local_local_2_0 POST_SCRIPT_TERMINATED 1460.0 local - 6
1644453462 stage_in_local_local_2_0 POST_SCRIPT_SUCCESS 0 local - 6
1644453467 individuals_ID0000037 SUBMIT 1466.0 condorpool - 12
1644453467 individuals_ID0000038 SUBMIT 1467.0 condorpool - 13
1644453467 individuals_ID0000039 SUBMIT 1468.0 condorpool - 14
1644453467 individuals_ID0000033 SUBMIT 1469.0 condorpool - 15
1644453467 individuals_ID0000034 SUBMIT 1470.0 condorpool - 16
1644453472 individuals_ID0000035 SUBMIT 1471.0 condorpool - 17
1644453472 individuals_ID0000036 SUBMIT 1472.0 condorpool - 18
1644453472 individuals_ID0000030 SUBMIT 1473.0 condorpool - 19
1644453472 individuals_ID0000031 SUBMIT 1474.0 condorpool - 20
1644453472 individuals_ID0000032 SUBMIT 1475.0 condorpool - 21
1644453477 individuals_ID0000034 EXECUTE 1470.0 condorpool - 16
1644453477 individuals_ID0000004 SUBMIT 1476.0 condorpool - 22
1644453477 individuals_ID0000048 SUBMIT 1477.0 condorpool - 23
1644453477 individuals_ID0000005 SUBMIT 1478.0 condorpool - 24
1644453477 individuals_ID0000049 SUBMIT 1479.0 condorpool - 25
1644453477 individuals_ID0000006 SUBMIT 1480.0 condorpool - 26
1644453481 individuals_ID0000033 EXECUTE 1469.0 condorpool - 15
1644453483 individuals_ID0000007 SUBMIT 1481.0 condorpool - 27
1644453483 individuals_ID0000044 SUBMIT 1482.0 condorpool - 28
1644453483 individuals_ID0000001 SUBMIT 1483.0 condorpool - 29
1644453483 individuals_ID0000045 SUBMIT 1484.0 condorpool - 30
1644453483 individuals_ID0000002 SUBMIT 1485.0 condorpool - 31
1644453486 individuals_ID0000037 EXECUTE 1466.0 condorpool - 12
1644453487 individuals_ID0000038 EXECUTE 1467.0 condorpool - 13
1644453487 individuals_ID0000039 EXECUTE 1468.0 condorpool - 14
1644453488 individuals_ID0000046 SUBMIT 1486.0 condorpool - 32
1644453488 individuals_ID0000003 SUBMIT 1487.0 condorpool - 33
1644453488 individuals_ID0000047 SUBMIT 1488.0 condorpool - 34
1644453488 individuals_ID0000008 SUBMIT 1489.0 condorpool - 35
1644453488 individuals_ID0000009 SUBMIT 1490.0 condorpool - 36
1644453493 individuals_ID0000040 SUBMIT 1491.0 condorpool - 37
1644453493 individuals_ID0000041 SUBMIT 1492.0 condorpool - 38
1644453493 individuals_ID0000042 SUBMIT 1493.0 condorpool - 39
1644453493 individuals_ID0000043 SUBMIT 1494.0 condorpool - 40
1644453493 individuals_ID0000015 SUBMIT 1495.0 condorpool - 41
1644453498 individuals_ID0000016 SUBMIT 1496.0 condorpool - 42
1644453498 individuals_ID0000017 SUBMIT 1497.0 condorpool - 43
1644453498 individuals_ID0000018 SUBMIT 1498.0 condorpool - 44
1644453498 individuals_ID0000011 SUBMIT 1499.0 condorpool - 45
1644453498 individuals_ID0000012 SUBMIT 1500.0 condorpool - 46
1644453503 individuals_ID0000013 SUBMIT 1501.0 condorpool - 47
1644453504 individuals_ID0000014 SUBMIT 1502.0 condorpool - 48
1644453504 individuals_ID0000019 SUBMIT 1503.0 condorpool - 49
1644453504 individuals_ID0000010 SUBMIT 1504.0 condorpool - 50
1644453504 individuals_ID0000050 SUBMIT 1505.0 condorpool - 51
1644453509 individuals_ID0000026 SUBMIT 1506.0 condorpool - 52
1644453509 individuals_ID0000027 SUBMIT 1507.0 condorpool - 53
1644453509 individuals_ID0000028 SUBMIT 1508.0 condorpool - 54
1644453509 individuals_ID0000029 SUBMIT 1509.0 condorpool - 55
1644453509 individuals_ID0000022 SUBMIT 1510.0 condorpool - 56
1644453511 individuals_ID0000044 EXECUTE 1482.0 condorpool - 28
1644453511 individuals_ID0000031 EXECUTE 1474.0 condorpool - 20
1644453512 individuals_ID0000035 EXECUTE 1471.0 condorpool - 17
1644453513 individuals_ID0000004 EXECUTE 1476.0 condorpool - 22
1644453513 individuals_ID0000032 EXECUTE 1475.0 condorpool - 21
1644453514 individuals_ID0000023 SUBMIT 1511.0 condorpool - 57
1644453514 individuals_ID0000024 SUBMIT 1512.0 condorpool - 58
1644453514 individuals_ID0000025 SUBMIT 1513.0 condorpool - 59
1644453514 individuals_ID0000020 SUBMIT 1514.0 condorpool - 60
1644453514 individuals_ID0000021 SUBMIT 1515.0 condorpool - 61
1644453519 sifting_ID0000052 SUBMIT 1516.0 condorpool - 62
1644453528 individuals_ID0000005 EXECUTE 1478.0 condorpool - 24
1644453539 individuals_ID0000002 EXECUTE 1485.0 condorpool - 31
1644453539 individuals_ID0000001 EXECUTE 1483.0 condorpool - 29
1644453539 individuals_ID0000045 EXECUTE 1484.0 condorpool - 30
1644453539 individuals_ID0000030 EXECUTE 1473.0 condorpool - 19
1644453539 individuals_ID0000036 EXECUTE 1472.0 condorpool - 18
1644453548 individuals_ID0000006 EXECUTE 1480.0 condorpool - 26
1644453549 individuals_ID0000048 EXECUTE 1477.0 condorpool - 23
1644453558 individuals_ID0000016 EXECUTE 1496.0 condorpool - 42
1644453560 individuals_ID0000049 EXECUTE 1479.0 condorpool - 25
1644453562 individuals_ID0000017 EXECUTE 1497.0 condorpool - 43
1644453581 individuals_ID0000014 EXECUTE 1502.0 condorpool - 48
1644453582 individuals_ID0000007 EXECUTE 1481.0 condorpool - 27
1644453586 individuals_ID0000011 EXECUTE 1499.0 condorpool - 45
1644453589 individuals_ID0000012 EXECUTE 1500.0 condorpool - 46
1644453593 individuals_ID0000050 EXECUTE 1505.0 condorpool - 51
1644453600 individuals_ID0000018 EXECUTE 1498.0 condorpool - 44
1644453604 individuals_ID0000015 EXECUTE 1495.0 condorpool - 41
1644453605 individuals_ID0000019 EXECUTE 1503.0 condorpool - 49
1644453606 individuals_ID0000010 EXECUTE 1504.0 condorpool - 50
1644453607 individuals_ID0000041 EXECUTE 1492.0 condorpool - 38
1644453615 individuals_ID0000043 EXECUTE 1494.0 condorpool - 40
1644453623 individuals_ID0000009 EXECUTE 1490.0 condorpool - 36
1644453624 individuals_ID0000040 EXECUTE 1491.0 condorpool - 37
1644453647 individuals_ID0000003 EXECUTE 1487.0 condorpool - 33
1644453647 individuals_ID0000013 EXECUTE 1501.0 condorpool - 47
1644453647 individuals_ID0000008 EXECUTE 1489.0 condorpool - 35
1644453660 individuals_ID0000022 EXECUTE 1510.0 condorpool - 56
1644453665 individuals_ID0000028 EXECUTE 1508.0 condorpool - 54
1644453669 individuals_ID0000047 EXECUTE 1488.0 condorpool - 34
1644453670 individuals_ID0000042 EXECUTE 1493.0 condorpool - 39
1644453672 individuals_ID0000046 EXECUTE 1486.0 condorpool - 32
1644453679 individuals_ID0000025 EXECUTE 1513.0 condorpool - 59
1644453691 individuals_ID0000023 EXECUTE 1511.0 condorpool - 57
1644453691 individuals_ID0000024 EXECUTE 1512.0 condorpool - 58
1644454359 individuals_ID0000001 JOB_TERMINATED 1483.0 condorpool - 29
1644454360 individuals_ID0000001 JOB_SUCCESS 0 condorpool - 29
1644454360 individuals_ID0000001 POST_SCRIPT_STARTED 1483.0 condorpool - 29
1644454360 individuals_ID0000001 POST_SCRIPT_TERMINATED 1483.0 condorpool - 29
1644454365 individuals_ID0000001 POST_SCRIPT_SUCCESS 0 condorpool - 29
1644454367 individuals_ID0000020 EXECUTE 1514.0 condorpool - 60
1644454599 individuals_ID0000034 JOB_TERMINATED 1470.0 condorpool - 16
1644454600 individuals_ID0000034 JOB_SUCCESS 0 condorpool - 16
1644454600 individuals_ID0000034 POST_SCRIPT_STARTED 1470.0 condorpool - 16
1644454601 individuals_ID0000034 POST_SCRIPT_TERMINATED 1470.0 condorpool - 16
1644454605 individuals_ID0000034 POST_SCRIPT_SUCCESS 0 condorpool - 16
1644454606 individuals_ID0000021 EXECUTE 1515.0 condorpool - 61
1644454627 individuals_ID0000005 JOB_TERMINATED 1478.0 condorpool - 24
1644454630 individuals_ID0000005 JOB_SUCCESS 0 condorpool - 24
1644454630 individuals_ID0000005 POST_SCRIPT_STARTED 1478.0 condorpool - 24
1644454629 sifting_ID0000052 EXECUTE 1516.0 condorpool - 62
1644454630 individuals_ID0000005 POST_SCRIPT_TERMINATED 1478.0 condorpool - 24
1644454635 individuals_ID0000005 POST_SCRIPT_SUCCESS 0 condorpool - 24
1644454631 sifting_ID0000052 JOB_TERMINATED 1516.0 condorpool - 62
1644454635 sifting_ID0000052 JOB_SUCCESS 0 condorpool - 62
1644454635 sifting_ID0000052 POST_SCRIPT_STARTED 1516.0 condorpool - 62
1644454635 sifting_ID0000052 POST_SCRIPT_TERMINATED 1516.0 condorpool - 62
1644454640 sifting_ID0000052 POST_SCRIPT_SUCCESS 0 condorpool - 62
1644454641 individuals_ID0000006 JOB_TERMINATED 1480.0 condorpool - 26
1644454645 individuals_ID0000006 JOB_SUCCESS 0 condorpool - 26
1644454645 individuals_ID0000006 POST_SCRIPT_STARTED 1480.0 condorpool - 26
1644454643 individuals_ID0000049 JOB_TERMINATED 1479.0 condorpool - 25
1644454645 individuals_ID0000049 JOB_SUCCESS 0 condorpool - 25
1644454645 individuals_ID0000049 POST_SCRIPT_STARTED 1479.0 condorpool - 25
1644454646 individuals_ID0000006 POST_SCRIPT_TERMINATED 1480.0 condorpool - 26
1644454650 individuals_ID0000006 POST_SCRIPT_SUCCESS 0 condorpool - 26
1644454646 individuals_ID0000049 POST_SCRIPT_TERMINATED 1479.0 condorpool - 25
1644454650 individuals_ID0000049 POST_SCRIPT_SUCCESS 0 condorpool - 25
1644454648 individuals_ID0000007 JOB_TERMINATED 1481.0 condorpool - 27
1644454650 individuals_ID0000007 JOB_SUCCESS 0 condorpool - 27
1644454650 individuals_ID0000007 POST_SCRIPT_STARTED 1481.0 condorpool - 27
1644454650 individuals_ID0000007 POST_SCRIPT_TERMINATED 1481.0 condorpool - 27
1644454655 individuals_ID0000007 POST_SCRIPT_SUCCESS 0 condorpool - 27
1644454662 individuals_ID0000035 JOB_TERMINATED 1471.0 condorpool - 17
1644454665 individuals_ID0000035 JOB_SUCCESS 0 condorpool - 17
1644454665 individuals_ID0000035 POST_SCRIPT_STARTED 1471.0 condorpool - 17
1644454665 individuals_ID0000035 POST_SCRIPT_TERMINATED 1471.0 condorpool - 17
1644454670 individuals_ID0000035 POST_SCRIPT_SUCCESS 0 condorpool - 17
1644454680 individuals_ID0000016 JOB_TERMINATED 1496.0 condorpool - 42
1644454680 individuals_ID0000016 JOB_SUCCESS 0 condorpool - 42
1644454680 individuals_ID0000016 POST_SCRIPT_STARTED 1496.0 condorpool - 42
1644454681 individuals_ID0000016 POST_SCRIPT_TERMINATED 1496.0 condorpool - 42
1644454685 individuals_ID0000016 POST_SCRIPT_SUCCESS 0 condorpool - 42
1644454710 individuals_ID0000017 JOB_TERMINATED 1497.0 condorpool - 43
1644454710 individuals_ID0000017 JOB_SUCCESS 0 condorpool - 43
1644454710 individuals_ID0000017 POST_SCRIPT_STARTED 1497.0 condorpool - 43
1644454710 individuals_ID0000017 POST_SCRIPT_TERMINATED 1497.0 condorpool - 43
1644454715 individuals_ID0000017 POST_SCRIPT_SUCCESS 0 condorpool - 43
1644454711 individuals_ID0000036 JOB_TERMINATED 1472.0 condorpool - 18
1644454715 individuals_ID0000036 JOB_SUCCESS 0 condorpool - 18
1644454715 individuals_ID0000036 POST_SCRIPT_STARTED 1472.0 condorpool - 18
1644454715 individuals_ID0000044 JOB_TERMINATED 1482.0 condorpool - 28
1644454715 individuals_ID0000044 JOB_SUCCESS 0 condorpool - 28
1644454715 individuals_ID0000044 POST_SCRIPT_STARTED 1482.0 condorpool - 28
1644454715 individuals_ID0000043 JOB_TERMINATED 1494.0 condorpool - 40
1644454720 individuals_ID0000043 JOB_SUCCESS 0 condorpool - 40
1644454720 individuals_ID0000043 POST_SCRIPT_STARTED 1494.0 condorpool - 40
1644454716 individuals_ID0000044 POST_SCRIPT_TERMINATED 1482.0 condorpool - 28
1644454720 individuals_ID0000044 POST_SCRIPT_SUCCESS 0 condorpool - 28
1644454716 individuals_ID0000036 POST_SCRIPT_TERMINATED 1472.0 condorpool - 18
1644454720 individuals_ID0000036 POST_SCRIPT_SUCCESS 0 condorpool - 18
1644454720 individuals_ID0000043 POST_SCRIPT_TERMINATED 1494.0 condorpool - 40
1644454725 individuals_ID0000043 POST_SCRIPT_SUCCESS 0 condorpool - 40
1644454725 individuals_ID0000015 JOB_TERMINATED 1495.0 condorpool - 41
1644454725 individuals_ID0000015 JOB_SUCCESS 0 condorpool - 41
1644454725 individuals_ID0000015 POST_SCRIPT_STARTED 1495.0 condorpool - 41
1644454725 individuals_ID0000015 POST_SCRIPT_TERMINATED 1495.0 condorpool - 41
1644454730 individuals_ID0000015 POST_SCRIPT_SUCCESS 0 condorpool - 41
1644454727 individuals_ID0000030 JOB_TERMINATED 1473.0 condorpool - 19
1644454730 individuals_ID0000030 JOB_SUCCESS 0 condorpool - 19
1644454730 individuals_ID0000030 POST_SCRIPT_STARTED 1473.0 condorpool - 19
1644454730 individuals_ID0000025 JOB_TERMINATED 1513.0 condorpool - 59
1644454730 individuals_ID0000025 JOB_SUCCESS 0 condorpool - 59
1644454730 individuals_ID0000025 POST_SCRIPT_STARTED 1513.0 condorpool - 59
1644454731 individuals_ID0000030 POST_SCRIPT_TERMINATED 1473.0 condorpool - 19
1644454735 individuals_ID0000030 POST_SCRIPT_SUCCESS 0 condorpool - 19
1644454731 individuals_ID0000025 POST_SCRIPT_TERMINATED 1513.0 condorpool - 59
1644454735 individuals_ID0000025 POST_SCRIPT_SUCCESS 0 condorpool - 59
1644454733 individuals_ID0000022 JOB_TERMINATED 1510.0 condorpool - 56
1644454735 individuals_ID0000022 JOB_SUCCESS 0 condorpool - 56
1644454735 individuals_ID0000022 POST_SCRIPT_STARTED 1510.0 condorpool - 56
1644454735 individuals_ID0000022 POST_SCRIPT_TERMINATED 1510.0 condorpool - 56
1644454740 individuals_ID0000022 POST_SCRIPT_SUCCESS 0 condorpool - 56
1644454747 individuals_ID0000031 JOB_TERMINATED 1474.0 condorpool - 20
1644454750 individuals_ID0000031 JOB_SUCCESS 0 condorpool - 20
1644454750 individuals_ID0000031 POST_SCRIPT_STARTED 1474.0 condorpool - 20
1644454750 individuals_ID0000031 POST_SCRIPT_TERMINATED 1474.0 condorpool - 20
1644454755 individuals_ID0000031 POST_SCRIPT_SUCCESS 0 condorpool - 20
1644454755 individuals_ID0000024 JOB_TERMINATED 1512.0 condorpool - 58
1644454755 individuals_ID0000024 JOB_SUCCESS 0 condorpool - 58
1644454755 individuals_ID0000024 POST_SCRIPT_STARTED 1512.0 condorpool - 58
1644454756 individuals_ID0000024 POST_SCRIPT_TERMINATED 1512.0 condorpool - 58
1644454760 individuals_ID0000024 POST_SCRIPT_SUCCESS 0 condorpool - 58
1644454763 individuals_ID0000032 JOB_TERMINATED 1475.0 condorpool - 21
1644454765 individuals_ID0000032 JOB_SUCCESS 0 condorpool - 21
1644454765 individuals_ID0000032 POST_SCRIPT_STARTED 1475.0 condorpool - 21
1644454765 individuals_ID0000032 POST_SCRIPT_TERMINATED 1475.0 condorpool - 21
1644454770 individuals_ID0000032 POST_SCRIPT_SUCCESS 0 condorpool - 21
1644454769 individuals_ID0000023 JOB_TERMINATED 1511.0 condorpool - 57
1644454770 individuals_ID0000023 JOB_SUCCESS 0 condorpool - 57
1644454770 individuals_ID0000023 POST_SCRIPT_STARTED 1511.0 condorpool - 57
1644454770 individuals_ID0000048 JOB_TERMINATED 1477.0 condorpool - 23
1644454775 individuals_ID0000048 JOB_SUCCESS 0 condorpool - 23
1644454775 individuals_ID0000048 POST_SCRIPT_STARTED 1477.0 condorpool - 23
1644454770 individuals_ID0000023 POST_SCRIPT_TERMINATED 1511.0 condorpool - 57
1644454775 individuals_ID0000023 POST_SCRIPT_SUCCESS 0 condorpool - 57
1644454774 individuals_ID0000004 JOB_TERMINATED 1476.0 condorpool - 22
1644454775 individuals_ID0000004 JOB_SUCCESS 0 condorpool - 22
1644454775 individuals_ID0000004 POST_SCRIPT_STARTED 1476.0 condorpool - 22
1644454776 individuals_ID0000048 POST_SCRIPT_TERMINATED 1477.0 condorpool - 23
1644454780 individuals_ID0000048 POST_SCRIPT_SUCCESS 0 condorpool - 23
1644454776 individuals_ID0000004 POST_SCRIPT_TERMINATED 1476.0 condorpool - 22
1644454780 individuals_ID0000004 POST_SCRIPT_SUCCESS 0 condorpool - 22
1644454785 individuals_ID0000041 JOB_TERMINATED 1492.0 condorpool - 38
1644454790 individuals_ID0000041 JOB_SUCCESS 0 condorpool - 38
1644454790 individuals_ID0000041 POST_SCRIPT_STARTED 1492.0 condorpool - 38
1644454788 individuals_ID0000009 JOB_TERMINATED 1490.0 condorpool - 36
1644454790 individuals_ID0000009 JOB_SUCCESS 0 condorpool - 36
1644454790 individuals_ID0000009 POST_SCRIPT_STARTED 1490.0 condorpool - 36
1644454789 individuals_ID0000040 JOB_TERMINATED 1491.0 condorpool - 37
1644454790 individuals_ID0000040 JOB_SUCCESS 0 condorpool - 37
1644454790 individuals_ID0000040 POST_SCRIPT_STARTED 1491.0 condorpool - 37
1644454790 individuals_ID0000009 POST_SCRIPT_TERMINATED 1490.0 condorpool - 36
1644454795 individuals_ID0000009 POST_SCRIPT_SUCCESS 0 condorpool - 36
1644454790 individuals_ID0000041 POST_SCRIPT_TERMINATED 1492.0 condorpool - 38
1644454795 individuals_ID0000041 POST_SCRIPT_SUCCESS 0 condorpool - 38
1644454790 individuals_ID0000040 POST_SCRIPT_TERMINATED 1491.0 condorpool - 37
1644454795 individuals_ID0000040 POST_SCRIPT_SUCCESS 0 condorpool - 37
1644454799 individuals_ID0000042 JOB_TERMINATED 1493.0 condorpool - 39
1644454800 individuals_ID0000042 JOB_SUCCESS 0 condorpool - 39
1644454800 individuals_ID0000042 POST_SCRIPT_STARTED 1493.0 condorpool - 39
1644454800 individuals_ID0000002 JOB_TERMINATED 1485.0 condorpool - 31
1644454800 individuals_ID0000002 JOB_SUCCESS 0 condorpool - 31
1644454800 individuals_ID0000002 POST_SCRIPT_STARTED 1485.0 condorpool - 31
1644454800 individuals_ID0000042 POST_SCRIPT_TERMINATED 1493.0 condorpool - 39
1644454805 individuals_ID0000042 POST_SCRIPT_SUCCESS 0 condorpool - 39
1644454801 individuals_ID0000002 POST_SCRIPT_TERMINATED 1485.0 condorpool - 31
1644454805 individuals_ID0000002 POST_SCRIPT_SUCCESS 0 condorpool - 31
1644454810 individuals_ID0000045 JOB_TERMINATED 1484.0 condorpool - 30
1644454815 individuals_ID0000045 JOB_SUCCESS 0 condorpool - 30
1644454815 individuals_ID0000045 POST_SCRIPT_STARTED 1484.0 condorpool - 30
1644454815 individuals_ID0000045 POST_SCRIPT_TERMINATED 1484.0 condorpool - 30
1644454820 individuals_ID0000045 POST_SCRIPT_SUCCESS 0 condorpool - 30
1644454828 individuals_ID0000008 JOB_TERMINATED 1489.0 condorpool - 35
1644454830 individuals_ID0000008 JOB_SUCCESS 0 condorpool - 35
1644454830 individuals_ID0000008 POST_SCRIPT_STARTED 1489.0 condorpool - 35
1644454830 individuals_ID0000008 POST_SCRIPT_TERMINATED 1489.0 condorpool - 35
1644454835 individuals_ID0000008 POST_SCRIPT_SUCCESS 0 condorpool - 35
1644454831 individuals_ID0000003 JOB_TERMINATED 1487.0 condorpool - 33
1644454835 individuals_ID0000003 JOB_SUCCESS 0 condorpool - 33
1644454835 individuals_ID0000003 POST_SCRIPT_STARTED 1487.0 condorpool - 33
1644454836 individuals_ID0000003 POST_SCRIPT_TERMINATED 1487.0 condorpool - 33
1644454840 individuals_ID0000003 POST_SCRIPT_SUCCESS 0 condorpool - 33
1644454837 individuals_ID0000050 JOB_TERMINATED 1505.0 condorpool - 51
1644454840 individuals_ID0000050 JOB_SUCCESS 0 condorpool - 51
1644454840 individuals_ID0000050 POST_SCRIPT_STARTED 1505.0 condorpool - 51
1644454838 individuals_ID0000010 JOB_TERMINATED 1504.0 condorpool - 50
1644454840 individuals_ID0000010 JOB_SUCCESS 0 condorpool - 50
1644454840 individuals_ID0000010 POST_SCRIPT_STARTED 1504.0 condorpool - 50
1644454840 individuals_ID0000050 POST_SCRIPT_TERMINATED 1505.0 condorpool - 51
1644454845 individuals_ID0000050 POST_SCRIPT_SUCCESS 0 condorpool - 51
1644454840 individuals_ID0000010 POST_SCRIPT_TERMINATED 1504.0 condorpool - 50
1644454845 individuals_ID0000010 POST_SCRIPT_SUCCESS 0 condorpool - 50
1644454840 individuals_ID0000019 JOB_TERMINATED 1503.0 condorpool - 49
1644454845 individuals_ID0000019 JOB_SUCCESS 0 condorpool - 49
1644454845 individuals_ID0000019 POST_SCRIPT_STARTED 1503.0 condorpool - 49
1644454841 individuals_ID0000033 JOB_TERMINATED 1469.0 condorpool - 15
1644454845 individuals_ID0000033 JOB_SUCCESS 0 condorpool - 15
1644454845 individuals_ID0000033 POST_SCRIPT_STARTED 1469.0 condorpool - 15
1644454844 individuals_ID0000014 JOB_TERMINATED 1502.0 condorpool - 48
1644454845 individuals_ID0000014 JOB_SUCCESS 0 condorpool - 48
1644454845 individuals_ID0000014 POST_SCRIPT_STARTED 1502.0 condorpool - 48
1644454845 individuals_ID0000019 POST_SCRIPT_TERMINATED 1503.0 condorpool - 49
1644454850 individuals_ID0000019 POST_SCRIPT_SUCCESS 0 condorpool - 49
1644454845 individuals_ID0000014 POST_SCRIPT_TERMINATED 1502.0 condorpool - 48
1644454850 individuals_ID0000014 POST_SCRIPT_SUCCESS 0 condorpool - 48
1644454845 individuals_ID0000033 POST_SCRIPT_TERMINATED 1469.0 condorpool - 15
1644454850 individuals_ID0000033 POST_SCRIPT_SUCCESS 0 condorpool - 15
1644454860 individuals_ID0000047 JOB_TERMINATED 1488.0 condorpool - 34
1644454860 individuals_ID0000047 JOB_SUCCESS 0 condorpool - 34
1644454860 individuals_ID0000047 POST_SCRIPT_STARTED 1488.0 condorpool - 34
1644454860 individuals_ID0000046 JOB_TERMINATED 1486.0 condorpool - 32
1644454860 individuals_ID0000046 JOB_SUCCESS 0 condorpool - 32
1644454860 individuals_ID0000046 POST_SCRIPT_STARTED 1486.0 condorpool - 32
1644454861 individuals_ID0000047 POST_SCRIPT_TERMINATED 1488.0 condorpool - 34
1644454865 individuals_ID0000047 POST_SCRIPT_SUCCESS 0 condorpool - 34
1644454861 individuals_ID0000046 POST_SCRIPT_TERMINATED 1486.0 condorpool - 32
1644454865 individuals_ID0000046 POST_SCRIPT_SUCCESS 0 condorpool - 32
1644454871 individuals_ID0000037 JOB_TERMINATED 1466.0 condorpool - 12
1644454875 individuals_ID0000037 JOB_SUCCESS 0 condorpool - 12
1644454875 individuals_ID0000037 POST_SCRIPT_STARTED 1466.0 condorpool - 12
1644454875 individuals_ID0000037 POST_SCRIPT_TERMINATED 1466.0 condorpool - 12
1644454880 individuals_ID0000037 POST_SCRIPT_SUCCESS 0 condorpool - 12
1644454882 individuals_ID0000039 JOB_TERMINATED 1468.0 condorpool - 14
1644454885 individuals_ID0000039 JOB_SUCCESS 0 condorpool - 14
1644454885 individuals_ID0000039 POST_SCRIPT_STARTED 1468.0 condorpool - 14
1644454882 individuals_ID0000038 JOB_TERMINATED 1467.0 condorpool - 13
1644454885 individuals_ID0000038 JOB_SUCCESS 0 condorpool - 13
1644454885 individuals_ID0000038 POST_SCRIPT_STARTED 1467.0 condorpool - 13
1644454885 individuals_ID0000039 POST_SCRIPT_TERMINATED 1468.0 condorpool - 14
1644454891 individuals_ID0000039 POST_SCRIPT_SUCCESS 0 condorpool - 14
1644454885 individuals_ID0000038 POST_SCRIPT_TERMINATED 1467.0 condorpool - 13
1644454891 individuals_ID0000038 POST_SCRIPT_SUCCESS 0 condorpool - 13
1644455328 individuals_ID0000020 JOB_TERMINATED 1514.0 condorpool - 60
1644455331 individuals_ID0000020 JOB_SUCCESS 0 condorpool - 60
1644455331 individuals_ID0000020 POST_SCRIPT_STARTED 1514.0 condorpool - 60
1644455331 individuals_ID0000020 POST_SCRIPT_TERMINATED 1514.0 condorpool - 60
1644455336 individuals_ID0000020 POST_SCRIPT_SUCCESS 0 condorpool - 60
1644455491 individuals_ID0000021 JOB_TERMINATED 1515.0 condorpool - 61
1644455491 individuals_ID0000021 JOB_SUCCESS 0 condorpool - 61
1644455491 individuals_ID0000021 POST_SCRIPT_STARTED 1515.0 condorpool - 61
1644455492 individuals_ID0000021 POST_SCRIPT_TERMINATED 1515.0 condorpool - 61
1644455496 individuals_ID0000021 POST_SCRIPT_SUCCESS 0 condorpool - 61
1644456316 individuals_ID0000026 JOB_RECONNECT_FAILED 1506.0 condorpool - 52
1644456316 individuals_ID0000027 JOB_RECONNECT_FAILED 1507.0 condorpool - 53
1644456319 individuals_ID0000029 JOB_RECONNECT_FAILED 1509.0 condorpool - 55
1644456383 individuals_ID0000011 JOB_RECONNECT_FAILED 1499.0 condorpool - 45
1644456385 individuals_ID0000012 JOB_RECONNECT_FAILED 1500.0 condorpool - 46
1644456398 individuals_ID0000018 JOB_RECONNECT_FAILED 1498.0 condorpool - 44
1644456426 individuals_ID0000013 JOB_RECONNECT_FAILED 1501.0 condorpool - 47
1644456463 individuals_ID0000028 JOB_RECONNECT_FAILED 1508.0 condorpool - 54
1644456552 individuals_ID0000027 EXECUTE 1507.0 condorpool - 53
1644456554 individuals_ID0000026 EXECUTE 1506.0 condorpool - 52
1644456554 individuals_ID0000029 EXECUTE 1509.0 condorpool - 55
1644456554 individuals_ID0000028 EXECUTE 1508.0 condorpool - 54
1644456554 individuals_ID0000012 EXECUTE 1500.0 condorpool - 46
1644456554 individuals_ID0000018 EXECUTE 1498.0 condorpool - 44
1644456554 individuals_ID0000011 EXECUTE 1499.0 condorpool - 45
1644456554 individuals_ID0000013 EXECUTE 1501.0 condorpool - 47
1644457558 individuals_ID0000027 JOB_TERMINATED 1507.0 condorpool - 53
1644457563 individuals_ID0000027 JOB_SUCCESS 0 condorpool - 53
1644457563 individuals_ID0000027 POST_SCRIPT_STARTED 1507.0 condorpool - 53
1644457563 individuals_ID0000027 POST_SCRIPT_TERMINATED 1507.0 condorpool - 53
1644457568 individuals_ID0000027 POST_SCRIPT_SUCCESS 0 condorpool - 53
1644457568 individuals_ID0000029 JOB_TERMINATED 1509.0 condorpool - 55
1644457573 individuals_ID0000029 JOB_SUCCESS 0 condorpool - 55
1644457573 individuals_ID0000029 POST_SCRIPT_STARTED 1509.0 condorpool - 55
1644457568 individuals_ID0000026 JOB_TERMINATED 1506.0 condorpool - 52
1644457573 individuals_ID0000026 JOB_SUCCESS 0 condorpool - 52
1644457573 individuals_ID0000026 POST_SCRIPT_STARTED 1506.0 condorpool - 52
1644457571 individuals_ID0000028 JOB_TERMINATED 1508.0 condorpool - 54
1644457573 individuals_ID0000028 JOB_SUCCESS 0 condorpool - 54
1644457573 individuals_ID0000028 POST_SCRIPT_STARTED 1508.0 condorpool - 54
1644457573 individuals_ID0000029 POST_SCRIPT_TERMINATED 1509.0 condorpool - 55
1644457578 individuals_ID0000029 POST_SCRIPT_SUCCESS 0 condorpool - 55
1644457573 individuals_ID0000028 POST_SCRIPT_TERMINATED 1508.0 condorpool - 54
1644457578 individuals_ID0000028 POST_SCRIPT_SUCCESS 0 condorpool - 54
1644457573 individuals_ID0000026 POST_SCRIPT_TERMINATED 1506.0 condorpool - 52
1644457578 individuals_ID0000026 POST_SCRIPT_SUCCESS 0 condorpool - 52
1644457689 individuals_ID0000018 JOB_TERMINATED 1498.0 condorpool - 44
1644457693 individuals_ID0000018 JOB_SUCCESS 0 condorpool - 44
1644457693 individuals_ID0000018 POST_SCRIPT_STARTED 1498.0 condorpool - 44
1644457694 individuals_ID0000018 POST_SCRIPT_TERMINATED 1498.0 condorpool - 44
1644457699 individuals_ID0000018 POST_SCRIPT_SUCCESS 0 condorpool - 44
1644457695 individuals_ID0000012 JOB_TERMINATED 1500.0 condorpool - 46
1644457699 individuals_ID0000012 JOB_SUCCESS 0 condorpool - 46
1644457699 individuals_ID0000012 POST_SCRIPT_STARTED 1500.0 condorpool - 46
1644457698 individuals_ID0000011 JOB_TERMINATED 1499.0 condorpool - 45
1644457699 individuals_ID0000011 JOB_SUCCESS 0 condorpool - 45
1644457699 individuals_ID0000011 POST_SCRIPT_STARTED 1499.0 condorpool - 45
1644457699 individuals_ID0000013 JOB_TERMINATED 1501.0 condorpool - 47
1644457699 individuals_ID0000013 JOB_SUCCESS 0 condorpool - 47
1644457699 individuals_ID0000013 POST_SCRIPT_STARTED 1501.0 condorpool - 47
1644457699 individuals_ID0000013 POST_SCRIPT_TERMINATED 1501.0 condorpool - 47
1644457704 individuals_ID0000013 POST_SCRIPT_SUCCESS 0 condorpool - 47
1644457699 individuals_ID0000011 POST_SCRIPT_TERMINATED 1499.0 condorpool - 45
1644457704 individuals_ID0000011 POST_SCRIPT_SUCCESS 0 condorpool - 45
1644457699 individuals_ID0000012 POST_SCRIPT_TERMINATED 1500.0 condorpool - 46
1644457704 individuals_ID0000012 POST_SCRIPT_SUCCESS 0 condorpool - 46
1644457709 individuals_merge_ID0000051 SUBMIT 1517.0 condorpool - 63
1644457712 individuals_merge_ID0000051 EXECUTE 1517.0 condorpool - 63
1644462052 individuals_merge_ID0000051 JOB_TERMINATED 1517.0 condorpool - 63
1644462053 individuals_merge_ID0000051 JOB_SUCCESS 0 condorpool - 63
1644462053 individuals_merge_ID0000051 POST_SCRIPT_STARTED 1517.0 condorpool - 63
1644462053 individuals_merge_ID0000051 POST_SCRIPT_TERMINATED 1517.0 condorpool - 63
1644462058 individuals_merge_ID0000051 POST_SCRIPT_SUCCESS 0 condorpool - 63
1644462063 frequency_ID0000060 SUBMIT 1518.0 condorpool - 64
1644462064 frequency_ID0000062 SUBMIT 1519.0 condorpool - 65
1644462064 mutation_overlap_ID0000053 SUBMIT 1520.0 condorpool - 66
1644462064 frequency_ID0000058 SUBMIT 1521.0 condorpool - 67
1644462064 mutation_overlap_ID0000063 SUBMIT 1522.0 condorpool - 68
1644462065 frequency_ID0000060 EXECUTE 1518.0 condorpool - 64
1644462065 frequency_ID0000062 EXECUTE 1519.0 condorpool - 65
1644462069 mutation_overlap_ID0000055 SUBMIT 1523.0 condorpool - 69
1644462069 mutation_overlap_ID0000065 SUBMIT 1524.0 condorpool - 70
1644462069 frequency_ID0000064 SUBMIT 1525.0 condorpool - 71
1644462069 frequency_ID0000054 SUBMIT 1526.0 condorpool - 72
1644462069 frequency_ID0000066 SUBMIT 1527.0 condorpool - 73
1644462074 frequency_ID0000056 SUBMIT 1528.0 condorpool - 74
1644462074 mutation_overlap_ID0000061 SUBMIT 1529.0 condorpool - 75
1644462074 mutation_overlap_ID0000057 SUBMIT 1530.0 condorpool - 76
1644462074 mutation_overlap_ID0000059 SUBMIT 1531.0 condorpool - 77
1644462086 mutation_overlap_ID0000053 EXECUTE 1520.0 condorpool - 66
1644462087 frequency_ID0000058 EXECUTE 1521.0 condorpool - 67
1644462088 mutation_overlap_ID0000055 EXECUTE 1523.0 condorpool - 69
1644462088 frequency_ID0000056 EXECUTE 1528.0 condorpool - 74
1644462088 mutation_overlap_ID0000059 EXECUTE 1531.0 condorpool - 77
1644462088 mutation_overlap_ID0000057 EXECUTE 1530.0 condorpool - 76
1644462088 mutation_overlap_ID0000065 EXECUTE 1524.0 condorpool - 70
1644462088 mutation_overlap_ID0000063 EXECUTE 1522.0 condorpool - 68
1644462088 frequency_ID0000066 EXECUTE 1527.0 condorpool - 73
1644462088 mutation_overlap_ID0000061 EXECUTE 1529.0 condorpool - 75
1644462088 frequency_ID0000054 EXECUTE 1526.0 condorpool - 72
1644462088 frequency_ID0000064 EXECUTE 1525.0 condorpool - 71
1644462295 mutation_overlap_ID0000065 JOB_TERMINATED 1524.0 condorpool - 70
1644462299 mutation_overlap_ID0000065 JOB_SUCCESS 0 condorpool - 70
1644462299 mutation_overlap_ID0000065 POST_SCRIPT_STARTED 1524.0 condorpool - 70
1644462298 mutation_overlap_ID0000059 JOB_TERMINATED 1531.0 condorpool - 77
1644462299 mutation_overlap_ID0000059 JOB_SUCCESS 0 condorpool - 77
1644462299 mutation_overlap_ID0000059 POST_SCRIPT_STARTED 1531.0 condorpool - 77
1644462298 mutation_overlap_ID0000063 JOB_TERMINATED 1522.0 condorpool - 68
1644462299 mutation_overlap_ID0000063 JOB_SUCCESS 0 condorpool - 68
1644462299 mutation_overlap_ID0000063 POST_SCRIPT_STARTED 1522.0 condorpool - 68
1644462300 mutation_overlap_ID0000061 JOB_TERMINATED 1529.0 condorpool - 75
1644462304 mutation_overlap_ID0000061 JOB_SUCCESS 0 condorpool - 75
1644462304 mutation_overlap_ID0000061 POST_SCRIPT_STARTED 1529.0 condorpool - 75
1644462300 mutation_overlap_ID0000065 POST_SCRIPT_TERMINATED 1524.0 condorpool - 70
1644462304 mutation_overlap_ID0000065 POST_SCRIPT_SUCCESS 0 condorpool - 70
1644462300 mutation_overlap_ID0000063 POST_SCRIPT_TERMINATED 1522.0 condorpool - 68
1644462304 mutation_overlap_ID0000063 POST_SCRIPT_SUCCESS 0 condorpool - 68
1644462300 mutation_overlap_ID0000059 POST_SCRIPT_TERMINATED 1531.0 condorpool - 77
1644462304 mutation_overlap_ID0000059 POST_SCRIPT_SUCCESS 0 condorpool - 77
1644462300 mutation_overlap_ID0000055 JOB_TERMINATED 1523.0 condorpool - 69
1644462304 mutation_overlap_ID0000055 JOB_SUCCESS 0 condorpool - 69
1644462304 mutation_overlap_ID0000055 POST_SCRIPT_STARTED 1523.0 condorpool - 69
1644462304 mutation_overlap_ID0000061 POST_SCRIPT_TERMINATED 1529.0 condorpool - 75
1644462309 mutation_overlap_ID0000061 POST_SCRIPT_SUCCESS 0 condorpool - 75
1644462304 mutation_overlap_ID0000055 POST_SCRIPT_TERMINATED 1523.0 condorpool - 69
1644462309 mutation_overlap_ID0000055 POST_SCRIPT_SUCCESS 0 condorpool - 69
1644462305 mutation_overlap_ID0000053 JOB_TERMINATED 1520.0 condorpool - 66
1644462309 mutation_overlap_ID0000053 JOB_SUCCESS 0 condorpool - 66
1644462309 mutation_overlap_ID0000053 POST_SCRIPT_STARTED 1520.0 condorpool - 66
1644462309 mutation_overlap_ID0000053 POST_SCRIPT_TERMINATED 1520.0 condorpool - 66
1644462314 mutation_overlap_ID0000053 POST_SCRIPT_SUCCESS 0 condorpool - 66
1644462366 mutation_overlap_ID0000057 JOB_TERMINATED 1530.0 condorpool - 76
1644462369 mutation_overlap_ID0000057 JOB_SUCCESS 0 condorpool - 76
1644462369 mutation_overlap_ID0000057 POST_SCRIPT_STARTED 1530.0 condorpool - 76
1644462369 mutation_overlap_ID0000057 POST_SCRIPT_TERMINATED 1530.0 condorpool - 76
1644462374 mutation_overlap_ID0000057 POST_SCRIPT_SUCCESS 0 condorpool - 76
1644462842 frequency_ID0000064 JOB_TERMINATED 1525.0 condorpool - 71
1644462845 frequency_ID0000064 JOB_SUCCESS 0 condorpool - 71
1644462845 frequency_ID0000064 POST_SCRIPT_STARTED 1525.0 condorpool - 71
1644462845 frequency_ID0000064 POST_SCRIPT_TERMINATED 1525.0 condorpool - 71
1644462850 frequency_ID0000064 POST_SCRIPT_SUCCESS 0 condorpool - 71
1644462898 frequency_ID0000066 JOB_TERMINATED 1527.0 condorpool - 73
1644462900 frequency_ID0000066 JOB_SUCCESS 0 condorpool - 73
1644462900 frequency_ID0000066 POST_SCRIPT_STARTED 1527.0 condorpool - 73
1644462901 frequency_ID0000066 POST_SCRIPT_TERMINATED 1527.0 condorpool - 73
1644462905 frequency_ID0000066 POST_SCRIPT_SUCCESS 0 condorpool - 73
1644462913 frequency_ID0000060 JOB_TERMINATED 1518.0 condorpool - 64
1644462915 frequency_ID0000060 JOB_SUCCESS 0 condorpool - 64
1644462915 frequency_ID0000060 POST_SCRIPT_STARTED 1518.0 condorpool - 64
1644462915 frequency_ID0000060 POST_SCRIPT_TERMINATED 1518.0 condorpool - 64
1644462920 frequency_ID0000060 POST_SCRIPT_SUCCESS 0 condorpool - 64
1644462977 frequency_ID0000062 JOB_TERMINATED 1519.0 condorpool - 65
1644462980 frequency_ID0000062 JOB_SUCCESS 0 condorpool - 65
1644462980 frequency_ID0000062 POST_SCRIPT_STARTED 1519.0 condorpool - 65
1644462981 frequency_ID0000062 POST_SCRIPT_TERMINATED 1519.0 condorpool - 65
1644462985 frequency_ID0000062 POST_SCRIPT_SUCCESS 0 condorpool - 65
1644463003 frequency_ID0000056 JOB_TERMINATED 1528.0 condorpool - 74
1644463005 frequency_ID0000056 JOB_SUCCESS 0 condorpool - 74
1644463005 frequency_ID0000056 POST_SCRIPT_STARTED 1528.0 condorpool - 74
1644463005 frequency_ID0000056 POST_SCRIPT_TERMINATED 1528.0 condorpool - 74
1644463010 frequency_ID0000056 POST_SCRIPT_SUCCESS 0 condorpool - 74
1644463035 frequency_ID0000058 JOB_TERMINATED 1521.0 condorpool - 67
1644463035 frequency_ID0000058 JOB_SUCCESS 0 condorpool - 67
1644463035 frequency_ID0000058 POST_SCRIPT_STARTED 1521.0 condorpool - 67
1644463036 frequency_ID0000058 POST_SCRIPT_TERMINATED 1521.0 condorpool - 67
1644463040 frequency_ID0000058 POST_SCRIPT_SUCCESS 0 condorpool - 67
1644463045 stage_out_local_local_2_1 SUBMIT 1532.0 local - 78
1644463049 stage_out_local_local_2_1 EXECUTE 1532.0 local - 78
1644463053 stage_out_local_local_2_1 JOB_TERMINATED 1532.0 local - 78
1644463055 stage_out_local_local_2_1 JOB_SUCCESS 0 local - 78
1644463055 stage_out_local_local_2_1 POST_SCRIPT_STARTED 1532.0 local - 78
1644463055 stage_out_local_local_2_1 POST_SCRIPT_TERMINATED 1532.0 local - 78
1644463060 stage_out_local_local_2_1 POST_SCRIPT_SUCCESS 0 local - 78
1644463095 frequency_ID0000054 JOB_TERMINATED 1526.0 condorpool - 72
1644463100 frequency_ID0000054 JOB_SUCCESS 0 condorpool - 72
1644463100 frequency_ID0000054 POST_SCRIPT_STARTED 1526.0 condorpool - 72
1644463100 frequency_ID0000054 POST_SCRIPT_TERMINATED 1526.0 condorpool - 72
1644463105 frequency_ID0000054 POST_SCRIPT_SUCCESS 0 condorpool - 72
1644463110 stage_out_local_local_2_0 SUBMIT 1533.0 local - 79
1644463111 stage_out_local_local_2_0 EXECUTE 1533.0 local - 79
1644463115 stage_out_local_local_2_0 JOB_TERMINATED 1533.0 local - 79
1644463116 stage_out_local_local_2_0 JOB_SUCCESS 0 local - 79
1644463116 stage_out_local_local_2_0 POST_SCRIPT_STARTED 1533.0 local - 79
1644463116 stage_out_local_local_2_0 POST_SCRIPT_TERMINATED 1533.0 local - 79
1644463121 stage_out_local_local_2_0 POST_SCRIPT_SUCCESS 0 local - 79
1644463126 cleanup_1000-genome_0_local SUBMIT 1534.0 local - 80
1644463126 cleanup_1000-genome_0_local EXECUTE 1534.0 local - 80
1644463128 cleanup_1000-genome_0_local JOB_TERMINATED 1534.0 local - 80
1644463131 cleanup_1000-genome_0_local JOB_SUCCESS 0 local - 80
1644463131 cleanup_1000-genome_0_local POST_SCRIPT_STARTED 1534.0 local - 80
1644463131 cleanup_1000-genome_0_local POST_SCRIPT_TERMINATED 1534.0 local - 80
1644463136 cleanup_1000-genome_0_local POST_SCRIPT_SUCCESS 0 local - 80
1644463136 INTERNAL *** DAGMAN_FINISHED 0 ***
1644463138 INTERNAL *** MONITORD_FINISHED 0 ***
