======================================
5.680041035351106
10.368159099346078
14.345359590212473
18.085837150494353
21.86684617189101
25.204031371992077
28.89806031221932
32.40360389803926
35.77180211770958
39.03094937705345
42.482580915447734
46.06690866091559
======================================
1n_300mb_i50: Runtime: 19013
5.680041035351106
2n_300mb_i50: Runtime: 12229
10.368159099346078
3n_300mb_i50: Runtime: 10256
14.345359590212473
4n_300mb_i50: Runtime: 9308
18.085837150494353
5n_300mb_i50: Runtime: 8734
21.86684617189101
6n_300mb_i50: Runtime: 8541
25.204031371992077
7n_300mb_i50: Runtime: 7740
28.89806031221932
8n_300mb_i50: Runtime: 7832
32.40360389803926
9n_300mb_i50: Runtime: 7887
35.77180211770958
10n_300mb_i50: Runtime: 7654
39.03094937705345
11n_300mb_i50: Runtime: 7493
42.482580915447734
12n_300mb_i50: Runtime: 7446
46.06690866091559
