1646478802 INTERNAL *** MONITORD_STARTED ***
1646478801 INTERNAL *** DAGMAN_STARTED 4521.0 ***
1646478805 create_dir_1000-genome_0_local SUBMIT 4522.0 local - 641
1646478806 create_dir_1000-genome_0_local EXECUTE 4522.0 local - 641
1646478808 create_dir_1000-genome_0_local JOB_TERMINATED 4522.0 local - 641
1646478810 create_dir_1000-genome_0_local JOB_SUCCESS 0 local - 641
1646478810 create_dir_1000-genome_0_local POST_SCRIPT_STARTED 4522.0 local - 641
1646478810 create_dir_1000-genome_0_local POST_SCRIPT_TERMINATED 4522.0 local - 641
1646478815 create_dir_1000-genome_0_local POST_SCRIPT_SUCCESS 0 local - 641
1646478820 stage_in_remote_local_2_0 SUBMIT 4523.0 local - 642
1646478820 stage_in_remote_local_2_0 EXECUTE 4523.0 local - 642
1646478820 stage_in_remote_local_1_0 SUBMIT 4524.0 local - 643
1646478820 stage_in_remote_local_0_0 SUBMIT 4525.0 local - 644
1646478820 stage_in_local_local_0_0 SUBMIT 4526.0 local - 645
1646478820 stage_in_local_local_2_0 SUBMIT 4527.0 local - 646
1646478823 stage_in_remote_local_2_0 JOB_TERMINATED 4523.0 local - 642
1646478826 stage_in_remote_local_2_0 JOB_SUCCESS 0 local - 642
1646478826 stage_in_remote_local_2_0 POST_SCRIPT_STARTED 4523.0 local - 642
1646478823 stage_in_local_local_2_0 EXECUTE 4527.0 local - 646
1646478823 stage_in_local_local_0_0 EXECUTE 4526.0 local - 645
1646478823 stage_in_remote_local_0_0 EXECUTE 4525.0 local - 644
1646478823 stage_in_remote_local_1_0 EXECUTE 4524.0 local - 643
1646478825 stage_in_local_local_0_0 JOB_TERMINATED 4526.0 local - 645
1646478826 stage_in_local_local_0_0 JOB_SUCCESS 0 local - 645
1646478826 stage_in_local_local_0_0 POST_SCRIPT_STARTED 4526.0 local - 645
1646478825 stage_in_remote_local_0_0 JOB_TERMINATED 4525.0 local - 644
1646478826 stage_in_remote_local_0_0 JOB_SUCCESS 0 local - 644
1646478826 stage_in_remote_local_0_0 POST_SCRIPT_STARTED 4525.0 local - 644
1646478825 stage_in_remote_local_1_0 JOB_TERMINATED 4524.0 local - 643
1646478826 stage_in_remote_local_1_0 JOB_SUCCESS 0 local - 643
1646478826 stage_in_remote_local_1_0 POST_SCRIPT_STARTED 4524.0 local - 643
1646478825 stage_in_remote_local_0_1 SUBMIT 4528.0 local - 647
1646478825 stage_in_remote_local_0_1 EXECUTE 4528.0 local - 647
1646478825 stage_in_local_local_0_1 SUBMIT 4529.0 local - 648
1646478826 stage_in_local_local_0_1 EXECUTE 4529.0 local - 648
1646478826 stage_in_local_local_2_1 SUBMIT 4530.0 local - 649
1646478826 stage_in_remote_local_2_1 SUBMIT 4531.0 local - 650
1646478826 stage_in_local_local_0_2 SUBMIT 4532.0 local - 651
1646478826 stage_in_local_local_0_0 POST_SCRIPT_TERMINATED 4526.0 local - 645
1646478831 stage_in_local_local_0_0 POST_SCRIPT_SUCCESS 0 local - 645
1646478826 stage_in_remote_local_0_0 POST_SCRIPT_TERMINATED 4525.0 local - 644
1646478831 stage_in_remote_local_0_0 POST_SCRIPT_SUCCESS 0 local - 644
1646478826 stage_in_remote_local_1_0 POST_SCRIPT_TERMINATED 4524.0 local - 643
1646478831 stage_in_remote_local_1_0 POST_SCRIPT_SUCCESS 0 local - 643
1646478826 stage_in_remote_local_2_0 POST_SCRIPT_TERMINATED 4523.0 local - 642
1646478831 stage_in_remote_local_2_0 POST_SCRIPT_SUCCESS 0 local - 642
1646478827 stage_in_local_local_2_0 JOB_TERMINATED 4527.0 local - 646
1646478831 stage_in_local_local_2_0 JOB_SUCCESS 0 local - 646
1646478831 stage_in_local_local_2_0 POST_SCRIPT_STARTED 4527.0 local - 646
1646478827 stage_in_local_local_0_2 EXECUTE 4532.0 local - 651
1646478827 stage_in_remote_local_2_1 EXECUTE 4531.0 local - 650
1646478827 stage_in_local_local_2_1 EXECUTE 4530.0 local - 649
1646478828 stage_in_remote_local_0_1 JOB_TERMINATED 4528.0 local - 647
1646478831 stage_in_remote_local_0_1 JOB_SUCCESS 0 local - 647
1646478831 stage_in_remote_local_0_1 POST_SCRIPT_STARTED 4528.0 local - 647
1646478828 stage_in_local_local_0_1 JOB_TERMINATED 4529.0 local - 648
1646478831 stage_in_local_local_0_1 JOB_SUCCESS 0 local - 648
1646478831 stage_in_local_local_0_1 POST_SCRIPT_STARTED 4529.0 local - 648
1646478829 stage_in_local_local_0_2 JOB_TERMINATED 4532.0 local - 651
1646478831 stage_in_local_local_0_2 JOB_SUCCESS 0 local - 651
1646478831 stage_in_local_local_0_2 POST_SCRIPT_STARTED 4532.0 local - 651
1646478829 stage_in_remote_local_2_1 JOB_TERMINATED 4531.0 local - 650
1646478831 stage_in_remote_local_2_1 JOB_SUCCESS 0 local - 650
1646478831 stage_in_remote_local_2_1 POST_SCRIPT_STARTED 4531.0 local - 650
1646478831 stage_in_local_local_2_1 JOB_TERMINATED 4530.0 local - 649
1646478836 stage_in_local_local_2_1 JOB_SUCCESS 0 local - 649
1646478836 stage_in_local_local_2_1 POST_SCRIPT_STARTED 4530.0 local - 649
1646478831 stage_in_local_local_0_1 POST_SCRIPT_TERMINATED 4529.0 local - 648
1646478836 stage_in_local_local_0_1 POST_SCRIPT_SUCCESS 0 local - 648
1646478831 stage_in_local_local_0_2 POST_SCRIPT_TERMINATED 4532.0 local - 651
1646478836 stage_in_local_local_0_2 POST_SCRIPT_SUCCESS 0 local - 651
1646478831 stage_in_remote_local_2_1 POST_SCRIPT_TERMINATED 4531.0 local - 650
1646478836 stage_in_remote_local_2_1 POST_SCRIPT_SUCCESS 0 local - 650
1646478831 stage_in_local_local_2_0 POST_SCRIPT_TERMINATED 4527.0 local - 646
1646478836 stage_in_local_local_2_0 POST_SCRIPT_SUCCESS 0 local - 646
1646478831 stage_in_remote_local_0_1 POST_SCRIPT_TERMINATED 4528.0 local - 647
1646478836 stage_in_remote_local_0_1 POST_SCRIPT_SUCCESS 0 local - 647
1646478836 stage_in_local_local_2_1 POST_SCRIPT_TERMINATED 4530.0 local - 649
1646478842 stage_in_local_local_2_1 POST_SCRIPT_SUCCESS 0 local - 649
1646478841 individuals_ID0000037 SUBMIT 4533.0 condorpool - 652
1646478841 individuals_ID0000038 SUBMIT 4534.0 condorpool - 653
1646478842 individuals_ID0000039 SUBMIT 4535.0 condorpool - 654
1646478842 individuals_ID0000033 SUBMIT 4536.0 condorpool - 655
1646478842 individuals_ID0000034 SUBMIT 4537.0 condorpool - 656
1646478847 individuals_ID0000035 SUBMIT 4538.0 condorpool - 657
1646478847 individuals_ID0000036 SUBMIT 4539.0 condorpool - 658
1646478847 individuals_ID0000030 SUBMIT 4540.0 condorpool - 659
1646478847 individuals_ID0000031 SUBMIT 4541.0 condorpool - 660
1646478847 individuals_ID0000032 SUBMIT 4542.0 condorpool - 661
1646478849 individuals_ID0000034 EXECUTE 4537.0 condorpool - 656
1646478852 individuals_ID0000004 SUBMIT 4543.0 condorpool - 662
1646478852 individuals_ID0000048 SUBMIT 4544.0 condorpool - 663
1646478852 individuals_ID0000005 SUBMIT 4545.0 condorpool - 664
1646478852 individuals_ID0000049 SUBMIT 4546.0 condorpool - 665
1646478852 individuals_ID0000006 SUBMIT 4547.0 condorpool - 666
1646478852 individuals_ID0000037 EXECUTE 4533.0 condorpool - 652
1646478852 individuals_ID0000038 EXECUTE 4534.0 condorpool - 653
1646478852 individuals_ID0000033 EXECUTE 4536.0 condorpool - 655
1646478852 individuals_ID0000039 EXECUTE 4535.0 condorpool - 654
1646478857 individuals_ID0000007 SUBMIT 4548.0 condorpool - 667
1646478857 individuals_ID0000044 SUBMIT 4549.0 condorpool - 668
1646478857 individuals_ID0000001 SUBMIT 4550.0 condorpool - 669
1646478857 individuals_ID0000045 SUBMIT 4551.0 condorpool - 670
1646478857 individuals_ID0000002 SUBMIT 4552.0 condorpool - 671
1646478862 individuals_ID0000046 SUBMIT 4553.0 condorpool - 672
1646478862 individuals_ID0000003 SUBMIT 4554.0 condorpool - 673
1646478862 individuals_ID0000047 SUBMIT 4555.0 condorpool - 674
1646478862 individuals_ID0000008 SUBMIT 4556.0 condorpool - 675
1646478862 individuals_ID0000009 SUBMIT 4557.0 condorpool - 676
1646478868 individuals_ID0000040 SUBMIT 4558.0 condorpool - 677
1646478868 individuals_ID0000041 SUBMIT 4559.0 condorpool - 678
1646478868 individuals_ID0000042 SUBMIT 4560.0 condorpool - 679
1646478868 individuals_ID0000043 SUBMIT 4561.0 condorpool - 680
1646478868 individuals_ID0000015 SUBMIT 4562.0 condorpool - 681
1646478873 individuals_ID0000048 EXECUTE 4544.0 condorpool - 663
1646478873 individuals_ID0000016 SUBMIT 4563.0 condorpool - 682
1646478873 individuals_ID0000017 SUBMIT 4564.0 condorpool - 683
1646478873 individuals_ID0000018 SUBMIT 4565.0 condorpool - 684
1646478873 individuals_ID0000011 SUBMIT 4566.0 condorpool - 685
1646478873 individuals_ID0000012 SUBMIT 4567.0 condorpool - 686
1646478874 individuals_ID0000009 EXECUTE 4557.0 condorpool - 676
1646478876 individuals_ID0000035 EXECUTE 4538.0 condorpool - 657
1646478877 individuals_ID0000047 EXECUTE 4555.0 condorpool - 674
1646478878 individuals_ID0000013 SUBMIT 4568.0 condorpool - 687
1646478878 individuals_ID0000014 SUBMIT 4569.0 condorpool - 688
1646478878 individuals_ID0000019 SUBMIT 4570.0 condorpool - 689
1646478878 individuals_ID0000010 SUBMIT 4571.0 condorpool - 690
1646478878 individuals_ID0000050 SUBMIT 4572.0 condorpool - 691
1646478878 individuals_ID0000003 EXECUTE 4554.0 condorpool - 673
1646478878 individuals_ID0000031 EXECUTE 4541.0 condorpool - 660
1646478879 individuals_ID0000046 EXECUTE 4553.0 condorpool - 672
1646478879 individuals_ID0000036 EXECUTE 4539.0 condorpool - 658
1646478879 individuals_ID0000030 EXECUTE 4540.0 condorpool - 659
1646478880 individuals_ID0000006 EXECUTE 4547.0 condorpool - 666
1646478880 individuals_ID0000005 EXECUTE 4545.0 condorpool - 664
1646478882 individuals_ID0000008 EXECUTE 4556.0 condorpool - 675
1646478883 individuals_ID0000026 SUBMIT 4573.0 condorpool - 692
1646478883 individuals_ID0000027 SUBMIT 4574.0 condorpool - 693
1646478883 individuals_ID0000028 SUBMIT 4575.0 condorpool - 694
1646478883 individuals_ID0000029 SUBMIT 4576.0 condorpool - 695
1646478883 individuals_ID0000022 SUBMIT 4577.0 condorpool - 696
1646478885 individuals_ID0000002 EXECUTE 4552.0 condorpool - 671
1646478885 individuals_ID0000032 EXECUTE 4542.0 condorpool - 661
1646478888 individuals_ID0000045 EXECUTE 4551.0 condorpool - 670
1646478888 individuals_ID0000023 SUBMIT 4578.0 condorpool - 697
1646478889 individuals_ID0000024 SUBMIT 4579.0 condorpool - 698
1646478889 individuals_ID0000025 SUBMIT 4580.0 condorpool - 699
1646478889 individuals_ID0000020 SUBMIT 4581.0 condorpool - 700
1646478889 individuals_ID0000021 SUBMIT 4582.0 condorpool - 701
1646478893 individuals_ID0000049 EXECUTE 4546.0 condorpool - 665
1646478893 individuals_ID0000007 EXECUTE 4548.0 condorpool - 667
1646478894 sifting_ID0000052 SUBMIT 4583.0 condorpool - 702
1646478894 individuals_ID0000040 EXECUTE 4558.0 condorpool - 677
1646478895 individuals_ID0000001 EXECUTE 4550.0 condorpool - 669
1646478896 individuals_ID0000044 EXECUTE 4549.0 condorpool - 668
1646478896 individuals_ID0000004 EXECUTE 4543.0 condorpool - 662
1646478901 individuals_ID0000041 EXECUTE 4559.0 condorpool - 678
1646478901 individuals_ID0000042 EXECUTE 4560.0 condorpool - 679
1646478958 individuals_ID0000001 JOB_TERMINATED 4550.0 condorpool - 669
1646478959 individuals_ID0000001 JOB_SUCCESS 0 condorpool - 669
1646478959 individuals_ID0000001 POST_SCRIPT_STARTED 4550.0 condorpool - 669
1646478959 individuals_ID0000001 POST_SCRIPT_TERMINATED 4550.0 condorpool - 669
1646478964 individuals_ID0000001 POST_SCRIPT_SUCCESS 0 condorpool - 669
1646478962 individuals_ID0000043 EXECUTE 4561.0 condorpool - 680
1646479273 individuals_ID0000002 JOB_TERMINATED 4552.0 condorpool - 671
1646479274 individuals_ID0000002 JOB_SUCCESS 0 condorpool - 671
1646479274 individuals_ID0000002 POST_SCRIPT_STARTED 4552.0 condorpool - 671
1646479275 individuals_ID0000002 POST_SCRIPT_TERMINATED 4552.0 condorpool - 671
1646479279 individuals_ID0000002 POST_SCRIPT_SUCCESS 0 condorpool - 671
1646479278 individuals_ID0000015 EXECUTE 4562.0 condorpool - 681
1646479279 individuals_ID0000048 JOB_TERMINATED 4544.0 condorpool - 663
1646479279 individuals_ID0000048 JOB_SUCCESS 0 condorpool - 663
1646479279 individuals_ID0000048 POST_SCRIPT_STARTED 4544.0 condorpool - 663
1646479279 individuals_ID0000048 POST_SCRIPT_TERMINATED 4544.0 condorpool - 663
1646479284 individuals_ID0000048 POST_SCRIPT_SUCCESS 0 condorpool - 663
1646479283 individuals_ID0000016 EXECUTE 4563.0 condorpool - 682
1646479283 individuals_ID0000031 JOB_TERMINATED 4541.0 condorpool - 660
1646479284 individuals_ID0000031 JOB_SUCCESS 0 condorpool - 660
1646479284 individuals_ID0000031 POST_SCRIPT_STARTED 4541.0 condorpool - 660
1646479284 individuals_ID0000031 POST_SCRIPT_TERMINATED 4541.0 condorpool - 660
1646479289 individuals_ID0000031 POST_SCRIPT_SUCCESS 0 condorpool - 660
1646479287 individuals_ID0000017 EXECUTE 4564.0 condorpool - 683
1646479287 individuals_ID0000032 JOB_TERMINATED 4542.0 condorpool - 661
1646479289 individuals_ID0000032 JOB_SUCCESS 0 condorpool - 661
1646479289 individuals_ID0000032 POST_SCRIPT_STARTED 4542.0 condorpool - 661
1646479290 individuals_ID0000032 POST_SCRIPT_TERMINATED 4542.0 condorpool - 661
1646479294 individuals_ID0000032 POST_SCRIPT_SUCCESS 0 condorpool - 661
1646479291 individuals_ID0000018 EXECUTE 4565.0 condorpool - 684
1646479294 individuals_ID0000004 JOB_TERMINATED 4543.0 condorpool - 662
1646479299 individuals_ID0000004 JOB_SUCCESS 0 condorpool - 662
1646479299 individuals_ID0000004 POST_SCRIPT_STARTED 4543.0 condorpool - 662
1646479299 individuals_ID0000011 EXECUTE 4566.0 condorpool - 685
1646479299 individuals_ID0000004 POST_SCRIPT_TERMINATED 4543.0 condorpool - 662
1646479304 individuals_ID0000004 POST_SCRIPT_SUCCESS 0 condorpool - 662
1646479346 individuals_ID0000005 JOB_TERMINATED 4545.0 condorpool - 664
1646479349 individuals_ID0000005 JOB_SUCCESS 0 condorpool - 664
1646479349 individuals_ID0000005 POST_SCRIPT_STARTED 4545.0 condorpool - 664
1646479348 individuals_ID0000007 JOB_TERMINATED 4548.0 condorpool - 667
1646479349 individuals_ID0000007 JOB_SUCCESS 0 condorpool - 667
1646479349 individuals_ID0000007 POST_SCRIPT_STARTED 4548.0 condorpool - 667
1646479350 individuals_ID0000005 POST_SCRIPT_TERMINATED 4545.0 condorpool - 664
1646479354 individuals_ID0000005 POST_SCRIPT_SUCCESS 0 condorpool - 664
1646479350 individuals_ID0000007 POST_SCRIPT_TERMINATED 4548.0 condorpool - 667
1646479354 individuals_ID0000007 POST_SCRIPT_SUCCESS 0 condorpool - 667
1646479352 individuals_ID0000049 JOB_TERMINATED 4546.0 condorpool - 665
1646479354 individuals_ID0000049 JOB_SUCCESS 0 condorpool - 665
1646479354 individuals_ID0000049 POST_SCRIPT_STARTED 4546.0 condorpool - 665
1646479353 individuals_ID0000012 EXECUTE 4567.0 condorpool - 686
1646479354 individuals_ID0000049 POST_SCRIPT_TERMINATED 4546.0 condorpool - 665
1646479359 individuals_ID0000049 POST_SCRIPT_SUCCESS 0 condorpool - 665
1646479356 individuals_ID0000013 EXECUTE 4568.0 condorpool - 687
1646479358 individuals_ID0000014 EXECUTE 4569.0 condorpool - 688
1646479359 individuals_ID0000006 JOB_TERMINATED 4547.0 condorpool - 666
1646479359 individuals_ID0000006 JOB_SUCCESS 0 condorpool - 666
1646479359 individuals_ID0000006 POST_SCRIPT_STARTED 4547.0 condorpool - 666
1646479359 individuals_ID0000006 POST_SCRIPT_TERMINATED 4547.0 condorpool - 666
1646479364 individuals_ID0000006 POST_SCRIPT_SUCCESS 0 condorpool - 666
1646479364 individuals_ID0000019 EXECUTE 4570.0 condorpool - 689
1646479376 individuals_ID0000037 JOB_TERMINATED 4533.0 condorpool - 652
1646479379 individuals_ID0000037 JOB_SUCCESS 0 condorpool - 652
1646479379 individuals_ID0000037 POST_SCRIPT_STARTED 4533.0 condorpool - 652
1646479378 individuals_ID0000045 JOB_TERMINATED 4551.0 condorpool - 670
1646479379 individuals_ID0000045 JOB_SUCCESS 0 condorpool - 670
1646479379 individuals_ID0000045 POST_SCRIPT_STARTED 4551.0 condorpool - 670
1646479380 individuals_ID0000045 POST_SCRIPT_TERMINATED 4551.0 condorpool - 670
1646479384 individuals_ID0000045 POST_SCRIPT_SUCCESS 0 condorpool - 670
1646479380 individuals_ID0000037 POST_SCRIPT_TERMINATED 4533.0 condorpool - 652
1646479384 individuals_ID0000037 POST_SCRIPT_SUCCESS 0 condorpool - 652
1646479380 individuals_ID0000010 EXECUTE 4571.0 condorpool - 690
1646479380 individuals_ID0000033 JOB_TERMINATED 4536.0 condorpool - 655
1646479384 individuals_ID0000033 JOB_SUCCESS 0 condorpool - 655
1646479384 individuals_ID0000033 POST_SCRIPT_STARTED 4536.0 condorpool - 655
1646479382 individuals_ID0000050 EXECUTE 4572.0 condorpool - 691
1646479384 individuals_ID0000033 POST_SCRIPT_TERMINATED 4536.0 condorpool - 655
1646479389 individuals_ID0000033 POST_SCRIPT_SUCCESS 0 condorpool - 655
1646479385 individuals_ID0000026 EXECUTE 4573.0 condorpool - 692
1646479388 individuals_ID0000039 JOB_TERMINATED 4535.0 condorpool - 654
1646479389 individuals_ID0000039 JOB_SUCCESS 0 condorpool - 654
1646479389 individuals_ID0000039 POST_SCRIPT_STARTED 4535.0 condorpool - 654
1646479389 individuals_ID0000039 POST_SCRIPT_TERMINATED 4535.0 condorpool - 654
1646479394 individuals_ID0000039 POST_SCRIPT_SUCCESS 0 condorpool - 654
1646479393 individuals_ID0000027 EXECUTE 4574.0 condorpool - 693
1646479405 individuals_ID0000044 JOB_TERMINATED 4549.0 condorpool - 668
1646479409 individuals_ID0000044 JOB_SUCCESS 0 condorpool - 668
1646479409 individuals_ID0000044 POST_SCRIPT_STARTED 4549.0 condorpool - 668
1646479407 individuals_ID0000038 JOB_TERMINATED 4534.0 condorpool - 653
1646479409 individuals_ID0000038 JOB_SUCCESS 0 condorpool - 653
1646479409 individuals_ID0000038 POST_SCRIPT_STARTED 4534.0 condorpool - 653
1646479410 individuals_ID0000044 POST_SCRIPT_TERMINATED 4549.0 condorpool - 668
1646479414 individuals_ID0000044 POST_SCRIPT_SUCCESS 0 condorpool - 668
1646479410 individuals_ID0000028 EXECUTE 4575.0 condorpool - 694
1646479410 individuals_ID0000038 POST_SCRIPT_TERMINATED 4534.0 condorpool - 653
1646479414 individuals_ID0000038 POST_SCRIPT_SUCCESS 0 condorpool - 653
1646479412 individuals_ID0000029 EXECUTE 4576.0 condorpool - 695
1646479422 individuals_ID0000009 JOB_TERMINATED 4557.0 condorpool - 676
1646479424 individuals_ID0000009 JOB_SUCCESS 0 condorpool - 676
1646479424 individuals_ID0000009 POST_SCRIPT_STARTED 4557.0 condorpool - 676
1646479424 individuals_ID0000009 POST_SCRIPT_TERMINATED 4557.0 condorpool - 676
1646479429 individuals_ID0000009 POST_SCRIPT_SUCCESS 0 condorpool - 676
1646479427 individuals_ID0000022 EXECUTE 4577.0 condorpool - 696
1646479438 individuals_ID0000040 JOB_TERMINATED 4558.0 condorpool - 677
1646479439 individuals_ID0000040 JOB_SUCCESS 0 condorpool - 677
1646479439 individuals_ID0000040 POST_SCRIPT_STARTED 4558.0 condorpool - 677
1646479439 individuals_ID0000042 JOB_TERMINATED 4560.0 condorpool - 679
1646479439 individuals_ID0000042 JOB_SUCCESS 0 condorpool - 679
1646479439 individuals_ID0000042 POST_SCRIPT_STARTED 4560.0 condorpool - 679
1646479439 individuals_ID0000040 POST_SCRIPT_TERMINATED 4558.0 condorpool - 677
1646479444 individuals_ID0000040 POST_SCRIPT_SUCCESS 0 condorpool - 677
1646479439 individuals_ID0000042 POST_SCRIPT_TERMINATED 4560.0 condorpool - 679
1646479444 individuals_ID0000042 POST_SCRIPT_SUCCESS 0 condorpool - 679
1646479442 individuals_ID0000034 JOB_TERMINATED 4537.0 condorpool - 656
1646479444 individuals_ID0000034 JOB_SUCCESS 0 condorpool - 656
1646479444 individuals_ID0000034 POST_SCRIPT_STARTED 4537.0 condorpool - 656
1646479444 individuals_ID0000023 EXECUTE 4578.0 condorpool - 697
1646479444 individuals_ID0000024 EXECUTE 4579.0 condorpool - 698
1646479445 individuals_ID0000034 POST_SCRIPT_TERMINATED 4537.0 condorpool - 656
1646479450 individuals_ID0000034 POST_SCRIPT_SUCCESS 0 condorpool - 656
1646479446 individuals_ID0000025 EXECUTE 4580.0 condorpool - 699
1646479448 individuals_ID0000041 JOB_TERMINATED 4559.0 condorpool - 678
1646479450 individuals_ID0000041 JOB_SUCCESS 0 condorpool - 678
1646479450 individuals_ID0000041 POST_SCRIPT_STARTED 4559.0 condorpool - 678
1646479450 individuals_ID0000041 POST_SCRIPT_TERMINATED 4559.0 condorpool - 678
1646479455 individuals_ID0000041 POST_SCRIPT_SUCCESS 0 condorpool - 678
1646479452 individuals_ID0000020 EXECUTE 4581.0 condorpool - 700
1646479478 individuals_ID0000035 JOB_TERMINATED 4538.0 condorpool - 657
1646479480 individuals_ID0000035 JOB_SUCCESS 0 condorpool - 657
1646479480 individuals_ID0000035 POST_SCRIPT_STARTED 4538.0 condorpool - 657
1646479479 individuals_ID0000030 JOB_TERMINATED 4540.0 condorpool - 659
1646479480 individuals_ID0000030 JOB_SUCCESS 0 condorpool - 659
1646479480 individuals_ID0000030 POST_SCRIPT_STARTED 4540.0 condorpool - 659
1646479480 individuals_ID0000036 JOB_TERMINATED 4539.0 condorpool - 658
1646479480 individuals_ID0000036 JOB_SUCCESS 0 condorpool - 658
1646479480 individuals_ID0000036 POST_SCRIPT_STARTED 4539.0 condorpool - 658
1646479481 individuals_ID0000036 POST_SCRIPT_TERMINATED 4539.0 condorpool - 658
1646479485 individuals_ID0000036 POST_SCRIPT_SUCCESS 0 condorpool - 658
1646479481 individuals_ID0000035 POST_SCRIPT_TERMINATED 4538.0 condorpool - 657
1646479485 individuals_ID0000035 POST_SCRIPT_SUCCESS 0 condorpool - 657
1646479481 individuals_ID0000030 POST_SCRIPT_TERMINATED 4540.0 condorpool - 659
1646479485 individuals_ID0000030 POST_SCRIPT_SUCCESS 0 condorpool - 659
1646479482 sifting_ID0000052 EXECUTE 4583.0 condorpool - 702
1646479483 individuals_ID0000021 EXECUTE 4582.0 condorpool - 701
1646479484 sifting_ID0000052 JOB_TERMINATED 4583.0 condorpool - 702
1646479485 sifting_ID0000052 JOB_SUCCESS 0 condorpool - 702
1646479485 sifting_ID0000052 POST_SCRIPT_STARTED 4583.0 condorpool - 702
1646479485 sifting_ID0000052 POST_SCRIPT_TERMINATED 4583.0 condorpool - 702
1646479490 sifting_ID0000052 POST_SCRIPT_SUCCESS 0 condorpool - 702
1646479487 individuals_ID0000043 JOB_TERMINATED 4561.0 condorpool - 680
1646479490 individuals_ID0000043 JOB_SUCCESS 0 condorpool - 680
1646479490 individuals_ID0000043 POST_SCRIPT_STARTED 4561.0 condorpool - 680
1646479490 individuals_ID0000043 POST_SCRIPT_TERMINATED 4561.0 condorpool - 680
1646479495 individuals_ID0000043 POST_SCRIPT_SUCCESS 0 condorpool - 680
1646479509 individuals_ID0000046 JOB_TERMINATED 4553.0 condorpool - 672
1646479510 individuals_ID0000046 JOB_SUCCESS 0 condorpool - 672
1646479510 individuals_ID0000046 POST_SCRIPT_STARTED 4553.0 condorpool - 672
1646479509 individuals_ID0000008 JOB_TERMINATED 4556.0 condorpool - 675
1646479510 individuals_ID0000008 JOB_SUCCESS 0 condorpool - 675
1646479510 individuals_ID0000008 POST_SCRIPT_STARTED 4556.0 condorpool - 675
1646479510 individuals_ID0000047 JOB_TERMINATED 4555.0 condorpool - 674
1646479510 individuals_ID0000047 JOB_SUCCESS 0 condorpool - 674
1646479510 individuals_ID0000047 POST_SCRIPT_STARTED 4555.0 condorpool - 674
1646479511 individuals_ID0000008 POST_SCRIPT_TERMINATED 4556.0 condorpool - 675
1646479515 individuals_ID0000008 POST_SCRIPT_SUCCESS 0 condorpool - 675
1646479511 individuals_ID0000046 POST_SCRIPT_TERMINATED 4553.0 condorpool - 672
1646479515 individuals_ID0000046 POST_SCRIPT_SUCCESS 0 condorpool - 672
1646479511 individuals_ID0000047 POST_SCRIPT_TERMINATED 4555.0 condorpool - 674
1646479515 individuals_ID0000047 POST_SCRIPT_SUCCESS 0 condorpool - 674
1646479512 individuals_ID0000003 JOB_TERMINATED 4554.0 condorpool - 673
1646479515 individuals_ID0000003 JOB_SUCCESS 0 condorpool - 673
1646479515 individuals_ID0000003 POST_SCRIPT_STARTED 4554.0 condorpool - 673
1646479515 individuals_ID0000003 POST_SCRIPT_TERMINATED 4554.0 condorpool - 673
1646479520 individuals_ID0000003 POST_SCRIPT_SUCCESS 0 condorpool - 673
1646479692 individuals_ID0000017 JOB_TERMINATED 4564.0 condorpool - 683
1646479695 individuals_ID0000017 JOB_SUCCESS 0 condorpool - 683
1646479695 individuals_ID0000017 POST_SCRIPT_STARTED 4564.0 condorpool - 683
1646479695 individuals_ID0000017 POST_SCRIPT_TERMINATED 4564.0 condorpool - 683
1646479700 individuals_ID0000017 POST_SCRIPT_SUCCESS 0 condorpool - 683
1646479698 individuals_ID0000018 JOB_TERMINATED 4565.0 condorpool - 684
1646479700 individuals_ID0000018 JOB_SUCCESS 0 condorpool - 684
1646479700 individuals_ID0000018 POST_SCRIPT_STARTED 4565.0 condorpool - 684
1646479701 individuals_ID0000018 POST_SCRIPT_TERMINATED 4565.0 condorpool - 684
1646479705 individuals_ID0000018 POST_SCRIPT_SUCCESS 0 condorpool - 684
1646479706 individuals_ID0000016 JOB_TERMINATED 4563.0 condorpool - 682
1646479710 individuals_ID0000016 JOB_SUCCESS 0 condorpool - 682
1646479710 individuals_ID0000016 POST_SCRIPT_STARTED 4563.0 condorpool - 682
1646479710 individuals_ID0000016 POST_SCRIPT_TERMINATED 4563.0 condorpool - 682
1646479715 individuals_ID0000016 POST_SCRIPT_SUCCESS 0 condorpool - 682
1646479718 individuals_ID0000011 JOB_TERMINATED 4566.0 condorpool - 685
1646479720 individuals_ID0000011 JOB_SUCCESS 0 condorpool - 685
1646479720 individuals_ID0000011 POST_SCRIPT_STARTED 4566.0 condorpool - 685
1646479720 individuals_ID0000015 JOB_TERMINATED 4562.0 condorpool - 681
1646479720 individuals_ID0000015 JOB_SUCCESS 0 condorpool - 681
1646479720 individuals_ID0000015 POST_SCRIPT_STARTED 4562.0 condorpool - 681
1646479720 individuals_ID0000015 POST_SCRIPT_TERMINATED 4562.0 condorpool - 681
1646479725 individuals_ID0000015 POST_SCRIPT_SUCCESS 0 condorpool - 681
1646479720 individuals_ID0000011 POST_SCRIPT_TERMINATED 4566.0 condorpool - 685
1646479725 individuals_ID0000011 POST_SCRIPT_SUCCESS 0 condorpool - 685
1646479813 individuals_ID0000012 JOB_TERMINATED 4567.0 condorpool - 686
1646479815 individuals_ID0000012 JOB_SUCCESS 0 condorpool - 686
1646479815 individuals_ID0000012 POST_SCRIPT_STARTED 4567.0 condorpool - 686
1646479815 individuals_ID0000012 POST_SCRIPT_TERMINATED 4567.0 condorpool - 686
1646479820 individuals_ID0000012 POST_SCRIPT_SUCCESS 0 condorpool - 686
1646479824 individuals_ID0000013 JOB_TERMINATED 4568.0 condorpool - 687
1646479825 individuals_ID0000013 JOB_SUCCESS 0 condorpool - 687
1646479825 individuals_ID0000013 POST_SCRIPT_STARTED 4568.0 condorpool - 687
1646479825 individuals_ID0000013 POST_SCRIPT_TERMINATED 4568.0 condorpool - 687
1646479830 individuals_ID0000013 POST_SCRIPT_SUCCESS 0 condorpool - 687
1646479831 individuals_ID0000050 JOB_TERMINATED 4572.0 condorpool - 691
1646479835 individuals_ID0000050 JOB_SUCCESS 0 condorpool - 691
1646479835 individuals_ID0000050 POST_SCRIPT_STARTED 4572.0 condorpool - 691
1646479832 individuals_ID0000014 JOB_TERMINATED 4569.0 condorpool - 688
1646479835 individuals_ID0000014 JOB_SUCCESS 0 condorpool - 688
1646479835 individuals_ID0000014 POST_SCRIPT_STARTED 4569.0 condorpool - 688
1646479834 individuals_ID0000019 JOB_TERMINATED 4570.0 condorpool - 689
1646479835 individuals_ID0000019 JOB_SUCCESS 0 condorpool - 689
1646479835 individuals_ID0000019 POST_SCRIPT_STARTED 4570.0 condorpool - 689
1646479836 individuals_ID0000050 POST_SCRIPT_TERMINATED 4572.0 condorpool - 691
1646479840 individuals_ID0000050 POST_SCRIPT_SUCCESS 0 condorpool - 691
1646479836 individuals_ID0000014 POST_SCRIPT_TERMINATED 4569.0 condorpool - 688
1646479840 individuals_ID0000014 POST_SCRIPT_SUCCESS 0 condorpool - 688
1646479836 individuals_ID0000019 POST_SCRIPT_TERMINATED 4570.0 condorpool - 689
1646479840 individuals_ID0000019 POST_SCRIPT_SUCCESS 0 condorpool - 689
1646479842 individuals_ID0000028 JOB_TERMINATED 4575.0 condorpool - 694
1646479845 individuals_ID0000028 JOB_SUCCESS 0 condorpool - 694
1646479845 individuals_ID0000028 POST_SCRIPT_STARTED 4575.0 condorpool - 694
1646479845 individuals_ID0000028 POST_SCRIPT_TERMINATED 4575.0 condorpool - 694
1646479850 individuals_ID0000028 POST_SCRIPT_SUCCESS 0 condorpool - 694
1646479879 individuals_ID0000025 JOB_TERMINATED 4580.0 condorpool - 699
1646479880 individuals_ID0000025 JOB_SUCCESS 0 condorpool - 699
1646479880 individuals_ID0000025 POST_SCRIPT_STARTED 4580.0 condorpool - 699
1646479880 individuals_ID0000025 POST_SCRIPT_TERMINATED 4580.0 condorpool - 699
1646479885 individuals_ID0000025 POST_SCRIPT_SUCCESS 0 condorpool - 699
1646479921 individuals_ID0000026 JOB_TERMINATED 4573.0 condorpool - 692
1646479925 individuals_ID0000026 JOB_SUCCESS 0 condorpool - 692
1646479925 individuals_ID0000026 POST_SCRIPT_STARTED 4573.0 condorpool - 692
1646479924 individuals_ID0000021 JOB_TERMINATED 4582.0 condorpool - 701
1646479925 individuals_ID0000021 JOB_SUCCESS 0 condorpool - 701
1646479925 individuals_ID0000021 POST_SCRIPT_STARTED 4582.0 condorpool - 701
1646479926 individuals_ID0000026 POST_SCRIPT_TERMINATED 4573.0 condorpool - 692
1646479930 individuals_ID0000026 POST_SCRIPT_SUCCESS 0 condorpool - 692
1646479926 individuals_ID0000021 POST_SCRIPT_TERMINATED 4582.0 condorpool - 701
1646479930 individuals_ID0000021 POST_SCRIPT_SUCCESS 0 condorpool - 701
1646479933 individuals_ID0000010 JOB_TERMINATED 4571.0 condorpool - 690
1646479935 individuals_ID0000010 JOB_SUCCESS 0 condorpool - 690
1646479935 individuals_ID0000010 POST_SCRIPT_STARTED 4571.0 condorpool - 690
1646479935 individuals_ID0000010 POST_SCRIPT_TERMINATED 4571.0 condorpool - 690
1646479940 individuals_ID0000010 POST_SCRIPT_SUCCESS 0 condorpool - 690
1646479936 individuals_ID0000027 JOB_TERMINATED 4574.0 condorpool - 693
1646479940 individuals_ID0000027 JOB_SUCCESS 0 condorpool - 693
1646479940 individuals_ID0000027 POST_SCRIPT_STARTED 4574.0 condorpool - 693
1646479940 individuals_ID0000027 POST_SCRIPT_TERMINATED 4574.0 condorpool - 693
1646479945 individuals_ID0000027 POST_SCRIPT_SUCCESS 0 condorpool - 693
1646479951 individuals_ID0000029 JOB_TERMINATED 4576.0 condorpool - 695
1646479956 individuals_ID0000029 JOB_SUCCESS 0 condorpool - 695
1646479956 individuals_ID0000029 POST_SCRIPT_STARTED 4576.0 condorpool - 695
1646479952 individuals_ID0000022 JOB_TERMINATED 4577.0 condorpool - 696
1646479956 individuals_ID0000022 JOB_SUCCESS 0 condorpool - 696
1646479956 individuals_ID0000022 POST_SCRIPT_STARTED 4577.0 condorpool - 696
1646479956 individuals_ID0000029 POST_SCRIPT_TERMINATED 4576.0 condorpool - 695
1646479961 individuals_ID0000029 POST_SCRIPT_SUCCESS 0 condorpool - 695
1646479956 individuals_ID0000022 POST_SCRIPT_TERMINATED 4577.0 condorpool - 696
1646479961 individuals_ID0000022 POST_SCRIPT_SUCCESS 0 condorpool - 696
1646479960 individuals_ID0000024 JOB_TERMINATED 4579.0 condorpool - 698
1646479961 individuals_ID0000024 JOB_SUCCESS 0 condorpool - 698
1646479961 individuals_ID0000024 POST_SCRIPT_STARTED 4579.0 condorpool - 698
1646479961 individuals_ID0000024 POST_SCRIPT_TERMINATED 4579.0 condorpool - 698
1646479966 individuals_ID0000024 POST_SCRIPT_SUCCESS 0 condorpool - 698
1646479966 individuals_ID0000023 JOB_TERMINATED 4578.0 condorpool - 697
1646479971 individuals_ID0000023 JOB_SUCCESS 0 condorpool - 697
1646479971 individuals_ID0000023 POST_SCRIPT_STARTED 4578.0 condorpool - 697
1646479972 individuals_ID0000023 POST_SCRIPT_TERMINATED 4578.0 condorpool - 697
1646479976 individuals_ID0000023 POST_SCRIPT_SUCCESS 0 condorpool - 697
1646479974 individuals_ID0000020 JOB_TERMINATED 4581.0 condorpool - 700
1646479976 individuals_ID0000020 JOB_SUCCESS 0 condorpool - 700
1646479976 individuals_ID0000020 POST_SCRIPT_STARTED 4581.0 condorpool - 700
1646479976 individuals_ID0000020 POST_SCRIPT_TERMINATED 4581.0 condorpool - 700
1646479981 individuals_ID0000020 POST_SCRIPT_SUCCESS 0 condorpool - 700
1646479986 individuals_merge_ID0000051 SUBMIT 4584.0 condorpool - 703
1646479990 individuals_merge_ID0000051 EXECUTE 4584.0 condorpool - 703
1646484036 individuals_merge_ID0000051 JOB_TERMINATED 4584.0 condorpool - 703
1646484040 individuals_merge_ID0000051 JOB_SUCCESS 0 condorpool - 703
1646484040 individuals_merge_ID0000051 POST_SCRIPT_STARTED 4584.0 condorpool - 703
1646484040 individuals_merge_ID0000051 POST_SCRIPT_TERMINATED 4584.0 condorpool - 703
1646484045 individuals_merge_ID0000051 POST_SCRIPT_SUCCESS 0 condorpool - 703
1646484050 frequency_ID0000060 SUBMIT 4585.0 condorpool - 704
1646484050 frequency_ID0000062 SUBMIT 4586.0 condorpool - 705
1646484050 mutation_overlap_ID0000053 SUBMIT 4587.0 condorpool - 706
1646484050 mutation_overlap_ID0000063 SUBMIT 4588.0 condorpool - 707
1646484050 frequency_ID0000058 SUBMIT 4589.0 condorpool - 708
1646484051 frequency_ID0000060 EXECUTE 4585.0 condorpool - 704
1646484051 frequency_ID0000062 EXECUTE 4586.0 condorpool - 705
1646484055 mutation_overlap_ID0000055 SUBMIT 4590.0 condorpool - 709
1646484055 mutation_overlap_ID0000065 SUBMIT 4591.0 condorpool - 710
1646484055 frequency_ID0000064 SUBMIT 4592.0 condorpool - 711
1646484055 frequency_ID0000054 SUBMIT 4593.0 condorpool - 712
1646484055 frequency_ID0000066 SUBMIT 4594.0 condorpool - 713
1646484060 mutation_overlap_ID0000061 SUBMIT 4595.0 condorpool - 714
1646484060 frequency_ID0000056 SUBMIT 4596.0 condorpool - 715
1646484061 mutation_overlap_ID0000057 SUBMIT 4597.0 condorpool - 716
1646484061 mutation_overlap_ID0000059 SUBMIT 4598.0 condorpool - 717
1646484072 mutation_overlap_ID0000057 EXECUTE 4597.0 condorpool - 716
1646484072 mutation_overlap_ID0000059 EXECUTE 4598.0 condorpool - 717
1646484072 mutation_overlap_ID0000063 EXECUTE 4588.0 condorpool - 707
1646484072 frequency_ID0000054 EXECUTE 4593.0 condorpool - 712
1646484072 mutation_overlap_ID0000053 EXECUTE 4587.0 condorpool - 706
1646484072 frequency_ID0000058 EXECUTE 4589.0 condorpool - 708
1646484072 frequency_ID0000066 EXECUTE 4594.0 condorpool - 713
1646484072 mutation_overlap_ID0000065 EXECUTE 4591.0 condorpool - 710
1646484072 mutation_overlap_ID0000055 EXECUTE 4590.0 condorpool - 709
1646484072 mutation_overlap_ID0000061 EXECUTE 4595.0 condorpool - 714
1646484072 frequency_ID0000056 EXECUTE 4596.0 condorpool - 715
1646484072 frequency_ID0000064 EXECUTE 4592.0 condorpool - 711
1646484273 mutation_overlap_ID0000063 JOB_TERMINATED 4588.0 condorpool - 707
1646484276 mutation_overlap_ID0000063 JOB_SUCCESS 0 condorpool - 707
1646484276 mutation_overlap_ID0000063 POST_SCRIPT_STARTED 4588.0 condorpool - 707
1646484275 mutation_overlap_ID0000059 JOB_TERMINATED 4598.0 condorpool - 717
1646484276 mutation_overlap_ID0000059 JOB_SUCCESS 0 condorpool - 717
1646484276 mutation_overlap_ID0000059 POST_SCRIPT_STARTED 4598.0 condorpool - 717
1646484275 mutation_overlap_ID0000065 JOB_TERMINATED 4591.0 condorpool - 710
1646484276 mutation_overlap_ID0000065 JOB_SUCCESS 0 condorpool - 710
1646484276 mutation_overlap_ID0000065 POST_SCRIPT_STARTED 4591.0 condorpool - 710
1646484275 mutation_overlap_ID0000061 JOB_TERMINATED 4595.0 condorpool - 714
1646484276 mutation_overlap_ID0000061 JOB_SUCCESS 0 condorpool - 714
1646484276 mutation_overlap_ID0000061 POST_SCRIPT_STARTED 4595.0 condorpool - 714
1646484276 mutation_overlap_ID0000065 POST_SCRIPT_TERMINATED 4591.0 condorpool - 710
1646484281 mutation_overlap_ID0000065 POST_SCRIPT_SUCCESS 0 condorpool - 710
1646484276 mutation_overlap_ID0000063 POST_SCRIPT_TERMINATED 4588.0 condorpool - 707
1646484281 mutation_overlap_ID0000063 POST_SCRIPT_SUCCESS 0 condorpool - 707
1646484276 mutation_overlap_ID0000059 POST_SCRIPT_TERMINATED 4598.0 condorpool - 717
1646484281 mutation_overlap_ID0000059 POST_SCRIPT_SUCCESS 0 condorpool - 717
1646484276 mutation_overlap_ID0000061 POST_SCRIPT_TERMINATED 4595.0 condorpool - 714
1646484281 mutation_overlap_ID0000061 POST_SCRIPT_SUCCESS 0 condorpool - 714
1646484277 mutation_overlap_ID0000055 JOB_TERMINATED 4590.0 condorpool - 709
1646484281 mutation_overlap_ID0000055 JOB_SUCCESS 0 condorpool - 709
1646484281 mutation_overlap_ID0000055 POST_SCRIPT_STARTED 4590.0 condorpool - 709
1646484278 mutation_overlap_ID0000053 JOB_TERMINATED 4587.0 condorpool - 706
1646484281 mutation_overlap_ID0000053 JOB_SUCCESS 0 condorpool - 706
1646484281 mutation_overlap_ID0000053 POST_SCRIPT_STARTED 4587.0 condorpool - 706
1646484281 mutation_overlap_ID0000055 POST_SCRIPT_TERMINATED 4590.0 condorpool - 709
1646484286 mutation_overlap_ID0000055 POST_SCRIPT_SUCCESS 0 condorpool - 709
1646484281 mutation_overlap_ID0000053 POST_SCRIPT_TERMINATED 4587.0 condorpool - 706
1646484286 mutation_overlap_ID0000053 POST_SCRIPT_SUCCESS 0 condorpool - 706
1646484318 mutation_overlap_ID0000057 JOB_TERMINATED 4597.0 condorpool - 716
1646484321 mutation_overlap_ID0000057 JOB_SUCCESS 0 condorpool - 716
1646484321 mutation_overlap_ID0000057 POST_SCRIPT_STARTED 4597.0 condorpool - 716
1646484322 mutation_overlap_ID0000057 POST_SCRIPT_TERMINATED 4597.0 condorpool - 716
1646484326 mutation_overlap_ID0000057 POST_SCRIPT_SUCCESS 0 condorpool - 716
1646484703 frequency_ID0000060 JOB_TERMINATED 4585.0 condorpool - 704
1646484706 frequency_ID0000060 JOB_SUCCESS 0 condorpool - 704
1646484706 frequency_ID0000060 POST_SCRIPT_STARTED 4585.0 condorpool - 704
1646484706 frequency_ID0000060 POST_SCRIPT_TERMINATED 4585.0 condorpool - 704
1646484711 frequency_ID0000060 POST_SCRIPT_SUCCESS 0 condorpool - 704
1646484708 frequency_ID0000062 JOB_TERMINATED 4586.0 condorpool - 705
1646484711 frequency_ID0000062 JOB_SUCCESS 0 condorpool - 705
1646484711 frequency_ID0000062 POST_SCRIPT_STARTED 4586.0 condorpool - 705
1646484712 frequency_ID0000062 POST_SCRIPT_TERMINATED 4586.0 condorpool - 705
1646484716 frequency_ID0000062 POST_SCRIPT_SUCCESS 0 condorpool - 705
1646484723 frequency_ID0000064 JOB_TERMINATED 4592.0 condorpool - 711
1646484726 frequency_ID0000064 JOB_SUCCESS 0 condorpool - 711
1646484726 frequency_ID0000064 POST_SCRIPT_STARTED 4592.0 condorpool - 711
1646484726 frequency_ID0000064 POST_SCRIPT_TERMINATED 4592.0 condorpool - 711
1646484731 frequency_ID0000064 POST_SCRIPT_SUCCESS 0 condorpool - 711
1646484735 frequency_ID0000058 JOB_TERMINATED 4589.0 condorpool - 708
1646484736 frequency_ID0000058 JOB_SUCCESS 0 condorpool - 708
1646484736 frequency_ID0000058 POST_SCRIPT_STARTED 4589.0 condorpool - 708
1646484737 frequency_ID0000058 POST_SCRIPT_TERMINATED 4589.0 condorpool - 708
1646484741 frequency_ID0000058 POST_SCRIPT_SUCCESS 0 condorpool - 708
1646484758 frequency_ID0000066 JOB_TERMINATED 4594.0 condorpool - 713
1646484761 frequency_ID0000066 JOB_SUCCESS 0 condorpool - 713
1646484761 frequency_ID0000066 POST_SCRIPT_STARTED 4594.0 condorpool - 713
1646484761 frequency_ID0000066 POST_SCRIPT_TERMINATED 4594.0 condorpool - 713
1646484766 frequency_ID0000066 POST_SCRIPT_SUCCESS 0 condorpool - 713
1646484778 frequency_ID0000056 JOB_TERMINATED 4596.0 condorpool - 715
1646484781 frequency_ID0000056 JOB_SUCCESS 0 condorpool - 715
1646484781 frequency_ID0000056 POST_SCRIPT_STARTED 4596.0 condorpool - 715
1646484782 frequency_ID0000056 POST_SCRIPT_TERMINATED 4596.0 condorpool - 715
1646484786 frequency_ID0000056 POST_SCRIPT_SUCCESS 0 condorpool - 715
1646484786 frequency_ID0000054 JOB_TERMINATED 4593.0 condorpool - 712
1646484791 frequency_ID0000054 JOB_SUCCESS 0 condorpool - 712
1646484791 frequency_ID0000054 POST_SCRIPT_STARTED 4593.0 condorpool - 712
1646484791 stage_out_local_local_2_1 SUBMIT 4599.0 local - 718
1646484791 stage_out_local_local_2_1 EXECUTE 4599.0 local - 718
1646484791 frequency_ID0000054 POST_SCRIPT_TERMINATED 4593.0 condorpool - 712
1646484796 frequency_ID0000054 POST_SCRIPT_SUCCESS 0 condorpool - 712
1646484795 stage_out_local_local_2_1 JOB_TERMINATED 4599.0 local - 718
1646484796 stage_out_local_local_2_1 JOB_SUCCESS 0 local - 718
1646484796 stage_out_local_local_2_1 POST_SCRIPT_STARTED 4599.0 local - 718
1646484796 stage_out_local_local_2_1 POST_SCRIPT_TERMINATED 4599.0 local - 718
1646484802 stage_out_local_local_2_1 POST_SCRIPT_SUCCESS 0 local - 718
1646484802 stage_out_local_local_2_0 SUBMIT 4600.0 local - 719
1646484802 stage_out_local_local_2_0 EXECUTE 4600.0 local - 719
1646484806 stage_out_local_local_2_0 JOB_TERMINATED 4600.0 local - 719
1646484807 stage_out_local_local_2_0 JOB_SUCCESS 0 local - 719
1646484807 stage_out_local_local_2_0 POST_SCRIPT_STARTED 4600.0 local - 719
1646484807 stage_out_local_local_2_0 POST_SCRIPT_TERMINATED 4600.0 local - 719
1646484812 stage_out_local_local_2_0 POST_SCRIPT_SUCCESS 0 local - 719
1646484817 cleanup_1000-genome_0_local SUBMIT 4601.0 local - 720
1646484817 cleanup_1000-genome_0_local EXECUTE 4601.0 local - 720
1646484819 cleanup_1000-genome_0_local JOB_TERMINATED 4601.0 local - 720
1646484822 cleanup_1000-genome_0_local JOB_SUCCESS 0 local - 720
1646484822 cleanup_1000-genome_0_local POST_SCRIPT_STARTED 4601.0 local - 720
1646484822 cleanup_1000-genome_0_local POST_SCRIPT_TERMINATED 4601.0 local - 720
1646484827 cleanup_1000-genome_0_local POST_SCRIPT_SUCCESS 0 local - 720
1646484827 INTERNAL *** DAGMAN_FINISHED 0 ***
1646484829 INTERNAL *** MONITORD_FINISHED 0 ***
