1646447858 INTERNAL *** MONITORD_STARTED ***
1646447857 INTERNAL *** DAGMAN_STARTED 4197.0 ***
1646447861 create_dir_1000-genome_0_local SUBMIT 4198.0 local - 321
1646447862 create_dir_1000-genome_0_local EXECUTE 4198.0 local - 321
1646447865 create_dir_1000-genome_0_local JOB_TERMINATED 4198.0 local - 321
1646447866 create_dir_1000-genome_0_local JOB_SUCCESS 0 local - 321
1646447866 create_dir_1000-genome_0_local POST_SCRIPT_STARTED 4198.0 local - 321
1646447866 create_dir_1000-genome_0_local POST_SCRIPT_TERMINATED 4198.0 local - 321
1646447871 create_dir_1000-genome_0_local POST_SCRIPT_SUCCESS 0 local - 321
1646447876 stage_in_remote_local_2_0 SUBMIT 4199.0 local - 322
1646447876 stage_in_remote_local_2_0 EXECUTE 4199.0 local - 322
1646447876 stage_in_remote_local_1_0 SUBMIT 4200.0 local - 323
1646447876 stage_in_remote_local_0_0 SUBMIT 4201.0 local - 324
1646447876 stage_in_local_local_0_0 SUBMIT 4202.0 local - 325
1646447876 stage_in_local_local_2_0 SUBMIT 4203.0 local - 326
1646447878 stage_in_remote_local_2_0 JOB_TERMINATED 4199.0 local - 322
1646447882 stage_in_remote_local_2_0 JOB_SUCCESS 0 local - 322
1646447882 stage_in_remote_local_2_0 POST_SCRIPT_STARTED 4199.0 local - 322
1646447879 stage_in_local_local_2_0 EXECUTE 4203.0 local - 326
1646447879 stage_in_local_local_0_0 EXECUTE 4202.0 local - 325
1646447879 stage_in_remote_local_0_0 EXECUTE 4201.0 local - 324
1646447879 stage_in_remote_local_1_0 EXECUTE 4200.0 local - 323
1646447881 stage_in_remote_local_1_0 JOB_TERMINATED 4200.0 local - 323
1646447882 stage_in_remote_local_1_0 JOB_SUCCESS 0 local - 323
1646447882 stage_in_remote_local_1_0 POST_SCRIPT_STARTED 4200.0 local - 323
1646447881 stage_in_local_local_0_0 JOB_TERMINATED 4202.0 local - 325
1646447882 stage_in_local_local_0_0 JOB_SUCCESS 0 local - 325
1646447882 stage_in_local_local_0_0 POST_SCRIPT_STARTED 4202.0 local - 325
1646447881 stage_in_remote_local_0_0 JOB_TERMINATED 4201.0 local - 324
1646447882 stage_in_remote_local_0_0 JOB_SUCCESS 0 local - 324
1646447882 stage_in_remote_local_0_0 POST_SCRIPT_STARTED 4201.0 local - 324
1646447881 stage_in_remote_local_0_1 SUBMIT 4204.0 local - 327
1646447881 stage_in_remote_local_0_1 EXECUTE 4204.0 local - 327
1646447881 stage_in_local_local_0_1 SUBMIT 4205.0 local - 328
1646447882 stage_in_local_local_0_1 EXECUTE 4205.0 local - 328
1646447882 stage_in_local_local_2_1 SUBMIT 4206.0 local - 329
1646447882 stage_in_remote_local_2_1 SUBMIT 4207.0 local - 330
1646447882 stage_in_local_local_0_2 SUBMIT 4208.0 local - 331
1646447882 stage_in_remote_local_2_0 POST_SCRIPT_TERMINATED 4199.0 local - 322
1646447887 stage_in_remote_local_2_0 POST_SCRIPT_SUCCESS 0 local - 322
1646447882 stage_in_remote_local_0_0 POST_SCRIPT_TERMINATED 4201.0 local - 324
1646447887 stage_in_remote_local_0_0 POST_SCRIPT_SUCCESS 0 local - 324
1646447882 stage_in_local_local_0_0 POST_SCRIPT_TERMINATED 4202.0 local - 325
1646447887 stage_in_local_local_0_0 POST_SCRIPT_SUCCESS 0 local - 325
1646447882 stage_in_remote_local_1_0 POST_SCRIPT_TERMINATED 4200.0 local - 323
1646447887 stage_in_remote_local_1_0 POST_SCRIPT_SUCCESS 0 local - 323
1646447883 stage_in_local_local_2_0 JOB_TERMINATED 4203.0 local - 326
1646447887 stage_in_local_local_2_0 JOB_SUCCESS 0 local - 326
1646447887 stage_in_local_local_2_0 POST_SCRIPT_STARTED 4203.0 local - 326
1646447883 stage_in_local_local_0_2 EXECUTE 4208.0 local - 331
1646447883 stage_in_remote_local_2_1 EXECUTE 4207.0 local - 330
1646447883 stage_in_local_local_2_1 EXECUTE 4206.0 local - 329
1646447884 stage_in_remote_local_0_1 JOB_TERMINATED 4204.0 local - 327
1646447887 stage_in_remote_local_0_1 JOB_SUCCESS 0 local - 327
1646447887 stage_in_remote_local_0_1 POST_SCRIPT_STARTED 4204.0 local - 327
1646447884 stage_in_local_local_0_1 JOB_TERMINATED 4205.0 local - 328
1646447887 stage_in_local_local_0_1 JOB_SUCCESS 0 local - 328
1646447887 stage_in_local_local_0_1 POST_SCRIPT_STARTED 4205.0 local - 328
1646447885 stage_in_remote_local_2_1 JOB_TERMINATED 4207.0 local - 330
1646447887 stage_in_remote_local_2_1 JOB_SUCCESS 0 local - 330
1646447887 stage_in_remote_local_2_1 POST_SCRIPT_STARTED 4207.0 local - 330
1646447885 stage_in_local_local_0_2 JOB_TERMINATED 4208.0 local - 331
1646447887 stage_in_local_local_0_2 JOB_SUCCESS 0 local - 331
1646447887 stage_in_local_local_0_2 POST_SCRIPT_STARTED 4208.0 local - 331
1646447887 stage_in_local_local_2_1 JOB_TERMINATED 4206.0 local - 329
1646447892 stage_in_local_local_2_1 JOB_SUCCESS 0 local - 329
1646447892 stage_in_local_local_2_1 POST_SCRIPT_STARTED 4206.0 local - 329
1646447887 stage_in_remote_local_0_1 POST_SCRIPT_TERMINATED 4204.0 local - 327
1646447892 stage_in_remote_local_0_1 POST_SCRIPT_SUCCESS 0 local - 327
1646447887 stage_in_local_local_0_1 POST_SCRIPT_TERMINATED 4205.0 local - 328
1646447892 stage_in_local_local_0_1 POST_SCRIPT_SUCCESS 0 local - 328
1646447887 stage_in_local_local_2_0 POST_SCRIPT_TERMINATED 4203.0 local - 326
1646447892 stage_in_local_local_2_0 POST_SCRIPT_SUCCESS 0 local - 326
1646447887 stage_in_remote_local_2_1 POST_SCRIPT_TERMINATED 4207.0 local - 330
1646447892 stage_in_remote_local_2_1 POST_SCRIPT_SUCCESS 0 local - 330
1646447887 stage_in_local_local_0_2 POST_SCRIPT_TERMINATED 4208.0 local - 331
1646447892 stage_in_local_local_0_2 POST_SCRIPT_SUCCESS 0 local - 331
1646447892 stage_in_local_local_2_1 POST_SCRIPT_TERMINATED 4206.0 local - 329
1646447898 stage_in_local_local_2_1 POST_SCRIPT_SUCCESS 0 local - 329
1646447897 individuals_ID0000037 SUBMIT 4209.0 condorpool - 332
1646447897 individuals_ID0000038 SUBMIT 4210.0 condorpool - 333
1646447897 individuals_ID0000039 SUBMIT 4211.0 condorpool - 334
1646447898 individuals_ID0000033 SUBMIT 4212.0 condorpool - 335
1646447898 individuals_ID0000034 SUBMIT 4213.0 condorpool - 336
1646447903 individuals_ID0000035 SUBMIT 4214.0 condorpool - 337
1646447903 individuals_ID0000036 SUBMIT 4215.0 condorpool - 338
1646447903 individuals_ID0000030 SUBMIT 4216.0 condorpool - 339
1646447903 individuals_ID0000031 SUBMIT 4217.0 condorpool - 340
1646447903 individuals_ID0000032 SUBMIT 4218.0 condorpool - 341
1646447908 individuals_ID0000004 SUBMIT 4219.0 condorpool - 342
1646447908 individuals_ID0000048 SUBMIT 4220.0 condorpool - 343
1646447908 individuals_ID0000005 SUBMIT 4221.0 condorpool - 344
1646447908 individuals_ID0000049 SUBMIT 4222.0 condorpool - 345
1646447908 individuals_ID0000006 SUBMIT 4223.0 condorpool - 346
1646447913 individuals_ID0000007 SUBMIT 4224.0 condorpool - 347
1646447913 individuals_ID0000044 SUBMIT 4225.0 condorpool - 348
1646447913 individuals_ID0000001 SUBMIT 4226.0 condorpool - 349
1646447913 individuals_ID0000045 SUBMIT 4227.0 condorpool - 350
1646447913 individuals_ID0000002 SUBMIT 4228.0 condorpool - 351
1646447918 individuals_ID0000046 SUBMIT 4229.0 condorpool - 352
1646447918 individuals_ID0000003 SUBMIT 4230.0 condorpool - 353
1646447918 individuals_ID0000047 SUBMIT 4231.0 condorpool - 354
1646447918 individuals_ID0000008 SUBMIT 4232.0 condorpool - 355
1646447918 individuals_ID0000009 SUBMIT 4233.0 condorpool - 356
1646447923 individuals_ID0000040 SUBMIT 4234.0 condorpool - 357
1646447924 individuals_ID0000041 SUBMIT 4235.0 condorpool - 358
1646447924 individuals_ID0000042 SUBMIT 4236.0 condorpool - 359
1646447924 individuals_ID0000043 SUBMIT 4237.0 condorpool - 360
1646447924 individuals_ID0000015 SUBMIT 4238.0 condorpool - 361
1646447926 individuals_ID0000034 EXECUTE 4213.0 condorpool - 336
1646447926 individuals_ID0000036 EXECUTE 4215.0 condorpool - 338
1646447926 individuals_ID0000030 EXECUTE 4216.0 condorpool - 339
1646447926 individuals_ID0000035 EXECUTE 4214.0 condorpool - 337
1646447926 individuals_ID0000037 EXECUTE 4209.0 condorpool - 332
1646447926 individuals_ID0000038 EXECUTE 4210.0 condorpool - 333
1646447926 individuals_ID0000039 EXECUTE 4211.0 condorpool - 334
1646447926 individuals_ID0000033 EXECUTE 4212.0 condorpool - 335
1646447929 individuals_ID0000016 SUBMIT 4239.0 condorpool - 362
1646447929 individuals_ID0000017 SUBMIT 4240.0 condorpool - 363
1646447929 individuals_ID0000018 SUBMIT 4241.0 condorpool - 364
1646447929 individuals_ID0000011 SUBMIT 4242.0 condorpool - 365
1646447929 individuals_ID0000012 SUBMIT 4243.0 condorpool - 366
1646447934 individuals_ID0000013 SUBMIT 4244.0 condorpool - 367
1646447934 individuals_ID0000014 SUBMIT 4245.0 condorpool - 368
1646447934 individuals_ID0000019 SUBMIT 4246.0 condorpool - 369
1646447934 individuals_ID0000010 SUBMIT 4247.0 condorpool - 370
1646447934 individuals_ID0000050 SUBMIT 4248.0 condorpool - 371
1646447939 individuals_ID0000026 SUBMIT 4249.0 condorpool - 372
1646447939 individuals_ID0000027 SUBMIT 4250.0 condorpool - 373
1646447939 individuals_ID0000028 SUBMIT 4251.0 condorpool - 374
1646447939 individuals_ID0000029 SUBMIT 4252.0 condorpool - 375
1646447939 individuals_ID0000022 SUBMIT 4253.0 condorpool - 376
1646447944 individuals_ID0000023 SUBMIT 4254.0 condorpool - 377
1646447944 individuals_ID0000024 SUBMIT 4255.0 condorpool - 378
1646447944 individuals_ID0000025 SUBMIT 4256.0 condorpool - 379
1646447945 individuals_ID0000020 SUBMIT 4257.0 condorpool - 380
1646447945 individuals_ID0000021 SUBMIT 4258.0 condorpool - 381
1646447950 sifting_ID0000052 SUBMIT 4259.0 condorpool - 382
1646448287 individuals_ID0000036 JOB_TERMINATED 4215.0 condorpool - 338
1646448290 individuals_ID0000036 JOB_SUCCESS 0 condorpool - 338
1646448290 individuals_ID0000036 POST_SCRIPT_STARTED 4215.0 condorpool - 338
1646448289 individuals_ID0000030 JOB_TERMINATED 4216.0 condorpool - 339
1646448290 individuals_ID0000030 JOB_SUCCESS 0 condorpool - 339
1646448290 individuals_ID0000030 POST_SCRIPT_STARTED 4216.0 condorpool - 339
1646448290 individuals_ID0000035 JOB_TERMINATED 4214.0 condorpool - 337
1646448295 individuals_ID0000035 JOB_SUCCESS 0 condorpool - 337
1646448295 individuals_ID0000035 POST_SCRIPT_STARTED 4214.0 condorpool - 337
1646448290 individuals_ID0000031 EXECUTE 4217.0 condorpool - 340
1646448290 individuals_ID0000030 POST_SCRIPT_TERMINATED 4216.0 condorpool - 339
1646448295 individuals_ID0000030 POST_SCRIPT_SUCCESS 0 condorpool - 339
1646448290 individuals_ID0000036 POST_SCRIPT_TERMINATED 4215.0 condorpool - 338
1646448295 individuals_ID0000036 POST_SCRIPT_SUCCESS 0 condorpool - 338
1646448292 individuals_ID0000032 EXECUTE 4218.0 condorpool - 341
1646448294 individuals_ID0000004 EXECUTE 4219.0 condorpool - 342
1646448296 individuals_ID0000035 POST_SCRIPT_TERMINATED 4214.0 condorpool - 337
1646448300 individuals_ID0000035 POST_SCRIPT_SUCCESS 0 condorpool - 337
1646448297 individuals_ID0000034 JOB_TERMINATED 4213.0 condorpool - 336
1646448300 individuals_ID0000034 JOB_SUCCESS 0 condorpool - 336
1646448300 individuals_ID0000034 POST_SCRIPT_STARTED 4213.0 condorpool - 336
1646448300 individuals_ID0000034 POST_SCRIPT_TERMINATED 4213.0 condorpool - 336
1646448305 individuals_ID0000034 POST_SCRIPT_SUCCESS 0 condorpool - 336
1646448300 individuals_ID0000048 EXECUTE 4220.0 condorpool - 343
1646448402 individuals_ID0000037 JOB_TERMINATED 4209.0 condorpool - 332
1646448405 individuals_ID0000037 JOB_SUCCESS 0 condorpool - 332
1646448405 individuals_ID0000037 POST_SCRIPT_STARTED 4209.0 condorpool - 332
1646448405 individuals_ID0000037 POST_SCRIPT_TERMINATED 4209.0 condorpool - 332
1646448410 individuals_ID0000037 POST_SCRIPT_SUCCESS 0 condorpool - 332
1646448405 individuals_ID0000005 EXECUTE 4221.0 condorpool - 344
1646448407 individuals_ID0000033 JOB_TERMINATED 4212.0 condorpool - 335
1646448410 individuals_ID0000033 JOB_SUCCESS 0 condorpool - 335
1646448410 individuals_ID0000033 POST_SCRIPT_STARTED 4212.0 condorpool - 335
1646448408 individuals_ID0000039 JOB_TERMINATED 4211.0 condorpool - 334
1646448410 individuals_ID0000039 JOB_SUCCESS 0 condorpool - 334
1646448410 individuals_ID0000039 POST_SCRIPT_STARTED 4211.0 condorpool - 334
1646448409 individuals_ID0000038 JOB_TERMINATED 4210.0 condorpool - 333
1646448410 individuals_ID0000038 JOB_SUCCESS 0 condorpool - 333
1646448410 individuals_ID0000038 POST_SCRIPT_STARTED 4210.0 condorpool - 333
1646448411 individuals_ID0000039 POST_SCRIPT_TERMINATED 4211.0 condorpool - 334
1646448415 individuals_ID0000039 POST_SCRIPT_SUCCESS 0 condorpool - 334
1646448411 individuals_ID0000038 POST_SCRIPT_TERMINATED 4210.0 condorpool - 333
1646448415 individuals_ID0000038 POST_SCRIPT_SUCCESS 0 condorpool - 333
1646448411 individuals_ID0000033 POST_SCRIPT_TERMINATED 4212.0 condorpool - 335
1646448415 individuals_ID0000033 POST_SCRIPT_SUCCESS 0 condorpool - 335
1646448412 individuals_ID0000049 EXECUTE 4222.0 condorpool - 345
1646448412 individuals_ID0000006 EXECUTE 4223.0 condorpool - 346
1646448414 individuals_ID0000007 EXECUTE 4224.0 condorpool - 347
1646448670 individuals_ID0000031 JOB_TERMINATED 4217.0 condorpool - 340
1646448675 individuals_ID0000031 JOB_SUCCESS 0 condorpool - 340
1646448675 individuals_ID0000031 POST_SCRIPT_STARTED 4217.0 condorpool - 340
1646448674 individuals_ID0000044 EXECUTE 4225.0 condorpool - 348
1646448675 individuals_ID0000031 POST_SCRIPT_TERMINATED 4217.0 condorpool - 340
1646448680 individuals_ID0000031 POST_SCRIPT_SUCCESS 0 condorpool - 340
1646448678 individuals_ID0000004 JOB_TERMINATED 4219.0 condorpool - 342
1646448680 individuals_ID0000004 JOB_SUCCESS 0 condorpool - 342
1646448680 individuals_ID0000004 POST_SCRIPT_STARTED 4219.0 condorpool - 342
1646448678 individuals_ID0000032 JOB_TERMINATED 4218.0 condorpool - 341
1646448680 individuals_ID0000032 JOB_SUCCESS 0 condorpool - 341
1646448680 individuals_ID0000032 POST_SCRIPT_STARTED 4218.0 condorpool - 341
1646448681 individuals_ID0000032 POST_SCRIPT_TERMINATED 4218.0 condorpool - 341
1646448685 individuals_ID0000032 POST_SCRIPT_SUCCESS 0 condorpool - 341
1646448681 individuals_ID0000004 POST_SCRIPT_TERMINATED 4219.0 condorpool - 342
1646448685 individuals_ID0000004 POST_SCRIPT_SUCCESS 0 condorpool - 342
1646448682 individuals_ID0000001 EXECUTE 4226.0 condorpool - 349
1646448683 individuals_ID0000045 EXECUTE 4227.0 condorpool - 350
1646448684 individuals_ID0000048 JOB_TERMINATED 4220.0 condorpool - 343
1646448685 individuals_ID0000048 JOB_SUCCESS 0 condorpool - 343
1646448685 individuals_ID0000048 POST_SCRIPT_STARTED 4220.0 condorpool - 343
1646448685 individuals_ID0000048 POST_SCRIPT_TERMINATED 4220.0 condorpool - 343
1646448690 individuals_ID0000048 POST_SCRIPT_SUCCESS 0 condorpool - 343
1646448688 individuals_ID0000002 EXECUTE 4228.0 condorpool - 351
1646448758 individuals_ID0000001 JOB_TERMINATED 4226.0 condorpool - 349
1646448760 individuals_ID0000001 JOB_SUCCESS 0 condorpool - 349
1646448760 individuals_ID0000001 POST_SCRIPT_STARTED 4226.0 condorpool - 349
1646448760 individuals_ID0000001 POST_SCRIPT_TERMINATED 4226.0 condorpool - 349
1646448766 individuals_ID0000001 POST_SCRIPT_SUCCESS 0 condorpool - 349
1646448762 individuals_ID0000046 EXECUTE 4229.0 condorpool - 352
1646448934 individuals_ID0000005 JOB_TERMINATED 4221.0 condorpool - 344
1646448936 individuals_ID0000005 JOB_SUCCESS 0 condorpool - 344
1646448936 individuals_ID0000005 POST_SCRIPT_STARTED 4221.0 condorpool - 344
1646448936 individuals_ID0000005 POST_SCRIPT_TERMINATED 4221.0 condorpool - 344
1646448941 individuals_ID0000005 POST_SCRIPT_SUCCESS 0 condorpool - 344
1646448938 individuals_ID0000003 EXECUTE 4230.0 condorpool - 353
1646448941 individuals_ID0000049 JOB_TERMINATED 4222.0 condorpool - 345
1646448941 individuals_ID0000049 JOB_SUCCESS 0 condorpool - 345
1646448941 individuals_ID0000049 POST_SCRIPT_STARTED 4222.0 condorpool - 345
1646448941 individuals_ID0000049 POST_SCRIPT_TERMINATED 4222.0 condorpool - 345
1646448946 individuals_ID0000049 POST_SCRIPT_SUCCESS 0 condorpool - 345
1646448942 individuals_ID0000007 JOB_TERMINATED 4224.0 condorpool - 347
1646448946 individuals_ID0000007 JOB_SUCCESS 0 condorpool - 347
1646448946 individuals_ID0000007 POST_SCRIPT_STARTED 4224.0 condorpool - 347
1646448944 individuals_ID0000047 EXECUTE 4231.0 condorpool - 354
1646448946 individuals_ID0000008 EXECUTE 4232.0 condorpool - 355
1646448947 individuals_ID0000007 POST_SCRIPT_TERMINATED 4224.0 condorpool - 347
1646448951 individuals_ID0000007 POST_SCRIPT_SUCCESS 0 condorpool - 347
1646448948 individuals_ID0000006 JOB_TERMINATED 4223.0 condorpool - 346
1646448951 individuals_ID0000006 JOB_SUCCESS 0 condorpool - 346
1646448951 individuals_ID0000006 POST_SCRIPT_STARTED 4223.0 condorpool - 346
1646448951 individuals_ID0000006 POST_SCRIPT_TERMINATED 4223.0 condorpool - 346
1646448956 individuals_ID0000006 POST_SCRIPT_SUCCESS 0 condorpool - 346
1646448953 individuals_ID0000009 EXECUTE 4233.0 condorpool - 356
1646449006 individuals_ID0000002 JOB_TERMINATED 4228.0 condorpool - 351
1646449006 individuals_ID0000002 JOB_SUCCESS 0 condorpool - 351
1646449006 individuals_ID0000002 POST_SCRIPT_STARTED 4228.0 condorpool - 351
1646449006 individuals_ID0000002 POST_SCRIPT_TERMINATED 4228.0 condorpool - 351
1646449011 individuals_ID0000002 POST_SCRIPT_SUCCESS 0 condorpool - 351
1646449010 individuals_ID0000040 EXECUTE 4234.0 condorpool - 357
1646449055 individuals_ID0000044 JOB_TERMINATED 4225.0 condorpool - 348
1646449056 individuals_ID0000044 JOB_SUCCESS 0 condorpool - 348
1646449056 individuals_ID0000044 POST_SCRIPT_STARTED 4225.0 condorpool - 348
1646449057 individuals_ID0000044 POST_SCRIPT_TERMINATED 4225.0 condorpool - 348
1646449061 individuals_ID0000044 POST_SCRIPT_SUCCESS 0 condorpool - 348
1646449059 individuals_ID0000041 EXECUTE 4235.0 condorpool - 358
1646449066 individuals_ID0000045 JOB_TERMINATED 4227.0 condorpool - 350
1646449071 individuals_ID0000045 JOB_SUCCESS 0 condorpool - 350
1646449071 individuals_ID0000045 POST_SCRIPT_STARTED 4227.0 condorpool - 350
1646449070 individuals_ID0000042 EXECUTE 4236.0 condorpool - 359
1646449071 individuals_ID0000045 POST_SCRIPT_TERMINATED 4227.0 condorpool - 350
1646449076 individuals_ID0000045 POST_SCRIPT_SUCCESS 0 condorpool - 350
1646449143 individuals_ID0000046 JOB_TERMINATED 4229.0 condorpool - 352
1646449146 individuals_ID0000046 JOB_SUCCESS 0 condorpool - 352
1646449146 individuals_ID0000046 POST_SCRIPT_STARTED 4229.0 condorpool - 352
1646449147 individuals_ID0000046 POST_SCRIPT_TERMINATED 4229.0 condorpool - 352
1646449151 individuals_ID0000046 POST_SCRIPT_SUCCESS 0 condorpool - 352
1646449160 individuals_ID0000043 EXECUTE 4237.0 condorpool - 360
1646449394 individuals_ID0000040 JOB_TERMINATED 4234.0 condorpool - 357
1646449396 individuals_ID0000040 JOB_SUCCESS 0 condorpool - 357
1646449396 individuals_ID0000040 POST_SCRIPT_STARTED 4234.0 condorpool - 357
1646449396 individuals_ID0000040 POST_SCRIPT_TERMINATED 4234.0 condorpool - 357
1646449401 individuals_ID0000040 POST_SCRIPT_SUCCESS 0 condorpool - 357
1646449401 individuals_ID0000015 EXECUTE 4238.0 condorpool - 361
1646449461 individuals_ID0000041 JOB_TERMINATED 4235.0 condorpool - 358
1646449461 individuals_ID0000041 JOB_SUCCESS 0 condorpool - 358
1646449461 individuals_ID0000041 POST_SCRIPT_STARTED 4235.0 condorpool - 358
1646449462 individuals_ID0000041 POST_SCRIPT_TERMINATED 4235.0 condorpool - 358
1646449466 individuals_ID0000041 POST_SCRIPT_SUCCESS 0 condorpool - 358
1646449464 individuals_ID0000042 JOB_TERMINATED 4236.0 condorpool - 359
1646449466 individuals_ID0000042 JOB_SUCCESS 0 condorpool - 359
1646449466 individuals_ID0000042 POST_SCRIPT_STARTED 4236.0 condorpool - 359
1646449466 individuals_ID0000042 POST_SCRIPT_TERMINATED 4236.0 condorpool - 359
1646449471 individuals_ID0000042 POST_SCRIPT_SUCCESS 0 condorpool - 359
1646449471 individuals_ID0000003 JOB_TERMINATED 4230.0 condorpool - 353
1646449471 individuals_ID0000003 JOB_SUCCESS 0 condorpool - 353
1646449471 individuals_ID0000003 POST_SCRIPT_STARTED 4230.0 condorpool - 353
1646449471 individuals_ID0000003 POST_SCRIPT_TERMINATED 4230.0 condorpool - 353
1646449476 individuals_ID0000003 POST_SCRIPT_SUCCESS 0 condorpool - 353
1646449478 individuals_ID0000008 JOB_TERMINATED 4232.0 condorpool - 355
1646449481 individuals_ID0000008 JOB_SUCCESS 0 condorpool - 355
1646449481 individuals_ID0000008 POST_SCRIPT_STARTED 4232.0 condorpool - 355
1646449479 individuals_ID0000047 JOB_TERMINATED 4231.0 condorpool - 354
1646449481 individuals_ID0000047 JOB_SUCCESS 0 condorpool - 354
1646449481 individuals_ID0000047 POST_SCRIPT_STARTED 4231.0 condorpool - 354
1646449482 individuals_ID0000047 POST_SCRIPT_TERMINATED 4231.0 condorpool - 354
1646449486 individuals_ID0000047 POST_SCRIPT_SUCCESS 0 condorpool - 354
1646449482 individuals_ID0000008 POST_SCRIPT_TERMINATED 4232.0 condorpool - 355
1646449486 individuals_ID0000008 POST_SCRIPT_SUCCESS 0 condorpool - 355
1646449484 individuals_ID0000009 JOB_TERMINATED 4233.0 condorpool - 356
1646449486 individuals_ID0000009 JOB_SUCCESS 0 condorpool - 356
1646449486 individuals_ID0000009 POST_SCRIPT_STARTED 4233.0 condorpool - 356
1646449486 individuals_ID0000009 POST_SCRIPT_TERMINATED 4233.0 condorpool - 356
1646449491 individuals_ID0000009 POST_SCRIPT_SUCCESS 0 condorpool - 356
1646449523 individuals_ID0000013 EXECUTE 4244.0 condorpool - 367
1646449523 individuals_ID0000012 EXECUTE 4243.0 condorpool - 366
1646449524 individuals_ID0000018 EXECUTE 4241.0 condorpool - 364
1646449524 individuals_ID0000011 EXECUTE 4242.0 condorpool - 365
1646449525 individuals_ID0000016 EXECUTE 4239.0 condorpool - 362
1646449525 individuals_ID0000017 EXECUTE 4240.0 condorpool - 363
1646449538 individuals_ID0000043 JOB_TERMINATED 4237.0 condorpool - 360
1646449541 individuals_ID0000043 JOB_SUCCESS 0 condorpool - 360
1646449541 individuals_ID0000043 POST_SCRIPT_STARTED 4237.0 condorpool - 360
1646449541 individuals_ID0000043 POST_SCRIPT_TERMINATED 4237.0 condorpool - 360
1646449546 individuals_ID0000043 POST_SCRIPT_SUCCESS 0 condorpool - 360
1646449542 individuals_ID0000014 EXECUTE 4245.0 condorpool - 368
1646449771 individuals_ID0000015 JOB_TERMINATED 4238.0 condorpool - 361
1646449772 individuals_ID0000015 JOB_SUCCESS 0 condorpool - 361
1646449772 individuals_ID0000015 POST_SCRIPT_STARTED 4238.0 condorpool - 361
1646449772 individuals_ID0000015 POST_SCRIPT_TERMINATED 4238.0 condorpool - 361
1646449777 individuals_ID0000015 POST_SCRIPT_SUCCESS 0 condorpool - 361
1646449775 individuals_ID0000019 EXECUTE 4246.0 condorpool - 369
1646449911 individuals_ID0000012 JOB_TERMINATED 4243.0 condorpool - 366
1646449912 individuals_ID0000012 JOB_SUCCESS 0 condorpool - 366
1646449912 individuals_ID0000012 POST_SCRIPT_STARTED 4243.0 condorpool - 366
1646449912 individuals_ID0000012 POST_SCRIPT_TERMINATED 4243.0 condorpool - 366
1646449917 individuals_ID0000012 POST_SCRIPT_SUCCESS 0 condorpool - 366
1646449915 individuals_ID0000010 EXECUTE 4247.0 condorpool - 370
1646449917 individuals_ID0000013 JOB_TERMINATED 4244.0 condorpool - 367
1646449917 individuals_ID0000013 JOB_SUCCESS 0 condorpool - 367
1646449917 individuals_ID0000013 POST_SCRIPT_STARTED 4244.0 condorpool - 367
1646449918 individuals_ID0000013 POST_SCRIPT_TERMINATED 4244.0 condorpool - 367
1646449922 individuals_ID0000013 POST_SCRIPT_SUCCESS 0 condorpool - 367
1646449920 individuals_ID0000050 EXECUTE 4248.0 condorpool - 371
1646449935 individuals_ID0000014 JOB_TERMINATED 4245.0 condorpool - 368
1646449937 individuals_ID0000014 JOB_SUCCESS 0 condorpool - 368
1646449937 individuals_ID0000014 POST_SCRIPT_STARTED 4245.0 condorpool - 368
1646449937 individuals_ID0000014 POST_SCRIPT_TERMINATED 4245.0 condorpool - 368
1646449942 individuals_ID0000014 POST_SCRIPT_SUCCESS 0 condorpool - 368
1646449939 individuals_ID0000026 EXECUTE 4249.0 condorpool - 372
1646450050 individuals_ID0000017 JOB_TERMINATED 4240.0 condorpool - 363
1646450052 individuals_ID0000017 JOB_SUCCESS 0 condorpool - 363
1646450052 individuals_ID0000017 POST_SCRIPT_STARTED 4240.0 condorpool - 363
1646450052 individuals_ID0000017 POST_SCRIPT_TERMINATED 4240.0 condorpool - 363
1646450057 individuals_ID0000017 POST_SCRIPT_SUCCESS 0 condorpool - 363
1646450053 individuals_ID0000018 JOB_TERMINATED 4241.0 condorpool - 364
1646450057 individuals_ID0000018 JOB_SUCCESS 0 condorpool - 364
1646450057 individuals_ID0000018 POST_SCRIPT_STARTED 4241.0 condorpool - 364
1646450054 individuals_ID0000027 EXECUTE 4250.0 condorpool - 373
1646450057 individuals_ID0000018 POST_SCRIPT_TERMINATED 4241.0 condorpool - 364
1646450062 individuals_ID0000018 POST_SCRIPT_SUCCESS 0 condorpool - 364
1646450057 individuals_ID0000028 EXECUTE 4251.0 condorpool - 374
1646450061 individuals_ID0000016 JOB_TERMINATED 4239.0 condorpool - 362
1646450062 individuals_ID0000016 JOB_SUCCESS 0 condorpool - 362
1646450062 individuals_ID0000016 POST_SCRIPT_STARTED 4239.0 condorpool - 362
1646450062 individuals_ID0000016 POST_SCRIPT_TERMINATED 4239.0 condorpool - 362
1646450067 individuals_ID0000016 POST_SCRIPT_SUCCESS 0 condorpool - 362
1646450064 individuals_ID0000029 EXECUTE 4252.0 condorpool - 375
1646450066 individuals_ID0000011 JOB_TERMINATED 4242.0 condorpool - 365
1646450067 individuals_ID0000011 JOB_SUCCESS 0 condorpool - 365
1646450067 individuals_ID0000011 POST_SCRIPT_STARTED 4242.0 condorpool - 365
1646450068 individuals_ID0000011 POST_SCRIPT_TERMINATED 4242.0 condorpool - 365
1646450072 individuals_ID0000011 POST_SCRIPT_SUCCESS 0 condorpool - 365
1646450070 individuals_ID0000022 EXECUTE 4253.0 condorpool - 376
1646450168 individuals_ID0000019 JOB_TERMINATED 4246.0 condorpool - 369
1646450172 individuals_ID0000019 JOB_SUCCESS 0 condorpool - 369
1646450172 individuals_ID0000019 POST_SCRIPT_STARTED 4246.0 condorpool - 369
1646450172 individuals_ID0000023 EXECUTE 4254.0 condorpool - 377
1646450172 individuals_ID0000019 POST_SCRIPT_TERMINATED 4246.0 condorpool - 369
1646450177 individuals_ID0000019 POST_SCRIPT_SUCCESS 0 condorpool - 369
1646450321 individuals_ID0000010 JOB_TERMINATED 4247.0 condorpool - 370
1646450322 individuals_ID0000010 JOB_SUCCESS 0 condorpool - 370
1646450322 individuals_ID0000010 POST_SCRIPT_STARTED 4247.0 condorpool - 370
1646450322 individuals_ID0000010 POST_SCRIPT_TERMINATED 4247.0 condorpool - 370
1646450327 individuals_ID0000010 POST_SCRIPT_SUCCESS 0 condorpool - 370
1646450325 individuals_ID0000024 EXECUTE 4255.0 condorpool - 378
1646450327 individuals_ID0000050 JOB_TERMINATED 4248.0 condorpool - 371
1646450327 individuals_ID0000050 JOB_SUCCESS 0 condorpool - 371
1646450327 individuals_ID0000050 POST_SCRIPT_STARTED 4248.0 condorpool - 371
1646450328 individuals_ID0000050 POST_SCRIPT_TERMINATED 4248.0 condorpool - 371
1646450332 individuals_ID0000050 POST_SCRIPT_SUCCESS 0 condorpool - 371
1646450331 individuals_ID0000026 JOB_TERMINATED 4249.0 condorpool - 372
1646450332 individuals_ID0000026 JOB_SUCCESS 0 condorpool - 372
1646450332 individuals_ID0000026 POST_SCRIPT_STARTED 4249.0 condorpool - 372
1646450331 individuals_ID0000025 EXECUTE 4256.0 condorpool - 379
1646450332 individuals_ID0000026 POST_SCRIPT_TERMINATED 4249.0 condorpool - 372
1646450337 individuals_ID0000026 POST_SCRIPT_SUCCESS 0 condorpool - 372
1646450335 individuals_ID0000020 EXECUTE 4257.0 condorpool - 380
1646450561 individuals_ID0000023 JOB_TERMINATED 4254.0 condorpool - 377
1646450562 individuals_ID0000023 JOB_SUCCESS 0 condorpool - 377
1646450562 individuals_ID0000023 POST_SCRIPT_STARTED 4254.0 condorpool - 377
1646450563 individuals_ID0000023 POST_SCRIPT_TERMINATED 4254.0 condorpool - 377
1646450567 individuals_ID0000023 POST_SCRIPT_SUCCESS 0 condorpool - 377
1646450565 individuals_ID0000021 EXECUTE 4258.0 condorpool - 381
1646450589 individuals_ID0000027 JOB_TERMINATED 4250.0 condorpool - 373
1646450592 individuals_ID0000027 JOB_SUCCESS 0 condorpool - 373
1646450592 individuals_ID0000027 POST_SCRIPT_STARTED 4250.0 condorpool - 373
1646450591 sifting_ID0000052 EXECUTE 4259.0 condorpool - 382
1646450592 sifting_ID0000052 JOB_TERMINATED 4259.0 condorpool - 382
1646450597 sifting_ID0000052 JOB_SUCCESS 0 condorpool - 382
1646450597 sifting_ID0000052 POST_SCRIPT_STARTED 4259.0 condorpool - 382
1646450592 individuals_ID0000027 POST_SCRIPT_TERMINATED 4250.0 condorpool - 373
1646450597 individuals_ID0000027 POST_SCRIPT_SUCCESS 0 condorpool - 373
1646450593 individuals_ID0000028 JOB_TERMINATED 4251.0 condorpool - 374
1646450597 individuals_ID0000028 JOB_SUCCESS 0 condorpool - 374
1646450597 individuals_ID0000028 POST_SCRIPT_STARTED 4251.0 condorpool - 374
1646450597 sifting_ID0000052 POST_SCRIPT_TERMINATED 4259.0 condorpool - 382
1646450602 sifting_ID0000052 POST_SCRIPT_SUCCESS 0 condorpool - 382
1646450597 individuals_ID0000028 POST_SCRIPT_TERMINATED 4251.0 condorpool - 374
1646450602 individuals_ID0000028 POST_SCRIPT_SUCCESS 0 condorpool - 374
1646450602 individuals_ID0000029 JOB_TERMINATED 4252.0 condorpool - 375
1646450602 individuals_ID0000029 JOB_SUCCESS 0 condorpool - 375
1646450602 individuals_ID0000029 POST_SCRIPT_STARTED 4252.0 condorpool - 375
1646450603 individuals_ID0000022 JOB_TERMINATED 4253.0 condorpool - 376
1646450607 individuals_ID0000022 JOB_SUCCESS 0 condorpool - 376
1646450607 individuals_ID0000022 POST_SCRIPT_STARTED 4253.0 condorpool - 376
1646450603 individuals_ID0000029 POST_SCRIPT_TERMINATED 4252.0 condorpool - 375
1646450607 individuals_ID0000029 POST_SCRIPT_SUCCESS 0 condorpool - 375
1646450607 individuals_ID0000022 POST_SCRIPT_TERMINATED 4253.0 condorpool - 376
1646450612 individuals_ID0000022 POST_SCRIPT_SUCCESS 0 condorpool - 376
1646450708 individuals_ID0000024 JOB_TERMINATED 4255.0 condorpool - 378
1646450712 individuals_ID0000024 JOB_SUCCESS 0 condorpool - 378
1646450712 individuals_ID0000024 POST_SCRIPT_STARTED 4255.0 condorpool - 378
1646450712 individuals_ID0000024 POST_SCRIPT_TERMINATED 4255.0 condorpool - 378
1646450717 individuals_ID0000024 POST_SCRIPT_SUCCESS 0 condorpool - 378
1646450723 individuals_ID0000025 JOB_TERMINATED 4256.0 condorpool - 379
1646450727 individuals_ID0000025 JOB_SUCCESS 0 condorpool - 379
1646450727 individuals_ID0000025 POST_SCRIPT_STARTED 4256.0 condorpool - 379
1646450728 individuals_ID0000025 POST_SCRIPT_TERMINATED 4256.0 condorpool - 379
1646450733 individuals_ID0000025 POST_SCRIPT_SUCCESS 0 condorpool - 379
1646450732 individuals_ID0000020 JOB_TERMINATED 4257.0 condorpool - 380
1646450733 individuals_ID0000020 JOB_SUCCESS 0 condorpool - 380
1646450733 individuals_ID0000020 POST_SCRIPT_STARTED 4257.0 condorpool - 380
1646450733 individuals_ID0000020 POST_SCRIPT_TERMINATED 4257.0 condorpool - 380
1646450738 individuals_ID0000020 POST_SCRIPT_SUCCESS 0 condorpool - 380
1646450913 individuals_ID0000021 JOB_TERMINATED 4258.0 condorpool - 381
1646450913 individuals_ID0000021 JOB_SUCCESS 0 condorpool - 381
1646450913 individuals_ID0000021 POST_SCRIPT_STARTED 4258.0 condorpool - 381
1646450914 individuals_ID0000021 POST_SCRIPT_TERMINATED 4258.0 condorpool - 381
1646450918 individuals_ID0000021 POST_SCRIPT_SUCCESS 0 condorpool - 381
1646450923 individuals_merge_ID0000051 SUBMIT 4260.0 condorpool - 383
1646450926 individuals_merge_ID0000051 EXECUTE 4260.0 condorpool - 383
1646454934 individuals_merge_ID0000051 JOB_TERMINATED 4260.0 condorpool - 383
1646454936 individuals_merge_ID0000051 JOB_SUCCESS 0 condorpool - 383
1646454936 individuals_merge_ID0000051 POST_SCRIPT_STARTED 4260.0 condorpool - 383
1646454937 individuals_merge_ID0000051 POST_SCRIPT_TERMINATED 4260.0 condorpool - 383
1646454941 individuals_merge_ID0000051 POST_SCRIPT_SUCCESS 0 condorpool - 383
1646454946 frequency_ID0000060 SUBMIT 4261.0 condorpool - 384
1646454946 frequency_ID0000062 SUBMIT 4262.0 condorpool - 385
1646454946 mutation_overlap_ID0000053 SUBMIT 4263.0 condorpool - 386
1646454946 mutation_overlap_ID0000063 SUBMIT 4264.0 condorpool - 387
1646454946 frequency_ID0000058 SUBMIT 4265.0 condorpool - 388
1646454951 mutation_overlap_ID0000055 SUBMIT 4266.0 condorpool - 389
1646454951 mutation_overlap_ID0000065 SUBMIT 4267.0 condorpool - 390
1646454951 frequency_ID0000064 SUBMIT 4268.0 condorpool - 391
1646454951 frequency_ID0000054 SUBMIT 4269.0 condorpool - 392
1646454951 frequency_ID0000066 SUBMIT 4270.0 condorpool - 393
1646454956 mutation_overlap_ID0000061 SUBMIT 4271.0 condorpool - 394
1646454956 frequency_ID0000056 SUBMIT 4272.0 condorpool - 395
1646454956 mutation_overlap_ID0000057 SUBMIT 4273.0 condorpool - 396
1646454956 mutation_overlap_ID0000059 SUBMIT 4274.0 condorpool - 397
1646454965 frequency_ID0000060 EXECUTE 4261.0 condorpool - 384
1646454965 frequency_ID0000062 EXECUTE 4262.0 condorpool - 385
1646454965 mutation_overlap_ID0000053 EXECUTE 4263.0 condorpool - 386
1646454965 mutation_overlap_ID0000063 EXECUTE 4264.0 condorpool - 387
1646454965 mutation_overlap_ID0000055 EXECUTE 4266.0 condorpool - 389
1646454965 mutation_overlap_ID0000065 EXECUTE 4267.0 condorpool - 390
1646454965 frequency_ID0000058 EXECUTE 4265.0 condorpool - 388
1646454965 frequency_ID0000064 EXECUTE 4268.0 condorpool - 391
1646455082 mutation_overlap_ID0000065 JOB_TERMINATED 4267.0 condorpool - 390
1646455086 mutation_overlap_ID0000065 JOB_SUCCESS 0 condorpool - 390
1646455086 mutation_overlap_ID0000065 POST_SCRIPT_STARTED 4267.0 condorpool - 390
1646455085 mutation_overlap_ID0000063 JOB_TERMINATED 4264.0 condorpool - 387
1646455086 mutation_overlap_ID0000063 JOB_SUCCESS 0 condorpool - 387
1646455086 mutation_overlap_ID0000063 POST_SCRIPT_STARTED 4264.0 condorpool - 387
1646455087 mutation_overlap_ID0000065 POST_SCRIPT_TERMINATED 4267.0 condorpool - 390
1646455091 mutation_overlap_ID0000065 POST_SCRIPT_SUCCESS 0 condorpool - 390
1646455087 mutation_overlap_ID0000063 POST_SCRIPT_TERMINATED 4264.0 condorpool - 387
1646455091 mutation_overlap_ID0000063 POST_SCRIPT_SUCCESS 0 condorpool - 387
1646455087 mutation_overlap_ID0000055 JOB_TERMINATED 4266.0 condorpool - 389
1646455091 mutation_overlap_ID0000055 JOB_SUCCESS 0 condorpool - 389
1646455091 mutation_overlap_ID0000055 POST_SCRIPT_STARTED 4266.0 condorpool - 389
1646455091 mutation_overlap_ID0000055 POST_SCRIPT_TERMINATED 4266.0 condorpool - 389
1646455096 mutation_overlap_ID0000055 POST_SCRIPT_SUCCESS 0 condorpool - 389
1646455093 mutation_overlap_ID0000053 JOB_TERMINATED 4263.0 condorpool - 386
1646455096 mutation_overlap_ID0000053 JOB_SUCCESS 0 condorpool - 386
1646455096 mutation_overlap_ID0000053 POST_SCRIPT_STARTED 4263.0 condorpool - 386
1646455096 mutation_overlap_ID0000053 POST_SCRIPT_TERMINATED 4263.0 condorpool - 386
1646455101 mutation_overlap_ID0000053 POST_SCRIPT_SUCCESS 0 condorpool - 386
1646455145 frequency_ID0000054 EXECUTE 4269.0 condorpool - 392
1646455145 mutation_overlap_ID0000061 EXECUTE 4271.0 condorpool - 394
1646455145 frequency_ID0000056 EXECUTE 4272.0 condorpool - 395
1646455145 frequency_ID0000066 EXECUTE 4270.0 condorpool - 393
1646455269 mutation_overlap_ID0000061 JOB_TERMINATED 4271.0 condorpool - 394
1646455271 mutation_overlap_ID0000061 JOB_SUCCESS 0 condorpool - 394
1646455271 mutation_overlap_ID0000061 POST_SCRIPT_STARTED 4271.0 condorpool - 394
1646455271 mutation_overlap_ID0000061 POST_SCRIPT_TERMINATED 4271.0 condorpool - 394
1646455276 mutation_overlap_ID0000061 POST_SCRIPT_SUCCESS 0 condorpool - 394
1646455325 mutation_overlap_ID0000057 EXECUTE 4273.0 condorpool - 396
1646455485 mutation_overlap_ID0000057 JOB_TERMINATED 4273.0 condorpool - 396
1646455487 mutation_overlap_ID0000057 JOB_SUCCESS 0 condorpool - 396
1646455487 mutation_overlap_ID0000057 POST_SCRIPT_STARTED 4273.0 condorpool - 396
1646455487 mutation_overlap_ID0000057 POST_SCRIPT_TERMINATED 4273.0 condorpool - 396
1646455492 mutation_overlap_ID0000057 POST_SCRIPT_SUCCESS 0 condorpool - 396
1646455566 frequency_ID0000064 JOB_TERMINATED 4268.0 condorpool - 391
1646455567 frequency_ID0000064 JOB_SUCCESS 0 condorpool - 391
1646455567 frequency_ID0000064 POST_SCRIPT_STARTED 4268.0 condorpool - 391
1646455567 frequency_ID0000064 POST_SCRIPT_TERMINATED 4268.0 condorpool - 391
1646455572 frequency_ID0000064 POST_SCRIPT_SUCCESS 0 condorpool - 391
1646455573 frequency_ID0000058 JOB_TERMINATED 4265.0 condorpool - 388
1646455577 frequency_ID0000058 JOB_SUCCESS 0 condorpool - 388
1646455577 frequency_ID0000058 POST_SCRIPT_STARTED 4265.0 condorpool - 388
1646455578 frequency_ID0000058 POST_SCRIPT_TERMINATED 4265.0 condorpool - 388
1646455582 frequency_ID0000058 POST_SCRIPT_SUCCESS 0 condorpool - 388
1646455613 frequency_ID0000060 JOB_TERMINATED 4261.0 condorpool - 384
1646455617 frequency_ID0000060 JOB_SUCCESS 0 condorpool - 384
1646455617 frequency_ID0000060 POST_SCRIPT_STARTED 4261.0 condorpool - 384
1646455617 frequency_ID0000060 POST_SCRIPT_TERMINATED 4261.0 condorpool - 384
1646455622 frequency_ID0000060 POST_SCRIPT_SUCCESS 0 condorpool - 384
1646455623 frequency_ID0000062 JOB_TERMINATED 4262.0 condorpool - 385
1646455627 frequency_ID0000062 JOB_SUCCESS 0 condorpool - 385
1646455627 frequency_ID0000062 POST_SCRIPT_STARTED 4262.0 condorpool - 385
1646455628 frequency_ID0000062 POST_SCRIPT_TERMINATED 4262.0 condorpool - 385
1646455632 frequency_ID0000062 POST_SCRIPT_SUCCESS 0 condorpool - 385
1646455730 frequency_ID0000056 JOB_TERMINATED 4272.0 condorpool - 395
1646455732 frequency_ID0000056 JOB_SUCCESS 0 condorpool - 395
1646455732 frequency_ID0000056 POST_SCRIPT_STARTED 4272.0 condorpool - 395
1646455732 frequency_ID0000056 POST_SCRIPT_TERMINATED 4272.0 condorpool - 395
1646455737 frequency_ID0000056 POST_SCRIPT_SUCCESS 0 condorpool - 395
1646455785 frequency_ID0000066 JOB_TERMINATED 4270.0 condorpool - 393
1646455787 frequency_ID0000066 JOB_SUCCESS 0 condorpool - 393
1646455787 frequency_ID0000066 POST_SCRIPT_STARTED 4270.0 condorpool - 393
1646455788 frequency_ID0000066 POST_SCRIPT_TERMINATED 4270.0 condorpool - 393
1646455792 frequency_ID0000066 POST_SCRIPT_SUCCESS 0 condorpool - 393
1646455814 frequency_ID0000054 JOB_TERMINATED 4269.0 condorpool - 392
1646455817 frequency_ID0000054 JOB_SUCCESS 0 condorpool - 392
1646455817 frequency_ID0000054 POST_SCRIPT_STARTED 4269.0 condorpool - 392
1646455817 frequency_ID0000054 POST_SCRIPT_TERMINATED 4269.0 condorpool - 392
1646455822 frequency_ID0000054 POST_SCRIPT_SUCCESS 0 condorpool - 392
1646455827 stage_out_local_local_2_0 SUBMIT 4275.0 local - 398
1646455827 stage_out_local_local_2_0 EXECUTE 4275.0 local - 398
1646455831 stage_out_local_local_2_0 JOB_TERMINATED 4275.0 local - 398
1646455832 stage_out_local_local_2_0 JOB_SUCCESS 0 local - 398
1646455832 stage_out_local_local_2_0 POST_SCRIPT_STARTED 4275.0 local - 398
1646455833 stage_out_local_local_2_0 POST_SCRIPT_TERMINATED 4275.0 local - 398
1646455837 stage_out_local_local_2_0 POST_SCRIPT_SUCCESS 0 local - 398
1646456148 mutation_overlap_ID0000059 EXECUTE 4274.0 condorpool - 397
1646456225 mutation_overlap_ID0000059 JOB_TERMINATED 4274.0 condorpool - 397
1646456227 mutation_overlap_ID0000059 JOB_SUCCESS 0 condorpool - 397
1646456227 mutation_overlap_ID0000059 POST_SCRIPT_STARTED 4274.0 condorpool - 397
1646456227 mutation_overlap_ID0000059 POST_SCRIPT_TERMINATED 4274.0 condorpool - 397
1646456232 mutation_overlap_ID0000059 POST_SCRIPT_SUCCESS 0 condorpool - 397
1646456237 stage_out_local_local_2_1 SUBMIT 4276.0 local - 399
1646456237 stage_out_local_local_2_1 EXECUTE 4276.0 local - 399
1646456241 stage_out_local_local_2_1 JOB_TERMINATED 4276.0 local - 399
1646456242 stage_out_local_local_2_1 JOB_SUCCESS 0 local - 399
1646456242 stage_out_local_local_2_1 POST_SCRIPT_STARTED 4276.0 local - 399
1646456242 stage_out_local_local_2_1 POST_SCRIPT_TERMINATED 4276.0 local - 399
1646456247 stage_out_local_local_2_1 POST_SCRIPT_SUCCESS 0 local - 399
1646456252 cleanup_1000-genome_0_local SUBMIT 4277.0 local - 400
1646456253 cleanup_1000-genome_0_local EXECUTE 4277.0 local - 400
1646456255 cleanup_1000-genome_0_local JOB_TERMINATED 4277.0 local - 400
1646456257 cleanup_1000-genome_0_local JOB_SUCCESS 0 local - 400
1646456257 cleanup_1000-genome_0_local POST_SCRIPT_STARTED 4277.0 local - 400
1646456258 cleanup_1000-genome_0_local POST_SCRIPT_TERMINATED 4277.0 local - 400
1646456263 cleanup_1000-genome_0_local POST_SCRIPT_SUCCESS 0 local - 400
1646456263 INTERNAL *** DAGMAN_FINISHED 0 ***
1646456265 INTERNAL *** MONITORD_FINISHED 0 ***
