1646011791 INTERNAL *** MONITORD_STARTED ***
1646011789 INTERNAL *** DAGMAN_STARTED 3224.0 ***
1646011793 create_dir_1000-genome_0_local SUBMIT 3225.0 local - 561
1646011795 create_dir_1000-genome_0_local EXECUTE 3225.0 local - 561
1646011797 create_dir_1000-genome_0_local JOB_TERMINATED 3225.0 local - 561
1646011798 create_dir_1000-genome_0_local JOB_SUCCESS 0 local - 561
1646011798 create_dir_1000-genome_0_local POST_SCRIPT_STARTED 3225.0 local - 561
1646011799 create_dir_1000-genome_0_local POST_SCRIPT_TERMINATED 3225.0 local - 561
1646011803 create_dir_1000-genome_0_local POST_SCRIPT_SUCCESS 0 local - 561
1646011808 stage_in_remote_local_2_0 SUBMIT 3226.0 local - 562
1646011808 stage_in_remote_local_2_0 EXECUTE 3226.0 local - 562
1646011808 stage_in_remote_local_1_0 SUBMIT 3227.0 local - 563
1646011808 stage_in_remote_local_0_0 SUBMIT 3228.0 local - 564
1646011808 stage_in_local_local_0_0 SUBMIT 3229.0 local - 565
1646011808 stage_in_local_local_2_0 SUBMIT 3230.0 local - 566
1646011810 stage_in_remote_local_2_0 JOB_TERMINATED 3226.0 local - 562
1646011813 stage_in_remote_local_2_0 JOB_SUCCESS 0 local - 562
1646011813 stage_in_remote_local_2_0 POST_SCRIPT_STARTED 3226.0 local - 562
1646011810 stage_in_local_local_2_0 EXECUTE 3230.0 local - 566
1646011810 stage_in_local_local_0_0 EXECUTE 3229.0 local - 565
1646011810 stage_in_remote_local_0_0 EXECUTE 3228.0 local - 564
1646011810 stage_in_remote_local_1_0 EXECUTE 3227.0 local - 563
1646011812 stage_in_remote_local_1_0 JOB_TERMINATED 3227.0 local - 563
1646011813 stage_in_remote_local_1_0 JOB_SUCCESS 0 local - 563
1646011813 stage_in_remote_local_1_0 POST_SCRIPT_STARTED 3227.0 local - 563
1646011812 stage_in_remote_local_0_0 JOB_TERMINATED 3228.0 local - 564
1646011813 stage_in_remote_local_0_0 JOB_SUCCESS 0 local - 564
1646011813 stage_in_remote_local_0_0 POST_SCRIPT_STARTED 3228.0 local - 564
1646011812 stage_in_local_local_0_0 JOB_TERMINATED 3229.0 local - 565
1646011813 stage_in_local_local_0_0 JOB_SUCCESS 0 local - 565
1646011813 stage_in_local_local_0_0 POST_SCRIPT_STARTED 3229.0 local - 565
1646011813 stage_in_remote_local_0_1 SUBMIT 3231.0 local - 567
1646011813 stage_in_local_local_0_1 SUBMIT 3232.0 local - 568
1646011813 stage_in_local_local_2_1 SUBMIT 3233.0 local - 569
1646011813 stage_in_remote_local_2_1 SUBMIT 3234.0 local - 570
1646011813 stage_in_local_local_0_2 SUBMIT 3235.0 local - 571
1646011813 stage_in_remote_local_1_0 POST_SCRIPT_TERMINATED 3227.0 local - 563
1646011818 stage_in_remote_local_1_0 POST_SCRIPT_SUCCESS 0 local - 563
1646011813 stage_in_local_local_0_0 POST_SCRIPT_TERMINATED 3229.0 local - 565
1646011818 stage_in_local_local_0_0 POST_SCRIPT_SUCCESS 0 local - 565
1646011813 stage_in_remote_local_2_0 POST_SCRIPT_TERMINATED 3226.0 local - 562
1646011818 stage_in_remote_local_2_0 POST_SCRIPT_SUCCESS 0 local - 562
1646011813 stage_in_remote_local_0_0 POST_SCRIPT_TERMINATED 3228.0 local - 564
1646011818 stage_in_remote_local_0_0 POST_SCRIPT_SUCCESS 0 local - 564
1646011814 stage_in_local_local_2_0 JOB_TERMINATED 3230.0 local - 566
1646011818 stage_in_local_local_2_0 JOB_SUCCESS 0 local - 566
1646011818 stage_in_local_local_2_0 POST_SCRIPT_STARTED 3230.0 local - 566
1646011814 stage_in_local_local_0_2 EXECUTE 3235.0 local - 571
1646011814 stage_in_remote_local_2_1 EXECUTE 3234.0 local - 570
1646011814 stage_in_local_local_2_1 EXECUTE 3233.0 local - 569
1646011814 stage_in_local_local_0_1 EXECUTE 3232.0 local - 568
1646011814 stage_in_remote_local_0_1 EXECUTE 3231.0 local - 567
1646011817 stage_in_remote_local_2_1 JOB_TERMINATED 3234.0 local - 570
1646011818 stage_in_remote_local_2_1 JOB_SUCCESS 0 local - 570
1646011818 stage_in_remote_local_2_1 POST_SCRIPT_STARTED 3234.0 local - 570
1646011817 stage_in_local_local_0_2 JOB_TERMINATED 3235.0 local - 571
1646011818 stage_in_local_local_0_2 JOB_SUCCESS 0 local - 571
1646011818 stage_in_local_local_0_2 POST_SCRIPT_STARTED 3235.0 local - 571
1646011817 stage_in_remote_local_0_1 JOB_TERMINATED 3231.0 local - 567
1646011818 stage_in_remote_local_0_1 JOB_SUCCESS 0 local - 567
1646011818 stage_in_remote_local_0_1 POST_SCRIPT_STARTED 3231.0 local - 567
1646011817 stage_in_local_local_0_1 JOB_TERMINATED 3232.0 local - 568
1646011818 stage_in_local_local_0_1 JOB_SUCCESS 0 local - 568
1646011818 stage_in_local_local_0_1 POST_SCRIPT_STARTED 3232.0 local - 568
1646011819 stage_in_local_local_0_2 POST_SCRIPT_TERMINATED 3235.0 local - 571
1646011823 stage_in_local_local_0_2 POST_SCRIPT_SUCCESS 0 local - 571
1646011819 stage_in_remote_local_2_1 POST_SCRIPT_TERMINATED 3234.0 local - 570
1646011823 stage_in_remote_local_2_1 POST_SCRIPT_SUCCESS 0 local - 570
1646011819 stage_in_local_local_2_0 POST_SCRIPT_TERMINATED 3230.0 local - 566
1646011823 stage_in_local_local_2_0 POST_SCRIPT_SUCCESS 0 local - 566
1646011819 stage_in_local_local_2_1 JOB_TERMINATED 3233.0 local - 569
1646011823 stage_in_local_local_2_1 JOB_SUCCESS 0 local - 569
1646011823 stage_in_local_local_2_1 POST_SCRIPT_STARTED 3233.0 local - 569
1646011819 stage_in_local_local_0_1 POST_SCRIPT_TERMINATED 3232.0 local - 568
1646011823 stage_in_local_local_0_1 POST_SCRIPT_SUCCESS 0 local - 568
1646011819 stage_in_remote_local_0_1 POST_SCRIPT_TERMINATED 3231.0 local - 567
1646011823 stage_in_remote_local_0_1 POST_SCRIPT_SUCCESS 0 local - 567
1646011823 stage_in_local_local_2_1 POST_SCRIPT_TERMINATED 3233.0 local - 569
1646011828 stage_in_local_local_2_1 POST_SCRIPT_SUCCESS 0 local - 569
1646011828 individuals_ID0000037 SUBMIT 3236.0 condorpool - 572
1646011828 individuals_ID0000038 SUBMIT 3237.0 condorpool - 573
1646011828 individuals_ID0000039 SUBMIT 3238.0 condorpool - 574
1646011828 individuals_ID0000033 SUBMIT 3239.0 condorpool - 575
1646011828 individuals_ID0000034 SUBMIT 3240.0 condorpool - 576
1646011833 individuals_ID0000035 SUBMIT 3241.0 condorpool - 577
1646011833 individuals_ID0000036 SUBMIT 3242.0 condorpool - 578
1646011833 individuals_ID0000030 SUBMIT 3243.0 condorpool - 579
1646011833 individuals_ID0000031 SUBMIT 3244.0 condorpool - 580
1646011833 individuals_ID0000032 SUBMIT 3245.0 condorpool - 581
1646011836 individuals_ID0000034 EXECUTE 3240.0 condorpool - 576
1646011837 individuals_ID0000033 EXECUTE 3239.0 condorpool - 575
1646011838 individuals_ID0000004 SUBMIT 3246.0 condorpool - 582
1646011838 individuals_ID0000048 SUBMIT 3247.0 condorpool - 583
1646011838 individuals_ID0000005 SUBMIT 3248.0 condorpool - 584
1646011838 individuals_ID0000049 SUBMIT 3249.0 condorpool - 585
1646011838 individuals_ID0000006 SUBMIT 3250.0 condorpool - 586
1646011840 individuals_ID0000038 EXECUTE 3237.0 condorpool - 573
1646011841 individuals_ID0000037 EXECUTE 3236.0 condorpool - 572
1646011841 individuals_ID0000039 EXECUTE 3238.0 condorpool - 574
1646011843 individuals_ID0000007 SUBMIT 3251.0 condorpool - 587
1646011844 individuals_ID0000044 SUBMIT 3252.0 condorpool - 588
1646011844 individuals_ID0000001 SUBMIT 3253.0 condorpool - 589
1646011844 individuals_ID0000045 SUBMIT 3254.0 condorpool - 590
1646011844 individuals_ID0000002 SUBMIT 3255.0 condorpool - 591
1646011849 individuals_ID0000046 SUBMIT 3256.0 condorpool - 592
1646011849 individuals_ID0000003 SUBMIT 3257.0 condorpool - 593
1646011849 individuals_ID0000047 SUBMIT 3258.0 condorpool - 594
1646011849 individuals_ID0000008 SUBMIT 3259.0 condorpool - 595
1646011849 individuals_ID0000009 SUBMIT 3260.0 condorpool - 596
1646011854 individuals_ID0000040 SUBMIT 3261.0 condorpool - 597
1646011854 individuals_ID0000041 SUBMIT 3262.0 condorpool - 598
1646011854 individuals_ID0000042 SUBMIT 3263.0 condorpool - 599
1646011854 individuals_ID0000043 SUBMIT 3264.0 condorpool - 600
1646011854 individuals_ID0000015 SUBMIT 3265.0 condorpool - 601
1646011859 individuals_ID0000030 EXECUTE 3243.0 condorpool - 579
1646011859 individuals_ID0000016 SUBMIT 3266.0 condorpool - 602
1646011859 individuals_ID0000017 SUBMIT 3267.0 condorpool - 603
1646011859 individuals_ID0000018 SUBMIT 3268.0 condorpool - 604
1646011859 individuals_ID0000011 SUBMIT 3269.0 condorpool - 605
1646011859 individuals_ID0000012 SUBMIT 3270.0 condorpool - 606
1646011862 individuals_ID0000035 EXECUTE 3241.0 condorpool - 577
1646011864 individuals_ID0000049 EXECUTE 3249.0 condorpool - 585
1646011865 individuals_ID0000013 SUBMIT 3271.0 condorpool - 607
1646011865 individuals_ID0000014 SUBMIT 3272.0 condorpool - 608
1646011865 individuals_ID0000019 SUBMIT 3273.0 condorpool - 609
1646011865 individuals_ID0000006 EXECUTE 3250.0 condorpool - 586
1646011865 individuals_ID0000010 SUBMIT 3274.0 condorpool - 610
1646011865 individuals_ID0000050 SUBMIT 3275.0 condorpool - 611
1646011865 individuals_ID0000007 EXECUTE 3251.0 condorpool - 587
1646011870 individuals_ID0000026 SUBMIT 3276.0 condorpool - 612
1646011870 individuals_ID0000027 SUBMIT 3277.0 condorpool - 613
1646011870 individuals_ID0000028 SUBMIT 3278.0 condorpool - 614
1646011870 individuals_ID0000029 SUBMIT 3279.0 condorpool - 615
1646011870 individuals_ID0000022 SUBMIT 3280.0 condorpool - 616
1646011870 individuals_ID0000044 EXECUTE 3252.0 condorpool - 588
1646011873 individuals_ID0000032 EXECUTE 3245.0 condorpool - 581
1646011875 individuals_ID0000023 SUBMIT 3281.0 condorpool - 617
1646011875 individuals_ID0000024 SUBMIT 3282.0 condorpool - 618
1646011875 individuals_ID0000025 SUBMIT 3283.0 condorpool - 619
1646011875 individuals_ID0000020 SUBMIT 3284.0 condorpool - 620
1646011875 individuals_ID0000021 SUBMIT 3285.0 condorpool - 621
1646011880 individuals_ID0000047 EXECUTE 3258.0 condorpool - 594
1646011880 sifting_ID0000052 SUBMIT 3286.0 condorpool - 622
1646011884 individuals_ID0000046 EXECUTE 3256.0 condorpool - 592
1646011888 individuals_ID0000036 EXECUTE 3242.0 condorpool - 578
1646011888 individuals_ID0000008 EXECUTE 3259.0 condorpool - 595
1646011889 individuals_ID0000048 EXECUTE 3247.0 condorpool - 583
1646011893 individuals_ID0000002 EXECUTE 3255.0 condorpool - 591
1646011894 individuals_ID0000045 EXECUTE 3254.0 condorpool - 590
1646011894 individuals_ID0000031 EXECUTE 3244.0 condorpool - 580
1646011894 individuals_ID0000004 EXECUTE 3246.0 condorpool - 582
1646011904 individuals_ID0000041 EXECUTE 3262.0 condorpool - 598
1646011904 individuals_ID0000009 EXECUTE 3260.0 condorpool - 596
1646011907 individuals_ID0000040 EXECUTE 3261.0 condorpool - 597
1646011909 individuals_ID0000005 EXECUTE 3248.0 condorpool - 584
1646011910 individuals_ID0000043 EXECUTE 3264.0 condorpool - 600
1646011911 individuals_ID0000015 EXECUTE 3265.0 condorpool - 601
1646011920 individuals_ID0000001 EXECUTE 3253.0 condorpool - 589
1646011920 individuals_ID0000016 EXECUTE 3266.0 condorpool - 602
1646011920 individuals_ID0000042 EXECUTE 3263.0 condorpool - 599
1646011921 individuals_ID0000003 EXECUTE 3257.0 condorpool - 593
1646011923 individuals_ID0000017 EXECUTE 3267.0 condorpool - 603
1646012310 individuals_ID0000001 JOB_TERMINATED 3253.0 condorpool - 589
1646012311 individuals_ID0000001 JOB_SUCCESS 0 condorpool - 589
1646012311 individuals_ID0000001 POST_SCRIPT_STARTED 3253.0 condorpool - 589
1646012311 individuals_ID0000001 POST_SCRIPT_TERMINATED 3253.0 condorpool - 589
1646012316 individuals_ID0000001 POST_SCRIPT_SUCCESS 0 condorpool - 589
1646012316 individuals_ID0000018 EXECUTE 3268.0 condorpool - 604
1646012663 individuals_ID0000009 JOB_TERMINATED 3260.0 condorpool - 596
1646012666 individuals_ID0000009 JOB_SUCCESS 0 condorpool - 596
1646012666 individuals_ID0000009 POST_SCRIPT_STARTED 3260.0 condorpool - 596
1646012667 individuals_ID0000009 POST_SCRIPT_TERMINATED 3260.0 condorpool - 596
1646012671 individuals_ID0000009 POST_SCRIPT_SUCCESS 0 condorpool - 596
1646012667 individuals_ID0000040 JOB_TERMINATED 3261.0 condorpool - 597
1646012671 individuals_ID0000040 JOB_SUCCESS 0 condorpool - 597
1646012671 individuals_ID0000040 POST_SCRIPT_STARTED 3261.0 condorpool - 597
1646012668 individuals_ID0000011 EXECUTE 3269.0 condorpool - 605
1646012670 individuals_ID0000041 JOB_TERMINATED 3262.0 condorpool - 598
1646012671 individuals_ID0000041 JOB_SUCCESS 0 condorpool - 598
1646012671 individuals_ID0000041 POST_SCRIPT_STARTED 3262.0 condorpool - 598
1646012671 individuals_ID0000040 POST_SCRIPT_TERMINATED 3261.0 condorpool - 597
1646012676 individuals_ID0000040 POST_SCRIPT_SUCCESS 0 condorpool - 597
1646012671 individuals_ID0000041 POST_SCRIPT_TERMINATED 3262.0 condorpool - 598
1646012676 individuals_ID0000041 POST_SCRIPT_SUCCESS 0 condorpool - 598
1646012672 individuals_ID0000012 EXECUTE 3270.0 condorpool - 606
1646012676 individuals_ID0000013 EXECUTE 3271.0 condorpool - 607
1646012677 individuals_ID0000042 JOB_TERMINATED 3263.0 condorpool - 599
1646012681 individuals_ID0000042 JOB_SUCCESS 0 condorpool - 599
1646012681 individuals_ID0000042 POST_SCRIPT_STARTED 3263.0 condorpool - 599
1646012681 individuals_ID0000042 POST_SCRIPT_TERMINATED 3263.0 condorpool - 599
1646012686 individuals_ID0000042 POST_SCRIPT_SUCCESS 0 condorpool - 599
1646012683 individuals_ID0000014 EXECUTE 3272.0 condorpool - 608
1646012741 individuals_ID0000044 JOB_TERMINATED 3252.0 condorpool - 588
1646012741 individuals_ID0000044 JOB_SUCCESS 0 condorpool - 588
1646012741 individuals_ID0000044 POST_SCRIPT_STARTED 3252.0 condorpool - 588
1646012742 individuals_ID0000044 POST_SCRIPT_TERMINATED 3252.0 condorpool - 588
1646012746 individuals_ID0000044 POST_SCRIPT_SUCCESS 0 condorpool - 588
1646012746 individuals_ID0000019 EXECUTE 3273.0 condorpool - 609
1646012754 individuals_ID0000002 JOB_TERMINATED 3255.0 condorpool - 591
1646012756 individuals_ID0000002 JOB_SUCCESS 0 condorpool - 591
1646012756 individuals_ID0000002 POST_SCRIPT_STARTED 3255.0 condorpool - 591
1646012756 individuals_ID0000002 POST_SCRIPT_TERMINATED 3255.0 condorpool - 591
1646012761 individuals_ID0000002 POST_SCRIPT_SUCCESS 0 condorpool - 591
1646012759 individuals_ID0000045 JOB_TERMINATED 3254.0 condorpool - 590
1646012761 individuals_ID0000045 JOB_SUCCESS 0 condorpool - 590
1646012761 individuals_ID0000045 POST_SCRIPT_STARTED 3254.0 condorpool - 590
1646012759 individuals_ID0000010 EXECUTE 3274.0 condorpool - 610
1646012761 individuals_ID0000045 POST_SCRIPT_TERMINATED 3254.0 condorpool - 590
1646012766 individuals_ID0000045 POST_SCRIPT_SUCCESS 0 condorpool - 590
1646012765 individuals_ID0000050 EXECUTE 3275.0 condorpool - 611
1646012781 individuals_ID0000034 JOB_TERMINATED 3240.0 condorpool - 576
1646012781 individuals_ID0000034 JOB_SUCCESS 0 condorpool - 576
1646012781 individuals_ID0000034 POST_SCRIPT_STARTED 3240.0 condorpool - 576
1646012782 individuals_ID0000034 POST_SCRIPT_TERMINATED 3240.0 condorpool - 576
1646012787 individuals_ID0000034 POST_SCRIPT_SUCCESS 0 condorpool - 576
1646012786 individuals_ID0000026 EXECUTE 3276.0 condorpool - 612
1646012790 individuals_ID0000047 JOB_TERMINATED 3258.0 condorpool - 594
1646012792 individuals_ID0000047 JOB_SUCCESS 0 condorpool - 594
1646012792 individuals_ID0000047 POST_SCRIPT_STARTED 3258.0 condorpool - 594
1646012792 individuals_ID0000047 POST_SCRIPT_TERMINATED 3258.0 condorpool - 594
1646012797 individuals_ID0000047 POST_SCRIPT_SUCCESS 0 condorpool - 594
1646012794 individuals_ID0000027 EXECUTE 3277.0 condorpool - 613
1646012797 individuals_ID0000046 JOB_TERMINATED 3256.0 condorpool - 592
1646012797 individuals_ID0000046 JOB_SUCCESS 0 condorpool - 592
1646012797 individuals_ID0000046 POST_SCRIPT_STARTED 3256.0 condorpool - 592
1646012798 individuals_ID0000046 POST_SCRIPT_TERMINATED 3256.0 condorpool - 592
1646012802 individuals_ID0000046 POST_SCRIPT_SUCCESS 0 condorpool - 592
1646012798 individuals_ID0000008 JOB_TERMINATED 3259.0 condorpool - 595
1646012802 individuals_ID0000008 JOB_SUCCESS 0 condorpool - 595
1646012802 individuals_ID0000008 POST_SCRIPT_STARTED 3259.0 condorpool - 595
1646012802 individuals_ID0000008 POST_SCRIPT_TERMINATED 3259.0 condorpool - 595
1646012807 individuals_ID0000008 POST_SCRIPT_SUCCESS 0 condorpool - 595
1646012805 individuals_ID0000028 EXECUTE 3278.0 condorpool - 614
1646012805 individuals_ID0000029 EXECUTE 3279.0 condorpool - 615
1646012810 individuals_ID0000003 JOB_TERMINATED 3257.0 condorpool - 593
1646012812 individuals_ID0000003 JOB_SUCCESS 0 condorpool - 593
1646012812 individuals_ID0000003 POST_SCRIPT_STARTED 3257.0 condorpool - 593
1646012812 individuals_ID0000003 POST_SCRIPT_TERMINATED 3257.0 condorpool - 593
1646012817 individuals_ID0000003 POST_SCRIPT_SUCCESS 0 condorpool - 593
1646012816 individuals_ID0000022 EXECUTE 3280.0 condorpool - 616
1646012826 individuals_ID0000030 JOB_TERMINATED 3243.0 condorpool - 579
1646012827 individuals_ID0000030 JOB_SUCCESS 0 condorpool - 579
1646012827 individuals_ID0000030 POST_SCRIPT_STARTED 3243.0 condorpool - 579
1646012828 individuals_ID0000030 POST_SCRIPT_TERMINATED 3243.0 condorpool - 579
1646012832 individuals_ID0000030 POST_SCRIPT_SUCCESS 0 condorpool - 579
1646012831 individuals_ID0000023 EXECUTE 3281.0 condorpool - 617
1646012840 individuals_ID0000035 JOB_TERMINATED 3241.0 condorpool - 577
1646012842 individuals_ID0000035 JOB_SUCCESS 0 condorpool - 577
1646012842 individuals_ID0000035 POST_SCRIPT_STARTED 3241.0 condorpool - 577
1646012842 individuals_ID0000035 POST_SCRIPT_TERMINATED 3241.0 condorpool - 577
1646012847 individuals_ID0000035 POST_SCRIPT_SUCCESS 0 condorpool - 577
1646012846 individuals_ID0000024 EXECUTE 3282.0 condorpool - 618
1646012850 individuals_ID0000036 JOB_TERMINATED 3242.0 condorpool - 578
1646012852 individuals_ID0000036 JOB_SUCCESS 0 condorpool - 578
1646012852 individuals_ID0000036 POST_SCRIPT_STARTED 3242.0 condorpool - 578
1646012852 individuals_ID0000036 POST_SCRIPT_TERMINATED 3242.0 condorpool - 578
1646012857 individuals_ID0000036 POST_SCRIPT_SUCCESS 0 condorpool - 578
1646012857 individuals_ID0000025 EXECUTE 3283.0 condorpool - 619
1646012907 individuals_ID0000049 JOB_TERMINATED 3249.0 condorpool - 585
1646012907 individuals_ID0000049 JOB_SUCCESS 0 condorpool - 585
1646012907 individuals_ID0000049 POST_SCRIPT_STARTED 3249.0 condorpool - 585
1646012908 individuals_ID0000049 POST_SCRIPT_TERMINATED 3249.0 condorpool - 585
1646012912 individuals_ID0000049 POST_SCRIPT_SUCCESS 0 condorpool - 585
1646012910 individuals_ID0000007 JOB_TERMINATED 3251.0 condorpool - 587
1646012912 individuals_ID0000007 JOB_SUCCESS 0 condorpool - 587
1646012912 individuals_ID0000007 POST_SCRIPT_STARTED 3251.0 condorpool - 587
1646012912 individuals_ID0000007 POST_SCRIPT_TERMINATED 3251.0 condorpool - 587
1646012917 individuals_ID0000007 POST_SCRIPT_SUCCESS 0 condorpool - 587
1646012912 individuals_ID0000020 EXECUTE 3284.0 condorpool - 620
1646012912 individuals_ID0000006 JOB_TERMINATED 3250.0 condorpool - 586
1646012917 individuals_ID0000006 JOB_SUCCESS 0 condorpool - 586
1646012917 individuals_ID0000006 POST_SCRIPT_STARTED 3250.0 condorpool - 586
1646012916 sifting_ID0000052 EXECUTE 3286.0 condorpool - 622
1646012916 individuals_ID0000021 EXECUTE 3285.0 condorpool - 621
1646012917 individuals_ID0000006 POST_SCRIPT_TERMINATED 3250.0 condorpool - 586
1646012922 individuals_ID0000006 POST_SCRIPT_SUCCESS 0 condorpool - 586
1646012918 individuals_ID0000016 JOB_TERMINATED 3266.0 condorpool - 602
1646012922 individuals_ID0000016 JOB_SUCCESS 0 condorpool - 602
1646012922 individuals_ID0000016 POST_SCRIPT_STARTED 3266.0 condorpool - 602
1646012918 sifting_ID0000052 JOB_TERMINATED 3286.0 condorpool - 622
1646012922 sifting_ID0000052 JOB_SUCCESS 0 condorpool - 622
1646012922 sifting_ID0000052 POST_SCRIPT_STARTED 3286.0 condorpool - 622
1646012919 individuals_ID0000015 JOB_TERMINATED 3265.0 condorpool - 601
1646012922 individuals_ID0000015 JOB_SUCCESS 0 condorpool - 601
1646012922 individuals_ID0000015 POST_SCRIPT_STARTED 3265.0 condorpool - 601
1646012920 individuals_ID0000017 JOB_TERMINATED 3267.0 condorpool - 603
1646012922 individuals_ID0000017 JOB_SUCCESS 0 condorpool - 603
1646012922 individuals_ID0000017 POST_SCRIPT_STARTED 3267.0 condorpool - 603
1646012921 individuals_ID0000043 JOB_TERMINATED 3264.0 condorpool - 600
1646012922 individuals_ID0000043 JOB_SUCCESS 0 condorpool - 600
1646012922 individuals_ID0000043 POST_SCRIPT_STARTED 3264.0 condorpool - 600
1646012923 sifting_ID0000052 POST_SCRIPT_TERMINATED 3286.0 condorpool - 622
1646012927 sifting_ID0000052 POST_SCRIPT_SUCCESS 0 condorpool - 622
1646012923 individuals_ID0000015 POST_SCRIPT_TERMINATED 3265.0 condorpool - 601
1646012927 individuals_ID0000015 POST_SCRIPT_SUCCESS 0 condorpool - 601
1646012923 individuals_ID0000016 POST_SCRIPT_TERMINATED 3266.0 condorpool - 602
1646012927 individuals_ID0000016 POST_SCRIPT_SUCCESS 0 condorpool - 602
1646012923 individuals_ID0000043 POST_SCRIPT_TERMINATED 3264.0 condorpool - 600
1646012927 individuals_ID0000043 POST_SCRIPT_SUCCESS 0 condorpool - 600
1646012923 individuals_ID0000017 POST_SCRIPT_TERMINATED 3267.0 condorpool - 603
1646012927 individuals_ID0000017 POST_SCRIPT_SUCCESS 0 condorpool - 603
1646012949 individuals_ID0000005 JOB_TERMINATED 3248.0 condorpool - 584
1646012952 individuals_ID0000005 JOB_SUCCESS 0 condorpool - 584
1646012952 individuals_ID0000005 POST_SCRIPT_STARTED 3248.0 condorpool - 584
1646012952 individuals_ID0000005 POST_SCRIPT_TERMINATED 3248.0 condorpool - 584
1646012957 individuals_ID0000005 POST_SCRIPT_SUCCESS 0 condorpool - 584
1646013034 individuals_ID0000032 JOB_TERMINATED 3245.0 condorpool - 581
1646013037 individuals_ID0000032 JOB_SUCCESS 0 condorpool - 581
1646013037 individuals_ID0000032 POST_SCRIPT_STARTED 3245.0 condorpool - 581
1646013038 individuals_ID0000032 POST_SCRIPT_TERMINATED 3245.0 condorpool - 581
1646013042 individuals_ID0000032 POST_SCRIPT_SUCCESS 0 condorpool - 581
1646013042 individuals_ID0000039 JOB_TERMINATED 3238.0 condorpool - 574
1646013047 individuals_ID0000039 JOB_SUCCESS 0 condorpool - 574
1646013047 individuals_ID0000039 POST_SCRIPT_STARTED 3238.0 condorpool - 574
1646013043 individuals_ID0000037 JOB_TERMINATED 3236.0 condorpool - 572
1646013047 individuals_ID0000037 JOB_SUCCESS 0 condorpool - 572
1646013047 individuals_ID0000037 POST_SCRIPT_STARTED 3236.0 condorpool - 572
1646013047 individuals_ID0000039 POST_SCRIPT_TERMINATED 3238.0 condorpool - 574
1646013052 individuals_ID0000039 POST_SCRIPT_SUCCESS 0 condorpool - 574
1646013047 individuals_ID0000037 POST_SCRIPT_TERMINATED 3236.0 condorpool - 572
1646013052 individuals_ID0000037 POST_SCRIPT_SUCCESS 0 condorpool - 572
1646013048 individuals_ID0000033 JOB_TERMINATED 3239.0 condorpool - 575
1646013052 individuals_ID0000033 JOB_SUCCESS 0 condorpool - 575
1646013052 individuals_ID0000033 POST_SCRIPT_STARTED 3239.0 condorpool - 575
1646013049 individuals_ID0000038 JOB_TERMINATED 3237.0 condorpool - 573
1646013052 individuals_ID0000038 JOB_SUCCESS 0 condorpool - 573
1646013052 individuals_ID0000038 POST_SCRIPT_STARTED 3237.0 condorpool - 573
1646013050 individuals_ID0000004 JOB_TERMINATED 3246.0 condorpool - 582
1646013052 individuals_ID0000004 JOB_SUCCESS 0 condorpool - 582
1646013052 individuals_ID0000004 POST_SCRIPT_STARTED 3246.0 condorpool - 582
1646013052 individuals_ID0000038 POST_SCRIPT_TERMINATED 3237.0 condorpool - 573
1646013057 individuals_ID0000038 POST_SCRIPT_SUCCESS 0 condorpool - 573
1646013052 individuals_ID0000033 POST_SCRIPT_TERMINATED 3239.0 condorpool - 575
1646013057 individuals_ID0000033 POST_SCRIPT_SUCCESS 0 condorpool - 575
1646013052 individuals_ID0000004 POST_SCRIPT_TERMINATED 3246.0 condorpool - 582
1646013057 individuals_ID0000004 POST_SCRIPT_SUCCESS 0 condorpool - 582
1646013055 individuals_ID0000031 JOB_TERMINATED 3244.0 condorpool - 580
1646013057 individuals_ID0000031 JOB_SUCCESS 0 condorpool - 580
1646013057 individuals_ID0000031 POST_SCRIPT_STARTED 3244.0 condorpool - 580
1646013058 individuals_ID0000048 JOB_TERMINATED 3247.0 condorpool - 583
1646013063 individuals_ID0000048 JOB_SUCCESS 0 condorpool - 583
1646013063 individuals_ID0000048 POST_SCRIPT_STARTED 3247.0 condorpool - 583
1646013058 individuals_ID0000031 POST_SCRIPT_TERMINATED 3244.0 condorpool - 580
1646013063 individuals_ID0000031 POST_SCRIPT_SUCCESS 0 condorpool - 580
1646013063 individuals_ID0000048 POST_SCRIPT_TERMINATED 3247.0 condorpool - 583
1646013068 individuals_ID0000048 POST_SCRIPT_SUCCESS 0 condorpool - 583
1646013160 individuals_ID0000018 JOB_TERMINATED 3268.0 condorpool - 604
1646013163 individuals_ID0000018 JOB_SUCCESS 0 condorpool - 604
1646013163 individuals_ID0000018 POST_SCRIPT_STARTED 3268.0 condorpool - 604
1646013164 individuals_ID0000018 POST_SCRIPT_TERMINATED 3268.0 condorpool - 604
1646013168 individuals_ID0000018 POST_SCRIPT_SUCCESS 0 condorpool - 604
1646013410 individuals_ID0000012 JOB_TERMINATED 3270.0 condorpool - 606
1646013413 individuals_ID0000012 JOB_SUCCESS 0 condorpool - 606
1646013413 individuals_ID0000012 POST_SCRIPT_STARTED 3270.0 condorpool - 606
1646013413 individuals_ID0000012 POST_SCRIPT_TERMINATED 3270.0 condorpool - 606
1646013418 individuals_ID0000012 POST_SCRIPT_SUCCESS 0 condorpool - 606
1646013423 individuals_ID0000013 JOB_TERMINATED 3271.0 condorpool - 607
1646013428 individuals_ID0000013 JOB_SUCCESS 0 condorpool - 607
1646013428 individuals_ID0000013 POST_SCRIPT_STARTED 3271.0 condorpool - 607
1646013428 individuals_ID0000013 POST_SCRIPT_TERMINATED 3271.0 condorpool - 607
1646013433 individuals_ID0000013 POST_SCRIPT_SUCCESS 0 condorpool - 607
1646013430 individuals_ID0000011 JOB_TERMINATED 3269.0 condorpool - 605
1646013433 individuals_ID0000011 JOB_SUCCESS 0 condorpool - 605
1646013433 individuals_ID0000011 POST_SCRIPT_STARTED 3269.0 condorpool - 605
1646013434 individuals_ID0000011 POST_SCRIPT_TERMINATED 3269.0 condorpool - 605
1646013439 individuals_ID0000011 POST_SCRIPT_SUCCESS 0 condorpool - 605
1646013437 individuals_ID0000014 JOB_TERMINATED 3272.0 condorpool - 608
1646013439 individuals_ID0000014 JOB_SUCCESS 0 condorpool - 608
1646013439 individuals_ID0000014 POST_SCRIPT_STARTED 3272.0 condorpool - 608
1646013439 individuals_ID0000014 POST_SCRIPT_TERMINATED 3272.0 condorpool - 608
1646013444 individuals_ID0000014 POST_SCRIPT_SUCCESS 0 condorpool - 608
1646013534 individuals_ID0000019 JOB_TERMINATED 3273.0 condorpool - 609
1646013534 individuals_ID0000019 JOB_SUCCESS 0 condorpool - 609
1646013534 individuals_ID0000019 POST_SCRIPT_STARTED 3273.0 condorpool - 609
1646013535 individuals_ID0000019 POST_SCRIPT_TERMINATED 3273.0 condorpool - 609
1646013539 individuals_ID0000019 POST_SCRIPT_SUCCESS 0 condorpool - 609
1646013555 individuals_ID0000050 JOB_TERMINATED 3275.0 condorpool - 611
1646013559 individuals_ID0000050 JOB_SUCCESS 0 condorpool - 611
1646013559 individuals_ID0000050 POST_SCRIPT_STARTED 3275.0 condorpool - 611
1646013556 individuals_ID0000010 JOB_TERMINATED 3274.0 condorpool - 610
1646013559 individuals_ID0000010 JOB_SUCCESS 0 condorpool - 610
1646013559 individuals_ID0000010 POST_SCRIPT_STARTED 3274.0 condorpool - 610
1646013559 individuals_ID0000010 POST_SCRIPT_TERMINATED 3274.0 condorpool - 610
1646013564 individuals_ID0000010 POST_SCRIPT_SUCCESS 0 condorpool - 610
1646013559 individuals_ID0000050 POST_SCRIPT_TERMINATED 3275.0 condorpool - 611
1646013564 individuals_ID0000050 POST_SCRIPT_SUCCESS 0 condorpool - 611
1646013649 individuals_ID0000020 JOB_TERMINATED 3284.0 condorpool - 620
1646013654 individuals_ID0000020 JOB_SUCCESS 0 condorpool - 620
1646013654 individuals_ID0000020 POST_SCRIPT_STARTED 3284.0 condorpool - 620
1646013654 individuals_ID0000020 POST_SCRIPT_TERMINATED 3284.0 condorpool - 620
1646013659 individuals_ID0000020 POST_SCRIPT_SUCCESS 0 condorpool - 620
1646013657 individuals_ID0000021 JOB_TERMINATED 3285.0 condorpool - 621
1646013659 individuals_ID0000021 JOB_SUCCESS 0 condorpool - 621
1646013659 individuals_ID0000021 POST_SCRIPT_STARTED 3285.0 condorpool - 621
1646013660 individuals_ID0000021 POST_SCRIPT_TERMINATED 3285.0 condorpool - 621
1646013664 individuals_ID0000021 POST_SCRIPT_SUCCESS 0 condorpool - 621
1646013692 individuals_ID0000027 JOB_TERMINATED 3277.0 condorpool - 613
1646013694 individuals_ID0000027 JOB_SUCCESS 0 condorpool - 613
1646013694 individuals_ID0000027 POST_SCRIPT_STARTED 3277.0 condorpool - 613
1646013694 individuals_ID0000027 POST_SCRIPT_TERMINATED 3277.0 condorpool - 613
1646013699 individuals_ID0000027 POST_SCRIPT_SUCCESS 0 condorpool - 613
1646013704 individuals_ID0000029 JOB_TERMINATED 3279.0 condorpool - 615
1646013704 individuals_ID0000029 JOB_SUCCESS 0 condorpool - 615
1646013704 individuals_ID0000029 POST_SCRIPT_STARTED 3279.0 condorpool - 615
1646013704 individuals_ID0000029 POST_SCRIPT_TERMINATED 3279.0 condorpool - 615
1646013709 individuals_ID0000029 POST_SCRIPT_SUCCESS 0 condorpool - 615
1646013712 individuals_ID0000028 JOB_TERMINATED 3278.0 condorpool - 614
1646013714 individuals_ID0000028 JOB_SUCCESS 0 condorpool - 614
1646013714 individuals_ID0000028 POST_SCRIPT_STARTED 3278.0 condorpool - 614
1646013713 individuals_ID0000022 JOB_TERMINATED 3280.0 condorpool - 616
1646013714 individuals_ID0000022 JOB_SUCCESS 0 condorpool - 616
1646013714 individuals_ID0000022 POST_SCRIPT_STARTED 3280.0 condorpool - 616
1646013715 individuals_ID0000028 POST_SCRIPT_TERMINATED 3278.0 condorpool - 614
1646013719 individuals_ID0000028 POST_SCRIPT_SUCCESS 0 condorpool - 614
1646013715 individuals_ID0000022 POST_SCRIPT_TERMINATED 3280.0 condorpool - 616
1646013719 individuals_ID0000022 POST_SCRIPT_SUCCESS 0 condorpool - 616
1646013731 individuals_ID0000026 JOB_TERMINATED 3276.0 condorpool - 612
1646013734 individuals_ID0000026 JOB_SUCCESS 0 condorpool - 612
1646013734 individuals_ID0000026 POST_SCRIPT_STARTED 3276.0 condorpool - 612
1646013734 individuals_ID0000026 POST_SCRIPT_TERMINATED 3276.0 condorpool - 612
1646013739 individuals_ID0000026 POST_SCRIPT_SUCCESS 0 condorpool - 612
1646013775 individuals_ID0000023 JOB_TERMINATED 3281.0 condorpool - 617
1646013779 individuals_ID0000023 JOB_SUCCESS 0 condorpool - 617
1646013779 individuals_ID0000023 POST_SCRIPT_STARTED 3281.0 condorpool - 617
1646013780 individuals_ID0000023 POST_SCRIPT_TERMINATED 3281.0 condorpool - 617
1646013784 individuals_ID0000023 POST_SCRIPT_SUCCESS 0 condorpool - 617
1646013808 individuals_ID0000024 JOB_TERMINATED 3282.0 condorpool - 618
1646013809 individuals_ID0000024 JOB_SUCCESS 0 condorpool - 618
1646013809 individuals_ID0000024 POST_SCRIPT_STARTED 3282.0 condorpool - 618
1646013809 individuals_ID0000024 POST_SCRIPT_TERMINATED 3282.0 condorpool - 618
1646013814 individuals_ID0000024 POST_SCRIPT_SUCCESS 0 condorpool - 618
1646013814 individuals_ID0000025 JOB_TERMINATED 3283.0 condorpool - 619
1646013819 individuals_ID0000025 JOB_SUCCESS 0 condorpool - 619
1646013819 individuals_ID0000025 POST_SCRIPT_STARTED 3283.0 condorpool - 619
1646013819 individuals_ID0000025 POST_SCRIPT_TERMINATED 3283.0 condorpool - 619
1646013824 individuals_ID0000025 POST_SCRIPT_SUCCESS 0 condorpool - 619
1646013829 individuals_merge_ID0000051 SUBMIT 3287.0 condorpool - 623
1646013835 individuals_merge_ID0000051 EXECUTE 3287.0 condorpool - 623
1646018109 individuals_merge_ID0000051 JOB_TERMINATED 3287.0 condorpool - 623
1646018113 individuals_merge_ID0000051 JOB_SUCCESS 0 condorpool - 623
1646018113 individuals_merge_ID0000051 POST_SCRIPT_STARTED 3287.0 condorpool - 623
1646018113 individuals_merge_ID0000051 POST_SCRIPT_TERMINATED 3287.0 condorpool - 623
1646018118 individuals_merge_ID0000051 POST_SCRIPT_SUCCESS 0 condorpool - 623
1646018123 frequency_ID0000060 SUBMIT 3288.0 condorpool - 624
1646018123 frequency_ID0000062 SUBMIT 3289.0 condorpool - 625
1646018124 mutation_overlap_ID0000053 SUBMIT 3290.0 condorpool - 626
1646018124 frequency_ID0000058 SUBMIT 3291.0 condorpool - 627
1646018124 mutation_overlap_ID0000063 SUBMIT 3292.0 condorpool - 628
1646018125 frequency_ID0000060 EXECUTE 3288.0 condorpool - 624
1646018125 frequency_ID0000062 EXECUTE 3289.0 condorpool - 625
1646018129 mutation_overlap_ID0000055 SUBMIT 3293.0 condorpool - 629
1646018129 mutation_overlap_ID0000065 SUBMIT 3294.0 condorpool - 630
1646018129 frequency_ID0000064 SUBMIT 3295.0 condorpool - 631
1646018129 frequency_ID0000054 SUBMIT 3296.0 condorpool - 632
1646018129 frequency_ID0000066 SUBMIT 3297.0 condorpool - 633
1646018134 mutation_overlap_ID0000061 SUBMIT 3298.0 condorpool - 634
1646018134 frequency_ID0000056 SUBMIT 3299.0 condorpool - 635
1646018134 mutation_overlap_ID0000057 SUBMIT 3300.0 condorpool - 636
1646018134 mutation_overlap_ID0000059 SUBMIT 3301.0 condorpool - 637
1646018145 mutation_overlap_ID0000053 EXECUTE 3290.0 condorpool - 626
1646018145 frequency_ID0000058 EXECUTE 3291.0 condorpool - 627
1646018145 mutation_overlap_ID0000063 EXECUTE 3292.0 condorpool - 628
1646018146 mutation_overlap_ID0000055 EXECUTE 3293.0 condorpool - 629
1646018146 mutation_overlap_ID0000057 EXECUTE 3300.0 condorpool - 636
1646018146 mutation_overlap_ID0000059 EXECUTE 3301.0 condorpool - 637
1646018146 mutation_overlap_ID0000065 EXECUTE 3294.0 condorpool - 630
1646018146 frequency_ID0000054 EXECUTE 3296.0 condorpool - 632
1646018146 frequency_ID0000056 EXECUTE 3299.0 condorpool - 635
1646018146 frequency_ID0000066 EXECUTE 3297.0 condorpool - 633
1646018146 mutation_overlap_ID0000061 EXECUTE 3298.0 condorpool - 634
1646018146 frequency_ID0000064 EXECUTE 3295.0 condorpool - 631
1646018352 mutation_overlap_ID0000065 JOB_TERMINATED 3294.0 condorpool - 630
1646018354 mutation_overlap_ID0000065 JOB_SUCCESS 0 condorpool - 630
1646018354 mutation_overlap_ID0000065 POST_SCRIPT_STARTED 3294.0 condorpool - 630
1646018354 mutation_overlap_ID0000063 JOB_TERMINATED 3292.0 condorpool - 628
1646018354 mutation_overlap_ID0000063 JOB_SUCCESS 0 condorpool - 628
1646018354 mutation_overlap_ID0000063 POST_SCRIPT_STARTED 3292.0 condorpool - 628
1646018354 mutation_overlap_ID0000065 POST_SCRIPT_TERMINATED 3294.0 condorpool - 630
1646018359 mutation_overlap_ID0000065 POST_SCRIPT_SUCCESS 0 condorpool - 630
1646018354 mutation_overlap_ID0000063 POST_SCRIPT_TERMINATED 3292.0 condorpool - 628
1646018359 mutation_overlap_ID0000063 POST_SCRIPT_SUCCESS 0 condorpool - 628
1646018356 mutation_overlap_ID0000059 JOB_TERMINATED 3301.0 condorpool - 637
1646018359 mutation_overlap_ID0000059 JOB_SUCCESS 0 condorpool - 637
1646018359 mutation_overlap_ID0000059 POST_SCRIPT_STARTED 3301.0 condorpool - 637
1646018357 mutation_overlap_ID0000061 JOB_TERMINATED 3298.0 condorpool - 634
1646018359 mutation_overlap_ID0000061 JOB_SUCCESS 0 condorpool - 634
1646018359 mutation_overlap_ID0000061 POST_SCRIPT_STARTED 3298.0 condorpool - 634
1646018359 mutation_overlap_ID0000055 JOB_TERMINATED 3293.0 condorpool - 629
1646018360 mutation_overlap_ID0000055 JOB_SUCCESS 0 condorpool - 629
1646018360 mutation_overlap_ID0000055 POST_SCRIPT_STARTED 3293.0 condorpool - 629
1646018360 mutation_overlap_ID0000061 POST_SCRIPT_TERMINATED 3298.0 condorpool - 634
1646018365 mutation_overlap_ID0000061 POST_SCRIPT_SUCCESS 0 condorpool - 634
1646018360 mutation_overlap_ID0000059 POST_SCRIPT_TERMINATED 3301.0 condorpool - 637
1646018365 mutation_overlap_ID0000059 POST_SCRIPT_SUCCESS 0 condorpool - 637
1646018360 mutation_overlap_ID0000055 POST_SCRIPT_TERMINATED 3293.0 condorpool - 629
1646018365 mutation_overlap_ID0000055 POST_SCRIPT_SUCCESS 0 condorpool - 629
1646018361 mutation_overlap_ID0000053 JOB_TERMINATED 3290.0 condorpool - 626
1646018365 mutation_overlap_ID0000053 JOB_SUCCESS 0 condorpool - 626
1646018365 mutation_overlap_ID0000053 POST_SCRIPT_STARTED 3290.0 condorpool - 626
1646018365 mutation_overlap_ID0000053 POST_SCRIPT_TERMINATED 3290.0 condorpool - 626
1646018370 mutation_overlap_ID0000053 POST_SCRIPT_SUCCESS 0 condorpool - 626
1646018416 mutation_overlap_ID0000057 JOB_TERMINATED 3300.0 condorpool - 636
1646018420 mutation_overlap_ID0000057 JOB_SUCCESS 0 condorpool - 636
1646018420 mutation_overlap_ID0000057 POST_SCRIPT_STARTED 3300.0 condorpool - 636
1646018420 mutation_overlap_ID0000057 POST_SCRIPT_TERMINATED 3300.0 condorpool - 636
1646018425 mutation_overlap_ID0000057 POST_SCRIPT_SUCCESS 0 condorpool - 636
1646018855 frequency_ID0000064 JOB_TERMINATED 3295.0 condorpool - 631
1646018856 frequency_ID0000064 JOB_SUCCESS 0 condorpool - 631
1646018856 frequency_ID0000064 POST_SCRIPT_STARTED 3295.0 condorpool - 631
1646018856 frequency_ID0000064 POST_SCRIPT_TERMINATED 3295.0 condorpool - 631
1646018861 frequency_ID0000064 POST_SCRIPT_SUCCESS 0 condorpool - 631
1646018942 frequency_ID0000066 JOB_TERMINATED 3297.0 condorpool - 633
1646018946 frequency_ID0000066 JOB_SUCCESS 0 condorpool - 633
1646018946 frequency_ID0000066 POST_SCRIPT_STARTED 3297.0 condorpool - 633
1646018947 frequency_ID0000066 POST_SCRIPT_TERMINATED 3297.0 condorpool - 633
1646018951 frequency_ID0000066 POST_SCRIPT_SUCCESS 0 condorpool - 633
1646018988 frequency_ID0000056 JOB_TERMINATED 3299.0 condorpool - 635
1646018991 frequency_ID0000056 JOB_SUCCESS 0 condorpool - 635
1646018991 frequency_ID0000056 POST_SCRIPT_STARTED 3299.0 condorpool - 635
1646018991 frequency_ID0000056 POST_SCRIPT_TERMINATED 3299.0 condorpool - 635
1646018996 frequency_ID0000056 POST_SCRIPT_SUCCESS 0 condorpool - 635
1646019030 frequency_ID0000060 JOB_TERMINATED 3288.0 condorpool - 624
1646019031 frequency_ID0000060 JOB_SUCCESS 0 condorpool - 624
1646019031 frequency_ID0000060 POST_SCRIPT_STARTED 3288.0 condorpool - 624
1646019032 frequency_ID0000060 POST_SCRIPT_TERMINATED 3288.0 condorpool - 624
1646019036 frequency_ID0000060 POST_SCRIPT_SUCCESS 0 condorpool - 624
1646019034 frequency_ID0000062 JOB_TERMINATED 3289.0 condorpool - 625
1646019036 frequency_ID0000062 JOB_SUCCESS 0 condorpool - 625
1646019036 frequency_ID0000062 POST_SCRIPT_STARTED 3289.0 condorpool - 625
1646019036 frequency_ID0000062 POST_SCRIPT_TERMINATED 3289.0 condorpool - 625
1646019041 frequency_ID0000062 POST_SCRIPT_SUCCESS 0 condorpool - 625
1646019041 frequency_ID0000054 JOB_TERMINATED 3296.0 condorpool - 632
1646019041 frequency_ID0000054 JOB_SUCCESS 0 condorpool - 632
1646019041 frequency_ID0000054 POST_SCRIPT_STARTED 3296.0 condorpool - 632
1646019041 frequency_ID0000054 POST_SCRIPT_TERMINATED 3296.0 condorpool - 632
1646019046 frequency_ID0000054 POST_SCRIPT_SUCCESS 0 condorpool - 632
1646019051 stage_out_local_local_2_0 SUBMIT 3302.0 local - 638
1646019051 stage_out_local_local_2_0 EXECUTE 3302.0 local - 638
1646019055 stage_out_local_local_2_0 JOB_TERMINATED 3302.0 local - 638
1646019056 stage_out_local_local_2_0 JOB_SUCCESS 0 local - 638
1646019056 stage_out_local_local_2_0 POST_SCRIPT_STARTED 3302.0 local - 638
1646019056 stage_out_local_local_2_0 POST_SCRIPT_TERMINATED 3302.0 local - 638
1646019061 stage_out_local_local_2_0 POST_SCRIPT_SUCCESS 0 local - 638
1646019101 frequency_ID0000058 JOB_TERMINATED 3291.0 condorpool - 627
1646019101 frequency_ID0000058 JOB_SUCCESS 0 condorpool - 627
1646019101 frequency_ID0000058 POST_SCRIPT_STARTED 3291.0 condorpool - 627
1646019101 frequency_ID0000058 POST_SCRIPT_TERMINATED 3291.0 condorpool - 627
1646019106 frequency_ID0000058 POST_SCRIPT_SUCCESS 0 condorpool - 627
1646019111 stage_out_local_local_2_1 SUBMIT 3303.0 local - 639
1646019111 stage_out_local_local_2_1 EXECUTE 3303.0 local - 639
1646019116 stage_out_local_local_2_1 JOB_TERMINATED 3303.0 local - 639
1646019116 stage_out_local_local_2_1 JOB_SUCCESS 0 local - 639
1646019116 stage_out_local_local_2_1 POST_SCRIPT_STARTED 3303.0 local - 639
1646019117 stage_out_local_local_2_1 POST_SCRIPT_TERMINATED 3303.0 local - 639
1646019121 stage_out_local_local_2_1 POST_SCRIPT_SUCCESS 0 local - 639
1646019126 cleanup_1000-genome_0_local SUBMIT 3304.0 local - 640
1646019126 cleanup_1000-genome_0_local EXECUTE 3304.0 local - 640
1646019128 cleanup_1000-genome_0_local JOB_TERMINATED 3304.0 local - 640
1646019131 cleanup_1000-genome_0_local JOB_SUCCESS 0 local - 640
1646019131 cleanup_1000-genome_0_local POST_SCRIPT_STARTED 3304.0 local - 640
1646019131 cleanup_1000-genome_0_local POST_SCRIPT_TERMINATED 3304.0 local - 640
1646019136 cleanup_1000-genome_0_local POST_SCRIPT_SUCCESS 0 local - 640
1646019136 INTERNAL *** DAGMAN_FINISHED 0 ***
1646019138 INTERNAL *** MONITORD_FINISHED 0 ***
