1644625451 INTERNAL *** MONITORD_STARTED ***
1644625449 INTERNAL *** DAGMAN_STARTED 2457.0 ***
1644625453 create_dir_1000-genome_0_local SUBMIT 2458.0 local - 211
1644625455 create_dir_1000-genome_0_local EXECUTE 2458.0 local - 211
1644625457 create_dir_1000-genome_0_local JOB_TERMINATED 2458.0 local - 211
1644625458 create_dir_1000-genome_0_local JOB_SUCCESS 0 local - 211
1644625458 create_dir_1000-genome_0_local POST_SCRIPT_STARTED 2458.0 local - 211
1644625459 create_dir_1000-genome_0_local POST_SCRIPT_TERMINATED 2458.0 local - 211
1644625463 create_dir_1000-genome_0_local POST_SCRIPT_SUCCESS 0 local - 211
1644625468 stage_in_remote_local_2_0 SUBMIT 2459.0 local - 212
1644625468 stage_in_remote_local_2_0 EXECUTE 2459.0 local - 212
1644625468 stage_in_remote_local_1_0 SUBMIT 2460.0 local - 213
1644625468 stage_in_remote_local_0_0 SUBMIT 2461.0 local - 214
1644625468 stage_in_local_local_0_0 SUBMIT 2462.0 local - 215
1644625468 stage_in_local_local_2_0 SUBMIT 2463.0 local - 216
1644625470 stage_in_remote_local_2_0 JOB_TERMINATED 2459.0 local - 212
1644625473 stage_in_remote_local_2_0 JOB_SUCCESS 0 local - 212
1644625473 stage_in_remote_local_2_0 POST_SCRIPT_STARTED 2459.0 local - 212
1644625470 stage_in_local_local_2_0 EXECUTE 2463.0 local - 216
1644625470 stage_in_local_local_0_0 EXECUTE 2462.0 local - 215
1644625470 stage_in_remote_local_0_0 EXECUTE 2461.0 local - 214
1644625470 stage_in_remote_local_1_0 EXECUTE 2460.0 local - 213
1644625472 stage_in_local_local_0_0 JOB_TERMINATED 2462.0 local - 215
1644625473 stage_in_local_local_0_0 JOB_SUCCESS 0 local - 215
1644625473 stage_in_local_local_0_0 POST_SCRIPT_STARTED 2462.0 local - 215
1644625472 stage_in_remote_local_1_0 JOB_TERMINATED 2460.0 local - 213
1644625473 stage_in_remote_local_1_0 JOB_SUCCESS 0 local - 213
1644625473 stage_in_remote_local_1_0 POST_SCRIPT_STARTED 2460.0 local - 213
1644625472 stage_in_remote_local_0_0 JOB_TERMINATED 2461.0 local - 214
1644625473 stage_in_remote_local_0_0 JOB_SUCCESS 0 local - 214
1644625473 stage_in_remote_local_0_0 POST_SCRIPT_STARTED 2461.0 local - 214
1644625473 stage_in_remote_local_0_1 SUBMIT 2464.0 local - 217
1644625473 stage_in_local_local_0_1 SUBMIT 2465.0 local - 218
1644625473 stage_in_remote_local_2_1 SUBMIT 2466.0 local - 219
1644625473 stage_in_local_local_2_1 SUBMIT 2467.0 local - 220
1644625473 stage_in_local_local_0_2 SUBMIT 2468.0 local - 221
1644625473 stage_in_remote_local_0_0 POST_SCRIPT_TERMINATED 2461.0 local - 214
1644625478 stage_in_remote_local_0_0 POST_SCRIPT_SUCCESS 0 local - 214
1644625473 stage_in_remote_local_2_0 POST_SCRIPT_TERMINATED 2459.0 local - 212
1644625478 stage_in_remote_local_2_0 POST_SCRIPT_SUCCESS 0 local - 212
1644625473 stage_in_local_local_0_0 POST_SCRIPT_TERMINATED 2462.0 local - 215
1644625478 stage_in_local_local_0_0 POST_SCRIPT_SUCCESS 0 local - 215
1644625473 stage_in_remote_local_1_0 POST_SCRIPT_TERMINATED 2460.0 local - 213
1644625478 stage_in_remote_local_1_0 POST_SCRIPT_SUCCESS 0 local - 213
1644625474 stage_in_local_local_2_0 JOB_TERMINATED 2463.0 local - 216
1644625478 stage_in_local_local_2_0 JOB_SUCCESS 0 local - 216
1644625478 stage_in_local_local_2_0 POST_SCRIPT_STARTED 2463.0 local - 216
1644625474 stage_in_local_local_0_2 EXECUTE 2468.0 local - 221
1644625474 stage_in_local_local_2_1 EXECUTE 2467.0 local - 220
1644625474 stage_in_remote_local_2_1 EXECUTE 2466.0 local - 219
1644625474 stage_in_local_local_0_1 EXECUTE 2465.0 local - 218
1644625474 stage_in_remote_local_0_1 EXECUTE 2464.0 local - 217
1644625477 stage_in_remote_local_2_1 JOB_TERMINATED 2466.0 local - 219
1644625478 stage_in_remote_local_2_1 JOB_SUCCESS 0 local - 219
1644625478 stage_in_remote_local_2_1 POST_SCRIPT_STARTED 2466.0 local - 219
1644625477 stage_in_local_local_0_2 JOB_TERMINATED 2468.0 local - 221
1644625478 stage_in_local_local_0_2 JOB_SUCCESS 0 local - 221
1644625478 stage_in_local_local_0_2 POST_SCRIPT_STARTED 2468.0 local - 221
1644625477 stage_in_remote_local_0_1 JOB_TERMINATED 2464.0 local - 217
1644625478 stage_in_remote_local_0_1 JOB_SUCCESS 0 local - 217
1644625478 stage_in_remote_local_0_1 POST_SCRIPT_STARTED 2464.0 local - 217
1644625477 stage_in_local_local_0_1 JOB_TERMINATED 2465.0 local - 218
1644625478 stage_in_local_local_0_1 JOB_SUCCESS 0 local - 218
1644625478 stage_in_local_local_0_1 POST_SCRIPT_STARTED 2465.0 local - 218
1644625479 stage_in_local_local_2_1 JOB_TERMINATED 2467.0 local - 220
1644625483 stage_in_local_local_2_1 JOB_SUCCESS 0 local - 220
1644625483 stage_in_local_local_2_1 POST_SCRIPT_STARTED 2467.0 local - 220
1644625479 stage_in_local_local_0_1 POST_SCRIPT_TERMINATED 2465.0 local - 218
1644625483 stage_in_local_local_0_1 POST_SCRIPT_SUCCESS 0 local - 218
1644625479 stage_in_local_local_0_2 POST_SCRIPT_TERMINATED 2468.0 local - 221
1644625483 stage_in_local_local_0_2 POST_SCRIPT_SUCCESS 0 local - 221
1644625479 stage_in_remote_local_0_1 POST_SCRIPT_TERMINATED 2464.0 local - 217
1644625483 stage_in_remote_local_0_1 POST_SCRIPT_SUCCESS 0 local - 217
1644625479 stage_in_remote_local_2_1 POST_SCRIPT_TERMINATED 2466.0 local - 219
1644625483 stage_in_remote_local_2_1 POST_SCRIPT_SUCCESS 0 local - 219
1644625479 stage_in_local_local_2_0 POST_SCRIPT_TERMINATED 2463.0 local - 216
1644625483 stage_in_local_local_2_0 POST_SCRIPT_SUCCESS 0 local - 216
1644625483 stage_in_local_local_2_1 POST_SCRIPT_TERMINATED 2467.0 local - 220
1644625488 stage_in_local_local_2_1 POST_SCRIPT_SUCCESS 0 local - 220
1644625488 individuals_ID0000037 SUBMIT 2469.0 condorpool - 222
1644625488 individuals_ID0000038 SUBMIT 2470.0 condorpool - 223
1644625488 individuals_ID0000039 SUBMIT 2471.0 condorpool - 224
1644625488 individuals_ID0000033 SUBMIT 2472.0 condorpool - 225
1644625488 individuals_ID0000034 SUBMIT 2473.0 condorpool - 226
1644625493 individuals_ID0000035 SUBMIT 2474.0 condorpool - 227
1644625493 individuals_ID0000036 SUBMIT 2475.0 condorpool - 228
1644625493 individuals_ID0000073 SUBMIT 2476.0 condorpool - 229
1644625493 individuals_ID0000030 SUBMIT 2477.0 condorpool - 230
1644625493 individuals_ID0000074 SUBMIT 2478.0 condorpool - 231
1644625497 individuals_ID0000034 EXECUTE 2473.0 condorpool - 226
1644625498 individuals_ID0000031 SUBMIT 2479.0 condorpool - 232
1644625498 individuals_ID0000075 SUBMIT 2480.0 condorpool - 233
1644625498 individuals_ID0000032 SUBMIT 2481.0 condorpool - 234
1644625498 individuals_ID0000070 SUBMIT 2482.0 condorpool - 235
1644625498 individuals_ID0000071 SUBMIT 2483.0 condorpool - 236
1644625504 individuals_ID0000072 SUBMIT 2484.0 condorpool - 237
1644625504 individuals_ID0000004 SUBMIT 2485.0 condorpool - 238
1644625504 individuals_ID0000048 SUBMIT 2486.0 condorpool - 239
1644625504 individuals_ID0000005 SUBMIT 2487.0 condorpool - 240
1644625504 individuals_ID0000049 SUBMIT 2488.0 condorpool - 241
1644625505 individuals_ID0000039 EXECUTE 2471.0 condorpool - 224
1644625505 individuals_ID0000038 EXECUTE 2470.0 condorpool - 223
1644625505 individuals_ID0000037 EXECUTE 2469.0 condorpool - 222
1644625508 individuals_ID0000033 EXECUTE 2472.0 condorpool - 225
1644625509 individuals_ID0000006 SUBMIT 2489.0 condorpool - 242
1644625509 individuals_ID0000007 SUBMIT 2490.0 condorpool - 243
1644625509 individuals_ID0000044 SUBMIT 2491.0 condorpool - 244
1644625509 individuals_ID0000001 SUBMIT 2492.0 condorpool - 245
1644625509 individuals_ID0000045 SUBMIT 2493.0 condorpool - 246
1644625514 individuals_ID0000002 SUBMIT 2494.0 condorpool - 247
1644625514 individuals_ID0000046 SUBMIT 2495.0 condorpool - 248
1644625514 individuals_ID0000003 SUBMIT 2496.0 condorpool - 249
1644625514 individuals_ID0000047 SUBMIT 2497.0 condorpool - 250
1644625514 individuals_ID0000008 SUBMIT 2498.0 condorpool - 251
1644625519 individuals_ID0000009 SUBMIT 2499.0 condorpool - 252
1644625519 individuals_ID0000040 SUBMIT 2500.0 condorpool - 253
1644625519 individuals_ID0000041 SUBMIT 2501.0 condorpool - 254
1644625519 individuals_ID0000042 SUBMIT 2502.0 condorpool - 255
1644625519 individuals_ID0000043 SUBMIT 2503.0 condorpool - 256
1644625524 individuals_ID0000015 SUBMIT 2504.0 condorpool - 257
1644625524 individuals_ID0000059 SUBMIT 2505.0 condorpool - 258
1644625525 individuals_ID0000016 SUBMIT 2506.0 condorpool - 259
1644625525 individuals_ID0000017 SUBMIT 2507.0 condorpool - 260
1644625525 individuals_ID0000018 SUBMIT 2508.0 condorpool - 261
1644625525 individuals_ID0000030 EXECUTE 2477.0 condorpool - 230
1644625525 individuals_ID0000074 EXECUTE 2478.0 condorpool - 231
1644625530 individuals_ID0000011 SUBMIT 2509.0 condorpool - 262
1644625530 individuals_ID0000055 SUBMIT 2510.0 condorpool - 263
1644625530 individuals_ID0000012 SUBMIT 2511.0 condorpool - 264
1644625530 individuals_ID0000056 SUBMIT 2512.0 condorpool - 265
1644625530 individuals_ID0000013 SUBMIT 2513.0 condorpool - 266
1644625532 individuals_ID0000035 EXECUTE 2474.0 condorpool - 227
1644625533 individuals_ID0000036 EXECUTE 2475.0 condorpool - 228
1644625533 individuals_ID0000073 EXECUTE 2476.0 condorpool - 229
1644625533 individuals_ID0000075 EXECUTE 2480.0 condorpool - 233
1644625533 individuals_ID0000031 EXECUTE 2479.0 condorpool - 232
1644625535 individuals_ID0000057 SUBMIT 2514.0 condorpool - 267
1644625535 individuals_ID0000014 SUBMIT 2515.0 condorpool - 268
1644625535 individuals_ID0000058 SUBMIT 2516.0 condorpool - 269
1644625535 individuals_ID0000019 SUBMIT 2517.0 condorpool - 270
1644625535 individuals_ID0000051 SUBMIT 2518.0 condorpool - 271
1644625540 individuals_ID0000052 SUBMIT 2519.0 condorpool - 272
1644625540 individuals_ID0000053 SUBMIT 2520.0 condorpool - 273
1644625540 individuals_ID0000010 SUBMIT 2521.0 condorpool - 274
1644625540 individuals_ID0000054 SUBMIT 2522.0 condorpool - 275
1644625540 individuals_ID0000050 SUBMIT 2523.0 condorpool - 276
1644625545 individuals_ID0000026 SUBMIT 2524.0 condorpool - 277
1644625545 individuals_ID0000027 SUBMIT 2525.0 condorpool - 278
1644625545 individuals_ID0000028 SUBMIT 2526.0 condorpool - 279
1644625545 individuals_ID0000029 SUBMIT 2527.0 condorpool - 280
1644625545 individuals_ID0000022 SUBMIT 2528.0 condorpool - 281
1644625551 individuals_ID0000066 SUBMIT 2529.0 condorpool - 282
1644625551 individuals_ID0000023 SUBMIT 2530.0 condorpool - 283
1644625551 individuals_ID0000067 SUBMIT 2531.0 condorpool - 284
1644625551 individuals_ID0000024 SUBMIT 2532.0 condorpool - 285
1644625551 individuals_ID0000068 SUBMIT 2533.0 condorpool - 286
1644625556 individuals_ID0000025 SUBMIT 2534.0 condorpool - 287
1644625556 individuals_ID0000069 SUBMIT 2535.0 condorpool - 288
1644625556 individuals_ID0000062 SUBMIT 2536.0 condorpool - 289
1644625556 individuals_ID0000063 SUBMIT 2537.0 condorpool - 290
1644625556 individuals_ID0000020 SUBMIT 2538.0 condorpool - 291
1644625561 individuals_ID0000064 SUBMIT 2539.0 condorpool - 292
1644625561 individuals_ID0000021 SUBMIT 2540.0 condorpool - 293
1644625561 individuals_ID0000065 SUBMIT 2541.0 condorpool - 294
1644625561 individuals_ID0000060 SUBMIT 2542.0 condorpool - 295
1644625561 individuals_ID0000061 SUBMIT 2543.0 condorpool - 296
1644625566 sifting_ID0000077 SUBMIT 2544.0 condorpool - 297
1644626200 individuals_ID0000034 JOB_TERMINATED 2473.0 condorpool - 226
1644626201 individuals_ID0000034 JOB_SUCCESS 0 condorpool - 226
1644626201 individuals_ID0000034 POST_SCRIPT_STARTED 2473.0 condorpool - 226
1644626201 individuals_ID0000034 POST_SCRIPT_TERMINATED 2473.0 condorpool - 226
1644626206 individuals_ID0000034 POST_SCRIPT_SUCCESS 0 condorpool - 226
1644626208 individuals_ID0000032 EXECUTE 2481.0 condorpool - 234
1644626210 individuals_ID0000037 JOB_TERMINATED 2469.0 condorpool - 222
1644626211 individuals_ID0000037 JOB_SUCCESS 0 condorpool - 222
1644626211 individuals_ID0000037 POST_SCRIPT_STARTED 2469.0 condorpool - 222
1644626211 individuals_ID0000039 JOB_TERMINATED 2471.0 condorpool - 224
1644626216 individuals_ID0000039 JOB_SUCCESS 0 condorpool - 224
1644626216 individuals_ID0000039 POST_SCRIPT_STARTED 2471.0 condorpool - 224
1644626212 individuals_ID0000037 POST_SCRIPT_TERMINATED 2469.0 condorpool - 222
1644626216 individuals_ID0000037 POST_SCRIPT_SUCCESS 0 condorpool - 222
1644626216 individuals_ID0000039 POST_SCRIPT_TERMINATED 2471.0 condorpool - 224
1644626221 individuals_ID0000039 POST_SCRIPT_SUCCESS 0 condorpool - 224
1644626217 individuals_ID0000038 JOB_TERMINATED 2470.0 condorpool - 223
1644626221 individuals_ID0000038 JOB_SUCCESS 0 condorpool - 223
1644626221 individuals_ID0000038 POST_SCRIPT_STARTED 2470.0 condorpool - 223
1644626219 individuals_ID0000070 EXECUTE 2482.0 condorpool - 235
1644626220 individuals_ID0000071 EXECUTE 2483.0 condorpool - 236
1644626221 individuals_ID0000038 POST_SCRIPT_TERMINATED 2470.0 condorpool - 223
1644626226 individuals_ID0000038 POST_SCRIPT_SUCCESS 0 condorpool - 223
1644626225 individuals_ID0000072 EXECUTE 2484.0 condorpool - 237
1644626234 individuals_ID0000033 JOB_TERMINATED 2472.0 condorpool - 225
1644626236 individuals_ID0000033 JOB_SUCCESS 0 condorpool - 225
1644626236 individuals_ID0000033 POST_SCRIPT_STARTED 2472.0 condorpool - 225
1644626237 individuals_ID0000033 POST_SCRIPT_TERMINATED 2472.0 condorpool - 225
1644626241 individuals_ID0000033 POST_SCRIPT_SUCCESS 0 condorpool - 225
1644626241 individuals_ID0000004 EXECUTE 2485.0 condorpool - 238
1644626264 individuals_ID0000036 JOB_TERMINATED 2475.0 condorpool - 228
1644626266 individuals_ID0000036 JOB_SUCCESS 0 condorpool - 228
1644626266 individuals_ID0000036 POST_SCRIPT_STARTED 2475.0 condorpool - 228
1644626264 individuals_ID0000075 JOB_TERMINATED 2480.0 condorpool - 233
1644626266 individuals_ID0000075 JOB_SUCCESS 0 condorpool - 233
1644626266 individuals_ID0000075 POST_SCRIPT_STARTED 2480.0 condorpool - 233
1644626265 individuals_ID0000074 JOB_TERMINATED 2478.0 condorpool - 231
1644626266 individuals_ID0000074 JOB_SUCCESS 0 condorpool - 231
1644626266 individuals_ID0000074 POST_SCRIPT_STARTED 2478.0 condorpool - 231
1644626265 individuals_ID0000031 JOB_TERMINATED 2479.0 condorpool - 232
1644626266 individuals_ID0000031 JOB_SUCCESS 0 condorpool - 232
1644626266 individuals_ID0000031 POST_SCRIPT_STARTED 2479.0 condorpool - 232
1644626266 individuals_ID0000030 JOB_TERMINATED 2477.0 condorpool - 230
1644626266 individuals_ID0000030 JOB_SUCCESS 0 condorpool - 230
1644626266 individuals_ID0000030 POST_SCRIPT_STARTED 2477.0 condorpool - 230
1644626266 individuals_ID0000075 POST_SCRIPT_TERMINATED 2480.0 condorpool - 233
1644626271 individuals_ID0000075 POST_SCRIPT_SUCCESS 0 condorpool - 233
1644626266 individuals_ID0000036 POST_SCRIPT_TERMINATED 2475.0 condorpool - 228
1644626271 individuals_ID0000036 POST_SCRIPT_SUCCESS 0 condorpool - 228
1644626266 individuals_ID0000031 POST_SCRIPT_TERMINATED 2479.0 condorpool - 232
1644626271 individuals_ID0000031 POST_SCRIPT_SUCCESS 0 condorpool - 232
1644626266 individuals_ID0000030 POST_SCRIPT_TERMINATED 2477.0 condorpool - 230
1644626271 individuals_ID0000030 POST_SCRIPT_SUCCESS 0 condorpool - 230
1644626266 individuals_ID0000074 POST_SCRIPT_TERMINATED 2478.0 condorpool - 231
1644626271 individuals_ID0000074 POST_SCRIPT_SUCCESS 0 condorpool - 231
1644626267 individuals_ID0000073 JOB_TERMINATED 2476.0 condorpool - 229
1644626271 individuals_ID0000073 JOB_SUCCESS 0 condorpool - 229
1644626271 individuals_ID0000073 POST_SCRIPT_STARTED 2476.0 condorpool - 229
1644626272 individuals_ID0000073 POST_SCRIPT_TERMINATED 2476.0 condorpool - 229
1644626276 individuals_ID0000073 POST_SCRIPT_SUCCESS 0 condorpool - 229
1644626273 individuals_ID0000035 JOB_TERMINATED 2474.0 condorpool - 227
1644626276 individuals_ID0000035 JOB_SUCCESS 0 condorpool - 227
1644626276 individuals_ID0000035 POST_SCRIPT_STARTED 2474.0 condorpool - 227
1644626276 individuals_ID0000035 POST_SCRIPT_TERMINATED 2474.0 condorpool - 227
1644626281 individuals_ID0000035 POST_SCRIPT_SUCCESS 0 condorpool - 227
1644626279 individuals_ID0000048 EXECUTE 2486.0 condorpool - 239
1644626281 individuals_ID0000049 EXECUTE 2488.0 condorpool - 241
1644626282 individuals_ID0000044 EXECUTE 2491.0 condorpool - 244
1644626285 individuals_ID0000006 EXECUTE 2489.0 condorpool - 242
1644626285 individuals_ID0000005 EXECUTE 2487.0 condorpool - 240
1644626285 individuals_ID0000007 EXECUTE 2490.0 condorpool - 243
1644626288 individuals_ID0000001 EXECUTE 2492.0 condorpool - 245
1644626629 individuals_ID0000001 JOB_TERMINATED 2492.0 condorpool - 245
1644626631 individuals_ID0000001 JOB_SUCCESS 0 condorpool - 245
1644626631 individuals_ID0000001 POST_SCRIPT_STARTED 2492.0 condorpool - 245
1644626632 individuals_ID0000001 POST_SCRIPT_TERMINATED 2492.0 condorpool - 245
1644626636 individuals_ID0000001 POST_SCRIPT_SUCCESS 0 condorpool - 245
1644626636 individuals_ID0000045 EXECUTE 2493.0 condorpool - 246
1644626916 individuals_ID0000072 JOB_TERMINATED 2484.0 condorpool - 237
1644626921 individuals_ID0000072 JOB_SUCCESS 0 condorpool - 237
1644626921 individuals_ID0000072 POST_SCRIPT_STARTED 2484.0 condorpool - 237
1644626921 individuals_ID0000072 POST_SCRIPT_TERMINATED 2484.0 condorpool - 237
1644626926 individuals_ID0000072 POST_SCRIPT_SUCCESS 0 condorpool - 237
1644626928 individuals_ID0000071 JOB_TERMINATED 2483.0 condorpool - 236
1644626931 individuals_ID0000071 JOB_SUCCESS 0 condorpool - 236
1644626931 individuals_ID0000071 POST_SCRIPT_STARTED 2483.0 condorpool - 236
1644626930 individuals_ID0000070 JOB_TERMINATED 2482.0 condorpool - 235
1644626931 individuals_ID0000070 JOB_SUCCESS 0 condorpool - 235
1644626931 individuals_ID0000070 POST_SCRIPT_STARTED 2482.0 condorpool - 235
1644626932 individuals_ID0000071 POST_SCRIPT_TERMINATED 2483.0 condorpool - 236
1644626936 individuals_ID0000071 POST_SCRIPT_SUCCESS 0 condorpool - 236
1644626932 individuals_ID0000070 POST_SCRIPT_TERMINATED 2482.0 condorpool - 235
1644626936 individuals_ID0000070 POST_SCRIPT_SUCCESS 0 condorpool - 235
1644626934 individuals_ID0000032 JOB_TERMINATED 2481.0 condorpool - 234
1644626936 individuals_ID0000032 JOB_SUCCESS 0 condorpool - 234
1644626936 individuals_ID0000032 POST_SCRIPT_STARTED 2481.0 condorpool - 234
1644626934 individuals_ID0000004 JOB_TERMINATED 2485.0 condorpool - 238
1644626936 individuals_ID0000004 JOB_SUCCESS 0 condorpool - 238
1644626936 individuals_ID0000004 POST_SCRIPT_STARTED 2485.0 condorpool - 238
1644626936 individuals_ID0000004 POST_SCRIPT_TERMINATED 2485.0 condorpool - 238
1644626941 individuals_ID0000004 POST_SCRIPT_SUCCESS 0 condorpool - 238
1644626936 individuals_ID0000032 POST_SCRIPT_TERMINATED 2481.0 condorpool - 234
1644626941 individuals_ID0000032 POST_SCRIPT_SUCCESS 0 condorpool - 234
1644626958 individuals_ID0000008 EXECUTE 2498.0 condorpool - 251
1644626963 individuals_ID0000003 EXECUTE 2496.0 condorpool - 249
1644626966 individuals_ID0000002 EXECUTE 2494.0 condorpool - 247
1644626967 individuals_ID0000046 EXECUTE 2495.0 condorpool - 248
1644626967 individuals_ID0000047 EXECUTE 2497.0 condorpool - 250
1644627022 individuals_ID0000048 JOB_TERMINATED 2486.0 condorpool - 239
1644627026 individuals_ID0000048 JOB_SUCCESS 0 condorpool - 239
1644627026 individuals_ID0000048 POST_SCRIPT_STARTED 2486.0 condorpool - 239
1644627023 individuals_ID0000044 JOB_TERMINATED 2491.0 condorpool - 244
1644627026 individuals_ID0000044 JOB_SUCCESS 0 condorpool - 244
1644627026 individuals_ID0000044 POST_SCRIPT_STARTED 2491.0 condorpool - 244
1644627026 individuals_ID0000048 POST_SCRIPT_TERMINATED 2486.0 condorpool - 239
1644627031 individuals_ID0000048 POST_SCRIPT_SUCCESS 0 condorpool - 239
1644627026 individuals_ID0000044 POST_SCRIPT_TERMINATED 2491.0 condorpool - 244
1644627031 individuals_ID0000044 POST_SCRIPT_SUCCESS 0 condorpool - 244
1644627038 individuals_ID0000006 JOB_TERMINATED 2489.0 condorpool - 242
1644627041 individuals_ID0000006 JOB_SUCCESS 0 condorpool - 242
1644627041 individuals_ID0000006 POST_SCRIPT_STARTED 2489.0 condorpool - 242
1644627039 individuals_ID0000049 JOB_TERMINATED 2488.0 condorpool - 241
1644627041 individuals_ID0000049 JOB_SUCCESS 0 condorpool - 241
1644627041 individuals_ID0000049 POST_SCRIPT_STARTED 2488.0 condorpool - 241
1644627040 individuals_ID0000007 JOB_TERMINATED 2490.0 condorpool - 243
1644627041 individuals_ID0000007 JOB_SUCCESS 0 condorpool - 243
1644627041 individuals_ID0000007 POST_SCRIPT_STARTED 2490.0 condorpool - 243
1644627040 individuals_ID0000005 JOB_TERMINATED 2487.0 condorpool - 240
1644627041 individuals_ID0000005 JOB_SUCCESS 0 condorpool - 240
1644627041 individuals_ID0000005 POST_SCRIPT_STARTED 2487.0 condorpool - 240
1644627042 individuals_ID0000007 POST_SCRIPT_TERMINATED 2490.0 condorpool - 243
1644627046 individuals_ID0000007 POST_SCRIPT_SUCCESS 0 condorpool - 243
1644627042 individuals_ID0000005 POST_SCRIPT_TERMINATED 2487.0 condorpool - 240
1644627046 individuals_ID0000005 POST_SCRIPT_SUCCESS 0 condorpool - 240
1644627042 individuals_ID0000006 POST_SCRIPT_TERMINATED 2489.0 condorpool - 242
1644627046 individuals_ID0000006 POST_SCRIPT_SUCCESS 0 condorpool - 242
1644627042 individuals_ID0000049 POST_SCRIPT_TERMINATED 2488.0 condorpool - 241
1644627046 individuals_ID0000049 POST_SCRIPT_SUCCESS 0 condorpool - 241
1644627081 individuals_ID0000015 EXECUTE 2504.0 condorpool - 257
1644627085 individuals_ID0000040 EXECUTE 2500.0 condorpool - 253
1644627085 individuals_ID0000009 EXECUTE 2499.0 condorpool - 252
1644627089 individuals_ID0000043 EXECUTE 2503.0 condorpool - 256
1644627089 individuals_ID0000042 EXECUTE 2502.0 condorpool - 255
1644627089 individuals_ID0000041 EXECUTE 2501.0 condorpool - 254
1644627362 individuals_ID0000045 JOB_TERMINATED 2493.0 condorpool - 246
1644627366 individuals_ID0000045 JOB_SUCCESS 0 condorpool - 246
1644627366 individuals_ID0000045 POST_SCRIPT_STARTED 2493.0 condorpool - 246
1644627366 individuals_ID0000045 POST_SCRIPT_TERMINATED 2493.0 condorpool - 246
1644627371 individuals_ID0000045 POST_SCRIPT_SUCCESS 0 condorpool - 246
1644627376 individuals_ID0000059 EXECUTE 2505.0 condorpool - 258
1644627670 individuals_ID0000002 JOB_TERMINATED 2494.0 condorpool - 247
1644627672 individuals_ID0000002 JOB_SUCCESS 0 condorpool - 247
1644627672 individuals_ID0000002 POST_SCRIPT_STARTED 2494.0 condorpool - 247
1644627671 individuals_ID0000047 JOB_TERMINATED 2497.0 condorpool - 250
1644627672 individuals_ID0000047 JOB_SUCCESS 0 condorpool - 250
1644627672 individuals_ID0000047 POST_SCRIPT_STARTED 2497.0 condorpool - 250
1644627672 individuals_ID0000047 POST_SCRIPT_TERMINATED 2497.0 condorpool - 250
1644627677 individuals_ID0000047 POST_SCRIPT_SUCCESS 0 condorpool - 250
1644627672 individuals_ID0000002 POST_SCRIPT_TERMINATED 2494.0 condorpool - 247
1644627677 individuals_ID0000002 POST_SCRIPT_SUCCESS 0 condorpool - 247
1644627674 individuals_ID0000046 JOB_TERMINATED 2495.0 condorpool - 248
1644627677 individuals_ID0000046 JOB_SUCCESS 0 condorpool - 248
1644627677 individuals_ID0000046 POST_SCRIPT_STARTED 2495.0 condorpool - 248
1644627677 individuals_ID0000046 POST_SCRIPT_TERMINATED 2495.0 condorpool - 248
1644627682 individuals_ID0000046 POST_SCRIPT_SUCCESS 0 condorpool - 248
1644627678 individuals_ID0000016 EXECUTE 2506.0 condorpool - 259
1644627678 individuals_ID0000003 JOB_TERMINATED 2496.0 condorpool - 249
1644627682 individuals_ID0000003 JOB_SUCCESS 0 condorpool - 249
1644627682 individuals_ID0000003 POST_SCRIPT_STARTED 2496.0 condorpool - 249
1644627682 individuals_ID0000017 EXECUTE 2507.0 condorpool - 260
1644627683 individuals_ID0000003 POST_SCRIPT_TERMINATED 2496.0 condorpool - 249
1644627687 individuals_ID0000003 POST_SCRIPT_SUCCESS 0 condorpool - 249
1644627686 individuals_ID0000018 EXECUTE 2508.0 condorpool - 261
1644627688 individuals_ID0000011 EXECUTE 2509.0 condorpool - 262
1644627691 individuals_ID0000008 JOB_TERMINATED 2498.0 condorpool - 251
1644627692 individuals_ID0000008 JOB_SUCCESS 0 condorpool - 251
1644627692 individuals_ID0000008 POST_SCRIPT_STARTED 2498.0 condorpool - 251
1644627692 individuals_ID0000008 POST_SCRIPT_TERMINATED 2498.0 condorpool - 251
1644627697 individuals_ID0000008 POST_SCRIPT_SUCCESS 0 condorpool - 251
1644627699 individuals_ID0000055 EXECUTE 2510.0 condorpool - 263
1644627815 individuals_ID0000009 JOB_TERMINATED 2499.0 condorpool - 252
1644627817 individuals_ID0000009 JOB_SUCCESS 0 condorpool - 252
1644627817 individuals_ID0000009 POST_SCRIPT_STARTED 2499.0 condorpool - 252
1644627818 individuals_ID0000009 POST_SCRIPT_TERMINATED 2499.0 condorpool - 252
1644627822 individuals_ID0000009 POST_SCRIPT_SUCCESS 0 condorpool - 252
1644627822 individuals_ID0000012 EXECUTE 2511.0 condorpool - 264
1644627827 individuals_ID0000040 JOB_TERMINATED 2500.0 condorpool - 253
1644627832 individuals_ID0000040 JOB_SUCCESS 0 condorpool - 253
1644627832 individuals_ID0000040 POST_SCRIPT_STARTED 2500.0 condorpool - 253
1644627832 individuals_ID0000040 POST_SCRIPT_TERMINATED 2500.0 condorpool - 253
1644627837 individuals_ID0000040 POST_SCRIPT_SUCCESS 0 condorpool - 253
1644627836 individuals_ID0000056 EXECUTE 2512.0 condorpool - 265
1644627841 individuals_ID0000015 JOB_TERMINATED 2504.0 condorpool - 257
1644627842 individuals_ID0000015 JOB_SUCCESS 0 condorpool - 257
1644627842 individuals_ID0000015 POST_SCRIPT_STARTED 2504.0 condorpool - 257
1644627842 individuals_ID0000015 POST_SCRIPT_TERMINATED 2504.0 condorpool - 257
1644627847 individuals_ID0000015 POST_SCRIPT_SUCCESS 0 condorpool - 257
1644627847 individuals_ID0000041 JOB_TERMINATED 2501.0 condorpool - 254
1644627847 individuals_ID0000041 JOB_SUCCESS 0 condorpool - 254
1644627847 individuals_ID0000041 POST_SCRIPT_STARTED 2501.0 condorpool - 254
1644627848 individuals_ID0000041 POST_SCRIPT_TERMINATED 2501.0 condorpool - 254
1644627852 individuals_ID0000041 POST_SCRIPT_SUCCESS 0 condorpool - 254
1644627848 individuals_ID0000013 EXECUTE 2513.0 condorpool - 266
1644627849 individuals_ID0000043 JOB_TERMINATED 2503.0 condorpool - 256
1644627852 individuals_ID0000043 JOB_SUCCESS 0 condorpool - 256
1644627852 individuals_ID0000043 POST_SCRIPT_STARTED 2503.0 condorpool - 256
1644627850 individuals_ID0000042 JOB_TERMINATED 2502.0 condorpool - 255
1644627852 individuals_ID0000042 JOB_SUCCESS 0 condorpool - 255
1644627852 individuals_ID0000042 POST_SCRIPT_STARTED 2502.0 condorpool - 255
1644627852 individuals_ID0000043 POST_SCRIPT_TERMINATED 2503.0 condorpool - 256
1644627857 individuals_ID0000043 POST_SCRIPT_SUCCESS 0 condorpool - 256
1644627852 individuals_ID0000042 POST_SCRIPT_TERMINATED 2502.0 condorpool - 255
1644627857 individuals_ID0000042 POST_SCRIPT_SUCCESS 0 condorpool - 255
1644627857 individuals_ID0000057 EXECUTE 2514.0 condorpool - 267
1644627861 individuals_ID0000014 EXECUTE 2515.0 condorpool - 268
1644627862 individuals_ID0000058 EXECUTE 2516.0 condorpool - 269
1644628114 individuals_ID0000059 JOB_TERMINATED 2505.0 condorpool - 258
1644628117 individuals_ID0000059 JOB_SUCCESS 0 condorpool - 258
1644628117 individuals_ID0000059 POST_SCRIPT_STARTED 2505.0 condorpool - 258
1644628118 individuals_ID0000059 POST_SCRIPT_TERMINATED 2505.0 condorpool - 258
1644628122 individuals_ID0000059 POST_SCRIPT_SUCCESS 0 condorpool - 258
1644628121 individuals_ID0000019 EXECUTE 2517.0 condorpool - 270
1644628389 individuals_ID0000018 JOB_TERMINATED 2508.0 condorpool - 261
1644628392 individuals_ID0000018 JOB_SUCCESS 0 condorpool - 261
1644628392 individuals_ID0000018 POST_SCRIPT_STARTED 2508.0 condorpool - 261
1644628392 individuals_ID0000018 POST_SCRIPT_TERMINATED 2508.0 condorpool - 261
1644628397 individuals_ID0000018 POST_SCRIPT_SUCCESS 0 condorpool - 261
1644628393 individuals_ID0000016 JOB_TERMINATED 2506.0 condorpool - 259
1644628397 individuals_ID0000016 JOB_SUCCESS 0 condorpool - 259
1644628397 individuals_ID0000016 POST_SCRIPT_STARTED 2506.0 condorpool - 259
1644628394 individuals_ID0000017 JOB_TERMINATED 2507.0 condorpool - 260
1644628397 individuals_ID0000017 JOB_SUCCESS 0 condorpool - 260
1644628397 individuals_ID0000017 POST_SCRIPT_STARTED 2507.0 condorpool - 260
1644628396 individuals_ID0000011 JOB_TERMINATED 2509.0 condorpool - 262
1644628397 individuals_ID0000011 JOB_SUCCESS 0 condorpool - 262
1644628397 individuals_ID0000011 POST_SCRIPT_STARTED 2509.0 condorpool - 262
1644628398 individuals_ID0000016 POST_SCRIPT_TERMINATED 2506.0 condorpool - 259
1644628402 individuals_ID0000016 POST_SCRIPT_SUCCESS 0 condorpool - 259
1644628398 individuals_ID0000017 POST_SCRIPT_TERMINATED 2507.0 condorpool - 260
1644628402 individuals_ID0000017 POST_SCRIPT_SUCCESS 0 condorpool - 260
1644628398 individuals_ID0000011 POST_SCRIPT_TERMINATED 2509.0 condorpool - 262
1644628402 individuals_ID0000011 POST_SCRIPT_SUCCESS 0 condorpool - 262
1644628440 individuals_ID0000055 JOB_TERMINATED 2510.0 condorpool - 263
1644628442 individuals_ID0000055 JOB_SUCCESS 0 condorpool - 263
1644628442 individuals_ID0000055 POST_SCRIPT_STARTED 2510.0 condorpool - 263
1644628442 individuals_ID0000055 POST_SCRIPT_TERMINATED 2510.0 condorpool - 263
1644628447 individuals_ID0000055 POST_SCRIPT_SUCCESS 0 condorpool - 263
1644628458 individuals_ID0000054 EXECUTE 2522.0 condorpool - 275
1644628462 individuals_ID0000051 EXECUTE 2518.0 condorpool - 271
1644628465 individuals_ID0000052 EXECUTE 2519.0 condorpool - 272
1644628467 individuals_ID0000053 EXECUTE 2520.0 condorpool - 273
1644628467 individuals_ID0000010 EXECUTE 2521.0 condorpool - 274
1644628558 individuals_ID0000012 JOB_TERMINATED 2511.0 condorpool - 264
1644628562 individuals_ID0000012 JOB_SUCCESS 0 condorpool - 264
1644628562 individuals_ID0000012 POST_SCRIPT_STARTED 2511.0 condorpool - 264
1644628562 individuals_ID0000012 POST_SCRIPT_TERMINATED 2511.0 condorpool - 264
1644628567 individuals_ID0000012 POST_SCRIPT_SUCCESS 0 condorpool - 264
1644628575 individuals_ID0000050 EXECUTE 2523.0 condorpool - 276
1644628580 individuals_ID0000056 JOB_TERMINATED 2512.0 condorpool - 265
1644628582 individuals_ID0000056 JOB_SUCCESS 0 condorpool - 265
1644628582 individuals_ID0000056 POST_SCRIPT_STARTED 2512.0 condorpool - 265
1644628583 individuals_ID0000056 POST_SCRIPT_TERMINATED 2512.0 condorpool - 265
1644628587 individuals_ID0000056 POST_SCRIPT_SUCCESS 0 condorpool - 265
1644628606 individuals_ID0000013 JOB_TERMINATED 2513.0 condorpool - 266
1644628607 individuals_ID0000013 JOB_SUCCESS 0 condorpool - 266
1644628607 individuals_ID0000013 POST_SCRIPT_STARTED 2513.0 condorpool - 266
1644628607 individuals_ID0000013 POST_SCRIPT_TERMINATED 2513.0 condorpool - 266
1644628612 individuals_ID0000013 POST_SCRIPT_SUCCESS 0 condorpool - 266
1644628617 individuals_ID0000057 JOB_TERMINATED 2514.0 condorpool - 267
1644628617 individuals_ID0000057 JOB_SUCCESS 0 condorpool - 267
1644628617 individuals_ID0000057 POST_SCRIPT_STARTED 2514.0 condorpool - 267
1644628618 individuals_ID0000057 POST_SCRIPT_TERMINATED 2514.0 condorpool - 267
1644628622 individuals_ID0000057 POST_SCRIPT_SUCCESS 0 condorpool - 267
1644628620 individuals_ID0000014 JOB_TERMINATED 2515.0 condorpool - 268
1644628622 individuals_ID0000014 JOB_SUCCESS 0 condorpool - 268
1644628622 individuals_ID0000014 POST_SCRIPT_STARTED 2515.0 condorpool - 268
1644628622 individuals_ID0000014 POST_SCRIPT_TERMINATED 2515.0 condorpool - 268
1644628627 individuals_ID0000014 POST_SCRIPT_SUCCESS 0 condorpool - 268
1644628622 individuals_ID0000058 JOB_TERMINATED 2516.0 condorpool - 269
1644628627 individuals_ID0000058 JOB_SUCCESS 0 condorpool - 269
1644628627 individuals_ID0000058 POST_SCRIPT_STARTED 2516.0 condorpool - 269
1644628627 individuals_ID0000058 POST_SCRIPT_TERMINATED 2516.0 condorpool - 269
1644628632 individuals_ID0000058 POST_SCRIPT_SUCCESS 0 condorpool - 269
1644628637 individuals_ID0000026 EXECUTE 2524.0 condorpool - 277
1644628645 individuals_ID0000028 EXECUTE 2526.0 condorpool - 279
1644628646 individuals_ID0000022 EXECUTE 2528.0 condorpool - 281
1644628648 individuals_ID0000027 EXECUTE 2525.0 condorpool - 278
1644628648 individuals_ID0000029 EXECUTE 2527.0 condorpool - 280
1644628851 individuals_ID0000019 JOB_TERMINATED 2517.0 condorpool - 270
1644628852 individuals_ID0000019 JOB_SUCCESS 0 condorpool - 270
1644628852 individuals_ID0000019 POST_SCRIPT_STARTED 2517.0 condorpool - 270
1644628853 individuals_ID0000019 POST_SCRIPT_TERMINATED 2517.0 condorpool - 270
1644628857 individuals_ID0000019 POST_SCRIPT_SUCCESS 0 condorpool - 270
1644628877 individuals_ID0000066 EXECUTE 2529.0 condorpool - 282
1644629174 individuals_ID0000052 JOB_TERMINATED 2519.0 condorpool - 272
1644629177 individuals_ID0000052 JOB_SUCCESS 0 condorpool - 272
1644629177 individuals_ID0000052 POST_SCRIPT_STARTED 2519.0 condorpool - 272
1644629174 individuals_ID0000010 JOB_TERMINATED 2521.0 condorpool - 274
1644629177 individuals_ID0000010 JOB_SUCCESS 0 condorpool - 274
1644629177 individuals_ID0000010 POST_SCRIPT_STARTED 2521.0 condorpool - 274
1644629175 individuals_ID0000051 JOB_TERMINATED 2518.0 condorpool - 271
1644629177 individuals_ID0000051 JOB_SUCCESS 0 condorpool - 271
1644629177 individuals_ID0000051 POST_SCRIPT_STARTED 2518.0 condorpool - 271
1644629177 individuals_ID0000052 POST_SCRIPT_TERMINATED 2519.0 condorpool - 272
1644629182 individuals_ID0000052 POST_SCRIPT_SUCCESS 0 condorpool - 272
1644629177 individuals_ID0000010 POST_SCRIPT_TERMINATED 2521.0 condorpool - 274
1644629182 individuals_ID0000010 POST_SCRIPT_SUCCESS 0 condorpool - 274
1644629177 individuals_ID0000051 POST_SCRIPT_TERMINATED 2518.0 condorpool - 271
1644629182 individuals_ID0000051 POST_SCRIPT_SUCCESS 0 condorpool - 271
1644629180 individuals_ID0000053 JOB_TERMINATED 2520.0 condorpool - 273
1644629182 individuals_ID0000053 JOB_SUCCESS 0 condorpool - 273
1644629182 individuals_ID0000053 POST_SCRIPT_STARTED 2520.0 condorpool - 273
1644629183 individuals_ID0000053 POST_SCRIPT_TERMINATED 2520.0 condorpool - 273
1644629187 individuals_ID0000053 POST_SCRIPT_SUCCESS 0 condorpool - 273
1644629185 individuals_ID0000023 EXECUTE 2530.0 condorpool - 283
1644629189 individuals_ID0000067 EXECUTE 2531.0 condorpool - 284
1644629191 individuals_ID0000024 EXECUTE 2532.0 condorpool - 285
1644629191 individuals_ID0000068 EXECUTE 2533.0 condorpool - 286
1644629200 individuals_ID0000054 JOB_TERMINATED 2522.0 condorpool - 275
1644629202 individuals_ID0000054 JOB_SUCCESS 0 condorpool - 275
1644629202 individuals_ID0000054 POST_SCRIPT_STARTED 2522.0 condorpool - 275
1644629202 individuals_ID0000054 POST_SCRIPT_TERMINATED 2522.0 condorpool - 275
1644629207 individuals_ID0000054 POST_SCRIPT_SUCCESS 0 condorpool - 275
1644629207 individuals_ID0000025 EXECUTE 2534.0 condorpool - 287
1644629309 individuals_ID0000050 JOB_TERMINATED 2523.0 condorpool - 276
1644629312 individuals_ID0000050 JOB_SUCCESS 0 condorpool - 276
1644629312 individuals_ID0000050 POST_SCRIPT_STARTED 2523.0 condorpool - 276
1644629313 individuals_ID0000050 POST_SCRIPT_TERMINATED 2523.0 condorpool - 276
1644629317 individuals_ID0000050 POST_SCRIPT_SUCCESS 0 condorpool - 276
1644629316 individuals_ID0000069 EXECUTE 2535.0 condorpool - 288
1644629372 individuals_ID0000026 JOB_TERMINATED 2524.0 condorpool - 277
1644629377 individuals_ID0000026 JOB_SUCCESS 0 condorpool - 277
1644629377 individuals_ID0000026 POST_SCRIPT_STARTED 2524.0 condorpool - 277
1644629377 individuals_ID0000026 POST_SCRIPT_TERMINATED 2524.0 condorpool - 277
1644629382 individuals_ID0000026 POST_SCRIPT_SUCCESS 0 condorpool - 277
1644629379 individuals_ID0000062 EXECUTE 2536.0 condorpool - 289
1644629391 individuals_ID0000029 JOB_TERMINATED 2527.0 condorpool - 280
1644629392 individuals_ID0000029 JOB_SUCCESS 0 condorpool - 280
1644629392 individuals_ID0000029 POST_SCRIPT_STARTED 2527.0 condorpool - 280
1644629392 individuals_ID0000029 POST_SCRIPT_TERMINATED 2527.0 condorpool - 280
1644629397 individuals_ID0000029 POST_SCRIPT_SUCCESS 0 condorpool - 280
1644629397 individuals_ID0000063 EXECUTE 2537.0 condorpool - 290
1644629399 individuals_ID0000022 JOB_TERMINATED 2528.0 condorpool - 281
1644629402 individuals_ID0000022 JOB_SUCCESS 0 condorpool - 281
1644629402 individuals_ID0000022 POST_SCRIPT_STARTED 2528.0 condorpool - 281
1644629400 individuals_ID0000027 JOB_TERMINATED 2525.0 condorpool - 278
1644629402 individuals_ID0000027 JOB_SUCCESS 0 condorpool - 278
1644629402 individuals_ID0000027 POST_SCRIPT_STARTED 2525.0 condorpool - 278
1644629403 individuals_ID0000027 POST_SCRIPT_TERMINATED 2525.0 condorpool - 278
1644629407 individuals_ID0000027 POST_SCRIPT_SUCCESS 0 condorpool - 278
1644629403 individuals_ID0000022 POST_SCRIPT_TERMINATED 2528.0 condorpool - 281
1644629407 individuals_ID0000022 POST_SCRIPT_SUCCESS 0 condorpool - 281
1644629410 individuals_ID0000020 EXECUTE 2538.0 condorpool - 291
1644629410 individuals_ID0000064 EXECUTE 2539.0 condorpool - 292
1644629410 individuals_ID0000028 JOB_TERMINATED 2526.0 condorpool - 279
1644629412 individuals_ID0000028 JOB_SUCCESS 0 condorpool - 279
1644629412 individuals_ID0000028 POST_SCRIPT_STARTED 2526.0 condorpool - 279
1644629412 individuals_ID0000028 POST_SCRIPT_TERMINATED 2526.0 condorpool - 279
1644629417 individuals_ID0000028 POST_SCRIPT_SUCCESS 0 condorpool - 279
1644629418 individuals_ID0000021 EXECUTE 2540.0 condorpool - 293
1644629619 individuals_ID0000066 JOB_TERMINATED 2529.0 condorpool - 282
1644629622 individuals_ID0000066 JOB_SUCCESS 0 condorpool - 282
1644629622 individuals_ID0000066 POST_SCRIPT_STARTED 2529.0 condorpool - 282
1644629623 individuals_ID0000066 POST_SCRIPT_TERMINATED 2529.0 condorpool - 282
1644629627 individuals_ID0000066 POST_SCRIPT_SUCCESS 0 condorpool - 282
1644629627 individuals_ID0000065 EXECUTE 2541.0 condorpool - 294
1644629874 individuals_ID0000023 JOB_TERMINATED 2530.0 condorpool - 283
1644629877 individuals_ID0000023 JOB_SUCCESS 0 condorpool - 283
1644629877 individuals_ID0000023 POST_SCRIPT_STARTED 2530.0 condorpool - 283
1644629877 individuals_ID0000023 POST_SCRIPT_TERMINATED 2530.0 condorpool - 283
1644629882 individuals_ID0000023 POST_SCRIPT_SUCCESS 0 condorpool - 283
1644629890 individuals_ID0000024 JOB_TERMINATED 2532.0 condorpool - 285
1644629892 individuals_ID0000024 JOB_SUCCESS 0 condorpool - 285
1644629892 individuals_ID0000024 POST_SCRIPT_STARTED 2532.0 condorpool - 285
1644629893 individuals_ID0000024 POST_SCRIPT_TERMINATED 2532.0 condorpool - 285
1644629897 individuals_ID0000024 POST_SCRIPT_SUCCESS 0 condorpool - 285
1644629894 individuals_ID0000060 EXECUTE 2542.0 condorpool - 295
1644629894 individuals_ID0000068 JOB_TERMINATED 2533.0 condorpool - 286
1644629897 individuals_ID0000068 JOB_SUCCESS 0 condorpool - 286
1644629897 individuals_ID0000068 POST_SCRIPT_STARTED 2533.0 condorpool - 286
1644629896 individuals_ID0000067 JOB_TERMINATED 2531.0 condorpool - 284
1644629897 individuals_ID0000067 JOB_SUCCESS 0 condorpool - 284
1644629897 individuals_ID0000067 POST_SCRIPT_STARTED 2531.0 condorpool - 284
1644629897 individuals_ID0000068 POST_SCRIPT_TERMINATED 2533.0 condorpool - 286
1644629902 individuals_ID0000068 POST_SCRIPT_SUCCESS 0 condorpool - 286
1644629897 individuals_ID0000067 POST_SCRIPT_TERMINATED 2531.0 condorpool - 284
1644629902 individuals_ID0000067 POST_SCRIPT_SUCCESS 0 condorpool - 284
1644629950 sifting_ID0000077 EXECUTE 2544.0 condorpool - 297
1644629955 individuals_ID0000061 EXECUTE 2543.0 condorpool - 296
1644629955 sifting_ID0000077 JOB_TERMINATED 2544.0 condorpool - 297
1644629957 sifting_ID0000077 JOB_SUCCESS 0 condorpool - 297
1644629957 sifting_ID0000077 POST_SCRIPT_STARTED 2544.0 condorpool - 297
1644629957 sifting_ID0000077 POST_SCRIPT_TERMINATED 2544.0 condorpool - 297
1644629962 sifting_ID0000077 POST_SCRIPT_SUCCESS 0 condorpool - 297
1644629958 individuals_ID0000025 JOB_TERMINATED 2534.0 condorpool - 287
1644629962 individuals_ID0000025 JOB_SUCCESS 0 condorpool - 287
1644629962 individuals_ID0000025 POST_SCRIPT_STARTED 2534.0 condorpool - 287
1644629963 individuals_ID0000025 POST_SCRIPT_TERMINATED 2534.0 condorpool - 287
1644629967 individuals_ID0000025 POST_SCRIPT_SUCCESS 0 condorpool - 287
1644630052 individuals_ID0000069 JOB_TERMINATED 2535.0 condorpool - 288
1644630057 individuals_ID0000069 JOB_SUCCESS 0 condorpool - 288
1644630057 individuals_ID0000069 POST_SCRIPT_STARTED 2535.0 condorpool - 288
1644630057 individuals_ID0000069 POST_SCRIPT_TERMINATED 2535.0 condorpool - 288
1644630062 individuals_ID0000069 POST_SCRIPT_SUCCESS 0 condorpool - 288
1644630093 individuals_ID0000062 JOB_TERMINATED 2536.0 condorpool - 289
1644630097 individuals_ID0000062 JOB_SUCCESS 0 condorpool - 289
1644630097 individuals_ID0000062 POST_SCRIPT_STARTED 2536.0 condorpool - 289
1644630097 individuals_ID0000062 POST_SCRIPT_TERMINATED 2536.0 condorpool - 289
1644630102 individuals_ID0000062 POST_SCRIPT_SUCCESS 0 condorpool - 289
1644630153 individuals_ID0000063 JOB_TERMINATED 2537.0 condorpool - 290
1644630157 individuals_ID0000063 JOB_SUCCESS 0 condorpool - 290
1644630157 individuals_ID0000063 POST_SCRIPT_STARTED 2537.0 condorpool - 290
1644630158 individuals_ID0000063 POST_SCRIPT_TERMINATED 2537.0 condorpool - 290
1644630162 individuals_ID0000063 POST_SCRIPT_SUCCESS 0 condorpool - 290
1644630167 individuals_ID0000064 JOB_TERMINATED 2539.0 condorpool - 292
1644630172 individuals_ID0000064 JOB_SUCCESS 0 condorpool - 292
1644630172 individuals_ID0000064 POST_SCRIPT_STARTED 2539.0 condorpool - 292
1644630169 individuals_ID0000020 JOB_TERMINATED 2538.0 condorpool - 291
1644630172 individuals_ID0000020 JOB_SUCCESS 0 condorpool - 291
1644630172 individuals_ID0000020 POST_SCRIPT_STARTED 2538.0 condorpool - 291
1644630172 individuals_ID0000064 POST_SCRIPT_TERMINATED 2539.0 condorpool - 292
1644630177 individuals_ID0000064 POST_SCRIPT_SUCCESS 0 condorpool - 292
1644630172 individuals_ID0000020 POST_SCRIPT_TERMINATED 2538.0 condorpool - 291
1644630177 individuals_ID0000020 POST_SCRIPT_SUCCESS 0 condorpool - 291
1644630176 individuals_ID0000021 JOB_TERMINATED 2540.0 condorpool - 293
1644630177 individuals_ID0000021 JOB_SUCCESS 0 condorpool - 293
1644630177 individuals_ID0000021 POST_SCRIPT_STARTED 2540.0 condorpool - 293
1644630177 individuals_ID0000021 POST_SCRIPT_TERMINATED 2540.0 condorpool - 293
1644630182 individuals_ID0000021 POST_SCRIPT_SUCCESS 0 condorpool - 293
1644630298 individuals_ID0000065 JOB_TERMINATED 2541.0 condorpool - 294
1644630303 individuals_ID0000065 JOB_SUCCESS 0 condorpool - 294
1644630303 individuals_ID0000065 POST_SCRIPT_STARTED 2541.0 condorpool - 294
1644630303 individuals_ID0000065 POST_SCRIPT_TERMINATED 2541.0 condorpool - 294
1644630308 individuals_ID0000065 POST_SCRIPT_SUCCESS 0 condorpool - 294
1644630503 individuals_ID0000060 JOB_TERMINATED 2542.0 condorpool - 295
1644630508 individuals_ID0000060 JOB_SUCCESS 0 condorpool - 295
1644630508 individuals_ID0000060 POST_SCRIPT_STARTED 2542.0 condorpool - 295
1644630508 individuals_ID0000060 POST_SCRIPT_TERMINATED 2542.0 condorpool - 295
1644630513 individuals_ID0000060 POST_SCRIPT_SUCCESS 0 condorpool - 295
1644630556 individuals_ID0000061 JOB_TERMINATED 2543.0 condorpool - 296
1644630558 individuals_ID0000061 JOB_SUCCESS 0 condorpool - 296
1644630558 individuals_ID0000061 POST_SCRIPT_STARTED 2543.0 condorpool - 296
1644630559 individuals_ID0000061 POST_SCRIPT_TERMINATED 2543.0 condorpool - 296
1644630563 individuals_ID0000061 POST_SCRIPT_SUCCESS 0 condorpool - 296
1644630568 individuals_merge_ID0000076 SUBMIT 2545.0 condorpool - 298
1644630572 individuals_merge_ID0000076 EXECUTE 2545.0 condorpool - 298
1644636753 individuals_merge_ID0000076 JOB_TERMINATED 2545.0 condorpool - 298
1644636753 individuals_merge_ID0000076 JOB_SUCCESS 0 condorpool - 298
1644636753 individuals_merge_ID0000076 POST_SCRIPT_STARTED 2545.0 condorpool - 298
1644636754 individuals_merge_ID0000076 POST_SCRIPT_TERMINATED 2545.0 condorpool - 298
1644636758 individuals_merge_ID0000076 POST_SCRIPT_SUCCESS 0 condorpool - 298
1644636763 frequency_ID0000083 SUBMIT 2546.0 condorpool - 299
1644636763 mutation_overlap_ID0000080 SUBMIT 2547.0 condorpool - 300
1644636763 frequency_ID0000085 SUBMIT 2548.0 condorpool - 301
1644636763 mutation_overlap_ID0000090 SUBMIT 2549.0 condorpool - 302
1644636763 frequency_ID0000091 SUBMIT 2550.0 condorpool - 303
1644636768 frequency_ID0000081 SUBMIT 2551.0 condorpool - 304
1644636768 mutation_overlap_ID0000086 SUBMIT 2552.0 condorpool - 305
1644636768 frequency_ID0000079 SUBMIT 2553.0 condorpool - 306
1644636768 mutation_overlap_ID0000088 SUBMIT 2554.0 condorpool - 307
1644636768 mutation_overlap_ID0000082 SUBMIT 2555.0 condorpool - 308
1644636773 frequency_ID0000087 SUBMIT 2556.0 condorpool - 309
1644636773 mutation_overlap_ID0000084 SUBMIT 2557.0 condorpool - 310
1644636773 frequency_ID0000089 SUBMIT 2558.0 condorpool - 311
1644636773 mutation_overlap_ID0000078 SUBMIT 2559.0 condorpool - 312
1644636777 mutation_overlap_ID0000088 EXECUTE 2554.0 condorpool - 307
1644636778 mutation_overlap_ID0000082 EXECUTE 2555.0 condorpool - 308
1644636778 mutation_overlap_ID0000084 EXECUTE 2557.0 condorpool - 310
1644636779 frequency_ID0000083 EXECUTE 2546.0 condorpool - 299
1644636779 mutation_overlap_ID0000080 EXECUTE 2547.0 condorpool - 300
1644636779 mutation_overlap_ID0000090 EXECUTE 2549.0 condorpool - 302
1644636779 frequency_ID0000085 EXECUTE 2548.0 condorpool - 301
1644636779 mutation_overlap_ID0000086 EXECUTE 2552.0 condorpool - 305
1644636779 frequency_ID0000081 EXECUTE 2551.0 condorpool - 304
1644636779 frequency_ID0000091 EXECUTE 2550.0 condorpool - 303
1644636779 frequency_ID0000079 EXECUTE 2553.0 condorpool - 306
1644636779 frequency_ID0000087 EXECUTE 2556.0 condorpool - 309
1644636954 mutation_overlap_ID0000090 JOB_TERMINATED 2549.0 condorpool - 302
1644636958 mutation_overlap_ID0000090 JOB_SUCCESS 0 condorpool - 302
1644636958 mutation_overlap_ID0000090 POST_SCRIPT_STARTED 2549.0 condorpool - 302
1644636959 mutation_overlap_ID0000090 POST_SCRIPT_TERMINATED 2549.0 condorpool - 302
1644636963 mutation_overlap_ID0000090 POST_SCRIPT_SUCCESS 0 condorpool - 302
1644636959 mutation_overlap_ID0000088 JOB_TERMINATED 2554.0 condorpool - 307
1644636963 mutation_overlap_ID0000088 JOB_SUCCESS 0 condorpool - 307
1644636963 mutation_overlap_ID0000088 POST_SCRIPT_STARTED 2554.0 condorpool - 307
1644636961 mutation_overlap_ID0000080 JOB_TERMINATED 2547.0 condorpool - 300
1644636963 mutation_overlap_ID0000080 JOB_SUCCESS 0 condorpool - 300
1644636963 mutation_overlap_ID0000080 POST_SCRIPT_STARTED 2547.0 condorpool - 300
1644636961 mutation_overlap_ID0000086 JOB_TERMINATED 2552.0 condorpool - 305
1644636963 mutation_overlap_ID0000086 JOB_SUCCESS 0 condorpool - 305
1644636963 mutation_overlap_ID0000086 POST_SCRIPT_STARTED 2552.0 condorpool - 305
1644636961 mutation_overlap_ID0000084 JOB_TERMINATED 2557.0 condorpool - 310
1644636963 mutation_overlap_ID0000084 JOB_SUCCESS 0 condorpool - 310
1644636963 mutation_overlap_ID0000084 POST_SCRIPT_STARTED 2557.0 condorpool - 310
1644636963 mutation_overlap_ID0000086 POST_SCRIPT_TERMINATED 2552.0 condorpool - 305
1644636968 mutation_overlap_ID0000086 POST_SCRIPT_SUCCESS 0 condorpool - 305
1644636963 mutation_overlap_ID0000084 POST_SCRIPT_TERMINATED 2557.0 condorpool - 310
1644636968 mutation_overlap_ID0000084 POST_SCRIPT_SUCCESS 0 condorpool - 310
1644636963 mutation_overlap_ID0000088 POST_SCRIPT_TERMINATED 2554.0 condorpool - 307
1644636968 mutation_overlap_ID0000088 POST_SCRIPT_SUCCESS 0 condorpool - 307
1644636963 mutation_overlap_ID0000080 POST_SCRIPT_TERMINATED 2547.0 condorpool - 300
1644636968 mutation_overlap_ID0000080 POST_SCRIPT_SUCCESS 0 condorpool - 300
1644637017 mutation_overlap_ID0000078 EXECUTE 2559.0 condorpool - 312
1644637018 frequency_ID0000089 EXECUTE 2558.0 condorpool - 311
1644637029 mutation_overlap_ID0000082 JOB_TERMINATED 2555.0 condorpool - 308
1644637033 mutation_overlap_ID0000082 JOB_SUCCESS 0 condorpool - 308
1644637033 mutation_overlap_ID0000082 POST_SCRIPT_STARTED 2555.0 condorpool - 308
1644637033 mutation_overlap_ID0000082 POST_SCRIPT_TERMINATED 2555.0 condorpool - 308
1644637038 mutation_overlap_ID0000082 POST_SCRIPT_SUCCESS 0 condorpool - 308
1644637160 mutation_overlap_ID0000078 JOB_TERMINATED 2559.0 condorpool - 312
1644637163 mutation_overlap_ID0000078 JOB_SUCCESS 0 condorpool - 312
1644637163 mutation_overlap_ID0000078 POST_SCRIPT_STARTED 2559.0 condorpool - 312
1644637164 mutation_overlap_ID0000078 POST_SCRIPT_TERMINATED 2559.0 condorpool - 312
1644637168 mutation_overlap_ID0000078 POST_SCRIPT_SUCCESS 0 condorpool - 312
1644637513 frequency_ID0000087 JOB_TERMINATED 2556.0 condorpool - 309
1644637513 frequency_ID0000087 JOB_SUCCESS 0 condorpool - 309
1644637513 frequency_ID0000087 POST_SCRIPT_STARTED 2556.0 condorpool - 309
1644637513 frequency_ID0000087 POST_SCRIPT_TERMINATED 2556.0 condorpool - 309
1644637518 frequency_ID0000087 POST_SCRIPT_SUCCESS 0 condorpool - 309
1644637558 frequency_ID0000091 JOB_TERMINATED 2550.0 condorpool - 303
1644637563 frequency_ID0000091 JOB_SUCCESS 0 condorpool - 303
1644637563 frequency_ID0000091 POST_SCRIPT_STARTED 2550.0 condorpool - 303
1644637564 frequency_ID0000091 POST_SCRIPT_TERMINATED 2550.0 condorpool - 303
1644637568 frequency_ID0000091 POST_SCRIPT_SUCCESS 0 condorpool - 303
1644637570 frequency_ID0000085 JOB_TERMINATED 2548.0 condorpool - 301
1644637573 frequency_ID0000085 JOB_SUCCESS 0 condorpool - 301
1644637573 frequency_ID0000085 POST_SCRIPT_STARTED 2548.0 condorpool - 301
1644637573 frequency_ID0000085 POST_SCRIPT_TERMINATED 2548.0 condorpool - 301
1644637578 frequency_ID0000085 POST_SCRIPT_SUCCESS 0 condorpool - 301
1644637655 frequency_ID0000081 JOB_TERMINATED 2551.0 condorpool - 304
1644637658 frequency_ID0000081 JOB_SUCCESS 0 condorpool - 304
1644637658 frequency_ID0000081 POST_SCRIPT_STARTED 2551.0 condorpool - 304
1644637659 frequency_ID0000081 POST_SCRIPT_TERMINATED 2551.0 condorpool - 304
1644637663 frequency_ID0000081 POST_SCRIPT_SUCCESS 0 condorpool - 304
1644637661 frequency_ID0000083 JOB_TERMINATED 2546.0 condorpool - 299
1644637663 frequency_ID0000083 JOB_SUCCESS 0 condorpool - 299
1644637663 frequency_ID0000083 POST_SCRIPT_STARTED 2546.0 condorpool - 299
1644637663 frequency_ID0000083 POST_SCRIPT_TERMINATED 2546.0 condorpool - 299
1644637668 frequency_ID0000083 POST_SCRIPT_SUCCESS 0 condorpool - 299
1644637752 frequency_ID0000079 JOB_TERMINATED 2553.0 condorpool - 306
1644637753 frequency_ID0000079 JOB_SUCCESS 0 condorpool - 306
1644637753 frequency_ID0000079 POST_SCRIPT_STARTED 2553.0 condorpool - 306
1644637754 frequency_ID0000079 POST_SCRIPT_TERMINATED 2553.0 condorpool - 306
1644637758 frequency_ID0000079 POST_SCRIPT_SUCCESS 0 condorpool - 306
1644637763 stage_out_local_local_2_1 SUBMIT 2560.0 local - 313
1644637763 stage_out_local_local_2_1 EXECUTE 2560.0 local - 313
1644637767 stage_out_local_local_2_1 JOB_TERMINATED 2560.0 local - 313
1644637768 stage_out_local_local_2_1 JOB_SUCCESS 0 local - 313
1644637768 stage_out_local_local_2_1 POST_SCRIPT_STARTED 2560.0 local - 313
1644637768 stage_out_local_local_2_1 POST_SCRIPT_TERMINATED 2560.0 local - 313
1644637773 stage_out_local_local_2_1 POST_SCRIPT_SUCCESS 0 local - 313
1644637796 frequency_ID0000089 JOB_TERMINATED 2558.0 condorpool - 311
1644637798 frequency_ID0000089 JOB_SUCCESS 0 condorpool - 311
1644637798 frequency_ID0000089 POST_SCRIPT_STARTED 2558.0 condorpool - 311
1644637799 frequency_ID0000089 POST_SCRIPT_TERMINATED 2558.0 condorpool - 311
1644637803 frequency_ID0000089 POST_SCRIPT_SUCCESS 0 condorpool - 311
1644637808 stage_out_local_local_2_0 SUBMIT 2561.0 local - 314
1644637808 stage_out_local_local_2_0 EXECUTE 2561.0 local - 314
1644637812 stage_out_local_local_2_0 JOB_TERMINATED 2561.0 local - 314
1644637813 stage_out_local_local_2_0 JOB_SUCCESS 0 local - 314
1644637813 stage_out_local_local_2_0 POST_SCRIPT_STARTED 2561.0 local - 314
1644637813 stage_out_local_local_2_0 POST_SCRIPT_TERMINATED 2561.0 local - 314
1644637818 stage_out_local_local_2_0 POST_SCRIPT_SUCCESS 0 local - 314
1644637823 cleanup_1000-genome_0_local SUBMIT 2562.0 local - 315
1644637823 cleanup_1000-genome_0_local EXECUTE 2562.0 local - 315
1644637825 cleanup_1000-genome_0_local JOB_TERMINATED 2562.0 local - 315
1644637828 cleanup_1000-genome_0_local JOB_SUCCESS 0 local - 315
1644637828 cleanup_1000-genome_0_local POST_SCRIPT_STARTED 2562.0 local - 315
1644637828 cleanup_1000-genome_0_local POST_SCRIPT_TERMINATED 2562.0 local - 315
1644637833 cleanup_1000-genome_0_local POST_SCRIPT_SUCCESS 0 local - 315
1644637833 INTERNAL *** DAGMAN_FINISHED 0 ***
1644637835 INTERNAL *** MONITORD_FINISHED 0 ***
