1645612663 INTERNAL *** MONITORD_STARTED ***
1645612661 INTERNAL *** DAGMAN_STARTED 2203.0 ***
1645612665 create_dir_1000-genome_0_local SUBMIT 2204.0 local - 1
1645612667 create_dir_1000-genome_0_local EXECUTE 2204.0 local - 1
1645612669 create_dir_1000-genome_0_local JOB_TERMINATED 2204.0 local - 1
1645612670 create_dir_1000-genome_0_local JOB_SUCCESS 0 local - 1
1645612670 create_dir_1000-genome_0_local POST_SCRIPT_STARTED 2204.0 local - 1
1645612671 create_dir_1000-genome_0_local POST_SCRIPT_TERMINATED 2204.0 local - 1
1645612675 create_dir_1000-genome_0_local POST_SCRIPT_SUCCESS 0 local - 1
1645612680 stage_in_remote_local_2_0 SUBMIT 2205.0 local - 2
1645612680 stage_in_remote_local_2_0 EXECUTE 2205.0 local - 2
1645612680 stage_in_remote_local_1_0 SUBMIT 2206.0 local - 3
1645612680 stage_in_remote_local_0_0 SUBMIT 2207.0 local - 4
1645612680 stage_in_local_local_0_0 SUBMIT 2208.0 local - 5
1645612680 stage_in_local_local_2_0 SUBMIT 2209.0 local - 6
1645612682 stage_in_remote_local_2_0 JOB_TERMINATED 2205.0 local - 2
1645612685 stage_in_remote_local_2_0 JOB_SUCCESS 0 local - 2
1645612685 stage_in_remote_local_2_0 POST_SCRIPT_STARTED 2205.0 local - 2
1645612682 stage_in_local_local_2_0 EXECUTE 2209.0 local - 6
1645612682 stage_in_local_local_0_0 EXECUTE 2208.0 local - 5
1645612682 stage_in_remote_local_0_0 EXECUTE 2207.0 local - 4
1645612682 stage_in_remote_local_1_0 EXECUTE 2206.0 local - 3
1645612684 stage_in_local_local_0_0 JOB_TERMINATED 2208.0 local - 5
1645612685 stage_in_local_local_0_0 JOB_SUCCESS 0 local - 5
1645612685 stage_in_local_local_0_0 POST_SCRIPT_STARTED 2208.0 local - 5
1645612684 stage_in_remote_local_1_0 JOB_TERMINATED 2206.0 local - 3
1645612685 stage_in_remote_local_1_0 JOB_SUCCESS 0 local - 3
1645612685 stage_in_remote_local_1_0 POST_SCRIPT_STARTED 2206.0 local - 3
1645612684 stage_in_remote_local_0_0 JOB_TERMINATED 2207.0 local - 4
1645612685 stage_in_remote_local_0_0 JOB_SUCCESS 0 local - 4
1645612685 stage_in_remote_local_0_0 POST_SCRIPT_STARTED 2207.0 local - 4
1645612685 stage_in_remote_local_0_1 SUBMIT 2210.0 local - 7
1645612685 stage_in_local_local_0_1 SUBMIT 2211.0 local - 8
1645612685 stage_in_local_local_2_1 SUBMIT 2212.0 local - 9
1645612685 stage_in_remote_local_2_1 SUBMIT 2213.0 local - 10
1645612685 stage_in_local_local_0_2 SUBMIT 2214.0 local - 11
1645612685 stage_in_local_local_0_0 POST_SCRIPT_TERMINATED 2208.0 local - 5
1645612690 stage_in_local_local_0_0 POST_SCRIPT_SUCCESS 0 local - 5
1645612685 stage_in_remote_local_0_0 POST_SCRIPT_TERMINATED 2207.0 local - 4
1645612690 stage_in_remote_local_0_0 POST_SCRIPT_SUCCESS 0 local - 4
1645612685 stage_in_remote_local_2_0 POST_SCRIPT_TERMINATED 2205.0 local - 2
1645612690 stage_in_remote_local_2_0 POST_SCRIPT_SUCCESS 0 local - 2
1645612685 stage_in_remote_local_1_0 POST_SCRIPT_TERMINATED 2206.0 local - 3
1645612690 stage_in_remote_local_1_0 POST_SCRIPT_SUCCESS 0 local - 3
1645612686 stage_in_local_local_2_0 JOB_TERMINATED 2209.0 local - 6
1645612690 stage_in_local_local_2_0 JOB_SUCCESS 0 local - 6
1645612690 stage_in_local_local_2_0 POST_SCRIPT_STARTED 2209.0 local - 6
1645612686 stage_in_local_local_0_2 EXECUTE 2214.0 local - 11
1645612686 stage_in_remote_local_2_1 EXECUTE 2213.0 local - 10
1645612686 stage_in_local_local_2_1 EXECUTE 2212.0 local - 9
1645612686 stage_in_local_local_0_1 EXECUTE 2211.0 local - 8
1645612686 stage_in_remote_local_0_1 EXECUTE 2210.0 local - 7
1645612689 stage_in_local_local_0_2 JOB_TERMINATED 2214.0 local - 11
1645612690 stage_in_local_local_0_2 JOB_SUCCESS 0 local - 11
1645612690 stage_in_local_local_0_2 POST_SCRIPT_STARTED 2214.0 local - 11
1645612689 stage_in_remote_local_2_1 JOB_TERMINATED 2213.0 local - 10
1645612690 stage_in_remote_local_2_1 JOB_SUCCESS 0 local - 10
1645612690 stage_in_remote_local_2_1 POST_SCRIPT_STARTED 2213.0 local - 10
1645612689 stage_in_remote_local_0_1 JOB_TERMINATED 2210.0 local - 7
1645612690 stage_in_remote_local_0_1 JOB_SUCCESS 0 local - 7
1645612690 stage_in_remote_local_0_1 POST_SCRIPT_STARTED 2210.0 local - 7
1645612689 stage_in_local_local_0_1 JOB_TERMINATED 2211.0 local - 8
1645612690 stage_in_local_local_0_1 JOB_SUCCESS 0 local - 8
1645612690 stage_in_local_local_0_1 POST_SCRIPT_STARTED 2211.0 local - 8
1645612690 stage_in_local_local_2_0 POST_SCRIPT_TERMINATED 2209.0 local - 6
1645612695 stage_in_local_local_2_0 POST_SCRIPT_SUCCESS 0 local - 6
1645612690 stage_in_remote_local_2_1 POST_SCRIPT_TERMINATED 2213.0 local - 10
1645612695 stage_in_remote_local_2_1 POST_SCRIPT_SUCCESS 0 local - 10
1645612691 stage_in_local_local_0_1 POST_SCRIPT_TERMINATED 2211.0 local - 8
1645612695 stage_in_local_local_0_1 POST_SCRIPT_SUCCESS 0 local - 8
1645612691 stage_in_local_local_2_1 JOB_TERMINATED 2212.0 local - 9
1645612695 stage_in_local_local_2_1 JOB_SUCCESS 0 local - 9
1645612695 stage_in_local_local_2_1 POST_SCRIPT_STARTED 2212.0 local - 9
1645612691 stage_in_local_local_0_2 POST_SCRIPT_TERMINATED 2214.0 local - 11
1645612695 stage_in_local_local_0_2 POST_SCRIPT_SUCCESS 0 local - 11
1645612691 stage_in_remote_local_0_1 POST_SCRIPT_TERMINATED 2210.0 local - 7
1645612695 stage_in_remote_local_0_1 POST_SCRIPT_SUCCESS 0 local - 7
1645612695 stage_in_local_local_2_1 POST_SCRIPT_TERMINATED 2212.0 local - 9
1645612700 stage_in_local_local_2_1 POST_SCRIPT_SUCCESS 0 local - 9
1645612700 individuals_ID0000037 SUBMIT 2215.0 condorpool - 12
1645612700 individuals_ID0000038 SUBMIT 2216.0 condorpool - 13
1645612700 individuals_ID0000039 SUBMIT 2217.0 condorpool - 14
1645612700 individuals_ID0000033 SUBMIT 2218.0 condorpool - 15
1645612700 individuals_ID0000034 SUBMIT 2219.0 condorpool - 16
1645612705 individuals_ID0000035 SUBMIT 2220.0 condorpool - 17
1645612705 individuals_ID0000036 SUBMIT 2221.0 condorpool - 18
1645612705 individuals_ID0000030 SUBMIT 2222.0 condorpool - 19
1645612705 individuals_ID0000031 SUBMIT 2223.0 condorpool - 20
1645612705 individuals_ID0000032 SUBMIT 2224.0 condorpool - 21
1645612707 individuals_ID0000034 EXECUTE 2219.0 condorpool - 16
1645612710 individuals_ID0000004 SUBMIT 2225.0 condorpool - 22
1645612710 individuals_ID0000048 SUBMIT 2226.0 condorpool - 23
1645612710 individuals_ID0000005 SUBMIT 2227.0 condorpool - 24
1645612710 individuals_ID0000049 SUBMIT 2228.0 condorpool - 25
1645612710 individuals_ID0000006 SUBMIT 2229.0 condorpool - 26
1645612713 individuals_ID0000039 EXECUTE 2217.0 condorpool - 14
1645612713 individuals_ID0000038 EXECUTE 2216.0 condorpool - 13
1645612713 individuals_ID0000033 EXECUTE 2218.0 condorpool - 15
1645612713 individuals_ID0000037 EXECUTE 2215.0 condorpool - 12
1645612715 individuals_ID0000007 SUBMIT 2230.0 condorpool - 27
1645612716 individuals_ID0000044 SUBMIT 2231.0 condorpool - 28
1645612716 individuals_ID0000001 SUBMIT 2232.0 condorpool - 29
1645612716 individuals_ID0000045 SUBMIT 2233.0 condorpool - 30
1645612716 individuals_ID0000002 SUBMIT 2234.0 condorpool - 31
1645612721 individuals_ID0000046 SUBMIT 2235.0 condorpool - 32
1645612721 individuals_ID0000003 SUBMIT 2236.0 condorpool - 33
1645612721 individuals_ID0000047 SUBMIT 2237.0 condorpool - 34
1645612721 individuals_ID0000008 SUBMIT 2238.0 condorpool - 35
1645612721 individuals_ID0000009 SUBMIT 2239.0 condorpool - 36
1645612726 individuals_ID0000040 SUBMIT 2240.0 condorpool - 37
1645612726 individuals_ID0000041 SUBMIT 2241.0 condorpool - 38
1645612726 individuals_ID0000042 SUBMIT 2242.0 condorpool - 39
1645612726 individuals_ID0000043 SUBMIT 2243.0 condorpool - 40
1645612726 individuals_ID0000015 SUBMIT 2244.0 condorpool - 41
1645612731 individuals_ID0000016 SUBMIT 2245.0 condorpool - 42
1645612731 individuals_ID0000017 SUBMIT 2246.0 condorpool - 43
1645612731 individuals_ID0000018 SUBMIT 2247.0 condorpool - 44
1645612731 individuals_ID0000011 SUBMIT 2248.0 condorpool - 45
1645612731 individuals_ID0000012 SUBMIT 2249.0 condorpool - 46
1645612737 individuals_ID0000013 SUBMIT 2250.0 condorpool - 47
1645612737 individuals_ID0000014 SUBMIT 2251.0 condorpool - 48
1645612737 individuals_ID0000019 SUBMIT 2252.0 condorpool - 49
1645612737 individuals_ID0000010 SUBMIT 2253.0 condorpool - 50
1645612737 individuals_ID0000050 SUBMIT 2254.0 condorpool - 51
1645612738 individuals_ID0000007 EXECUTE 2230.0 condorpool - 27
1645612738 individuals_ID0000030 EXECUTE 2222.0 condorpool - 19
1645612739 individuals_ID0000036 EXECUTE 2221.0 condorpool - 18
1645612739 individuals_ID0000035 EXECUTE 2220.0 condorpool - 17
1645612740 individuals_ID0000004 EXECUTE 2225.0 condorpool - 22
1645612742 individuals_ID0000032 EXECUTE 2224.0 condorpool - 21
1645612742 individuals_ID0000026 SUBMIT 2255.0 condorpool - 52
1645612742 individuals_ID0000027 SUBMIT 2256.0 condorpool - 53
1645612742 individuals_ID0000028 SUBMIT 2257.0 condorpool - 54
1645612742 individuals_ID0000029 SUBMIT 2258.0 condorpool - 55
1645612742 individuals_ID0000022 SUBMIT 2259.0 condorpool - 56
1645612742 individuals_ID0000048 EXECUTE 2226.0 condorpool - 23
1645612745 individuals_ID0000002 EXECUTE 2234.0 condorpool - 31
1645612746 individuals_ID0000001 EXECUTE 2232.0 condorpool - 29
1645612747 individuals_ID0000023 SUBMIT 2260.0 condorpool - 57
1645612747 individuals_ID0000024 SUBMIT 2261.0 condorpool - 58
1645612747 individuals_ID0000025 SUBMIT 2262.0 condorpool - 59
1645612747 individuals_ID0000020 SUBMIT 2263.0 condorpool - 60
1645612747 individuals_ID0000021 SUBMIT 2264.0 condorpool - 61
1645612749 individuals_ID0000044 EXECUTE 2231.0 condorpool - 28
1645612752 sifting_ID0000052 SUBMIT 2265.0 condorpool - 62
1645612755 individuals_ID0000045 EXECUTE 2233.0 condorpool - 30
1645612759 individuals_ID0000047 EXECUTE 2237.0 condorpool - 34
1645612768 individuals_ID0000031 EXECUTE 2223.0 condorpool - 20
1645612768 individuals_ID0000049 EXECUTE 2228.0 condorpool - 25
1645612769 individuals_ID0000006 EXECUTE 2229.0 condorpool - 26
1645612770 individuals_ID0000005 EXECUTE 2227.0 condorpool - 24
1645612772 individuals_ID0000008 EXECUTE 2238.0 condorpool - 35
1645612772 individuals_ID0000003 EXECUTE 2236.0 condorpool - 33
1645612773 individuals_ID0000046 EXECUTE 2235.0 condorpool - 32
1645613125 individuals_ID0000001 JOB_TERMINATED 2232.0 condorpool - 29
1645613128 individuals_ID0000001 JOB_SUCCESS 0 condorpool - 29
1645613128 individuals_ID0000001 POST_SCRIPT_STARTED 2232.0 condorpool - 29
1645613128 individuals_ID0000001 POST_SCRIPT_TERMINATED 2232.0 condorpool - 29
1645613133 individuals_ID0000001 POST_SCRIPT_SUCCESS 0 condorpool - 29
1645613131 individuals_ID0000009 EXECUTE 2239.0 condorpool - 36
1645613469 individuals_ID0000032 JOB_TERMINATED 2224.0 condorpool - 21
1645613473 individuals_ID0000032 JOB_SUCCESS 0 condorpool - 21
1645613473 individuals_ID0000032 POST_SCRIPT_STARTED 2224.0 condorpool - 21
1645613474 individuals_ID0000032 POST_SCRIPT_TERMINATED 2224.0 condorpool - 21
1645613478 individuals_ID0000032 POST_SCRIPT_SUCCESS 0 condorpool - 21
1645613474 individuals_ID0000040 EXECUTE 2240.0 condorpool - 37
1645613476 individuals_ID0000004 JOB_TERMINATED 2225.0 condorpool - 22
1645613478 individuals_ID0000004 JOB_SUCCESS 0 condorpool - 22
1645613478 individuals_ID0000004 POST_SCRIPT_STARTED 2225.0 condorpool - 22
1645613477 individuals_ID0000048 JOB_TERMINATED 2226.0 condorpool - 23
1645613478 individuals_ID0000048 JOB_SUCCESS 0 condorpool - 23
1645613478 individuals_ID0000048 POST_SCRIPT_STARTED 2226.0 condorpool - 23
1645613478 individuals_ID0000004 POST_SCRIPT_TERMINATED 2225.0 condorpool - 22
1645613483 individuals_ID0000004 POST_SCRIPT_SUCCESS 0 condorpool - 22
1645613478 individuals_ID0000048 POST_SCRIPT_TERMINATED 2226.0 condorpool - 23
1645613483 individuals_ID0000048 POST_SCRIPT_SUCCESS 0 condorpool - 23
1645613482 individuals_ID0000041 EXECUTE 2241.0 condorpool - 38
1645613484 individuals_ID0000042 EXECUTE 2242.0 condorpool - 39
1645613487 individuals_ID0000031 JOB_TERMINATED 2223.0 condorpool - 20
1645613488 individuals_ID0000031 JOB_SUCCESS 0 condorpool - 20
1645613488 individuals_ID0000031 POST_SCRIPT_STARTED 2223.0 condorpool - 20
1645613488 individuals_ID0000031 POST_SCRIPT_TERMINATED 2223.0 condorpool - 20
1645613493 individuals_ID0000031 POST_SCRIPT_SUCCESS 0 condorpool - 20
1645613493 individuals_ID0000043 EXECUTE 2243.0 condorpool - 40
1645613528 individuals_ID0000037 JOB_TERMINATED 2215.0 condorpool - 12
1645613528 individuals_ID0000037 JOB_SUCCESS 0 condorpool - 12
1645613528 individuals_ID0000037 POST_SCRIPT_STARTED 2215.0 condorpool - 12
1645613529 individuals_ID0000037 POST_SCRIPT_TERMINATED 2215.0 condorpool - 12
1645613533 individuals_ID0000037 POST_SCRIPT_SUCCESS 0 condorpool - 12
1645613529 individuals_ID0000039 JOB_TERMINATED 2217.0 condorpool - 14
1645613533 individuals_ID0000039 JOB_SUCCESS 0 condorpool - 14
1645613533 individuals_ID0000039 POST_SCRIPT_STARTED 2217.0 condorpool - 14
1645613533 individuals_ID0000039 POST_SCRIPT_TERMINATED 2217.0 condorpool - 14
1645613538 individuals_ID0000039 POST_SCRIPT_SUCCESS 0 condorpool - 14
1645613534 individuals_ID0000015 EXECUTE 2244.0 condorpool - 41
1645613536 individuals_ID0000016 EXECUTE 2245.0 condorpool - 42
1645613537 individuals_ID0000038 JOB_TERMINATED 2216.0 condorpool - 13
1645613538 individuals_ID0000038 JOB_SUCCESS 0 condorpool - 13
1645613538 individuals_ID0000038 POST_SCRIPT_STARTED 2216.0 condorpool - 13
1645613537 individuals_ID0000033 JOB_TERMINATED 2218.0 condorpool - 15
1645613538 individuals_ID0000033 JOB_SUCCESS 0 condorpool - 15
1645613538 individuals_ID0000033 POST_SCRIPT_STARTED 2218.0 condorpool - 15
1645613538 individuals_ID0000033 POST_SCRIPT_TERMINATED 2218.0 condorpool - 15
1645613543 individuals_ID0000033 POST_SCRIPT_SUCCESS 0 condorpool - 15
1645613538 individuals_ID0000038 POST_SCRIPT_TERMINATED 2216.0 condorpool - 13
1645613543 individuals_ID0000038 POST_SCRIPT_SUCCESS 0 condorpool - 13
1645613546 individuals_ID0000018 EXECUTE 2247.0 condorpool - 44
1645613546 individuals_ID0000017 EXECUTE 2246.0 condorpool - 43
1645613562 individuals_ID0000034 JOB_TERMINATED 2219.0 condorpool - 16
1645613563 individuals_ID0000034 JOB_SUCCESS 0 condorpool - 16
1645613563 individuals_ID0000034 POST_SCRIPT_STARTED 2219.0 condorpool - 16
1645613564 individuals_ID0000034 POST_SCRIPT_TERMINATED 2219.0 condorpool - 16
1645613568 individuals_ID0000034 POST_SCRIPT_SUCCESS 0 condorpool - 16
1645613568 individuals_ID0000011 EXECUTE 2248.0 condorpool - 45
1645613586 individuals_ID0000002 JOB_TERMINATED 2234.0 condorpool - 31
1645613588 individuals_ID0000002 JOB_SUCCESS 0 condorpool - 31
1645613588 individuals_ID0000002 POST_SCRIPT_STARTED 2234.0 condorpool - 31
1645613588 individuals_ID0000044 JOB_TERMINATED 2231.0 condorpool - 28
1645613593 individuals_ID0000044 JOB_SUCCESS 0 condorpool - 28
1645613593 individuals_ID0000044 POST_SCRIPT_STARTED 2231.0 condorpool - 28
1645613588 individuals_ID0000002 POST_SCRIPT_TERMINATED 2234.0 condorpool - 31
1645613593 individuals_ID0000002 POST_SCRIPT_SUCCESS 0 condorpool - 31
1645613594 individuals_ID0000044 POST_SCRIPT_TERMINATED 2231.0 condorpool - 28
1645613598 individuals_ID0000044 POST_SCRIPT_SUCCESS 0 condorpool - 28
1645613594 individuals_ID0000012 EXECUTE 2249.0 condorpool - 46
1645613595 individuals_ID0000045 JOB_TERMINATED 2233.0 condorpool - 30
1645613598 individuals_ID0000045 JOB_SUCCESS 0 condorpool - 30
1645613598 individuals_ID0000045 POST_SCRIPT_STARTED 2233.0 condorpool - 30
1645613595 individuals_ID0000013 EXECUTE 2250.0 condorpool - 47
1645613598 individuals_ID0000045 POST_SCRIPT_TERMINATED 2233.0 condorpool - 30
1645613603 individuals_ID0000045 POST_SCRIPT_SUCCESS 0 condorpool - 30
1645613602 individuals_ID0000014 EXECUTE 2251.0 condorpool - 48
1645613608 individuals_ID0000007 JOB_TERMINATED 2230.0 condorpool - 27
1645613613 individuals_ID0000007 JOB_SUCCESS 0 condorpool - 27
1645613613 individuals_ID0000007 POST_SCRIPT_STARTED 2230.0 condorpool - 27
1645613613 individuals_ID0000007 POST_SCRIPT_TERMINATED 2230.0 condorpool - 27
1645613618 individuals_ID0000007 POST_SCRIPT_SUCCESS 0 condorpool - 27
1645613613 individuals_ID0000019 EXECUTE 2252.0 condorpool - 49
1645613619 individuals_ID0000049 JOB_TERMINATED 2228.0 condorpool - 25
1645613623 individuals_ID0000049 JOB_SUCCESS 0 condorpool - 25
1645613623 individuals_ID0000049 POST_SCRIPT_STARTED 2228.0 condorpool - 25
1645613621 individuals_ID0000006 JOB_TERMINATED 2229.0 condorpool - 26
1645613623 individuals_ID0000006 JOB_SUCCESS 0 condorpool - 26
1645613623 individuals_ID0000006 POST_SCRIPT_STARTED 2229.0 condorpool - 26
1645613622 individuals_ID0000036 JOB_TERMINATED 2221.0 condorpool - 18
1645613623 individuals_ID0000036 JOB_SUCCESS 0 condorpool - 18
1645613623 individuals_ID0000036 POST_SCRIPT_STARTED 2221.0 condorpool - 18
1645613624 individuals_ID0000049 POST_SCRIPT_TERMINATED 2228.0 condorpool - 25
1645613628 individuals_ID0000049 POST_SCRIPT_SUCCESS 0 condorpool - 25
1645613624 individuals_ID0000006 POST_SCRIPT_TERMINATED 2229.0 condorpool - 26
1645613628 individuals_ID0000006 POST_SCRIPT_SUCCESS 0 condorpool - 26
1645613624 individuals_ID0000036 POST_SCRIPT_TERMINATED 2221.0 condorpool - 18
1645613628 individuals_ID0000036 POST_SCRIPT_SUCCESS 0 condorpool - 18
1645613625 individuals_ID0000010 EXECUTE 2253.0 condorpool - 50
1645613628 individuals_ID0000026 EXECUTE 2255.0 condorpool - 52
1645613629 individuals_ID0000050 EXECUTE 2254.0 condorpool - 51
1645613631 individuals_ID0000005 JOB_TERMINATED 2227.0 condorpool - 24
1645613633 individuals_ID0000005 JOB_SUCCESS 0 condorpool - 24
1645613633 individuals_ID0000005 POST_SCRIPT_STARTED 2227.0 condorpool - 24
1645613633 individuals_ID0000005 POST_SCRIPT_TERMINATED 2227.0 condorpool - 24
1645613638 individuals_ID0000005 POST_SCRIPT_SUCCESS 0 condorpool - 24
1645613637 individuals_ID0000027 EXECUTE 2256.0 condorpool - 53
1645613639 individuals_ID0000030 JOB_TERMINATED 2222.0 condorpool - 19
1645613643 individuals_ID0000030 JOB_SUCCESS 0 condorpool - 19
1645613643 individuals_ID0000030 POST_SCRIPT_STARTED 2222.0 condorpool - 19
1645613643 individuals_ID0000030 POST_SCRIPT_TERMINATED 2222.0 condorpool - 19
1645613648 individuals_ID0000030 POST_SCRIPT_SUCCESS 0 condorpool - 19
1645613644 individuals_ID0000028 EXECUTE 2257.0 condorpool - 54
1645613646 individuals_ID0000035 JOB_TERMINATED 2220.0 condorpool - 17
1645613648 individuals_ID0000035 JOB_SUCCESS 0 condorpool - 17
1645613648 individuals_ID0000035 POST_SCRIPT_STARTED 2220.0 condorpool - 17
1645613649 individuals_ID0000035 POST_SCRIPT_TERMINATED 2220.0 condorpool - 17
1645613653 individuals_ID0000035 POST_SCRIPT_SUCCESS 0 condorpool - 17
1645613651 individuals_ID0000029 EXECUTE 2258.0 condorpool - 55
1645613681 individuals_ID0000047 JOB_TERMINATED 2237.0 condorpool - 34
1645613683 individuals_ID0000047 JOB_SUCCESS 0 condorpool - 34
1645613683 individuals_ID0000047 POST_SCRIPT_STARTED 2237.0 condorpool - 34
1645613683 individuals_ID0000047 POST_SCRIPT_TERMINATED 2237.0 condorpool - 34
1645613688 individuals_ID0000047 POST_SCRIPT_SUCCESS 0 condorpool - 34
1645613685 individuals_ID0000022 EXECUTE 2259.0 condorpool - 56
1645613693 individuals_ID0000008 JOB_TERMINATED 2238.0 condorpool - 35
1645613698 individuals_ID0000008 JOB_SUCCESS 0 condorpool - 35
1645613698 individuals_ID0000008 POST_SCRIPT_STARTED 2238.0 condorpool - 35
1645613694 individuals_ID0000003 JOB_TERMINATED 2236.0 condorpool - 33
1645613698 individuals_ID0000003 JOB_SUCCESS 0 condorpool - 33
1645613698 individuals_ID0000003 POST_SCRIPT_STARTED 2236.0 condorpool - 33
1645613694 individuals_ID0000046 JOB_TERMINATED 2235.0 condorpool - 32
1645613698 individuals_ID0000046 JOB_SUCCESS 0 condorpool - 32
1645613698 individuals_ID0000046 POST_SCRIPT_STARTED 2235.0 condorpool - 32
1645613699 individuals_ID0000003 POST_SCRIPT_TERMINATED 2236.0 condorpool - 33
1645613703 individuals_ID0000003 POST_SCRIPT_SUCCESS 0 condorpool - 33
1645613699 individuals_ID0000046 POST_SCRIPT_TERMINATED 2235.0 condorpool - 32
1645613703 individuals_ID0000046 POST_SCRIPT_SUCCESS 0 condorpool - 32
1645613699 individuals_ID0000008 POST_SCRIPT_TERMINATED 2238.0 condorpool - 35
1645613703 individuals_ID0000008 POST_SCRIPT_SUCCESS 0 condorpool - 35
1645613701 individuals_ID0000023 EXECUTE 2260.0 condorpool - 57
1645613702 individuals_ID0000024 EXECUTE 2261.0 condorpool - 58
1645613703 individuals_ID0000025 EXECUTE 2262.0 condorpool - 59
1645613971 individuals_ID0000009 JOB_TERMINATED 2239.0 condorpool - 36
1645613973 individuals_ID0000009 JOB_SUCCESS 0 condorpool - 36
1645613973 individuals_ID0000009 POST_SCRIPT_STARTED 2239.0 condorpool - 36
1645613973 individuals_ID0000009 POST_SCRIPT_TERMINATED 2239.0 condorpool - 36
1645613978 individuals_ID0000009 POST_SCRIPT_SUCCESS 0 condorpool - 36
1645614026 individuals_ID0000020 EXECUTE 2263.0 condorpool - 60
1645614172 individuals_ID0000040 JOB_TERMINATED 2240.0 condorpool - 37
1645614173 individuals_ID0000040 JOB_SUCCESS 0 condorpool - 37
1645614173 individuals_ID0000040 POST_SCRIPT_STARTED 2240.0 condorpool - 37
1645614174 individuals_ID0000040 POST_SCRIPT_TERMINATED 2240.0 condorpool - 37
1645614178 individuals_ID0000040 POST_SCRIPT_SUCCESS 0 condorpool - 37
1645614185 individuals_ID0000041 JOB_TERMINATED 2241.0 condorpool - 38
1645614188 individuals_ID0000041 JOB_SUCCESS 0 condorpool - 38
1645614188 individuals_ID0000041 POST_SCRIPT_STARTED 2241.0 condorpool - 38
1645614188 individuals_ID0000041 POST_SCRIPT_TERMINATED 2241.0 condorpool - 38
1645614193 individuals_ID0000041 POST_SCRIPT_SUCCESS 0 condorpool - 38
1645614191 individuals_ID0000042 JOB_TERMINATED 2242.0 condorpool - 39
1645614193 individuals_ID0000042 JOB_SUCCESS 0 condorpool - 39
1645614193 individuals_ID0000042 POST_SCRIPT_STARTED 2242.0 condorpool - 39
1645614193 individuals_ID0000042 POST_SCRIPT_TERMINATED 2242.0 condorpool - 39
1645614198 individuals_ID0000042 POST_SCRIPT_SUCCESS 0 condorpool - 39
1645614198 individuals_ID0000043 JOB_TERMINATED 2243.0 condorpool - 40
1645614198 individuals_ID0000043 JOB_SUCCESS 0 condorpool - 40
1645614198 individuals_ID0000043 POST_SCRIPT_STARTED 2243.0 condorpool - 40
1645614199 individuals_ID0000043 POST_SCRIPT_TERMINATED 2243.0 condorpool - 40
1645614203 individuals_ID0000043 POST_SCRIPT_SUCCESS 0 condorpool - 40
1645614202 sifting_ID0000052 EXECUTE 2265.0 condorpool - 62
1645614205 individuals_ID0000021 EXECUTE 2264.0 condorpool - 61
1645614205 sifting_ID0000052 JOB_TERMINATED 2265.0 condorpool - 62
1645614208 sifting_ID0000052 JOB_SUCCESS 0 condorpool - 62
1645614208 sifting_ID0000052 POST_SCRIPT_STARTED 2265.0 condorpool - 62
1645614208 sifting_ID0000052 POST_SCRIPT_TERMINATED 2265.0 condorpool - 62
1645614213 sifting_ID0000052 POST_SCRIPT_SUCCESS 0 condorpool - 62
1645614382 individuals_ID0000018 JOB_TERMINATED 2247.0 condorpool - 44
1645614383 individuals_ID0000018 JOB_SUCCESS 0 condorpool - 44
1645614383 individuals_ID0000018 POST_SCRIPT_STARTED 2247.0 condorpool - 44
1645614383 individuals_ID0000018 POST_SCRIPT_TERMINATED 2247.0 condorpool - 44
1645614388 individuals_ID0000018 POST_SCRIPT_SUCCESS 0 condorpool - 44
1645614384 individuals_ID0000016 JOB_TERMINATED 2245.0 condorpool - 42
1645614388 individuals_ID0000016 JOB_SUCCESS 0 condorpool - 42
1645614388 individuals_ID0000016 POST_SCRIPT_STARTED 2245.0 condorpool - 42
1645614385 individuals_ID0000015 JOB_TERMINATED 2244.0 condorpool - 41
1645614388 individuals_ID0000015 JOB_SUCCESS 0 condorpool - 41
1645614388 individuals_ID0000015 POST_SCRIPT_STARTED 2244.0 condorpool - 41
1645614387 individuals_ID0000017 JOB_TERMINATED 2246.0 condorpool - 43
1645614388 individuals_ID0000017 JOB_SUCCESS 0 condorpool - 43
1645614388 individuals_ID0000017 POST_SCRIPT_STARTED 2246.0 condorpool - 43
1645614389 individuals_ID0000016 POST_SCRIPT_TERMINATED 2245.0 condorpool - 42
1645614393 individuals_ID0000016 POST_SCRIPT_SUCCESS 0 condorpool - 42
1645614389 individuals_ID0000015 POST_SCRIPT_TERMINATED 2244.0 condorpool - 41
1645614393 individuals_ID0000015 POST_SCRIPT_SUCCESS 0 condorpool - 41
1645614389 individuals_ID0000017 POST_SCRIPT_TERMINATED 2246.0 condorpool - 43
1645614393 individuals_ID0000017 POST_SCRIPT_SUCCESS 0 condorpool - 43
1645614448 individuals_ID0000012 JOB_TERMINATED 2249.0 condorpool - 46
1645614448 individuals_ID0000012 JOB_SUCCESS 0 condorpool - 46
1645614448 individuals_ID0000012 POST_SCRIPT_STARTED 2249.0 condorpool - 46
1645614448 individuals_ID0000012 POST_SCRIPT_TERMINATED 2249.0 condorpool - 46
1645614453 individuals_ID0000012 POST_SCRIPT_SUCCESS 0 condorpool - 46
1645614449 individuals_ID0000013 JOB_TERMINATED 2250.0 condorpool - 47
1645614453 individuals_ID0000013 JOB_SUCCESS 0 condorpool - 47
1645614453 individuals_ID0000013 POST_SCRIPT_STARTED 2250.0 condorpool - 47
1645614452 individuals_ID0000011 JOB_TERMINATED 2248.0 condorpool - 45
1645614453 individuals_ID0000011 JOB_SUCCESS 0 condorpool - 45
1645614453 individuals_ID0000011 POST_SCRIPT_STARTED 2248.0 condorpool - 45
1645614454 individuals_ID0000013 POST_SCRIPT_TERMINATED 2250.0 condorpool - 47
1645614458 individuals_ID0000013 POST_SCRIPT_SUCCESS 0 condorpool - 47
1645614454 individuals_ID0000011 POST_SCRIPT_TERMINATED 2248.0 condorpool - 45
1645614458 individuals_ID0000011 POST_SCRIPT_SUCCESS 0 condorpool - 45
1645614456 individuals_ID0000014 JOB_TERMINATED 2251.0 condorpool - 48
1645614458 individuals_ID0000014 JOB_SUCCESS 0 condorpool - 48
1645614458 individuals_ID0000014 POST_SCRIPT_STARTED 2251.0 condorpool - 48
1645614458 individuals_ID0000014 POST_SCRIPT_TERMINATED 2251.0 condorpool - 48
1645614463 individuals_ID0000014 POST_SCRIPT_SUCCESS 0 condorpool - 48
1645614481 individuals_ID0000019 JOB_TERMINATED 2252.0 condorpool - 49
1645614483 individuals_ID0000019 JOB_SUCCESS 0 condorpool - 49
1645614483 individuals_ID0000019 POST_SCRIPT_STARTED 2252.0 condorpool - 49
1645614483 individuals_ID0000019 POST_SCRIPT_TERMINATED 2252.0 condorpool - 49
1645614488 individuals_ID0000019 POST_SCRIPT_SUCCESS 0 condorpool - 49
1645614493 individuals_ID0000050 JOB_TERMINATED 2254.0 condorpool - 51
1645614498 individuals_ID0000050 JOB_SUCCESS 0 condorpool - 51
1645614498 individuals_ID0000050 POST_SCRIPT_STARTED 2254.0 condorpool - 51
1645614496 individuals_ID0000010 JOB_TERMINATED 2253.0 condorpool - 50
1645614498 individuals_ID0000010 JOB_SUCCESS 0 condorpool - 50
1645614498 individuals_ID0000010 POST_SCRIPT_STARTED 2253.0 condorpool - 50
1645614499 individuals_ID0000010 POST_SCRIPT_TERMINATED 2253.0 condorpool - 50
1645614503 individuals_ID0000010 POST_SCRIPT_SUCCESS 0 condorpool - 50
1645614499 individuals_ID0000050 POST_SCRIPT_TERMINATED 2254.0 condorpool - 51
1645614503 individuals_ID0000050 POST_SCRIPT_SUCCESS 0 condorpool - 51
1645614500 individuals_ID0000027 JOB_TERMINATED 2256.0 condorpool - 53
1645614503 individuals_ID0000027 JOB_SUCCESS 0 condorpool - 53
1645614503 individuals_ID0000027 POST_SCRIPT_STARTED 2256.0 condorpool - 53
1645614503 individuals_ID0000027 POST_SCRIPT_TERMINATED 2256.0 condorpool - 53
1645614508 individuals_ID0000027 POST_SCRIPT_SUCCESS 0 condorpool - 53
1645614514 individuals_ID0000026 JOB_TERMINATED 2255.0 condorpool - 52
1645614518 individuals_ID0000026 JOB_SUCCESS 0 condorpool - 52
1645614518 individuals_ID0000026 POST_SCRIPT_STARTED 2255.0 condorpool - 52
1645614518 individuals_ID0000026 POST_SCRIPT_TERMINATED 2255.0 condorpool - 52
1645614523 individuals_ID0000026 POST_SCRIPT_SUCCESS 0 condorpool - 52
1645614527 individuals_ID0000029 JOB_TERMINATED 2258.0 condorpool - 55
1645614528 individuals_ID0000029 JOB_SUCCESS 0 condorpool - 55
1645614528 individuals_ID0000029 POST_SCRIPT_STARTED 2258.0 condorpool - 55
1645614529 individuals_ID0000029 POST_SCRIPT_TERMINATED 2258.0 condorpool - 55
1645614533 individuals_ID0000029 POST_SCRIPT_SUCCESS 0 condorpool - 55
1645614533 individuals_ID0000028 JOB_TERMINATED 2257.0 condorpool - 54
1645614538 individuals_ID0000028 JOB_SUCCESS 0 condorpool - 54
1645614538 individuals_ID0000028 POST_SCRIPT_STARTED 2257.0 condorpool - 54
1645614538 individuals_ID0000028 POST_SCRIPT_TERMINATED 2257.0 condorpool - 54
1645614543 individuals_ID0000028 POST_SCRIPT_SUCCESS 0 condorpool - 54
1645614637 individuals_ID0000022 JOB_TERMINATED 2259.0 condorpool - 56
1645614638 individuals_ID0000022 JOB_SUCCESS 0 condorpool - 56
1645614638 individuals_ID0000022 POST_SCRIPT_STARTED 2259.0 condorpool - 56
1645614638 individuals_ID0000022 POST_SCRIPT_TERMINATED 2259.0 condorpool - 56
1645614643 individuals_ID0000022 POST_SCRIPT_SUCCESS 0 condorpool - 56
1645614642 individuals_ID0000023 JOB_TERMINATED 2260.0 condorpool - 57
1645614643 individuals_ID0000023 JOB_SUCCESS 0 condorpool - 57
1645614643 individuals_ID0000023 POST_SCRIPT_STARTED 2260.0 condorpool - 57
1645614644 individuals_ID0000023 POST_SCRIPT_TERMINATED 2260.0 condorpool - 57
1645614648 individuals_ID0000023 POST_SCRIPT_SUCCESS 0 condorpool - 57
1645614652 individuals_ID0000024 JOB_TERMINATED 2261.0 condorpool - 58
1645614653 individuals_ID0000024 JOB_SUCCESS 0 condorpool - 58
1645614653 individuals_ID0000024 POST_SCRIPT_STARTED 2261.0 condorpool - 58
1645614653 individuals_ID0000024 POST_SCRIPT_TERMINATED 2261.0 condorpool - 58
1645614658 individuals_ID0000024 POST_SCRIPT_SUCCESS 0 condorpool - 58
1645614656 individuals_ID0000025 JOB_TERMINATED 2262.0 condorpool - 59
1645614658 individuals_ID0000025 JOB_SUCCESS 0 condorpool - 59
1645614658 individuals_ID0000025 POST_SCRIPT_STARTED 2262.0 condorpool - 59
1645614658 individuals_ID0000025 POST_SCRIPT_TERMINATED 2262.0 condorpool - 59
1645614663 individuals_ID0000025 POST_SCRIPT_SUCCESS 0 condorpool - 59
1645614745 individuals_ID0000020 JOB_TERMINATED 2263.0 condorpool - 60
1645614749 individuals_ID0000020 JOB_SUCCESS 0 condorpool - 60
1645614749 individuals_ID0000020 POST_SCRIPT_STARTED 2263.0 condorpool - 60
1645614749 individuals_ID0000020 POST_SCRIPT_TERMINATED 2263.0 condorpool - 60
1645614754 individuals_ID0000020 POST_SCRIPT_SUCCESS 0 condorpool - 60
1645614820 individuals_ID0000021 JOB_TERMINATED 2264.0 condorpool - 61
1645614824 individuals_ID0000021 JOB_SUCCESS 0 condorpool - 61
1645614824 individuals_ID0000021 POST_SCRIPT_STARTED 2264.0 condorpool - 61
1645614824 individuals_ID0000021 POST_SCRIPT_TERMINATED 2264.0 condorpool - 61
1645614829 individuals_ID0000021 POST_SCRIPT_SUCCESS 0 condorpool - 61
1645614834 individuals_merge_ID0000051 SUBMIT 2266.0 condorpool - 63
1645614838 individuals_merge_ID0000051 EXECUTE 2266.0 condorpool - 63
1645619184 individuals_merge_ID0000051 JOB_TERMINATED 2266.0 condorpool - 63
1645619188 individuals_merge_ID0000051 JOB_SUCCESS 0 condorpool - 63
1645619188 individuals_merge_ID0000051 POST_SCRIPT_STARTED 2266.0 condorpool - 63
1645619188 individuals_merge_ID0000051 POST_SCRIPT_TERMINATED 2266.0 condorpool - 63
1645619193 individuals_merge_ID0000051 POST_SCRIPT_SUCCESS 0 condorpool - 63
1645619198 frequency_ID0000060 SUBMIT 2267.0 condorpool - 64
1645619199 frequency_ID0000062 SUBMIT 2268.0 condorpool - 65
1645619199 mutation_overlap_ID0000053 SUBMIT 2269.0 condorpool - 66
1645619199 frequency_ID0000058 SUBMIT 2270.0 condorpool - 67
1645619199 mutation_overlap_ID0000063 SUBMIT 2271.0 condorpool - 68
1645619200 frequency_ID0000060 EXECUTE 2267.0 condorpool - 64
1645619200 frequency_ID0000062 EXECUTE 2268.0 condorpool - 65
1645619204 mutation_overlap_ID0000055 SUBMIT 2272.0 condorpool - 69
1645619204 mutation_overlap_ID0000065 SUBMIT 2273.0 condorpool - 70
1645619204 frequency_ID0000064 SUBMIT 2274.0 condorpool - 71
1645619204 frequency_ID0000054 SUBMIT 2275.0 condorpool - 72
1645619204 frequency_ID0000066 SUBMIT 2276.0 condorpool - 73
1645619209 mutation_overlap_ID0000061 SUBMIT 2277.0 condorpool - 74
1645619209 frequency_ID0000056 SUBMIT 2278.0 condorpool - 75
1645619209 mutation_overlap_ID0000057 SUBMIT 2279.0 condorpool - 76
1645619209 mutation_overlap_ID0000059 SUBMIT 2280.0 condorpool - 77
1645619221 mutation_overlap_ID0000053 EXECUTE 2269.0 condorpool - 66
1645619221 mutation_overlap_ID0000059 EXECUTE 2280.0 condorpool - 77
1645619221 mutation_overlap_ID0000057 EXECUTE 2279.0 condorpool - 76
1645619221 frequency_ID0000058 EXECUTE 2270.0 condorpool - 67
1645619221 mutation_overlap_ID0000055 EXECUTE 2272.0 condorpool - 69
1645619222 frequency_ID0000066 EXECUTE 2276.0 condorpool - 73
1645619222 frequency_ID0000054 EXECUTE 2275.0 condorpool - 72
1645619222 frequency_ID0000064 EXECUTE 2274.0 condorpool - 71
1645619222 mutation_overlap_ID0000063 EXECUTE 2271.0 condorpool - 68
1645619222 mutation_overlap_ID0000065 EXECUTE 2273.0 condorpool - 70
1645619222 mutation_overlap_ID0000061 EXECUTE 2277.0 condorpool - 74
1645619222 frequency_ID0000056 EXECUTE 2278.0 condorpool - 75
1645619432 mutation_overlap_ID0000063 JOB_TERMINATED 2271.0 condorpool - 68
1645619434 mutation_overlap_ID0000063 JOB_SUCCESS 0 condorpool - 68
1645619434 mutation_overlap_ID0000063 POST_SCRIPT_STARTED 2271.0 condorpool - 68
1645619432 mutation_overlap_ID0000065 JOB_TERMINATED 2273.0 condorpool - 70
1645619434 mutation_overlap_ID0000065 JOB_SUCCESS 0 condorpool - 70
1645619434 mutation_overlap_ID0000065 POST_SCRIPT_STARTED 2273.0 condorpool - 70
1645619432 mutation_overlap_ID0000059 JOB_TERMINATED 2280.0 condorpool - 77
1645619434 mutation_overlap_ID0000059 JOB_SUCCESS 0 condorpool - 77
1645619434 mutation_overlap_ID0000059 POST_SCRIPT_STARTED 2280.0 condorpool - 77
1645619435 mutation_overlap_ID0000061 JOB_TERMINATED 2277.0 condorpool - 74
1645619439 mutation_overlap_ID0000061 JOB_SUCCESS 0 condorpool - 74
1645619439 mutation_overlap_ID0000061 POST_SCRIPT_STARTED 2277.0 condorpool - 74
1645619435 mutation_overlap_ID0000065 POST_SCRIPT_TERMINATED 2273.0 condorpool - 70
1645619439 mutation_overlap_ID0000065 POST_SCRIPT_SUCCESS 0 condorpool - 70
1645619435 mutation_overlap_ID0000063 POST_SCRIPT_TERMINATED 2271.0 condorpool - 68
1645619439 mutation_overlap_ID0000063 POST_SCRIPT_SUCCESS 0 condorpool - 68
1645619435 mutation_overlap_ID0000059 POST_SCRIPT_TERMINATED 2280.0 condorpool - 77
1645619439 mutation_overlap_ID0000059 POST_SCRIPT_SUCCESS 0 condorpool - 77
1645619435 mutation_overlap_ID0000055 JOB_TERMINATED 2272.0 condorpool - 69
1645619439 mutation_overlap_ID0000055 JOB_SUCCESS 0 condorpool - 69
1645619439 mutation_overlap_ID0000055 POST_SCRIPT_STARTED 2272.0 condorpool - 69
1645619439 mutation_overlap_ID0000061 POST_SCRIPT_TERMINATED 2277.0 condorpool - 74
1645619444 mutation_overlap_ID0000061 POST_SCRIPT_SUCCESS 0 condorpool - 74
1645619439 mutation_overlap_ID0000055 POST_SCRIPT_TERMINATED 2272.0 condorpool - 69
1645619444 mutation_overlap_ID0000055 POST_SCRIPT_SUCCESS 0 condorpool - 69
1645619439 mutation_overlap_ID0000053 JOB_TERMINATED 2269.0 condorpool - 66
1645619444 mutation_overlap_ID0000053 JOB_SUCCESS 0 condorpool - 66
1645619444 mutation_overlap_ID0000053 POST_SCRIPT_STARTED 2269.0 condorpool - 66
1645619444 mutation_overlap_ID0000053 POST_SCRIPT_TERMINATED 2269.0 condorpool - 66
1645619449 mutation_overlap_ID0000053 POST_SCRIPT_SUCCESS 0 condorpool - 66
1645619495 mutation_overlap_ID0000057 JOB_TERMINATED 2279.0 condorpool - 76
1645619499 mutation_overlap_ID0000057 JOB_SUCCESS 0 condorpool - 76
1645619499 mutation_overlap_ID0000057 POST_SCRIPT_STARTED 2279.0 condorpool - 76
1645619499 mutation_overlap_ID0000057 POST_SCRIPT_TERMINATED 2279.0 condorpool - 76
1645619504 mutation_overlap_ID0000057 POST_SCRIPT_SUCCESS 0 condorpool - 76
1645619939 frequency_ID0000064 JOB_TERMINATED 2274.0 condorpool - 71
1645619940 frequency_ID0000064 JOB_SUCCESS 0 condorpool - 71
1645619940 frequency_ID0000064 POST_SCRIPT_STARTED 2274.0 condorpool - 71
1645619940 frequency_ID0000064 POST_SCRIPT_TERMINATED 2274.0 condorpool - 71
1645619945 frequency_ID0000064 POST_SCRIPT_SUCCESS 0 condorpool - 71
1645620023 frequency_ID0000066 JOB_TERMINATED 2276.0 condorpool - 73
1645620025 frequency_ID0000066 JOB_SUCCESS 0 condorpool - 73
1645620025 frequency_ID0000066 POST_SCRIPT_STARTED 2276.0 condorpool - 73
1645620026 frequency_ID0000066 POST_SCRIPT_TERMINATED 2276.0 condorpool - 73
1645620030 frequency_ID0000066 POST_SCRIPT_SUCCESS 0 condorpool - 73
1645620035 frequency_ID0000060 JOB_TERMINATED 2267.0 condorpool - 64
1645620040 frequency_ID0000060 JOB_SUCCESS 0 condorpool - 64
1645620040 frequency_ID0000060 POST_SCRIPT_STARTED 2267.0 condorpool - 64
1645620036 frequency_ID0000062 JOB_TERMINATED 2268.0 condorpool - 65
1645620040 frequency_ID0000062 JOB_SUCCESS 0 condorpool - 65
1645620040 frequency_ID0000062 POST_SCRIPT_STARTED 2268.0 condorpool - 65
1645620040 frequency_ID0000062 POST_SCRIPT_TERMINATED 2268.0 condorpool - 65
1645620045 frequency_ID0000062 POST_SCRIPT_SUCCESS 0 condorpool - 65
1645620040 frequency_ID0000060 POST_SCRIPT_TERMINATED 2267.0 condorpool - 64
1645620045 frequency_ID0000060 POST_SCRIPT_SUCCESS 0 condorpool - 64
1645620086 frequency_ID0000056 JOB_TERMINATED 2278.0 condorpool - 75
1645620090 frequency_ID0000056 JOB_SUCCESS 0 condorpool - 75
1645620090 frequency_ID0000056 POST_SCRIPT_STARTED 2278.0 condorpool - 75
1645620091 frequency_ID0000056 POST_SCRIPT_TERMINATED 2278.0 condorpool - 75
1645620095 frequency_ID0000056 POST_SCRIPT_SUCCESS 0 condorpool - 75
1645620103 frequency_ID0000058 JOB_TERMINATED 2270.0 condorpool - 67
1645620105 frequency_ID0000058 JOB_SUCCESS 0 condorpool - 67
1645620105 frequency_ID0000058 POST_SCRIPT_STARTED 2270.0 condorpool - 67
1645620105 frequency_ID0000058 POST_SCRIPT_TERMINATED 2270.0 condorpool - 67
1645620110 frequency_ID0000058 POST_SCRIPT_SUCCESS 0 condorpool - 67
1645620115 stage_out_local_local_2_1 SUBMIT 2281.0 local - 78
1645620115 stage_out_local_local_2_1 EXECUTE 2281.0 local - 78
1645620120 stage_out_local_local_2_1 JOB_TERMINATED 2281.0 local - 78
1645620120 stage_out_local_local_2_1 JOB_SUCCESS 0 local - 78
1645620120 stage_out_local_local_2_1 POST_SCRIPT_STARTED 2281.0 local - 78
1645620120 stage_out_local_local_2_1 POST_SCRIPT_TERMINATED 2281.0 local - 78
1645620125 stage_out_local_local_2_1 POST_SCRIPT_SUCCESS 0 local - 78
1645620145 frequency_ID0000054 JOB_TERMINATED 2275.0 condorpool - 72
1645620146 frequency_ID0000054 JOB_SUCCESS 0 condorpool - 72
1645620146 frequency_ID0000054 POST_SCRIPT_STARTED 2275.0 condorpool - 72
1645620146 frequency_ID0000054 POST_SCRIPT_TERMINATED 2275.0 condorpool - 72
1645620151 frequency_ID0000054 POST_SCRIPT_SUCCESS 0 condorpool - 72
1645620156 stage_out_local_local_2_0 SUBMIT 2282.0 local - 79
1645620156 stage_out_local_local_2_0 EXECUTE 2282.0 local - 79
1645620160 stage_out_local_local_2_0 JOB_TERMINATED 2282.0 local - 79
1645620161 stage_out_local_local_2_0 JOB_SUCCESS 0 local - 79
1645620161 stage_out_local_local_2_0 POST_SCRIPT_STARTED 2282.0 local - 79
1645620161 stage_out_local_local_2_0 POST_SCRIPT_TERMINATED 2282.0 local - 79
1645620166 stage_out_local_local_2_0 POST_SCRIPT_SUCCESS 0 local - 79
1645620171 cleanup_1000-genome_0_local SUBMIT 2283.0 local - 80
1645620171 cleanup_1000-genome_0_local EXECUTE 2283.0 local - 80
1645620174 cleanup_1000-genome_0_local JOB_TERMINATED 2283.0 local - 80
1645620176 cleanup_1000-genome_0_local JOB_SUCCESS 0 local - 80
1645620176 cleanup_1000-genome_0_local POST_SCRIPT_STARTED 2283.0 local - 80
1645620177 cleanup_1000-genome_0_local POST_SCRIPT_TERMINATED 2283.0 local - 80
1645620181 cleanup_1000-genome_0_local POST_SCRIPT_SUCCESS 0 local - 80
1645620181 INTERNAL *** DAGMAN_FINISHED 0 ***
1645620182 INTERNAL *** MONITORD_FINISHED 0 ***
