1645009785 INTERNAL *** MONITORD_STARTED ***
1645009783 INTERNAL *** DAGMAN_STARTED 2001.0 ***
1645009787 create_dir_1000-genome_0_local SUBMIT 2002.0 local - 1
1645009788 create_dir_1000-genome_0_local EXECUTE 2002.0 local - 1
1645009790 create_dir_1000-genome_0_local JOB_TERMINATED 2002.0 local - 1
1645009792 create_dir_1000-genome_0_local JOB_SUCCESS 0 local - 1
1645009792 create_dir_1000-genome_0_local POST_SCRIPT_STARTED 2002.0 local - 1
1645009792 create_dir_1000-genome_0_local POST_SCRIPT_TERMINATED 2002.0 local - 1
1645009797 create_dir_1000-genome_0_local POST_SCRIPT_SUCCESS 0 local - 1
1645009802 stage_in_remote_local_2_0 SUBMIT 2003.0 local - 2
1645009802 stage_in_remote_local_2_0 EXECUTE 2003.0 local - 2
1645009802 stage_in_remote_local_1_0 SUBMIT 2004.0 local - 3
1645009802 stage_in_remote_local_0_0 SUBMIT 2005.0 local - 4
1645009802 stage_in_local_local_0_0 SUBMIT 2006.0 local - 5
1645009802 stage_in_local_local_2_0 SUBMIT 2007.0 local - 6
1645009805 stage_in_remote_local_2_0 JOB_TERMINATED 2003.0 local - 2
1645009808 stage_in_remote_local_2_0 JOB_SUCCESS 0 local - 2
1645009808 stage_in_remote_local_2_0 POST_SCRIPT_STARTED 2003.0 local - 2
1645009805 stage_in_local_local_2_0 EXECUTE 2007.0 local - 6
1645009805 stage_in_local_local_0_0 EXECUTE 2006.0 local - 5
1645009805 stage_in_remote_local_0_0 EXECUTE 2005.0 local - 4
1645009805 stage_in_remote_local_1_0 EXECUTE 2004.0 local - 3
1645009807 stage_in_local_local_0_0 JOB_TERMINATED 2006.0 local - 5
1645009808 stage_in_local_local_0_0 JOB_SUCCESS 0 local - 5
1645009808 stage_in_local_local_0_0 POST_SCRIPT_STARTED 2006.0 local - 5
1645009807 stage_in_remote_local_0_0 JOB_TERMINATED 2005.0 local - 4
1645009808 stage_in_remote_local_0_0 JOB_SUCCESS 0 local - 4
1645009808 stage_in_remote_local_0_0 POST_SCRIPT_STARTED 2005.0 local - 4
1645009807 stage_in_remote_local_1_0 JOB_TERMINATED 2004.0 local - 3
1645009808 stage_in_remote_local_1_0 JOB_SUCCESS 0 local - 3
1645009808 stage_in_remote_local_1_0 POST_SCRIPT_STARTED 2004.0 local - 3
1645009808 stage_in_remote_local_0_1 SUBMIT 2008.0 local - 7
1645009808 stage_in_local_local_0_1 SUBMIT 2009.0 local - 8
1645009808 stage_in_local_local_2_1 SUBMIT 2010.0 local - 9
1645009808 stage_in_remote_local_2_1 SUBMIT 2011.0 local - 10
1645009808 stage_in_local_local_0_2 SUBMIT 2012.0 local - 11
1645009808 stage_in_remote_local_1_0 POST_SCRIPT_TERMINATED 2004.0 local - 3
1645009813 stage_in_remote_local_1_0 POST_SCRIPT_SUCCESS 0 local - 3
1645009808 stage_in_remote_local_2_0 POST_SCRIPT_TERMINATED 2003.0 local - 2
1645009813 stage_in_remote_local_2_0 POST_SCRIPT_SUCCESS 0 local - 2
1645009808 stage_in_local_local_0_0 POST_SCRIPT_TERMINATED 2006.0 local - 5
1645009813 stage_in_local_local_0_0 POST_SCRIPT_SUCCESS 0 local - 5
1645009808 stage_in_remote_local_0_0 POST_SCRIPT_TERMINATED 2005.0 local - 4
1645009813 stage_in_remote_local_0_0 POST_SCRIPT_SUCCESS 0 local - 4
1645009809 stage_in_local_local_2_0 JOB_TERMINATED 2007.0 local - 6
1645009813 stage_in_local_local_2_0 JOB_SUCCESS 0 local - 6
1645009813 stage_in_local_local_2_0 POST_SCRIPT_STARTED 2007.0 local - 6
1645009809 stage_in_local_local_0_2 EXECUTE 2012.0 local - 11
1645009809 stage_in_remote_local_2_1 EXECUTE 2011.0 local - 10
1645009809 stage_in_local_local_2_1 EXECUTE 2010.0 local - 9
1645009809 stage_in_local_local_0_1 EXECUTE 2009.0 local - 8
1645009809 stage_in_remote_local_0_1 EXECUTE 2008.0 local - 7
1645009811 stage_in_remote_local_2_1 JOB_TERMINATED 2011.0 local - 10
1645009813 stage_in_remote_local_2_1 JOB_SUCCESS 0 local - 10
1645009813 stage_in_remote_local_2_1 POST_SCRIPT_STARTED 2011.0 local - 10
1645009811 stage_in_local_local_0_2 JOB_TERMINATED 2012.0 local - 11
1645009813 stage_in_local_local_0_2 JOB_SUCCESS 0 local - 11
1645009813 stage_in_local_local_0_2 POST_SCRIPT_STARTED 2012.0 local - 11
1645009811 stage_in_remote_local_0_1 JOB_TERMINATED 2008.0 local - 7
1645009813 stage_in_remote_local_0_1 JOB_SUCCESS 0 local - 7
1645009813 stage_in_remote_local_0_1 POST_SCRIPT_STARTED 2008.0 local - 7
1645009812 stage_in_local_local_0_1 JOB_TERMINATED 2009.0 local - 8
1645009813 stage_in_local_local_0_1 JOB_SUCCESS 0 local - 8
1645009813 stage_in_local_local_0_1 POST_SCRIPT_STARTED 2009.0 local - 8
1645009813 stage_in_local_local_2_1 JOB_TERMINATED 2010.0 local - 9
1645009818 stage_in_local_local_2_1 JOB_SUCCESS 0 local - 9
1645009818 stage_in_local_local_2_1 POST_SCRIPT_STARTED 2010.0 local - 9
1645009813 stage_in_local_local_2_0 POST_SCRIPT_TERMINATED 2007.0 local - 6
1645009818 stage_in_local_local_2_0 POST_SCRIPT_SUCCESS 0 local - 6
1645009813 stage_in_local_local_0_2 POST_SCRIPT_TERMINATED 2012.0 local - 11
1645009818 stage_in_local_local_0_2 POST_SCRIPT_SUCCESS 0 local - 11
1645009813 stage_in_remote_local_2_1 POST_SCRIPT_TERMINATED 2011.0 local - 10
1645009818 stage_in_remote_local_2_1 POST_SCRIPT_SUCCESS 0 local - 10
1645009813 stage_in_remote_local_0_1 POST_SCRIPT_TERMINATED 2008.0 local - 7
1645009818 stage_in_remote_local_0_1 POST_SCRIPT_SUCCESS 0 local - 7
1645009813 stage_in_local_local_0_1 POST_SCRIPT_TERMINATED 2009.0 local - 8
1645009818 stage_in_local_local_0_1 POST_SCRIPT_SUCCESS 0 local - 8
1645009818 stage_in_local_local_2_1 POST_SCRIPT_TERMINATED 2010.0 local - 9
1645009824 stage_in_local_local_2_1 POST_SCRIPT_SUCCESS 0 local - 9
1645009823 sifting_ID0000052 SUBMIT 2013.0 condorpool - 12
1645009824 individuals_ID0000037 SUBMIT 2014.0 condorpool - 13
1645009824 individuals_ID0000038 SUBMIT 2015.0 condorpool - 14
1645009824 individuals_ID0000039 SUBMIT 2016.0 condorpool - 15
1645009824 individuals_ID0000033 SUBMIT 2017.0 condorpool - 16
1645009829 individuals_ID0000034 SUBMIT 2018.0 condorpool - 17
1645009829 individuals_ID0000035 SUBMIT 2019.0 condorpool - 18
1645009829 individuals_ID0000036 SUBMIT 2020.0 condorpool - 19
1645009829 individuals_ID0000030 SUBMIT 2021.0 condorpool - 20
1645009829 individuals_ID0000031 SUBMIT 2022.0 condorpool - 21
1645009830 sifting_ID0000052 EXECUTE 2013.0 condorpool - 12
1645009834 individuals_ID0000032 SUBMIT 2023.0 condorpool - 22
1645009834 individuals_ID0000004 SUBMIT 2024.0 condorpool - 23
1645009834 individuals_ID0000048 SUBMIT 2025.0 condorpool - 24
1645009834 individuals_ID0000005 SUBMIT 2026.0 condorpool - 25
1645009834 individuals_ID0000049 SUBMIT 2027.0 condorpool - 26
1645009835 individuals_ID0000033 EXECUTE 2017.0 condorpool - 16
1645009837 sifting_ID0000052 JOB_TERMINATED 2013.0 condorpool - 12
1645009839 sifting_ID0000052 JOB_SUCCESS 0 condorpool - 12
1645009839 sifting_ID0000052 POST_SCRIPT_STARTED 2013.0 condorpool - 12
1645009839 individuals_ID0000006 SUBMIT 2028.0 condorpool - 27
1645009839 individuals_ID0000007 SUBMIT 2029.0 condorpool - 28
1645009839 individuals_ID0000044 SUBMIT 2030.0 condorpool - 29
1645009839 individuals_ID0000001 SUBMIT 2031.0 condorpool - 30
1645009839 individuals_ID0000045 SUBMIT 2032.0 condorpool - 31
1645009839 sifting_ID0000052 POST_SCRIPT_TERMINATED 2013.0 condorpool - 12
1645009845 sifting_ID0000052 POST_SCRIPT_SUCCESS 0 condorpool - 12
1645009841 individuals_ID0000037 EXECUTE 2014.0 condorpool - 13
1645009844 individuals_ID0000002 SUBMIT 2033.0 condorpool - 32
1645009844 individuals_ID0000046 SUBMIT 2034.0 condorpool - 33
1645009845 individuals_ID0000003 SUBMIT 2035.0 condorpool - 34
1645009845 individuals_ID0000047 SUBMIT 2036.0 condorpool - 35
1645009845 individuals_ID0000008 SUBMIT 2037.0 condorpool - 36
1645009846 individuals_ID0000038 EXECUTE 2015.0 condorpool - 14
1645009847 individuals_ID0000039 EXECUTE 2016.0 condorpool - 15
1645009848 individuals_ID0000034 EXECUTE 2018.0 condorpool - 17
1645009850 individuals_ID0000009 SUBMIT 2038.0 condorpool - 37
1645009850 individuals_ID0000040 SUBMIT 2039.0 condorpool - 38
1645009850 individuals_ID0000041 SUBMIT 2040.0 condorpool - 39
1645009850 individuals_ID0000042 SUBMIT 2041.0 condorpool - 40
1645009850 individuals_ID0000043 SUBMIT 2042.0 condorpool - 41
1645009855 individuals_ID0000015 SUBMIT 2043.0 condorpool - 42
1645009855 individuals_ID0000016 SUBMIT 2044.0 condorpool - 43
1645009855 individuals_ID0000017 SUBMIT 2045.0 condorpool - 44
1645009855 individuals_ID0000018 SUBMIT 2046.0 condorpool - 45
1645009855 individuals_ID0000011 SUBMIT 2047.0 condorpool - 46
1645009860 individuals_ID0000012 SUBMIT 2048.0 condorpool - 47
1645009860 individuals_ID0000013 SUBMIT 2049.0 condorpool - 48
1645009860 individuals_ID0000014 SUBMIT 2050.0 condorpool - 49
1645009860 individuals_ID0000019 SUBMIT 2051.0 condorpool - 50
1645009860 individuals_ID0000010 SUBMIT 2052.0 condorpool - 51
1645009865 individuals_ID0000050 SUBMIT 2053.0 condorpool - 52
1645009865 individuals_ID0000026 SUBMIT 2054.0 condorpool - 53
1645009865 individuals_ID0000027 SUBMIT 2055.0 condorpool - 54
1645009865 individuals_ID0000028 SUBMIT 2056.0 condorpool - 55
1645009865 individuals_ID0000029 SUBMIT 2057.0 condorpool - 56
1645009870 individuals_ID0000022 SUBMIT 2058.0 condorpool - 57
1645009870 individuals_ID0000044 EXECUTE 2030.0 condorpool - 29
1645009870 individuals_ID0000023 SUBMIT 2059.0 condorpool - 58
1645009871 individuals_ID0000024 SUBMIT 2060.0 condorpool - 59
1645009871 individuals_ID0000002 EXECUTE 2033.0 condorpool - 32
1645009871 individuals_ID0000025 SUBMIT 2061.0 condorpool - 60
1645009871 individuals_ID0000020 SUBMIT 2062.0 condorpool - 61
1645009874 individuals_ID0000048 EXECUTE 2025.0 condorpool - 24
1645009875 individuals_ID0000004 EXECUTE 2024.0 condorpool - 23
1645009876 individuals_ID0000021 SUBMIT 2063.0 condorpool - 62
1645009877 individuals_ID0000030 EXECUTE 2021.0 condorpool - 20
1645009882 individuals_ID0000031 EXECUTE 2022.0 condorpool - 21
1645009888 individuals_ID0000001 EXECUTE 2031.0 condorpool - 30
1645009889 individuals_ID0000006 EXECUTE 2028.0 condorpool - 27
1645009891 individuals_ID0000036 EXECUTE 2020.0 condorpool - 19
1645009891 individuals_ID0000035 EXECUTE 2019.0 condorpool - 18
1645009902 individuals_ID0000016 EXECUTE 2044.0 condorpool - 43
1645009903 individuals_ID0000007 EXECUTE 2029.0 condorpool - 28
1645009912 individuals_ID0000045 EXECUTE 2032.0 condorpool - 31
1645009913 individuals_ID0000032 EXECUTE 2023.0 condorpool - 22
1645009922 individuals_ID0000043 EXECUTE 2042.0 condorpool - 41
1645009928 individuals_ID0000049 EXECUTE 2027.0 condorpool - 26
1645009936 individuals_ID0000008 EXECUTE 2037.0 condorpool - 36
1645009943 individuals_ID0000009 EXECUTE 2038.0 condorpool - 37
1645009944 individuals_ID0000041 EXECUTE 2040.0 condorpool - 39
1645009944 individuals_ID0000017 EXECUTE 2045.0 condorpool - 44
1645009946 individuals_ID0000046 EXECUTE 2034.0 condorpool - 33
1645009947 individuals_ID0000047 EXECUTE 2036.0 condorpool - 35
1645009953 individuals_ID0000005 EXECUTE 2026.0 condorpool - 25
1645009962 individuals_ID0000040 EXECUTE 2039.0 condorpool - 38
1645009971 individuals_ID0000042 EXECUTE 2041.0 condorpool - 40
1645009980 individuals_ID0000003 EXECUTE 2035.0 condorpool - 34
1645009991 individuals_ID0000015 EXECUTE 2043.0 condorpool - 42
1645010649 individuals_ID0000001 JOB_TERMINATED 2031.0 condorpool - 30
1645010651 individuals_ID0000001 JOB_SUCCESS 0 condorpool - 30
1645010651 individuals_ID0000001 POST_SCRIPT_STARTED 2031.0 condorpool - 30
1645010652 individuals_ID0000001 POST_SCRIPT_TERMINATED 2031.0 condorpool - 30
1645010656 individuals_ID0000001 POST_SCRIPT_SUCCESS 0 condorpool - 30
1645010656 individuals_ID0000018 EXECUTE 2046.0 condorpool - 45
1645010953 individuals_ID0000033 JOB_TERMINATED 2017.0 condorpool - 16
1645010956 individuals_ID0000033 JOB_SUCCESS 0 condorpool - 16
1645010956 individuals_ID0000033 POST_SCRIPT_STARTED 2017.0 condorpool - 16
1645010956 individuals_ID0000033 POST_SCRIPT_TERMINATED 2017.0 condorpool - 16
1645010961 individuals_ID0000033 POST_SCRIPT_SUCCESS 0 condorpool - 16
1645010963 individuals_ID0000011 EXECUTE 2047.0 condorpool - 46
1645010985 individuals_ID0000004 JOB_TERMINATED 2024.0 condorpool - 23
1645010986 individuals_ID0000004 JOB_SUCCESS 0 condorpool - 23
1645010986 individuals_ID0000004 POST_SCRIPT_STARTED 2024.0 condorpool - 23
1645010987 individuals_ID0000004 POST_SCRIPT_TERMINATED 2024.0 condorpool - 23
1645010991 individuals_ID0000004 POST_SCRIPT_SUCCESS 0 condorpool - 23
1645010987 individuals_ID0000048 JOB_TERMINATED 2025.0 condorpool - 24
1645010991 individuals_ID0000048 JOB_SUCCESS 0 condorpool - 24
1645010991 individuals_ID0000048 POST_SCRIPT_STARTED 2025.0 condorpool - 24
1645010991 individuals_ID0000048 POST_SCRIPT_TERMINATED 2025.0 condorpool - 24
1645010996 individuals_ID0000048 POST_SCRIPT_SUCCESS 0 condorpool - 24
1645010994 individuals_ID0000012 EXECUTE 2048.0 condorpool - 47
1645010995 individuals_ID0000013 EXECUTE 2049.0 condorpool - 48
1645010996 individuals_ID0000031 JOB_TERMINATED 2022.0 condorpool - 21
1645010996 individuals_ID0000031 JOB_SUCCESS 0 condorpool - 21
1645010996 individuals_ID0000031 POST_SCRIPT_STARTED 2022.0 condorpool - 21
1645010996 individuals_ID0000031 POST_SCRIPT_TERMINATED 2022.0 condorpool - 21
1645011001 individuals_ID0000031 POST_SCRIPT_SUCCESS 0 condorpool - 21
1645010997 individuals_ID0000032 JOB_TERMINATED 2023.0 condorpool - 22
1645011001 individuals_ID0000032 JOB_SUCCESS 0 condorpool - 22
1645011001 individuals_ID0000032 POST_SCRIPT_STARTED 2023.0 condorpool - 22
1645011002 individuals_ID0000032 POST_SCRIPT_TERMINATED 2023.0 condorpool - 22
1645011006 individuals_ID0000032 POST_SCRIPT_SUCCESS 0 condorpool - 22
1645011008 individuals_ID0000014 EXECUTE 2050.0 condorpool - 49
1645011008 individuals_ID0000019 EXECUTE 2051.0 condorpool - 50
1645011016 individuals_ID0000006 JOB_TERMINATED 2028.0 condorpool - 27
1645011021 individuals_ID0000006 JOB_SUCCESS 0 condorpool - 27
1645011021 individuals_ID0000006 POST_SCRIPT_STARTED 2028.0 condorpool - 27
1645011021 individuals_ID0000006 POST_SCRIPT_TERMINATED 2028.0 condorpool - 27
1645011026 individuals_ID0000006 POST_SCRIPT_SUCCESS 0 condorpool - 27
1645011023 individuals_ID0000010 EXECUTE 2052.0 condorpool - 51
1645011059 individuals_ID0000007 JOB_TERMINATED 2029.0 condorpool - 28
1645011061 individuals_ID0000007 JOB_SUCCESS 0 condorpool - 28
1645011061 individuals_ID0000007 POST_SCRIPT_STARTED 2029.0 condorpool - 28
1645011062 individuals_ID0000007 POST_SCRIPT_TERMINATED 2029.0 condorpool - 28
1645011066 individuals_ID0000007 POST_SCRIPT_SUCCESS 0 condorpool - 28
1645011063 individuals_ID0000030 JOB_TERMINATED 2021.0 condorpool - 20
1645011066 individuals_ID0000030 JOB_SUCCESS 0 condorpool - 20
1645011066 individuals_ID0000030 POST_SCRIPT_STARTED 2021.0 condorpool - 20
1645011066 individuals_ID0000030 POST_SCRIPT_TERMINATED 2021.0 condorpool - 20
1645011071 individuals_ID0000030 POST_SCRIPT_SUCCESS 0 condorpool - 20
1645011071 individuals_ID0000002 JOB_TERMINATED 2033.0 condorpool - 32
1645011076 individuals_ID0000002 JOB_SUCCESS 0 condorpool - 32
1645011076 individuals_ID0000002 POST_SCRIPT_STARTED 2033.0 condorpool - 32
1645011074 individuals_ID0000044 JOB_TERMINATED 2030.0 condorpool - 29
1645011076 individuals_ID0000044 JOB_SUCCESS 0 condorpool - 29
1645011076 individuals_ID0000044 POST_SCRIPT_STARTED 2030.0 condorpool - 29
1645011076 individuals_ID0000002 POST_SCRIPT_TERMINATED 2033.0 condorpool - 32
1645011081 individuals_ID0000002 POST_SCRIPT_SUCCESS 0 condorpool - 32
1645011076 individuals_ID0000044 POST_SCRIPT_TERMINATED 2030.0 condorpool - 29
1645011081 individuals_ID0000044 POST_SCRIPT_SUCCESS 0 condorpool - 29
1645011077 individuals_ID0000036 JOB_TERMINATED 2020.0 condorpool - 19
1645011081 individuals_ID0000036 JOB_SUCCESS 0 condorpool - 19
1645011081 individuals_ID0000036 POST_SCRIPT_STARTED 2020.0 condorpool - 19
1645011080 individuals_ID0000045 JOB_TERMINATED 2032.0 condorpool - 31
1645011081 individuals_ID0000045 JOB_SUCCESS 0 condorpool - 31
1645011081 individuals_ID0000045 POST_SCRIPT_STARTED 2032.0 condorpool - 31
1645011080 individuals_ID0000005 JOB_TERMINATED 2026.0 condorpool - 25
1645011081 individuals_ID0000005 JOB_SUCCESS 0 condorpool - 25
1645011081 individuals_ID0000005 POST_SCRIPT_STARTED 2026.0 condorpool - 25
1645011081 individuals_ID0000049 JOB_TERMINATED 2027.0 condorpool - 26
1645011081 individuals_ID0000049 JOB_SUCCESS 0 condorpool - 26
1645011081 individuals_ID0000049 POST_SCRIPT_STARTED 2027.0 condorpool - 26
1645011082 individuals_ID0000005 POST_SCRIPT_TERMINATED 2026.0 condorpool - 25
1645011086 individuals_ID0000005 POST_SCRIPT_SUCCESS 0 condorpool - 25
1645011082 individuals_ID0000036 POST_SCRIPT_TERMINATED 2020.0 condorpool - 19
1645011086 individuals_ID0000036 POST_SCRIPT_SUCCESS 0 condorpool - 19
1645011082 individuals_ID0000045 POST_SCRIPT_TERMINATED 2032.0 condorpool - 31
1645011086 individuals_ID0000045 POST_SCRIPT_SUCCESS 0 condorpool - 31
1645011082 individuals_ID0000049 POST_SCRIPT_TERMINATED 2027.0 condorpool - 26
1645011086 individuals_ID0000049 POST_SCRIPT_SUCCESS 0 condorpool - 26
1645011104 individuals_ID0000026 EXECUTE 2054.0 condorpool - 53
1645011108 individuals_ID0000050 EXECUTE 2053.0 condorpool - 52
1645011112 individuals_ID0000023 EXECUTE 2059.0 condorpool - 58
1645011112 individuals_ID0000035 JOB_TERMINATED 2019.0 condorpool - 18
1645011116 individuals_ID0000035 JOB_SUCCESS 0 condorpool - 18
1645011116 individuals_ID0000035 POST_SCRIPT_STARTED 2019.0 condorpool - 18
1645011114 individuals_ID0000029 EXECUTE 2057.0 condorpool - 56
1645011115 individuals_ID0000027 EXECUTE 2055.0 condorpool - 54
1645011115 individuals_ID0000022 EXECUTE 2058.0 condorpool - 57
1645011115 individuals_ID0000024 EXECUTE 2060.0 condorpool - 59
1645011116 individuals_ID0000028 EXECUTE 2056.0 condorpool - 55
1645011116 individuals_ID0000035 POST_SCRIPT_TERMINATED 2019.0 condorpool - 18
1645011121 individuals_ID0000035 POST_SCRIPT_SUCCESS 0 condorpool - 18
1645011126 individuals_ID0000016 JOB_TERMINATED 2044.0 condorpool - 43
1645011126 individuals_ID0000016 JOB_SUCCESS 0 condorpool - 43
1645011126 individuals_ID0000016 POST_SCRIPT_STARTED 2044.0 condorpool - 43
1645011126 individuals_ID0000016 POST_SCRIPT_TERMINATED 2044.0 condorpool - 43
1645011131 individuals_ID0000016 POST_SCRIPT_SUCCESS 0 condorpool - 43
1645011128 individuals_ID0000008 JOB_TERMINATED 2037.0 condorpool - 36
1645011131 individuals_ID0000008 JOB_SUCCESS 0 condorpool - 36
1645011131 individuals_ID0000008 POST_SCRIPT_STARTED 2037.0 condorpool - 36
1645011132 individuals_ID0000008 POST_SCRIPT_TERMINATED 2037.0 condorpool - 36
1645011136 individuals_ID0000008 POST_SCRIPT_SUCCESS 0 condorpool - 36
1645011150 individuals_ID0000003 JOB_TERMINATED 2035.0 condorpool - 34
1645011151 individuals_ID0000003 JOB_SUCCESS 0 condorpool - 34
1645011151 individuals_ID0000003 POST_SCRIPT_STARTED 2035.0 condorpool - 34
1645011151 individuals_ID0000003 POST_SCRIPT_TERMINATED 2035.0 condorpool - 34
1645011156 individuals_ID0000003 POST_SCRIPT_SUCCESS 0 condorpool - 34
1645011162 individuals_ID0000020 EXECUTE 2062.0 condorpool - 61
1645011171 individuals_ID0000021 EXECUTE 2063.0 condorpool - 62
1645011173 individuals_ID0000047 JOB_TERMINATED 2036.0 condorpool - 35
1645011176 individuals_ID0000047 JOB_SUCCESS 0 condorpool - 35
1645011176 individuals_ID0000047 POST_SCRIPT_STARTED 2036.0 condorpool - 35
1645011174 individuals_ID0000025 EXECUTE 2061.0 condorpool - 60
1645011174 individuals_ID0000046 JOB_TERMINATED 2034.0 condorpool - 33
1645011176 individuals_ID0000046 JOB_SUCCESS 0 condorpool - 33
1645011176 individuals_ID0000046 POST_SCRIPT_STARTED 2034.0 condorpool - 33
1645011177 individuals_ID0000047 POST_SCRIPT_TERMINATED 2036.0 condorpool - 35
1645011181 individuals_ID0000047 POST_SCRIPT_SUCCESS 0 condorpool - 35
1645011177 individuals_ID0000046 POST_SCRIPT_TERMINATED 2034.0 condorpool - 33
1645011181 individuals_ID0000046 POST_SCRIPT_SUCCESS 0 condorpool - 33
1645011180 individuals_ID0000043 JOB_TERMINATED 2042.0 condorpool - 41
1645011181 individuals_ID0000043 JOB_SUCCESS 0 condorpool - 41
1645011181 individuals_ID0000043 POST_SCRIPT_STARTED 2042.0 condorpool - 41
1645011181 individuals_ID0000043 POST_SCRIPT_TERMINATED 2042.0 condorpool - 41
1645011186 individuals_ID0000043 POST_SCRIPT_SUCCESS 0 condorpool - 41
1645011198 individuals_ID0000017 JOB_TERMINATED 2045.0 condorpool - 44
1645011201 individuals_ID0000017 JOB_SUCCESS 0 condorpool - 44
1645011201 individuals_ID0000017 POST_SCRIPT_STARTED 2045.0 condorpool - 44
1645011201 individuals_ID0000017 POST_SCRIPT_TERMINATED 2045.0 condorpool - 44
1645011206 individuals_ID0000017 POST_SCRIPT_SUCCESS 0 condorpool - 44
1645011202 individuals_ID0000009 JOB_TERMINATED 2038.0 condorpool - 37
1645011206 individuals_ID0000009 JOB_SUCCESS 0 condorpool - 37
1645011206 individuals_ID0000009 POST_SCRIPT_STARTED 2038.0 condorpool - 37
1645011202 individuals_ID0000041 JOB_TERMINATED 2040.0 condorpool - 39
1645011206 individuals_ID0000041 JOB_SUCCESS 0 condorpool - 39
1645011206 individuals_ID0000041 POST_SCRIPT_STARTED 2040.0 condorpool - 39
1645011207 individuals_ID0000009 POST_SCRIPT_TERMINATED 2038.0 condorpool - 37
1645011211 individuals_ID0000009 POST_SCRIPT_SUCCESS 0 condorpool - 37
1645011207 individuals_ID0000041 POST_SCRIPT_TERMINATED 2040.0 condorpool - 39
1645011211 individuals_ID0000041 POST_SCRIPT_SUCCESS 0 condorpool - 39
1645011219 individuals_ID0000040 JOB_TERMINATED 2039.0 condorpool - 38
1645011221 individuals_ID0000040 JOB_SUCCESS 0 condorpool - 38
1645011221 individuals_ID0000040 POST_SCRIPT_STARTED 2039.0 condorpool - 38
1645011221 individuals_ID0000040 POST_SCRIPT_TERMINATED 2039.0 condorpool - 38
1645011226 individuals_ID0000040 POST_SCRIPT_SUCCESS 0 condorpool - 38
1645011221 individuals_ID0000042 JOB_TERMINATED 2041.0 condorpool - 40
1645011226 individuals_ID0000042 JOB_SUCCESS 0 condorpool - 40
1645011226 individuals_ID0000042 POST_SCRIPT_STARTED 2041.0 condorpool - 40
1645011226 individuals_ID0000042 POST_SCRIPT_TERMINATED 2041.0 condorpool - 40
1645011231 individuals_ID0000042 POST_SCRIPT_SUCCESS 0 condorpool - 40
1645011227 individuals_ID0000015 JOB_TERMINATED 2043.0 condorpool - 42
1645011231 individuals_ID0000015 JOB_SUCCESS 0 condorpool - 42
1645011231 individuals_ID0000015 POST_SCRIPT_STARTED 2043.0 condorpool - 42
1645011229 individuals_ID0000037 JOB_TERMINATED 2014.0 condorpool - 13
1645011231 individuals_ID0000037 JOB_SUCCESS 0 condorpool - 13
1645011231 individuals_ID0000037 POST_SCRIPT_STARTED 2014.0 condorpool - 13
1645011232 individuals_ID0000015 POST_SCRIPT_TERMINATED 2043.0 condorpool - 42
1645011236 individuals_ID0000015 POST_SCRIPT_SUCCESS 0 condorpool - 42
1645011232 individuals_ID0000037 POST_SCRIPT_TERMINATED 2014.0 condorpool - 13
1645011236 individuals_ID0000037 POST_SCRIPT_SUCCESS 0 condorpool - 13
1645011249 individuals_ID0000038 JOB_TERMINATED 2015.0 condorpool - 14
1645011251 individuals_ID0000038 JOB_SUCCESS 0 condorpool - 14
1645011251 individuals_ID0000038 POST_SCRIPT_STARTED 2015.0 condorpool - 14
1645011251 individuals_ID0000038 POST_SCRIPT_TERMINATED 2015.0 condorpool - 14
1645011256 individuals_ID0000038 POST_SCRIPT_SUCCESS 0 condorpool - 14
1645011254 individuals_ID0000039 JOB_TERMINATED 2016.0 condorpool - 15
1645011256 individuals_ID0000039 JOB_SUCCESS 0 condorpool - 15
1645011256 individuals_ID0000039 POST_SCRIPT_STARTED 2016.0 condorpool - 15
1645011256 individuals_ID0000034 JOB_TERMINATED 2018.0 condorpool - 17
1645011256 individuals_ID0000034 JOB_SUCCESS 0 condorpool - 17
1645011256 individuals_ID0000034 POST_SCRIPT_STARTED 2018.0 condorpool - 17
1645011256 individuals_ID0000034 POST_SCRIPT_TERMINATED 2018.0 condorpool - 17
1645011261 individuals_ID0000034 POST_SCRIPT_SUCCESS 0 condorpool - 17
1645011256 individuals_ID0000039 POST_SCRIPT_TERMINATED 2016.0 condorpool - 15
1645011261 individuals_ID0000039 POST_SCRIPT_SUCCESS 0 condorpool - 15
1645011742 individuals_ID0000018 JOB_TERMINATED 2046.0 condorpool - 45
1645011747 individuals_ID0000018 JOB_SUCCESS 0 condorpool - 45
1645011747 individuals_ID0000018 POST_SCRIPT_STARTED 2046.0 condorpool - 45
1645011747 individuals_ID0000018 POST_SCRIPT_TERMINATED 2046.0 condorpool - 45
1645011752 individuals_ID0000018 POST_SCRIPT_SUCCESS 0 condorpool - 45
1645012004 individuals_ID0000013 JOB_TERMINATED 2049.0 condorpool - 48
1645012007 individuals_ID0000013 JOB_SUCCESS 0 condorpool - 48
1645012007 individuals_ID0000013 POST_SCRIPT_STARTED 2049.0 condorpool - 48
1645012008 individuals_ID0000013 POST_SCRIPT_TERMINATED 2049.0 condorpool - 48
1645012012 individuals_ID0000013 POST_SCRIPT_SUCCESS 0 condorpool - 48
1645012008 individuals_ID0000012 JOB_TERMINATED 2048.0 condorpool - 47
1645012012 individuals_ID0000012 JOB_SUCCESS 0 condorpool - 47
1645012012 individuals_ID0000012 POST_SCRIPT_STARTED 2048.0 condorpool - 47
1645012011 individuals_ID0000019 JOB_TERMINATED 2051.0 condorpool - 50
1645012012 individuals_ID0000019 JOB_SUCCESS 0 condorpool - 50
1645012012 individuals_ID0000019 POST_SCRIPT_STARTED 2051.0 condorpool - 50
1645012012 individuals_ID0000012 POST_SCRIPT_TERMINATED 2048.0 condorpool - 47
1645012017 individuals_ID0000012 POST_SCRIPT_SUCCESS 0 condorpool - 47
1645012012 individuals_ID0000019 POST_SCRIPT_TERMINATED 2051.0 condorpool - 50
1645012017 individuals_ID0000019 POST_SCRIPT_SUCCESS 0 condorpool - 50
1645012013 individuals_ID0000014 JOB_TERMINATED 2050.0 condorpool - 49
1645012017 individuals_ID0000014 JOB_SUCCESS 0 condorpool - 49
1645012017 individuals_ID0000014 POST_SCRIPT_STARTED 2050.0 condorpool - 49
1645012017 individuals_ID0000014 POST_SCRIPT_TERMINATED 2050.0 condorpool - 49
1645012022 individuals_ID0000014 POST_SCRIPT_SUCCESS 0 condorpool - 49
1645012080 individuals_ID0000011 JOB_TERMINATED 2047.0 condorpool - 46
1645012083 individuals_ID0000011 JOB_SUCCESS 0 condorpool - 46
1645012083 individuals_ID0000011 POST_SCRIPT_STARTED 2047.0 condorpool - 46
1645012083 individuals_ID0000011 POST_SCRIPT_TERMINATED 2047.0 condorpool - 46
1645012088 individuals_ID0000011 POST_SCRIPT_SUCCESS 0 condorpool - 46
1645012085 individuals_ID0000021 JOB_TERMINATED 2063.0 condorpool - 62
1645012088 individuals_ID0000021 JOB_SUCCESS 0 condorpool - 62
1645012088 individuals_ID0000021 POST_SCRIPT_STARTED 2063.0 condorpool - 62
1645012088 individuals_ID0000020 JOB_TERMINATED 2062.0 condorpool - 61
1645012088 individuals_ID0000020 JOB_SUCCESS 0 condorpool - 61
1645012088 individuals_ID0000020 POST_SCRIPT_STARTED 2062.0 condorpool - 61
1645012088 individuals_ID0000020 POST_SCRIPT_TERMINATED 2062.0 condorpool - 61
1645012093 individuals_ID0000020 POST_SCRIPT_SUCCESS 0 condorpool - 61
1645012088 individuals_ID0000021 POST_SCRIPT_TERMINATED 2063.0 condorpool - 62
1645012093 individuals_ID0000021 POST_SCRIPT_SUCCESS 0 condorpool - 62
1645012140 individuals_ID0000010 JOB_TERMINATED 2052.0 condorpool - 51
1645012143 individuals_ID0000010 JOB_SUCCESS 0 condorpool - 51
1645012143 individuals_ID0000010 POST_SCRIPT_STARTED 2052.0 condorpool - 51
1645012144 individuals_ID0000010 POST_SCRIPT_TERMINATED 2052.0 condorpool - 51
1645012148 individuals_ID0000010 POST_SCRIPT_SUCCESS 0 condorpool - 51
1645012148 individuals_ID0000024 JOB_TERMINATED 2060.0 condorpool - 59
1645012153 individuals_ID0000024 JOB_SUCCESS 0 condorpool - 59
1645012153 individuals_ID0000024 POST_SCRIPT_STARTED 2060.0 condorpool - 59
1645012149 individuals_ID0000023 JOB_TERMINATED 2059.0 condorpool - 58
1645012153 individuals_ID0000023 JOB_SUCCESS 0 condorpool - 58
1645012153 individuals_ID0000023 POST_SCRIPT_STARTED 2059.0 condorpool - 58
1645012150 individuals_ID0000022 JOB_TERMINATED 2058.0 condorpool - 57
1645012153 individuals_ID0000022 JOB_SUCCESS 0 condorpool - 57
1645012153 individuals_ID0000022 POST_SCRIPT_STARTED 2058.0 condorpool - 57
1645012153 individuals_ID0000024 POST_SCRIPT_TERMINATED 2060.0 condorpool - 59
1645012158 individuals_ID0000024 POST_SCRIPT_SUCCESS 0 condorpool - 59
1645012153 individuals_ID0000023 POST_SCRIPT_TERMINATED 2059.0 condorpool - 58
1645012158 individuals_ID0000023 POST_SCRIPT_SUCCESS 0 condorpool - 58
1645012153 individuals_ID0000022 POST_SCRIPT_TERMINATED 2058.0 condorpool - 57
1645012158 individuals_ID0000022 POST_SCRIPT_SUCCESS 0 condorpool - 57
1645012216 individuals_ID0000050 JOB_TERMINATED 2053.0 condorpool - 52
1645012218 individuals_ID0000050 JOB_SUCCESS 0 condorpool - 52
1645012218 individuals_ID0000050 POST_SCRIPT_STARTED 2053.0 condorpool - 52
1645012218 individuals_ID0000050 POST_SCRIPT_TERMINATED 2053.0 condorpool - 52
1645012223 individuals_ID0000050 POST_SCRIPT_SUCCESS 0 condorpool - 52
1645012224 individuals_ID0000026 JOB_TERMINATED 2054.0 condorpool - 53
1645012228 individuals_ID0000026 JOB_SUCCESS 0 condorpool - 53
1645012228 individuals_ID0000026 POST_SCRIPT_STARTED 2054.0 condorpool - 53
1645012227 individuals_ID0000029 JOB_TERMINATED 2057.0 condorpool - 56
1645012228 individuals_ID0000029 JOB_SUCCESS 0 condorpool - 56
1645012228 individuals_ID0000029 POST_SCRIPT_STARTED 2057.0 condorpool - 56
1645012229 individuals_ID0000026 POST_SCRIPT_TERMINATED 2054.0 condorpool - 53
1645012233 individuals_ID0000026 POST_SCRIPT_SUCCESS 0 condorpool - 53
1645012229 individuals_ID0000029 POST_SCRIPT_TERMINATED 2057.0 condorpool - 56
1645012233 individuals_ID0000029 POST_SCRIPT_SUCCESS 0 condorpool - 56
1645012231 individuals_ID0000027 JOB_TERMINATED 2055.0 condorpool - 54
1645012233 individuals_ID0000027 JOB_SUCCESS 0 condorpool - 54
1645012233 individuals_ID0000027 POST_SCRIPT_STARTED 2055.0 condorpool - 54
1645012233 individuals_ID0000028 JOB_TERMINATED 2056.0 condorpool - 55
1645012238 individuals_ID0000028 JOB_SUCCESS 0 condorpool - 55
1645012238 individuals_ID0000028 POST_SCRIPT_STARTED 2056.0 condorpool - 55
1645012233 individuals_ID0000027 POST_SCRIPT_TERMINATED 2055.0 condorpool - 54
1645012238 individuals_ID0000027 POST_SCRIPT_SUCCESS 0 condorpool - 54
1645012238 individuals_ID0000028 POST_SCRIPT_TERMINATED 2056.0 condorpool - 55
1645012243 individuals_ID0000028 POST_SCRIPT_SUCCESS 0 condorpool - 55
1645012252 individuals_ID0000025 JOB_TERMINATED 2061.0 condorpool - 60
1645012253 individuals_ID0000025 JOB_SUCCESS 0 condorpool - 60
1645012253 individuals_ID0000025 POST_SCRIPT_STARTED 2061.0 condorpool - 60
1645012254 individuals_ID0000025 POST_SCRIPT_TERMINATED 2061.0 condorpool - 60
1645012258 individuals_ID0000025 POST_SCRIPT_SUCCESS 0 condorpool - 60
1645012263 individuals_merge_ID0000051 SUBMIT 2064.0 condorpool - 63
1645012267 individuals_merge_ID0000051 EXECUTE 2064.0 condorpool - 63
1645016520 individuals_merge_ID0000051 JOB_TERMINATED 2064.0 condorpool - 63
1645016522 individuals_merge_ID0000051 JOB_SUCCESS 0 condorpool - 63
1645016522 individuals_merge_ID0000051 POST_SCRIPT_STARTED 2064.0 condorpool - 63
1645016522 individuals_merge_ID0000051 POST_SCRIPT_TERMINATED 2064.0 condorpool - 63
1645016527 individuals_merge_ID0000051 POST_SCRIPT_SUCCESS 0 condorpool - 63
1645016532 frequency_ID0000060 SUBMIT 2065.0 condorpool - 64
1645016532 frequency_ID0000062 SUBMIT 2066.0 condorpool - 65
1645016532 mutation_overlap_ID0000053 SUBMIT 2067.0 condorpool - 66
1645016532 frequency_ID0000058 SUBMIT 2068.0 condorpool - 67
1645016532 mutation_overlap_ID0000063 SUBMIT 2069.0 condorpool - 68
1645016534 frequency_ID0000062 EXECUTE 2066.0 condorpool - 65
1645016534 frequency_ID0000060 EXECUTE 2065.0 condorpool - 64
1645016537 mutation_overlap_ID0000055 SUBMIT 2070.0 condorpool - 69
1645016537 mutation_overlap_ID0000065 SUBMIT 2071.0 condorpool - 70
1645016537 frequency_ID0000064 SUBMIT 2072.0 condorpool - 71
1645016537 frequency_ID0000054 SUBMIT 2073.0 condorpool - 72
1645016537 frequency_ID0000066 SUBMIT 2074.0 condorpool - 73
1645016542 frequency_ID0000056 SUBMIT 2075.0 condorpool - 74
1645016542 mutation_overlap_ID0000061 SUBMIT 2076.0 condorpool - 75
1645016543 mutation_overlap_ID0000057 SUBMIT 2077.0 condorpool - 76
1645016543 mutation_overlap_ID0000059 SUBMIT 2078.0 condorpool - 77
1645016554 mutation_overlap_ID0000053 EXECUTE 2067.0 condorpool - 66
1645016554 mutation_overlap_ID0000059 EXECUTE 2078.0 condorpool - 77
1645016554 mutation_overlap_ID0000057 EXECUTE 2077.0 condorpool - 76
1645016555 frequency_ID0000058 EXECUTE 2068.0 condorpool - 67
1645016555 frequency_ID0000066 EXECUTE 2074.0 condorpool - 73
1645016555 mutation_overlap_ID0000061 EXECUTE 2076.0 condorpool - 75
1645016555 frequency_ID0000056 EXECUTE 2075.0 condorpool - 74
1645016555 frequency_ID0000054 EXECUTE 2073.0 condorpool - 72
1645016555 mutation_overlap_ID0000065 EXECUTE 2071.0 condorpool - 70
1645016556 frequency_ID0000064 EXECUTE 2072.0 condorpool - 71
1645016556 mutation_overlap_ID0000055 EXECUTE 2070.0 condorpool - 69
1645016556 mutation_overlap_ID0000063 EXECUTE 2069.0 condorpool - 68
1645016756 mutation_overlap_ID0000065 JOB_TERMINATED 2071.0 condorpool - 70
1645016758 mutation_overlap_ID0000065 JOB_SUCCESS 0 condorpool - 70
1645016758 mutation_overlap_ID0000065 POST_SCRIPT_STARTED 2071.0 condorpool - 70
1645016758 mutation_overlap_ID0000065 POST_SCRIPT_TERMINATED 2071.0 condorpool - 70
1645016763 mutation_overlap_ID0000065 POST_SCRIPT_SUCCESS 0 condorpool - 70
1645016759 mutation_overlap_ID0000063 JOB_TERMINATED 2069.0 condorpool - 68
1645016763 mutation_overlap_ID0000063 JOB_SUCCESS 0 condorpool - 68
1645016763 mutation_overlap_ID0000063 POST_SCRIPT_STARTED 2069.0 condorpool - 68
1645016760 mutation_overlap_ID0000059 JOB_TERMINATED 2078.0 condorpool - 77
1645016763 mutation_overlap_ID0000059 JOB_SUCCESS 0 condorpool - 77
1645016763 mutation_overlap_ID0000059 POST_SCRIPT_STARTED 2078.0 condorpool - 77
1645016762 mutation_overlap_ID0000055 JOB_TERMINATED 2070.0 condorpool - 69
1645016763 mutation_overlap_ID0000055 JOB_SUCCESS 0 condorpool - 69
1645016763 mutation_overlap_ID0000055 POST_SCRIPT_STARTED 2070.0 condorpool - 69
1645016762 mutation_overlap_ID0000061 JOB_TERMINATED 2076.0 condorpool - 75
1645016763 mutation_overlap_ID0000061 JOB_SUCCESS 0 condorpool - 75
1645016763 mutation_overlap_ID0000061 POST_SCRIPT_STARTED 2076.0 condorpool - 75
1645016763 mutation_overlap_ID0000063 POST_SCRIPT_TERMINATED 2069.0 condorpool - 68
1645016768 mutation_overlap_ID0000063 POST_SCRIPT_SUCCESS 0 condorpool - 68
1645016763 mutation_overlap_ID0000061 POST_SCRIPT_TERMINATED 2076.0 condorpool - 75
1645016768 mutation_overlap_ID0000061 POST_SCRIPT_SUCCESS 0 condorpool - 75
1645016763 mutation_overlap_ID0000059 POST_SCRIPT_TERMINATED 2078.0 condorpool - 77
1645016768 mutation_overlap_ID0000059 POST_SCRIPT_SUCCESS 0 condorpool - 77
1645016763 mutation_overlap_ID0000055 POST_SCRIPT_TERMINATED 2070.0 condorpool - 69
1645016768 mutation_overlap_ID0000055 POST_SCRIPT_SUCCESS 0 condorpool - 69
1645016767 mutation_overlap_ID0000053 JOB_TERMINATED 2067.0 condorpool - 66
1645016768 mutation_overlap_ID0000053 JOB_SUCCESS 0 condorpool - 66
1645016768 mutation_overlap_ID0000053 POST_SCRIPT_STARTED 2067.0 condorpool - 66
1645016768 mutation_overlap_ID0000053 POST_SCRIPT_TERMINATED 2067.0 condorpool - 66
1645016773 mutation_overlap_ID0000053 POST_SCRIPT_SUCCESS 0 condorpool - 66
1645016829 mutation_overlap_ID0000057 JOB_TERMINATED 2077.0 condorpool - 76
1645016834 mutation_overlap_ID0000057 JOB_SUCCESS 0 condorpool - 76
1645016834 mutation_overlap_ID0000057 POST_SCRIPT_STARTED 2077.0 condorpool - 76
1645016834 mutation_overlap_ID0000057 POST_SCRIPT_TERMINATED 2077.0 condorpool - 76
1645016839 mutation_overlap_ID0000057 POST_SCRIPT_SUCCESS 0 condorpool - 76
1645017320 frequency_ID0000064 JOB_TERMINATED 2072.0 condorpool - 71
1645017324 frequency_ID0000064 JOB_SUCCESS 0 condorpool - 71
1645017324 frequency_ID0000064 POST_SCRIPT_STARTED 2072.0 condorpool - 71
1645017325 frequency_ID0000064 POST_SCRIPT_TERMINATED 2072.0 condorpool - 71
1645017329 frequency_ID0000064 POST_SCRIPT_SUCCESS 0 condorpool - 71
1645017374 frequency_ID0000060 JOB_TERMINATED 2065.0 condorpool - 64
1645017379 frequency_ID0000060 JOB_SUCCESS 0 condorpool - 64
1645017379 frequency_ID0000060 POST_SCRIPT_STARTED 2065.0 condorpool - 64
1645017377 frequency_ID0000066 JOB_TERMINATED 2074.0 condorpool - 73
1645017379 frequency_ID0000066 JOB_SUCCESS 0 condorpool - 73
1645017379 frequency_ID0000066 POST_SCRIPT_STARTED 2074.0 condorpool - 73
1645017379 frequency_ID0000066 POST_SCRIPT_TERMINATED 2074.0 condorpool - 73
1645017384 frequency_ID0000066 POST_SCRIPT_SUCCESS 0 condorpool - 73
1645017379 frequency_ID0000060 POST_SCRIPT_TERMINATED 2065.0 condorpool - 64
1645017384 frequency_ID0000060 POST_SCRIPT_SUCCESS 0 condorpool - 64
1645017444 frequency_ID0000062 JOB_TERMINATED 2066.0 condorpool - 65
1645017444 frequency_ID0000062 JOB_SUCCESS 0 condorpool - 65
1645017444 frequency_ID0000062 POST_SCRIPT_STARTED 2066.0 condorpool - 65
1645017445 frequency_ID0000062 POST_SCRIPT_TERMINATED 2066.0 condorpool - 65
1645017449 frequency_ID0000062 POST_SCRIPT_SUCCESS 0 condorpool - 65
1645017479 frequency_ID0000056 JOB_TERMINATED 2075.0 condorpool - 74
1645017479 frequency_ID0000056 JOB_SUCCESS 0 condorpool - 74
1645017479 frequency_ID0000056 POST_SCRIPT_STARTED 2075.0 condorpool - 74
1645017479 frequency_ID0000056 POST_SCRIPT_TERMINATED 2075.0 condorpool - 74
1645017484 frequency_ID0000056 POST_SCRIPT_SUCCESS 0 condorpool - 74
1645017497 frequency_ID0000058 JOB_TERMINATED 2068.0 condorpool - 67
1645017499 frequency_ID0000058 JOB_SUCCESS 0 condorpool - 67
1645017499 frequency_ID0000058 POST_SCRIPT_STARTED 2068.0 condorpool - 67
1645017500 frequency_ID0000058 POST_SCRIPT_TERMINATED 2068.0 condorpool - 67
1645017504 frequency_ID0000058 POST_SCRIPT_SUCCESS 0 condorpool - 67
1645017509 stage_out_local_local_2_1 SUBMIT 2079.0 local - 78
1645017509 stage_out_local_local_2_1 EXECUTE 2079.0 local - 78
1645017513 stage_out_local_local_2_1 JOB_TERMINATED 2079.0 local - 78
1645017514 stage_out_local_local_2_1 JOB_SUCCESS 0 local - 78
1645017514 stage_out_local_local_2_1 POST_SCRIPT_STARTED 2079.0 local - 78
1645017514 stage_out_local_local_2_1 POST_SCRIPT_TERMINATED 2079.0 local - 78
1645017519 stage_out_local_local_2_1 POST_SCRIPT_SUCCESS 0 local - 78
1645017578 frequency_ID0000054 JOB_TERMINATED 2073.0 condorpool - 72
1645017579 frequency_ID0000054 JOB_SUCCESS 0 condorpool - 72
1645017579 frequency_ID0000054 POST_SCRIPT_STARTED 2073.0 condorpool - 72
1645017579 frequency_ID0000054 POST_SCRIPT_TERMINATED 2073.0 condorpool - 72
1645017584 frequency_ID0000054 POST_SCRIPT_SUCCESS 0 condorpool - 72
1645017589 stage_out_local_local_2_0 SUBMIT 2080.0 local - 79
1645017590 stage_out_local_local_2_0 EXECUTE 2080.0 local - 79
1645017594 stage_out_local_local_2_0 JOB_TERMINATED 2080.0 local - 79
1645017595 stage_out_local_local_2_0 JOB_SUCCESS 0 local - 79
1645017595 stage_out_local_local_2_0 POST_SCRIPT_STARTED 2080.0 local - 79
1645017595 stage_out_local_local_2_0 POST_SCRIPT_TERMINATED 2080.0 local - 79
1645017600 stage_out_local_local_2_0 POST_SCRIPT_SUCCESS 0 local - 79
1645017605 cleanup_1000-genome_0_local SUBMIT 2081.0 local - 80
1645017605 cleanup_1000-genome_0_local EXECUTE 2081.0 local - 80
1645017607 cleanup_1000-genome_0_local JOB_TERMINATED 2081.0 local - 80
1645017610 cleanup_1000-genome_0_local JOB_SUCCESS 0 local - 80
1645017610 cleanup_1000-genome_0_local POST_SCRIPT_STARTED 2081.0 local - 80
1645017610 cleanup_1000-genome_0_local POST_SCRIPT_TERMINATED 2081.0 local - 80
1645017615 cleanup_1000-genome_0_local POST_SCRIPT_SUCCESS 0 local - 80
1645017615 INTERNAL *** DAGMAN_FINISHED 0 ***
1645017617 INTERNAL *** MONITORD_FINISHED 0 ***
