1646512789 INTERNAL *** MONITORD_STARTED ***
1646512787 INTERNAL *** DAGMAN_STARTED 4602.0 ***
1646512791 create_dir_1000-genome_0_local SUBMIT 4603.0 local - 721
1646512793 create_dir_1000-genome_0_local EXECUTE 4603.0 local - 721
1646512795 create_dir_1000-genome_0_local JOB_TERMINATED 4603.0 local - 721
1646512796 create_dir_1000-genome_0_local JOB_SUCCESS 0 local - 721
1646512796 create_dir_1000-genome_0_local POST_SCRIPT_STARTED 4603.0 local - 721
1646512797 create_dir_1000-genome_0_local POST_SCRIPT_TERMINATED 4603.0 local - 721
1646512801 create_dir_1000-genome_0_local POST_SCRIPT_SUCCESS 0 local - 721
1646512806 stage_in_remote_local_2_0 SUBMIT 4604.0 local - 722
1646512806 stage_in_remote_local_2_0 EXECUTE 4604.0 local - 722
1646512806 stage_in_remote_local_1_0 SUBMIT 4605.0 local - 723
1646512806 stage_in_remote_local_0_0 SUBMIT 4606.0 local - 724
1646512806 stage_in_local_local_0_0 SUBMIT 4607.0 local - 725
1646512806 stage_in_local_local_2_0 SUBMIT 4608.0 local - 726
1646512808 stage_in_remote_local_2_0 JOB_TERMINATED 4604.0 local - 722
1646512811 stage_in_remote_local_2_0 JOB_SUCCESS 0 local - 722
1646512811 stage_in_remote_local_2_0 POST_SCRIPT_STARTED 4604.0 local - 722
1646512808 stage_in_local_local_2_0 EXECUTE 4608.0 local - 726
1646512808 stage_in_local_local_0_0 EXECUTE 4607.0 local - 725
1646512808 stage_in_remote_local_0_0 EXECUTE 4606.0 local - 724
1646512808 stage_in_remote_local_1_0 EXECUTE 4605.0 local - 723
1646512810 stage_in_local_local_0_0 JOB_TERMINATED 4607.0 local - 725
1646512811 stage_in_local_local_0_0 JOB_SUCCESS 0 local - 725
1646512811 stage_in_local_local_0_0 POST_SCRIPT_STARTED 4607.0 local - 725
1646512810 stage_in_remote_local_1_0 JOB_TERMINATED 4605.0 local - 723
1646512811 stage_in_remote_local_1_0 JOB_SUCCESS 0 local - 723
1646512811 stage_in_remote_local_1_0 POST_SCRIPT_STARTED 4605.0 local - 723
1646512810 stage_in_remote_local_0_0 JOB_TERMINATED 4606.0 local - 724
1646512811 stage_in_remote_local_0_0 JOB_SUCCESS 0 local - 724
1646512811 stage_in_remote_local_0_0 POST_SCRIPT_STARTED 4606.0 local - 724
1646512811 stage_in_remote_local_0_1 SUBMIT 4609.0 local - 727
1646512811 stage_in_local_local_0_1 SUBMIT 4610.0 local - 728
1646512811 stage_in_local_local_2_1 SUBMIT 4611.0 local - 729
1646512811 stage_in_remote_local_2_1 SUBMIT 4612.0 local - 730
1646512811 stage_in_local_local_0_2 SUBMIT 4613.0 local - 731
1646512811 stage_in_local_local_0_0 POST_SCRIPT_TERMINATED 4607.0 local - 725
1646512816 stage_in_local_local_0_0 POST_SCRIPT_SUCCESS 0 local - 725
1646512811 stage_in_remote_local_2_0 POST_SCRIPT_TERMINATED 4604.0 local - 722
1646512816 stage_in_remote_local_2_0 POST_SCRIPT_SUCCESS 0 local - 722
1646512811 stage_in_remote_local_0_0 POST_SCRIPT_TERMINATED 4606.0 local - 724
1646512816 stage_in_remote_local_0_0 POST_SCRIPT_SUCCESS 0 local - 724
1646512811 stage_in_remote_local_1_0 POST_SCRIPT_TERMINATED 4605.0 local - 723
1646512816 stage_in_remote_local_1_0 POST_SCRIPT_SUCCESS 0 local - 723
1646512812 stage_in_local_local_2_0 JOB_TERMINATED 4608.0 local - 726
1646512816 stage_in_local_local_2_0 JOB_SUCCESS 0 local - 726
1646512816 stage_in_local_local_2_0 POST_SCRIPT_STARTED 4608.0 local - 726
1646512812 stage_in_local_local_0_2 EXECUTE 4613.0 local - 731
1646512812 stage_in_remote_local_2_1 EXECUTE 4612.0 local - 730
1646512812 stage_in_local_local_2_1 EXECUTE 4611.0 local - 729
1646512812 stage_in_local_local_0_1 EXECUTE 4610.0 local - 728
1646512812 stage_in_remote_local_0_1 EXECUTE 4609.0 local - 727
1646512815 stage_in_remote_local_2_1 JOB_TERMINATED 4612.0 local - 730
1646512816 stage_in_remote_local_2_1 JOB_SUCCESS 0 local - 730
1646512816 stage_in_remote_local_2_1 POST_SCRIPT_STARTED 4612.0 local - 730
1646512815 stage_in_local_local_0_2 JOB_TERMINATED 4613.0 local - 731
1646512816 stage_in_local_local_0_2 JOB_SUCCESS 0 local - 731
1646512816 stage_in_local_local_0_2 POST_SCRIPT_STARTED 4613.0 local - 731
1646512815 stage_in_remote_local_0_1 JOB_TERMINATED 4609.0 local - 727
1646512816 stage_in_remote_local_0_1 JOB_SUCCESS 0 local - 727
1646512816 stage_in_remote_local_0_1 POST_SCRIPT_STARTED 4609.0 local - 727
1646512815 stage_in_local_local_0_1 JOB_TERMINATED 4610.0 local - 728
1646512816 stage_in_local_local_0_1 JOB_SUCCESS 0 local - 728
1646512816 stage_in_local_local_0_1 POST_SCRIPT_STARTED 4610.0 local - 728
1646512817 stage_in_local_local_2_1 JOB_TERMINATED 4611.0 local - 729
1646512821 stage_in_local_local_2_1 JOB_SUCCESS 0 local - 729
1646512821 stage_in_local_local_2_1 POST_SCRIPT_STARTED 4611.0 local - 729
1646512817 stage_in_local_local_0_2 POST_SCRIPT_TERMINATED 4613.0 local - 731
1646512821 stage_in_local_local_0_2 POST_SCRIPT_SUCCESS 0 local - 731
1646512817 stage_in_local_local_2_0 POST_SCRIPT_TERMINATED 4608.0 local - 726
1646512821 stage_in_local_local_2_0 POST_SCRIPT_SUCCESS 0 local - 726
1646512817 stage_in_local_local_0_1 POST_SCRIPT_TERMINATED 4610.0 local - 728
1646512821 stage_in_local_local_0_1 POST_SCRIPT_SUCCESS 0 local - 728
1646512817 stage_in_remote_local_2_1 POST_SCRIPT_TERMINATED 4612.0 local - 730
1646512821 stage_in_remote_local_2_1 POST_SCRIPT_SUCCESS 0 local - 730
1646512817 stage_in_remote_local_0_1 POST_SCRIPT_TERMINATED 4609.0 local - 727
1646512821 stage_in_remote_local_0_1 POST_SCRIPT_SUCCESS 0 local - 727
1646512821 stage_in_local_local_2_1 POST_SCRIPT_TERMINATED 4611.0 local - 729
1646512826 stage_in_local_local_2_1 POST_SCRIPT_SUCCESS 0 local - 729
1646512826 individuals_ID0000037 SUBMIT 4614.0 condorpool - 732
1646512826 individuals_ID0000038 SUBMIT 4615.0 condorpool - 733
1646512826 individuals_ID0000039 SUBMIT 4616.0 condorpool - 734
1646512826 individuals_ID0000033 SUBMIT 4617.0 condorpool - 735
1646512826 individuals_ID0000034 SUBMIT 4618.0 condorpool - 736
1646512831 individuals_ID0000034 EXECUTE 4618.0 condorpool - 736
1646512831 individuals_ID0000035 SUBMIT 4619.0 condorpool - 737
1646512831 individuals_ID0000036 SUBMIT 4620.0 condorpool - 738
1646512831 individuals_ID0000030 SUBMIT 4621.0 condorpool - 739
1646512831 individuals_ID0000031 SUBMIT 4622.0 condorpool - 740
1646512831 individuals_ID0000032 SUBMIT 4623.0 condorpool - 741
1646512834 individuals_ID0000038 EXECUTE 4615.0 condorpool - 733
1646512834 individuals_ID0000037 EXECUTE 4614.0 condorpool - 732
1646512834 individuals_ID0000033 EXECUTE 4617.0 condorpool - 735
1646512834 individuals_ID0000039 EXECUTE 4616.0 condorpool - 734
1646512836 individuals_ID0000004 SUBMIT 4624.0 condorpool - 742
1646512836 individuals_ID0000048 SUBMIT 4625.0 condorpool - 743
1646512836 individuals_ID0000005 SUBMIT 4626.0 condorpool - 744
1646512837 individuals_ID0000049 SUBMIT 4627.0 condorpool - 745
1646512837 individuals_ID0000006 SUBMIT 4628.0 condorpool - 746
1646512842 individuals_ID0000007 SUBMIT 4629.0 condorpool - 747
1646512842 individuals_ID0000044 SUBMIT 4630.0 condorpool - 748
1646512842 individuals_ID0000001 SUBMIT 4631.0 condorpool - 749
1646512842 individuals_ID0000045 SUBMIT 4632.0 condorpool - 750
1646512842 individuals_ID0000002 SUBMIT 4633.0 condorpool - 751
1646512847 individuals_ID0000046 SUBMIT 4634.0 condorpool - 752
1646512847 individuals_ID0000003 SUBMIT 4635.0 condorpool - 753
1646512847 individuals_ID0000047 SUBMIT 4636.0 condorpool - 754
1646512847 individuals_ID0000008 SUBMIT 4637.0 condorpool - 755
1646512847 individuals_ID0000009 SUBMIT 4638.0 condorpool - 756
1646512852 individuals_ID0000040 SUBMIT 4639.0 condorpool - 757
1646512852 individuals_ID0000041 SUBMIT 4640.0 condorpool - 758
1646512852 individuals_ID0000004 EXECUTE 4624.0 condorpool - 742
1646512852 individuals_ID0000042 SUBMIT 4641.0 condorpool - 759
1646512852 individuals_ID0000043 SUBMIT 4642.0 condorpool - 760
1646512852 individuals_ID0000015 SUBMIT 4643.0 condorpool - 761
1646512855 individuals_ID0000030 EXECUTE 4621.0 condorpool - 739
1646512856 individuals_ID0000044 EXECUTE 4630.0 condorpool - 748
1646512856 individuals_ID0000031 EXECUTE 4622.0 condorpool - 740
1646512857 individuals_ID0000016 SUBMIT 4644.0 condorpool - 762
1646512857 individuals_ID0000017 SUBMIT 4645.0 condorpool - 763
1646512857 individuals_ID0000018 SUBMIT 4646.0 condorpool - 764
1646512858 individuals_ID0000011 SUBMIT 4647.0 condorpool - 765
1646512858 individuals_ID0000006 EXECUTE 4628.0 condorpool - 746
1646512858 individuals_ID0000012 SUBMIT 4648.0 condorpool - 766
1646512858 individuals_ID0000049 EXECUTE 4627.0 condorpool - 745
1646512862 individuals_ID0000035 EXECUTE 4619.0 condorpool - 737
1646512862 individuals_ID0000036 EXECUTE 4620.0 condorpool - 738
1646512862 individuals_ID0000045 EXECUTE 4632.0 condorpool - 750
1646512863 individuals_ID0000013 SUBMIT 4649.0 condorpool - 767
1646512863 individuals_ID0000014 SUBMIT 4650.0 condorpool - 768
1646512863 individuals_ID0000019 SUBMIT 4651.0 condorpool - 769
1646512863 individuals_ID0000010 SUBMIT 4652.0 condorpool - 770
1646512863 individuals_ID0000050 SUBMIT 4653.0 condorpool - 771
1646512864 individuals_ID0000001 EXECUTE 4631.0 condorpool - 749
1646512864 individuals_ID0000032 EXECUTE 4623.0 condorpool - 741
1646512864 individuals_ID0000005 EXECUTE 4626.0 condorpool - 744
1646512865 individuals_ID0000002 EXECUTE 4633.0 condorpool - 751
1646512865 individuals_ID0000048 EXECUTE 4625.0 condorpool - 743
1646512865 individuals_ID0000007 EXECUTE 4629.0 condorpool - 747
1646512868 individuals_ID0000026 SUBMIT 4654.0 condorpool - 772
1646512868 individuals_ID0000027 SUBMIT 4655.0 condorpool - 773
1646512868 individuals_ID0000028 SUBMIT 4656.0 condorpool - 774
1646512868 individuals_ID0000029 SUBMIT 4657.0 condorpool - 775
1646512868 individuals_ID0000022 SUBMIT 4658.0 condorpool - 776
1646512873 individuals_ID0000023 SUBMIT 4659.0 condorpool - 777
1646512873 individuals_ID0000024 SUBMIT 4660.0 condorpool - 778
1646512873 individuals_ID0000025 SUBMIT 4661.0 condorpool - 779
1646512873 individuals_ID0000020 SUBMIT 4662.0 condorpool - 780
1646512873 individuals_ID0000021 SUBMIT 4663.0 condorpool - 781
1646512878 individuals_ID0000008 EXECUTE 4637.0 condorpool - 755
1646512878 sifting_ID0000052 SUBMIT 4664.0 condorpool - 782
1646512879 individuals_ID0000042 EXECUTE 4641.0 condorpool - 759
1646512879 individuals_ID0000041 EXECUTE 4640.0 condorpool - 758
1646512879 individuals_ID0000017 EXECUTE 4645.0 condorpool - 763
1646512879 individuals_ID0000043 EXECUTE 4642.0 condorpool - 760
1646512879 individuals_ID0000003 EXECUTE 4635.0 condorpool - 753
1646512879 individuals_ID0000046 EXECUTE 4634.0 condorpool - 752
1646512884 individuals_ID0000009 EXECUTE 4638.0 condorpool - 756
1646512884 individuals_ID0000040 EXECUTE 4639.0 condorpool - 757
1646512887 individuals_ID0000015 EXECUTE 4643.0 condorpool - 761
1646512887 individuals_ID0000016 EXECUTE 4644.0 condorpool - 762
1646512888 individuals_ID0000047 EXECUTE 4636.0 condorpool - 754
1646512942 individuals_ID0000001 JOB_TERMINATED 4631.0 condorpool - 749
1646512943 individuals_ID0000001 JOB_SUCCESS 0 condorpool - 749
1646512943 individuals_ID0000001 POST_SCRIPT_STARTED 4631.0 condorpool - 749
1646512944 individuals_ID0000001 POST_SCRIPT_TERMINATED 4631.0 condorpool - 749
1646512948 individuals_ID0000001 POST_SCRIPT_SUCCESS 0 condorpool - 749
1646512945 individuals_ID0000018 EXECUTE 4646.0 condorpool - 764
1646513246 individuals_ID0000002 JOB_TERMINATED 4633.0 condorpool - 751
1646513248 individuals_ID0000002 JOB_SUCCESS 0 condorpool - 751
1646513248 individuals_ID0000002 POST_SCRIPT_STARTED 4633.0 condorpool - 751
1646513248 individuals_ID0000002 POST_SCRIPT_TERMINATED 4633.0 condorpool - 751
1646513253 individuals_ID0000002 POST_SCRIPT_SUCCESS 0 condorpool - 751
1646513251 individuals_ID0000011 EXECUTE 4647.0 condorpool - 765
1646513266 individuals_ID0000031 JOB_TERMINATED 4622.0 condorpool - 740
1646513268 individuals_ID0000031 JOB_SUCCESS 0 condorpool - 740
1646513268 individuals_ID0000031 POST_SCRIPT_STARTED 4622.0 condorpool - 740
1646513268 individuals_ID0000004 JOB_TERMINATED 4624.0 condorpool - 742
1646513268 individuals_ID0000004 JOB_SUCCESS 0 condorpool - 742
1646513268 individuals_ID0000004 POST_SCRIPT_STARTED 4624.0 condorpool - 742
1646513269 individuals_ID0000031 POST_SCRIPT_TERMINATED 4622.0 condorpool - 740
1646513273 individuals_ID0000031 POST_SCRIPT_SUCCESS 0 condorpool - 740
1646513269 individuals_ID0000004 POST_SCRIPT_TERMINATED 4624.0 condorpool - 742
1646513273 individuals_ID0000004 POST_SCRIPT_SUCCESS 0 condorpool - 742
1646513272 individuals_ID0000012 EXECUTE 4648.0 condorpool - 766
1646513276 individuals_ID0000013 EXECUTE 4649.0 condorpool - 767
1646513298 individuals_ID0000048 JOB_TERMINATED 4625.0 condorpool - 743
1646513303 individuals_ID0000048 JOB_SUCCESS 0 condorpool - 743
1646513303 individuals_ID0000048 POST_SCRIPT_STARTED 4625.0 condorpool - 743
1646513300 individuals_ID0000032 JOB_TERMINATED 4623.0 condorpool - 741
1646513303 individuals_ID0000032 JOB_SUCCESS 0 condorpool - 741
1646513303 individuals_ID0000032 POST_SCRIPT_STARTED 4623.0 condorpool - 741
1646513303 individuals_ID0000048 POST_SCRIPT_TERMINATED 4625.0 condorpool - 743
1646513308 individuals_ID0000048 POST_SCRIPT_SUCCESS 0 condorpool - 743
1646513303 individuals_ID0000032 POST_SCRIPT_TERMINATED 4623.0 condorpool - 741
1646513308 individuals_ID0000032 POST_SCRIPT_SUCCESS 0 condorpool - 741
1646513316 individuals_ID0000014 EXECUTE 4650.0 condorpool - 768
1646513323 individuals_ID0000019 EXECUTE 4651.0 condorpool - 769
1646513324 individuals_ID0000042 JOB_TERMINATED 4641.0 condorpool - 759
1646513328 individuals_ID0000042 JOB_SUCCESS 0 condorpool - 759
1646513328 individuals_ID0000042 POST_SCRIPT_STARTED 4641.0 condorpool - 759
1646513325 individuals_ID0000040 JOB_TERMINATED 4639.0 condorpool - 757
1646513328 individuals_ID0000040 JOB_SUCCESS 0 condorpool - 757
1646513328 individuals_ID0000040 POST_SCRIPT_STARTED 4639.0 condorpool - 757
1646513327 individuals_ID0000049 JOB_TERMINATED 4627.0 condorpool - 745
1646513328 individuals_ID0000049 JOB_SUCCESS 0 condorpool - 745
1646513328 individuals_ID0000049 POST_SCRIPT_STARTED 4627.0 condorpool - 745
1646513328 individuals_ID0000007 JOB_TERMINATED 4629.0 condorpool - 747
1646513333 individuals_ID0000007 JOB_SUCCESS 0 condorpool - 747
1646513333 individuals_ID0000007 POST_SCRIPT_STARTED 4629.0 condorpool - 747
1646513329 individuals_ID0000042 POST_SCRIPT_TERMINATED 4641.0 condorpool - 759
1646513333 individuals_ID0000042 POST_SCRIPT_SUCCESS 0 condorpool - 759
1646513329 individuals_ID0000040 POST_SCRIPT_TERMINATED 4639.0 condorpool - 757
1646513333 individuals_ID0000040 POST_SCRIPT_SUCCESS 0 condorpool - 757
1646513329 individuals_ID0000049 POST_SCRIPT_TERMINATED 4627.0 condorpool - 745
1646513333 individuals_ID0000049 POST_SCRIPT_SUCCESS 0 condorpool - 745
1646513333 individuals_ID0000007 POST_SCRIPT_TERMINATED 4629.0 condorpool - 747
1646513338 individuals_ID0000007 POST_SCRIPT_SUCCESS 0 condorpool - 747
1646513333 individuals_ID0000010 EXECUTE 4652.0 condorpool - 770
1646513334 individuals_ID0000050 EXECUTE 4653.0 condorpool - 771
1646513338 individuals_ID0000009 JOB_TERMINATED 4638.0 condorpool - 756
1646513343 individuals_ID0000009 JOB_SUCCESS 0 condorpool - 756
1646513343 individuals_ID0000009 POST_SCRIPT_STARTED 4638.0 condorpool - 756
1646513341 individuals_ID0000026 EXECUTE 4654.0 condorpool - 772
1646513341 individuals_ID0000027 EXECUTE 4655.0 condorpool - 773
1646513343 individuals_ID0000009 POST_SCRIPT_TERMINATED 4638.0 condorpool - 756
1646513348 individuals_ID0000009 POST_SCRIPT_SUCCESS 0 condorpool - 756
1646513344 individuals_ID0000037 JOB_TERMINATED 4614.0 condorpool - 732
1646513348 individuals_ID0000037 JOB_SUCCESS 0 condorpool - 732
1646513348 individuals_ID0000037 POST_SCRIPT_STARTED 4614.0 condorpool - 732
1646513345 individuals_ID0000044 JOB_TERMINATED 4630.0 condorpool - 748
1646513348 individuals_ID0000044 JOB_SUCCESS 0 condorpool - 748
1646513348 individuals_ID0000044 POST_SCRIPT_STARTED 4630.0 condorpool - 748
1646513347 individuals_ID0000028 EXECUTE 4656.0 condorpool - 774
1646513349 individuals_ID0000037 POST_SCRIPT_TERMINATED 4614.0 condorpool - 732
1646513353 individuals_ID0000037 POST_SCRIPT_SUCCESS 0 condorpool - 732
1646513349 individuals_ID0000044 POST_SCRIPT_TERMINATED 4630.0 condorpool - 748
1646513353 individuals_ID0000044 POST_SCRIPT_SUCCESS 0 condorpool - 748
1646513349 individuals_ID0000029 EXECUTE 4657.0 condorpool - 775
1646513351 individuals_ID0000006 JOB_TERMINATED 4628.0 condorpool - 746
1646513353 individuals_ID0000006 JOB_SUCCESS 0 condorpool - 746
1646513353 individuals_ID0000006 POST_SCRIPT_STARTED 4628.0 condorpool - 746
1646513352 individuals_ID0000022 EXECUTE 4658.0 condorpool - 776
1646513353 individuals_ID0000006 POST_SCRIPT_TERMINATED 4628.0 condorpool - 746
1646513358 individuals_ID0000006 POST_SCRIPT_SUCCESS 0 condorpool - 746
1646513357 individuals_ID0000023 EXECUTE 4659.0 condorpool - 777
1646513357 individuals_ID0000041 JOB_TERMINATED 4640.0 condorpool - 758
1646513358 individuals_ID0000041 JOB_SUCCESS 0 condorpool - 758
1646513358 individuals_ID0000041 POST_SCRIPT_STARTED 4640.0 condorpool - 758
1646513358 individuals_ID0000041 POST_SCRIPT_TERMINATED 4640.0 condorpool - 758
1646513363 individuals_ID0000041 POST_SCRIPT_SUCCESS 0 condorpool - 758
1646513362 individuals_ID0000005 JOB_TERMINATED 4626.0 condorpool - 744
1646513363 individuals_ID0000005 JOB_SUCCESS 0 condorpool - 744
1646513363 individuals_ID0000005 POST_SCRIPT_STARTED 4626.0 condorpool - 744
1646513364 individuals_ID0000005 POST_SCRIPT_TERMINATED 4626.0 condorpool - 744
1646513368 individuals_ID0000005 POST_SCRIPT_SUCCESS 0 condorpool - 744
1646513366 individuals_ID0000024 EXECUTE 4660.0 condorpool - 778
1646513370 individuals_ID0000045 JOB_TERMINATED 4632.0 condorpool - 750
1646513373 individuals_ID0000045 JOB_SUCCESS 0 condorpool - 750
1646513373 individuals_ID0000045 POST_SCRIPT_STARTED 4632.0 condorpool - 750
1646513373 individuals_ID0000045 POST_SCRIPT_TERMINATED 4632.0 condorpool - 750
1646513378 individuals_ID0000045 POST_SCRIPT_SUCCESS 0 condorpool - 750
1646513374 individuals_ID0000025 EXECUTE 4661.0 condorpool - 779
1646513381 individuals_ID0000033 JOB_TERMINATED 4617.0 condorpool - 735
1646513383 individuals_ID0000033 JOB_SUCCESS 0 condorpool - 735
1646513383 individuals_ID0000033 POST_SCRIPT_STARTED 4617.0 condorpool - 735
1646513382 individuals_ID0000020 EXECUTE 4662.0 condorpool - 780
1646513384 individuals_ID0000033 POST_SCRIPT_TERMINATED 4617.0 condorpool - 735
1646513388 individuals_ID0000033 POST_SCRIPT_SUCCESS 0 condorpool - 735
1646513391 individuals_ID0000021 EXECUTE 4663.0 condorpool - 781
1646513396 individuals_ID0000039 JOB_TERMINATED 4616.0 condorpool - 734
1646513398 individuals_ID0000039 JOB_SUCCESS 0 condorpool - 734
1646513398 individuals_ID0000039 POST_SCRIPT_STARTED 4616.0 condorpool - 734
1646513398 individuals_ID0000039 POST_SCRIPT_TERMINATED 4616.0 condorpool - 734
1646513403 individuals_ID0000039 POST_SCRIPT_SUCCESS 0 condorpool - 734
1646513400 sifting_ID0000052 EXECUTE 4664.0 condorpool - 782
1646513404 individuals_ID0000034 JOB_TERMINATED 4618.0 condorpool - 736
1646513408 individuals_ID0000034 JOB_SUCCESS 0 condorpool - 736
1646513408 individuals_ID0000034 POST_SCRIPT_STARTED 4618.0 condorpool - 736
1646513404 sifting_ID0000052 JOB_TERMINATED 4664.0 condorpool - 782
1646513408 sifting_ID0000052 JOB_SUCCESS 0 condorpool - 782
1646513408 sifting_ID0000052 POST_SCRIPT_STARTED 4664.0 condorpool - 782
1646513407 individuals_ID0000038 JOB_TERMINATED 4615.0 condorpool - 733
1646513408 individuals_ID0000038 JOB_SUCCESS 0 condorpool - 733
1646513408 individuals_ID0000038 POST_SCRIPT_STARTED 4615.0 condorpool - 733
1646513408 sifting_ID0000052 POST_SCRIPT_TERMINATED 4664.0 condorpool - 782
1646513413 sifting_ID0000052 POST_SCRIPT_SUCCESS 0 condorpool - 782
1646513408 individuals_ID0000034 POST_SCRIPT_TERMINATED 4618.0 condorpool - 736
1646513413 individuals_ID0000034 POST_SCRIPT_SUCCESS 0 condorpool - 736
1646513408 individuals_ID0000038 POST_SCRIPT_TERMINATED 4615.0 condorpool - 733
1646513413 individuals_ID0000038 POST_SCRIPT_SUCCESS 0 condorpool - 733
1646513420 individuals_ID0000015 JOB_TERMINATED 4643.0 condorpool - 761
1646513423 individuals_ID0000015 JOB_SUCCESS 0 condorpool - 761
1646513423 individuals_ID0000015 POST_SCRIPT_STARTED 4643.0 condorpool - 761
1646513424 individuals_ID0000015 POST_SCRIPT_TERMINATED 4643.0 condorpool - 761
1646513428 individuals_ID0000015 POST_SCRIPT_SUCCESS 0 condorpool - 761
1646513425 individuals_ID0000017 JOB_TERMINATED 4645.0 condorpool - 763
1646513428 individuals_ID0000017 JOB_SUCCESS 0 condorpool - 763
1646513428 individuals_ID0000017 POST_SCRIPT_STARTED 4645.0 condorpool - 763
1646513428 individuals_ID0000017 POST_SCRIPT_TERMINATED 4645.0 condorpool - 763
1646513433 individuals_ID0000017 POST_SCRIPT_SUCCESS 0 condorpool - 763
1646513432 individuals_ID0000043 JOB_TERMINATED 4642.0 condorpool - 760
1646513433 individuals_ID0000043 JOB_SUCCESS 0 condorpool - 760
1646513433 individuals_ID0000043 POST_SCRIPT_STARTED 4642.0 condorpool - 760
1646513433 individuals_ID0000043 POST_SCRIPT_TERMINATED 4642.0 condorpool - 760
1646513438 individuals_ID0000043 POST_SCRIPT_SUCCESS 0 condorpool - 760
1646513437 individuals_ID0000016 JOB_TERMINATED 4644.0 condorpool - 762
1646513438 individuals_ID0000016 JOB_SUCCESS 0 condorpool - 762
1646513438 individuals_ID0000016 POST_SCRIPT_STARTED 4644.0 condorpool - 762
1646513439 individuals_ID0000016 POST_SCRIPT_TERMINATED 4644.0 condorpool - 762
1646513443 individuals_ID0000016 POST_SCRIPT_SUCCESS 0 condorpool - 762
1646513440 individuals_ID0000030 JOB_TERMINATED 4621.0 condorpool - 739
1646513443 individuals_ID0000030 JOB_SUCCESS 0 condorpool - 739
1646513443 individuals_ID0000030 POST_SCRIPT_STARTED 4621.0 condorpool - 739
1646513441 individuals_ID0000036 JOB_TERMINATED 4620.0 condorpool - 738
1646513443 individuals_ID0000036 JOB_SUCCESS 0 condorpool - 738
1646513443 individuals_ID0000036 POST_SCRIPT_STARTED 4620.0 condorpool - 738
1646513443 individuals_ID0000030 POST_SCRIPT_TERMINATED 4621.0 condorpool - 739
1646513448 individuals_ID0000030 POST_SCRIPT_SUCCESS 0 condorpool - 739
1646513443 individuals_ID0000036 POST_SCRIPT_TERMINATED 4620.0 condorpool - 738
1646513448 individuals_ID0000036 POST_SCRIPT_SUCCESS 0 condorpool - 738
1646513445 individuals_ID0000035 JOB_TERMINATED 4619.0 condorpool - 737
1646513448 individuals_ID0000035 JOB_SUCCESS 0 condorpool - 737
1646513448 individuals_ID0000035 POST_SCRIPT_STARTED 4619.0 condorpool - 737
1646513448 individuals_ID0000035 POST_SCRIPT_TERMINATED 4619.0 condorpool - 737
1646513453 individuals_ID0000035 POST_SCRIPT_SUCCESS 0 condorpool - 737
1646513456 individuals_ID0000018 JOB_TERMINATED 4646.0 condorpool - 764
1646513458 individuals_ID0000018 JOB_SUCCESS 0 condorpool - 764
1646513458 individuals_ID0000018 POST_SCRIPT_STARTED 4646.0 condorpool - 764
1646513459 individuals_ID0000018 POST_SCRIPT_TERMINATED 4646.0 condorpool - 764
1646513463 individuals_ID0000018 POST_SCRIPT_SUCCESS 0 condorpool - 764
1646513480 individuals_ID0000046 JOB_TERMINATED 4634.0 condorpool - 752
1646513483 individuals_ID0000046 JOB_SUCCESS 0 condorpool - 752
1646513483 individuals_ID0000046 POST_SCRIPT_STARTED 4634.0 condorpool - 752
1646513482 individuals_ID0000008 JOB_TERMINATED 4637.0 condorpool - 755
1646513483 individuals_ID0000008 JOB_SUCCESS 0 condorpool - 755
1646513483 individuals_ID0000008 POST_SCRIPT_STARTED 4637.0 condorpool - 755
1646513483 individuals_ID0000046 POST_SCRIPT_TERMINATED 4634.0 condorpool - 752
1646513488 individuals_ID0000046 POST_SCRIPT_SUCCESS 0 condorpool - 752
1646513483 individuals_ID0000008 POST_SCRIPT_TERMINATED 4637.0 condorpool - 755
1646513488 individuals_ID0000008 POST_SCRIPT_SUCCESS 0 condorpool - 755
1646513485 individuals_ID0000047 JOB_TERMINATED 4636.0 condorpool - 754
1646513488 individuals_ID0000047 JOB_SUCCESS 0 condorpool - 754
1646513488 individuals_ID0000047 POST_SCRIPT_STARTED 4636.0 condorpool - 754
1646513486 individuals_ID0000003 JOB_TERMINATED 4635.0 condorpool - 753
1646513488 individuals_ID0000003 JOB_SUCCESS 0 condorpool - 753
1646513488 individuals_ID0000003 POST_SCRIPT_STARTED 4635.0 condorpool - 753
1646513489 individuals_ID0000003 POST_SCRIPT_TERMINATED 4635.0 condorpool - 753
1646513493 individuals_ID0000003 POST_SCRIPT_SUCCESS 0 condorpool - 753
1646513489 individuals_ID0000047 POST_SCRIPT_TERMINATED 4636.0 condorpool - 754
1646513493 individuals_ID0000047 POST_SCRIPT_SUCCESS 0 condorpool - 754
1646513681 individuals_ID0000011 JOB_TERMINATED 4647.0 condorpool - 765
1646513683 individuals_ID0000011 JOB_SUCCESS 0 condorpool - 765
1646513683 individuals_ID0000011 POST_SCRIPT_STARTED 4647.0 condorpool - 765
1646513683 individuals_ID0000011 POST_SCRIPT_TERMINATED 4647.0 condorpool - 765
1646513688 individuals_ID0000011 POST_SCRIPT_SUCCESS 0 condorpool - 765
1646513708 individuals_ID0000012 JOB_TERMINATED 4648.0 condorpool - 766
1646513708 individuals_ID0000012 JOB_SUCCESS 0 condorpool - 766
1646513708 individuals_ID0000012 POST_SCRIPT_STARTED 4648.0 condorpool - 766
1646513708 individuals_ID0000012 POST_SCRIPT_TERMINATED 4648.0 condorpool - 766
1646513713 individuals_ID0000012 POST_SCRIPT_SUCCESS 0 condorpool - 766
1646513720 individuals_ID0000013 JOB_TERMINATED 4649.0 condorpool - 767
1646513723 individuals_ID0000013 JOB_SUCCESS 0 condorpool - 767
1646513723 individuals_ID0000013 POST_SCRIPT_STARTED 4649.0 condorpool - 767
1646513724 individuals_ID0000013 POST_SCRIPT_TERMINATED 4649.0 condorpool - 767
1646513728 individuals_ID0000013 POST_SCRIPT_SUCCESS 0 condorpool - 767
1646513739 individuals_ID0000019 JOB_TERMINATED 4651.0 condorpool - 769
1646513743 individuals_ID0000019 JOB_SUCCESS 0 condorpool - 769
1646513743 individuals_ID0000019 POST_SCRIPT_STARTED 4651.0 condorpool - 769
1646513740 individuals_ID0000014 JOB_TERMINATED 4650.0 condorpool - 768
1646513743 individuals_ID0000014 JOB_SUCCESS 0 condorpool - 768
1646513743 individuals_ID0000014 POST_SCRIPT_STARTED 4650.0 condorpool - 768
1646513743 individuals_ID0000014 POST_SCRIPT_TERMINATED 4650.0 condorpool - 768
1646513748 individuals_ID0000014 POST_SCRIPT_SUCCESS 0 condorpool - 768
1646513743 individuals_ID0000019 POST_SCRIPT_TERMINATED 4651.0 condorpool - 769
1646513748 individuals_ID0000019 POST_SCRIPT_SUCCESS 0 condorpool - 769
1646513754 individuals_ID0000029 JOB_TERMINATED 4657.0 condorpool - 775
1646513758 individuals_ID0000029 JOB_SUCCESS 0 condorpool - 775
1646513758 individuals_ID0000029 POST_SCRIPT_STARTED 4657.0 condorpool - 775
1646513759 individuals_ID0000029 POST_SCRIPT_TERMINATED 4657.0 condorpool - 775
1646513763 individuals_ID0000029 POST_SCRIPT_SUCCESS 0 condorpool - 775
1646513764 individuals_ID0000022 JOB_TERMINATED 4658.0 condorpool - 776
1646513768 individuals_ID0000022 JOB_SUCCESS 0 condorpool - 776
1646513768 individuals_ID0000022 POST_SCRIPT_STARTED 4658.0 condorpool - 776
1646513768 individuals_ID0000022 POST_SCRIPT_TERMINATED 4658.0 condorpool - 776
1646513773 individuals_ID0000022 POST_SCRIPT_SUCCESS 0 condorpool - 776
1646513781 individuals_ID0000028 JOB_TERMINATED 4656.0 condorpool - 774
1646513783 individuals_ID0000028 JOB_SUCCESS 0 condorpool - 774
1646513783 individuals_ID0000028 POST_SCRIPT_STARTED 4656.0 condorpool - 774
1646513783 individuals_ID0000028 POST_SCRIPT_TERMINATED 4656.0 condorpool - 774
1646513788 individuals_ID0000028 POST_SCRIPT_SUCCESS 0 condorpool - 774
1646513785 individuals_ID0000024 JOB_TERMINATED 4660.0 condorpool - 778
1646513788 individuals_ID0000024 JOB_SUCCESS 0 condorpool - 778
1646513788 individuals_ID0000024 POST_SCRIPT_STARTED 4660.0 condorpool - 778
1646513785 individuals_ID0000026 JOB_TERMINATED 4654.0 condorpool - 772
1646513788 individuals_ID0000026 JOB_SUCCESS 0 condorpool - 772
1646513788 individuals_ID0000026 POST_SCRIPT_STARTED 4654.0 condorpool - 772
1646513785 individuals_ID0000010 JOB_TERMINATED 4652.0 condorpool - 770
1646513788 individuals_ID0000010 JOB_SUCCESS 0 condorpool - 770
1646513788 individuals_ID0000010 POST_SCRIPT_STARTED 4652.0 condorpool - 770
1646513786 individuals_ID0000021 JOB_TERMINATED 4663.0 condorpool - 781
1646513788 individuals_ID0000021 JOB_SUCCESS 0 condorpool - 781
1646513788 individuals_ID0000021 POST_SCRIPT_STARTED 4663.0 condorpool - 781
1646513787 individuals_ID0000050 JOB_TERMINATED 4653.0 condorpool - 771
1646513788 individuals_ID0000050 JOB_SUCCESS 0 condorpool - 771
1646513788 individuals_ID0000050 POST_SCRIPT_STARTED 4653.0 condorpool - 771
1646513789 individuals_ID0000026 POST_SCRIPT_TERMINATED 4654.0 condorpool - 772
1646513793 individuals_ID0000026 POST_SCRIPT_SUCCESS 0 condorpool - 772
1646513789 individuals_ID0000024 POST_SCRIPT_TERMINATED 4660.0 condorpool - 778
1646513793 individuals_ID0000024 POST_SCRIPT_SUCCESS 0 condorpool - 778
1646513789 individuals_ID0000010 POST_SCRIPT_TERMINATED 4652.0 condorpool - 770
1646513793 individuals_ID0000010 POST_SCRIPT_SUCCESS 0 condorpool - 770
1646513789 individuals_ID0000021 POST_SCRIPT_TERMINATED 4663.0 condorpool - 781
1646513793 individuals_ID0000021 POST_SCRIPT_SUCCESS 0 condorpool - 781
1646513789 individuals_ID0000050 POST_SCRIPT_TERMINATED 4653.0 condorpool - 771
1646513793 individuals_ID0000050 POST_SCRIPT_SUCCESS 0 condorpool - 771
1646513798 individuals_ID0000027 JOB_TERMINATED 4655.0 condorpool - 773
1646513803 individuals_ID0000027 JOB_SUCCESS 0 condorpool - 773
1646513803 individuals_ID0000027 POST_SCRIPT_STARTED 4655.0 condorpool - 773
1646513803 individuals_ID0000027 POST_SCRIPT_TERMINATED 4655.0 condorpool - 773
1646513808 individuals_ID0000027 POST_SCRIPT_SUCCESS 0 condorpool - 773
1646513807 individuals_ID0000020 JOB_TERMINATED 4662.0 condorpool - 780
1646513808 individuals_ID0000020 JOB_SUCCESS 0 condorpool - 780
1646513808 individuals_ID0000020 POST_SCRIPT_STARTED 4662.0 condorpool - 780
1646513809 individuals_ID0000020 POST_SCRIPT_TERMINATED 4662.0 condorpool - 780
1646513813 individuals_ID0000020 POST_SCRIPT_SUCCESS 0 condorpool - 780
1646513812 individuals_ID0000023 JOB_TERMINATED 4659.0 condorpool - 777
1646513813 individuals_ID0000023 JOB_SUCCESS 0 condorpool - 777
1646513813 individuals_ID0000023 POST_SCRIPT_STARTED 4659.0 condorpool - 777
1646513813 individuals_ID0000023 POST_SCRIPT_TERMINATED 4659.0 condorpool - 777
1646513818 individuals_ID0000023 POST_SCRIPT_SUCCESS 0 condorpool - 777
1646513820 individuals_ID0000025 JOB_TERMINATED 4661.0 condorpool - 779
1646513823 individuals_ID0000025 JOB_SUCCESS 0 condorpool - 779
1646513823 individuals_ID0000025 POST_SCRIPT_STARTED 4661.0 condorpool - 779
1646513823 individuals_ID0000025 POST_SCRIPT_TERMINATED 4661.0 condorpool - 779
1646513828 individuals_ID0000025 POST_SCRIPT_SUCCESS 0 condorpool - 779
1646513833 individuals_merge_ID0000051 SUBMIT 4665.0 condorpool - 783
1646513838 individuals_merge_ID0000051 EXECUTE 4665.0 condorpool - 783
1646517857 individuals_merge_ID0000051 JOB_TERMINATED 4665.0 condorpool - 783
1646517862 individuals_merge_ID0000051 JOB_SUCCESS 0 condorpool - 783
1646517862 individuals_merge_ID0000051 POST_SCRIPT_STARTED 4665.0 condorpool - 783
1646517862 individuals_merge_ID0000051 POST_SCRIPT_TERMINATED 4665.0 condorpool - 783
1646517867 individuals_merge_ID0000051 POST_SCRIPT_SUCCESS 0 condorpool - 783
1646517872 frequency_ID0000060 SUBMIT 4666.0 condorpool - 784
1646517872 frequency_ID0000062 SUBMIT 4667.0 condorpool - 785
1646517872 mutation_overlap_ID0000053 SUBMIT 4668.0 condorpool - 786
1646517872 mutation_overlap_ID0000063 SUBMIT 4669.0 condorpool - 787
1646517872 frequency_ID0000058 SUBMIT 4670.0 condorpool - 788
1646517877 mutation_overlap_ID0000055 SUBMIT 4671.0 condorpool - 789
1646517877 mutation_overlap_ID0000065 SUBMIT 4672.0 condorpool - 790
1646517877 frequency_ID0000064 SUBMIT 4673.0 condorpool - 791
1646517878 frequency_ID0000054 SUBMIT 4674.0 condorpool - 792
1646517878 frequency_ID0000066 SUBMIT 4675.0 condorpool - 793
1646517880 frequency_ID0000054 EXECUTE 4674.0 condorpool - 792
1646517880 frequency_ID0000066 EXECUTE 4675.0 condorpool - 793
1646517880 mutation_overlap_ID0000065 EXECUTE 4672.0 condorpool - 790
1646517880 frequency_ID0000064 EXECUTE 4673.0 condorpool - 791
1646517880 frequency_ID0000062 EXECUTE 4667.0 condorpool - 785
1646517880 frequency_ID0000060 EXECUTE 4666.0 condorpool - 784
1646517880 mutation_overlap_ID0000053 EXECUTE 4668.0 condorpool - 786
1646517880 mutation_overlap_ID0000055 EXECUTE 4671.0 condorpool - 789
1646517880 frequency_ID0000058 EXECUTE 4670.0 condorpool - 788
1646517880 mutation_overlap_ID0000063 EXECUTE 4669.0 condorpool - 787
1646517883 mutation_overlap_ID0000061 SUBMIT 4676.0 condorpool - 794
1646517883 frequency_ID0000056 SUBMIT 4677.0 condorpool - 795
1646517883 mutation_overlap_ID0000057 SUBMIT 4678.0 condorpool - 796
1646517883 mutation_overlap_ID0000059 SUBMIT 4679.0 condorpool - 797
1646517900 mutation_overlap_ID0000061 EXECUTE 4676.0 condorpool - 794
1646517900 frequency_ID0000056 EXECUTE 4677.0 condorpool - 795
1646517901 mutation_overlap_ID0000057 EXECUTE 4678.0 condorpool - 796
1646517901 mutation_overlap_ID0000059 EXECUTE 4679.0 condorpool - 797
1646518075 mutation_overlap_ID0000063 JOB_TERMINATED 4669.0 condorpool - 787
1646518078 mutation_overlap_ID0000063 JOB_SUCCESS 0 condorpool - 787
1646518078 mutation_overlap_ID0000063 POST_SCRIPT_STARTED 4669.0 condorpool - 787
1646518077 mutation_overlap_ID0000065 JOB_TERMINATED 4672.0 condorpool - 790
1646518078 mutation_overlap_ID0000065 JOB_SUCCESS 0 condorpool - 790
1646518078 mutation_overlap_ID0000065 POST_SCRIPT_STARTED 4672.0 condorpool - 790
1646518078 mutation_overlap_ID0000055 JOB_TERMINATED 4671.0 condorpool - 789
1646518083 mutation_overlap_ID0000055 JOB_SUCCESS 0 condorpool - 789
1646518083 mutation_overlap_ID0000055 POST_SCRIPT_STARTED 4671.0 condorpool - 789
1646518078 mutation_overlap_ID0000063 POST_SCRIPT_TERMINATED 4669.0 condorpool - 787
1646518083 mutation_overlap_ID0000063 POST_SCRIPT_SUCCESS 0 condorpool - 787
1646518078 mutation_overlap_ID0000065 POST_SCRIPT_TERMINATED 4672.0 condorpool - 790
1646518083 mutation_overlap_ID0000065 POST_SCRIPT_SUCCESS 0 condorpool - 790
1646518083 mutation_overlap_ID0000055 POST_SCRIPT_TERMINATED 4671.0 condorpool - 789
1646518088 mutation_overlap_ID0000055 POST_SCRIPT_SUCCESS 0 condorpool - 789
1646518092 mutation_overlap_ID0000053 JOB_TERMINATED 4668.0 condorpool - 786
1646518093 mutation_overlap_ID0000053 JOB_SUCCESS 0 condorpool - 786
1646518093 mutation_overlap_ID0000053 POST_SCRIPT_STARTED 4668.0 condorpool - 786
1646518094 mutation_overlap_ID0000053 POST_SCRIPT_TERMINATED 4668.0 condorpool - 786
1646518098 mutation_overlap_ID0000053 POST_SCRIPT_SUCCESS 0 condorpool - 786
1646518108 mutation_overlap_ID0000059 JOB_TERMINATED 4679.0 condorpool - 797
1646518113 mutation_overlap_ID0000059 JOB_SUCCESS 0 condorpool - 797
1646518113 mutation_overlap_ID0000059 POST_SCRIPT_STARTED 4679.0 condorpool - 797
1646518108 mutation_overlap_ID0000061 JOB_TERMINATED 4676.0 condorpool - 794
1646518113 mutation_overlap_ID0000061 JOB_SUCCESS 0 condorpool - 794
1646518113 mutation_overlap_ID0000061 POST_SCRIPT_STARTED 4676.0 condorpool - 794
1646518113 mutation_overlap_ID0000059 POST_SCRIPT_TERMINATED 4679.0 condorpool - 797
1646518118 mutation_overlap_ID0000059 POST_SCRIPT_SUCCESS 0 condorpool - 797
1646518113 mutation_overlap_ID0000061 POST_SCRIPT_TERMINATED 4676.0 condorpool - 794
1646518118 mutation_overlap_ID0000061 POST_SCRIPT_SUCCESS 0 condorpool - 794
1646518176 mutation_overlap_ID0000057 JOB_TERMINATED 4678.0 condorpool - 796
1646518178 mutation_overlap_ID0000057 JOB_SUCCESS 0 condorpool - 796
1646518178 mutation_overlap_ID0000057 POST_SCRIPT_STARTED 4678.0 condorpool - 796
1646518178 mutation_overlap_ID0000057 POST_SCRIPT_TERMINATED 4678.0 condorpool - 796
1646518183 mutation_overlap_ID0000057 POST_SCRIPT_SUCCESS 0 condorpool - 796
1646518520 frequency_ID0000060 JOB_TERMINATED 4666.0 condorpool - 784
1646518523 frequency_ID0000060 JOB_SUCCESS 0 condorpool - 784
1646518523 frequency_ID0000060 POST_SCRIPT_STARTED 4666.0 condorpool - 784
1646518524 frequency_ID0000060 POST_SCRIPT_TERMINATED 4666.0 condorpool - 784
1646518528 frequency_ID0000060 POST_SCRIPT_SUCCESS 0 condorpool - 784
1646518527 frequency_ID0000064 JOB_TERMINATED 4673.0 condorpool - 791
1646518528 frequency_ID0000064 JOB_SUCCESS 0 condorpool - 791
1646518528 frequency_ID0000064 POST_SCRIPT_STARTED 4673.0 condorpool - 791
1646518528 frequency_ID0000062 JOB_TERMINATED 4667.0 condorpool - 785
1646518533 frequency_ID0000062 JOB_SUCCESS 0 condorpool - 785
1646518533 frequency_ID0000062 POST_SCRIPT_STARTED 4667.0 condorpool - 785
1646518528 frequency_ID0000064 POST_SCRIPT_TERMINATED 4673.0 condorpool - 791
1646518533 frequency_ID0000064 POST_SCRIPT_SUCCESS 0 condorpool - 791
1646518534 frequency_ID0000062 POST_SCRIPT_TERMINATED 4667.0 condorpool - 785
1646518538 frequency_ID0000062 POST_SCRIPT_SUCCESS 0 condorpool - 785
1646518535 frequency_ID0000058 JOB_TERMINATED 4670.0 condorpool - 788
1646518538 frequency_ID0000058 JOB_SUCCESS 0 condorpool - 788
1646518538 frequency_ID0000058 POST_SCRIPT_STARTED 4670.0 condorpool - 788
1646518538 frequency_ID0000058 POST_SCRIPT_TERMINATED 4670.0 condorpool - 788
1646518543 frequency_ID0000058 POST_SCRIPT_SUCCESS 0 condorpool - 788
1646518562 frequency_ID0000066 JOB_TERMINATED 4675.0 condorpool - 793
1646518563 frequency_ID0000066 JOB_SUCCESS 0 condorpool - 793
1646518563 frequency_ID0000066 POST_SCRIPT_STARTED 4675.0 condorpool - 793
1646518564 frequency_ID0000066 POST_SCRIPT_TERMINATED 4675.0 condorpool - 793
1646518568 frequency_ID0000066 POST_SCRIPT_SUCCESS 0 condorpool - 793
1646518585 frequency_ID0000054 JOB_TERMINATED 4674.0 condorpool - 792
1646518588 frequency_ID0000054 JOB_SUCCESS 0 condorpool - 792
1646518588 frequency_ID0000054 POST_SCRIPT_STARTED 4674.0 condorpool - 792
1646518588 frequency_ID0000054 POST_SCRIPT_TERMINATED 4674.0 condorpool - 792
1646518593 frequency_ID0000054 POST_SCRIPT_SUCCESS 0 condorpool - 792
1646518598 stage_out_local_local_2_0 SUBMIT 4680.0 local - 798
1646518598 stage_out_local_local_2_0 EXECUTE 4680.0 local - 798
1646518603 stage_out_local_local_2_0 JOB_TERMINATED 4680.0 local - 798
1646518603 stage_out_local_local_2_0 JOB_SUCCESS 0 local - 798
1646518603 stage_out_local_local_2_0 POST_SCRIPT_STARTED 4680.0 local - 798
1646518603 stage_out_local_local_2_0 POST_SCRIPT_TERMINATED 4680.0 local - 798
1646518608 stage_out_local_local_2_0 POST_SCRIPT_SUCCESS 0 local - 798
1646518616 frequency_ID0000056 JOB_TERMINATED 4677.0 condorpool - 795
1646518618 frequency_ID0000056 JOB_SUCCESS 0 condorpool - 795
1646518618 frequency_ID0000056 POST_SCRIPT_STARTED 4677.0 condorpool - 795
1646518618 frequency_ID0000056 POST_SCRIPT_TERMINATED 4677.0 condorpool - 795
1646518623 frequency_ID0000056 POST_SCRIPT_SUCCESS 0 condorpool - 795
1646518628 stage_out_local_local_2_1 SUBMIT 4681.0 local - 799
1646518628 stage_out_local_local_2_1 EXECUTE 4681.0 local - 799
1646518632 stage_out_local_local_2_1 JOB_TERMINATED 4681.0 local - 799
1646518633 stage_out_local_local_2_1 JOB_SUCCESS 0 local - 799
1646518633 stage_out_local_local_2_1 POST_SCRIPT_STARTED 4681.0 local - 799
1646518633 stage_out_local_local_2_1 POST_SCRIPT_TERMINATED 4681.0 local - 799
1646518638 stage_out_local_local_2_1 POST_SCRIPT_SUCCESS 0 local - 799
1646518643 cleanup_1000-genome_0_local SUBMIT 4682.0 local - 800
1646518643 cleanup_1000-genome_0_local EXECUTE 4682.0 local - 800
1646518646 cleanup_1000-genome_0_local JOB_TERMINATED 4682.0 local - 800
1646518648 cleanup_1000-genome_0_local JOB_SUCCESS 0 local - 800
1646518648 cleanup_1000-genome_0_local POST_SCRIPT_STARTED 4682.0 local - 800
1646518649 cleanup_1000-genome_0_local POST_SCRIPT_TERMINATED 4682.0 local - 800
1646518653 cleanup_1000-genome_0_local POST_SCRIPT_SUCCESS 0 local - 800
1646518653 INTERNAL *** DAGMAN_FINISHED 0 ***
1646518655 INTERNAL *** MONITORD_FINISHED 0 ***
