1646369624 INTERNAL *** MONITORD_STARTED ***
1646369623 INTERNAL *** DAGMAN_STARTED 3873.0 ***
1646369627 create_dir_1000-genome_0_local SUBMIT 3874.0 local - 1
1646369628 create_dir_1000-genome_0_local EXECUTE 3874.0 local - 1
1646369630 create_dir_1000-genome_0_local JOB_TERMINATED 3874.0 local - 1
1646369632 create_dir_1000-genome_0_local JOB_SUCCESS 0 local - 1
1646369632 create_dir_1000-genome_0_local POST_SCRIPT_STARTED 3874.0 local - 1
1646369632 create_dir_1000-genome_0_local POST_SCRIPT_TERMINATED 3874.0 local - 1
1646369637 create_dir_1000-genome_0_local POST_SCRIPT_SUCCESS 0 local - 1
1646369642 stage_in_remote_local_2_0 SUBMIT 3875.0 local - 2
1646369642 stage_in_remote_local_1_0 SUBMIT 3876.0 local - 3
1646369642 stage_in_remote_local_2_0 EXECUTE 3875.0 local - 2
1646369642 stage_in_remote_local_0_0 SUBMIT 3877.0 local - 4
1646369642 stage_in_local_local_0_0 SUBMIT 3878.0 local - 5
1646369642 stage_in_local_local_2_0 SUBMIT 3879.0 local - 6
1646369644 stage_in_remote_local_2_0 JOB_TERMINATED 3875.0 local - 2
1646369647 stage_in_remote_local_2_0 JOB_SUCCESS 0 local - 2
1646369647 stage_in_remote_local_2_0 POST_SCRIPT_STARTED 3875.0 local - 2
1646369644 stage_in_local_local_2_0 EXECUTE 3879.0 local - 6
1646369644 stage_in_local_local_0_0 EXECUTE 3878.0 local - 5
1646369644 stage_in_remote_local_0_0 EXECUTE 3877.0 local - 4
1646369644 stage_in_remote_local_1_0 EXECUTE 3876.0 local - 3
1646369647 stage_in_remote_local_1_0 JOB_TERMINATED 3876.0 local - 3
1646369647 stage_in_remote_local_1_0 JOB_SUCCESS 0 local - 3
1646369647 stage_in_remote_local_1_0 POST_SCRIPT_STARTED 3876.0 local - 3
1646369647 stage_in_local_local_0_0 JOB_TERMINATED 3878.0 local - 5
1646369647 stage_in_local_local_0_0 JOB_SUCCESS 0 local - 5
1646369647 stage_in_local_local_0_0 POST_SCRIPT_STARTED 3878.0 local - 5
1646369647 stage_in_remote_local_0_0 JOB_TERMINATED 3877.0 local - 4
1646369647 stage_in_remote_local_0_0 JOB_SUCCESS 0 local - 4
1646369647 stage_in_remote_local_0_0 POST_SCRIPT_STARTED 3877.0 local - 4
1646369647 stage_in_remote_local_0_1 SUBMIT 3880.0 local - 7
1646369647 stage_in_remote_local_0_1 EXECUTE 3880.0 local - 7
1646369647 stage_in_local_local_0_1 SUBMIT 3881.0 local - 8
1646369647 stage_in_local_local_0_1 EXECUTE 3881.0 local - 8
1646369647 stage_in_local_local_2_1 SUBMIT 3882.0 local - 9
1646369647 stage_in_remote_local_2_1 SUBMIT 3883.0 local - 10
1646369647 stage_in_local_local_2_1 EXECUTE 3882.0 local - 9
1646369647 stage_in_local_local_0_2 SUBMIT 3884.0 local - 11
1646369648 stage_in_local_local_0_0 POST_SCRIPT_TERMINATED 3878.0 local - 5
1646369652 stage_in_local_local_0_0 POST_SCRIPT_SUCCESS 0 local - 5
1646369648 stage_in_remote_local_1_0 POST_SCRIPT_TERMINATED 3876.0 local - 3
1646369652 stage_in_remote_local_1_0 POST_SCRIPT_SUCCESS 0 local - 3
1646369648 stage_in_remote_local_0_0 POST_SCRIPT_TERMINATED 3877.0 local - 4
1646369652 stage_in_remote_local_0_0 POST_SCRIPT_SUCCESS 0 local - 4
1646369648 stage_in_remote_local_2_0 POST_SCRIPT_TERMINATED 3875.0 local - 2
1646369652 stage_in_remote_local_2_0 POST_SCRIPT_SUCCESS 0 local - 2
1646369649 stage_in_local_local_2_0 JOB_TERMINATED 3879.0 local - 6
1646369652 stage_in_local_local_2_0 JOB_SUCCESS 0 local - 6
1646369652 stage_in_local_local_2_0 POST_SCRIPT_STARTED 3879.0 local - 6
1646369649 stage_in_local_local_0_2 EXECUTE 3884.0 local - 11
1646369649 stage_in_remote_local_2_1 EXECUTE 3883.0 local - 10
1646369649 stage_in_remote_local_0_1 JOB_TERMINATED 3880.0 local - 7
1646369652 stage_in_remote_local_0_1 JOB_SUCCESS 0 local - 7
1646369652 stage_in_remote_local_0_1 POST_SCRIPT_STARTED 3880.0 local - 7
1646369650 stage_in_local_local_0_1 JOB_TERMINATED 3881.0 local - 8
1646369652 stage_in_local_local_0_1 JOB_SUCCESS 0 local - 8
1646369652 stage_in_local_local_0_1 POST_SCRIPT_STARTED 3881.0 local - 8
1646369651 stage_in_remote_local_2_1 JOB_TERMINATED 3883.0 local - 10
1646369652 stage_in_remote_local_2_1 JOB_SUCCESS 0 local - 10
1646369652 stage_in_remote_local_2_1 POST_SCRIPT_STARTED 3883.0 local - 10
1646369651 stage_in_local_local_0_2 JOB_TERMINATED 3884.0 local - 11
1646369652 stage_in_local_local_0_2 JOB_SUCCESS 0 local - 11
1646369652 stage_in_local_local_0_2 POST_SCRIPT_STARTED 3884.0 local - 11
1646369652 stage_in_local_local_2_1 JOB_TERMINATED 3882.0 local - 9
1646369652 stage_in_local_local_2_1 JOB_SUCCESS 0 local - 9
1646369652 stage_in_local_local_2_1 POST_SCRIPT_STARTED 3882.0 local - 9
1646369652 stage_in_local_local_0_1 POST_SCRIPT_TERMINATED 3881.0 local - 8
1646369657 stage_in_local_local_0_1 POST_SCRIPT_SUCCESS 0 local - 8
1646369652 stage_in_remote_local_0_1 POST_SCRIPT_TERMINATED 3880.0 local - 7
1646369657 stage_in_remote_local_0_1 POST_SCRIPT_SUCCESS 0 local - 7
1646369652 stage_in_local_local_2_1 POST_SCRIPT_TERMINATED 3882.0 local - 9
1646369657 stage_in_local_local_2_1 POST_SCRIPT_SUCCESS 0 local - 9
1646369652 stage_in_remote_local_2_1 POST_SCRIPT_TERMINATED 3883.0 local - 10
1646369657 stage_in_remote_local_2_1 POST_SCRIPT_SUCCESS 0 local - 10
1646369652 stage_in_local_local_0_2 POST_SCRIPT_TERMINATED 3884.0 local - 11
1646369657 stage_in_local_local_0_2 POST_SCRIPT_SUCCESS 0 local - 11
1646369652 stage_in_local_local_2_0 POST_SCRIPT_TERMINATED 3879.0 local - 6
1646369657 stage_in_local_local_2_0 POST_SCRIPT_SUCCESS 0 local - 6
1646369662 individuals_ID0000037 SUBMIT 3885.0 condorpool - 12
1646369662 individuals_ID0000038 SUBMIT 3886.0 condorpool - 13
1646369662 individuals_ID0000039 SUBMIT 3887.0 condorpool - 14
1646369662 individuals_ID0000033 SUBMIT 3888.0 condorpool - 15
1646369662 individuals_ID0000034 SUBMIT 3889.0 condorpool - 16
1646369667 individuals_ID0000035 SUBMIT 3890.0 condorpool - 17
1646369667 individuals_ID0000036 SUBMIT 3891.0 condorpool - 18
1646369667 individuals_ID0000030 SUBMIT 3892.0 condorpool - 19
1646369667 individuals_ID0000031 SUBMIT 3893.0 condorpool - 20
1646369667 individuals_ID0000032 SUBMIT 3894.0 condorpool - 21
1646369668 individuals_ID0000034 EXECUTE 3889.0 condorpool - 16
1646369669 individuals_ID0000038 EXECUTE 3886.0 condorpool - 13
1646369669 individuals_ID0000037 EXECUTE 3885.0 condorpool - 12
1646369670 individuals_ID0000039 EXECUTE 3887.0 condorpool - 14
1646369670 individuals_ID0000033 EXECUTE 3888.0 condorpool - 15
1646369672 individuals_ID0000004 SUBMIT 3895.0 condorpool - 22
1646369672 individuals_ID0000048 SUBMIT 3896.0 condorpool - 23
1646369673 individuals_ID0000005 SUBMIT 3897.0 condorpool - 24
1646369673 individuals_ID0000049 SUBMIT 3898.0 condorpool - 25
1646369673 individuals_ID0000006 SUBMIT 3899.0 condorpool - 26
1646369678 individuals_ID0000007 SUBMIT 3900.0 condorpool - 27
1646369678 individuals_ID0000044 SUBMIT 3901.0 condorpool - 28
1646369678 individuals_ID0000001 SUBMIT 3902.0 condorpool - 29
1646369678 individuals_ID0000045 SUBMIT 3903.0 condorpool - 30
1646369678 individuals_ID0000002 SUBMIT 3904.0 condorpool - 31
1646369683 individuals_ID0000046 SUBMIT 3905.0 condorpool - 32
1646369683 individuals_ID0000003 SUBMIT 3906.0 condorpool - 33
1646369683 individuals_ID0000047 SUBMIT 3907.0 condorpool - 34
1646369683 individuals_ID0000008 SUBMIT 3908.0 condorpool - 35
1646369683 individuals_ID0000009 SUBMIT 3909.0 condorpool - 36
1646369688 individuals_ID0000040 SUBMIT 3910.0 condorpool - 37
1646369688 individuals_ID0000041 SUBMIT 3911.0 condorpool - 38
1646369688 individuals_ID0000042 SUBMIT 3912.0 condorpool - 39
1646369688 individuals_ID0000043 SUBMIT 3913.0 condorpool - 40
1646369688 individuals_ID0000015 SUBMIT 3914.0 condorpool - 41
1646369689 individuals_ID0000001 EXECUTE 3902.0 condorpool - 29
1646369691 individuals_ID0000031 EXECUTE 3893.0 condorpool - 20
1646369692 individuals_ID0000036 EXECUTE 3891.0 condorpool - 18
1646369692 individuals_ID0000030 EXECUTE 3892.0 condorpool - 19
1646369692 individuals_ID0000006 EXECUTE 3899.0 condorpool - 26
1646369693 individuals_ID0000016 SUBMIT 3915.0 condorpool - 42
1646369693 individuals_ID0000017 SUBMIT 3916.0 condorpool - 43
1646369694 individuals_ID0000018 SUBMIT 3917.0 condorpool - 44
1646369694 individuals_ID0000011 SUBMIT 3918.0 condorpool - 45
1646369694 individuals_ID0000012 SUBMIT 3919.0 condorpool - 46
1646369694 individuals_ID0000049 EXECUTE 3898.0 condorpool - 25
1646369694 individuals_ID0000007 EXECUTE 3900.0 condorpool - 27
1646369696 individuals_ID0000032 EXECUTE 3894.0 condorpool - 21
1646369696 individuals_ID0000035 EXECUTE 3890.0 condorpool - 17
1646369698 individuals_ID0000004 EXECUTE 3895.0 condorpool - 22
1646369698 individuals_ID0000045 EXECUTE 3903.0 condorpool - 30
1646369699 individuals_ID0000013 SUBMIT 3920.0 condorpool - 47
1646369699 individuals_ID0000014 SUBMIT 3921.0 condorpool - 48
1646369699 individuals_ID0000019 SUBMIT 3922.0 condorpool - 49
1646369699 individuals_ID0000010 SUBMIT 3923.0 condorpool - 50
1646369699 individuals_ID0000050 SUBMIT 3924.0 condorpool - 51
1646369699 individuals_ID0000048 EXECUTE 3896.0 condorpool - 23
1646369699 individuals_ID0000002 EXECUTE 3904.0 condorpool - 31
1646369699 individuals_ID0000044 EXECUTE 3901.0 condorpool - 28
1646369700 individuals_ID0000005 EXECUTE 3897.0 condorpool - 24
1646369704 individuals_ID0000026 SUBMIT 3925.0 condorpool - 52
1646369704 individuals_ID0000027 SUBMIT 3926.0 condorpool - 53
1646369704 individuals_ID0000028 SUBMIT 3927.0 condorpool - 54
1646369704 individuals_ID0000029 SUBMIT 3928.0 condorpool - 55
1646369704 individuals_ID0000022 SUBMIT 3929.0 condorpool - 56
1646369709 individuals_ID0000023 SUBMIT 3930.0 condorpool - 57
1646369709 individuals_ID0000024 SUBMIT 3931.0 condorpool - 58
1646369709 individuals_ID0000025 SUBMIT 3932.0 condorpool - 59
1646369709 individuals_ID0000020 SUBMIT 3933.0 condorpool - 60
1646369709 individuals_ID0000021 SUBMIT 3934.0 condorpool - 61
1646369712 individuals_ID0000042 EXECUTE 3912.0 condorpool - 39
1646369712 individuals_ID0000019 EXECUTE 3922.0 condorpool - 49
1646369714 individuals_ID0000040 EXECUTE 3910.0 condorpool - 37
1646369714 individuals_ID0000010 EXECUTE 3923.0 condorpool - 50
1646369715 sifting_ID0000052 SUBMIT 3935.0 condorpool - 62
1646369716 individuals_ID0000003 EXECUTE 3906.0 condorpool - 33
1646369716 individuals_ID0000012 EXECUTE 3919.0 condorpool - 46
1646369720 individuals_ID0000043 EXECUTE 3913.0 condorpool - 40
1646369721 individuals_ID0000041 EXECUTE 3911.0 condorpool - 38
1646369723 individuals_ID0000047 EXECUTE 3907.0 condorpool - 34
1646369723 individuals_ID0000018 EXECUTE 3917.0 condorpool - 44
1646369723 individuals_ID0000011 EXECUTE 3918.0 condorpool - 45
1646369725 individuals_ID0000050 EXECUTE 3924.0 condorpool - 51
1646369727 individuals_ID0000046 EXECUTE 3905.0 condorpool - 32
1646369729 individuals_ID0000015 EXECUTE 3914.0 condorpool - 41
1646369729 individuals_ID0000009 EXECUTE 3909.0 condorpool - 36
1646369734 individuals_ID0000017 EXECUTE 3916.0 condorpool - 43
1646369736 individuals_ID0000016 EXECUTE 3915.0 condorpool - 42
1646369740 individuals_ID0000013 EXECUTE 3920.0 condorpool - 47
1646369742 individuals_ID0000028 EXECUTE 3927.0 condorpool - 54
1646369743 individuals_ID0000008 EXECUTE 3908.0 condorpool - 35
1646369743 individuals_ID0000027 EXECUTE 3926.0 condorpool - 53
1646369743 individuals_ID0000026 EXECUTE 3925.0 condorpool - 52
1646369744 individuals_ID0000029 EXECUTE 3928.0 condorpool - 55
1646369745 individuals_ID0000014 EXECUTE 3921.0 condorpool - 48
1646369951 individuals_ID0000001 JOB_TERMINATED 3902.0 condorpool - 29
1646369955 individuals_ID0000001 JOB_SUCCESS 0 condorpool - 29
1646369955 individuals_ID0000001 POST_SCRIPT_STARTED 3902.0 condorpool - 29
1646369955 individuals_ID0000001 POST_SCRIPT_TERMINATED 3902.0 condorpool - 29
1646369960 individuals_ID0000001 POST_SCRIPT_SUCCESS 0 condorpool - 29
1646369956 individuals_ID0000022 EXECUTE 3929.0 condorpool - 56
1646370240 individuals_ID0000007 JOB_TERMINATED 3900.0 condorpool - 27
1646370240 individuals_ID0000007 JOB_SUCCESS 0 condorpool - 27
1646370240 individuals_ID0000007 POST_SCRIPT_STARTED 3900.0 condorpool - 27
1646370241 individuals_ID0000007 POST_SCRIPT_TERMINATED 3900.0 condorpool - 27
1646370245 individuals_ID0000007 POST_SCRIPT_SUCCESS 0 condorpool - 27
1646370242 individuals_ID0000049 JOB_TERMINATED 3898.0 condorpool - 25
1646370245 individuals_ID0000049 JOB_SUCCESS 0 condorpool - 25
1646370245 individuals_ID0000049 POST_SCRIPT_STARTED 3898.0 condorpool - 25
1646370245 individuals_ID0000049 POST_SCRIPT_TERMINATED 3898.0 condorpool - 25
1646370250 individuals_ID0000049 POST_SCRIPT_SUCCESS 0 condorpool - 25
1646370252 individuals_ID0000023 EXECUTE 3930.0 condorpool - 57
1646370253 individuals_ID0000024 EXECUTE 3931.0 condorpool - 58
1646370274 individuals_ID0000037 JOB_TERMINATED 3885.0 condorpool - 12
1646370275 individuals_ID0000037 JOB_SUCCESS 0 condorpool - 12
1646370275 individuals_ID0000037 POST_SCRIPT_STARTED 3885.0 condorpool - 12
1646370275 individuals_ID0000005 JOB_TERMINATED 3897.0 condorpool - 24
1646370275 individuals_ID0000005 JOB_SUCCESS 0 condorpool - 24
1646370275 individuals_ID0000005 POST_SCRIPT_STARTED 3897.0 condorpool - 24
1646370275 individuals_ID0000005 POST_SCRIPT_TERMINATED 3897.0 condorpool - 24
1646370280 individuals_ID0000005 POST_SCRIPT_SUCCESS 0 condorpool - 24
1646370275 individuals_ID0000037 POST_SCRIPT_TERMINATED 3885.0 condorpool - 12
1646370280 individuals_ID0000037 POST_SCRIPT_SUCCESS 0 condorpool - 12
1646370281 individuals_ID0000033 JOB_TERMINATED 3888.0 condorpool - 15
1646370285 individuals_ID0000033 JOB_SUCCESS 0 condorpool - 15
1646370285 individuals_ID0000033 POST_SCRIPT_STARTED 3888.0 condorpool - 15
1646370283 individuals_ID0000006 JOB_TERMINATED 3899.0 condorpool - 26
1646370285 individuals_ID0000006 JOB_SUCCESS 0 condorpool - 26
1646370285 individuals_ID0000006 POST_SCRIPT_STARTED 3899.0 condorpool - 26
1646370283 individuals_ID0000020 EXECUTE 3933.0 condorpool - 60
1646370284 individuals_ID0000025 EXECUTE 3932.0 condorpool - 59
1646370286 individuals_ID0000006 POST_SCRIPT_TERMINATED 3899.0 condorpool - 26
1646370290 individuals_ID0000006 POST_SCRIPT_SUCCESS 0 condorpool - 26
1646370286 individuals_ID0000033 POST_SCRIPT_TERMINATED 3888.0 condorpool - 15
1646370290 individuals_ID0000033 POST_SCRIPT_SUCCESS 0 condorpool - 15
1646370286 sifting_ID0000052 EXECUTE 3935.0 condorpool - 62
1646370289 sifting_ID0000052 JOB_TERMINATED 3935.0 condorpool - 62
1646370290 sifting_ID0000052 JOB_SUCCESS 0 condorpool - 62
1646370290 sifting_ID0000052 POST_SCRIPT_STARTED 3935.0 condorpool - 62
1646370290 individuals_ID0000021 EXECUTE 3934.0 condorpool - 61
1646370290 sifting_ID0000052 POST_SCRIPT_TERMINATED 3935.0 condorpool - 62
1646370295 sifting_ID0000052 POST_SCRIPT_SUCCESS 0 condorpool - 62
1646370300 individuals_ID0000002 JOB_TERMINATED 3904.0 condorpool - 31
1646370300 individuals_ID0000002 JOB_SUCCESS 0 condorpool - 31
1646370300 individuals_ID0000002 POST_SCRIPT_STARTED 3904.0 condorpool - 31
1646370300 individuals_ID0000002 POST_SCRIPT_TERMINATED 3904.0 condorpool - 31
1646370305 individuals_ID0000002 POST_SCRIPT_SUCCESS 0 condorpool - 31
1646370304 individuals_ID0000039 JOB_TERMINATED 3887.0 condorpool - 14
1646370305 individuals_ID0000039 JOB_SUCCESS 0 condorpool - 14
1646370305 individuals_ID0000039 POST_SCRIPT_STARTED 3887.0 condorpool - 14
1646370305 individuals_ID0000038 JOB_TERMINATED 3886.0 condorpool - 13
1646370305 individuals_ID0000038 JOB_SUCCESS 0 condorpool - 13
1646370305 individuals_ID0000038 POST_SCRIPT_STARTED 3886.0 condorpool - 13
1646370306 individuals_ID0000038 POST_SCRIPT_TERMINATED 3886.0 condorpool - 13
1646370310 individuals_ID0000038 POST_SCRIPT_SUCCESS 0 condorpool - 13
1646370306 individuals_ID0000039 POST_SCRIPT_TERMINATED 3887.0 condorpool - 14
1646370310 individuals_ID0000039 POST_SCRIPT_SUCCESS 0 condorpool - 14
1646370308 individuals_ID0000046 JOB_TERMINATED 3905.0 condorpool - 32
1646370310 individuals_ID0000046 JOB_SUCCESS 0 condorpool - 32
1646370310 individuals_ID0000046 POST_SCRIPT_STARTED 3905.0 condorpool - 32
1646370310 individuals_ID0000046 POST_SCRIPT_TERMINATED 3905.0 condorpool - 32
1646370315 individuals_ID0000046 POST_SCRIPT_SUCCESS 0 condorpool - 32
1646370329 individuals_ID0000047 JOB_TERMINATED 3907.0 condorpool - 34
1646370330 individuals_ID0000047 JOB_SUCCESS 0 condorpool - 34
1646370330 individuals_ID0000047 POST_SCRIPT_STARTED 3907.0 condorpool - 34
1646370330 individuals_ID0000047 POST_SCRIPT_TERMINATED 3907.0 condorpool - 34
1646370335 individuals_ID0000047 POST_SCRIPT_SUCCESS 0 condorpool - 34
1646370340 individuals_ID0000003 JOB_TERMINATED 3906.0 condorpool - 33
1646370341 individuals_ID0000003 JOB_SUCCESS 0 condorpool - 33
1646370341 individuals_ID0000003 POST_SCRIPT_STARTED 3906.0 condorpool - 33
1646370341 individuals_ID0000003 POST_SCRIPT_TERMINATED 3906.0 condorpool - 33
1646370346 individuals_ID0000003 POST_SCRIPT_SUCCESS 0 condorpool - 33
1646370342 individuals_ID0000008 JOB_TERMINATED 3908.0 condorpool - 35
1646370346 individuals_ID0000008 JOB_SUCCESS 0 condorpool - 35
1646370346 individuals_ID0000008 POST_SCRIPT_STARTED 3908.0 condorpool - 35
1646370346 individuals_ID0000008 POST_SCRIPT_TERMINATED 3908.0 condorpool - 35
1646370351 individuals_ID0000008 POST_SCRIPT_SUCCESS 0 condorpool - 35
1646370356 individuals_ID0000034 JOB_TERMINATED 3889.0 condorpool - 16
1646370356 individuals_ID0000034 JOB_SUCCESS 0 condorpool - 16
1646370356 individuals_ID0000034 POST_SCRIPT_STARTED 3889.0 condorpool - 16
1646370357 individuals_ID0000034 POST_SCRIPT_TERMINATED 3889.0 condorpool - 16
1646370361 individuals_ID0000034 POST_SCRIPT_SUCCESS 0 condorpool - 16
1646370364 individuals_ID0000044 JOB_TERMINATED 3901.0 condorpool - 28
1646370366 individuals_ID0000044 JOB_SUCCESS 0 condorpool - 28
1646370366 individuals_ID0000044 POST_SCRIPT_STARTED 3901.0 condorpool - 28
1646370366 individuals_ID0000044 POST_SCRIPT_TERMINATED 3901.0 condorpool - 28
1646370371 individuals_ID0000044 POST_SCRIPT_SUCCESS 0 condorpool - 28
1646370369 individuals_ID0000045 JOB_TERMINATED 3903.0 condorpool - 30
1646370371 individuals_ID0000045 JOB_SUCCESS 0 condorpool - 30
1646370371 individuals_ID0000045 POST_SCRIPT_STARTED 3903.0 condorpool - 30
1646370371 individuals_ID0000045 POST_SCRIPT_TERMINATED 3903.0 condorpool - 30
1646370376 individuals_ID0000045 POST_SCRIPT_SUCCESS 0 condorpool - 30
1646370375 individuals_ID0000030 JOB_TERMINATED 3892.0 condorpool - 19
1646370376 individuals_ID0000030 JOB_SUCCESS 0 condorpool - 19
1646370376 individuals_ID0000030 POST_SCRIPT_STARTED 3892.0 condorpool - 19
1646370376 individuals_ID0000036 JOB_TERMINATED 3891.0 condorpool - 18
1646370376 individuals_ID0000036 JOB_SUCCESS 0 condorpool - 18
1646370376 individuals_ID0000036 POST_SCRIPT_STARTED 3891.0 condorpool - 18
1646370377 individuals_ID0000030 POST_SCRIPT_TERMINATED 3892.0 condorpool - 19
1646370381 individuals_ID0000030 POST_SCRIPT_SUCCESS 0 condorpool - 19
1646370377 individuals_ID0000036 POST_SCRIPT_TERMINATED 3891.0 condorpool - 18
1646370381 individuals_ID0000036 POST_SCRIPT_SUCCESS 0 condorpool - 18
1646370380 individuals_ID0000035 JOB_TERMINATED 3890.0 condorpool - 17
1646370381 individuals_ID0000035 JOB_SUCCESS 0 condorpool - 17
1646370381 individuals_ID0000035 POST_SCRIPT_STARTED 3890.0 condorpool - 17
1646370381 individuals_ID0000035 POST_SCRIPT_TERMINATED 3890.0 condorpool - 17
1646370386 individuals_ID0000035 POST_SCRIPT_SUCCESS 0 condorpool - 17
1646370398 individuals_ID0000042 JOB_TERMINATED 3912.0 condorpool - 39
1646370401 individuals_ID0000042 JOB_SUCCESS 0 condorpool - 39
1646370401 individuals_ID0000042 POST_SCRIPT_STARTED 3912.0 condorpool - 39
1646370401 individuals_ID0000042 POST_SCRIPT_TERMINATED 3912.0 condorpool - 39
1646370406 individuals_ID0000042 POST_SCRIPT_SUCCESS 0 condorpool - 39
1646370403 individuals_ID0000040 JOB_TERMINATED 3910.0 condorpool - 37
1646370406 individuals_ID0000040 JOB_SUCCESS 0 condorpool - 37
1646370406 individuals_ID0000040 POST_SCRIPT_STARTED 3910.0 condorpool - 37
1646370407 individuals_ID0000040 POST_SCRIPT_TERMINATED 3910.0 condorpool - 37
1646370411 individuals_ID0000040 POST_SCRIPT_SUCCESS 0 condorpool - 37
1646370422 individuals_ID0000009 JOB_TERMINATED 3909.0 condorpool - 36
1646370426 individuals_ID0000009 JOB_SUCCESS 0 condorpool - 36
1646370426 individuals_ID0000009 POST_SCRIPT_STARTED 3909.0 condorpool - 36
1646370426 individuals_ID0000009 POST_SCRIPT_TERMINATED 3909.0 condorpool - 36
1646370431 individuals_ID0000009 POST_SCRIPT_SUCCESS 0 condorpool - 36
1646370427 individuals_ID0000041 JOB_TERMINATED 3911.0 condorpool - 38
1646370431 individuals_ID0000041 JOB_SUCCESS 0 condorpool - 38
1646370431 individuals_ID0000041 POST_SCRIPT_STARTED 3911.0 condorpool - 38
1646370431 individuals_ID0000041 POST_SCRIPT_TERMINATED 3911.0 condorpool - 38
1646370436 individuals_ID0000041 POST_SCRIPT_SUCCESS 0 condorpool - 38
1646370434 individuals_ID0000015 JOB_TERMINATED 3914.0 condorpool - 41
1646370436 individuals_ID0000015 JOB_SUCCESS 0 condorpool - 41
1646370436 individuals_ID0000015 POST_SCRIPT_STARTED 3914.0 condorpool - 41
1646370437 individuals_ID0000015 POST_SCRIPT_TERMINATED 3914.0 condorpool - 41
1646370441 individuals_ID0000015 POST_SCRIPT_SUCCESS 0 condorpool - 41
1646370449 individuals_ID0000017 JOB_TERMINATED 3916.0 condorpool - 43
1646370451 individuals_ID0000017 JOB_SUCCESS 0 condorpool - 43
1646370451 individuals_ID0000017 POST_SCRIPT_STARTED 3916.0 condorpool - 43
1646370450 individuals_ID0000043 JOB_TERMINATED 3913.0 condorpool - 40
1646370451 individuals_ID0000043 JOB_SUCCESS 0 condorpool - 40
1646370451 individuals_ID0000043 POST_SCRIPT_STARTED 3913.0 condorpool - 40
1646370451 individuals_ID0000043 POST_SCRIPT_TERMINATED 3913.0 condorpool - 40
1646370456 individuals_ID0000043 POST_SCRIPT_SUCCESS 0 condorpool - 40
1646370451 individuals_ID0000017 POST_SCRIPT_TERMINATED 3916.0 condorpool - 43
1646370456 individuals_ID0000017 POST_SCRIPT_SUCCESS 0 condorpool - 43
1646370461 individuals_ID0000016 JOB_TERMINATED 3915.0 condorpool - 42
1646370461 individuals_ID0000016 JOB_SUCCESS 0 condorpool - 42
1646370461 individuals_ID0000016 POST_SCRIPT_STARTED 3915.0 condorpool - 42
1646370461 individuals_ID0000016 POST_SCRIPT_TERMINATED 3915.0 condorpool - 42
1646370466 individuals_ID0000016 POST_SCRIPT_SUCCESS 0 condorpool - 42
1646370465 individuals_ID0000026 JOB_TERMINATED 3925.0 condorpool - 52
1646370466 individuals_ID0000026 JOB_SUCCESS 0 condorpool - 52
1646370466 individuals_ID0000026 POST_SCRIPT_STARTED 3925.0 condorpool - 52
1646370467 individuals_ID0000026 POST_SCRIPT_TERMINATED 3925.0 condorpool - 52
1646370472 individuals_ID0000026 POST_SCRIPT_SUCCESS 0 condorpool - 52
1646370472 individuals_ID0000028 JOB_TERMINATED 3927.0 condorpool - 54
1646370472 individuals_ID0000028 JOB_SUCCESS 0 condorpool - 54
1646370472 individuals_ID0000028 POST_SCRIPT_STARTED 3927.0 condorpool - 54
1646370472 individuals_ID0000028 POST_SCRIPT_TERMINATED 3927.0 condorpool - 54
1646370477 individuals_ID0000028 POST_SCRIPT_SUCCESS 0 condorpool - 54
1646370474 individuals_ID0000031 JOB_TERMINATED 3893.0 condorpool - 20
1646370477 individuals_ID0000031 JOB_SUCCESS 0 condorpool - 20
1646370477 individuals_ID0000031 POST_SCRIPT_STARTED 3893.0 condorpool - 20
1646370477 individuals_ID0000048 JOB_TERMINATED 3896.0 condorpool - 23
1646370477 individuals_ID0000048 JOB_SUCCESS 0 condorpool - 23
1646370477 individuals_ID0000048 POST_SCRIPT_STARTED 3896.0 condorpool - 23
1646370478 individuals_ID0000031 POST_SCRIPT_TERMINATED 3893.0 condorpool - 20
1646370482 individuals_ID0000031 POST_SCRIPT_SUCCESS 0 condorpool - 20
1646370478 individuals_ID0000048 POST_SCRIPT_TERMINATED 3896.0 condorpool - 23
1646370482 individuals_ID0000048 POST_SCRIPT_SUCCESS 0 condorpool - 23
1646370479 individuals_ID0000032 JOB_TERMINATED 3894.0 condorpool - 21
1646370482 individuals_ID0000032 JOB_SUCCESS 0 condorpool - 21
1646370482 individuals_ID0000032 POST_SCRIPT_STARTED 3894.0 condorpool - 21
1646370482 individuals_ID0000032 POST_SCRIPT_TERMINATED 3894.0 condorpool - 21
1646370487 individuals_ID0000032 POST_SCRIPT_SUCCESS 0 condorpool - 21
1646370483 individuals_ID0000029 JOB_TERMINATED 3928.0 condorpool - 55
1646370487 individuals_ID0000029 JOB_SUCCESS 0 condorpool - 55
1646370487 individuals_ID0000029 POST_SCRIPT_STARTED 3928.0 condorpool - 55
1646370484 individuals_ID0000004 JOB_TERMINATED 3895.0 condorpool - 22
1646370487 individuals_ID0000004 JOB_SUCCESS 0 condorpool - 22
1646370487 individuals_ID0000004 POST_SCRIPT_STARTED 3895.0 condorpool - 22
1646370485 individuals_ID0000027 JOB_TERMINATED 3926.0 condorpool - 53
1646370487 individuals_ID0000027 JOB_SUCCESS 0 condorpool - 53
1646370487 individuals_ID0000027 POST_SCRIPT_STARTED 3926.0 condorpool - 53
1646370487 individuals_ID0000004 POST_SCRIPT_TERMINATED 3895.0 condorpool - 22
1646370492 individuals_ID0000004 POST_SCRIPT_SUCCESS 0 condorpool - 22
1646370487 individuals_ID0000027 POST_SCRIPT_TERMINATED 3926.0 condorpool - 53
1646370492 individuals_ID0000027 POST_SCRIPT_SUCCESS 0 condorpool - 53
1646370487 individuals_ID0000029 POST_SCRIPT_TERMINATED 3928.0 condorpool - 55
1646370492 individuals_ID0000029 POST_SCRIPT_SUCCESS 0 condorpool - 55
1646370489 individuals_ID0000019 JOB_TERMINATED 3922.0 condorpool - 49
1646370492 individuals_ID0000019 JOB_SUCCESS 0 condorpool - 49
1646370492 individuals_ID0000019 POST_SCRIPT_STARTED 3922.0 condorpool - 49
1646370493 individuals_ID0000019 POST_SCRIPT_TERMINATED 3922.0 condorpool - 49
1646370497 individuals_ID0000019 POST_SCRIPT_SUCCESS 0 condorpool - 49
1646370504 individuals_ID0000010 JOB_TERMINATED 3923.0 condorpool - 50
1646370507 individuals_ID0000010 JOB_SUCCESS 0 condorpool - 50
1646370507 individuals_ID0000010 POST_SCRIPT_STARTED 3923.0 condorpool - 50
1646370507 individuals_ID0000010 POST_SCRIPT_TERMINATED 3923.0 condorpool - 50
1646370512 individuals_ID0000010 POST_SCRIPT_SUCCESS 0 condorpool - 50
1646370511 individuals_ID0000022 JOB_TERMINATED 3929.0 condorpool - 56
1646370512 individuals_ID0000022 JOB_SUCCESS 0 condorpool - 56
1646370512 individuals_ID0000022 POST_SCRIPT_STARTED 3929.0 condorpool - 56
1646370512 individuals_ID0000022 POST_SCRIPT_TERMINATED 3929.0 condorpool - 56
1646370517 individuals_ID0000022 POST_SCRIPT_SUCCESS 0 condorpool - 56
1646370513 individuals_ID0000050 JOB_TERMINATED 3924.0 condorpool - 51
1646370517 individuals_ID0000050 JOB_SUCCESS 0 condorpool - 51
1646370517 individuals_ID0000050 POST_SCRIPT_STARTED 3924.0 condorpool - 51
1646370514 individuals_ID0000014 JOB_TERMINATED 3921.0 condorpool - 48
1646370517 individuals_ID0000014 JOB_SUCCESS 0 condorpool - 48
1646370517 individuals_ID0000014 POST_SCRIPT_STARTED 3921.0 condorpool - 48
1646370517 individuals_ID0000012 JOB_TERMINATED 3919.0 condorpool - 46
1646370517 individuals_ID0000012 JOB_SUCCESS 0 condorpool - 46
1646370517 individuals_ID0000012 POST_SCRIPT_STARTED 3919.0 condorpool - 46
1646370518 individuals_ID0000012 POST_SCRIPT_TERMINATED 3919.0 condorpool - 46
1646370522 individuals_ID0000012 POST_SCRIPT_SUCCESS 0 condorpool - 46
1646370518 individuals_ID0000050 POST_SCRIPT_TERMINATED 3924.0 condorpool - 51
1646370522 individuals_ID0000050 POST_SCRIPT_SUCCESS 0 condorpool - 51
1646370518 individuals_ID0000014 POST_SCRIPT_TERMINATED 3921.0 condorpool - 48
1646370522 individuals_ID0000014 POST_SCRIPT_SUCCESS 0 condorpool - 48
1646370530 individuals_ID0000018 JOB_TERMINATED 3917.0 condorpool - 44
1646370532 individuals_ID0000018 JOB_SUCCESS 0 condorpool - 44
1646370532 individuals_ID0000018 POST_SCRIPT_STARTED 3917.0 condorpool - 44
1646370532 individuals_ID0000018 POST_SCRIPT_TERMINATED 3917.0 condorpool - 44
1646370537 individuals_ID0000018 POST_SCRIPT_SUCCESS 0 condorpool - 44
1646370533 individuals_ID0000013 JOB_TERMINATED 3920.0 condorpool - 47
1646370537 individuals_ID0000013 JOB_SUCCESS 0 condorpool - 47
1646370537 individuals_ID0000013 POST_SCRIPT_STARTED 3920.0 condorpool - 47
1646370534 individuals_ID0000011 JOB_TERMINATED 3918.0 condorpool - 45
1646370537 individuals_ID0000011 JOB_SUCCESS 0 condorpool - 45
1646370537 individuals_ID0000011 POST_SCRIPT_STARTED 3918.0 condorpool - 45
1646370538 individuals_ID0000011 POST_SCRIPT_TERMINATED 3918.0 condorpool - 45
1646370542 individuals_ID0000011 POST_SCRIPT_SUCCESS 0 condorpool - 45
1646370538 individuals_ID0000013 POST_SCRIPT_TERMINATED 3920.0 condorpool - 47
1646370542 individuals_ID0000013 POST_SCRIPT_SUCCESS 0 condorpool - 47
1646370661 individuals_ID0000024 JOB_TERMINATED 3931.0 condorpool - 58
1646370662 individuals_ID0000024 JOB_SUCCESS 0 condorpool - 58
1646370662 individuals_ID0000024 POST_SCRIPT_STARTED 3931.0 condorpool - 58
1646370662 individuals_ID0000024 POST_SCRIPT_TERMINATED 3931.0 condorpool - 58
1646370667 individuals_ID0000024 POST_SCRIPT_SUCCESS 0 condorpool - 58
1646370670 individuals_ID0000023 JOB_TERMINATED 3930.0 condorpool - 57
1646370672 individuals_ID0000023 JOB_SUCCESS 0 condorpool - 57
1646370672 individuals_ID0000023 POST_SCRIPT_STARTED 3930.0 condorpool - 57
1646370672 individuals_ID0000023 POST_SCRIPT_TERMINATED 3930.0 condorpool - 57
1646370677 individuals_ID0000023 POST_SCRIPT_SUCCESS 0 condorpool - 57
1646370686 individuals_ID0000025 JOB_TERMINATED 3932.0 condorpool - 59
1646370687 individuals_ID0000025 JOB_SUCCESS 0 condorpool - 59
1646370687 individuals_ID0000025 POST_SCRIPT_STARTED 3932.0 condorpool - 59
1646370688 individuals_ID0000025 POST_SCRIPT_TERMINATED 3932.0 condorpool - 59
1646370692 individuals_ID0000025 POST_SCRIPT_SUCCESS 0 condorpool - 59
1646370695 individuals_ID0000021 JOB_TERMINATED 3934.0 condorpool - 61
1646370697 individuals_ID0000021 JOB_SUCCESS 0 condorpool - 61
1646370697 individuals_ID0000021 POST_SCRIPT_STARTED 3934.0 condorpool - 61
1646370696 individuals_ID0000020 JOB_TERMINATED 3933.0 condorpool - 60
1646370697 individuals_ID0000020 JOB_SUCCESS 0 condorpool - 60
1646370697 individuals_ID0000020 POST_SCRIPT_STARTED 3933.0 condorpool - 60
1646370697 individuals_ID0000020 POST_SCRIPT_TERMINATED 3933.0 condorpool - 60
1646370702 individuals_ID0000020 POST_SCRIPT_SUCCESS 0 condorpool - 60
1646370697 individuals_ID0000021 POST_SCRIPT_TERMINATED 3934.0 condorpool - 61
1646370702 individuals_ID0000021 POST_SCRIPT_SUCCESS 0 condorpool - 61
1646370707 individuals_merge_ID0000051 SUBMIT 3936.0 condorpool - 63
1646370711 individuals_merge_ID0000051 EXECUTE 3936.0 condorpool - 63
1646374782 individuals_merge_ID0000051 JOB_TERMINATED 3936.0 condorpool - 63
1646374785 individuals_merge_ID0000051 JOB_SUCCESS 0 condorpool - 63
1646374785 individuals_merge_ID0000051 POST_SCRIPT_STARTED 3936.0 condorpool - 63
1646374785 individuals_merge_ID0000051 POST_SCRIPT_TERMINATED 3936.0 condorpool - 63
1646374790 individuals_merge_ID0000051 POST_SCRIPT_SUCCESS 0 condorpool - 63
1646374795 frequency_ID0000060 SUBMIT 3937.0 condorpool - 64
1646374795 frequency_ID0000062 SUBMIT 3938.0 condorpool - 65
1646374795 mutation_overlap_ID0000053 SUBMIT 3939.0 condorpool - 66
1646374795 mutation_overlap_ID0000063 SUBMIT 3940.0 condorpool - 67
1646374795 frequency_ID0000058 SUBMIT 3941.0 condorpool - 68
1646374796 frequency_ID0000060 EXECUTE 3937.0 condorpool - 64
1646374796 frequency_ID0000062 EXECUTE 3938.0 condorpool - 65
1646374800 mutation_overlap_ID0000055 SUBMIT 3942.0 condorpool - 69
1646374801 mutation_overlap_ID0000065 SUBMIT 3943.0 condorpool - 70
1646374801 frequency_ID0000064 SUBMIT 3944.0 condorpool - 71
1646374801 frequency_ID0000054 SUBMIT 3945.0 condorpool - 72
1646374801 frequency_ID0000066 SUBMIT 3946.0 condorpool - 73
1646374806 mutation_overlap_ID0000061 SUBMIT 3947.0 condorpool - 74
1646374806 frequency_ID0000056 SUBMIT 3948.0 condorpool - 75
1646374806 mutation_overlap_ID0000057 SUBMIT 3949.0 condorpool - 76
1646374806 mutation_overlap_ID0000059 SUBMIT 3950.0 condorpool - 77
1646374816 mutation_overlap_ID0000053 EXECUTE 3939.0 condorpool - 66
1646374816 mutation_overlap_ID0000057 EXECUTE 3949.0 condorpool - 76
1646374816 mutation_overlap_ID0000059 EXECUTE 3950.0 condorpool - 77
1646374816 frequency_ID0000054 EXECUTE 3945.0 condorpool - 72
1646374816 mutation_overlap_ID0000063 EXECUTE 3940.0 condorpool - 67
1646374816 frequency_ID0000066 EXECUTE 3946.0 condorpool - 73
1646374816 mutation_overlap_ID0000061 EXECUTE 3947.0 condorpool - 74
1646374817 mutation_overlap_ID0000055 EXECUTE 3942.0 condorpool - 69
1646374817 frequency_ID0000058 EXECUTE 3941.0 condorpool - 68
1646374817 mutation_overlap_ID0000065 EXECUTE 3943.0 condorpool - 70
1646374817 frequency_ID0000056 EXECUTE 3948.0 condorpool - 75
1646374817 frequency_ID0000064 EXECUTE 3944.0 condorpool - 71
1646375018 mutation_overlap_ID0000065 JOB_TERMINATED 3943.0 condorpool - 70
1646375021 mutation_overlap_ID0000065 JOB_SUCCESS 0 condorpool - 70
1646375021 mutation_overlap_ID0000065 POST_SCRIPT_STARTED 3943.0 condorpool - 70
1646375020 mutation_overlap_ID0000063 JOB_TERMINATED 3940.0 condorpool - 67
1646375021 mutation_overlap_ID0000063 JOB_SUCCESS 0 condorpool - 67
1646375021 mutation_overlap_ID0000063 POST_SCRIPT_STARTED 3940.0 condorpool - 67
1646375021 mutation_overlap_ID0000059 JOB_TERMINATED 3950.0 condorpool - 77
1646375021 mutation_overlap_ID0000059 JOB_SUCCESS 0 condorpool - 77
1646375021 mutation_overlap_ID0000059 POST_SCRIPT_STARTED 3950.0 condorpool - 77
1646375021 mutation_overlap_ID0000063 POST_SCRIPT_TERMINATED 3940.0 condorpool - 67
1646375026 mutation_overlap_ID0000063 POST_SCRIPT_SUCCESS 0 condorpool - 67
1646375021 mutation_overlap_ID0000065 POST_SCRIPT_TERMINATED 3943.0 condorpool - 70
1646375026 mutation_overlap_ID0000065 POST_SCRIPT_SUCCESS 0 condorpool - 70
1646375021 mutation_overlap_ID0000059 POST_SCRIPT_TERMINATED 3950.0 condorpool - 77
1646375026 mutation_overlap_ID0000059 POST_SCRIPT_SUCCESS 0 condorpool - 77
1646375022 mutation_overlap_ID0000061 JOB_TERMINATED 3947.0 condorpool - 74
1646375026 mutation_overlap_ID0000061 JOB_SUCCESS 0 condorpool - 74
1646375026 mutation_overlap_ID0000061 POST_SCRIPT_STARTED 3947.0 condorpool - 74
1646375022 mutation_overlap_ID0000055 JOB_TERMINATED 3942.0 condorpool - 69
1646375026 mutation_overlap_ID0000055 JOB_SUCCESS 0 condorpool - 69
1646375026 mutation_overlap_ID0000055 POST_SCRIPT_STARTED 3942.0 condorpool - 69
1646375024 mutation_overlap_ID0000053 JOB_TERMINATED 3939.0 condorpool - 66
1646375026 mutation_overlap_ID0000053 JOB_SUCCESS 0 condorpool - 66
1646375026 mutation_overlap_ID0000053 POST_SCRIPT_STARTED 3939.0 condorpool - 66
1646375027 mutation_overlap_ID0000061 POST_SCRIPT_TERMINATED 3947.0 condorpool - 74
1646375031 mutation_overlap_ID0000061 POST_SCRIPT_SUCCESS 0 condorpool - 74
1646375027 mutation_overlap_ID0000055 POST_SCRIPT_TERMINATED 3942.0 condorpool - 69
1646375031 mutation_overlap_ID0000055 POST_SCRIPT_SUCCESS 0 condorpool - 69
1646375027 mutation_overlap_ID0000053 POST_SCRIPT_TERMINATED 3939.0 condorpool - 66
1646375031 mutation_overlap_ID0000053 POST_SCRIPT_SUCCESS 0 condorpool - 66
1646375063 mutation_overlap_ID0000057 JOB_TERMINATED 3949.0 condorpool - 76
1646375066 mutation_overlap_ID0000057 JOB_SUCCESS 0 condorpool - 76
1646375066 mutation_overlap_ID0000057 POST_SCRIPT_STARTED 3949.0 condorpool - 76
1646375066 mutation_overlap_ID0000057 POST_SCRIPT_TERMINATED 3949.0 condorpool - 76
1646375071 mutation_overlap_ID0000057 POST_SCRIPT_SUCCESS 0 condorpool - 76
1646375449 frequency_ID0000060 JOB_TERMINATED 3937.0 condorpool - 64
1646375451 frequency_ID0000060 JOB_SUCCESS 0 condorpool - 64
1646375451 frequency_ID0000060 POST_SCRIPT_STARTED 3937.0 condorpool - 64
1646375452 frequency_ID0000060 POST_SCRIPT_TERMINATED 3937.0 condorpool - 64
1646375456 frequency_ID0000060 POST_SCRIPT_SUCCESS 0 condorpool - 64
1646375454 frequency_ID0000062 JOB_TERMINATED 3938.0 condorpool - 65
1646375456 frequency_ID0000062 JOB_SUCCESS 0 condorpool - 65
1646375456 frequency_ID0000062 POST_SCRIPT_STARTED 3938.0 condorpool - 65
1646375456 frequency_ID0000062 POST_SCRIPT_TERMINATED 3938.0 condorpool - 65
1646375461 frequency_ID0000062 POST_SCRIPT_SUCCESS 0 condorpool - 65
1646375468 frequency_ID0000058 JOB_TERMINATED 3941.0 condorpool - 68
1646375471 frequency_ID0000058 JOB_SUCCESS 0 condorpool - 68
1646375471 frequency_ID0000058 POST_SCRIPT_STARTED 3941.0 condorpool - 68
1646375471 frequency_ID0000064 JOB_TERMINATED 3944.0 condorpool - 71
1646375476 frequency_ID0000064 JOB_SUCCESS 0 condorpool - 71
1646375476 frequency_ID0000064 POST_SCRIPT_STARTED 3944.0 condorpool - 71
1646375472 frequency_ID0000058 POST_SCRIPT_TERMINATED 3941.0 condorpool - 68
1646375476 frequency_ID0000058 POST_SCRIPT_SUCCESS 0 condorpool - 68
1646375476 frequency_ID0000064 POST_SCRIPT_TERMINATED 3944.0 condorpool - 71
1646375481 frequency_ID0000064 POST_SCRIPT_SUCCESS 0 condorpool - 71
1646375603 frequency_ID0000066 JOB_TERMINATED 3946.0 condorpool - 73
1646375606 frequency_ID0000066 JOB_SUCCESS 0 condorpool - 73
1646375606 frequency_ID0000066 POST_SCRIPT_STARTED 3946.0 condorpool - 73
1646375607 frequency_ID0000066 POST_SCRIPT_TERMINATED 3946.0 condorpool - 73
1646375611 frequency_ID0000066 POST_SCRIPT_SUCCESS 0 condorpool - 73
1646375631 frequency_ID0000056 JOB_TERMINATED 3948.0 condorpool - 75
1646375636 frequency_ID0000056 JOB_SUCCESS 0 condorpool - 75
1646375636 frequency_ID0000056 POST_SCRIPT_STARTED 3948.0 condorpool - 75
1646375636 frequency_ID0000056 POST_SCRIPT_TERMINATED 3948.0 condorpool - 75
1646375641 frequency_ID0000056 POST_SCRIPT_SUCCESS 0 condorpool - 75
1646375646 stage_out_local_local_2_1 SUBMIT 3951.0 local - 78
1646375646 stage_out_local_local_2_1 EXECUTE 3951.0 local - 78
1646375650 stage_out_local_local_2_1 JOB_TERMINATED 3951.0 local - 78
1646375651 stage_out_local_local_2_1 JOB_SUCCESS 0 local - 78
1646375651 stage_out_local_local_2_1 POST_SCRIPT_STARTED 3951.0 local - 78
1646375651 stage_out_local_local_2_1 POST_SCRIPT_TERMINATED 3951.0 local - 78
1646375656 stage_out_local_local_2_1 POST_SCRIPT_SUCCESS 0 local - 78
1646375653 frequency_ID0000054 JOB_TERMINATED 3945.0 condorpool - 72
1646375656 frequency_ID0000054 JOB_SUCCESS 0 condorpool - 72
1646375656 frequency_ID0000054 POST_SCRIPT_STARTED 3945.0 condorpool - 72
1646375657 frequency_ID0000054 POST_SCRIPT_TERMINATED 3945.0 condorpool - 72
1646375661 frequency_ID0000054 POST_SCRIPT_SUCCESS 0 condorpool - 72
1646375666 stage_out_local_local_2_0 SUBMIT 3952.0 local - 79
1646375666 stage_out_local_local_2_0 EXECUTE 3952.0 local - 79
1646375670 stage_out_local_local_2_0 JOB_TERMINATED 3952.0 local - 79
1646375671 stage_out_local_local_2_0 JOB_SUCCESS 0 local - 79
1646375671 stage_out_local_local_2_0 POST_SCRIPT_STARTED 3952.0 local - 79
1646375671 stage_out_local_local_2_0 POST_SCRIPT_TERMINATED 3952.0 local - 79
1646375676 stage_out_local_local_2_0 POST_SCRIPT_SUCCESS 0 local - 79
1646375681 cleanup_1000-genome_0_local SUBMIT 3953.0 local - 80
1646375681 cleanup_1000-genome_0_local EXECUTE 3953.0 local - 80
1646375683 cleanup_1000-genome_0_local JOB_TERMINATED 3953.0 local - 80
1646375686 cleanup_1000-genome_0_local JOB_SUCCESS 0 local - 80
1646375686 cleanup_1000-genome_0_local POST_SCRIPT_STARTED 3953.0 local - 80
1646375686 cleanup_1000-genome_0_local POST_SCRIPT_TERMINATED 3953.0 local - 80
1646375691 cleanup_1000-genome_0_local POST_SCRIPT_SUCCESS 0 local - 80
1646375691 INTERNAL *** DAGMAN_FINISHED 0 ***
1646375693 INTERNAL *** MONITORD_FINISHED 0 ***
