1646054631 INTERNAL *** MONITORD_STARTED ***
1646054630 INTERNAL *** DAGMAN_STARTED 3467.0 ***
1646054634 create_dir_1000-genome_0_local SUBMIT 3468.0 local - 801
1646054636 create_dir_1000-genome_0_local EXECUTE 3468.0 local - 801
1646054638 create_dir_1000-genome_0_local JOB_TERMINATED 3468.0 local - 801
1646054639 create_dir_1000-genome_0_local JOB_SUCCESS 0 local - 801
1646054639 create_dir_1000-genome_0_local POST_SCRIPT_STARTED 3468.0 local - 801
1646054639 create_dir_1000-genome_0_local POST_SCRIPT_TERMINATED 3468.0 local - 801
1646054644 create_dir_1000-genome_0_local POST_SCRIPT_SUCCESS 0 local - 801
1646054649 stage_in_remote_local_2_0 SUBMIT 3469.0 local - 802
1646054650 stage_in_remote_local_2_0 EXECUTE 3469.0 local - 802
1646054650 stage_in_remote_local_1_0 SUBMIT 3470.0 local - 803
1646054650 stage_in_remote_local_0_0 SUBMIT 3471.0 local - 804
1646054650 stage_in_local_local_0_0 SUBMIT 3472.0 local - 805
1646054650 stage_in_local_local_2_0 SUBMIT 3473.0 local - 806
1646054652 stage_in_remote_local_2_0 JOB_TERMINATED 3469.0 local - 802
1646054655 stage_in_remote_local_2_0 JOB_SUCCESS 0 local - 802
1646054655 stage_in_remote_local_2_0 POST_SCRIPT_STARTED 3469.0 local - 802
1646054652 stage_in_local_local_2_0 EXECUTE 3473.0 local - 806
1646054652 stage_in_local_local_0_0 EXECUTE 3472.0 local - 805
1646054652 stage_in_remote_local_0_0 EXECUTE 3471.0 local - 804
1646054652 stage_in_remote_local_1_0 EXECUTE 3470.0 local - 803
1646054654 stage_in_remote_local_0_0 JOB_TERMINATED 3471.0 local - 804
1646054655 stage_in_remote_local_0_0 JOB_SUCCESS 0 local - 804
1646054655 stage_in_remote_local_0_0 POST_SCRIPT_STARTED 3471.0 local - 804
1646054654 stage_in_remote_local_1_0 JOB_TERMINATED 3470.0 local - 803
1646054655 stage_in_remote_local_1_0 JOB_SUCCESS 0 local - 803
1646054655 stage_in_remote_local_1_0 POST_SCRIPT_STARTED 3470.0 local - 803
1646054654 stage_in_local_local_0_0 JOB_TERMINATED 3472.0 local - 805
1646054655 stage_in_local_local_0_0 JOB_SUCCESS 0 local - 805
1646054655 stage_in_local_local_0_0 POST_SCRIPT_STARTED 3472.0 local - 805
1646054655 stage_in_remote_local_0_1 SUBMIT 3474.0 local - 807
1646054655 stage_in_local_local_0_1 SUBMIT 3475.0 local - 808
1646054655 stage_in_local_local_2_1 SUBMIT 3476.0 local - 809
1646054655 stage_in_remote_local_2_1 SUBMIT 3477.0 local - 810
1646054655 stage_in_local_local_0_2 SUBMIT 3478.0 local - 811
1646054655 stage_in_remote_local_2_0 POST_SCRIPT_TERMINATED 3469.0 local - 802
1646054660 stage_in_remote_local_2_0 POST_SCRIPT_SUCCESS 0 local - 802
1646054655 stage_in_local_local_0_0 POST_SCRIPT_TERMINATED 3472.0 local - 805
1646054660 stage_in_local_local_0_0 POST_SCRIPT_SUCCESS 0 local - 805
1646054655 stage_in_remote_local_0_0 POST_SCRIPT_TERMINATED 3471.0 local - 804
1646054660 stage_in_remote_local_0_0 POST_SCRIPT_SUCCESS 0 local - 804
1646054655 stage_in_remote_local_1_0 POST_SCRIPT_TERMINATED 3470.0 local - 803
1646054660 stage_in_remote_local_1_0 POST_SCRIPT_SUCCESS 0 local - 803
1646054656 stage_in_local_local_2_0 JOB_TERMINATED 3473.0 local - 806
1646054660 stage_in_local_local_2_0 JOB_SUCCESS 0 local - 806
1646054660 stage_in_local_local_2_0 POST_SCRIPT_STARTED 3473.0 local - 806
1646054656 stage_in_local_local_0_2 EXECUTE 3478.0 local - 811
1646054656 stage_in_remote_local_2_1 EXECUTE 3477.0 local - 810
1646054656 stage_in_local_local_2_1 EXECUTE 3476.0 local - 809
1646054656 stage_in_local_local_0_1 EXECUTE 3475.0 local - 808
1646054656 stage_in_remote_local_0_1 EXECUTE 3474.0 local - 807
1646054658 stage_in_local_local_0_2 JOB_TERMINATED 3478.0 local - 811
1646054660 stage_in_local_local_0_2 JOB_SUCCESS 0 local - 811
1646054660 stage_in_local_local_0_2 POST_SCRIPT_STARTED 3478.0 local - 811
1646054658 stage_in_remote_local_2_1 JOB_TERMINATED 3477.0 local - 810
1646054660 stage_in_remote_local_2_1 JOB_SUCCESS 0 local - 810
1646054660 stage_in_remote_local_2_1 POST_SCRIPT_STARTED 3477.0 local - 810
1646054658 stage_in_remote_local_0_1 JOB_TERMINATED 3474.0 local - 807
1646054660 stage_in_remote_local_0_1 JOB_SUCCESS 0 local - 807
1646054660 stage_in_remote_local_0_1 POST_SCRIPT_STARTED 3474.0 local - 807
1646054659 stage_in_local_local_0_1 JOB_TERMINATED 3475.0 local - 808
1646054660 stage_in_local_local_0_1 JOB_SUCCESS 0 local - 808
1646054660 stage_in_local_local_0_1 POST_SCRIPT_STARTED 3475.0 local - 808
1646054660 stage_in_remote_local_2_1 POST_SCRIPT_TERMINATED 3477.0 local - 810
1646054665 stage_in_remote_local_2_1 POST_SCRIPT_SUCCESS 0 local - 810
1646054660 stage_in_local_local_2_1 JOB_TERMINATED 3476.0 local - 809
1646054665 stage_in_local_local_2_1 JOB_SUCCESS 0 local - 809
1646054665 stage_in_local_local_2_1 POST_SCRIPT_STARTED 3476.0 local - 809
1646054660 stage_in_local_local_0_2 POST_SCRIPT_TERMINATED 3478.0 local - 811
1646054665 stage_in_local_local_0_2 POST_SCRIPT_SUCCESS 0 local - 811
1646054660 stage_in_local_local_2_0 POST_SCRIPT_TERMINATED 3473.0 local - 806
1646054665 stage_in_local_local_2_0 POST_SCRIPT_SUCCESS 0 local - 806
1646054660 stage_in_remote_local_0_1 POST_SCRIPT_TERMINATED 3474.0 local - 807
1646054665 stage_in_remote_local_0_1 POST_SCRIPT_SUCCESS 0 local - 807
1646054660 stage_in_local_local_0_1 POST_SCRIPT_TERMINATED 3475.0 local - 808
1646054665 stage_in_local_local_0_1 POST_SCRIPT_SUCCESS 0 local - 808
1646054666 stage_in_local_local_2_1 POST_SCRIPT_TERMINATED 3476.0 local - 809
1646054670 stage_in_local_local_2_1 POST_SCRIPT_SUCCESS 0 local - 809
1646054670 sifting_ID0000052 SUBMIT 3479.0 condorpool - 812
1646054670 individuals_ID0000037 SUBMIT 3480.0 condorpool - 813
1646054670 individuals_ID0000038 SUBMIT 3481.0 condorpool - 814
1646054670 individuals_ID0000039 SUBMIT 3482.0 condorpool - 815
1646054670 individuals_ID0000033 SUBMIT 3483.0 condorpool - 816
1646054670 sifting_ID0000052 EXECUTE 3479.0 condorpool - 812
1646054673 individuals_ID0000037 EXECUTE 3480.0 condorpool - 813
1646054673 sifting_ID0000052 JOB_TERMINATED 3479.0 condorpool - 812
1646054675 sifting_ID0000052 JOB_SUCCESS 0 condorpool - 812
1646054675 sifting_ID0000052 POST_SCRIPT_STARTED 3479.0 condorpool - 812
1646054675 individuals_ID0000034 SUBMIT 3484.0 condorpool - 817
1646054675 individuals_ID0000035 SUBMIT 3485.0 condorpool - 818
1646054675 individuals_ID0000036 SUBMIT 3486.0 condorpool - 819
1646054675 individuals_ID0000030 SUBMIT 3487.0 condorpool - 820
1646054675 individuals_ID0000031 SUBMIT 3488.0 condorpool - 821
1646054675 sifting_ID0000052 POST_SCRIPT_TERMINATED 3479.0 condorpool - 812
1646054681 sifting_ID0000052 POST_SCRIPT_SUCCESS 0 condorpool - 812
1646054678 individuals_ID0000038 EXECUTE 3481.0 condorpool - 814
1646054680 individuals_ID0000032 SUBMIT 3489.0 condorpool - 822
1646054680 individuals_ID0000004 SUBMIT 3490.0 condorpool - 823
1646054680 individuals_ID0000048 SUBMIT 3491.0 condorpool - 824
1646054680 individuals_ID0000005 SUBMIT 3492.0 condorpool - 825
1646054681 individuals_ID0000049 SUBMIT 3493.0 condorpool - 826
1646054686 individuals_ID0000006 SUBMIT 3494.0 condorpool - 827
1646054686 individuals_ID0000007 SUBMIT 3495.0 condorpool - 828
1646054686 individuals_ID0000044 SUBMIT 3496.0 condorpool - 829
1646054686 individuals_ID0000001 SUBMIT 3497.0 condorpool - 830
1646054686 individuals_ID0000045 SUBMIT 3498.0 condorpool - 831
1646054691 individuals_ID0000002 SUBMIT 3499.0 condorpool - 832
1646054691 individuals_ID0000046 SUBMIT 3500.0 condorpool - 833
1646054691 individuals_ID0000003 SUBMIT 3501.0 condorpool - 834
1646054691 individuals_ID0000047 SUBMIT 3502.0 condorpool - 835
1646054691 individuals_ID0000008 SUBMIT 3503.0 condorpool - 836
1646054696 individuals_ID0000009 SUBMIT 3504.0 condorpool - 837
1646054696 individuals_ID0000040 SUBMIT 3505.0 condorpool - 838
1646054696 individuals_ID0000041 SUBMIT 3506.0 condorpool - 839
1646054696 individuals_ID0000042 SUBMIT 3507.0 condorpool - 840
1646054696 individuals_ID0000043 SUBMIT 3508.0 condorpool - 841
1646054701 individuals_ID0000015 SUBMIT 3509.0 condorpool - 842
1646054701 individuals_ID0000016 SUBMIT 3510.0 condorpool - 843
1646054701 individuals_ID0000017 SUBMIT 3511.0 condorpool - 844
1646054701 individuals_ID0000018 SUBMIT 3512.0 condorpool - 845
1646054701 individuals_ID0000011 SUBMIT 3513.0 condorpool - 846
1646054702 individuals_ID0000045 EXECUTE 3498.0 condorpool - 831
1646054706 individuals_ID0000012 SUBMIT 3514.0 condorpool - 847
1646054707 individuals_ID0000013 SUBMIT 3515.0 condorpool - 848
1646054707 individuals_ID0000014 SUBMIT 3516.0 condorpool - 849
1646054707 individuals_ID0000019 SUBMIT 3517.0 condorpool - 850
1646054707 individuals_ID0000010 SUBMIT 3518.0 condorpool - 851
1646054708 individuals_ID0000044 EXECUTE 3496.0 condorpool - 829
1646054708 individuals_ID0000032 EXECUTE 3489.0 condorpool - 822
1646054709 individuals_ID0000001 EXECUTE 3497.0 condorpool - 830
1646054710 individuals_ID0000039 EXECUTE 3482.0 condorpool - 815
1646054710 individuals_ID0000033 EXECUTE 3483.0 condorpool - 816
1646054712 individuals_ID0000031 EXECUTE 3488.0 condorpool - 821
1646054712 individuals_ID0000050 SUBMIT 3519.0 condorpool - 852
1646054712 individuals_ID0000026 SUBMIT 3520.0 condorpool - 853
1646054712 individuals_ID0000027 SUBMIT 3521.0 condorpool - 854
1646054712 individuals_ID0000028 SUBMIT 3522.0 condorpool - 855
1646054712 individuals_ID0000029 SUBMIT 3523.0 condorpool - 856
1646054714 individuals_ID0000004 EXECUTE 3490.0 condorpool - 823
1646054714 individuals_ID0000034 EXECUTE 3484.0 condorpool - 817
1646054715 individuals_ID0000030 EXECUTE 3487.0 condorpool - 820
1646054715 individuals_ID0000036 EXECUTE 3486.0 condorpool - 819
1646054717 individuals_ID0000022 SUBMIT 3524.0 condorpool - 857
1646054717 individuals_ID0000023 SUBMIT 3525.0 condorpool - 858
1646054717 individuals_ID0000024 SUBMIT 3526.0 condorpool - 859
1646054717 individuals_ID0000025 SUBMIT 3527.0 condorpool - 860
1646054717 individuals_ID0000020 SUBMIT 3528.0 condorpool - 861
1646054721 individuals_ID0000005 EXECUTE 3492.0 condorpool - 825
1646054722 individuals_ID0000021 SUBMIT 3529.0 condorpool - 862
1646054726 individuals_ID0000035 EXECUTE 3485.0 condorpool - 818
1646054729 individuals_ID0000007 EXECUTE 3495.0 condorpool - 828
1646054731 individuals_ID0000019 EXECUTE 3517.0 condorpool - 850
1646054743 individuals_ID0000040 EXECUTE 3505.0 condorpool - 838
1646054744 individuals_ID0000010 EXECUTE 3518.0 condorpool - 851
1646054744 individuals_ID0000014 EXECUTE 3516.0 condorpool - 849
1646054745 individuals_ID0000046 EXECUTE 3500.0 condorpool - 833
1646054745 individuals_ID0000042 EXECUTE 3507.0 condorpool - 840
1646054759 individuals_ID0000041 EXECUTE 3506.0 condorpool - 839
1646054759 individuals_ID0000049 EXECUTE 3493.0 condorpool - 826
1646054760 individuals_ID0000009 EXECUTE 3504.0 condorpool - 837
1646054761 individuals_ID0000006 EXECUTE 3494.0 condorpool - 827
1646054763 individuals_ID0000048 EXECUTE 3491.0 condorpool - 824
1646054767 individuals_ID0000012 EXECUTE 3514.0 condorpool - 847
1646054769 individuals_ID0000013 EXECUTE 3515.0 condorpool - 848
1646054779 individuals_ID0000003 EXECUTE 3501.0 condorpool - 834
1646054779 individuals_ID0000047 EXECUTE 3502.0 condorpool - 835
1646054781 individuals_ID0000008 EXECUTE 3503.0 condorpool - 836
1646054787 individuals_ID0000043 EXECUTE 3508.0 condorpool - 841
1646054789 individuals_ID0000016 EXECUTE 3510.0 condorpool - 843
1646054789 individuals_ID0000015 EXECUTE 3509.0 condorpool - 842
1646054792 individuals_ID0000018 EXECUTE 3512.0 condorpool - 845
1646054797 individuals_ID0000050 EXECUTE 3519.0 condorpool - 852
1646054798 individuals_ID0000028 EXECUTE 3522.0 condorpool - 855
1646054805 individuals_ID0000026 EXECUTE 3520.0 condorpool - 853
1646054812 individuals_ID0000017 EXECUTE 3511.0 condorpool - 844
1646054816 individuals_ID0000011 EXECUTE 3513.0 condorpool - 846
1646054818 individuals_ID0000002 EXECUTE 3499.0 condorpool - 832
1646054820 individuals_ID0000029 EXECUTE 3523.0 condorpool - 856
1646054824 individuals_ID0000027 EXECUTE 3521.0 condorpool - 854
1646055246 individuals_ID0000001 JOB_TERMINATED 3497.0 condorpool - 830
1646055248 individuals_ID0000001 JOB_SUCCESS 0 condorpool - 830
1646055248 individuals_ID0000001 POST_SCRIPT_STARTED 3497.0 condorpool - 830
1646055248 individuals_ID0000001 POST_SCRIPT_TERMINATED 3497.0 condorpool - 830
1646055253 individuals_ID0000001 POST_SCRIPT_SUCCESS 0 condorpool - 830
1646055253 individuals_ID0000022 EXECUTE 3524.0 condorpool - 857
1646055496 individuals_ID0000037 JOB_TERMINATED 3480.0 condorpool - 813
1646055498 individuals_ID0000037 JOB_SUCCESS 0 condorpool - 813
1646055498 individuals_ID0000037 POST_SCRIPT_STARTED 3480.0 condorpool - 813
1646055498 individuals_ID0000037 POST_SCRIPT_TERMINATED 3480.0 condorpool - 813
1646055503 individuals_ID0000037 POST_SCRIPT_SUCCESS 0 condorpool - 813
1646055502 individuals_ID0000023 EXECUTE 3525.0 condorpool - 858
1646055505 individuals_ID0000038 JOB_TERMINATED 3481.0 condorpool - 814
1646055508 individuals_ID0000038 JOB_SUCCESS 0 condorpool - 814
1646055508 individuals_ID0000038 POST_SCRIPT_STARTED 3481.0 condorpool - 814
1646055509 individuals_ID0000038 POST_SCRIPT_TERMINATED 3481.0 condorpool - 814
1646055514 individuals_ID0000038 POST_SCRIPT_SUCCESS 0 condorpool - 814
1646055519 individuals_ID0000024 EXECUTE 3526.0 condorpool - 859
1646055535 individuals_ID0000046 JOB_TERMINATED 3500.0 condorpool - 833
1646055539 individuals_ID0000046 JOB_SUCCESS 0 condorpool - 833
1646055539 individuals_ID0000046 POST_SCRIPT_STARTED 3500.0 condorpool - 833
1646055539 individuals_ID0000046 POST_SCRIPT_TERMINATED 3500.0 condorpool - 833
1646055544 individuals_ID0000046 POST_SCRIPT_SUCCESS 0 condorpool - 833
1646055542 individuals_ID0000025 EXECUTE 3527.0 condorpool - 860
1646055543 individuals_ID0000019 JOB_TERMINATED 3517.0 condorpool - 850
1646055544 individuals_ID0000019 JOB_SUCCESS 0 condorpool - 850
1646055544 individuals_ID0000019 POST_SCRIPT_STARTED 3517.0 condorpool - 850
1646055545 individuals_ID0000019 POST_SCRIPT_TERMINATED 3517.0 condorpool - 850
1646055549 individuals_ID0000019 POST_SCRIPT_SUCCESS 0 condorpool - 850
1646055547 individuals_ID0000047 JOB_TERMINATED 3502.0 condorpool - 835
1646055549 individuals_ID0000047 JOB_SUCCESS 0 condorpool - 835
1646055549 individuals_ID0000047 POST_SCRIPT_STARTED 3502.0 condorpool - 835
1646055548 individuals_ID0000020 EXECUTE 3528.0 condorpool - 861
1646055549 individuals_ID0000047 POST_SCRIPT_TERMINATED 3502.0 condorpool - 835
1646055554 individuals_ID0000047 POST_SCRIPT_SUCCESS 0 condorpool - 835
1646055552 individuals_ID0000008 JOB_TERMINATED 3503.0 condorpool - 836
1646055554 individuals_ID0000008 JOB_SUCCESS 0 condorpool - 836
1646055554 individuals_ID0000008 POST_SCRIPT_STARTED 3503.0 condorpool - 836
1646055553 individuals_ID0000021 EXECUTE 3529.0 condorpool - 862
1646055554 individuals_ID0000008 POST_SCRIPT_TERMINATED 3503.0 condorpool - 836
1646055559 individuals_ID0000008 POST_SCRIPT_SUCCESS 0 condorpool - 836
1646055569 individuals_ID0000003 JOB_TERMINATED 3501.0 condorpool - 834
1646055569 individuals_ID0000003 JOB_SUCCESS 0 condorpool - 834
1646055569 individuals_ID0000003 POST_SCRIPT_STARTED 3501.0 condorpool - 834
1646055570 individuals_ID0000003 POST_SCRIPT_TERMINATED 3501.0 condorpool - 834
1646055574 individuals_ID0000003 POST_SCRIPT_SUCCESS 0 condorpool - 834
1646055577 individuals_ID0000014 JOB_TERMINATED 3516.0 condorpool - 849
1646055579 individuals_ID0000014 JOB_SUCCESS 0 condorpool - 849
1646055579 individuals_ID0000014 POST_SCRIPT_STARTED 3516.0 condorpool - 849
1646055579 individuals_ID0000014 POST_SCRIPT_TERMINATED 3516.0 condorpool - 849
1646055584 individuals_ID0000014 POST_SCRIPT_SUCCESS 0 condorpool - 849
1646055579 individuals_ID0000010 JOB_TERMINATED 3518.0 condorpool - 851
1646055584 individuals_ID0000010 JOB_SUCCESS 0 condorpool - 851
1646055584 individuals_ID0000010 POST_SCRIPT_STARTED 3518.0 condorpool - 851
1646055584 individuals_ID0000010 POST_SCRIPT_TERMINATED 3518.0 condorpool - 851
1646055589 individuals_ID0000010 POST_SCRIPT_SUCCESS 0 condorpool - 851
1646055597 individuals_ID0000050 JOB_TERMINATED 3519.0 condorpool - 852
1646055599 individuals_ID0000050 JOB_SUCCESS 0 condorpool - 852
1646055599 individuals_ID0000050 POST_SCRIPT_STARTED 3519.0 condorpool - 852
1646055600 individuals_ID0000050 POST_SCRIPT_TERMINATED 3519.0 condorpool - 852
1646055604 individuals_ID0000050 POST_SCRIPT_SUCCESS 0 condorpool - 852
1646055610 individuals_ID0000039 JOB_TERMINATED 3482.0 condorpool - 815
1646055614 individuals_ID0000039 JOB_SUCCESS 0 condorpool - 815
1646055614 individuals_ID0000039 POST_SCRIPT_STARTED 3482.0 condorpool - 815
1646055612 individuals_ID0000032 JOB_TERMINATED 3489.0 condorpool - 822
1646055614 individuals_ID0000032 JOB_SUCCESS 0 condorpool - 822
1646055614 individuals_ID0000032 POST_SCRIPT_STARTED 3489.0 condorpool - 822
1646055613 individuals_ID0000004 JOB_TERMINATED 3490.0 condorpool - 823
1646055614 individuals_ID0000004 JOB_SUCCESS 0 condorpool - 823
1646055614 individuals_ID0000004 POST_SCRIPT_STARTED 3490.0 condorpool - 823
1646055614 individuals_ID0000004 POST_SCRIPT_TERMINATED 3490.0 condorpool - 823
1646055619 individuals_ID0000004 POST_SCRIPT_SUCCESS 0 condorpool - 823
1646055614 individuals_ID0000039 POST_SCRIPT_TERMINATED 3482.0 condorpool - 815
1646055619 individuals_ID0000039 POST_SCRIPT_SUCCESS 0 condorpool - 815
1646055614 individuals_ID0000032 POST_SCRIPT_TERMINATED 3489.0 condorpool - 822
1646055619 individuals_ID0000032 POST_SCRIPT_SUCCESS 0 condorpool - 822
1646055616 individuals_ID0000033 JOB_TERMINATED 3483.0 condorpool - 816
1646055619 individuals_ID0000033 JOB_SUCCESS 0 condorpool - 816
1646055619 individuals_ID0000033 POST_SCRIPT_STARTED 3483.0 condorpool - 816
1646055617 individuals_ID0000048 JOB_TERMINATED 3491.0 condorpool - 824
1646055619 individuals_ID0000048 JOB_SUCCESS 0 condorpool - 824
1646055619 individuals_ID0000048 POST_SCRIPT_STARTED 3491.0 condorpool - 824
1646055619 individuals_ID0000031 JOB_TERMINATED 3488.0 condorpool - 821
1646055619 individuals_ID0000031 JOB_SUCCESS 0 condorpool - 821
1646055619 individuals_ID0000031 POST_SCRIPT_STARTED 3488.0 condorpool - 821
1646055619 individuals_ID0000048 POST_SCRIPT_TERMINATED 3491.0 condorpool - 824
1646055624 individuals_ID0000048 POST_SCRIPT_SUCCESS 0 condorpool - 824
1646055619 individuals_ID0000033 POST_SCRIPT_TERMINATED 3483.0 condorpool - 816
1646055624 individuals_ID0000033 POST_SCRIPT_SUCCESS 0 condorpool - 816
1646055619 individuals_ID0000031 POST_SCRIPT_TERMINATED 3488.0 condorpool - 821
1646055624 individuals_ID0000031 POST_SCRIPT_SUCCESS 0 condorpool - 821
1646055668 individuals_ID0000012 JOB_TERMINATED 3514.0 condorpool - 847
1646055670 individuals_ID0000012 JOB_SUCCESS 0 condorpool - 847
1646055670 individuals_ID0000012 POST_SCRIPT_STARTED 3514.0 condorpool - 847
1646055668 individuals_ID0000013 JOB_TERMINATED 3515.0 condorpool - 848
1646055670 individuals_ID0000013 JOB_SUCCESS 0 condorpool - 848
1646055670 individuals_ID0000013 POST_SCRIPT_STARTED 3515.0 condorpool - 848
1646055670 individuals_ID0000012 POST_SCRIPT_TERMINATED 3514.0 condorpool - 847
1646055675 individuals_ID0000012 POST_SCRIPT_SUCCESS 0 condorpool - 847
1646055670 individuals_ID0000013 POST_SCRIPT_TERMINATED 3515.0 condorpool - 848
1646055675 individuals_ID0000013 POST_SCRIPT_SUCCESS 0 condorpool - 848
1646055676 individuals_ID0000016 JOB_TERMINATED 3510.0 condorpool - 843
1646055680 individuals_ID0000016 JOB_SUCCESS 0 condorpool - 843
1646055680 individuals_ID0000016 POST_SCRIPT_STARTED 3510.0 condorpool - 843
1646055678 individuals_ID0000015 JOB_TERMINATED 3509.0 condorpool - 842
1646055680 individuals_ID0000015 JOB_SUCCESS 0 condorpool - 842
1646055680 individuals_ID0000015 POST_SCRIPT_STARTED 3509.0 condorpool - 842
1646055678 individuals_ID0000043 JOB_TERMINATED 3508.0 condorpool - 841
1646055680 individuals_ID0000043 JOB_SUCCESS 0 condorpool - 841
1646055680 individuals_ID0000043 POST_SCRIPT_STARTED 3508.0 condorpool - 841
1646055680 individuals_ID0000015 POST_SCRIPT_TERMINATED 3509.0 condorpool - 842
1646055685 individuals_ID0000015 POST_SCRIPT_SUCCESS 0 condorpool - 842
1646055680 individuals_ID0000016 POST_SCRIPT_TERMINATED 3510.0 condorpool - 843
1646055685 individuals_ID0000016 POST_SCRIPT_SUCCESS 0 condorpool - 843
1646055680 individuals_ID0000043 POST_SCRIPT_TERMINATED 3508.0 condorpool - 841
1646055685 individuals_ID0000043 POST_SCRIPT_SUCCESS 0 condorpool - 841
1646055681 individuals_ID0000017 JOB_TERMINATED 3511.0 condorpool - 844
1646055685 individuals_ID0000017 JOB_SUCCESS 0 condorpool - 844
1646055685 individuals_ID0000017 POST_SCRIPT_STARTED 3511.0 condorpool - 844
1646055686 individuals_ID0000017 POST_SCRIPT_TERMINATED 3511.0 condorpool - 844
1646055690 individuals_ID0000017 POST_SCRIPT_SUCCESS 0 condorpool - 844
1646055695 individuals_ID0000018 JOB_TERMINATED 3512.0 condorpool - 845
1646055695 individuals_ID0000018 JOB_SUCCESS 0 condorpool - 845
1646055695 individuals_ID0000018 POST_SCRIPT_STARTED 3512.0 condorpool - 845
1646055695 individuals_ID0000018 POST_SCRIPT_TERMINATED 3512.0 condorpool - 845
1646055700 individuals_ID0000018 POST_SCRIPT_SUCCESS 0 condorpool - 845
1646055711 individuals_ID0000011 JOB_TERMINATED 3513.0 condorpool - 846
1646055715 individuals_ID0000011 JOB_SUCCESS 0 condorpool - 846
1646055715 individuals_ID0000011 POST_SCRIPT_STARTED 3513.0 condorpool - 846
1646055715 individuals_ID0000011 POST_SCRIPT_TERMINATED 3513.0 condorpool - 846
1646055720 individuals_ID0000011 POST_SCRIPT_SUCCESS 0 condorpool - 846
1646055814 individuals_ID0000007 JOB_TERMINATED 3495.0 condorpool - 828
1646055815 individuals_ID0000007 JOB_SUCCESS 0 condorpool - 828
1646055815 individuals_ID0000007 POST_SCRIPT_STARTED 3495.0 condorpool - 828
1646055815 individuals_ID0000005 JOB_TERMINATED 3492.0 condorpool - 825
1646055815 individuals_ID0000005 JOB_SUCCESS 0 condorpool - 825
1646055815 individuals_ID0000005 POST_SCRIPT_STARTED 3492.0 condorpool - 825
1646055816 individuals_ID0000007 POST_SCRIPT_TERMINATED 3495.0 condorpool - 828
1646055821 individuals_ID0000007 POST_SCRIPT_SUCCESS 0 condorpool - 828
1646055816 individuals_ID0000005 POST_SCRIPT_TERMINATED 3492.0 condorpool - 825
1646055821 individuals_ID0000005 POST_SCRIPT_SUCCESS 0 condorpool - 825
1646055822 individuals_ID0000006 JOB_TERMINATED 3494.0 condorpool - 827
1646055826 individuals_ID0000006 JOB_SUCCESS 0 condorpool - 827
1646055826 individuals_ID0000006 POST_SCRIPT_STARTED 3494.0 condorpool - 827
1646055822 individuals_ID0000049 JOB_TERMINATED 3493.0 condorpool - 826
1646055826 individuals_ID0000049 JOB_SUCCESS 0 condorpool - 826
1646055826 individuals_ID0000049 POST_SCRIPT_STARTED 3493.0 condorpool - 826
1646055826 individuals_ID0000006 POST_SCRIPT_TERMINATED 3494.0 condorpool - 827
1646055831 individuals_ID0000006 POST_SCRIPT_SUCCESS 0 condorpool - 827
1646055826 individuals_ID0000049 POST_SCRIPT_TERMINATED 3493.0 condorpool - 826
1646055831 individuals_ID0000049 POST_SCRIPT_SUCCESS 0 condorpool - 826
1646055834 individuals_ID0000026 JOB_TERMINATED 3520.0 condorpool - 853
1646055836 individuals_ID0000026 JOB_SUCCESS 0 condorpool - 853
1646055836 individuals_ID0000026 POST_SCRIPT_STARTED 3520.0 condorpool - 853
1646055837 individuals_ID0000026 POST_SCRIPT_TERMINATED 3520.0 condorpool - 853
1646055841 individuals_ID0000026 POST_SCRIPT_SUCCESS 0 condorpool - 853
1646055844 individuals_ID0000009 JOB_TERMINATED 3504.0 condorpool - 837
1646055846 individuals_ID0000009 JOB_SUCCESS 0 condorpool - 837
1646055846 individuals_ID0000009 POST_SCRIPT_STARTED 3504.0 condorpool - 837
1646055846 individuals_ID0000028 JOB_TERMINATED 3522.0 condorpool - 855
1646055851 individuals_ID0000028 JOB_SUCCESS 0 condorpool - 855
1646055851 individuals_ID0000028 POST_SCRIPT_STARTED 3522.0 condorpool - 855
1646055846 individuals_ID0000009 POST_SCRIPT_TERMINATED 3504.0 condorpool - 837
1646055851 individuals_ID0000009 POST_SCRIPT_SUCCESS 0 condorpool - 837
1646055851 individuals_ID0000028 POST_SCRIPT_TERMINATED 3522.0 condorpool - 855
1646055856 individuals_ID0000028 POST_SCRIPT_SUCCESS 0 condorpool - 855
1646055857 individuals_ID0000040 JOB_TERMINATED 3505.0 condorpool - 838
1646055861 individuals_ID0000040 JOB_SUCCESS 0 condorpool - 838
1646055861 individuals_ID0000040 POST_SCRIPT_STARTED 3505.0 condorpool - 838
1646055860 individuals_ID0000029 JOB_TERMINATED 3523.0 condorpool - 856
1646055861 individuals_ID0000029 JOB_SUCCESS 0 condorpool - 856
1646055861 individuals_ID0000029 POST_SCRIPT_STARTED 3523.0 condorpool - 856
1646055862 individuals_ID0000029 POST_SCRIPT_TERMINATED 3523.0 condorpool - 856
1646055866 individuals_ID0000029 POST_SCRIPT_SUCCESS 0 condorpool - 856
1646055862 individuals_ID0000040 POST_SCRIPT_TERMINATED 3505.0 condorpool - 838
1646055866 individuals_ID0000040 POST_SCRIPT_SUCCESS 0 condorpool - 838
1646055862 individuals_ID0000027 JOB_TERMINATED 3521.0 condorpool - 854
1646055866 individuals_ID0000027 JOB_SUCCESS 0 condorpool - 854
1646055866 individuals_ID0000027 POST_SCRIPT_STARTED 3521.0 condorpool - 854
1646055866 individuals_ID0000027 POST_SCRIPT_TERMINATED 3521.0 condorpool - 854
1646055871 individuals_ID0000027 POST_SCRIPT_SUCCESS 0 condorpool - 854
1646055867 individuals_ID0000042 JOB_TERMINATED 3507.0 condorpool - 840
1646055871 individuals_ID0000042 JOB_SUCCESS 0 condorpool - 840
1646055871 individuals_ID0000042 POST_SCRIPT_STARTED 3507.0 condorpool - 840
1646055869 individuals_ID0000041 JOB_TERMINATED 3506.0 condorpool - 839
1646055871 individuals_ID0000041 JOB_SUCCESS 0 condorpool - 839
1646055871 individuals_ID0000041 POST_SCRIPT_STARTED 3506.0 condorpool - 839
1646055871 individuals_ID0000041 POST_SCRIPT_TERMINATED 3506.0 condorpool - 839
1646055876 individuals_ID0000041 POST_SCRIPT_SUCCESS 0 condorpool - 839
1646055871 individuals_ID0000042 POST_SCRIPT_TERMINATED 3507.0 condorpool - 840
1646055876 individuals_ID0000042 POST_SCRIPT_SUCCESS 0 condorpool - 840
1646055913 individuals_ID0000044 JOB_TERMINATED 3496.0 condorpool - 829
1646055916 individuals_ID0000044 JOB_SUCCESS 0 condorpool - 829
1646055916 individuals_ID0000044 POST_SCRIPT_STARTED 3496.0 condorpool - 829
1646055915 individuals_ID0000045 JOB_TERMINATED 3498.0 condorpool - 831
1646055916 individuals_ID0000045 JOB_SUCCESS 0 condorpool - 831
1646055916 individuals_ID0000045 POST_SCRIPT_STARTED 3498.0 condorpool - 831
1646055917 individuals_ID0000045 POST_SCRIPT_TERMINATED 3498.0 condorpool - 831
1646055921 individuals_ID0000045 POST_SCRIPT_SUCCESS 0 condorpool - 831
1646055917 individuals_ID0000044 POST_SCRIPT_TERMINATED 3496.0 condorpool - 829
1646055921 individuals_ID0000044 POST_SCRIPT_SUCCESS 0 condorpool - 829
1646055966 individuals_ID0000002 JOB_TERMINATED 3499.0 condorpool - 832
1646055971 individuals_ID0000002 JOB_SUCCESS 0 condorpool - 832
1646055971 individuals_ID0000002 POST_SCRIPT_STARTED 3499.0 condorpool - 832
1646055971 individuals_ID0000002 POST_SCRIPT_TERMINATED 3499.0 condorpool - 832
1646055976 individuals_ID0000002 POST_SCRIPT_SUCCESS 0 condorpool - 832
1646056055 individuals_ID0000034 JOB_TERMINATED 3484.0 condorpool - 817
1646056056 individuals_ID0000034 JOB_SUCCESS 0 condorpool - 817
1646056056 individuals_ID0000034 POST_SCRIPT_STARTED 3484.0 condorpool - 817
1646056057 individuals_ID0000034 POST_SCRIPT_TERMINATED 3484.0 condorpool - 817
1646056061 individuals_ID0000034 POST_SCRIPT_SUCCESS 0 condorpool - 817
1646056057 individuals_ID0000036 JOB_TERMINATED 3486.0 condorpool - 819
1646056061 individuals_ID0000036 JOB_SUCCESS 0 condorpool - 819
1646056061 individuals_ID0000036 POST_SCRIPT_STARTED 3486.0 condorpool - 819
1646056061 individuals_ID0000036 POST_SCRIPT_TERMINATED 3486.0 condorpool - 819
1646056066 individuals_ID0000036 POST_SCRIPT_SUCCESS 0 condorpool - 819
1646056063 individuals_ID0000030 JOB_TERMINATED 3487.0 condorpool - 820
1646056066 individuals_ID0000030 JOB_SUCCESS 0 condorpool - 820
1646056066 individuals_ID0000030 POST_SCRIPT_STARTED 3487.0 condorpool - 820
1646056066 individuals_ID0000030 POST_SCRIPT_TERMINATED 3487.0 condorpool - 820
1646056071 individuals_ID0000030 POST_SCRIPT_SUCCESS 0 condorpool - 820
1646056068 individuals_ID0000035 JOB_TERMINATED 3485.0 condorpool - 818
1646056071 individuals_ID0000035 JOB_SUCCESS 0 condorpool - 818
1646056071 individuals_ID0000035 POST_SCRIPT_STARTED 3485.0 condorpool - 818
1646056072 individuals_ID0000035 POST_SCRIPT_TERMINATED 3485.0 condorpool - 818
1646056076 individuals_ID0000035 POST_SCRIPT_SUCCESS 0 condorpool - 818
1646056159 individuals_ID0000023 JOB_TERMINATED 3525.0 condorpool - 858
1646056161 individuals_ID0000023 JOB_SUCCESS 0 condorpool - 858
1646056161 individuals_ID0000023 POST_SCRIPT_STARTED 3525.0 condorpool - 858
1646056161 individuals_ID0000023 POST_SCRIPT_TERMINATED 3525.0 condorpool - 858
1646056166 individuals_ID0000023 POST_SCRIPT_SUCCESS 0 condorpool - 858
1646056182 individuals_ID0000024 JOB_TERMINATED 3526.0 condorpool - 859
1646056186 individuals_ID0000024 JOB_SUCCESS 0 condorpool - 859
1646056186 individuals_ID0000024 POST_SCRIPT_STARTED 3526.0 condorpool - 859
1646056186 individuals_ID0000024 POST_SCRIPT_TERMINATED 3526.0 condorpool - 859
1646056191 individuals_ID0000024 POST_SCRIPT_SUCCESS 0 condorpool - 859
1646056201 individuals_ID0000020 JOB_TERMINATED 3528.0 condorpool - 861
1646056201 individuals_ID0000020 JOB_SUCCESS 0 condorpool - 861
1646056201 individuals_ID0000020 POST_SCRIPT_STARTED 3528.0 condorpool - 861
1646056202 individuals_ID0000020 POST_SCRIPT_TERMINATED 3528.0 condorpool - 861
1646056206 individuals_ID0000020 POST_SCRIPT_SUCCESS 0 condorpool - 861
1646056204 individuals_ID0000025 JOB_TERMINATED 3527.0 condorpool - 860
1646056206 individuals_ID0000025 JOB_SUCCESS 0 condorpool - 860
1646056206 individuals_ID0000025 POST_SCRIPT_STARTED 3527.0 condorpool - 860
1646056206 individuals_ID0000025 POST_SCRIPT_TERMINATED 3527.0 condorpool - 860
1646056211 individuals_ID0000025 POST_SCRIPT_SUCCESS 0 condorpool - 860
1646056218 individuals_ID0000021 JOB_TERMINATED 3529.0 condorpool - 862
1646056221 individuals_ID0000021 JOB_SUCCESS 0 condorpool - 862
1646056221 individuals_ID0000021 POST_SCRIPT_STARTED 3529.0 condorpool - 862
1646056221 individuals_ID0000021 POST_SCRIPT_TERMINATED 3529.0 condorpool - 862
1646056226 individuals_ID0000021 POST_SCRIPT_SUCCESS 0 condorpool - 862
1646056223 individuals_ID0000022 JOB_TERMINATED 3524.0 condorpool - 857
1646056226 individuals_ID0000022 JOB_SUCCESS 0 condorpool - 857
1646056226 individuals_ID0000022 POST_SCRIPT_STARTED 3524.0 condorpool - 857
1646056227 individuals_ID0000022 POST_SCRIPT_TERMINATED 3524.0 condorpool - 857
1646056231 individuals_ID0000022 POST_SCRIPT_SUCCESS 0 condorpool - 857
1646056236 individuals_merge_ID0000051 SUBMIT 3530.0 condorpool - 863
1646056256 individuals_merge_ID0000051 EXECUTE 3530.0 condorpool - 863
1646060492 individuals_merge_ID0000051 JOB_TERMINATED 3530.0 condorpool - 863
1646060495 individuals_merge_ID0000051 JOB_SUCCESS 0 condorpool - 863
1646060495 individuals_merge_ID0000051 POST_SCRIPT_STARTED 3530.0 condorpool - 863
1646060495 individuals_merge_ID0000051 POST_SCRIPT_TERMINATED 3530.0 condorpool - 863
1646060500 individuals_merge_ID0000051 POST_SCRIPT_SUCCESS 0 condorpool - 863
1646060505 frequency_ID0000060 SUBMIT 3531.0 condorpool - 864
1646060505 frequency_ID0000062 SUBMIT 3532.0 condorpool - 865
1646060505 mutation_overlap_ID0000053 SUBMIT 3533.0 condorpool - 866
1646060505 frequency_ID0000058 SUBMIT 3534.0 condorpool - 867
1646060505 mutation_overlap_ID0000063 SUBMIT 3535.0 condorpool - 868
1646060506 frequency_ID0000060 EXECUTE 3531.0 condorpool - 864
1646060506 frequency_ID0000062 EXECUTE 3532.0 condorpool - 865
1646060510 mutation_overlap_ID0000055 SUBMIT 3536.0 condorpool - 869
1646060510 mutation_overlap_ID0000065 SUBMIT 3537.0 condorpool - 870
1646060510 frequency_ID0000064 SUBMIT 3538.0 condorpool - 871
1646060510 frequency_ID0000054 SUBMIT 3539.0 condorpool - 872
1646060510 frequency_ID0000066 SUBMIT 3540.0 condorpool - 873
1646060515 mutation_overlap_ID0000061 SUBMIT 3541.0 condorpool - 874
1646060515 frequency_ID0000056 SUBMIT 3542.0 condorpool - 875
1646060515 mutation_overlap_ID0000057 SUBMIT 3543.0 condorpool - 876
1646060516 mutation_overlap_ID0000059 SUBMIT 3544.0 condorpool - 877
1646060527 mutation_overlap_ID0000057 EXECUTE 3543.0 condorpool - 876
1646060527 mutation_overlap_ID0000059 EXECUTE 3544.0 condorpool - 877
1646060527 frequency_ID0000058 EXECUTE 3534.0 condorpool - 867
1646060527 mutation_overlap_ID0000053 EXECUTE 3533.0 condorpool - 866
1646060527 mutation_overlap_ID0000055 EXECUTE 3536.0 condorpool - 869
1646060527 mutation_overlap_ID0000065 EXECUTE 3537.0 condorpool - 870
1646060527 mutation_overlap_ID0000063 EXECUTE 3535.0 condorpool - 868
1646060527 frequency_ID0000054 EXECUTE 3539.0 condorpool - 872
1646060527 frequency_ID0000064 EXECUTE 3538.0 condorpool - 871
1646060528 mutation_overlap_ID0000061 EXECUTE 3541.0 condorpool - 874
1646060528 frequency_ID0000066 EXECUTE 3540.0 condorpool - 873
1646060528 frequency_ID0000056 EXECUTE 3542.0 condorpool - 875
1646060730 mutation_overlap_ID0000065 JOB_TERMINATED 3537.0 condorpool - 870
1646060731 mutation_overlap_ID0000065 JOB_SUCCESS 0 condorpool - 870
1646060731 mutation_overlap_ID0000065 POST_SCRIPT_STARTED 3537.0 condorpool - 870
1646060731 mutation_overlap_ID0000065 POST_SCRIPT_TERMINATED 3537.0 condorpool - 870
1646060736 mutation_overlap_ID0000065 POST_SCRIPT_SUCCESS 0 condorpool - 870
1646060733 mutation_overlap_ID0000063 JOB_TERMINATED 3535.0 condorpool - 868
1646060736 mutation_overlap_ID0000063 JOB_SUCCESS 0 condorpool - 868
1646060736 mutation_overlap_ID0000063 POST_SCRIPT_STARTED 3535.0 condorpool - 868
1646060733 mutation_overlap_ID0000059 JOB_TERMINATED 3544.0 condorpool - 877
1646060736 mutation_overlap_ID0000059 JOB_SUCCESS 0 condorpool - 877
1646060736 mutation_overlap_ID0000059 POST_SCRIPT_STARTED 3544.0 condorpool - 877
1646060736 mutation_overlap_ID0000055 JOB_TERMINATED 3536.0 condorpool - 869
1646060736 mutation_overlap_ID0000055 JOB_SUCCESS 0 condorpool - 869
1646060736 mutation_overlap_ID0000055 POST_SCRIPT_STARTED 3536.0 condorpool - 869
1646060736 mutation_overlap_ID0000061 JOB_TERMINATED 3541.0 condorpool - 874
1646060741 mutation_overlap_ID0000061 JOB_SUCCESS 0 condorpool - 874
1646060741 mutation_overlap_ID0000061 POST_SCRIPT_STARTED 3541.0 condorpool - 874
1646060736 mutation_overlap_ID0000055 POST_SCRIPT_TERMINATED 3536.0 condorpool - 869
1646060741 mutation_overlap_ID0000055 POST_SCRIPT_SUCCESS 0 condorpool - 869
1646060736 mutation_overlap_ID0000059 POST_SCRIPT_TERMINATED 3544.0 condorpool - 877
1646060741 mutation_overlap_ID0000059 POST_SCRIPT_SUCCESS 0 condorpool - 877
1646060736 mutation_overlap_ID0000063 POST_SCRIPT_TERMINATED 3535.0 condorpool - 868
1646060741 mutation_overlap_ID0000063 POST_SCRIPT_SUCCESS 0 condorpool - 868
1646060741 mutation_overlap_ID0000053 JOB_TERMINATED 3533.0 condorpool - 866
1646060741 mutation_overlap_ID0000053 JOB_SUCCESS 0 condorpool - 866
1646060741 mutation_overlap_ID0000053 POST_SCRIPT_STARTED 3533.0 condorpool - 866
1646060741 mutation_overlap_ID0000053 POST_SCRIPT_TERMINATED 3533.0 condorpool - 866
1646060746 mutation_overlap_ID0000053 POST_SCRIPT_SUCCESS 0 condorpool - 866
1646060741 mutation_overlap_ID0000061 POST_SCRIPT_TERMINATED 3541.0 condorpool - 874
1646060746 mutation_overlap_ID0000061 POST_SCRIPT_SUCCESS 0 condorpool - 874
1646060794 mutation_overlap_ID0000057 JOB_TERMINATED 3543.0 condorpool - 876
1646060797 mutation_overlap_ID0000057 JOB_SUCCESS 0 condorpool - 876
1646060797 mutation_overlap_ID0000057 POST_SCRIPT_STARTED 3543.0 condorpool - 876
1646060797 mutation_overlap_ID0000057 POST_SCRIPT_TERMINATED 3543.0 condorpool - 876
1646060802 mutation_overlap_ID0000057 POST_SCRIPT_SUCCESS 0 condorpool - 876
1646061239 frequency_ID0000064 JOB_TERMINATED 3538.0 condorpool - 871
1646061242 frequency_ID0000064 JOB_SUCCESS 0 condorpool - 871
1646061242 frequency_ID0000064 POST_SCRIPT_STARTED 3538.0 condorpool - 871
1646061243 frequency_ID0000064 POST_SCRIPT_TERMINATED 3538.0 condorpool - 871
1646061247 frequency_ID0000064 POST_SCRIPT_SUCCESS 0 condorpool - 871
1646061322 frequency_ID0000066 JOB_TERMINATED 3540.0 condorpool - 873
1646061327 frequency_ID0000066 JOB_SUCCESS 0 condorpool - 873
1646061327 frequency_ID0000066 POST_SCRIPT_STARTED 3540.0 condorpool - 873
1646061326 frequency_ID0000062 JOB_TERMINATED 3532.0 condorpool - 865
1646061327 frequency_ID0000062 JOB_SUCCESS 0 condorpool - 865
1646061327 frequency_ID0000062 POST_SCRIPT_STARTED 3532.0 condorpool - 865
1646061327 frequency_ID0000060 JOB_TERMINATED 3531.0 condorpool - 864
1646061332 frequency_ID0000060 JOB_SUCCESS 0 condorpool - 864
1646061332 frequency_ID0000060 POST_SCRIPT_STARTED 3531.0 condorpool - 864
1646061327 frequency_ID0000066 POST_SCRIPT_TERMINATED 3540.0 condorpool - 873
1646061332 frequency_ID0000066 POST_SCRIPT_SUCCESS 0 condorpool - 873
1646061327 frequency_ID0000062 POST_SCRIPT_TERMINATED 3532.0 condorpool - 865
1646061332 frequency_ID0000062 POST_SCRIPT_SUCCESS 0 condorpool - 865
1646061333 frequency_ID0000060 POST_SCRIPT_TERMINATED 3531.0 condorpool - 864
1646061337 frequency_ID0000060 POST_SCRIPT_SUCCESS 0 condorpool - 864
1646061388 frequency_ID0000056 JOB_TERMINATED 3542.0 condorpool - 875
1646061392 frequency_ID0000056 JOB_SUCCESS 0 condorpool - 875
1646061392 frequency_ID0000056 POST_SCRIPT_STARTED 3542.0 condorpool - 875
1646061392 frequency_ID0000056 POST_SCRIPT_TERMINATED 3542.0 condorpool - 875
1646061397 frequency_ID0000056 POST_SCRIPT_SUCCESS 0 condorpool - 875
1646061398 frequency_ID0000058 JOB_TERMINATED 3534.0 condorpool - 867
1646061402 frequency_ID0000058 JOB_SUCCESS 0 condorpool - 867
1646061402 frequency_ID0000058 POST_SCRIPT_STARTED 3534.0 condorpool - 867
1646061403 frequency_ID0000058 POST_SCRIPT_TERMINATED 3534.0 condorpool - 867
1646061407 frequency_ID0000058 POST_SCRIPT_SUCCESS 0 condorpool - 867
1646061412 stage_out_local_local_2_1 SUBMIT 3545.0 local - 878
1646061412 stage_out_local_local_2_1 EXECUTE 3545.0 local - 878
1646061416 stage_out_local_local_2_1 JOB_TERMINATED 3545.0 local - 878
1646061417 stage_out_local_local_2_1 JOB_SUCCESS 0 local - 878
1646061417 stage_out_local_local_2_1 POST_SCRIPT_STARTED 3545.0 local - 878
1646061417 stage_out_local_local_2_1 POST_SCRIPT_TERMINATED 3545.0 local - 878
1646061422 stage_out_local_local_2_1 POST_SCRIPT_SUCCESS 0 local - 878
1646061445 frequency_ID0000054 JOB_TERMINATED 3539.0 condorpool - 872
1646061447 frequency_ID0000054 JOB_SUCCESS 0 condorpool - 872
1646061447 frequency_ID0000054 POST_SCRIPT_STARTED 3539.0 condorpool - 872
1646061447 frequency_ID0000054 POST_SCRIPT_TERMINATED 3539.0 condorpool - 872
1646061452 frequency_ID0000054 POST_SCRIPT_SUCCESS 0 condorpool - 872
1646061457 stage_out_local_local_2_0 SUBMIT 3546.0 local - 879
1646061457 stage_out_local_local_2_0 EXECUTE 3546.0 local - 879
1646061462 stage_out_local_local_2_0 JOB_TERMINATED 3546.0 local - 879
1646061462 stage_out_local_local_2_0 JOB_SUCCESS 0 local - 879
1646061462 stage_out_local_local_2_0 POST_SCRIPT_STARTED 3546.0 local - 879
1646061463 stage_out_local_local_2_0 POST_SCRIPT_TERMINATED 3546.0 local - 879
1646061467 stage_out_local_local_2_0 POST_SCRIPT_SUCCESS 0 local - 879
1646061472 cleanup_1000-genome_0_local SUBMIT 3547.0 local - 880
1646061472 cleanup_1000-genome_0_local EXECUTE 3547.0 local - 880
1646061474 cleanup_1000-genome_0_local JOB_TERMINATED 3547.0 local - 880
1646061477 cleanup_1000-genome_0_local JOB_SUCCESS 0 local - 880
1646061477 cleanup_1000-genome_0_local POST_SCRIPT_STARTED 3547.0 local - 880
1646061477 cleanup_1000-genome_0_local POST_SCRIPT_TERMINATED 3547.0 local - 880
1646061482 cleanup_1000-genome_0_local POST_SCRIPT_SUCCESS 0 local - 880
1646061482 INTERNAL *** DAGMAN_FINISHED 0 ***
1646061484 INTERNAL *** MONITORD_FINISHED 0 ***
