1646472304 INTERNAL *** MONITORD_STARTED ***
1646472303 INTERNAL *** DAGMAN_STARTED 4440.0 ***
1646472307 create_dir_1000-genome_0_local SUBMIT 4441.0 local - 561
1646472309 create_dir_1000-genome_0_local EXECUTE 4441.0 local - 561
1646472311 create_dir_1000-genome_0_local JOB_TERMINATED 4441.0 local - 561
1646472312 create_dir_1000-genome_0_local JOB_SUCCESS 0 local - 561
1646472312 create_dir_1000-genome_0_local POST_SCRIPT_STARTED 4441.0 local - 561
1646472312 create_dir_1000-genome_0_local POST_SCRIPT_TERMINATED 4441.0 local - 561
1646472317 create_dir_1000-genome_0_local POST_SCRIPT_SUCCESS 0 local - 561
1646472322 stage_in_remote_local_2_0 SUBMIT 4442.0 local - 562
1646472322 stage_in_remote_local_2_0 EXECUTE 4442.0 local - 562
1646472322 stage_in_remote_local_1_0 SUBMIT 4443.0 local - 563
1646472322 stage_in_remote_local_0_0 SUBMIT 4444.0 local - 564
1646472322 stage_in_local_local_0_0 SUBMIT 4445.0 local - 565
1646472322 stage_in_local_local_2_0 SUBMIT 4446.0 local - 566
1646472324 stage_in_remote_local_2_0 JOB_TERMINATED 4442.0 local - 562
1646472327 stage_in_remote_local_2_0 JOB_SUCCESS 0 local - 562
1646472327 stage_in_remote_local_2_0 POST_SCRIPT_STARTED 4442.0 local - 562
1646472324 stage_in_remote_local_0_0 EXECUTE 4444.0 local - 564
1646472324 stage_in_remote_local_1_0 EXECUTE 4443.0 local - 563
1646472324 stage_in_local_local_2_0 EXECUTE 4446.0 local - 566
1646472324 stage_in_local_local_0_0 EXECUTE 4445.0 local - 565
1646472326 stage_in_remote_local_0_0 JOB_TERMINATED 4444.0 local - 564
1646472327 stage_in_remote_local_0_0 JOB_SUCCESS 0 local - 564
1646472327 stage_in_remote_local_0_0 POST_SCRIPT_STARTED 4444.0 local - 564
1646472327 stage_in_remote_local_1_0 JOB_TERMINATED 4443.0 local - 563
1646472327 stage_in_remote_local_1_0 JOB_SUCCESS 0 local - 563
1646472327 stage_in_remote_local_1_0 POST_SCRIPT_STARTED 4443.0 local - 563
1646472327 stage_in_local_local_0_0 JOB_TERMINATED 4445.0 local - 565
1646472327 stage_in_local_local_0_0 JOB_SUCCESS 0 local - 565
1646472327 stage_in_local_local_0_0 POST_SCRIPT_STARTED 4445.0 local - 565
1646472327 stage_in_remote_local_0_1 SUBMIT 4447.0 local - 567
1646472327 stage_in_remote_local_0_1 EXECUTE 4447.0 local - 567
1646472327 stage_in_local_local_0_1 SUBMIT 4448.0 local - 568
1646472327 stage_in_local_local_0_1 EXECUTE 4448.0 local - 568
1646472327 stage_in_local_local_2_1 SUBMIT 4449.0 local - 569
1646472327 stage_in_local_local_2_1 EXECUTE 4449.0 local - 569
1646472327 stage_in_remote_local_2_1 SUBMIT 4450.0 local - 570
1646472327 stage_in_local_local_0_2 SUBMIT 4451.0 local - 571
1646472327 stage_in_remote_local_2_0 POST_SCRIPT_TERMINATED 4442.0 local - 562
1646472332 stage_in_remote_local_2_0 POST_SCRIPT_SUCCESS 0 local - 562
1646472328 stage_in_remote_local_0_0 POST_SCRIPT_TERMINATED 4444.0 local - 564
1646472332 stage_in_remote_local_0_0 POST_SCRIPT_SUCCESS 0 local - 564
1646472328 stage_in_local_local_0_0 POST_SCRIPT_TERMINATED 4445.0 local - 565
1646472332 stage_in_local_local_0_0 POST_SCRIPT_SUCCESS 0 local - 565
1646472328 stage_in_remote_local_1_0 POST_SCRIPT_TERMINATED 4443.0 local - 563
1646472332 stage_in_remote_local_1_0 POST_SCRIPT_SUCCESS 0 local - 563
1646472328 stage_in_local_local_2_0 JOB_TERMINATED 4446.0 local - 566
1646472332 stage_in_local_local_2_0 JOB_SUCCESS 0 local - 566
1646472332 stage_in_local_local_2_0 POST_SCRIPT_STARTED 4446.0 local - 566
1646472329 stage_in_local_local_0_2 EXECUTE 4451.0 local - 571
1646472329 stage_in_remote_local_2_1 EXECUTE 4450.0 local - 570
1646472329 stage_in_remote_local_0_1 JOB_TERMINATED 4447.0 local - 567
1646472332 stage_in_remote_local_0_1 JOB_SUCCESS 0 local - 567
1646472332 stage_in_remote_local_0_1 POST_SCRIPT_STARTED 4447.0 local - 567
1646472330 stage_in_local_local_0_1 JOB_TERMINATED 4448.0 local - 568
1646472332 stage_in_local_local_0_1 JOB_SUCCESS 0 local - 568
1646472332 stage_in_local_local_0_1 POST_SCRIPT_STARTED 4448.0 local - 568
1646472331 stage_in_local_local_0_2 JOB_TERMINATED 4451.0 local - 571
1646472332 stage_in_local_local_0_2 JOB_SUCCESS 0 local - 571
1646472332 stage_in_local_local_0_2 POST_SCRIPT_STARTED 4451.0 local - 571
1646472331 stage_in_remote_local_2_1 JOB_TERMINATED 4450.0 local - 570
1646472332 stage_in_remote_local_2_1 JOB_SUCCESS 0 local - 570
1646472332 stage_in_remote_local_2_1 POST_SCRIPT_STARTED 4450.0 local - 570
1646472331 stage_in_local_local_2_1 JOB_TERMINATED 4449.0 local - 569
1646472332 stage_in_local_local_2_1 JOB_SUCCESS 0 local - 569
1646472332 stage_in_local_local_2_1 POST_SCRIPT_STARTED 4449.0 local - 569
1646472332 stage_in_local_local_2_0 POST_SCRIPT_TERMINATED 4446.0 local - 566
1646472337 stage_in_local_local_2_0 POST_SCRIPT_SUCCESS 0 local - 566
1646472332 stage_in_remote_local_2_1 POST_SCRIPT_TERMINATED 4450.0 local - 570
1646472337 stage_in_remote_local_2_1 POST_SCRIPT_SUCCESS 0 local - 570
1646472332 stage_in_local_local_0_2 POST_SCRIPT_TERMINATED 4451.0 local - 571
1646472337 stage_in_local_local_0_2 POST_SCRIPT_SUCCESS 0 local - 571
1646472332 stage_in_local_local_0_1 POST_SCRIPT_TERMINATED 4448.0 local - 568
1646472337 stage_in_local_local_0_1 POST_SCRIPT_SUCCESS 0 local - 568
1646472332 stage_in_remote_local_0_1 POST_SCRIPT_TERMINATED 4447.0 local - 567
1646472337 stage_in_remote_local_0_1 POST_SCRIPT_SUCCESS 0 local - 567
1646472332 stage_in_local_local_2_1 POST_SCRIPT_TERMINATED 4449.0 local - 569
1646472337 stage_in_local_local_2_1 POST_SCRIPT_SUCCESS 0 local - 569
1646472342 individuals_ID0000037 SUBMIT 4452.0 condorpool - 572
1646472342 individuals_ID0000038 SUBMIT 4453.0 condorpool - 573
1646472342 individuals_ID0000039 SUBMIT 4454.0 condorpool - 574
1646472342 individuals_ID0000033 SUBMIT 4455.0 condorpool - 575
1646472342 individuals_ID0000034 SUBMIT 4456.0 condorpool - 576
1646472347 individuals_ID0000035 SUBMIT 4457.0 condorpool - 577
1646472347 individuals_ID0000036 SUBMIT 4458.0 condorpool - 578
1646472347 individuals_ID0000030 SUBMIT 4459.0 condorpool - 579
1646472347 individuals_ID0000031 SUBMIT 4460.0 condorpool - 580
1646472347 individuals_ID0000032 SUBMIT 4461.0 condorpool - 581
1646472348 individuals_ID0000034 EXECUTE 4456.0 condorpool - 576
1646472351 individuals_ID0000033 EXECUTE 4455.0 condorpool - 575
1646472351 individuals_ID0000037 EXECUTE 4452.0 condorpool - 572
1646472351 individuals_ID0000038 EXECUTE 4453.0 condorpool - 573
1646472351 individuals_ID0000039 EXECUTE 4454.0 condorpool - 574
1646472352 individuals_ID0000004 SUBMIT 4462.0 condorpool - 582
1646472352 individuals_ID0000048 SUBMIT 4463.0 condorpool - 583
1646472352 individuals_ID0000005 SUBMIT 4464.0 condorpool - 584
1646472352 individuals_ID0000049 SUBMIT 4465.0 condorpool - 585
1646472352 individuals_ID0000006 SUBMIT 4466.0 condorpool - 586
1646472358 individuals_ID0000007 SUBMIT 4467.0 condorpool - 587
1646472358 individuals_ID0000044 SUBMIT 4468.0 condorpool - 588
1646472358 individuals_ID0000001 SUBMIT 4469.0 condorpool - 589
1646472358 individuals_ID0000045 SUBMIT 4470.0 condorpool - 590
1646472358 individuals_ID0000002 SUBMIT 4471.0 condorpool - 591
1646472363 individuals_ID0000046 SUBMIT 4472.0 condorpool - 592
1646472363 individuals_ID0000003 SUBMIT 4473.0 condorpool - 593
1646472363 individuals_ID0000047 SUBMIT 4474.0 condorpool - 594
1646472363 individuals_ID0000008 SUBMIT 4475.0 condorpool - 595
1646472363 individuals_ID0000009 SUBMIT 4476.0 condorpool - 596
1646472368 individuals_ID0000040 SUBMIT 4477.0 condorpool - 597
1646472368 individuals_ID0000041 SUBMIT 4478.0 condorpool - 598
1646472368 individuals_ID0000042 SUBMIT 4479.0 condorpool - 599
1646472368 individuals_ID0000043 SUBMIT 4480.0 condorpool - 600
1646472368 individuals_ID0000015 SUBMIT 4481.0 condorpool - 601
1646472370 individuals_ID0000005 EXECUTE 4464.0 condorpool - 584
1646472372 individuals_ID0000030 EXECUTE 4459.0 condorpool - 579
1646472373 individuals_ID0000016 SUBMIT 4482.0 condorpool - 602
1646472373 individuals_ID0000017 SUBMIT 4483.0 condorpool - 603
1646472373 individuals_ID0000018 SUBMIT 4484.0 condorpool - 604
1646472373 individuals_ID0000011 SUBMIT 4485.0 condorpool - 605
1646472373 individuals_ID0000012 SUBMIT 4486.0 condorpool - 606
1646472374 individuals_ID0000044 EXECUTE 4468.0 condorpool - 588
1646472374 individuals_ID0000002 EXECUTE 4471.0 condorpool - 591
1646472376 individuals_ID0000035 EXECUTE 4457.0 condorpool - 577
1646472376 individuals_ID0000036 EXECUTE 4458.0 condorpool - 578
1646472376 individuals_ID0000049 EXECUTE 4465.0 condorpool - 585
1646472378 individuals_ID0000006 EXECUTE 4466.0 condorpool - 586
1646472378 individuals_ID0000001 EXECUTE 4469.0 condorpool - 589
1646472378 individuals_ID0000045 EXECUTE 4470.0 condorpool - 590
1646472378 individuals_ID0000032 EXECUTE 4461.0 condorpool - 581
1646472378 individuals_ID0000013 SUBMIT 4487.0 condorpool - 607
1646472379 individuals_ID0000014 SUBMIT 4488.0 condorpool - 608
1646472379 individuals_ID0000019 SUBMIT 4489.0 condorpool - 609
1646472379 individuals_ID0000010 SUBMIT 4490.0 condorpool - 610
1646472379 individuals_ID0000050 SUBMIT 4491.0 condorpool - 611
1646472379 individuals_ID0000007 EXECUTE 4467.0 condorpool - 587
1646472380 individuals_ID0000004 EXECUTE 4462.0 condorpool - 582
1646472380 individuals_ID0000031 EXECUTE 4460.0 condorpool - 580
1646472384 individuals_ID0000048 EXECUTE 4463.0 condorpool - 583
1646472384 individuals_ID0000026 SUBMIT 4492.0 condorpool - 612
1646472384 individuals_ID0000027 SUBMIT 4493.0 condorpool - 613
1646472384 individuals_ID0000028 SUBMIT 4494.0 condorpool - 614
1646472384 individuals_ID0000029 SUBMIT 4495.0 condorpool - 615
1646472384 individuals_ID0000022 SUBMIT 4496.0 condorpool - 616
1646472389 individuals_ID0000023 SUBMIT 4497.0 condorpool - 617
1646472389 individuals_ID0000024 SUBMIT 4498.0 condorpool - 618
1646472389 individuals_ID0000025 SUBMIT 4499.0 condorpool - 619
1646472389 individuals_ID0000020 SUBMIT 4500.0 condorpool - 620
1646472389 individuals_ID0000021 SUBMIT 4501.0 condorpool - 621
1646472394 sifting_ID0000052 SUBMIT 4502.0 condorpool - 622
1646472446 individuals_ID0000001 JOB_TERMINATED 4469.0 condorpool - 589
1646472449 individuals_ID0000001 JOB_SUCCESS 0 condorpool - 589
1646472449 individuals_ID0000001 POST_SCRIPT_STARTED 4469.0 condorpool - 589
1646472450 individuals_ID0000001 POST_SCRIPT_TERMINATED 4469.0 condorpool - 589
1646472454 individuals_ID0000001 POST_SCRIPT_SUCCESS 0 condorpool - 589
1646472450 individuals_ID0000046 EXECUTE 4472.0 condorpool - 592
1646472760 individuals_ID0000032 JOB_TERMINATED 4461.0 condorpool - 581
1646472764 individuals_ID0000032 JOB_SUCCESS 0 condorpool - 581
1646472764 individuals_ID0000032 POST_SCRIPT_STARTED 4461.0 condorpool - 581
1646472763 individuals_ID0000031 JOB_TERMINATED 4460.0 condorpool - 580
1646472764 individuals_ID0000031 JOB_SUCCESS 0 condorpool - 580
1646472764 individuals_ID0000031 POST_SCRIPT_STARTED 4460.0 condorpool - 580
1646472764 individuals_ID0000003 EXECUTE 4473.0 condorpool - 593
1646472764 individuals_ID0000031 POST_SCRIPT_TERMINATED 4460.0 condorpool - 580
1646472769 individuals_ID0000031 POST_SCRIPT_SUCCESS 0 condorpool - 580
1646472764 individuals_ID0000032 POST_SCRIPT_TERMINATED 4461.0 condorpool - 581
1646472769 individuals_ID0000032 POST_SCRIPT_SUCCESS 0 condorpool - 581
1646472766 individuals_ID0000004 JOB_TERMINATED 4462.0 condorpool - 582
1646472769 individuals_ID0000004 JOB_SUCCESS 0 condorpool - 582
1646472769 individuals_ID0000004 POST_SCRIPT_STARTED 4462.0 condorpool - 582
1646472766 individuals_ID0000047 EXECUTE 4474.0 condorpool - 594
1646472767 individuals_ID0000048 JOB_TERMINATED 4463.0 condorpool - 583
1646472769 individuals_ID0000048 JOB_SUCCESS 0 condorpool - 583
1646472769 individuals_ID0000048 POST_SCRIPT_STARTED 4463.0 condorpool - 583
1646472768 individuals_ID0000002 JOB_TERMINATED 4471.0 condorpool - 591
1646472769 individuals_ID0000002 JOB_SUCCESS 0 condorpool - 591
1646472769 individuals_ID0000002 POST_SCRIPT_STARTED 4471.0 condorpool - 591
1646472770 individuals_ID0000004 POST_SCRIPT_TERMINATED 4462.0 condorpool - 582
1646472774 individuals_ID0000004 POST_SCRIPT_SUCCESS 0 condorpool - 582
1646472770 individuals_ID0000002 POST_SCRIPT_TERMINATED 4471.0 condorpool - 591
1646472774 individuals_ID0000002 POST_SCRIPT_SUCCESS 0 condorpool - 591
1646472770 individuals_ID0000048 POST_SCRIPT_TERMINATED 4463.0 condorpool - 583
1646472774 individuals_ID0000048 POST_SCRIPT_SUCCESS 0 condorpool - 583
1646472772 individuals_ID0000008 EXECUTE 4475.0 condorpool - 595
1646472772 individuals_ID0000009 EXECUTE 4476.0 condorpool - 596
1646472773 individuals_ID0000040 EXECUTE 4477.0 condorpool - 597
1646472848 individuals_ID0000037 JOB_TERMINATED 4452.0 condorpool - 572
1646472849 individuals_ID0000037 JOB_SUCCESS 0 condorpool - 572
1646472849 individuals_ID0000037 POST_SCRIPT_STARTED 4452.0 condorpool - 572
1646472849 individuals_ID0000037 POST_SCRIPT_TERMINATED 4452.0 condorpool - 572
1646472854 individuals_ID0000037 POST_SCRIPT_SUCCESS 0 condorpool - 572
1646472849 individuals_ID0000033 JOB_TERMINATED 4455.0 condorpool - 575
1646472854 individuals_ID0000033 JOB_SUCCESS 0 condorpool - 575
1646472854 individuals_ID0000033 POST_SCRIPT_STARTED 4455.0 condorpool - 575
1646472852 individuals_ID0000039 JOB_TERMINATED 4454.0 condorpool - 574
1646472854 individuals_ID0000039 JOB_SUCCESS 0 condorpool - 574
1646472854 individuals_ID0000039 POST_SCRIPT_STARTED 4454.0 condorpool - 574
1646472853 individuals_ID0000041 EXECUTE 4478.0 condorpool - 598
1646472854 individuals_ID0000042 EXECUTE 4479.0 condorpool - 599
1646472854 individuals_ID0000033 POST_SCRIPT_TERMINATED 4455.0 condorpool - 575
1646472859 individuals_ID0000033 POST_SCRIPT_SUCCESS 0 condorpool - 575
1646472854 individuals_ID0000039 POST_SCRIPT_TERMINATED 4454.0 condorpool - 574
1646472859 individuals_ID0000039 POST_SCRIPT_SUCCESS 0 condorpool - 574
1646472855 individuals_ID0000038 JOB_TERMINATED 4453.0 condorpool - 573
1646472859 individuals_ID0000038 JOB_SUCCESS 0 condorpool - 573
1646472859 individuals_ID0000038 POST_SCRIPT_STARTED 4453.0 condorpool - 573
1646472857 individuals_ID0000043 EXECUTE 4480.0 condorpool - 600
1646472857 individuals_ID0000044 JOB_TERMINATED 4468.0 condorpool - 588
1646472859 individuals_ID0000044 JOB_SUCCESS 0 condorpool - 588
1646472859 individuals_ID0000044 POST_SCRIPT_STARTED 4468.0 condorpool - 588
1646472859 individuals_ID0000044 POST_SCRIPT_TERMINATED 4468.0 condorpool - 588
1646472864 individuals_ID0000044 POST_SCRIPT_SUCCESS 0 condorpool - 588
1646472859 individuals_ID0000038 POST_SCRIPT_TERMINATED 4453.0 condorpool - 573
1646472864 individuals_ID0000038 POST_SCRIPT_SUCCESS 0 condorpool - 573
1646472860 individuals_ID0000015 EXECUTE 4481.0 condorpool - 601
1646472861 individuals_ID0000016 EXECUTE 4482.0 condorpool - 602
1646472867 individuals_ID0000045 JOB_TERMINATED 4470.0 condorpool - 590
1646472869 individuals_ID0000045 JOB_SUCCESS 0 condorpool - 590
1646472869 individuals_ID0000045 POST_SCRIPT_STARTED 4470.0 condorpool - 590
1646472869 individuals_ID0000045 POST_SCRIPT_TERMINATED 4470.0 condorpool - 590
1646472874 individuals_ID0000045 POST_SCRIPT_SUCCESS 0 condorpool - 590
1646472872 individuals_ID0000017 EXECUTE 4483.0 condorpool - 603
1646472893 individuals_ID0000034 JOB_TERMINATED 4456.0 condorpool - 576
1646472894 individuals_ID0000034 JOB_SUCCESS 0 condorpool - 576
1646472894 individuals_ID0000034 POST_SCRIPT_STARTED 4456.0 condorpool - 576
1646472895 individuals_ID0000034 POST_SCRIPT_TERMINATED 4456.0 condorpool - 576
1646472899 individuals_ID0000034 POST_SCRIPT_SUCCESS 0 condorpool - 576
1646472896 individuals_ID0000018 EXECUTE 4484.0 condorpool - 604
1646472918 individuals_ID0000030 JOB_TERMINATED 4459.0 condorpool - 579
1646472919 individuals_ID0000030 JOB_SUCCESS 0 condorpool - 579
1646472919 individuals_ID0000030 POST_SCRIPT_STARTED 4459.0 condorpool - 579
1646472919 individuals_ID0000030 POST_SCRIPT_TERMINATED 4459.0 condorpool - 579
1646472924 individuals_ID0000030 POST_SCRIPT_SUCCESS 0 condorpool - 579
1646472920 individuals_ID0000036 JOB_TERMINATED 4458.0 condorpool - 578
1646472924 individuals_ID0000036 JOB_SUCCESS 0 condorpool - 578
1646472924 individuals_ID0000036 POST_SCRIPT_STARTED 4458.0 condorpool - 578
1646472923 individuals_ID0000011 EXECUTE 4485.0 condorpool - 605
1646472923 individuals_ID0000035 JOB_TERMINATED 4457.0 condorpool - 577
1646472924 individuals_ID0000035 JOB_SUCCESS 0 condorpool - 577
1646472924 individuals_ID0000035 POST_SCRIPT_STARTED 4457.0 condorpool - 577
1646472924 individuals_ID0000036 POST_SCRIPT_TERMINATED 4458.0 condorpool - 578
1646472929 individuals_ID0000036 POST_SCRIPT_SUCCESS 0 condorpool - 578
1646472924 individuals_ID0000035 POST_SCRIPT_TERMINATED 4457.0 condorpool - 577
1646472929 individuals_ID0000035 POST_SCRIPT_SUCCESS 0 condorpool - 577
1646472925 individuals_ID0000012 EXECUTE 4486.0 condorpool - 606
1646472928 individuals_ID0000013 EXECUTE 4487.0 condorpool - 607
1646472941 individuals_ID0000046 JOB_TERMINATED 4472.0 condorpool - 592
1646472944 individuals_ID0000046 JOB_SUCCESS 0 condorpool - 592
1646472944 individuals_ID0000046 POST_SCRIPT_STARTED 4472.0 condorpool - 592
1646472945 individuals_ID0000046 POST_SCRIPT_TERMINATED 4472.0 condorpool - 592
1646472949 individuals_ID0000046 POST_SCRIPT_SUCCESS 0 condorpool - 592
1646472945 individuals_ID0000014 EXECUTE 4488.0 condorpool - 608
1646472962 individuals_ID0000005 JOB_TERMINATED 4464.0 condorpool - 584
1646472964 individuals_ID0000005 JOB_SUCCESS 0 condorpool - 584
1646472964 individuals_ID0000005 POST_SCRIPT_STARTED 4464.0 condorpool - 584
1646472963 individuals_ID0000049 JOB_TERMINATED 4465.0 condorpool - 585
1646472964 individuals_ID0000049 JOB_SUCCESS 0 condorpool - 585
1646472964 individuals_ID0000049 POST_SCRIPT_STARTED 4465.0 condorpool - 585
1646472963 individuals_ID0000007 JOB_TERMINATED 4467.0 condorpool - 587
1646472964 individuals_ID0000007 JOB_SUCCESS 0 condorpool - 587
1646472964 individuals_ID0000007 POST_SCRIPT_STARTED 4467.0 condorpool - 587
1646472964 individuals_ID0000007 POST_SCRIPT_TERMINATED 4467.0 condorpool - 587
1646472969 individuals_ID0000007 POST_SCRIPT_SUCCESS 0 condorpool - 587
1646472964 individuals_ID0000005 POST_SCRIPT_TERMINATED 4464.0 condorpool - 584
1646472969 individuals_ID0000005 POST_SCRIPT_SUCCESS 0 condorpool - 584
1646472964 individuals_ID0000049 POST_SCRIPT_TERMINATED 4465.0 condorpool - 585
1646472969 individuals_ID0000049 POST_SCRIPT_SUCCESS 0 condorpool - 585
1646472968 individuals_ID0000019 EXECUTE 4489.0 condorpool - 609
1646472968 individuals_ID0000050 EXECUTE 4491.0 condorpool - 611
1646472968 individuals_ID0000010 EXECUTE 4490.0 condorpool - 610
1646472972 individuals_ID0000006 JOB_TERMINATED 4466.0 condorpool - 586
1646472974 individuals_ID0000006 JOB_SUCCESS 0 condorpool - 586
1646472974 individuals_ID0000006 POST_SCRIPT_STARTED 4466.0 condorpool - 586
1646472975 individuals_ID0000006 POST_SCRIPT_TERMINATED 4466.0 condorpool - 586
1646472979 individuals_ID0000006 POST_SCRIPT_SUCCESS 0 condorpool - 586
1646472976 individuals_ID0000026 EXECUTE 4492.0 condorpool - 612
1646473167 individuals_ID0000047 JOB_TERMINATED 4474.0 condorpool - 594
1646473169 individuals_ID0000047 JOB_SUCCESS 0 condorpool - 594
1646473169 individuals_ID0000047 POST_SCRIPT_STARTED 4474.0 condorpool - 594
1646473169 individuals_ID0000003 JOB_TERMINATED 4473.0 condorpool - 593
1646473174 individuals_ID0000003 JOB_SUCCESS 0 condorpool - 593
1646473174 individuals_ID0000003 POST_SCRIPT_STARTED 4473.0 condorpool - 593
1646473169 individuals_ID0000047 POST_SCRIPT_TERMINATED 4474.0 condorpool - 594
1646473174 individuals_ID0000047 POST_SCRIPT_SUCCESS 0 condorpool - 594
1646473169 individuals_ID0000008 JOB_TERMINATED 4475.0 condorpool - 595
1646473174 individuals_ID0000008 JOB_SUCCESS 0 condorpool - 595
1646473174 individuals_ID0000008 POST_SCRIPT_STARTED 4475.0 condorpool - 595
1646473171 individuals_ID0000027 EXECUTE 4493.0 condorpool - 613
1646473174 individuals_ID0000028 EXECUTE 4494.0 condorpool - 614
1646473174 individuals_ID0000029 EXECUTE 4495.0 condorpool - 615
1646473174 individuals_ID0000008 POST_SCRIPT_TERMINATED 4475.0 condorpool - 595
1646473179 individuals_ID0000008 POST_SCRIPT_SUCCESS 0 condorpool - 595
1646473174 individuals_ID0000003 POST_SCRIPT_TERMINATED 4473.0 condorpool - 593
1646473179 individuals_ID0000003 POST_SCRIPT_SUCCESS 0 condorpool - 593
1646473178 individuals_ID0000009 JOB_TERMINATED 4476.0 condorpool - 596
1646473179 individuals_ID0000009 JOB_SUCCESS 0 condorpool - 596
1646473179 individuals_ID0000009 POST_SCRIPT_STARTED 4476.0 condorpool - 596
1646473180 individuals_ID0000009 POST_SCRIPT_TERMINATED 4476.0 condorpool - 596
1646473184 individuals_ID0000009 POST_SCRIPT_SUCCESS 0 condorpool - 596
1646473182 individuals_ID0000022 EXECUTE 4496.0 condorpool - 616
1646473276 individuals_ID0000040 JOB_TERMINATED 4477.0 condorpool - 597
1646473279 individuals_ID0000040 JOB_SUCCESS 0 condorpool - 597
1646473279 individuals_ID0000040 POST_SCRIPT_STARTED 4477.0 condorpool - 597
1646473279 individuals_ID0000040 POST_SCRIPT_TERMINATED 4477.0 condorpool - 597
1646473284 individuals_ID0000040 POST_SCRIPT_SUCCESS 0 condorpool - 597
1646473280 individuals_ID0000023 EXECUTE 4497.0 condorpool - 617
1646473387 individuals_ID0000017 JOB_TERMINATED 4483.0 condorpool - 603
1646473389 individuals_ID0000017 JOB_SUCCESS 0 condorpool - 603
1646473389 individuals_ID0000017 POST_SCRIPT_STARTED 4483.0 condorpool - 603
1646473388 individuals_ID0000015 JOB_TERMINATED 4481.0 condorpool - 601
1646473389 individuals_ID0000015 JOB_SUCCESS 0 condorpool - 601
1646473389 individuals_ID0000015 POST_SCRIPT_STARTED 4481.0 condorpool - 601
1646473390 individuals_ID0000015 POST_SCRIPT_TERMINATED 4481.0 condorpool - 601
1646473394 individuals_ID0000015 POST_SCRIPT_SUCCESS 0 condorpool - 601
1646473390 individuals_ID0000017 POST_SCRIPT_TERMINATED 4483.0 condorpool - 603
1646473394 individuals_ID0000017 POST_SCRIPT_SUCCESS 0 condorpool - 603
1646473391 individuals_ID0000024 EXECUTE 4498.0 condorpool - 618
1646473392 individuals_ID0000025 EXECUTE 4499.0 condorpool - 619
1646473392 individuals_ID0000016 JOB_TERMINATED 4482.0 condorpool - 602
1646473394 individuals_ID0000016 JOB_SUCCESS 0 condorpool - 602
1646473394 individuals_ID0000016 POST_SCRIPT_STARTED 4482.0 condorpool - 602
1646473394 individuals_ID0000016 POST_SCRIPT_TERMINATED 4482.0 condorpool - 602
1646473399 individuals_ID0000016 POST_SCRIPT_SUCCESS 0 condorpool - 602
1646473396 individuals_ID0000042 JOB_TERMINATED 4479.0 condorpool - 599
1646473399 individuals_ID0000042 JOB_SUCCESS 0 condorpool - 599
1646473399 individuals_ID0000042 POST_SCRIPT_STARTED 4479.0 condorpool - 599
1646473397 individuals_ID0000020 EXECUTE 4500.0 condorpool - 620
1646473399 individuals_ID0000042 POST_SCRIPT_TERMINATED 4479.0 condorpool - 599
1646473404 individuals_ID0000042 POST_SCRIPT_SUCCESS 0 condorpool - 599
1646473400 individuals_ID0000021 EXECUTE 4501.0 condorpool - 621
1646473403 individuals_ID0000043 JOB_TERMINATED 4480.0 condorpool - 600
1646473404 individuals_ID0000043 JOB_SUCCESS 0 condorpool - 600
1646473404 individuals_ID0000043 POST_SCRIPT_STARTED 4480.0 condorpool - 600
1646473405 sifting_ID0000052 EXECUTE 4502.0 condorpool - 622
1646473405 individuals_ID0000043 POST_SCRIPT_TERMINATED 4480.0 condorpool - 600
1646473409 individuals_ID0000043 POST_SCRIPT_SUCCESS 0 condorpool - 600
1646473406 sifting_ID0000052 JOB_TERMINATED 4502.0 condorpool - 622
1646473409 sifting_ID0000052 JOB_SUCCESS 0 condorpool - 622
1646473409 sifting_ID0000052 POST_SCRIPT_STARTED 4502.0 condorpool - 622
1646473408 individuals_ID0000041 JOB_TERMINATED 4478.0 condorpool - 598
1646473409 individuals_ID0000041 JOB_SUCCESS 0 condorpool - 598
1646473409 individuals_ID0000041 POST_SCRIPT_STARTED 4478.0 condorpool - 598
1646473409 sifting_ID0000052 POST_SCRIPT_TERMINATED 4502.0 condorpool - 622
1646473414 sifting_ID0000052 POST_SCRIPT_SUCCESS 0 condorpool - 622
1646473409 individuals_ID0000041 POST_SCRIPT_TERMINATED 4478.0 condorpool - 598
1646473414 individuals_ID0000041 POST_SCRIPT_SUCCESS 0 condorpool - 598
1646473467 individuals_ID0000014 JOB_TERMINATED 4488.0 condorpool - 608
1646473469 individuals_ID0000014 JOB_SUCCESS 0 condorpool - 608
1646473469 individuals_ID0000014 POST_SCRIPT_STARTED 4488.0 condorpool - 608
1646473469 individuals_ID0000014 POST_SCRIPT_TERMINATED 4488.0 condorpool - 608
1646473474 individuals_ID0000014 POST_SCRIPT_SUCCESS 0 condorpool - 608
1646473477 individuals_ID0000018 JOB_TERMINATED 4484.0 condorpool - 604
1646473479 individuals_ID0000018 JOB_SUCCESS 0 condorpool - 604
1646473479 individuals_ID0000018 POST_SCRIPT_STARTED 4484.0 condorpool - 604
1646473480 individuals_ID0000018 POST_SCRIPT_TERMINATED 4484.0 condorpool - 604
1646473484 individuals_ID0000018 POST_SCRIPT_SUCCESS 0 condorpool - 604
1646473512 individuals_ID0000012 JOB_TERMINATED 4486.0 condorpool - 606
1646473514 individuals_ID0000012 JOB_SUCCESS 0 condorpool - 606
1646473514 individuals_ID0000012 POST_SCRIPT_STARTED 4486.0 condorpool - 606
1646473514 individuals_ID0000012 POST_SCRIPT_TERMINATED 4486.0 condorpool - 606
1646473519 individuals_ID0000012 POST_SCRIPT_SUCCESS 0 condorpool - 606
1646473524 individuals_ID0000013 JOB_TERMINATED 4487.0 condorpool - 607
1646473524 individuals_ID0000013 JOB_SUCCESS 0 condorpool - 607
1646473524 individuals_ID0000013 POST_SCRIPT_STARTED 4487.0 condorpool - 607
1646473525 individuals_ID0000013 POST_SCRIPT_TERMINATED 4487.0 condorpool - 607
1646473529 individuals_ID0000013 POST_SCRIPT_SUCCESS 0 condorpool - 607
1646473528 individuals_ID0000011 JOB_TERMINATED 4485.0 condorpool - 605
1646473529 individuals_ID0000011 JOB_SUCCESS 0 condorpool - 605
1646473529 individuals_ID0000011 POST_SCRIPT_STARTED 4485.0 condorpool - 605
1646473529 individuals_ID0000011 POST_SCRIPT_TERMINATED 4485.0 condorpool - 605
1646473534 individuals_ID0000011 POST_SCRIPT_SUCCESS 0 condorpool - 605
1646473572 individuals_ID0000027 JOB_TERMINATED 4493.0 condorpool - 613
1646473574 individuals_ID0000027 JOB_SUCCESS 0 condorpool - 613
1646473574 individuals_ID0000027 POST_SCRIPT_STARTED 4493.0 condorpool - 613
1646473573 individuals_ID0000028 JOB_TERMINATED 4494.0 condorpool - 614
1646473574 individuals_ID0000028 JOB_SUCCESS 0 condorpool - 614
1646473574 individuals_ID0000028 POST_SCRIPT_STARTED 4494.0 condorpool - 614
1646473574 individuals_ID0000027 POST_SCRIPT_TERMINATED 4493.0 condorpool - 613
1646473579 individuals_ID0000027 POST_SCRIPT_SUCCESS 0 condorpool - 613
1646473574 individuals_ID0000028 POST_SCRIPT_TERMINATED 4494.0 condorpool - 614
1646473579 individuals_ID0000028 POST_SCRIPT_SUCCESS 0 condorpool - 614
1646473576 individuals_ID0000022 JOB_TERMINATED 4496.0 condorpool - 616
1646473579 individuals_ID0000022 JOB_SUCCESS 0 condorpool - 616
1646473579 individuals_ID0000022 POST_SCRIPT_STARTED 4496.0 condorpool - 616
1646473578 individuals_ID0000029 JOB_TERMINATED 4495.0 condorpool - 615
1646473579 individuals_ID0000029 JOB_SUCCESS 0 condorpool - 615
1646473579 individuals_ID0000029 POST_SCRIPT_STARTED 4495.0 condorpool - 615
1646473580 individuals_ID0000022 POST_SCRIPT_TERMINATED 4496.0 condorpool - 616
1646473584 individuals_ID0000022 POST_SCRIPT_SUCCESS 0 condorpool - 616
1646473580 individuals_ID0000029 POST_SCRIPT_TERMINATED 4495.0 condorpool - 615
1646473584 individuals_ID0000029 POST_SCRIPT_SUCCESS 0 condorpool - 615
1646473604 individuals_ID0000019 JOB_TERMINATED 4489.0 condorpool - 609
1646473609 individuals_ID0000019 JOB_SUCCESS 0 condorpool - 609
1646473609 individuals_ID0000019 POST_SCRIPT_STARTED 4489.0 condorpool - 609
1646473605 individuals_ID0000026 JOB_TERMINATED 4492.0 condorpool - 612
1646473609 individuals_ID0000026 JOB_SUCCESS 0 condorpool - 612
1646473609 individuals_ID0000026 POST_SCRIPT_STARTED 4492.0 condorpool - 612
1646473609 individuals_ID0000019 POST_SCRIPT_TERMINATED 4489.0 condorpool - 609
1646473614 individuals_ID0000019 POST_SCRIPT_SUCCESS 0 condorpool - 609
1646473609 individuals_ID0000026 POST_SCRIPT_TERMINATED 4492.0 condorpool - 612
1646473614 individuals_ID0000026 POST_SCRIPT_SUCCESS 0 condorpool - 612
1646473612 individuals_ID0000050 JOB_TERMINATED 4491.0 condorpool - 611
1646473614 individuals_ID0000050 JOB_SUCCESS 0 condorpool - 611
1646473614 individuals_ID0000050 POST_SCRIPT_STARTED 4491.0 condorpool - 611
1646473613 individuals_ID0000010 JOB_TERMINATED 4490.0 condorpool - 610
1646473614 individuals_ID0000010 JOB_SUCCESS 0 condorpool - 610
1646473614 individuals_ID0000010 POST_SCRIPT_STARTED 4490.0 condorpool - 610
1646473614 individuals_ID0000050 POST_SCRIPT_TERMINATED 4491.0 condorpool - 611
1646473619 individuals_ID0000050 POST_SCRIPT_SUCCESS 0 condorpool - 611
1646473614 individuals_ID0000010 POST_SCRIPT_TERMINATED 4490.0 condorpool - 610
1646473619 individuals_ID0000010 POST_SCRIPT_SUCCESS 0 condorpool - 610
1646473745 individuals_ID0000023 JOB_TERMINATED 4497.0 condorpool - 617
1646473750 individuals_ID0000023 JOB_SUCCESS 0 condorpool - 617
1646473750 individuals_ID0000023 POST_SCRIPT_STARTED 4497.0 condorpool - 617
1646473750 individuals_ID0000023 POST_SCRIPT_TERMINATED 4497.0 condorpool - 617
1646473755 individuals_ID0000023 POST_SCRIPT_SUCCESS 0 condorpool - 617
1646473778 individuals_ID0000025 JOB_TERMINATED 4499.0 condorpool - 619
1646473780 individuals_ID0000025 JOB_SUCCESS 0 condorpool - 619
1646473780 individuals_ID0000025 POST_SCRIPT_STARTED 4499.0 condorpool - 619
1646473780 individuals_ID0000025 POST_SCRIPT_TERMINATED 4499.0 condorpool - 619
1646473785 individuals_ID0000025 POST_SCRIPT_SUCCESS 0 condorpool - 619
1646473790 individuals_ID0000021 JOB_TERMINATED 4501.0 condorpool - 621
1646473790 individuals_ID0000021 JOB_SUCCESS 0 condorpool - 621
1646473790 individuals_ID0000021 POST_SCRIPT_STARTED 4501.0 condorpool - 621
1646473791 individuals_ID0000021 POST_SCRIPT_TERMINATED 4501.0 condorpool - 621
1646473795 individuals_ID0000021 POST_SCRIPT_SUCCESS 0 condorpool - 621
1646473822 individuals_ID0000024 JOB_TERMINATED 4498.0 condorpool - 618
1646473825 individuals_ID0000024 JOB_SUCCESS 0 condorpool - 618
1646473825 individuals_ID0000024 POST_SCRIPT_STARTED 4498.0 condorpool - 618
1646473825 individuals_ID0000024 POST_SCRIPT_TERMINATED 4498.0 condorpool - 618
1646473830 individuals_ID0000024 POST_SCRIPT_SUCCESS 0 condorpool - 618
1646473838 individuals_ID0000020 JOB_TERMINATED 4500.0 condorpool - 620
1646473840 individuals_ID0000020 JOB_SUCCESS 0 condorpool - 620
1646473840 individuals_ID0000020 POST_SCRIPT_STARTED 4500.0 condorpool - 620
1646473840 individuals_ID0000020 POST_SCRIPT_TERMINATED 4500.0 condorpool - 620
1646473845 individuals_ID0000020 POST_SCRIPT_SUCCESS 0 condorpool - 620
1646473850 individuals_merge_ID0000051 SUBMIT 4503.0 condorpool - 623
1646473868 individuals_merge_ID0000051 EXECUTE 4503.0 condorpool - 623
1646477875 individuals_merge_ID0000051 JOB_TERMINATED 4503.0 condorpool - 623
1646477879 individuals_merge_ID0000051 JOB_SUCCESS 0 condorpool - 623
1646477879 individuals_merge_ID0000051 POST_SCRIPT_STARTED 4503.0 condorpool - 623
1646477879 individuals_merge_ID0000051 POST_SCRIPT_TERMINATED 4503.0 condorpool - 623
1646477884 individuals_merge_ID0000051 POST_SCRIPT_SUCCESS 0 condorpool - 623
1646477889 frequency_ID0000060 SUBMIT 4504.0 condorpool - 624
1646477889 frequency_ID0000062 SUBMIT 4505.0 condorpool - 625
1646477889 mutation_overlap_ID0000053 SUBMIT 4506.0 condorpool - 626
1646477889 mutation_overlap_ID0000063 SUBMIT 4507.0 condorpool - 627
1646477889 frequency_ID0000058 SUBMIT 4508.0 condorpool - 628
1646477894 mutation_overlap_ID0000055 SUBMIT 4509.0 condorpool - 629
1646477894 mutation_overlap_ID0000065 SUBMIT 4510.0 condorpool - 630
1646477895 frequency_ID0000064 SUBMIT 4511.0 condorpool - 631
1646477895 frequency_ID0000054 SUBMIT 4512.0 condorpool - 632
1646477895 frequency_ID0000066 SUBMIT 4513.0 condorpool - 633
1646477900 mutation_overlap_ID0000061 SUBMIT 4514.0 condorpool - 634
1646477900 frequency_ID0000056 SUBMIT 4515.0 condorpool - 635
1646477900 mutation_overlap_ID0000057 SUBMIT 4516.0 condorpool - 636
1646477900 mutation_overlap_ID0000059 SUBMIT 4517.0 condorpool - 637
1646477907 mutation_overlap_ID0000059 EXECUTE 4517.0 condorpool - 637
1646477907 mutation_overlap_ID0000057 EXECUTE 4516.0 condorpool - 636
1646477907 frequency_ID0000066 EXECUTE 4513.0 condorpool - 633
1646477907 frequency_ID0000062 EXECUTE 4505.0 condorpool - 625
1646477907 mutation_overlap_ID0000061 EXECUTE 4514.0 condorpool - 634
1646477907 frequency_ID0000058 EXECUTE 4508.0 condorpool - 628
1646477907 frequency_ID0000056 EXECUTE 4515.0 condorpool - 635
1646477907 mutation_overlap_ID0000055 EXECUTE 4509.0 condorpool - 629
1646477907 mutation_overlap_ID0000053 EXECUTE 4506.0 condorpool - 626
1646477908 frequency_ID0000060 EXECUTE 4504.0 condorpool - 624
1646477908 mutation_overlap_ID0000063 EXECUTE 4507.0 condorpool - 627
1646477908 mutation_overlap_ID0000065 EXECUTE 4510.0 condorpool - 630
1646477908 frequency_ID0000064 EXECUTE 4511.0 condorpool - 631
1646477908 frequency_ID0000054 EXECUTE 4512.0 condorpool - 632
1646478107 mutation_overlap_ID0000065 JOB_TERMINATED 4510.0 condorpool - 630
1646478110 mutation_overlap_ID0000065 JOB_SUCCESS 0 condorpool - 630
1646478110 mutation_overlap_ID0000065 POST_SCRIPT_STARTED 4510.0 condorpool - 630
1646478110 mutation_overlap_ID0000063 JOB_TERMINATED 4507.0 condorpool - 627
1646478115 mutation_overlap_ID0000063 JOB_SUCCESS 0 condorpool - 627
1646478115 mutation_overlap_ID0000063 POST_SCRIPT_STARTED 4507.0 condorpool - 627
1646478110 mutation_overlap_ID0000065 POST_SCRIPT_TERMINATED 4510.0 condorpool - 630
1646478115 mutation_overlap_ID0000065 POST_SCRIPT_SUCCESS 0 condorpool - 630
1646478111 mutation_overlap_ID0000059 JOB_TERMINATED 4517.0 condorpool - 637
1646478115 mutation_overlap_ID0000059 JOB_SUCCESS 0 condorpool - 637
1646478115 mutation_overlap_ID0000059 POST_SCRIPT_STARTED 4517.0 condorpool - 637
1646478115 mutation_overlap_ID0000055 JOB_TERMINATED 4509.0 condorpool - 629
1646478115 mutation_overlap_ID0000055 JOB_SUCCESS 0 condorpool - 629
1646478115 mutation_overlap_ID0000055 POST_SCRIPT_STARTED 4509.0 condorpool - 629
1646478115 mutation_overlap_ID0000059 POST_SCRIPT_TERMINATED 4517.0 condorpool - 637
1646478120 mutation_overlap_ID0000059 POST_SCRIPT_SUCCESS 0 condorpool - 637
1646478115 mutation_overlap_ID0000063 POST_SCRIPT_TERMINATED 4507.0 condorpool - 627
1646478120 mutation_overlap_ID0000063 POST_SCRIPT_SUCCESS 0 condorpool - 627
1646478115 mutation_overlap_ID0000055 POST_SCRIPT_TERMINATED 4509.0 condorpool - 629
1646478120 mutation_overlap_ID0000055 POST_SCRIPT_SUCCESS 0 condorpool - 629
1646478116 mutation_overlap_ID0000061 JOB_TERMINATED 4514.0 condorpool - 634
1646478120 mutation_overlap_ID0000061 JOB_SUCCESS 0 condorpool - 634
1646478120 mutation_overlap_ID0000061 POST_SCRIPT_STARTED 4514.0 condorpool - 634
1646478117 mutation_overlap_ID0000053 JOB_TERMINATED 4506.0 condorpool - 626
1646478120 mutation_overlap_ID0000053 JOB_SUCCESS 0 condorpool - 626
1646478120 mutation_overlap_ID0000053 POST_SCRIPT_STARTED 4506.0 condorpool - 626
1646478121 mutation_overlap_ID0000061 POST_SCRIPT_TERMINATED 4514.0 condorpool - 634
1646478125 mutation_overlap_ID0000061 POST_SCRIPT_SUCCESS 0 condorpool - 634
1646478121 mutation_overlap_ID0000053 POST_SCRIPT_TERMINATED 4506.0 condorpool - 626
1646478125 mutation_overlap_ID0000053 POST_SCRIPT_SUCCESS 0 condorpool - 626
1646478155 mutation_overlap_ID0000057 JOB_TERMINATED 4516.0 condorpool - 636
1646478160 mutation_overlap_ID0000057 JOB_SUCCESS 0 condorpool - 636
1646478160 mutation_overlap_ID0000057 POST_SCRIPT_STARTED 4516.0 condorpool - 636
1646478160 mutation_overlap_ID0000057 POST_SCRIPT_TERMINATED 4516.0 condorpool - 636
1646478165 mutation_overlap_ID0000057 POST_SCRIPT_SUCCESS 0 condorpool - 636
1646478554 frequency_ID0000060 JOB_TERMINATED 4504.0 condorpool - 624
1646478555 frequency_ID0000060 JOB_SUCCESS 0 condorpool - 624
1646478555 frequency_ID0000060 POST_SCRIPT_STARTED 4504.0 condorpool - 624
1646478556 frequency_ID0000060 POST_SCRIPT_TERMINATED 4504.0 condorpool - 624
1646478560 frequency_ID0000060 POST_SCRIPT_SUCCESS 0 condorpool - 624
1646478557 frequency_ID0000058 JOB_TERMINATED 4508.0 condorpool - 628
1646478560 frequency_ID0000058 JOB_SUCCESS 0 condorpool - 628
1646478560 frequency_ID0000058 POST_SCRIPT_STARTED 4508.0 condorpool - 628
1646478559 frequency_ID0000062 JOB_TERMINATED 4505.0 condorpool - 625
1646478560 frequency_ID0000062 JOB_SUCCESS 0 condorpool - 625
1646478560 frequency_ID0000062 POST_SCRIPT_STARTED 4505.0 condorpool - 625
1646478560 frequency_ID0000064 JOB_TERMINATED 4511.0 condorpool - 631
1646478560 frequency_ID0000064 JOB_SUCCESS 0 condorpool - 631
1646478560 frequency_ID0000064 POST_SCRIPT_STARTED 4511.0 condorpool - 631
1646478560 frequency_ID0000062 POST_SCRIPT_TERMINATED 4505.0 condorpool - 625
1646478565 frequency_ID0000062 POST_SCRIPT_SUCCESS 0 condorpool - 625
1646478560 frequency_ID0000058 POST_SCRIPT_TERMINATED 4508.0 condorpool - 628
1646478565 frequency_ID0000058 POST_SCRIPT_SUCCESS 0 condorpool - 628
1646478560 frequency_ID0000064 POST_SCRIPT_TERMINATED 4511.0 condorpool - 631
1646478565 frequency_ID0000064 POST_SCRIPT_SUCCESS 0 condorpool - 631
1646478595 frequency_ID0000066 JOB_TERMINATED 4513.0 condorpool - 633
1646478600 frequency_ID0000066 JOB_SUCCESS 0 condorpool - 633
1646478600 frequency_ID0000066 POST_SCRIPT_STARTED 4513.0 condorpool - 633
1646478601 frequency_ID0000066 POST_SCRIPT_TERMINATED 4513.0 condorpool - 633
1646478605 frequency_ID0000066 POST_SCRIPT_SUCCESS 0 condorpool - 633
1646478614 frequency_ID0000056 JOB_TERMINATED 4515.0 condorpool - 635
1646478615 frequency_ID0000056 JOB_SUCCESS 0 condorpool - 635
1646478615 frequency_ID0000056 POST_SCRIPT_STARTED 4515.0 condorpool - 635
1646478615 frequency_ID0000056 POST_SCRIPT_TERMINATED 4515.0 condorpool - 635
1646478620 frequency_ID0000056 POST_SCRIPT_SUCCESS 0 condorpool - 635
1646478618 frequency_ID0000054 JOB_TERMINATED 4512.0 condorpool - 632
1646478620 frequency_ID0000054 JOB_SUCCESS 0 condorpool - 632
1646478620 frequency_ID0000054 POST_SCRIPT_STARTED 4512.0 condorpool - 632
1646478621 frequency_ID0000054 POST_SCRIPT_TERMINATED 4512.0 condorpool - 632
1646478625 frequency_ID0000054 POST_SCRIPT_SUCCESS 0 condorpool - 632
1646478625 stage_out_local_local_2_1 SUBMIT 4518.0 local - 638
1646478625 stage_out_local_local_2_1 EXECUTE 4518.0 local - 638
1646478629 stage_out_local_local_2_1 JOB_TERMINATED 4518.0 local - 638
1646478630 stage_out_local_local_2_1 JOB_SUCCESS 0 local - 638
1646478630 stage_out_local_local_2_1 POST_SCRIPT_STARTED 4518.0 local - 638
1646478630 stage_out_local_local_2_0 SUBMIT 4519.0 local - 639
1646478630 stage_out_local_local_2_0 EXECUTE 4519.0 local - 639
1646478630 stage_out_local_local_2_1 POST_SCRIPT_TERMINATED 4518.0 local - 638
1646478635 stage_out_local_local_2_1 POST_SCRIPT_SUCCESS 0 local - 638
1646478634 stage_out_local_local_2_0 JOB_TERMINATED 4519.0 local - 639
1646478635 stage_out_local_local_2_0 JOB_SUCCESS 0 local - 639
1646478635 stage_out_local_local_2_0 POST_SCRIPT_STARTED 4519.0 local - 639
1646478635 stage_out_local_local_2_0 POST_SCRIPT_TERMINATED 4519.0 local - 639
1646478640 stage_out_local_local_2_0 POST_SCRIPT_SUCCESS 0 local - 639
1646478645 cleanup_1000-genome_0_local SUBMIT 4520.0 local - 640
1646478645 cleanup_1000-genome_0_local EXECUTE 4520.0 local - 640
1646478648 cleanup_1000-genome_0_local JOB_TERMINATED 4520.0 local - 640
1646478650 cleanup_1000-genome_0_local JOB_SUCCESS 0 local - 640
1646478650 cleanup_1000-genome_0_local POST_SCRIPT_STARTED 4520.0 local - 640
1646478651 cleanup_1000-genome_0_local POST_SCRIPT_TERMINATED 4520.0 local - 640
1646478655 cleanup_1000-genome_0_local POST_SCRIPT_SUCCESS 0 local - 640
1646478655 INTERNAL *** DAGMAN_FINISHED 0 ***
1646478656 INTERNAL *** MONITORD_FINISHED 0 ***
