1644463719 INTERNAL *** MONITORD_STARTED ***
1644463718 INTERNAL *** DAGMAN_STARTED 1535.0 ***
1644463722 create_dir_1000-genome_0_local SUBMIT 1536.0 local - 1
1644463723 create_dir_1000-genome_0_local EXECUTE 1536.0 local - 1
1644463726 create_dir_1000-genome_0_local JOB_TERMINATED 1536.0 local - 1
1644463727 create_dir_1000-genome_0_local JOB_SUCCESS 0 local - 1
1644463727 create_dir_1000-genome_0_local POST_SCRIPT_STARTED 1536.0 local - 1
1644463727 create_dir_1000-genome_0_local POST_SCRIPT_TERMINATED 1536.0 local - 1
1644463732 create_dir_1000-genome_0_local POST_SCRIPT_SUCCESS 0 local - 1
1644463737 stage_in_remote_local_2_0 SUBMIT 1537.0 local - 2
1644463737 stage_in_remote_local_2_0 EXECUTE 1537.0 local - 2
1644463737 stage_in_remote_local_1_0 SUBMIT 1538.0 local - 3
1644463737 stage_in_remote_local_0_0 SUBMIT 1539.0 local - 4
1644463737 stage_in_local_local_0_0 SUBMIT 1540.0 local - 5
1644463737 stage_in_local_local_2_0 SUBMIT 1541.0 local - 6
1644463739 stage_in_remote_local_2_0 JOB_TERMINATED 1537.0 local - 2
1644463743 stage_in_remote_local_2_0 JOB_SUCCESS 0 local - 2
1644463743 stage_in_remote_local_2_0 POST_SCRIPT_STARTED 1537.0 local - 2
1644463739 stage_in_local_local_2_0 EXECUTE 1541.0 local - 6
1644463739 stage_in_local_local_0_0 EXECUTE 1540.0 local - 5
1644463739 stage_in_remote_local_0_0 EXECUTE 1539.0 local - 4
1644463739 stage_in_remote_local_1_0 EXECUTE 1538.0 local - 3
1644463742 stage_in_remote_local_1_0 JOB_TERMINATED 1538.0 local - 3
1644463743 stage_in_remote_local_1_0 JOB_SUCCESS 0 local - 3
1644463743 stage_in_remote_local_1_0 POST_SCRIPT_STARTED 1538.0 local - 3
1644463742 stage_in_local_local_0_0 JOB_TERMINATED 1540.0 local - 5
1644463743 stage_in_local_local_0_0 JOB_SUCCESS 0 local - 5
1644463743 stage_in_local_local_0_0 POST_SCRIPT_STARTED 1540.0 local - 5
1644463742 stage_in_remote_local_0_0 JOB_TERMINATED 1539.0 local - 4
1644463743 stage_in_remote_local_0_0 JOB_SUCCESS 0 local - 4
1644463743 stage_in_remote_local_0_0 POST_SCRIPT_STARTED 1539.0 local - 4
1644463742 stage_in_remote_local_0_1 SUBMIT 1542.0 local - 7
1644463742 stage_in_remote_local_0_1 EXECUTE 1542.0 local - 7
1644463742 stage_in_local_local_0_1 SUBMIT 1543.0 local - 8
1644463742 stage_in_local_local_0_1 EXECUTE 1543.0 local - 8
1644463742 stage_in_local_local_2_1 SUBMIT 1544.0 local - 9
1644463742 stage_in_local_local_2_1 EXECUTE 1544.0 local - 9
1644463742 stage_in_remote_local_2_1 SUBMIT 1545.0 local - 10
1644463743 stage_in_remote_local_2_1 EXECUTE 1545.0 local - 10
1644463743 stage_in_local_local_0_2 SUBMIT 1546.0 local - 11
1644463743 stage_in_remote_local_2_0 POST_SCRIPT_TERMINATED 1537.0 local - 2
1644463748 stage_in_remote_local_2_0 POST_SCRIPT_SUCCESS 0 local - 2
1644463743 stage_in_remote_local_1_0 POST_SCRIPT_TERMINATED 1538.0 local - 3
1644463748 stage_in_remote_local_1_0 POST_SCRIPT_SUCCESS 0 local - 3
1644463743 stage_in_remote_local_0_0 POST_SCRIPT_TERMINATED 1539.0 local - 4
1644463748 stage_in_remote_local_0_0 POST_SCRIPT_SUCCESS 0 local - 4
1644463743 stage_in_local_local_0_0 POST_SCRIPT_TERMINATED 1540.0 local - 5
1644463748 stage_in_local_local_0_0 POST_SCRIPT_SUCCESS 0 local - 5
1644463744 stage_in_local_local_2_0 JOB_TERMINATED 1541.0 local - 6
1644463748 stage_in_local_local_2_0 JOB_SUCCESS 0 local - 6
1644463748 stage_in_local_local_2_0 POST_SCRIPT_STARTED 1541.0 local - 6
1644463744 stage_in_local_local_0_2 EXECUTE 1546.0 local - 11
1644463745 stage_in_remote_local_0_1 JOB_TERMINATED 1542.0 local - 7
1644463748 stage_in_remote_local_0_1 JOB_SUCCESS 0 local - 7
1644463748 stage_in_remote_local_0_1 POST_SCRIPT_STARTED 1542.0 local - 7
1644463745 stage_in_remote_local_2_1 JOB_TERMINATED 1545.0 local - 10
1644463748 stage_in_remote_local_2_1 JOB_SUCCESS 0 local - 10
1644463748 stage_in_remote_local_2_1 POST_SCRIPT_STARTED 1545.0 local - 10
1644463745 stage_in_local_local_0_1 JOB_TERMINATED 1543.0 local - 8
1644463748 stage_in_local_local_0_1 JOB_SUCCESS 0 local - 8
1644463748 stage_in_local_local_0_1 POST_SCRIPT_STARTED 1543.0 local - 8
1644463746 stage_in_local_local_0_2 JOB_TERMINATED 1546.0 local - 11
1644463748 stage_in_local_local_0_2 JOB_SUCCESS 0 local - 11
1644463748 stage_in_local_local_0_2 POST_SCRIPT_STARTED 1546.0 local - 11
1644463747 stage_in_local_local_2_1 JOB_TERMINATED 1544.0 local - 9
1644463748 stage_in_local_local_2_1 JOB_SUCCESS 0 local - 9
1644463748 stage_in_local_local_2_1 POST_SCRIPT_STARTED 1544.0 local - 9
1644463748 stage_in_remote_local_0_1 POST_SCRIPT_TERMINATED 1542.0 local - 7
1644463753 stage_in_remote_local_0_1 POST_SCRIPT_SUCCESS 0 local - 7
1644463748 stage_in_remote_local_2_1 POST_SCRIPT_TERMINATED 1545.0 local - 10
1644463753 stage_in_remote_local_2_1 POST_SCRIPT_SUCCESS 0 local - 10
1644463748 stage_in_local_local_2_0 POST_SCRIPT_TERMINATED 1541.0 local - 6
1644463753 stage_in_local_local_2_0 POST_SCRIPT_SUCCESS 0 local - 6
1644463748 stage_in_local_local_0_2 POST_SCRIPT_TERMINATED 1546.0 local - 11
1644463753 stage_in_local_local_0_2 POST_SCRIPT_SUCCESS 0 local - 11
1644463748 stage_in_local_local_0_1 POST_SCRIPT_TERMINATED 1543.0 local - 8
1644463753 stage_in_local_local_0_1 POST_SCRIPT_SUCCESS 0 local - 8
1644463748 stage_in_local_local_2_1 POST_SCRIPT_TERMINATED 1544.0 local - 9
1644463753 stage_in_local_local_2_1 POST_SCRIPT_SUCCESS 0 local - 9
1644463758 sifting_ID0000052 SUBMIT 1547.0 condorpool - 12
1644463758 individuals_ID0000037 SUBMIT 1548.0 condorpool - 13
1644463758 individuals_ID0000038 SUBMIT 1549.0 condorpool - 14
1644463758 individuals_ID0000039 SUBMIT 1550.0 condorpool - 15
1644463758 individuals_ID0000033 SUBMIT 1551.0 condorpool - 16
1644463763 individuals_ID0000034 SUBMIT 1552.0 condorpool - 17
1644463763 individuals_ID0000035 SUBMIT 1553.0 condorpool - 18
1644463763 individuals_ID0000036 SUBMIT 1554.0 condorpool - 19
1644463764 individuals_ID0000030 SUBMIT 1555.0 condorpool - 20
1644463764 individuals_ID0000031 SUBMIT 1556.0 condorpool - 21
1644463769 individuals_ID0000032 SUBMIT 1557.0 condorpool - 22
1644463769 individuals_ID0000004 SUBMIT 1558.0 condorpool - 23
1644463769 individuals_ID0000048 SUBMIT 1559.0 condorpool - 24
1644463769 individuals_ID0000005 SUBMIT 1560.0 condorpool - 25
1644463769 individuals_ID0000049 SUBMIT 1561.0 condorpool - 26
1644463774 individuals_ID0000006 SUBMIT 1562.0 condorpool - 27
1644463774 individuals_ID0000007 SUBMIT 1563.0 condorpool - 28
1644463774 individuals_ID0000044 SUBMIT 1564.0 condorpool - 29
1644463774 individuals_ID0000001 SUBMIT 1565.0 condorpool - 30
1644463774 individuals_ID0000045 SUBMIT 1566.0 condorpool - 31
1644463779 individuals_ID0000002 SUBMIT 1567.0 condorpool - 32
1644463779 individuals_ID0000046 SUBMIT 1568.0 condorpool - 33
1644463779 individuals_ID0000003 SUBMIT 1569.0 condorpool - 34
1644463779 individuals_ID0000047 SUBMIT 1570.0 condorpool - 35
1644463779 individuals_ID0000008 SUBMIT 1571.0 condorpool - 36
1644463780 sifting_ID0000052 EXECUTE 1547.0 condorpool - 12
1644463783 sifting_ID0000052 JOB_TERMINATED 1547.0 condorpool - 12
1644463784 sifting_ID0000052 JOB_SUCCESS 0 condorpool - 12
1644463784 sifting_ID0000052 POST_SCRIPT_STARTED 1547.0 condorpool - 12
1644463784 individuals_ID0000009 SUBMIT 1572.0 condorpool - 37
1644463784 individuals_ID0000040 SUBMIT 1573.0 condorpool - 38
1644463784 individuals_ID0000041 SUBMIT 1574.0 condorpool - 39
1644463784 individuals_ID0000042 SUBMIT 1575.0 condorpool - 40
1644463784 individuals_ID0000043 SUBMIT 1576.0 condorpool - 41
1644463785 sifting_ID0000052 POST_SCRIPT_TERMINATED 1547.0 condorpool - 12
1644463790 sifting_ID0000052 POST_SCRIPT_SUCCESS 0 condorpool - 12
1644463790 individuals_ID0000015 SUBMIT 1577.0 condorpool - 42
1644463790 individuals_ID0000016 SUBMIT 1578.0 condorpool - 43
1644463790 individuals_ID0000017 SUBMIT 1579.0 condorpool - 44
1644463790 individuals_ID0000018 SUBMIT 1580.0 condorpool - 45
1644463790 individuals_ID0000011 SUBMIT 1581.0 condorpool - 46
1644463795 individuals_ID0000012 SUBMIT 1582.0 condorpool - 47
1644463795 individuals_ID0000013 SUBMIT 1583.0 condorpool - 48
1644463795 individuals_ID0000014 SUBMIT 1584.0 condorpool - 49
1644463795 individuals_ID0000019 SUBMIT 1585.0 condorpool - 50
1644463795 individuals_ID0000010 SUBMIT 1586.0 condorpool - 51
1644463796 individuals_ID0000001 EXECUTE 1565.0 condorpool - 30
1644463798 individuals_ID0000031 EXECUTE 1556.0 condorpool - 21
1644463800 individuals_ID0000050 SUBMIT 1587.0 condorpool - 52
1644463800 individuals_ID0000026 SUBMIT 1588.0 condorpool - 53
1644463800 individuals_ID0000027 SUBMIT 1589.0 condorpool - 54
1644463800 individuals_ID0000028 SUBMIT 1590.0 condorpool - 55
1644463800 individuals_ID0000029 SUBMIT 1591.0 condorpool - 56
1644463801 individuals_ID0000049 EXECUTE 1561.0 condorpool - 26
1644463801 individuals_ID0000048 EXECUTE 1559.0 condorpool - 24
1644463803 individuals_ID0000007 EXECUTE 1563.0 condorpool - 28
1644463805 individuals_ID0000022 SUBMIT 1592.0 condorpool - 57
1644463805 individuals_ID0000023 SUBMIT 1593.0 condorpool - 58
1644463806 individuals_ID0000024 SUBMIT 1594.0 condorpool - 59
1644463806 individuals_ID0000025 SUBMIT 1595.0 condorpool - 60
1644463806 individuals_ID0000020 SUBMIT 1596.0 condorpool - 61
1644463811 individuals_ID0000021 SUBMIT 1597.0 condorpool - 62
1644463813 individuals_ID0000030 EXECUTE 1555.0 condorpool - 20
1644463814 individuals_ID0000038 EXECUTE 1549.0 condorpool - 14
1644463814 individuals_ID0000039 EXECUTE 1550.0 condorpool - 15
1644463824 individuals_ID0000045 EXECUTE 1566.0 condorpool - 31
1644463824 individuals_ID0000032 EXECUTE 1557.0 condorpool - 22
1644463827 individuals_ID0000005 EXECUTE 1560.0 condorpool - 25
1644463837 individuals_ID0000044 EXECUTE 1564.0 condorpool - 29
1644463840 individuals_ID0000004 EXECUTE 1558.0 condorpool - 23
1644463842 individuals_ID0000033 EXECUTE 1551.0 condorpool - 16
1644463844 individuals_ID0000035 EXECUTE 1553.0 condorpool - 18
1644463845 individuals_ID0000034 EXECUTE 1552.0 condorpool - 17
1644463849 individuals_ID0000047 EXECUTE 1570.0 condorpool - 35
1644463853 individuals_ID0000006 EXECUTE 1562.0 condorpool - 27
1644463853 individuals_ID0000037 EXECUTE 1548.0 condorpool - 13
1644463854 individuals_ID0000036 EXECUTE 1554.0 condorpool - 19
1644463859 individuals_ID0000003 EXECUTE 1569.0 condorpool - 34
1644463863 individuals_ID0000002 EXECUTE 1567.0 condorpool - 32
1644463863 individuals_ID0000046 EXECUTE 1568.0 condorpool - 33
1644463878 individuals_ID0000008 EXECUTE 1571.0 condorpool - 36
1644464692 individuals_ID0000001 JOB_TERMINATED 1565.0 condorpool - 30
1644464696 individuals_ID0000001 JOB_SUCCESS 0 condorpool - 30
1644464696 individuals_ID0000001 POST_SCRIPT_STARTED 1565.0 condorpool - 30
1644464697 individuals_ID0000001 POST_SCRIPT_TERMINATED 1565.0 condorpool - 30
1644464701 individuals_ID0000001 POST_SCRIPT_SUCCESS 0 condorpool - 30
1644464700 individuals_ID0000009 EXECUTE 1572.0 condorpool - 37
1644464889 individuals_ID0000031 JOB_TERMINATED 1556.0 condorpool - 21
1644464891 individuals_ID0000031 JOB_SUCCESS 0 condorpool - 21
1644464891 individuals_ID0000031 POST_SCRIPT_STARTED 1556.0 condorpool - 21
1644464891 individuals_ID0000031 POST_SCRIPT_TERMINATED 1556.0 condorpool - 21
1644464896 individuals_ID0000031 POST_SCRIPT_SUCCESS 0 condorpool - 21
1644464898 individuals_ID0000040 EXECUTE 1573.0 condorpool - 38
1644464904 individuals_ID0000032 JOB_TERMINATED 1557.0 condorpool - 22
1644464906 individuals_ID0000032 JOB_SUCCESS 0 condorpool - 22
1644464906 individuals_ID0000032 POST_SCRIPT_STARTED 1557.0 condorpool - 22
1644464905 individuals_ID0000030 JOB_TERMINATED 1555.0 condorpool - 20
1644464906 individuals_ID0000030 JOB_SUCCESS 0 condorpool - 20
1644464906 individuals_ID0000030 POST_SCRIPT_STARTED 1555.0 condorpool - 20
1644464907 individuals_ID0000030 POST_SCRIPT_TERMINATED 1555.0 condorpool - 20
1644464911 individuals_ID0000030 POST_SCRIPT_SUCCESS 0 condorpool - 20
1644464907 individuals_ID0000032 POST_SCRIPT_TERMINATED 1557.0 condorpool - 22
1644464911 individuals_ID0000032 POST_SCRIPT_SUCCESS 0 condorpool - 22
1644464910 individuals_ID0000004 JOB_TERMINATED 1558.0 condorpool - 23
1644464911 individuals_ID0000004 JOB_SUCCESS 0 condorpool - 23
1644464911 individuals_ID0000004 POST_SCRIPT_STARTED 1558.0 condorpool - 23
1644464911 individuals_ID0000004 POST_SCRIPT_TERMINATED 1558.0 condorpool - 23
1644464916 individuals_ID0000004 POST_SCRIPT_SUCCESS 0 condorpool - 23
1644464912 individuals_ID0000041 EXECUTE 1574.0 condorpool - 39
1644464914 individuals_ID0000042 EXECUTE 1575.0 condorpool - 40
1644464919 individuals_ID0000043 EXECUTE 1576.0 condorpool - 41
1644465025 individuals_ID0000033 JOB_TERMINATED 1551.0 condorpool - 16
1644465026 individuals_ID0000033 JOB_SUCCESS 0 condorpool - 16
1644465026 individuals_ID0000033 POST_SCRIPT_STARTED 1551.0 condorpool - 16
1644465027 individuals_ID0000033 POST_SCRIPT_TERMINATED 1551.0 condorpool - 16
1644465031 individuals_ID0000033 POST_SCRIPT_SUCCESS 0 condorpool - 16
1644465031 individuals_ID0000048 JOB_TERMINATED 1559.0 condorpool - 24
1644465036 individuals_ID0000048 JOB_SUCCESS 0 condorpool - 24
1644465036 individuals_ID0000048 POST_SCRIPT_STARTED 1559.0 condorpool - 24
1644465031 individuals_ID0000036 JOB_TERMINATED 1554.0 condorpool - 19
1644465036 individuals_ID0000036 JOB_SUCCESS 0 condorpool - 19
1644465036 individuals_ID0000036 POST_SCRIPT_STARTED 1554.0 condorpool - 19
1644465033 individuals_ID0000005 JOB_TERMINATED 1560.0 condorpool - 25
1644465036 individuals_ID0000005 JOB_SUCCESS 0 condorpool - 25
1644465036 individuals_ID0000005 POST_SCRIPT_STARTED 1560.0 condorpool - 25
1644465033 individuals_ID0000034 JOB_TERMINATED 1552.0 condorpool - 17
1644465036 individuals_ID0000034 JOB_SUCCESS 0 condorpool - 17
1644465036 individuals_ID0000034 POST_SCRIPT_STARTED 1552.0 condorpool - 17
1644465033 individuals_ID0000038 JOB_TERMINATED 1549.0 condorpool - 14
1644465036 individuals_ID0000038 JOB_SUCCESS 0 condorpool - 14
1644465036 individuals_ID0000038 POST_SCRIPT_STARTED 1549.0 condorpool - 14
1644465034 individuals_ID0000035 JOB_TERMINATED 1553.0 condorpool - 18
1644465036 individuals_ID0000035 JOB_SUCCESS 0 condorpool - 18
1644465036 individuals_ID0000035 POST_SCRIPT_STARTED 1553.0 condorpool - 18
1644465036 individuals_ID0000005 POST_SCRIPT_TERMINATED 1560.0 condorpool - 25
1644465041 individuals_ID0000005 POST_SCRIPT_SUCCESS 0 condorpool - 25
1644465036 individuals_ID0000038 POST_SCRIPT_TERMINATED 1549.0 condorpool - 14
1644465041 individuals_ID0000038 POST_SCRIPT_SUCCESS 0 condorpool - 14
1644465036 individuals_ID0000034 POST_SCRIPT_TERMINATED 1552.0 condorpool - 17
1644465041 individuals_ID0000034 POST_SCRIPT_SUCCESS 0 condorpool - 17
1644465036 individuals_ID0000048 POST_SCRIPT_TERMINATED 1559.0 condorpool - 24
1644465041 individuals_ID0000048 POST_SCRIPT_SUCCESS 0 condorpool - 24
1644465036 individuals_ID0000035 POST_SCRIPT_TERMINATED 1553.0 condorpool - 18
1644465041 individuals_ID0000035 POST_SCRIPT_SUCCESS 0 condorpool - 18
1644465036 individuals_ID0000036 POST_SCRIPT_TERMINATED 1554.0 condorpool - 19
1644465041 individuals_ID0000036 POST_SCRIPT_SUCCESS 0 condorpool - 19
1644465038 individuals_ID0000049 JOB_TERMINATED 1561.0 condorpool - 26
1644465041 individuals_ID0000049 JOB_SUCCESS 0 condorpool - 26
1644465041 individuals_ID0000049 POST_SCRIPT_STARTED 1561.0 condorpool - 26
1644465041 individuals_ID0000049 POST_SCRIPT_TERMINATED 1561.0 condorpool - 26
1644465046 individuals_ID0000049 POST_SCRIPT_SUCCESS 0 condorpool - 26
1644465052 individuals_ID0000006 JOB_TERMINATED 1562.0 condorpool - 27
1644465056 individuals_ID0000006 JOB_SUCCESS 0 condorpool - 27
1644465056 individuals_ID0000006 POST_SCRIPT_STARTED 1562.0 condorpool - 27
1644465057 individuals_ID0000006 POST_SCRIPT_TERMINATED 1562.0 condorpool - 27
1644465062 individuals_ID0000006 POST_SCRIPT_SUCCESS 0 condorpool - 27
1644465058 individuals_ID0000039 JOB_TERMINATED 1550.0 condorpool - 15
1644465062 individuals_ID0000039 JOB_SUCCESS 0 condorpool - 15
1644465062 individuals_ID0000039 POST_SCRIPT_STARTED 1550.0 condorpool - 15
1644465062 individuals_ID0000039 POST_SCRIPT_TERMINATED 1550.0 condorpool - 15
1644465067 individuals_ID0000039 POST_SCRIPT_SUCCESS 0 condorpool - 15
1644465072 individuals_ID0000037 JOB_TERMINATED 1548.0 condorpool - 13
1644465077 individuals_ID0000037 JOB_SUCCESS 0 condorpool - 13
1644465077 individuals_ID0000037 POST_SCRIPT_STARTED 1548.0 condorpool - 13
1644465077 individuals_ID0000002 JOB_TERMINATED 1567.0 condorpool - 32
1644465077 individuals_ID0000002 JOB_SUCCESS 0 condorpool - 32
1644465077 individuals_ID0000002 POST_SCRIPT_STARTED 1567.0 condorpool - 32
1644465078 individuals_ID0000002 POST_SCRIPT_TERMINATED 1567.0 condorpool - 32
1644465082 individuals_ID0000002 POST_SCRIPT_SUCCESS 0 condorpool - 32
1644465078 individuals_ID0000037 POST_SCRIPT_TERMINATED 1548.0 condorpool - 13
1644465082 individuals_ID0000037 POST_SCRIPT_SUCCESS 0 condorpool - 13
1644465081 individuals_ID0000008 JOB_TERMINATED 1571.0 condorpool - 36
1644465082 individuals_ID0000008 JOB_SUCCESS 0 condorpool - 36
1644465082 individuals_ID0000008 POST_SCRIPT_STARTED 1571.0 condorpool - 36
1644465081 individuals_ID0000003 JOB_TERMINATED 1569.0 condorpool - 34
1644465082 individuals_ID0000003 JOB_SUCCESS 0 condorpool - 34
1644465082 individuals_ID0000003 POST_SCRIPT_STARTED 1569.0 condorpool - 34
1644465081 individuals_ID0000047 JOB_TERMINATED 1570.0 condorpool - 35
1644465082 individuals_ID0000047 JOB_SUCCESS 0 condorpool - 35
1644465082 individuals_ID0000047 POST_SCRIPT_STARTED 1570.0 condorpool - 35
1644465082 individuals_ID0000003 POST_SCRIPT_TERMINATED 1569.0 condorpool - 34
1644465087 individuals_ID0000003 POST_SCRIPT_SUCCESS 0 condorpool - 34
1644465082 individuals_ID0000008 POST_SCRIPT_TERMINATED 1571.0 condorpool - 36
1644465087 individuals_ID0000008 POST_SCRIPT_SUCCESS 0 condorpool - 36
1644465082 individuals_ID0000047 POST_SCRIPT_TERMINATED 1570.0 condorpool - 35
1644465087 individuals_ID0000047 POST_SCRIPT_SUCCESS 0 condorpool - 35
1644465084 individuals_ID0000046 JOB_TERMINATED 1568.0 condorpool - 33
1644465087 individuals_ID0000046 JOB_SUCCESS 0 condorpool - 33
1644465087 individuals_ID0000046 POST_SCRIPT_STARTED 1568.0 condorpool - 33
1644465087 individuals_ID0000046 POST_SCRIPT_TERMINATED 1568.0 condorpool - 33
1644465092 individuals_ID0000046 POST_SCRIPT_SUCCESS 0 condorpool - 33
1644465102 individuals_ID0000050 EXECUTE 1587.0 condorpool - 52
1644465103 individuals_ID0000019 EXECUTE 1585.0 condorpool - 50
1644465103 individuals_ID0000014 EXECUTE 1584.0 condorpool - 49
1644465105 individuals_ID0000017 EXECUTE 1579.0 condorpool - 44
1644465108 individuals_ID0000015 EXECUTE 1577.0 condorpool - 42
1644465108 individuals_ID0000016 EXECUTE 1578.0 condorpool - 43
1644465109 individuals_ID0000010 EXECUTE 1586.0 condorpool - 51
1644465112 individuals_ID0000018 EXECUTE 1580.0 condorpool - 45
1644465112 individuals_ID0000011 EXECUTE 1581.0 condorpool - 46
1644465112 individuals_ID0000013 EXECUTE 1583.0 condorpool - 48
1644465112 individuals_ID0000012 EXECUTE 1582.0 condorpool - 47
1644465147 individuals_ID0000026 EXECUTE 1588.0 condorpool - 53
1644465156 individuals_ID0000029 EXECUTE 1591.0 condorpool - 56
1644465157 individuals_ID0000028 EXECUTE 1590.0 condorpool - 55
1644465157 individuals_ID0000022 EXECUTE 1592.0 condorpool - 57
1644465157 individuals_ID0000027 EXECUTE 1589.0 condorpool - 54
1644465213 individuals_ID0000007 JOB_TERMINATED 1563.0 condorpool - 28
1644465217 individuals_ID0000007 JOB_SUCCESS 0 condorpool - 28
1644465217 individuals_ID0000007 POST_SCRIPT_STARTED 1563.0 condorpool - 28
1644465218 individuals_ID0000007 POST_SCRIPT_TERMINATED 1563.0 condorpool - 28
1644465222 individuals_ID0000007 POST_SCRIPT_SUCCESS 0 condorpool - 28
1644465221 individuals_ID0000044 JOB_TERMINATED 1564.0 condorpool - 29
1644465222 individuals_ID0000044 JOB_SUCCESS 0 condorpool - 29
1644465222 individuals_ID0000044 POST_SCRIPT_STARTED 1564.0 condorpool - 29
1644465222 individuals_ID0000044 POST_SCRIPT_TERMINATED 1564.0 condorpool - 29
1644465227 individuals_ID0000044 POST_SCRIPT_SUCCESS 0 condorpool - 29
1644465225 individuals_ID0000045 JOB_TERMINATED 1566.0 condorpool - 31
1644465227 individuals_ID0000045 JOB_SUCCESS 0 condorpool - 31
1644465227 individuals_ID0000045 POST_SCRIPT_STARTED 1566.0 condorpool - 31
1644465227 individuals_ID0000045 POST_SCRIPT_TERMINATED 1566.0 condorpool - 31
1644465232 individuals_ID0000045 POST_SCRIPT_SUCCESS 0 condorpool - 31
1644465270 individuals_ID0000024 EXECUTE 1594.0 condorpool - 59
1644465270 individuals_ID0000025 EXECUTE 1595.0 condorpool - 60
1644465270 individuals_ID0000023 EXECUTE 1593.0 condorpool - 58
1644465900 individuals_ID0000040 JOB_TERMINATED 1573.0 condorpool - 38
1644465903 individuals_ID0000040 JOB_SUCCESS 0 condorpool - 38
1644465903 individuals_ID0000040 POST_SCRIPT_STARTED 1573.0 condorpool - 38
1644465903 individuals_ID0000040 POST_SCRIPT_TERMINATED 1573.0 condorpool - 38
1644465908 individuals_ID0000040 POST_SCRIPT_SUCCESS 0 condorpool - 38
1644465917 individuals_ID0000041 JOB_TERMINATED 1574.0 condorpool - 39
1644465918 individuals_ID0000041 JOB_SUCCESS 0 condorpool - 39
1644465918 individuals_ID0000041 POST_SCRIPT_STARTED 1574.0 condorpool - 39
1644465919 individuals_ID0000041 POST_SCRIPT_TERMINATED 1574.0 condorpool - 39
1644465923 individuals_ID0000041 POST_SCRIPT_SUCCESS 0 condorpool - 39
1644465923 individuals_ID0000020 EXECUTE 1596.0 condorpool - 61
1644465923 individuals_ID0000043 JOB_TERMINATED 1576.0 condorpool - 41
1644465928 individuals_ID0000043 JOB_SUCCESS 0 condorpool - 41
1644465928 individuals_ID0000043 POST_SCRIPT_STARTED 1576.0 condorpool - 41
1644465926 individuals_ID0000042 JOB_TERMINATED 1575.0 condorpool - 40
1644465928 individuals_ID0000042 JOB_SUCCESS 0 condorpool - 40
1644465928 individuals_ID0000042 POST_SCRIPT_STARTED 1575.0 condorpool - 40
1644465928 individuals_ID0000042 POST_SCRIPT_TERMINATED 1575.0 condorpool - 40
1644465933 individuals_ID0000042 POST_SCRIPT_SUCCESS 0 condorpool - 40
1644465928 individuals_ID0000043 POST_SCRIPT_TERMINATED 1576.0 condorpool - 41
1644465933 individuals_ID0000043 POST_SCRIPT_SUCCESS 0 condorpool - 41
1644465983 individuals_ID0000021 EXECUTE 1597.0 condorpool - 62
1644466027 individuals_ID0000009 JOB_TERMINATED 1572.0 condorpool - 37
1644466028 individuals_ID0000009 JOB_SUCCESS 0 condorpool - 37
1644466028 individuals_ID0000009 POST_SCRIPT_STARTED 1572.0 condorpool - 37
1644466029 individuals_ID0000009 POST_SCRIPT_TERMINATED 1572.0 condorpool - 37
1644466033 individuals_ID0000009 POST_SCRIPT_SUCCESS 0 condorpool - 37
1644466285 individuals_ID0000019 JOB_TERMINATED 1585.0 condorpool - 50
1644466288 individuals_ID0000019 JOB_SUCCESS 0 condorpool - 50
1644466288 individuals_ID0000019 POST_SCRIPT_STARTED 1585.0 condorpool - 50
1644466285 individuals_ID0000050 JOB_TERMINATED 1587.0 condorpool - 52
1644466288 individuals_ID0000050 JOB_SUCCESS 0 condorpool - 52
1644466288 individuals_ID0000050 POST_SCRIPT_STARTED 1587.0 condorpool - 52
1644466286 individuals_ID0000010 JOB_TERMINATED 1586.0 condorpool - 51
1644466288 individuals_ID0000010 JOB_SUCCESS 0 condorpool - 51
1644466288 individuals_ID0000010 POST_SCRIPT_STARTED 1586.0 condorpool - 51
1644466286 individuals_ID0000018 JOB_TERMINATED 1580.0 condorpool - 45
1644466288 individuals_ID0000018 JOB_SUCCESS 0 condorpool - 45
1644466288 individuals_ID0000018 POST_SCRIPT_STARTED 1580.0 condorpool - 45
1644466286 individuals_ID0000014 JOB_TERMINATED 1584.0 condorpool - 49
1644466288 individuals_ID0000014 JOB_SUCCESS 0 condorpool - 49
1644466288 individuals_ID0000014 POST_SCRIPT_STARTED 1584.0 condorpool - 49
1644466288 individuals_ID0000010 POST_SCRIPT_TERMINATED 1586.0 condorpool - 51
1644466293 individuals_ID0000010 POST_SCRIPT_SUCCESS 0 condorpool - 51
1644466288 individuals_ID0000018 POST_SCRIPT_TERMINATED 1580.0 condorpool - 45
1644466293 individuals_ID0000018 POST_SCRIPT_SUCCESS 0 condorpool - 45
1644466288 individuals_ID0000019 POST_SCRIPT_TERMINATED 1585.0 condorpool - 50
1644466293 individuals_ID0000019 POST_SCRIPT_SUCCESS 0 condorpool - 50
1644466288 individuals_ID0000014 POST_SCRIPT_TERMINATED 1584.0 condorpool - 49
1644466293 individuals_ID0000014 POST_SCRIPT_SUCCESS 0 condorpool - 49
1644466288 individuals_ID0000050 POST_SCRIPT_TERMINATED 1587.0 condorpool - 52
1644466293 individuals_ID0000050 POST_SCRIPT_SUCCESS 0 condorpool - 52
1644466297 individuals_ID0000013 JOB_TERMINATED 1583.0 condorpool - 48
1644466298 individuals_ID0000013 JOB_SUCCESS 0 condorpool - 48
1644466298 individuals_ID0000013 POST_SCRIPT_STARTED 1583.0 condorpool - 48
1644466298 individuals_ID0000012 JOB_TERMINATED 1582.0 condorpool - 47
1644466298 individuals_ID0000012 JOB_SUCCESS 0 condorpool - 47
1644466298 individuals_ID0000012 POST_SCRIPT_STARTED 1582.0 condorpool - 47
1644466299 individuals_ID0000012 POST_SCRIPT_TERMINATED 1582.0 condorpool - 47
1644466303 individuals_ID0000012 POST_SCRIPT_SUCCESS 0 condorpool - 47
1644466299 individuals_ID0000013 POST_SCRIPT_TERMINATED 1583.0 condorpool - 48
1644466303 individuals_ID0000013 POST_SCRIPT_SUCCESS 0 condorpool - 48
1644466301 individuals_ID0000011 JOB_TERMINATED 1581.0 condorpool - 46
1644466303 individuals_ID0000011 JOB_SUCCESS 0 condorpool - 46
1644466303 individuals_ID0000011 POST_SCRIPT_STARTED 1581.0 condorpool - 46
1644466303 individuals_ID0000011 POST_SCRIPT_TERMINATED 1581.0 condorpool - 46
1644466308 individuals_ID0000011 POST_SCRIPT_SUCCESS 0 condorpool - 46
1644466334 individuals_ID0000016 JOB_TERMINATED 1578.0 condorpool - 43
1644466338 individuals_ID0000016 JOB_SUCCESS 0 condorpool - 43
1644466338 individuals_ID0000016 POST_SCRIPT_STARTED 1578.0 condorpool - 43
1644466338 individuals_ID0000016 POST_SCRIPT_TERMINATED 1578.0 condorpool - 43
1644466343 individuals_ID0000016 POST_SCRIPT_SUCCESS 0 condorpool - 43
1644466340 individuals_ID0000017 JOB_TERMINATED 1579.0 condorpool - 44
1644466343 individuals_ID0000017 JOB_SUCCESS 0 condorpool - 44
1644466343 individuals_ID0000017 POST_SCRIPT_STARTED 1579.0 condorpool - 44
1644466344 individuals_ID0000017 POST_SCRIPT_TERMINATED 1579.0 condorpool - 44
1644466348 individuals_ID0000017 POST_SCRIPT_SUCCESS 0 condorpool - 44
1644466351 individuals_ID0000015 JOB_TERMINATED 1577.0 condorpool - 42
1644466353 individuals_ID0000015 JOB_SUCCESS 0 condorpool - 42
1644466353 individuals_ID0000015 POST_SCRIPT_STARTED 1577.0 condorpool - 42
1644466353 individuals_ID0000015 POST_SCRIPT_TERMINATED 1577.0 condorpool - 42
1644466358 individuals_ID0000015 POST_SCRIPT_SUCCESS 0 condorpool - 42
1644466355 individuals_ID0000026 JOB_TERMINATED 1588.0 condorpool - 53
1644466358 individuals_ID0000026 JOB_SUCCESS 0 condorpool - 53
1644466358 individuals_ID0000026 POST_SCRIPT_STARTED 1588.0 condorpool - 53
1644466358 individuals_ID0000026 POST_SCRIPT_TERMINATED 1588.0 condorpool - 53
1644466363 individuals_ID0000026 POST_SCRIPT_SUCCESS 0 condorpool - 53
1644466368 individuals_ID0000027 JOB_TERMINATED 1589.0 condorpool - 54
1644466368 individuals_ID0000027 JOB_SUCCESS 0 condorpool - 54
1644466368 individuals_ID0000027 POST_SCRIPT_STARTED 1589.0 condorpool - 54
1644466368 individuals_ID0000028 JOB_TERMINATED 1590.0 condorpool - 55
1644466368 individuals_ID0000028 JOB_SUCCESS 0 condorpool - 55
1644466368 individuals_ID0000028 POST_SCRIPT_STARTED 1590.0 condorpool - 55
1644466369 individuals_ID0000027 POST_SCRIPT_TERMINATED 1589.0 condorpool - 54
1644466373 individuals_ID0000027 POST_SCRIPT_SUCCESS 0 condorpool - 54
1644466369 individuals_ID0000028 POST_SCRIPT_TERMINATED 1590.0 condorpool - 55
1644466373 individuals_ID0000028 POST_SCRIPT_SUCCESS 0 condorpool - 55
1644466370 individuals_ID0000022 JOB_TERMINATED 1592.0 condorpool - 57
1644466373 individuals_ID0000022 JOB_SUCCESS 0 condorpool - 57
1644466373 individuals_ID0000022 POST_SCRIPT_STARTED 1592.0 condorpool - 57
1644466370 individuals_ID0000029 JOB_TERMINATED 1591.0 condorpool - 56
1644466373 individuals_ID0000029 JOB_SUCCESS 0 condorpool - 56
1644466373 individuals_ID0000029 POST_SCRIPT_STARTED 1591.0 condorpool - 56
1644466373 individuals_ID0000029 POST_SCRIPT_TERMINATED 1591.0 condorpool - 56
1644466378 individuals_ID0000029 POST_SCRIPT_SUCCESS 0 condorpool - 56
1644466373 individuals_ID0000022 POST_SCRIPT_TERMINATED 1592.0 condorpool - 57
1644466378 individuals_ID0000022 POST_SCRIPT_SUCCESS 0 condorpool - 57
1644466524 individuals_ID0000025 JOB_TERMINATED 1595.0 condorpool - 60
1644466528 individuals_ID0000025 JOB_SUCCESS 0 condorpool - 60
1644466528 individuals_ID0000025 POST_SCRIPT_STARTED 1595.0 condorpool - 60
1644466526 individuals_ID0000024 JOB_TERMINATED 1594.0 condorpool - 59
1644466528 individuals_ID0000024 JOB_SUCCESS 0 condorpool - 59
1644466528 individuals_ID0000024 POST_SCRIPT_STARTED 1594.0 condorpool - 59
1644466528 individuals_ID0000023 JOB_TERMINATED 1593.0 condorpool - 58
1644466528 individuals_ID0000023 JOB_SUCCESS 0 condorpool - 58
1644466528 individuals_ID0000023 POST_SCRIPT_STARTED 1593.0 condorpool - 58
1644466529 individuals_ID0000024 POST_SCRIPT_TERMINATED 1594.0 condorpool - 59
1644466533 individuals_ID0000024 POST_SCRIPT_SUCCESS 0 condorpool - 59
1644466529 individuals_ID0000025 POST_SCRIPT_TERMINATED 1595.0 condorpool - 60
1644466533 individuals_ID0000025 POST_SCRIPT_SUCCESS 0 condorpool - 60
1644466529 individuals_ID0000023 POST_SCRIPT_TERMINATED 1593.0 condorpool - 58
1644466533 individuals_ID0000023 POST_SCRIPT_SUCCESS 0 condorpool - 58
1644466805 individuals_ID0000020 JOB_TERMINATED 1596.0 condorpool - 61
1644466808 individuals_ID0000020 JOB_SUCCESS 0 condorpool - 61
1644466808 individuals_ID0000020 POST_SCRIPT_STARTED 1596.0 condorpool - 61
1644466808 individuals_ID0000020 POST_SCRIPT_TERMINATED 1596.0 condorpool - 61
1644466813 individuals_ID0000020 POST_SCRIPT_SUCCESS 0 condorpool - 61
1644466861 individuals_ID0000021 JOB_TERMINATED 1597.0 condorpool - 62
1644466863 individuals_ID0000021 JOB_SUCCESS 0 condorpool - 62
1644466863 individuals_ID0000021 POST_SCRIPT_STARTED 1597.0 condorpool - 62
1644466864 individuals_ID0000021 POST_SCRIPT_TERMINATED 1597.0 condorpool - 62
1644466868 individuals_ID0000021 POST_SCRIPT_SUCCESS 0 condorpool - 62
1644466873 individuals_merge_ID0000051 SUBMIT 1598.0 condorpool - 63
1644466876 individuals_merge_ID0000051 EXECUTE 1598.0 condorpool - 63
1644471173 individuals_merge_ID0000051 JOB_TERMINATED 1598.0 condorpool - 63
1644471177 individuals_merge_ID0000051 JOB_SUCCESS 0 condorpool - 63
1644471177 individuals_merge_ID0000051 POST_SCRIPT_STARTED 1598.0 condorpool - 63
1644471177 individuals_merge_ID0000051 POST_SCRIPT_TERMINATED 1598.0 condorpool - 63
1644471182 individuals_merge_ID0000051 POST_SCRIPT_SUCCESS 0 condorpool - 63
1644471187 frequency_ID0000060 SUBMIT 1599.0 condorpool - 64
1644471187 frequency_ID0000062 SUBMIT 1600.0 condorpool - 65
1644471187 mutation_overlap_ID0000053 SUBMIT 1601.0 condorpool - 66
1644471187 frequency_ID0000058 SUBMIT 1602.0 condorpool - 67
1644471187 mutation_overlap_ID0000063 SUBMIT 1603.0 condorpool - 68
1644471189 frequency_ID0000062 EXECUTE 1600.0 condorpool - 65
1644471189 frequency_ID0000060 EXECUTE 1599.0 condorpool - 64
1644471192 mutation_overlap_ID0000055 SUBMIT 1604.0 condorpool - 69
1644471192 mutation_overlap_ID0000065 SUBMIT 1605.0 condorpool - 70
1644471192 frequency_ID0000064 SUBMIT 1606.0 condorpool - 71
1644471192 frequency_ID0000054 SUBMIT 1607.0 condorpool - 72
1644471192 frequency_ID0000066 SUBMIT 1608.0 condorpool - 73
1644471197 frequency_ID0000056 SUBMIT 1609.0 condorpool - 74
1644471197 mutation_overlap_ID0000061 SUBMIT 1610.0 condorpool - 75
1644471197 mutation_overlap_ID0000057 SUBMIT 1611.0 condorpool - 76
1644471197 mutation_overlap_ID0000059 SUBMIT 1612.0 condorpool - 77
1644471209 frequency_ID0000054 EXECUTE 1607.0 condorpool - 72
1644471210 frequency_ID0000066 EXECUTE 1608.0 condorpool - 73
1644471210 mutation_overlap_ID0000053 EXECUTE 1601.0 condorpool - 66
1644471210 mutation_overlap_ID0000059 EXECUTE 1612.0 condorpool - 77
1644471210 mutation_overlap_ID0000057 EXECUTE 1611.0 condorpool - 76
1644471210 frequency_ID0000058 EXECUTE 1602.0 condorpool - 67
1644471210 frequency_ID0000056 EXECUTE 1609.0 condorpool - 74
1644471210 mutation_overlap_ID0000061 EXECUTE 1610.0 condorpool - 75
1644471211 frequency_ID0000064 EXECUTE 1606.0 condorpool - 71
1644471211 mutation_overlap_ID0000063 EXECUTE 1603.0 condorpool - 68
1644471211 mutation_overlap_ID0000055 EXECUTE 1604.0 condorpool - 69
1644471211 mutation_overlap_ID0000065 EXECUTE 1605.0 condorpool - 70
1644471414 mutation_overlap_ID0000065 JOB_TERMINATED 1605.0 condorpool - 70
1644471418 mutation_overlap_ID0000065 JOB_SUCCESS 0 condorpool - 70
1644471418 mutation_overlap_ID0000065 POST_SCRIPT_STARTED 1605.0 condorpool - 70
1644471417 mutation_overlap_ID0000063 JOB_TERMINATED 1603.0 condorpool - 68
1644471418 mutation_overlap_ID0000063 JOB_SUCCESS 0 condorpool - 68
1644471418 mutation_overlap_ID0000063 POST_SCRIPT_STARTED 1603.0 condorpool - 68
1644471418 mutation_overlap_ID0000059 JOB_TERMINATED 1612.0 condorpool - 77
1644471423 mutation_overlap_ID0000059 JOB_SUCCESS 0 condorpool - 77
1644471423 mutation_overlap_ID0000059 POST_SCRIPT_STARTED 1612.0 condorpool - 77
1644471418 mutation_overlap_ID0000065 POST_SCRIPT_TERMINATED 1605.0 condorpool - 70
1644471423 mutation_overlap_ID0000065 POST_SCRIPT_SUCCESS 0 condorpool - 70
1644471418 mutation_overlap_ID0000063 POST_SCRIPT_TERMINATED 1603.0 condorpool - 68
1644471423 mutation_overlap_ID0000063 POST_SCRIPT_SUCCESS 0 condorpool - 68
1644471419 mutation_overlap_ID0000061 JOB_TERMINATED 1610.0 condorpool - 75
1644471423 mutation_overlap_ID0000061 JOB_SUCCESS 0 condorpool - 75
1644471423 mutation_overlap_ID0000061 POST_SCRIPT_STARTED 1610.0 condorpool - 75
1644471420 mutation_overlap_ID0000055 JOB_TERMINATED 1604.0 condorpool - 69
1644471423 mutation_overlap_ID0000055 JOB_SUCCESS 0 condorpool - 69
1644471423 mutation_overlap_ID0000055 POST_SCRIPT_STARTED 1604.0 condorpool - 69
1644471423 mutation_overlap_ID0000061 POST_SCRIPT_TERMINATED 1610.0 condorpool - 75
1644471428 mutation_overlap_ID0000061 POST_SCRIPT_SUCCESS 0 condorpool - 75
1644471423 mutation_overlap_ID0000059 POST_SCRIPT_TERMINATED 1612.0 condorpool - 77
1644471428 mutation_overlap_ID0000059 POST_SCRIPT_SUCCESS 0 condorpool - 77
1644471423 mutation_overlap_ID0000055 POST_SCRIPT_TERMINATED 1604.0 condorpool - 69
1644471428 mutation_overlap_ID0000055 POST_SCRIPT_SUCCESS 0 condorpool - 69
1644471424 mutation_overlap_ID0000053 JOB_TERMINATED 1601.0 condorpool - 66
1644471428 mutation_overlap_ID0000053 JOB_SUCCESS 0 condorpool - 66
1644471428 mutation_overlap_ID0000053 POST_SCRIPT_STARTED 1601.0 condorpool - 66
1644471428 mutation_overlap_ID0000053 POST_SCRIPT_TERMINATED 1601.0 condorpool - 66
1644471433 mutation_overlap_ID0000053 POST_SCRIPT_SUCCESS 0 condorpool - 66
1644471490 mutation_overlap_ID0000057 JOB_TERMINATED 1611.0 condorpool - 76
1644471493 mutation_overlap_ID0000057 JOB_SUCCESS 0 condorpool - 76
1644471493 mutation_overlap_ID0000057 POST_SCRIPT_STARTED 1611.0 condorpool - 76
1644471494 mutation_overlap_ID0000057 POST_SCRIPT_TERMINATED 1611.0 condorpool - 76
1644471498 mutation_overlap_ID0000057 POST_SCRIPT_SUCCESS 0 condorpool - 76
1644471964 frequency_ID0000064 JOB_TERMINATED 1606.0 condorpool - 71
1644471968 frequency_ID0000064 JOB_SUCCESS 0 condorpool - 71
1644471968 frequency_ID0000064 POST_SCRIPT_STARTED 1606.0 condorpool - 71
1644471969 frequency_ID0000064 POST_SCRIPT_TERMINATED 1606.0 condorpool - 71
1644471973 frequency_ID0000064 POST_SCRIPT_SUCCESS 0 condorpool - 71
1644472024 frequency_ID0000066 JOB_TERMINATED 1608.0 condorpool - 73
1644472028 frequency_ID0000066 JOB_SUCCESS 0 condorpool - 73
1644472028 frequency_ID0000066 POST_SCRIPT_STARTED 1608.0 condorpool - 73
1644472028 frequency_ID0000066 POST_SCRIPT_TERMINATED 1608.0 condorpool - 73
1644472033 frequency_ID0000066 POST_SCRIPT_SUCCESS 0 condorpool - 73
1644472039 frequency_ID0000060 JOB_TERMINATED 1599.0 condorpool - 64
1644472043 frequency_ID0000060 JOB_SUCCESS 0 condorpool - 64
1644472043 frequency_ID0000060 POST_SCRIPT_STARTED 1599.0 condorpool - 64
1644472044 frequency_ID0000060 POST_SCRIPT_TERMINATED 1599.0 condorpool - 64
1644472048 frequency_ID0000060 POST_SCRIPT_SUCCESS 0 condorpool - 64
1644472101 frequency_ID0000062 JOB_TERMINATED 1600.0 condorpool - 65
1644472103 frequency_ID0000062 JOB_SUCCESS 0 condorpool - 65
1644472103 frequency_ID0000062 POST_SCRIPT_STARTED 1600.0 condorpool - 65
1644472103 frequency_ID0000062 POST_SCRIPT_TERMINATED 1600.0 condorpool - 65
1644472108 frequency_ID0000062 POST_SCRIPT_SUCCESS 0 condorpool - 65
1644472125 frequency_ID0000056 JOB_TERMINATED 1609.0 condorpool - 74
1644472128 frequency_ID0000056 JOB_SUCCESS 0 condorpool - 74
1644472128 frequency_ID0000056 POST_SCRIPT_STARTED 1609.0 condorpool - 74
1644472129 frequency_ID0000056 POST_SCRIPT_TERMINATED 1609.0 condorpool - 74
1644472133 frequency_ID0000056 POST_SCRIPT_SUCCESS 0 condorpool - 74
1644472159 frequency_ID0000058 JOB_TERMINATED 1602.0 condorpool - 67
1644472163 frequency_ID0000058 JOB_SUCCESS 0 condorpool - 67
1644472163 frequency_ID0000058 POST_SCRIPT_STARTED 1602.0 condorpool - 67
1644472163 frequency_ID0000058 POST_SCRIPT_TERMINATED 1602.0 condorpool - 67
1644472168 frequency_ID0000058 POST_SCRIPT_SUCCESS 0 condorpool - 67
1644472173 stage_out_local_local_2_1 SUBMIT 1613.0 local - 78
1644472173 stage_out_local_local_2_1 EXECUTE 1613.0 local - 78
1644472177 stage_out_local_local_2_1 JOB_TERMINATED 1613.0 local - 78
1644472178 stage_out_local_local_2_1 JOB_SUCCESS 0 local - 78
1644472178 stage_out_local_local_2_1 POST_SCRIPT_STARTED 1613.0 local - 78
1644472178 stage_out_local_local_2_1 POST_SCRIPT_TERMINATED 1613.0 local - 78
1644472183 stage_out_local_local_2_1 POST_SCRIPT_SUCCESS 0 local - 78
1644472222 frequency_ID0000054 JOB_TERMINATED 1607.0 condorpool - 72
1644472223 frequency_ID0000054 JOB_SUCCESS 0 condorpool - 72
1644472223 frequency_ID0000054 POST_SCRIPT_STARTED 1607.0 condorpool - 72
1644472224 frequency_ID0000054 POST_SCRIPT_TERMINATED 1607.0 condorpool - 72
1644472228 frequency_ID0000054 POST_SCRIPT_SUCCESS 0 condorpool - 72
1644472233 stage_out_local_local_2_0 SUBMIT 1614.0 local - 79
1644472233 stage_out_local_local_2_0 EXECUTE 1614.0 local - 79
1644472237 stage_out_local_local_2_0 JOB_TERMINATED 1614.0 local - 79
1644472238 stage_out_local_local_2_0 JOB_SUCCESS 0 local - 79
1644472238 stage_out_local_local_2_0 POST_SCRIPT_STARTED 1614.0 local - 79
1644472238 stage_out_local_local_2_0 POST_SCRIPT_TERMINATED 1614.0 local - 79
1644472243 stage_out_local_local_2_0 POST_SCRIPT_SUCCESS 0 local - 79
1644472248 cleanup_1000-genome_0_local SUBMIT 1615.0 local - 80
1644472248 cleanup_1000-genome_0_local EXECUTE 1615.0 local - 80
1644472250 cleanup_1000-genome_0_local JOB_TERMINATED 1615.0 local - 80
1644472253 cleanup_1000-genome_0_local JOB_SUCCESS 0 local - 80
1644472253 cleanup_1000-genome_0_local POST_SCRIPT_STARTED 1615.0 local - 80
1644472253 cleanup_1000-genome_0_local POST_SCRIPT_TERMINATED 1615.0 local - 80
1644472258 cleanup_1000-genome_0_local POST_SCRIPT_SUCCESS 0 local - 80
1644472258 INTERNAL *** DAGMAN_FINISHED 0 ***
1644472260 INTERNAL *** MONITORD_FINISHED 0 ***
