1645945663 INTERNAL *** MONITORD_STARTED ***
1645945662 INTERNAL *** DAGMAN_STARTED 2981.0 ***
1645945666 create_dir_1000-genome_0_local SUBMIT 2982.0 local - 321
1645945667 create_dir_1000-genome_0_local EXECUTE 2982.0 local - 321
1645945669 create_dir_1000-genome_0_local JOB_TERMINATED 2982.0 local - 321
1645945671 create_dir_1000-genome_0_local JOB_SUCCESS 0 local - 321
1645945671 create_dir_1000-genome_0_local POST_SCRIPT_STARTED 2982.0 local - 321
1645945671 create_dir_1000-genome_0_local POST_SCRIPT_TERMINATED 2982.0 local - 321
1645945676 create_dir_1000-genome_0_local POST_SCRIPT_SUCCESS 0 local - 321
1645945681 stage_in_remote_local_2_0 SUBMIT 2983.0 local - 322
1645945681 stage_in_remote_local_2_0 EXECUTE 2983.0 local - 322
1645945681 stage_in_remote_local_1_0 SUBMIT 2984.0 local - 323
1645945681 stage_in_remote_local_0_0 SUBMIT 2985.0 local - 324
1645945681 stage_in_local_local_0_0 SUBMIT 2986.0 local - 325
1645945681 stage_in_local_local_2_0 SUBMIT 2987.0 local - 326
1645945684 stage_in_remote_local_2_0 JOB_TERMINATED 2983.0 local - 322
1645945687 stage_in_remote_local_2_0 JOB_SUCCESS 0 local - 322
1645945687 stage_in_remote_local_2_0 POST_SCRIPT_STARTED 2983.0 local - 322
1645945684 stage_in_local_local_2_0 EXECUTE 2987.0 local - 326
1645945684 stage_in_local_local_0_0 EXECUTE 2986.0 local - 325
1645945684 stage_in_remote_local_0_0 EXECUTE 2985.0 local - 324
1645945684 stage_in_remote_local_1_0 EXECUTE 2984.0 local - 323
1645945686 stage_in_remote_local_0_0 JOB_TERMINATED 2985.0 local - 324
1645945687 stage_in_remote_local_0_0 JOB_SUCCESS 0 local - 324
1645945687 stage_in_remote_local_0_0 POST_SCRIPT_STARTED 2985.0 local - 324
1645945686 stage_in_remote_local_1_0 JOB_TERMINATED 2984.0 local - 323
1645945687 stage_in_remote_local_1_0 JOB_SUCCESS 0 local - 323
1645945687 stage_in_remote_local_1_0 POST_SCRIPT_STARTED 2984.0 local - 323
1645945686 stage_in_local_local_0_0 JOB_TERMINATED 2986.0 local - 325
1645945687 stage_in_local_local_0_0 JOB_SUCCESS 0 local - 325
1645945687 stage_in_local_local_0_0 POST_SCRIPT_STARTED 2986.0 local - 325
1645945687 stage_in_remote_local_0_1 SUBMIT 2988.0 local - 327
1645945687 stage_in_local_local_0_1 SUBMIT 2989.0 local - 328
1645945687 stage_in_local_local_2_1 SUBMIT 2990.0 local - 329
1645945687 stage_in_remote_local_2_1 SUBMIT 2991.0 local - 330
1645945687 stage_in_local_local_0_2 SUBMIT 2992.0 local - 331
1645945687 stage_in_remote_local_2_0 POST_SCRIPT_TERMINATED 2983.0 local - 322
1645945692 stage_in_remote_local_2_0 POST_SCRIPT_SUCCESS 0 local - 322
1645945687 stage_in_remote_local_1_0 POST_SCRIPT_TERMINATED 2984.0 local - 323
1645945692 stage_in_remote_local_1_0 POST_SCRIPT_SUCCESS 0 local - 323
1645945687 stage_in_remote_local_0_0 POST_SCRIPT_TERMINATED 2985.0 local - 324
1645945692 stage_in_remote_local_0_0 POST_SCRIPT_SUCCESS 0 local - 324
1645945687 stage_in_local_local_0_0 POST_SCRIPT_TERMINATED 2986.0 local - 325
1645945692 stage_in_local_local_0_0 POST_SCRIPT_SUCCESS 0 local - 325
1645945688 stage_in_local_local_2_0 JOB_TERMINATED 2987.0 local - 326
1645945692 stage_in_local_local_2_0 JOB_SUCCESS 0 local - 326
1645945692 stage_in_local_local_2_0 POST_SCRIPT_STARTED 2987.0 local - 326
1645945688 stage_in_local_local_0_2 EXECUTE 2992.0 local - 331
1645945688 stage_in_remote_local_2_1 EXECUTE 2991.0 local - 330
1645945688 stage_in_local_local_2_1 EXECUTE 2990.0 local - 329
1645945688 stage_in_local_local_0_1 EXECUTE 2989.0 local - 328
1645945688 stage_in_remote_local_0_1 EXECUTE 2988.0 local - 327
1645945690 stage_in_local_local_0_2 JOB_TERMINATED 2992.0 local - 331
1645945692 stage_in_local_local_0_2 JOB_SUCCESS 0 local - 331
1645945692 stage_in_local_local_0_2 POST_SCRIPT_STARTED 2992.0 local - 331
1645945690 stage_in_remote_local_2_1 JOB_TERMINATED 2991.0 local - 330
1645945692 stage_in_remote_local_2_1 JOB_SUCCESS 0 local - 330
1645945692 stage_in_remote_local_2_1 POST_SCRIPT_STARTED 2991.0 local - 330
1645945690 stage_in_remote_local_0_1 JOB_TERMINATED 2988.0 local - 327
1645945692 stage_in_remote_local_0_1 JOB_SUCCESS 0 local - 327
1645945692 stage_in_remote_local_0_1 POST_SCRIPT_STARTED 2988.0 local - 327
1645945691 stage_in_local_local_0_1 JOB_TERMINATED 2989.0 local - 328
1645945692 stage_in_local_local_0_1 JOB_SUCCESS 0 local - 328
1645945692 stage_in_local_local_0_1 POST_SCRIPT_STARTED 2989.0 local - 328
1645945692 stage_in_local_local_2_1 JOB_TERMINATED 2990.0 local - 329
1645945697 stage_in_local_local_2_1 JOB_SUCCESS 0 local - 329
1645945697 stage_in_local_local_2_1 POST_SCRIPT_STARTED 2990.0 local - 329
1645945692 stage_in_local_local_2_0 POST_SCRIPT_TERMINATED 2987.0 local - 326
1645945697 stage_in_local_local_2_0 POST_SCRIPT_SUCCESS 0 local - 326
1645945692 stage_in_remote_local_2_1 POST_SCRIPT_TERMINATED 2991.0 local - 330
1645945697 stage_in_remote_local_2_1 POST_SCRIPT_SUCCESS 0 local - 330
1645945692 stage_in_local_local_0_1 POST_SCRIPT_TERMINATED 2989.0 local - 328
1645945697 stage_in_local_local_0_1 POST_SCRIPT_SUCCESS 0 local - 328
1645945692 stage_in_local_local_0_2 POST_SCRIPT_TERMINATED 2992.0 local - 331
1645945697 stage_in_local_local_0_2 POST_SCRIPT_SUCCESS 0 local - 331
1645945692 stage_in_remote_local_0_1 POST_SCRIPT_TERMINATED 2988.0 local - 327
1645945697 stage_in_remote_local_0_1 POST_SCRIPT_SUCCESS 0 local - 327
1645945697 stage_in_local_local_2_1 POST_SCRIPT_TERMINATED 2990.0 local - 329
1645945703 stage_in_local_local_2_1 POST_SCRIPT_SUCCESS 0 local - 329
1645945703 individuals_ID0000037 SUBMIT 2993.0 condorpool - 332
1645945703 individuals_ID0000038 SUBMIT 2994.0 condorpool - 333
1645945703 individuals_ID0000039 SUBMIT 2995.0 condorpool - 334
1645945703 individuals_ID0000033 SUBMIT 2996.0 condorpool - 335
1645945703 individuals_ID0000034 SUBMIT 2997.0 condorpool - 336
1645945708 individuals_ID0000035 SUBMIT 2998.0 condorpool - 337
1645945708 individuals_ID0000036 SUBMIT 2999.0 condorpool - 338
1645945708 individuals_ID0000030 SUBMIT 3000.0 condorpool - 339
1645945708 individuals_ID0000031 SUBMIT 3001.0 condorpool - 340
1645945708 individuals_ID0000032 SUBMIT 3002.0 condorpool - 341
1645945713 individuals_ID0000004 SUBMIT 3003.0 condorpool - 342
1645945713 individuals_ID0000048 SUBMIT 3004.0 condorpool - 343
1645945713 individuals_ID0000005 SUBMIT 3005.0 condorpool - 344
1645945713 individuals_ID0000049 SUBMIT 3006.0 condorpool - 345
1645945713 individuals_ID0000006 SUBMIT 3007.0 condorpool - 346
1645945718 individuals_ID0000007 SUBMIT 3008.0 condorpool - 347
1645945718 individuals_ID0000044 SUBMIT 3009.0 condorpool - 348
1645945718 individuals_ID0000001 SUBMIT 3010.0 condorpool - 349
1645945718 individuals_ID0000045 SUBMIT 3011.0 condorpool - 350
1645945718 individuals_ID0000002 SUBMIT 3012.0 condorpool - 351
1645945723 individuals_ID0000046 SUBMIT 3013.0 condorpool - 352
1645945723 individuals_ID0000003 SUBMIT 3014.0 condorpool - 353
1645945723 individuals_ID0000047 SUBMIT 3015.0 condorpool - 354
1645945723 individuals_ID0000008 SUBMIT 3016.0 condorpool - 355
1645945723 individuals_ID0000009 SUBMIT 3017.0 condorpool - 356
1645945729 individuals_ID0000040 SUBMIT 3018.0 condorpool - 357
1645945729 individuals_ID0000041 SUBMIT 3019.0 condorpool - 358
1645945729 individuals_ID0000042 SUBMIT 3020.0 condorpool - 359
1645945729 individuals_ID0000043 SUBMIT 3021.0 condorpool - 360
1645945729 individuals_ID0000015 SUBMIT 3022.0 condorpool - 361
1645945734 individuals_ID0000016 SUBMIT 3023.0 condorpool - 362
1645945734 individuals_ID0000017 SUBMIT 3024.0 condorpool - 363
1645945734 individuals_ID0000018 SUBMIT 3025.0 condorpool - 364
1645945734 individuals_ID0000011 SUBMIT 3026.0 condorpool - 365
1645945734 individuals_ID0000012 SUBMIT 3027.0 condorpool - 366
1645945735 individuals_ID0000005 EXECUTE 3005.0 condorpool - 344
1645945737 individuals_ID0000038 EXECUTE 2994.0 condorpool - 333
1645945739 individuals_ID0000013 SUBMIT 3028.0 condorpool - 367
1645945739 individuals_ID0000014 SUBMIT 3029.0 condorpool - 368
1645945739 individuals_ID0000019 SUBMIT 3030.0 condorpool - 369
1645945739 individuals_ID0000010 SUBMIT 3031.0 condorpool - 370
1645945739 individuals_ID0000050 SUBMIT 3032.0 condorpool - 371
1645945741 individuals_ID0000004 EXECUTE 3003.0 condorpool - 342
1645945742 individuals_ID0000031 EXECUTE 3001.0 condorpool - 340
1645945743 individuals_ID0000032 EXECUTE 3002.0 condorpool - 341
1645945744 individuals_ID0000035 EXECUTE 2998.0 condorpool - 337
1645945744 individuals_ID0000037 EXECUTE 2993.0 condorpool - 332
1645945744 individuals_ID0000039 EXECUTE 2995.0 condorpool - 334
1645945744 individuals_ID0000026 SUBMIT 3033.0 condorpool - 372
1645945744 individuals_ID0000034 EXECUTE 2997.0 condorpool - 336
1645945744 individuals_ID0000027 SUBMIT 3034.0 condorpool - 373
1645945744 individuals_ID0000028 SUBMIT 3035.0 condorpool - 374
1645945744 individuals_ID0000029 SUBMIT 3036.0 condorpool - 375
1645945744 individuals_ID0000022 SUBMIT 3037.0 condorpool - 376
1645945745 individuals_ID0000007 EXECUTE 3008.0 condorpool - 347
1645945749 individuals_ID0000023 SUBMIT 3038.0 condorpool - 377
1645945749 individuals_ID0000024 SUBMIT 3039.0 condorpool - 378
1645945750 individuals_ID0000025 SUBMIT 3040.0 condorpool - 379
1645945750 individuals_ID0000020 SUBMIT 3041.0 condorpool - 380
1645945750 individuals_ID0000021 SUBMIT 3042.0 condorpool - 381
1645945751 individuals_ID0000049 EXECUTE 3006.0 condorpool - 345
1645945755 sifting_ID0000052 SUBMIT 3043.0 condorpool - 382
1645945756 individuals_ID0000033 EXECUTE 2996.0 condorpool - 335
1645945759 individuals_ID0000036 EXECUTE 2999.0 condorpool - 338
1645945759 individuals_ID0000048 EXECUTE 3004.0 condorpool - 343
1645945764 individuals_ID0000006 EXECUTE 3007.0 condorpool - 346
1645945764 individuals_ID0000030 EXECUTE 3000.0 condorpool - 339
1645946445 individuals_ID0000007 JOB_TERMINATED 3008.0 condorpool - 347
1645946450 individuals_ID0000007 JOB_SUCCESS 0 condorpool - 347
1645946450 individuals_ID0000007 POST_SCRIPT_STARTED 3008.0 condorpool - 347
1645946450 individuals_ID0000044 EXECUTE 3009.0 condorpool - 348
1645946451 individuals_ID0000007 POST_SCRIPT_TERMINATED 3008.0 condorpool - 347
1645946455 individuals_ID0000007 POST_SCRIPT_SUCCESS 0 condorpool - 347
1645946451 individuals_ID0000006 JOB_TERMINATED 3007.0 condorpool - 346
1645946455 individuals_ID0000006 JOB_SUCCESS 0 condorpool - 346
1645946455 individuals_ID0000006 POST_SCRIPT_STARTED 3007.0 condorpool - 346
1645946452 individuals_ID0000005 JOB_TERMINATED 3005.0 condorpool - 344
1645946455 individuals_ID0000005 JOB_SUCCESS 0 condorpool - 344
1645946455 individuals_ID0000005 POST_SCRIPT_STARTED 3005.0 condorpool - 344
1645946455 individuals_ID0000005 POST_SCRIPT_TERMINATED 3005.0 condorpool - 344
1645946460 individuals_ID0000005 POST_SCRIPT_SUCCESS 0 condorpool - 344
1645946455 individuals_ID0000006 POST_SCRIPT_TERMINATED 3007.0 condorpool - 346
1645946460 individuals_ID0000006 POST_SCRIPT_SUCCESS 0 condorpool - 346
1645946458 individuals_ID0000001 EXECUTE 3010.0 condorpool - 349
1645946459 individuals_ID0000045 EXECUTE 3011.0 condorpool - 350
1645946460 individuals_ID0000049 JOB_TERMINATED 3006.0 condorpool - 345
1645946460 individuals_ID0000049 JOB_SUCCESS 0 condorpool - 345
1645946460 individuals_ID0000049 POST_SCRIPT_STARTED 3006.0 condorpool - 345
1645946460 individuals_ID0000049 POST_SCRIPT_TERMINATED 3006.0 condorpool - 345
1645946465 individuals_ID0000049 POST_SCRIPT_SUCCESS 0 condorpool - 345
1645946466 individuals_ID0000002 EXECUTE 3012.0 condorpool - 351
1645946658 individuals_ID0000032 JOB_TERMINATED 3002.0 condorpool - 341
1645946661 individuals_ID0000032 JOB_SUCCESS 0 condorpool - 341
1645946661 individuals_ID0000032 POST_SCRIPT_STARTED 3002.0 condorpool - 341
1645946661 individuals_ID0000032 POST_SCRIPT_TERMINATED 3002.0 condorpool - 341
1645946666 individuals_ID0000032 POST_SCRIPT_SUCCESS 0 condorpool - 341
1645946661 individuals_ID0000031 JOB_TERMINATED 3001.0 condorpool - 340
1645946666 individuals_ID0000031 JOB_SUCCESS 0 condorpool - 340
1645946666 individuals_ID0000031 POST_SCRIPT_STARTED 3001.0 condorpool - 340
1645946662 individuals_ID0000004 JOB_TERMINATED 3003.0 condorpool - 342
1645946666 individuals_ID0000004 JOB_SUCCESS 0 condorpool - 342
1645946666 individuals_ID0000004 POST_SCRIPT_STARTED 3003.0 condorpool - 342
1645946663 individuals_ID0000048 JOB_TERMINATED 3004.0 condorpool - 343
1645946666 individuals_ID0000048 JOB_SUCCESS 0 condorpool - 343
1645946666 individuals_ID0000048 POST_SCRIPT_STARTED 3004.0 condorpool - 343
1645946663 individuals_ID0000046 EXECUTE 3013.0 condorpool - 352
1645946666 individuals_ID0000004 POST_SCRIPT_TERMINATED 3003.0 condorpool - 342
1645946671 individuals_ID0000004 POST_SCRIPT_SUCCESS 0 condorpool - 342
1645946666 individuals_ID0000031 POST_SCRIPT_TERMINATED 3001.0 condorpool - 340
1645946671 individuals_ID0000031 POST_SCRIPT_SUCCESS 0 condorpool - 340
1645946666 individuals_ID0000048 POST_SCRIPT_TERMINATED 3004.0 condorpool - 343
1645946671 individuals_ID0000048 POST_SCRIPT_SUCCESS 0 condorpool - 343
1645946669 individuals_ID0000003 EXECUTE 3014.0 condorpool - 353
1645946671 individuals_ID0000047 EXECUTE 3015.0 condorpool - 354
1645946672 individuals_ID0000008 EXECUTE 3016.0 condorpool - 355
1645946720 individuals_ID0000034 JOB_TERMINATED 2997.0 condorpool - 336
1645946721 individuals_ID0000034 JOB_SUCCESS 0 condorpool - 336
1645946721 individuals_ID0000034 POST_SCRIPT_STARTED 2997.0 condorpool - 336
1645946722 individuals_ID0000034 POST_SCRIPT_TERMINATED 2997.0 condorpool - 336
1645946726 individuals_ID0000034 POST_SCRIPT_SUCCESS 0 condorpool - 336
1645946725 individuals_ID0000009 EXECUTE 3017.0 condorpool - 356
1645946727 individuals_ID0000036 JOB_TERMINATED 2999.0 condorpool - 338
1645946731 individuals_ID0000036 JOB_SUCCESS 0 condorpool - 338
1645946731 individuals_ID0000036 POST_SCRIPT_STARTED 2999.0 condorpool - 338
1645946729 individuals_ID0000030 JOB_TERMINATED 3000.0 condorpool - 339
1645946731 individuals_ID0000030 JOB_SUCCESS 0 condorpool - 339
1645946731 individuals_ID0000030 POST_SCRIPT_STARTED 3000.0 condorpool - 339
1645946729 individuals_ID0000035 JOB_TERMINATED 2998.0 condorpool - 337
1645946731 individuals_ID0000035 JOB_SUCCESS 0 condorpool - 337
1645946731 individuals_ID0000035 POST_SCRIPT_STARTED 2998.0 condorpool - 337
1645946731 individuals_ID0000036 POST_SCRIPT_TERMINATED 2999.0 condorpool - 338
1645946736 individuals_ID0000036 POST_SCRIPT_SUCCESS 0 condorpool - 338
1645946731 individuals_ID0000035 POST_SCRIPT_TERMINATED 2998.0 condorpool - 337
1645946736 individuals_ID0000035 POST_SCRIPT_SUCCESS 0 condorpool - 337
1645946731 individuals_ID0000030 POST_SCRIPT_TERMINATED 3000.0 condorpool - 339
1645946736 individuals_ID0000030 POST_SCRIPT_SUCCESS 0 condorpool - 339
1645946732 individuals_ID0000040 EXECUTE 3018.0 condorpool - 357
1645946738 individuals_ID0000041 EXECUTE 3019.0 condorpool - 358
1645946739 individuals_ID0000042 EXECUTE 3020.0 condorpool - 359
1645946787 individuals_ID0000001 JOB_TERMINATED 3010.0 condorpool - 349
1645946791 individuals_ID0000001 JOB_SUCCESS 0 condorpool - 349
1645946791 individuals_ID0000001 POST_SCRIPT_STARTED 3010.0 condorpool - 349
1645946792 individuals_ID0000001 POST_SCRIPT_TERMINATED 3010.0 condorpool - 349
1645946796 individuals_ID0000001 POST_SCRIPT_SUCCESS 0 condorpool - 349
1645946793 individuals_ID0000043 EXECUTE 3021.0 condorpool - 360
1645946850 individuals_ID0000037 JOB_TERMINATED 2993.0 condorpool - 332
1645946851 individuals_ID0000037 JOB_SUCCESS 0 condorpool - 332
1645946851 individuals_ID0000037 POST_SCRIPT_STARTED 2993.0 condorpool - 332
1645946851 individuals_ID0000037 POST_SCRIPT_TERMINATED 2993.0 condorpool - 332
1645946856 individuals_ID0000037 POST_SCRIPT_SUCCESS 0 condorpool - 332
1645946852 individuals_ID0000038 JOB_TERMINATED 2994.0 condorpool - 333
1645946856 individuals_ID0000038 JOB_SUCCESS 0 condorpool - 333
1645946856 individuals_ID0000038 POST_SCRIPT_STARTED 2994.0 condorpool - 333
1645946854 individuals_ID0000015 EXECUTE 3022.0 condorpool - 361
1645946856 individuals_ID0000038 POST_SCRIPT_TERMINATED 2994.0 condorpool - 333
1645946861 individuals_ID0000038 POST_SCRIPT_SUCCESS 0 condorpool - 333
1645946857 individuals_ID0000039 JOB_TERMINATED 2995.0 condorpool - 334
1645946861 individuals_ID0000039 JOB_SUCCESS 0 condorpool - 334
1645946861 individuals_ID0000039 POST_SCRIPT_STARTED 2995.0 condorpool - 334
1645946857 individuals_ID0000016 EXECUTE 3023.0 condorpool - 362
1645946862 individuals_ID0000039 POST_SCRIPT_TERMINATED 2995.0 condorpool - 334
1645946866 individuals_ID0000039 POST_SCRIPT_SUCCESS 0 condorpool - 334
1645946863 individuals_ID0000033 JOB_TERMINATED 2996.0 condorpool - 335
1645946866 individuals_ID0000033 JOB_SUCCESS 0 condorpool - 335
1645946866 individuals_ID0000033 POST_SCRIPT_STARTED 2996.0 condorpool - 335
1645946864 individuals_ID0000017 EXECUTE 3024.0 condorpool - 363
1645946866 individuals_ID0000033 POST_SCRIPT_TERMINATED 2996.0 condorpool - 335
1645946871 individuals_ID0000033 POST_SCRIPT_SUCCESS 0 condorpool - 335
1645946870 individuals_ID0000018 EXECUTE 3025.0 condorpool - 364
1645947141 individuals_ID0000044 JOB_TERMINATED 3009.0 condorpool - 348
1645947146 individuals_ID0000044 JOB_SUCCESS 0 condorpool - 348
1645947146 individuals_ID0000044 POST_SCRIPT_STARTED 3009.0 condorpool - 348
1645947147 individuals_ID0000044 POST_SCRIPT_TERMINATED 3009.0 condorpool - 348
1645947151 individuals_ID0000044 POST_SCRIPT_SUCCESS 0 condorpool - 348
1645947155 individuals_ID0000002 JOB_TERMINATED 3012.0 condorpool - 351
1645947156 individuals_ID0000002 JOB_SUCCESS 0 condorpool - 351
1645947156 individuals_ID0000002 POST_SCRIPT_STARTED 3012.0 condorpool - 351
1645947156 individuals_ID0000002 POST_SCRIPT_TERMINATED 3012.0 condorpool - 351
1645947161 individuals_ID0000002 POST_SCRIPT_SUCCESS 0 condorpool - 351
1645947157 individuals_ID0000045 JOB_TERMINATED 3011.0 condorpool - 350
1645947161 individuals_ID0000045 JOB_SUCCESS 0 condorpool - 350
1645947161 individuals_ID0000045 POST_SCRIPT_STARTED 3011.0 condorpool - 350
1645947161 individuals_ID0000045 POST_SCRIPT_TERMINATED 3011.0 condorpool - 350
1645947166 individuals_ID0000045 POST_SCRIPT_SUCCESS 0 condorpool - 350
1645947211 individuals_ID0000012 EXECUTE 3027.0 condorpool - 366
1645947211 individuals_ID0000013 EXECUTE 3028.0 condorpool - 367
1645947211 individuals_ID0000011 EXECUTE 3026.0 condorpool - 365
1645947475 individuals_ID0000043 JOB_TERMINATED 3021.0 condorpool - 360
1645947477 individuals_ID0000043 JOB_SUCCESS 0 condorpool - 360
1645947477 individuals_ID0000043 POST_SCRIPT_STARTED 3021.0 condorpool - 360
1645947477 individuals_ID0000043 POST_SCRIPT_TERMINATED 3021.0 condorpool - 360
1645947482 individuals_ID0000043 POST_SCRIPT_SUCCESS 0 condorpool - 360
1645947507 individuals_ID0000014 EXECUTE 3029.0 condorpool - 368
1645947611 individuals_ID0000008 JOB_TERMINATED 3016.0 condorpool - 355
1645947612 individuals_ID0000008 JOB_SUCCESS 0 condorpool - 355
1645947612 individuals_ID0000008 POST_SCRIPT_STARTED 3016.0 condorpool - 355
1645947612 individuals_ID0000003 JOB_TERMINATED 3014.0 condorpool - 353
1645947617 individuals_ID0000003 JOB_SUCCESS 0 condorpool - 353
1645947617 individuals_ID0000003 POST_SCRIPT_STARTED 3014.0 condorpool - 353
1645947612 individuals_ID0000008 POST_SCRIPT_TERMINATED 3016.0 condorpool - 355
1645947617 individuals_ID0000008 POST_SCRIPT_SUCCESS 0 condorpool - 355
1645947613 individuals_ID0000046 JOB_TERMINATED 3013.0 condorpool - 352
1645947617 individuals_ID0000046 JOB_SUCCESS 0 condorpool - 352
1645947617 individuals_ID0000046 POST_SCRIPT_STARTED 3013.0 condorpool - 352
1645947614 individuals_ID0000047 JOB_TERMINATED 3015.0 condorpool - 354
1645947617 individuals_ID0000047 JOB_SUCCESS 0 condorpool - 354
1645947617 individuals_ID0000047 POST_SCRIPT_STARTED 3015.0 condorpool - 354
1645947618 individuals_ID0000003 POST_SCRIPT_TERMINATED 3014.0 condorpool - 353
1645947622 individuals_ID0000003 POST_SCRIPT_SUCCESS 0 condorpool - 353
1645947618 individuals_ID0000046 POST_SCRIPT_TERMINATED 3013.0 condorpool - 352
1645947622 individuals_ID0000046 POST_SCRIPT_SUCCESS 0 condorpool - 352
1645947618 individuals_ID0000047 POST_SCRIPT_TERMINATED 3015.0 condorpool - 354
1645947622 individuals_ID0000047 POST_SCRIPT_SUCCESS 0 condorpool - 354
1645947632 individuals_ID0000026 EXECUTE 3033.0 condorpool - 372
1645947633 individuals_ID0000050 EXECUTE 3032.0 condorpool - 371
1645947633 individuals_ID0000019 EXECUTE 3030.0 condorpool - 369
1645947633 individuals_ID0000010 EXECUTE 3031.0 condorpool - 370
1645947742 individuals_ID0000009 JOB_TERMINATED 3017.0 condorpool - 356
1645947742 individuals_ID0000009 JOB_SUCCESS 0 condorpool - 356
1645947742 individuals_ID0000009 POST_SCRIPT_STARTED 3017.0 condorpool - 356
1645947742 individuals_ID0000009 POST_SCRIPT_TERMINATED 3017.0 condorpool - 356
1645947747 individuals_ID0000009 POST_SCRIPT_SUCCESS 0 condorpool - 356
1645947761 individuals_ID0000040 JOB_TERMINATED 3018.0 condorpool - 357
1645947762 individuals_ID0000040 JOB_SUCCESS 0 condorpool - 357
1645947762 individuals_ID0000040 POST_SCRIPT_STARTED 3018.0 condorpool - 357
1645947762 individuals_ID0000040 POST_SCRIPT_TERMINATED 3018.0 condorpool - 357
1645947767 individuals_ID0000040 POST_SCRIPT_SUCCESS 0 condorpool - 357
1645947769 individuals_ID0000042 JOB_TERMINATED 3020.0 condorpool - 359
1645947772 individuals_ID0000042 JOB_SUCCESS 0 condorpool - 359
1645947772 individuals_ID0000042 POST_SCRIPT_STARTED 3020.0 condorpool - 359
1645947769 individuals_ID0000041 JOB_TERMINATED 3019.0 condorpool - 358
1645947772 individuals_ID0000041 JOB_SUCCESS 0 condorpool - 358
1645947772 individuals_ID0000041 POST_SCRIPT_STARTED 3019.0 condorpool - 358
1645947772 individuals_ID0000042 POST_SCRIPT_TERMINATED 3020.0 condorpool - 359
1645947777 individuals_ID0000042 POST_SCRIPT_SUCCESS 0 condorpool - 359
1645947772 individuals_ID0000041 POST_SCRIPT_TERMINATED 3019.0 condorpool - 358
1645947777 individuals_ID0000041 POST_SCRIPT_SUCCESS 0 condorpool - 358
1645947811 individuals_ID0000027 EXECUTE 3034.0 condorpool - 373
1645947811 individuals_ID0000029 EXECUTE 3036.0 condorpool - 375
1645947813 individuals_ID0000022 EXECUTE 3037.0 condorpool - 376
1645947813 individuals_ID0000028 EXECUTE 3035.0 condorpool - 374
1645947891 individuals_ID0000012 JOB_TERMINATED 3027.0 condorpool - 366
1645947892 individuals_ID0000012 JOB_SUCCESS 0 condorpool - 366
1645947892 individuals_ID0000012 POST_SCRIPT_STARTED 3027.0 condorpool - 366
1645947892 individuals_ID0000012 POST_SCRIPT_TERMINATED 3027.0 condorpool - 366
1645947897 individuals_ID0000012 POST_SCRIPT_SUCCESS 0 condorpool - 366
1645947896 individuals_ID0000023 EXECUTE 3038.0 condorpool - 377
1645947899 individuals_ID0000013 JOB_TERMINATED 3028.0 condorpool - 367
1645947902 individuals_ID0000013 JOB_SUCCESS 0 condorpool - 367
1645947902 individuals_ID0000013 POST_SCRIPT_STARTED 3028.0 condorpool - 367
1645947903 individuals_ID0000013 POST_SCRIPT_TERMINATED 3028.0 condorpool - 367
1645947907 individuals_ID0000013 POST_SCRIPT_SUCCESS 0 condorpool - 367
1645947904 individuals_ID0000024 EXECUTE 3039.0 condorpool - 378
1645947906 individuals_ID0000011 JOB_TERMINATED 3026.0 condorpool - 365
1645947907 individuals_ID0000011 JOB_SUCCESS 0 condorpool - 365
1645947907 individuals_ID0000011 POST_SCRIPT_STARTED 3026.0 condorpool - 365
1645947907 individuals_ID0000011 POST_SCRIPT_TERMINATED 3026.0 condorpool - 365
1645947912 individuals_ID0000011 POST_SCRIPT_SUCCESS 0 condorpool - 365
1645947912 individuals_ID0000025 EXECUTE 3040.0 condorpool - 379
1645948056 individuals_ID0000015 JOB_TERMINATED 3022.0 condorpool - 361
1645948057 individuals_ID0000015 JOB_SUCCESS 0 condorpool - 361
1645948057 individuals_ID0000015 POST_SCRIPT_STARTED 3022.0 condorpool - 361
1645948057 individuals_ID0000015 POST_SCRIPT_TERMINATED 3022.0 condorpool - 361
1645948062 individuals_ID0000015 POST_SCRIPT_SUCCESS 0 condorpool - 361
1645948058 individuals_ID0000016 JOB_TERMINATED 3023.0 condorpool - 362
1645948062 individuals_ID0000016 JOB_SUCCESS 0 condorpool - 362
1645948062 individuals_ID0000016 POST_SCRIPT_STARTED 3023.0 condorpool - 362
1645948060 individuals_ID0000017 JOB_TERMINATED 3024.0 condorpool - 363
1645948062 individuals_ID0000017 JOB_SUCCESS 0 condorpool - 363
1645948062 individuals_ID0000017 POST_SCRIPT_STARTED 3024.0 condorpool - 363
1645948061 individuals_ID0000018 JOB_TERMINATED 3025.0 condorpool - 364
1645948062 individuals_ID0000018 JOB_SUCCESS 0 condorpool - 364
1645948062 individuals_ID0000018 POST_SCRIPT_STARTED 3025.0 condorpool - 364
1645948063 individuals_ID0000016 POST_SCRIPT_TERMINATED 3023.0 condorpool - 362
1645948068 individuals_ID0000016 POST_SCRIPT_SUCCESS 0 condorpool - 362
1645948063 individuals_ID0000018 POST_SCRIPT_TERMINATED 3025.0 condorpool - 364
1645948068 individuals_ID0000018 POST_SCRIPT_SUCCESS 0 condorpool - 364
1645948063 individuals_ID0000017 POST_SCRIPT_TERMINATED 3024.0 condorpool - 363
1645948068 individuals_ID0000017 POST_SCRIPT_SUCCESS 0 condorpool - 363
1645948104 sifting_ID0000052 EXECUTE 3043.0 condorpool - 382
1645948108 sifting_ID0000052 JOB_TERMINATED 3043.0 condorpool - 382
1645948108 sifting_ID0000052 JOB_SUCCESS 0 condorpool - 382
1645948108 sifting_ID0000052 POST_SCRIPT_STARTED 3043.0 condorpool - 382
1645948108 sifting_ID0000052 POST_SCRIPT_TERMINATED 3043.0 condorpool - 382
1645948113 sifting_ID0000052 POST_SCRIPT_SUCCESS 0 condorpool - 382
1645948108 individuals_ID0000020 EXECUTE 3041.0 condorpool - 380
1645948108 individuals_ID0000021 EXECUTE 3042.0 condorpool - 381
1645948195 individuals_ID0000014 JOB_TERMINATED 3029.0 condorpool - 368
1645948198 individuals_ID0000014 JOB_SUCCESS 0 condorpool - 368
1645948198 individuals_ID0000014 POST_SCRIPT_STARTED 3029.0 condorpool - 368
1645948199 individuals_ID0000014 POST_SCRIPT_TERMINATED 3029.0 condorpool - 368
1645948203 individuals_ID0000014 POST_SCRIPT_SUCCESS 0 condorpool - 368
1645948556 individuals_ID0000023 JOB_TERMINATED 3038.0 condorpool - 377
1645948558 individuals_ID0000023 JOB_SUCCESS 0 condorpool - 377
1645948558 individuals_ID0000023 POST_SCRIPT_STARTED 3038.0 condorpool - 377
1645948558 individuals_ID0000023 POST_SCRIPT_TERMINATED 3038.0 condorpool - 377
1645948563 individuals_ID0000023 POST_SCRIPT_SUCCESS 0 condorpool - 377
1645948565 individuals_ID0000026 JOB_TERMINATED 3033.0 condorpool - 372
1645948568 individuals_ID0000026 JOB_SUCCESS 0 condorpool - 372
1645948568 individuals_ID0000026 POST_SCRIPT_STARTED 3033.0 condorpool - 372
1645948569 individuals_ID0000026 POST_SCRIPT_TERMINATED 3033.0 condorpool - 372
1645948573 individuals_ID0000026 POST_SCRIPT_SUCCESS 0 condorpool - 372
1645948570 individuals_ID0000019 JOB_TERMINATED 3030.0 condorpool - 369
1645948573 individuals_ID0000019 JOB_SUCCESS 0 condorpool - 369
1645948573 individuals_ID0000019 POST_SCRIPT_STARTED 3030.0 condorpool - 369
1645948570 individuals_ID0000050 JOB_TERMINATED 3032.0 condorpool - 371
1645948573 individuals_ID0000050 JOB_SUCCESS 0 condorpool - 371
1645948573 individuals_ID0000050 POST_SCRIPT_STARTED 3032.0 condorpool - 371
1645948571 individuals_ID0000010 JOB_TERMINATED 3031.0 condorpool - 370
1645948573 individuals_ID0000010 JOB_SUCCESS 0 condorpool - 370
1645948573 individuals_ID0000010 POST_SCRIPT_STARTED 3031.0 condorpool - 370
1645948573 individuals_ID0000010 POST_SCRIPT_TERMINATED 3031.0 condorpool - 370
1645948578 individuals_ID0000010 POST_SCRIPT_SUCCESS 0 condorpool - 370
1645948573 individuals_ID0000019 POST_SCRIPT_TERMINATED 3030.0 condorpool - 369
1645948578 individuals_ID0000019 POST_SCRIPT_SUCCESS 0 condorpool - 369
1645948573 individuals_ID0000050 POST_SCRIPT_TERMINATED 3032.0 condorpool - 371
1645948578 individuals_ID0000050 POST_SCRIPT_SUCCESS 0 condorpool - 371
1645948575 individuals_ID0000024 JOB_TERMINATED 3039.0 condorpool - 378
1645948578 individuals_ID0000024 JOB_SUCCESS 0 condorpool - 378
1645948578 individuals_ID0000024 POST_SCRIPT_STARTED 3039.0 condorpool - 378
1645948578 individuals_ID0000024 POST_SCRIPT_TERMINATED 3039.0 condorpool - 378
1645948583 individuals_ID0000024 POST_SCRIPT_SUCCESS 0 condorpool - 378
1645948582 individuals_ID0000025 JOB_TERMINATED 3040.0 condorpool - 379
1645948583 individuals_ID0000025 JOB_SUCCESS 0 condorpool - 379
1645948583 individuals_ID0000025 POST_SCRIPT_STARTED 3040.0 condorpool - 379
1645948584 individuals_ID0000025 POST_SCRIPT_TERMINATED 3040.0 condorpool - 379
1645948588 individuals_ID0000025 POST_SCRIPT_SUCCESS 0 condorpool - 379
1645948810 individuals_ID0000029 JOB_TERMINATED 3036.0 condorpool - 375
1645948813 individuals_ID0000029 JOB_SUCCESS 0 condorpool - 375
1645948813 individuals_ID0000029 POST_SCRIPT_STARTED 3036.0 condorpool - 375
1645948813 individuals_ID0000029 POST_SCRIPT_TERMINATED 3036.0 condorpool - 375
1645948818 individuals_ID0000029 POST_SCRIPT_SUCCESS 0 condorpool - 375
1645948819 individuals_ID0000027 JOB_TERMINATED 3034.0 condorpool - 373
1645948823 individuals_ID0000027 JOB_SUCCESS 0 condorpool - 373
1645948823 individuals_ID0000027 POST_SCRIPT_STARTED 3034.0 condorpool - 373
1645948823 individuals_ID0000027 POST_SCRIPT_TERMINATED 3034.0 condorpool - 373
1645948828 individuals_ID0000027 POST_SCRIPT_SUCCESS 0 condorpool - 373
1645948824 individuals_ID0000022 JOB_TERMINATED 3037.0 condorpool - 376
1645948828 individuals_ID0000022 JOB_SUCCESS 0 condorpool - 376
1645948828 individuals_ID0000022 POST_SCRIPT_STARTED 3037.0 condorpool - 376
1645948828 individuals_ID0000028 JOB_TERMINATED 3035.0 condorpool - 374
1645948828 individuals_ID0000028 JOB_SUCCESS 0 condorpool - 374
1645948828 individuals_ID0000028 POST_SCRIPT_STARTED 3035.0 condorpool - 374
1645948829 individuals_ID0000022 POST_SCRIPT_TERMINATED 3037.0 condorpool - 376
1645948833 individuals_ID0000022 POST_SCRIPT_SUCCESS 0 condorpool - 376
1645948829 individuals_ID0000028 POST_SCRIPT_TERMINATED 3035.0 condorpool - 374
1645948833 individuals_ID0000028 POST_SCRIPT_SUCCESS 0 condorpool - 374
1645948939 individuals_ID0000020 JOB_TERMINATED 3041.0 condorpool - 380
1645948943 individuals_ID0000020 JOB_SUCCESS 0 condorpool - 380
1645948943 individuals_ID0000020 POST_SCRIPT_STARTED 3041.0 condorpool - 380
1645948943 individuals_ID0000020 POST_SCRIPT_TERMINATED 3041.0 condorpool - 380
1645948948 individuals_ID0000020 POST_SCRIPT_SUCCESS 0 condorpool - 380
1645948945 individuals_ID0000021 JOB_TERMINATED 3042.0 condorpool - 381
1645948948 individuals_ID0000021 JOB_SUCCESS 0 condorpool - 381
1645948948 individuals_ID0000021 POST_SCRIPT_STARTED 3042.0 condorpool - 381
1645948949 individuals_ID0000021 POST_SCRIPT_TERMINATED 3042.0 condorpool - 381
1645948953 individuals_ID0000021 POST_SCRIPT_SUCCESS 0 condorpool - 381
1645948958 individuals_merge_ID0000051 SUBMIT 3044.0 condorpool - 383
1645948961 individuals_merge_ID0000051 EXECUTE 3044.0 condorpool - 383
1645953148 individuals_merge_ID0000051 JOB_TERMINATED 3044.0 condorpool - 383
1645953151 individuals_merge_ID0000051 JOB_SUCCESS 0 condorpool - 383
1645953151 individuals_merge_ID0000051 POST_SCRIPT_STARTED 3044.0 condorpool - 383
1645953152 individuals_merge_ID0000051 POST_SCRIPT_TERMINATED 3044.0 condorpool - 383
1645953156 individuals_merge_ID0000051 POST_SCRIPT_SUCCESS 0 condorpool - 383
1645953161 frequency_ID0000060 SUBMIT 3045.0 condorpool - 384
1645953161 frequency_ID0000062 SUBMIT 3046.0 condorpool - 385
1645953161 mutation_overlap_ID0000053 SUBMIT 3047.0 condorpool - 386
1645953161 frequency_ID0000058 SUBMIT 3048.0 condorpool - 387
1645953161 mutation_overlap_ID0000063 SUBMIT 3049.0 condorpool - 388
1645953162 frequency_ID0000060 EXECUTE 3045.0 condorpool - 384
1645953162 frequency_ID0000062 EXECUTE 3046.0 condorpool - 385
1645953166 mutation_overlap_ID0000055 SUBMIT 3050.0 condorpool - 389
1645953166 mutation_overlap_ID0000065 SUBMIT 3051.0 condorpool - 390
1645953166 frequency_ID0000064 SUBMIT 3052.0 condorpool - 391
1645953166 frequency_ID0000054 SUBMIT 3053.0 condorpool - 392
1645953166 frequency_ID0000066 SUBMIT 3054.0 condorpool - 393
1645953171 mutation_overlap_ID0000061 SUBMIT 3055.0 condorpool - 394
1645953171 frequency_ID0000056 SUBMIT 3056.0 condorpool - 395
1645953171 mutation_overlap_ID0000057 SUBMIT 3057.0 condorpool - 396
1645953171 mutation_overlap_ID0000059 SUBMIT 3058.0 condorpool - 397
1645953183 frequency_ID0000054 EXECUTE 3053.0 condorpool - 392
1645953183 mutation_overlap_ID0000057 EXECUTE 3057.0 condorpool - 396
1645953183 frequency_ID0000066 EXECUTE 3054.0 condorpool - 393
1645953183 mutation_overlap_ID0000059 EXECUTE 3058.0 condorpool - 397
1645953183 frequency_ID0000058 EXECUTE 3048.0 condorpool - 387
1645953184 mutation_overlap_ID0000061 EXECUTE 3055.0 condorpool - 394
1645953184 mutation_overlap_ID0000053 EXECUTE 3047.0 condorpool - 386
1645953184 mutation_overlap_ID0000063 EXECUTE 3049.0 condorpool - 388
1645953184 mutation_overlap_ID0000055 EXECUTE 3050.0 condorpool - 389
1645953184 frequency_ID0000064 EXECUTE 3052.0 condorpool - 391
1645953184 frequency_ID0000056 EXECUTE 3056.0 condorpool - 395
1645953184 mutation_overlap_ID0000065 EXECUTE 3051.0 condorpool - 390
1645953386 mutation_overlap_ID0000065 JOB_TERMINATED 3051.0 condorpool - 390
1645953387 mutation_overlap_ID0000065 JOB_SUCCESS 0 condorpool - 390
1645953387 mutation_overlap_ID0000065 POST_SCRIPT_STARTED 3051.0 condorpool - 390
1645953387 mutation_overlap_ID0000065 POST_SCRIPT_TERMINATED 3051.0 condorpool - 390
1645953392 mutation_overlap_ID0000065 POST_SCRIPT_SUCCESS 0 condorpool - 390
1645953389 mutation_overlap_ID0000063 JOB_TERMINATED 3049.0 condorpool - 388
1645953392 mutation_overlap_ID0000063 JOB_SUCCESS 0 condorpool - 388
1645953392 mutation_overlap_ID0000063 POST_SCRIPT_STARTED 3049.0 condorpool - 388
1645953389 mutation_overlap_ID0000059 JOB_TERMINATED 3058.0 condorpool - 397
1645953392 mutation_overlap_ID0000059 JOB_SUCCESS 0 condorpool - 397
1645953392 mutation_overlap_ID0000059 POST_SCRIPT_STARTED 3058.0 condorpool - 397
1645953391 mutation_overlap_ID0000061 JOB_TERMINATED 3055.0 condorpool - 394
1645953392 mutation_overlap_ID0000061 JOB_SUCCESS 0 condorpool - 394
1645953392 mutation_overlap_ID0000061 POST_SCRIPT_STARTED 3055.0 condorpool - 394
1645953392 mutation_overlap_ID0000055 JOB_TERMINATED 3050.0 condorpool - 389
1645953397 mutation_overlap_ID0000055 JOB_SUCCESS 0 condorpool - 389
1645953397 mutation_overlap_ID0000055 POST_SCRIPT_STARTED 3050.0 condorpool - 389
1645953392 mutation_overlap_ID0000063 POST_SCRIPT_TERMINATED 3049.0 condorpool - 388
1645953397 mutation_overlap_ID0000063 POST_SCRIPT_SUCCESS 0 condorpool - 388
1645953392 mutation_overlap_ID0000059 POST_SCRIPT_TERMINATED 3058.0 condorpool - 397
1645953397 mutation_overlap_ID0000059 POST_SCRIPT_SUCCESS 0 condorpool - 397
1645953392 mutation_overlap_ID0000061 POST_SCRIPT_TERMINATED 3055.0 condorpool - 394
1645953397 mutation_overlap_ID0000061 POST_SCRIPT_SUCCESS 0 condorpool - 394
1645953396 mutation_overlap_ID0000053 JOB_TERMINATED 3047.0 condorpool - 386
1645953397 mutation_overlap_ID0000053 JOB_SUCCESS 0 condorpool - 386
1645953397 mutation_overlap_ID0000053 POST_SCRIPT_STARTED 3047.0 condorpool - 386
1645953397 mutation_overlap_ID0000055 POST_SCRIPT_TERMINATED 3050.0 condorpool - 389
1645953402 mutation_overlap_ID0000055 POST_SCRIPT_SUCCESS 0 condorpool - 389
1645953397 mutation_overlap_ID0000053 POST_SCRIPT_TERMINATED 3047.0 condorpool - 386
1645953402 mutation_overlap_ID0000053 POST_SCRIPT_SUCCESS 0 condorpool - 386
1645953452 mutation_overlap_ID0000057 JOB_TERMINATED 3057.0 condorpool - 396
1645953452 mutation_overlap_ID0000057 JOB_SUCCESS 0 condorpool - 396
1645953452 mutation_overlap_ID0000057 POST_SCRIPT_STARTED 3057.0 condorpool - 396
1645953453 mutation_overlap_ID0000057 POST_SCRIPT_TERMINATED 3057.0 condorpool - 396
1645953457 mutation_overlap_ID0000057 POST_SCRIPT_SUCCESS 0 condorpool - 396
1645953896 frequency_ID0000064 JOB_TERMINATED 3052.0 condorpool - 391
1645953897 frequency_ID0000064 JOB_SUCCESS 0 condorpool - 391
1645953897 frequency_ID0000064 POST_SCRIPT_STARTED 3052.0 condorpool - 391
1645953897 frequency_ID0000064 POST_SCRIPT_TERMINATED 3052.0 condorpool - 391
1645953902 frequency_ID0000064 POST_SCRIPT_SUCCESS 0 condorpool - 391
1645953983 frequency_ID0000066 JOB_TERMINATED 3054.0 condorpool - 393
1645953987 frequency_ID0000066 JOB_SUCCESS 0 condorpool - 393
1645953987 frequency_ID0000066 POST_SCRIPT_STARTED 3054.0 condorpool - 393
1645953988 frequency_ID0000066 POST_SCRIPT_TERMINATED 3054.0 condorpool - 393
1645953993 frequency_ID0000066 POST_SCRIPT_SUCCESS 0 condorpool - 393
1645954029 frequency_ID0000056 JOB_TERMINATED 3056.0 condorpool - 395
1645954033 frequency_ID0000056 JOB_SUCCESS 0 condorpool - 395
1645954033 frequency_ID0000056 POST_SCRIPT_STARTED 3056.0 condorpool - 395
1645954033 frequency_ID0000056 POST_SCRIPT_TERMINATED 3056.0 condorpool - 395
1645954038 frequency_ID0000056 POST_SCRIPT_SUCCESS 0 condorpool - 395
1645954082 frequency_ID0000054 JOB_TERMINATED 3053.0 condorpool - 392
1645954083 frequency_ID0000054 JOB_SUCCESS 0 condorpool - 392
1645954083 frequency_ID0000054 POST_SCRIPT_STARTED 3053.0 condorpool - 392
1645954084 frequency_ID0000054 POST_SCRIPT_TERMINATED 3053.0 condorpool - 392
1645954089 frequency_ID0000054 POST_SCRIPT_SUCCESS 0 condorpool - 392
1645954101 frequency_ID0000060 JOB_TERMINATED 3045.0 condorpool - 384
1645954104 frequency_ID0000060 JOB_SUCCESS 0 condorpool - 384
1645954104 frequency_ID0000060 POST_SCRIPT_STARTED 3045.0 condorpool - 384
1645954104 frequency_ID0000060 POST_SCRIPT_TERMINATED 3045.0 condorpool - 384
1645954109 frequency_ID0000060 POST_SCRIPT_SUCCESS 0 condorpool - 384
1645954106 frequency_ID0000062 JOB_TERMINATED 3046.0 condorpool - 385
1645954109 frequency_ID0000062 JOB_SUCCESS 0 condorpool - 385
1645954109 frequency_ID0000062 POST_SCRIPT_STARTED 3046.0 condorpool - 385
1645954110 frequency_ID0000062 POST_SCRIPT_TERMINATED 3046.0 condorpool - 385
1645954114 frequency_ID0000062 POST_SCRIPT_SUCCESS 0 condorpool - 385
1645954114 stage_out_local_local_2_0 SUBMIT 3059.0 local - 398
1645954114 stage_out_local_local_2_0 EXECUTE 3059.0 local - 398
1645954118 stage_out_local_local_2_0 JOB_TERMINATED 3059.0 local - 398
1645954119 stage_out_local_local_2_0 JOB_SUCCESS 0 local - 398
1645954119 stage_out_local_local_2_0 POST_SCRIPT_STARTED 3059.0 local - 398
1645954119 stage_out_local_local_2_0 POST_SCRIPT_TERMINATED 3059.0 local - 398
1645954124 stage_out_local_local_2_0 POST_SCRIPT_SUCCESS 0 local - 398
1645954173 frequency_ID0000058 JOB_TERMINATED 3048.0 condorpool - 387
1645954174 frequency_ID0000058 JOB_SUCCESS 0 condorpool - 387
1645954174 frequency_ID0000058 POST_SCRIPT_STARTED 3048.0 condorpool - 387
1645954175 frequency_ID0000058 POST_SCRIPT_TERMINATED 3048.0 condorpool - 387
1645954179 frequency_ID0000058 POST_SCRIPT_SUCCESS 0 condorpool - 387
1645954184 stage_out_local_local_2_1 SUBMIT 3060.0 local - 399
1645954184 stage_out_local_local_2_1 EXECUTE 3060.0 local - 399
1645954188 stage_out_local_local_2_1 JOB_TERMINATED 3060.0 local - 399
1645954189 stage_out_local_local_2_1 JOB_SUCCESS 0 local - 399
1645954189 stage_out_local_local_2_1 POST_SCRIPT_STARTED 3060.0 local - 399
1645954189 stage_out_local_local_2_1 POST_SCRIPT_TERMINATED 3060.0 local - 399
1645954194 stage_out_local_local_2_1 POST_SCRIPT_SUCCESS 0 local - 399
1645954199 cleanup_1000-genome_0_local SUBMIT 3061.0 local - 400
1645954199 cleanup_1000-genome_0_local EXECUTE 3061.0 local - 400
1645954201 cleanup_1000-genome_0_local JOB_TERMINATED 3061.0 local - 400
1645954204 cleanup_1000-genome_0_local JOB_SUCCESS 0 local - 400
1645954204 cleanup_1000-genome_0_local POST_SCRIPT_STARTED 3061.0 local - 400
1645954204 cleanup_1000-genome_0_local POST_SCRIPT_TERMINATED 3061.0 local - 400
1645954209 cleanup_1000-genome_0_local POST_SCRIPT_SUCCESS 0 local - 400
1645954209 INTERNAL *** DAGMAN_FINISHED 0 ***
1645954211 INTERNAL *** MONITORD_FINISHED 0 ***
