000 (582.000.000) 02/14 09:12:21 Job submitted from host: <192.168.5.10:9618?addrs=192.168.5.10-9618+[--1]-9618&noUDP&sock=2698_7f03_4>
    DAG Node: create_dir_1000-genome_0_local
    pool:local
...
001 (582.000.000) 02/14 09:12:22 Job executing on host: <192.168.5.10:9618?addrs=192.168.5.10-9618+[--1]-9618&noUDP&sock=2749_ab49_480>
...
005 (582.000.000) 02/14 09:12:24 Job terminated.
	(1) Normal termination (return value 0)
		Usr 0 00:00:00, Sys 0 00:00:00  -  Run Remote Usage
		Usr 0 00:00:00, Sys 0 00:00:00  -  Run Local Usage
		Usr 0 00:00:00, Sys 0 00:00:00  -  Total Remote Usage
		Usr 0 00:00:00, Sys 0 00:00:00  -  Total Local Usage
	0  -  Run Bytes Sent By Job
	0  -  Run Bytes Received By Job
	0  -  Total Bytes Sent By Job
	0  -  Total Bytes Received By Job
...
000 (583.000.000) 02/14 09:12:36 Job submitted from host: <192.168.5.10:9618?addrs=192.168.5.10-9618+[--1]-9618&noUDP&sock=2698_7f03_4>
    DAG Node: stage_in_remote_local_2_0
    pool:local
...
001 (583.000.000) 02/14 09:12:36 Job executing on host: <192.168.5.10:9618?addrs=192.168.5.10-9618+[--1]-9618&noUDP&sock=2749_ab49_481>
...
000 (584.000.000) 02/14 09:12:36 Job submitted from host: <192.168.5.10:9618?addrs=192.168.5.10-9618+[--1]-9618&noUDP&sock=2698_7f03_4>
    DAG Node: stage_in_remote_local_1_0
    pool:local
...
000 (585.000.000) 02/14 09:12:36 Job submitted from host: <192.168.5.10:9618?addrs=192.168.5.10-9618+[--1]-9618&noUDP&sock=2698_7f03_4>
    DAG Node: stage_in_remote_local_0_0
    pool:local
...
000 (586.000.000) 02/14 09:12:36 Job submitted from host: <192.168.5.10:9618?addrs=192.168.5.10-9618+[--1]-9618&noUDP&sock=2698_7f03_4>
    DAG Node: stage_in_local_local_0_0
    pool:local
...
000 (587.000.000) 02/14 09:12:36 Job submitted from host: <192.168.5.10:9618?addrs=192.168.5.10-9618+[--1]-9618&noUDP&sock=2698_7f03_4>
    DAG Node: stage_in_local_local_2_0
    pool:local
...
005 (583.000.000) 02/14 09:12:38 Job terminated.
	(1) Normal termination (return value 0)
		Usr 0 00:00:00, Sys 0 00:00:00  -  Run Remote Usage
		Usr 0 00:00:00, Sys 0 00:00:00  -  Run Local Usage
		Usr 0 00:00:00, Sys 0 00:00:00  -  Total Remote Usage
		Usr 0 00:00:00, Sys 0 00:00:00  -  Total Local Usage
	0  -  Run Bytes Sent By Job
	0  -  Run Bytes Received By Job
	0  -  Total Bytes Sent By Job
	0  -  Total Bytes Received By Job
...
001 (587.000.000) 02/14 09:12:38 Job executing on host: <192.168.5.10:9618?addrs=192.168.5.10-9618+[--1]-9618&noUDP&sock=2749_ab49_482>
...
001 (586.000.000) 02/14 09:12:38 Job executing on host: <192.168.5.10:9618?addrs=192.168.5.10-9618+[--1]-9618&noUDP&sock=2749_ab49_483>
...
001 (585.000.000) 02/14 09:12:38 Job executing on host: <192.168.5.10:9618?addrs=192.168.5.10-9618+[--1]-9618&noUDP&sock=2749_ab49_484>
...
001 (584.000.000) 02/14 09:12:38 Job executing on host: <192.168.5.10:9618?addrs=192.168.5.10-9618+[--1]-9618&noUDP&sock=2749_ab49_485>
...
005 (586.000.000) 02/14 09:12:41 Job terminated.
	(1) Normal termination (return value 0)
		Usr 0 00:00:00, Sys 0 00:00:00  -  Run Remote Usage
		Usr 0 00:00:00, Sys 0 00:00:00  -  Run Local Usage
		Usr 0 00:00:00, Sys 0 00:00:00  -  Total Remote Usage
		Usr 0 00:00:00, Sys 0 00:00:00  -  Total Local Usage
	0  -  Run Bytes Sent By Job
	0  -  Run Bytes Received By Job
	0  -  Total Bytes Sent By Job
	0  -  Total Bytes Received By Job
...
005 (585.000.000) 02/14 09:12:41 Job terminated.
	(1) Normal termination (return value 0)
		Usr 0 00:00:00, Sys 0 00:00:00  -  Run Remote Usage
		Usr 0 00:00:00, Sys 0 00:00:00  -  Run Local Usage
		Usr 0 00:00:00, Sys 0 00:00:00  -  Total Remote Usage
		Usr 0 00:00:00, Sys 0 00:00:00  -  Total Local Usage
	0  -  Run Bytes Sent By Job
	0  -  Run Bytes Received By Job
	0  -  Total Bytes Sent By Job
	0  -  Total Bytes Received By Job
...
005 (584.000.000) 02/14 09:12:41 Job terminated.
	(1) Normal termination (return value 0)
		Usr 0 00:00:00, Sys 0 00:00:00  -  Run Remote Usage
		Usr 0 00:00:00, Sys 0 00:00:00  -  Run Local Usage
		Usr 0 00:00:00, Sys 0 00:00:00  -  Total Remote Usage
		Usr 0 00:00:00, Sys 0 00:00:00  -  Total Local Usage
	0  -  Run Bytes Sent By Job
	0  -  Run Bytes Received By Job
	0  -  Total Bytes Sent By Job
	0  -  Total Bytes Received By Job
...
000 (588.000.000) 02/14 09:12:41 Job submitted from host: <192.168.5.10:9618?addrs=192.168.5.10-9618+[--1]-9618&noUDP&sock=2698_7f03_4>
    DAG Node: stage_in_remote_local_0_1
    pool:local
...
001 (588.000.000) 02/14 09:12:41 Job executing on host: <192.168.5.10:9618?addrs=192.168.5.10-9618+[--1]-9618&noUDP&sock=2749_ab49_486>
...
000 (589.000.000) 02/14 09:12:41 Job submitted from host: <192.168.5.10:9618?addrs=192.168.5.10-9618+[--1]-9618&noUDP&sock=2698_7f03_4>
    DAG Node: stage_in_local_local_0_1
    pool:local
...
001 (589.000.000) 02/14 09:12:41 Job executing on host: <192.168.5.10:9618?addrs=192.168.5.10-9618+[--1]-9618&noUDP&sock=2749_ab49_487>
...
000 (590.000.000) 02/14 09:12:41 Job submitted from host: <192.168.5.10:9618?addrs=192.168.5.10-9618+[--1]-9618&noUDP&sock=2698_7f03_4>
    DAG Node: stage_in_local_local_2_1
    pool:local
...
001 (590.000.000) 02/14 09:12:41 Job executing on host: <192.168.5.10:9618?addrs=192.168.5.10-9618+[--1]-9618&noUDP&sock=2749_ab49_488>
...
000 (591.000.000) 02/14 09:12:41 Job submitted from host: <192.168.5.10:9618?addrs=192.168.5.10-9618+[--1]-9618&noUDP&sock=2698_7f03_4>
    DAG Node: stage_in_remote_local_2_1
    pool:local
...
000 (592.000.000) 02/14 09:12:41 Job submitted from host: <192.168.5.10:9618?addrs=192.168.5.10-9618+[--1]-9618&noUDP&sock=2698_7f03_4>
    DAG Node: stage_in_local_local_0_2
    pool:local
...
001 (592.000.000) 02/14 09:12:42 Job executing on host: <192.168.5.10:9618?addrs=192.168.5.10-9618+[--1]-9618&noUDP&sock=2749_ab49_489>
...
001 (591.000.000) 02/14 09:12:42 Job executing on host: <192.168.5.10:9618?addrs=192.168.5.10-9618+[--1]-9618&noUDP&sock=2749_ab49_490>
...
005 (587.000.000) 02/14 09:12:43 Job terminated.
	(1) Normal termination (return value 0)
		Usr 0 00:00:00, Sys 0 00:00:00  -  Run Remote Usage
		Usr 0 00:00:00, Sys 0 00:00:00  -  Run Local Usage
		Usr 0 00:00:00, Sys 0 00:00:00  -  Total Remote Usage
		Usr 0 00:00:00, Sys 0 00:00:00  -  Total Local Usage
	0  -  Run Bytes Sent By Job
	0  -  Run Bytes Received By Job
	0  -  Total Bytes Sent By Job
	0  -  Total Bytes Received By Job
...
005 (588.000.000) 02/14 09:12:44 Job terminated.
	(1) Normal termination (return value 0)
		Usr 0 00:00:00, Sys 0 00:00:00  -  Run Remote Usage
		Usr 0 00:00:00, Sys 0 00:00:00  -  Run Local Usage
		Usr 0 00:00:00, Sys 0 00:00:00  -  Total Remote Usage
		Usr 0 00:00:00, Sys 0 00:00:00  -  Total Local Usage
	0  -  Run Bytes Sent By Job
	0  -  Run Bytes Received By Job
	0  -  Total Bytes Sent By Job
	0  -  Total Bytes Received By Job
...
005 (591.000.000) 02/14 09:12:44 Job terminated.
	(1) Normal termination (return value 0)
		Usr 0 00:00:00, Sys 0 00:00:00  -  Run Remote Usage
		Usr 0 00:00:00, Sys 0 00:00:00  -  Run Local Usage
		Usr 0 00:00:00, Sys 0 00:00:00  -  Total Remote Usage
		Usr 0 00:00:00, Sys 0 00:00:00  -  Total Local Usage
	0  -  Run Bytes Sent By Job
	0  -  Run Bytes Received By Job
	0  -  Total Bytes Sent By Job
	0  -  Total Bytes Received By Job
...
005 (592.000.000) 02/14 09:12:44 Job terminated.
	(1) Normal termination (return value 0)
		Usr 0 00:00:00, Sys 0 00:00:00  -  Run Remote Usage
		Usr 0 00:00:00, Sys 0 00:00:00  -  Run Local Usage
		Usr 0 00:00:00, Sys 0 00:00:00  -  Total Remote Usage
		Usr 0 00:00:00, Sys 0 00:00:00  -  Total Local Usage
	0  -  Run Bytes Sent By Job
	0  -  Run Bytes Received By Job
	0  -  Total Bytes Sent By Job
	0  -  Total Bytes Received By Job
...
005 (589.000.000) 02/14 09:12:44 Job terminated.
	(1) Normal termination (return value 0)
		Usr 0 00:00:00, Sys 0 00:00:00  -  Run Remote Usage
		Usr 0 00:00:00, Sys 0 00:00:00  -  Run Local Usage
		Usr 0 00:00:00, Sys 0 00:00:00  -  Total Remote Usage
		Usr 0 00:00:00, Sys 0 00:00:00  -  Total Local Usage
	0  -  Run Bytes Sent By Job
	0  -  Run Bytes Received By Job
	0  -  Total Bytes Sent By Job
	0  -  Total Bytes Received By Job
...
005 (590.000.000) 02/14 09:12:46 Job terminated.
	(1) Normal termination (return value 0)
		Usr 0 00:00:00, Sys 0 00:00:00  -  Run Remote Usage
		Usr 0 00:00:00, Sys 0 00:00:00  -  Run Local Usage
		Usr 0 00:00:00, Sys 0 00:00:00  -  Total Remote Usage
		Usr 0 00:00:00, Sys 0 00:00:00  -  Total Local Usage
	0  -  Run Bytes Sent By Job
	0  -  Run Bytes Received By Job
	0  -  Total Bytes Sent By Job
	0  -  Total Bytes Received By Job
...
000 (593.000.000) 02/14 09:12:57 Job submitted from host: <192.168.5.10:9618?addrs=192.168.5.10-9618+[--1]-9618&noUDP&sock=2698_7f03_4>
    DAG Node: individuals_ID0000015
    pool:condorpool
...
000 (594.000.000) 02/14 09:12:57 Job submitted from host: <192.168.5.10:9618?addrs=192.168.5.10-9618+[--1]-9618&noUDP&sock=2698_7f03_4>
    DAG Node: individuals_ID0000016
    pool:condorpool
...
000 (595.000.000) 02/14 09:12:57 Job submitted from host: <192.168.5.10:9618?addrs=192.168.5.10-9618+[--1]-9618&noUDP&sock=2698_7f03_4>
    DAG Node: individuals_ID0000017
    pool:condorpool
...
000 (596.000.000) 02/14 09:12:57 Job submitted from host: <192.168.5.10:9618?addrs=192.168.5.10-9618+[--1]-9618&noUDP&sock=2698_7f03_4>
    DAG Node: individuals_ID0000018
    pool:condorpool
...
000 (597.000.000) 02/14 09:12:57 Job submitted from host: <192.168.5.10:9618?addrs=192.168.5.10-9618+[--1]-9618&noUDP&sock=2698_7f03_4>
    DAG Node: individuals_ID0000011
    pool:condorpool
...
000 (598.000.000) 02/14 09:13:02 Job submitted from host: <192.168.5.10:9618?addrs=192.168.5.10-9618+[--1]-9618&noUDP&sock=2698_7f03_4>
    DAG Node: individuals_ID0000012
    pool:condorpool
...
000 (599.000.000) 02/14 09:13:02 Job submitted from host: <192.168.5.10:9618?addrs=192.168.5.10-9618+[--1]-9618&noUDP&sock=2698_7f03_4>
    DAG Node: individuals_ID0000013
    pool:condorpool
...
000 (600.000.000) 02/14 09:13:02 Job submitted from host: <192.168.5.10:9618?addrs=192.168.5.10-9618+[--1]-9618&noUDP&sock=2698_7f03_4>
    DAG Node: individuals_ID0000014
    pool:condorpool
...
000 (601.000.000) 02/14 09:13:02 Job submitted from host: <192.168.5.10:9618?addrs=192.168.5.10-9618+[--1]-9618&noUDP&sock=2698_7f03_4>
    DAG Node: individuals_ID0000019
    pool:condorpool
...
000 (602.000.000) 02/14 09:13:03 Job submitted from host: <192.168.5.10:9618?addrs=192.168.5.10-9618+[--1]-9618&noUDP&sock=2698_7f03_4>
    DAG Node: individuals_ID0000010
    pool:condorpool
...
000 (603.000.000) 02/14 09:13:08 Job submitted from host: <192.168.5.10:9618?addrs=192.168.5.10-9618+[--1]-9618&noUDP&sock=2698_7f03_4>
    DAG Node: individuals_ID0000004
    pool:condorpool
...
000 (604.000.000) 02/14 09:13:08 Job submitted from host: <192.168.5.10:9618?addrs=192.168.5.10-9618+[--1]-9618&noUDP&sock=2698_7f03_4>
    DAG Node: individuals_ID0000005
    pool:condorpool
...
000 (605.000.000) 02/14 09:13:08 Job submitted from host: <192.168.5.10:9618?addrs=192.168.5.10-9618+[--1]-9618&noUDP&sock=2698_7f03_4>
    DAG Node: individuals_ID0000006
    pool:condorpool
...
000 (606.000.000) 02/14 09:13:08 Job submitted from host: <192.168.5.10:9618?addrs=192.168.5.10-9618+[--1]-9618&noUDP&sock=2698_7f03_4>
    DAG Node: individuals_ID0000007
    pool:condorpool
...
000 (607.000.000) 02/14 09:13:08 Job submitted from host: <192.168.5.10:9618?addrs=192.168.5.10-9618+[--1]-9618&noUDP&sock=2698_7f03_4>
    DAG Node: individuals_ID0000022
    pool:condorpool
...
000 (608.000.000) 02/14 09:13:13 Job submitted from host: <192.168.5.10:9618?addrs=192.168.5.10-9618+[--1]-9618&noUDP&sock=2698_7f03_4>
    DAG Node: individuals_ID0000001
    pool:condorpool
...
000 (609.000.000) 02/14 09:13:13 Job submitted from host: <192.168.5.10:9618?addrs=192.168.5.10-9618+[--1]-9618&noUDP&sock=2698_7f03_4>
    DAG Node: individuals_ID0000023
    pool:condorpool
...
000 (610.000.000) 02/14 09:13:13 Job submitted from host: <192.168.5.10:9618?addrs=192.168.5.10-9618+[--1]-9618&noUDP&sock=2698_7f03_4>
    DAG Node: individuals_ID0000002
    pool:condorpool
...
000 (611.000.000) 02/14 09:13:13 Job submitted from host: <192.168.5.10:9618?addrs=192.168.5.10-9618+[--1]-9618&noUDP&sock=2698_7f03_4>
    DAG Node: individuals_ID0000024
    pool:condorpool
...
000 (612.000.000) 02/14 09:13:13 Job submitted from host: <192.168.5.10:9618?addrs=192.168.5.10-9618+[--1]-9618&noUDP&sock=2698_7f03_4>
    DAG Node: individuals_ID0000003
    pool:condorpool
...
000 (613.000.000) 02/14 09:13:18 Job submitted from host: <192.168.5.10:9618?addrs=192.168.5.10-9618+[--1]-9618&noUDP&sock=2698_7f03_4>
    DAG Node: individuals_ID0000025
    pool:condorpool
...
000 (614.000.000) 02/14 09:13:18 Job submitted from host: <192.168.5.10:9618?addrs=192.168.5.10-9618+[--1]-9618&noUDP&sock=2698_7f03_4>
    DAG Node: individuals_ID0000008
    pool:condorpool
...
000 (615.000.000) 02/14 09:13:18 Job submitted from host: <192.168.5.10:9618?addrs=192.168.5.10-9618+[--1]-9618&noUDP&sock=2698_7f03_4>
    DAG Node: individuals_ID0000009
    pool:condorpool
...
000 (616.000.000) 02/14 09:13:18 Job submitted from host: <192.168.5.10:9618?addrs=192.168.5.10-9618+[--1]-9618&noUDP&sock=2698_7f03_4>
    DAG Node: individuals_ID0000020
    pool:condorpool
...
000 (617.000.000) 02/14 09:13:18 Job submitted from host: <192.168.5.10:9618?addrs=192.168.5.10-9618+[--1]-9618&noUDP&sock=2698_7f03_4>
    DAG Node: individuals_ID0000021
    pool:condorpool
...
000 (618.000.000) 02/14 09:13:23 Job submitted from host: <192.168.5.10:9618?addrs=192.168.5.10-9618+[--1]-9618&noUDP&sock=2698_7f03_4>
    DAG Node: sifting_ID0000027
    pool:condorpool
...
001 (607.000.000) 02/14 09:13:31 Job executing on host: <192.168.5.101:9618?addrs=192.168.5.101-9618+[--1]-9618&noUDP&sock=4136_289b_3>
...
001 (597.000.000) 02/14 09:13:39 Job executing on host: <192.168.5.103:9618?addrs=192.168.5.103-9618+[--1]-9618&noUDP&sock=20565_c5a4_3>
...
001 (598.000.000) 02/14 09:13:39 Job executing on host: <192.168.5.103:9618?addrs=192.168.5.103-9618+[--1]-9618&noUDP&sock=20565_c5a4_3>
...
006 (607.000.000) 02/14 09:13:43 Image size of job updated: 2
	6  -  MemoryUsage of job (MB)
	5180  -  ResidentSetSize of job (KB)
...
001 (608.000.000) 02/14 09:13:46 Job executing on host: <192.168.5.101:9618?addrs=192.168.5.101-9618+[--1]-9618&noUDP&sock=4136_289b_3>
...
001 (593.000.000) 02/14 09:13:46 Job executing on host: <192.168.5.104:9618?addrs=192.168.5.104-9618+[--1]-9618&noUDP&sock=26640_a8b3_3>
...
001 (605.000.000) 02/14 09:13:46 Job executing on host: <192.168.5.101:9618?addrs=192.168.5.101-9618+[--1]-9618&noUDP&sock=4136_289b_3>
...
001 (594.000.000) 02/14 09:13:46 Job executing on host: <192.168.5.104:9618?addrs=192.168.5.104-9618+[--1]-9618&noUDP&sock=26640_a8b3_3>
...
001 (602.000.000) 02/14 09:13:50 Job executing on host: <192.168.5.102:9618?addrs=192.168.5.102-9618+[--1]-9618&noUDP&sock=3044_d2c8_3>
...
006 (597.000.000) 02/14 09:13:50 Image size of job updated: 37320
	28  -  MemoryUsage of job (MB)
	27876  -  ResidentSetSize of job (KB)
...
006 (598.000.000) 02/14 09:13:50 Image size of job updated: 37320
	28  -  MemoryUsage of job (MB)
	28008  -  ResidentSetSize of job (KB)
...
001 (599.000.000) 02/14 09:13:51 Job executing on host: <192.168.5.103:9618?addrs=192.168.5.103-9618+[--1]-9618&noUDP&sock=20565_c5a4_3>
...
001 (601.000.000) 02/14 09:13:52 Job executing on host: <192.168.5.102:9618?addrs=192.168.5.102-9618+[--1]-9618&noUDP&sock=3044_d2c8_3>
...
006 (593.000.000) 02/14 09:13:55 Image size of job updated: 5112
	3  -  MemoryUsage of job (MB)
	2560  -  ResidentSetSize of job (KB)
...
001 (600.000.000) 02/14 09:13:55 Job executing on host: <192.168.5.103:9618?addrs=192.168.5.103-9618+[--1]-9618&noUDP&sock=20565_c5a4_3>
...
006 (594.000.000) 02/14 09:13:56 Image size of job updated: 2
	5  -  MemoryUsage of job (MB)
	5008  -  ResidentSetSize of job (KB)
...
006 (608.000.000) 02/14 09:13:59 Image size of job updated: 26516
	17  -  MemoryUsage of job (MB)
	16732  -  ResidentSetSize of job (KB)
...
006 (605.000.000) 02/14 09:13:59 Image size of job updated: 21144
	12  -  MemoryUsage of job (MB)
	11476  -  ResidentSetSize of job (KB)
...
006 (602.000.000) 02/14 09:14:01 Image size of job updated: 21656
	12  -  MemoryUsage of job (MB)
	12016  -  ResidentSetSize of job (KB)
...
006 (601.000.000) 02/14 09:14:01 Image size of job updated: 2
	5  -  MemoryUsage of job (MB)
	5104  -  ResidentSetSize of job (KB)
...
006 (599.000.000) 02/14 09:14:02 Image size of job updated: 58644
	48  -  MemoryUsage of job (MB)
	48876  -  ResidentSetSize of job (KB)
...
001 (603.000.000) 02/14 09:14:04 Job executing on host: <192.168.5.102:9618?addrs=192.168.5.102-9618+[--1]-9618&noUDP&sock=3044_d2c8_3>
...
006 (600.000.000) 02/14 09:14:05 Image size of job updated: 34712
	25  -  MemoryUsage of job (MB)
	24792  -  ResidentSetSize of job (KB)
...
001 (596.000.000) 02/14 09:14:06 Job executing on host: <192.168.5.104:9618?addrs=192.168.5.104-9618+[--1]-9618&noUDP&sock=26640_a8b3_3>
...
001 (595.000.000) 02/14 09:14:06 Job executing on host: <192.168.5.104:9618?addrs=192.168.5.104-9618+[--1]-9618&noUDP&sock=26640_a8b3_3>
...
001 (604.000.000) 02/14 09:14:10 Job executing on host: <192.168.5.102:9618?addrs=192.168.5.102-9618+[--1]-9618&noUDP&sock=3044_d2c8_3>
...
006 (596.000.000) 02/14 09:14:16 Image size of job updated: 84464
	73  -  MemoryUsage of job (MB)
	74728  -  ResidentSetSize of job (KB)
...
006 (595.000.000) 02/14 09:14:16 Image size of job updated: 91168
	80  -  MemoryUsage of job (MB)
	81580  -  ResidentSetSize of job (KB)
...
006 (603.000.000) 02/14 09:14:16 Image size of job updated: 26784
	17  -  MemoryUsage of job (MB)
	17016  -  ResidentSetSize of job (KB)
...
006 (604.000.000) 02/14 09:14:20 Image size of job updated: 2
	5  -  MemoryUsage of job (MB)
	4964  -  ResidentSetSize of job (KB)
...
001 (606.000.000) 02/14 09:14:20 Job executing on host: <192.168.5.101:9618?addrs=192.168.5.101-9618+[--1]-9618&noUDP&sock=4136_289b_3>
...
006 (606.000.000) 02/14 09:14:28 Image size of job updated: 27472
	18  -  MemoryUsage of job (MB)
	17760  -  ResidentSetSize of job (KB)
...
006 (607.000.000) 02/14 09:18:41 Image size of job updated: 331512
	315  -  MemoryUsage of job (MB)
	321804  -  ResidentSetSize of job (KB)
...
006 (597.000.000) 02/14 09:18:48 Image size of job updated: 331772
	315  -  MemoryUsage of job (MB)
	322096  -  ResidentSetSize of job (KB)
...
006 (598.000.000) 02/14 09:18:48 Image size of job updated: 332016
	315  -  MemoryUsage of job (MB)
	322484  -  ResidentSetSize of job (KB)
...
006 (593.000.000) 02/14 09:18:54 Image size of job updated: 331760
	315  -  MemoryUsage of job (MB)
	322284  -  ResidentSetSize of job (KB)
...
006 (608.000.000) 02/14 09:18:55 Image size of job updated: 329564
	313  -  MemoryUsage of job (MB)
	319796  -  ResidentSetSize of job (KB)
...
006 (594.000.000) 02/14 09:18:56 Image size of job updated: 333048
	316  -  MemoryUsage of job (MB)
	323372  -  ResidentSetSize of job (KB)
...
006 (605.000.000) 02/14 09:18:57 Image size of job updated: 332780
	316  -  MemoryUsage of job (MB)
	323100  -  ResidentSetSize of job (KB)
...
006 (602.000.000) 02/14 09:19:00 Image size of job updated: 332272
	315  -  MemoryUsage of job (MB)
	322492  -  ResidentSetSize of job (KB)
...
006 (601.000.000) 02/14 09:19:01 Image size of job updated: 331760
	315  -  MemoryUsage of job (MB)
	321912  -  ResidentSetSize of job (KB)
...
006 (599.000.000) 02/14 09:19:01 Image size of job updated: 332012
	315  -  MemoryUsage of job (MB)
	322232  -  ResidentSetSize of job (KB)
...
006 (600.000.000) 02/14 09:19:06 Image size of job updated: 332524
	316  -  MemoryUsage of job (MB)
	322680  -  ResidentSetSize of job (KB)
...
006 (603.000.000) 02/14 09:19:15 Image size of job updated: 332012
	315  -  MemoryUsage of job (MB)
	322308  -  ResidentSetSize of job (KB)
...
006 (596.000.000) 02/14 09:19:16 Image size of job updated: 332024
	315  -  MemoryUsage of job (MB)
	322212  -  ResidentSetSize of job (KB)
...
006 (595.000.000) 02/14 09:19:16 Image size of job updated: 332028
	315  -  MemoryUsage of job (MB)
	322460  -  ResidentSetSize of job (KB)
...
006 (604.000.000) 02/14 09:19:19 Image size of job updated: 332012
	315  -  MemoryUsage of job (MB)
	322168  -  ResidentSetSize of job (KB)
...
006 (606.000.000) 02/14 09:19:29 Image size of job updated: 332272
	316  -  MemoryUsage of job (MB)
	322804  -  ResidentSetSize of job (KB)
...
006 (607.000.000) 02/14 09:23:43 Image size of job updated: 332280
	316  -  MemoryUsage of job (MB)
	322600  -  ResidentSetSize of job (KB)
...
006 (597.000.000) 02/14 09:23:49 Image size of job updated: 333052
	316  -  MemoryUsage of job (MB)
	323392  -  ResidentSetSize of job (KB)
...
006 (598.000.000) 02/14 09:23:49 Image size of job updated: 333296
	317  -  MemoryUsage of job (MB)
	323784  -  ResidentSetSize of job (KB)
...
006 (593.000.000) 02/14 09:23:55 Image size of job updated: 332528
	316  -  MemoryUsage of job (MB)
	323076  -  ResidentSetSize of job (KB)
...
006 (608.000.000) 02/14 09:23:55 Image size of job updated: 330844
	314  -  MemoryUsage of job (MB)
	321096  -  ResidentSetSize of job (KB)
...
006 (594.000.000) 02/14 09:23:57 Image size of job updated: 334584
	318  -  MemoryUsage of job (MB)
	324928  -  ResidentSetSize of job (KB)
...
006 (605.000.000) 02/14 09:23:57 Image size of job updated: 335340
	319  -  MemoryUsage of job (MB)
	325688  -  ResidentSetSize of job (KB)
...
006 (602.000.000) 02/14 09:24:01 Image size of job updated: 333808
	317  -  MemoryUsage of job (MB)
	324048  -  ResidentSetSize of job (KB)
...
006 (601.000.000) 02/14 09:24:01 Image size of job updated: 332528
	316  -  MemoryUsage of job (MB)
	322708  -  ResidentSetSize of job (KB)
...
006 (599.000.000) 02/14 09:24:02 Image size of job updated: 333036
	316  -  MemoryUsage of job (MB)
	323288  -  ResidentSetSize of job (KB)
...
006 (600.000.000) 02/14 09:24:07 Image size of job updated: 334060
	317  -  MemoryUsage of job (MB)
	324236  -  ResidentSetSize of job (KB)
...
006 (603.000.000) 02/14 09:24:16 Image size of job updated: 333292
	317  -  MemoryUsage of job (MB)
	323612  -  ResidentSetSize of job (KB)
...
006 (596.000.000) 02/14 09:24:16 Image size of job updated: 332536
	316  -  MemoryUsage of job (MB)
	322744  -  ResidentSetSize of job (KB)
...
006 (595.000.000) 02/14 09:24:17 Image size of job updated: 332796
	316  -  MemoryUsage of job (MB)
	323248  -  ResidentSetSize of job (KB)
...
006 (604.000.000) 02/14 09:24:19 Image size of job updated: 332780
	316  -  MemoryUsage of job (MB)
	322956  -  ResidentSetSize of job (KB)
...
006 (606.000.000) 02/14 09:24:29 Image size of job updated: 334064
	317  -  MemoryUsage of job (MB)
	324348  -  ResidentSetSize of job (KB)
...
006 (607.000.000) 02/14 09:28:43 Image size of job updated: 333560
	317  -  MemoryUsage of job (MB)
	323880  -  ResidentSetSize of job (KB)
...
006 (597.000.000) 02/14 09:28:50 Image size of job updated: 334076
	318  -  MemoryUsage of job (MB)
	324684  -  ResidentSetSize of job (KB)
...
006 (598.000.000) 02/14 09:28:50 Image size of job updated: 334576
	318  -  MemoryUsage of job (MB)
	325080  -  ResidentSetSize of job (KB)
...
006 (608.000.000) 02/14 09:28:55 Image size of job updated: 332636
	316  -  MemoryUsage of job (MB)
	322928  -  ResidentSetSize of job (KB)
...
006 (593.000.000) 02/14 09:28:56 Image size of job updated: 333808
	317  -  MemoryUsage of job (MB)
	324364  -  ResidentSetSize of job (KB)
...
006 (594.000.000) 02/14 09:28:57 Image size of job updated: 337656
	321  -  MemoryUsage of job (MB)
	328008  -  ResidentSetSize of job (KB)
...
006 (605.000.000) 02/14 09:28:58 Image size of job updated: 338412
	322  -  MemoryUsage of job (MB)
	328764  -  ResidentSetSize of job (KB)
...
006 (602.000.000) 02/14 09:29:01 Image size of job updated: 335344
	318  -  MemoryUsage of job (MB)
	325596  -  ResidentSetSize of job (KB)
...
006 (601.000.000) 02/14 09:29:02 Image size of job updated: 334064
	317  -  MemoryUsage of job (MB)
	324252  -  ResidentSetSize of job (KB)
...
006 (599.000.000) 02/14 09:29:02 Image size of job updated: 334316
	317  -  MemoryUsage of job (MB)
	324568  -  ResidentSetSize of job (KB)
...
006 (600.000.000) 02/14 09:29:07 Image size of job updated: 335596
	319  -  MemoryUsage of job (MB)
	325784  -  ResidentSetSize of job (KB)
...
006 (603.000.000) 02/14 09:29:16 Image size of job updated: 335084
	318  -  MemoryUsage of job (MB)
	325416  -  ResidentSetSize of job (KB)
...
006 (595.000.000) 02/14 09:29:17 Image size of job updated: 333820
	317  -  MemoryUsage of job (MB)
	324288  -  ResidentSetSize of job (KB)
...
006 (596.000.000) 02/14 09:29:18 Image size of job updated: 333816
	317  -  MemoryUsage of job (MB)
	324036  -  ResidentSetSize of job (KB)
...
006 (604.000.000) 02/14 09:29:20 Image size of job updated: 334316
	317  -  MemoryUsage of job (MB)
	324504  -  ResidentSetSize of job (KB)
...
006 (606.000.000) 02/14 09:29:30 Image size of job updated: 336624
	320  -  MemoryUsage of job (MB)
	326908  -  ResidentSetSize of job (KB)
...
006 (607.000.000) 02/14 09:33:44 Image size of job updated: 334964
	318  -  MemoryUsage of job (MB)
	325200  -  ResidentSetSize of job (KB)
...
006 (597.000.000) 02/14 09:33:51 Image size of job updated: 336380
	320  -  MemoryUsage of job (MB)
	326732  -  ResidentSetSize of job (KB)
...
006 (598.000.000) 02/14 09:33:51 Image size of job updated: 337136
	320  -  MemoryUsage of job (MB)
	327648  -  ResidentSetSize of job (KB)
...
006 (608.000.000) 02/14 09:33:56 Image size of job updated: 333916
	317  -  MemoryUsage of job (MB)
	324208  -  ResidentSetSize of job (KB)
...
006 (593.000.000) 02/14 09:33:56 Image size of job updated: 335600
	319  -  MemoryUsage of job (MB)
	326156  -  ResidentSetSize of job (KB)
...
006 (594.000.000) 02/14 09:33:57 Image size of job updated: 339704
	323  -  MemoryUsage of job (MB)
	330060  -  ResidentSetSize of job (KB)
...
006 (605.000.000) 02/14 09:33:58 Image size of job updated: 341616
	325  -  MemoryUsage of job (MB)
	331868  -  ResidentSetSize of job (KB)
...
006 (602.000.000) 02/14 09:34:02 Image size of job updated: 338160
	321  -  MemoryUsage of job (MB)
	328412  -  ResidentSetSize of job (KB)
...
006 (601.000.000) 02/14 09:34:02 Image size of job updated: 336112
	319  -  MemoryUsage of job (MB)
	326300  -  ResidentSetSize of job (KB)
...
006 (599.000.000) 02/14 09:34:02 Image size of job updated: 336876
	320  -  MemoryUsage of job (MB)
	327128  -  ResidentSetSize of job (KB)
...
006 (600.000.000) 02/14 09:34:08 Image size of job updated: 338412
	321  -  MemoryUsage of job (MB)
	328600  -  ResidentSetSize of job (KB)
...
006 (603.000.000) 02/14 09:34:17 Image size of job updated: 337644
	321  -  MemoryUsage of job (MB)
	327976  -  ResidentSetSize of job (KB)
...
006 (595.000.000) 02/14 09:34:17 Image size of job updated: 335100
	318  -  MemoryUsage of job (MB)
	325564  -  ResidentSetSize of job (KB)
...
006 (596.000.000) 02/14 09:34:18 Image size of job updated: 335352
	318  -  MemoryUsage of job (MB)
	325572  -  ResidentSetSize of job (KB)
...
006 (604.000.000) 02/14 09:34:20 Image size of job updated: 336364
	319  -  MemoryUsage of job (MB)
	326552  -  ResidentSetSize of job (KB)
...
006 (606.000.000) 02/14 09:34:30 Image size of job updated: 339056
	322  -  MemoryUsage of job (MB)
	329256  -  ResidentSetSize of job (KB)
...
006 (607.000.000) 02/14 09:38:44 Image size of job updated: 335732
	319  -  MemoryUsage of job (MB)
	325972  -  ResidentSetSize of job (KB)
...
006 (597.000.000) 02/14 09:38:51 Image size of job updated: 337780
	321  -  MemoryUsage of job (MB)
	328052  -  ResidentSetSize of job (KB)
...
006 (598.000.000) 02/14 09:38:51 Image size of job updated: 338800
	322  -  MemoryUsage of job (MB)
	329208  -  ResidentSetSize of job (KB)
...
006 (608.000.000) 02/14 09:38:56 Image size of job updated: 335452
	319  -  MemoryUsage of job (MB)
	325744  -  ResidentSetSize of job (KB)
...
006 (593.000.000) 02/14 09:38:57 Image size of job updated: 337008
	320  -  MemoryUsage of job (MB)
	327468  -  ResidentSetSize of job (KB)
...
006 (594.000.000) 02/14 09:38:58 Image size of job updated: 342132
	325  -  MemoryUsage of job (MB)
	332400  -  ResidentSetSize of job (KB)
...
006 (605.000.000) 02/14 09:38:58 Image size of job updated: 344176
	327  -  MemoryUsage of job (MB)
	334428  -  ResidentSetSize of job (KB)
...
006 (602.000.000) 02/14 09:39:02 Image size of job updated: 340336
	323  -  MemoryUsage of job (MB)
	330496  -  ResidentSetSize of job (KB)
...
006 (601.000.000) 02/14 09:39:02 Image size of job updated: 337776
	321  -  MemoryUsage of job (MB)
	327872  -  ResidentSetSize of job (KB)
...
006 (599.000.000) 02/14 09:39:03 Image size of job updated: 338544
	321  -  MemoryUsage of job (MB)
	328700  -  ResidentSetSize of job (KB)
...
006 (600.000.000) 02/14 09:39:08 Image size of job updated: 340592
	323  -  MemoryUsage of job (MB)
	330684  -  ResidentSetSize of job (KB)
...
006 (608.000.000) 02/14 09:39:14 Image size of job updated: 337604
	319  -  MemoryUsage of job (MB)
	325744  -  ResidentSetSize of job (KB)
...
005 (608.000.000) 02/14 09:39:14 Job terminated.
	(1) Normal termination (return value 0)
		Usr 0 00:23:15, Sys 0 00:00:17  -  Run Remote Usage
		Usr 0 00:00:00, Sys 0 00:00:00  -  Run Local Usage
		Usr 0 00:23:15, Sys 0 00:00:17  -  Total Remote Usage
		Usr 0 00:00:00, Sys 0 00:00:00  -  Total Local Usage
	323229  -  Run Bytes Sent By Job
	302564384  -  Run Bytes Received By Job
	323229  -  Total Bytes Sent By Job
	302564384  -  Total Bytes Received By Job
	Partitionable Resources :    Usage  Request Allocated
	   Cpus                 :                 1         1
	   Disk (KB)            :   295799   300000 165666536
	   Memory (MB)          :      319        1       479
...
006 (595.000.000) 02/14 09:39:18 Image size of job updated: 336244
	319  -  MemoryUsage of job (MB)
	326628  -  ResidentSetSize of job (KB)
...
006 (603.000.000) 02/14 09:39:18 Image size of job updated: 339824
	323  -  MemoryUsage of job (MB)
	330060  -  ResidentSetSize of job (KB)
...
006 (596.000.000) 02/14 09:39:19 Image size of job updated: 336500
	319  -  MemoryUsage of job (MB)
	326636  -  ResidentSetSize of job (KB)
...
006 (604.000.000) 02/14 09:39:21 Image size of job updated: 338032
	321  -  MemoryUsage of job (MB)
	328124  -  ResidentSetSize of job (KB)
...
006 (606.000.000) 02/14 09:39:31 Image size of job updated: 341360
	324  -  MemoryUsage of job (MB)
	331560  -  ResidentSetSize of job (KB)
...
001 (609.000.000) 02/14 09:39:42 Job executing on host: <192.168.5.101:9618?addrs=192.168.5.101-9618+[--1]-9618&noUDP&sock=4136_289b_3>
...
006 (609.000.000) 02/14 09:39:50 Image size of job updated: 2
	5  -  MemoryUsage of job (MB)
	4952  -  ResidentSetSize of job (KB)
...
006 (607.000.000) 02/14 09:43:45 Image size of job updated: 337268
	320  -  MemoryUsage of job (MB)
	327508  -  ResidentSetSize of job (KB)
...
006 (597.000.000) 02/14 09:43:52 Image size of job updated: 339060
	322  -  MemoryUsage of job (MB)
	329336  -  ResidentSetSize of job (KB)
...
006 (598.000.000) 02/14 09:43:52 Image size of job updated: 340336
	323  -  MemoryUsage of job (MB)
	330744  -  ResidentSetSize of job (KB)
...
006 (593.000.000) 02/14 09:43:57 Image size of job updated: 338032
	321  -  MemoryUsage of job (MB)
	328500  -  ResidentSetSize of job (KB)
...
006 (594.000.000) 02/14 09:43:58 Image size of job updated: 344180
	327  -  MemoryUsage of job (MB)
	334448  -  ResidentSetSize of job (KB)
...
006 (605.000.000) 02/14 09:43:59 Image size of job updated: 347504
	330  -  MemoryUsage of job (MB)
	337756  -  ResidentSetSize of job (KB)
...
006 (602.000.000) 02/14 09:44:03 Image size of job updated: 342128
	325  -  MemoryUsage of job (MB)
	332288  -  ResidentSetSize of job (KB)
...
006 (601.000.000) 02/14 09:44:03 Image size of job updated: 338800
	322  -  MemoryUsage of job (MB)
	328900  -  ResidentSetSize of job (KB)
...
006 (599.000.000) 02/14 09:44:03 Image size of job updated: 340080
	323  -  MemoryUsage of job (MB)
	330492  -  ResidentSetSize of job (KB)
...
006 (600.000.000) 02/14 09:44:09 Image size of job updated: 342384
	325  -  MemoryUsage of job (MB)
	332476  -  ResidentSetSize of job (KB)
...
006 (595.000.000) 02/14 09:44:18 Image size of job updated: 337268
	320  -  MemoryUsage of job (MB)
	327664  -  ResidentSetSize of job (KB)
...
006 (603.000.000) 02/14 09:44:19 Image size of job updated: 341360
	324  -  MemoryUsage of job (MB)
	331596  -  ResidentSetSize of job (KB)
...
006 (596.000.000) 02/14 09:44:19 Image size of job updated: 337524
	320  -  MemoryUsage of job (MB)
	327660  -  ResidentSetSize of job (KB)
...
006 (604.000.000) 02/14 09:44:21 Image size of job updated: 339312
	322  -  MemoryUsage of job (MB)
	329404  -  ResidentSetSize of job (KB)
...
006 (606.000.000) 02/14 09:44:31 Image size of job updated: 343664
	327  -  MemoryUsage of job (MB)
	333860  -  ResidentSetSize of job (KB)
...
006 (609.000.000) 02/14 09:44:51 Image size of job updated: 334328
	317  -  MemoryUsage of job (MB)
	324540  -  ResidentSetSize of job (KB)
...
006 (605.000.000) 02/14 09:45:39 Image size of job updated: 349840
	330  -  MemoryUsage of job (MB)
	337756  -  ResidentSetSize of job (KB)
...
005 (605.000.000) 02/14 09:45:39 Job terminated.
	(1) Normal termination (return value 0)
		Usr 0 00:29:29, Sys 0 00:00:20  -  Run Remote Usage
		Usr 0 00:00:00, Sys 0 00:00:00  -  Run Local Usage
		Usr 0 00:29:29, Sys 0 00:00:20  -  Total Remote Usage
		Usr 0 00:00:00, Sys 0 00:00:00  -  Total Local Usage
	406685  -  Run Bytes Sent By Job
	302564416  -  Run Bytes Received By Job
	406685  -  Total Bytes Sent By Job
	302564416  -  Total Bytes Received By Job
	Partitionable Resources :    Usage  Request Allocated
	   Cpus                 :                 1         1
	   Disk (KB)            :   295881   300000 165666536
	   Memory (MB)          :      330        1       479
...
006 (606.000.000) 02/14 09:45:56 Image size of job updated: 345744
	327  -  MemoryUsage of job (MB)
	333860  -  ResidentSetSize of job (KB)
...
005 (606.000.000) 02/14 09:45:56 Job terminated.
	(1) Normal termination (return value 0)
		Usr 0 00:29:41, Sys 0 00:00:16  -  Run Remote Usage
		Usr 0 00:00:00, Sys 0 00:00:00  -  Run Local Usage
		Usr 0 00:29:41, Sys 0 00:00:16  -  Total Remote Usage
		Usr 0 00:00:00, Sys 0 00:00:00  -  Total Local Usage
	370035  -  Run Bytes Sent By Job
	302564416  -  Run Bytes Received By Job
	370035  -  Total Bytes Sent By Job
	302564416  -  Total Bytes Received By Job
	Partitionable Resources :    Usage  Request Allocated
	   Cpus                 :                 1         1
	   Disk (KB)            :   295845   300000 165666536
	   Memory (MB)          :      327        1       479
...
006 (607.000.000) 02/14 09:45:56 Image size of job updated: 339092
	320  -  MemoryUsage of job (MB)
	327508  -  ResidentSetSize of job (KB)
...
005 (607.000.000) 02/14 09:45:56 Job terminated.
	(1) Normal termination (return value 0)
		Usr 0 00:29:49, Sys 0 00:00:14  -  Run Remote Usage
		Usr 0 00:00:00, Sys 0 00:00:00  -  Run Local Usage
		Usr 0 00:29:49, Sys 0 00:00:14  -  Total Remote Usage
		Usr 0 00:00:00, Sys 0 00:00:00  -  Total Local Usage
	317111  -  Run Bytes Sent By Job
	302564416  -  Run Bytes Received By Job
	317111  -  Total Bytes Sent By Job
	302564416  -  Total Bytes Received By Job
	Partitionable Resources :    Usage  Request Allocated
	   Cpus                 :                 1         1
	   Disk (KB)            :   295793   300000 165666536
	   Memory (MB)          :      320        1       479
...
001 (612.000.000) 02/14 09:46:50 Job executing on host: <192.168.5.101:9618?addrs=192.168.5.101-9618+[--1]-9618&noUDP&sock=4136_289b_3>
...
001 (611.000.000) 02/14 09:46:50 Job executing on host: <192.168.5.101:9618?addrs=192.168.5.101-9618+[--1]-9618&noUDP&sock=4136_289b_3>
...
001 (610.000.000) 02/14 09:46:50 Job executing on host: <192.168.5.101:9618?addrs=192.168.5.101-9618+[--1]-9618&noUDP&sock=4136_289b_3>
...
006 (612.000.000) 02/14 09:46:58 Image size of job updated: 20832
	3  -  MemoryUsage of job (MB)
	2544  -  ResidentSetSize of job (KB)
...
006 (611.000.000) 02/14 09:46:58 Image size of job updated: 20160
	7  -  MemoryUsage of job (MB)
	6688  -  ResidentSetSize of job (KB)
...
006 (610.000.000) 02/14 09:46:58 Image size of job updated: 2
	5  -  MemoryUsage of job (MB)
	4904  -  ResidentSetSize of job (KB)
...
006 (597.000.000) 02/14 09:48:52 Image size of job updated: 340852
	324  -  MemoryUsage of job (MB)
	331124  -  ResidentSetSize of job (KB)
...
006 (598.000.000) 02/14 09:48:52 Image size of job updated: 342384
	325  -  MemoryUsage of job (MB)
	332792  -  ResidentSetSize of job (KB)
...
006 (593.000.000) 02/14 09:48:58 Image size of job updated: 339568
	323  -  MemoryUsage of job (MB)
	330032  -  ResidentSetSize of job (KB)
...
006 (594.000.000) 02/14 09:48:59 Image size of job updated: 346740
	330  -  MemoryUsage of job (MB)
	337008  -  ResidentSetSize of job (KB)
...
006 (602.000.000) 02/14 09:49:03 Image size of job updated: 344688
	327  -  MemoryUsage of job (MB)
	334848  -  ResidentSetSize of job (KB)
...
006 (601.000.000) 02/14 09:49:04 Image size of job updated: 340848
	324  -  MemoryUsage of job (MB)
	330944  -  ResidentSetSize of job (KB)
...
006 (599.000.000) 02/14 09:49:04 Image size of job updated: 342128
	325  -  MemoryUsage of job (MB)
	332284  -  ResidentSetSize of job (KB)
...
006 (600.000.000) 02/14 09:49:10 Image size of job updated: 344688
	327  -  MemoryUsage of job (MB)
	334780  -  ResidentSetSize of job (KB)
...
006 (595.000.000) 02/14 09:49:19 Image size of job updated: 338804
	322  -  MemoryUsage of job (MB)
	329188  -  ResidentSetSize of job (KB)
...
006 (603.000.000) 02/14 09:49:19 Image size of job updated: 343408
	326  -  MemoryUsage of job (MB)
	333644  -  ResidentSetSize of job (KB)
...
006 (596.000.000) 02/14 09:49:20 Image size of job updated: 339060
	322  -  MemoryUsage of job (MB)
	329196  -  ResidentSetSize of job (KB)
...
006 (604.000.000) 02/14 09:49:22 Image size of job updated: 341104
	324  -  MemoryUsage of job (MB)
	331196  -  ResidentSetSize of job (KB)
...
006 (609.000.000) 02/14 09:49:51 Image size of job updated: 338680
	322  -  MemoryUsage of job (MB)
	328908  -  ResidentSetSize of job (KB)
...
006 (612.000.000) 02/14 09:51:58 Image size of job updated: 331756
	315  -  MemoryUsage of job (MB)
	322040  -  ResidentSetSize of job (KB)
...
006 (611.000.000) 02/14 09:51:58 Image size of job updated: 332012
	315  -  MemoryUsage of job (MB)
	322440  -  ResidentSetSize of job (KB)
...
006 (610.000.000) 02/14 09:51:59 Image size of job updated: 331760
	315  -  MemoryUsage of job (MB)
	322040  -  ResidentSetSize of job (KB)
...
006 (598.000.000) 02/14 09:53:16 Image size of job updated: 345488
	325  -  MemoryUsage of job (MB)
	332792  -  ResidentSetSize of job (KB)
...
005 (598.000.000) 02/14 09:53:16 Job terminated.
	(1) Normal termination (return value 0)
		Usr 0 00:37:16, Sys 0 00:00:15  -  Run Remote Usage
		Usr 0 00:00:00, Sys 0 00:00:00  -  Run Local Usage
		Usr 0 00:37:16, Sys 0 00:00:15  -  Total Remote Usage
		Usr 0 00:00:00, Sys 0 00:00:00  -  Total Local Usage
	375549  -  Run Bytes Sent By Job
	302564416  -  Run Bytes Received By Job
	375549  -  Total Bytes Sent By Job
	302564416  -  Total Bytes Received By Job
	Partitionable Resources :    Usage  Request Allocated
	   Cpus                 :                 1         1
	   Disk (KB)            :   295850   300000 165515080
	   Memory (MB)          :      325        1       479
...
006 (597.000.000) 02/14 09:53:21 Image size of job updated: 343956
	324  -  MemoryUsage of job (MB)
	331124  -  ResidentSetSize of job (KB)
...
005 (597.000.000) 02/14 09:53:21 Job terminated.
	(1) Normal termination (return value 0)
		Usr 0 00:37:09, Sys 0 00:00:24  -  Run Remote Usage
		Usr 0 00:00:00, Sys 0 00:00:00  -  Run Local Usage
		Usr 0 00:37:09, Sys 0 00:00:24  -  Total Remote Usage
		Usr 0 00:00:00, Sys 0 00:00:00  -  Total Local Usage
	367357  -  Run Bytes Sent By Job
	302564416  -  Run Bytes Received By Job
	367357  -  Total Bytes Sent By Job
	302564416  -  Total Bytes Received By Job
	Partitionable Resources :    Usage  Request Allocated
	   Cpus                 :                 1         1
	   Disk (KB)            :   295842   300000 165515080
	   Memory (MB)          :      324        1       479
...
006 (599.000.000) 02/14 09:53:25 Image size of job updated: 344976
	325  -  MemoryUsage of job (MB)
	332284  -  ResidentSetSize of job (KB)
...
005 (599.000.000) 02/14 09:53:25 Job terminated.
	(1) Normal termination (return value 0)
		Usr 0 00:37:23, Sys 0 00:00:13  -  Run Remote Usage
		Usr 0 00:00:00, Sys 0 00:00:00  -  Run Local Usage
		Usr 0 00:37:23, Sys 0 00:00:13  -  Total Remote Usage
		Usr 0 00:00:00, Sys 0 00:00:00  -  Total Local Usage
	349198  -  Run Bytes Sent By Job
	302564416  -  Run Bytes Received By Job
	349198  -  Total Bytes Sent By Job
	302564416  -  Total Bytes Received By Job
	Partitionable Resources :    Usage  Request Allocated
	   Cpus                 :                 1         1
	   Disk (KB)            :   295824   300000 165515080
	   Memory (MB)          :      325        1       479
...
006 (600.000.000) 02/14 09:53:28 Image size of job updated: 348304
	327  -  MemoryUsage of job (MB)
	334780  -  ResidentSetSize of job (KB)
...
005 (600.000.000) 02/14 09:53:28 Job terminated.
	(1) Normal termination (return value 0)
		Usr 0 00:37:23, Sys 0 00:00:15  -  Run Remote Usage
		Usr 0 00:00:00, Sys 0 00:00:00  -  Run Local Usage
		Usr 0 00:37:23, Sys 0 00:00:15  -  Total Remote Usage
		Usr 0 00:00:00, Sys 0 00:00:00  -  Total Local Usage
	400957  -  Run Bytes Sent By Job
	302564416  -  Run Bytes Received By Job
	400957  -  Total Bytes Sent By Job
	302564416  -  Total Bytes Received By Job
	Partitionable Resources :    Usage  Request Allocated
	   Cpus                 :                 1         1
	   Disk (KB)            :   295875   300000 165515080
	   Memory (MB)          :      327        1       479
...
001 (614.000.000) 02/14 09:53:47 Job executing on host: <192.168.5.103:9618?addrs=192.168.5.103-9618+[--1]-9618&noUDP&sock=20565_c5a4_3>
...
001 (613.000.000) 02/14 09:53:50 Job executing on host: <192.168.5.103:9618?addrs=192.168.5.103-9618+[--1]-9618&noUDP&sock=20565_c5a4_3>
...
001 (616.000.000) 02/14 09:53:50 Job executing on host: <192.168.5.103:9618?addrs=192.168.5.103-9618+[--1]-9618&noUDP&sock=20565_c5a4_3>
...
001 (615.000.000) 02/14 09:53:50 Job executing on host: <192.168.5.103:9618?addrs=192.168.5.103-9618+[--1]-9618&noUDP&sock=20565_c5a4_3>
...
006 (603.000.000) 02/14 09:53:53 Image size of job updated: 346512
	326  -  MemoryUsage of job (MB)
	333644  -  ResidentSetSize of job (KB)
...
005 (603.000.000) 02/14 09:53:53 Job terminated.
	(1) Normal termination (return value 0)
		Usr 0 00:37:36, Sys 0 00:00:12  -  Run Remote Usage
		Usr 0 00:00:00, Sys 0 00:00:00  -  Run Local Usage
		Usr 0 00:37:36, Sys 0 00:00:12  -  Total Remote Usage
		Usr 0 00:00:00, Sys 0 00:00:00  -  Total Local Usage
	401404  -  Run Bytes Sent By Job
	302564416  -  Run Bytes Received By Job
	401404  -  Total Bytes Sent By Job
	302564416  -  Total Bytes Received By Job
	Partitionable Resources :    Usage  Request Allocated
	   Cpus                 :                 1         1
	   Disk (KB)            :   295875   300000 165666520
	   Memory (MB)          :      326        1       479
...
006 (614.000.000) 02/14 09:53:56 Image size of job updated: 205812
	192  -  MemoryUsage of job (MB)
	196104  -  ResidentSetSize of job (KB)
...
006 (604.000.000) 02/14 09:53:56 Image size of job updated: 344208
	324  -  MemoryUsage of job (MB)
	331196  -  ResidentSetSize of job (KB)
...
005 (604.000.000) 02/14 09:53:56 Job terminated.
	(1) Normal termination (return value 0)
		Usr 0 00:37:39, Sys 0 00:00:12  -  Run Remote Usage
		Usr 0 00:00:00, Sys 0 00:00:00  -  Run Local Usage
		Usr 0 00:37:39, Sys 0 00:00:12  -  Total Remote Usage
		Usr 0 00:00:00, Sys 0 00:00:00  -  Total Local Usage
	384822  -  Run Bytes Sent By Job
	302564416  -  Run Bytes Received By Job
	384822  -  Total Bytes Sent By Job
	302564416  -  Total Bytes Received By Job
	Partitionable Resources :    Usage  Request Allocated
	   Cpus                 :                 1         1
	   Disk (KB)            :   295859   300000 165666520
	   Memory (MB)          :      324        1       479
...
006 (613.000.000) 02/14 09:53:58 Image size of job updated: 98808
	87  -  MemoryUsage of job (MB)
	88988  -  ResidentSetSize of job (KB)
...
006 (616.000.000) 02/14 09:53:58 Image size of job updated: 64252
	54  -  MemoryUsage of job (MB)
	54296  -  ResidentSetSize of job (KB)
...
006 (593.000.000) 02/14 09:53:59 Image size of job updated: 340592
	324  -  MemoryUsage of job (MB)
	331060  -  ResidentSetSize of job (KB)
...
006 (602.000.000) 02/14 09:53:59 Image size of job updated: 348304
	327  -  MemoryUsage of job (MB)
	334848  -  ResidentSetSize of job (KB)
...
005 (602.000.000) 02/14 09:53:59 Job terminated.
	(1) Normal termination (return value 0)
		Usr 0 00:37:38, Sys 0 00:00:18  -  Run Remote Usage
		Usr 0 00:00:00, Sys 0 00:00:00  -  Run Local Usage
		Usr 0 00:37:38, Sys 0 00:00:18  -  Total Remote Usage
		Usr 0 00:00:00, Sys 0 00:00:00  -  Total Local Usage
	396354  -  Run Bytes Sent By Job
	302564416  -  Run Bytes Received By Job
	396354  -  Total Bytes Sent By Job
	302564416  -  Total Bytes Received By Job
	Partitionable Resources :    Usage  Request Allocated
	   Cpus                 :                 1         1
	   Disk (KB)            :   295871   300000 165666520
	   Memory (MB)          :      327        1       479
...
006 (615.000.000) 02/14 09:54:00 Image size of job updated: 72716
	62  -  MemoryUsage of job (MB)
	62844  -  ResidentSetSize of job (KB)
...
006 (594.000.000) 02/14 09:54:00 Image size of job updated: 348532
	331  -  MemoryUsage of job (MB)
	338800  -  ResidentSetSize of job (KB)
...
006 (601.000.000) 02/14 09:54:05 Image size of job updated: 343440
	326  -  MemoryUsage of job (MB)
	333636  -  ResidentSetSize of job (KB)
...
006 (601.000.000) 02/14 09:54:16 Image size of job updated: 343696
	326  -  MemoryUsage of job (MB)
	333636  -  ResidentSetSize of job (KB)
...
005 (601.000.000) 02/14 09:54:16 Job terminated.
	(1) Normal termination (return value 0)
		Usr 0 00:38:02, Sys 0 00:00:12  -  Run Remote Usage
		Usr 0 00:00:00, Sys 0 00:00:00  -  Run Local Usage
		Usr 0 00:38:02, Sys 0 00:00:12  -  Total Remote Usage
		Usr 0 00:00:00, Sys 0 00:00:00  -  Total Local Usage
	353850  -  Run Bytes Sent By Job
	302564416  -  Run Bytes Received By Job
	353850  -  Total Bytes Sent By Job
	302564416  -  Total Bytes Received By Job
	Partitionable Resources :    Usage  Request Allocated
	   Cpus                 :                 1         1
	   Disk (KB)            :   295829   300000 165666520
	   Memory (MB)          :      326        1       479
...
006 (595.000.000) 02/14 09:54:20 Image size of job updated: 341140
	324  -  MemoryUsage of job (MB)
	331624  -  ResidentSetSize of job (KB)
...
006 (596.000.000) 02/14 09:54:20 Image size of job updated: 339828
	323  -  MemoryUsage of job (MB)
	329964  -  ResidentSetSize of job (KB)
...
006 (593.000.000) 02/14 09:54:29 Image size of job updated: 342160
	324  -  MemoryUsage of job (MB)
	331060  -  ResidentSetSize of job (KB)
...
005 (593.000.000) 02/14 09:54:29 Job terminated.
	(1) Normal termination (return value 0)
		Usr 0 00:38:29, Sys 0 00:00:15  -  Run Remote Usage
		Usr 0 00:00:00, Sys 0 00:00:00  -  Run Local Usage
		Usr 0 00:38:29, Sys 0 00:00:15  -  Total Remote Usage
		Usr 0 00:00:00, Sys 0 00:00:00  -  Total Local Usage
	359848  -  Run Bytes Sent By Job
	302564416  -  Run Bytes Received By Job
	359848  -  Total Bytes Sent By Job
	302564416  -  Total Bytes Received By Job
	Partitionable Resources :    Usage  Request Allocated
	   Cpus                 :                 1         1
	   Disk (KB)            :   295835   300000 165483376
	   Memory (MB)          :      324        1       479
...
006 (594.000.000) 02/14 09:54:34 Image size of job updated: 350356
	331  -  MemoryUsage of job (MB)
	338800  -  ResidentSetSize of job (KB)
...
005 (594.000.000) 02/14 09:54:34 Job terminated.
	(1) Normal termination (return value 0)
		Usr 0 00:38:32, Sys 0 00:00:20  -  Run Remote Usage
		Usr 0 00:00:00, Sys 0 00:00:00  -  Run Local Usage
		Usr 0 00:38:32, Sys 0 00:00:20  -  Total Remote Usage
		Usr 0 00:00:00, Sys 0 00:00:00  -  Total Local Usage
	421335  -  Run Bytes Sent By Job
	302564416  -  Run Bytes Received By Job
	421335  -  Total Bytes Sent By Job
	302564416  -  Total Bytes Received By Job
	Partitionable Resources :    Usage  Request Allocated
	   Cpus                 :                 1         1
	   Disk (KB)            :   295895   300000 165483376
	   Memory (MB)          :      331        1       479
...
001 (618.000.000) 02/14 09:54:38 Job executing on host: <192.168.5.104:9618?addrs=192.168.5.104-9618+[--1]-9618&noUDP&sock=26640_a8b3_3>
...
001 (617.000.000) 02/14 09:54:41 Job executing on host: <192.168.5.104:9618?addrs=192.168.5.104-9618+[--1]-9618&noUDP&sock=26640_a8b3_3>
...
006 (618.000.000) 02/14 09:54:41 Image size of job updated: 23132
	0  -  MemoryUsage of job (MB)
	0  -  ResidentSetSize of job (KB)
...
005 (618.000.000) 02/14 09:54:41 Job terminated.
	(1) Normal termination (return value 0)
		Usr 0 00:00:00, Sys 0 00:00:00  -  Run Remote Usage
		Usr 0 00:00:00, Sys 0 00:00:00  -  Run Local Usage
		Usr 0 00:00:00, Sys 0 00:00:00  -  Total Remote Usage
		Usr 0 00:00:00, Sys 0 00:00:00  -  Total Local Usage
	37856  -  Run Bytes Sent By Job
	8145092  -  Run Bytes Received By Job
	37856  -  Total Bytes Sent By Job
	8145092  -  Total Bytes Received By Job
	Partitionable Resources :    Usage  Request Allocated
	   Cpus                 :                 1         1
	   Disk (KB)            :     8001    10000 165483376
	   Memory (MB)          :        0        1       479
...
006 (595.000.000) 02/14 09:54:45 Image size of job updated: 341396
	324  -  MemoryUsage of job (MB)
	331624  -  ResidentSetSize of job (KB)
...
005 (595.000.000) 02/14 09:54:46 Job terminated.
	(1) Normal termination (return value 0)
		Usr 0 00:38:34, Sys 0 00:00:16  -  Run Remote Usage
		Usr 0 00:00:00, Sys 0 00:00:00  -  Run Local Usage
		Usr 0 00:38:34, Sys 0 00:00:16  -  Total Remote Usage
		Usr 0 00:00:00, Sys 0 00:00:00  -  Total Local Usage
	345936  -  Run Bytes Sent By Job
	302564416  -  Run Bytes Received By Job
	345936  -  Total Bytes Sent By Job
	302564416  -  Total Bytes Received By Job
	Partitionable Resources :    Usage  Request Allocated
	   Cpus                 :                 1         1
	   Disk (KB)            :   295821   300000 165483376
	   Memory (MB)          :      324        1       479
...
006 (617.000.000) 02/14 09:54:49 Image size of job updated: 331004
	314  -  MemoryUsage of job (MB)
	321160  -  ResidentSetSize of job (KB)
...
006 (609.000.000) 02/14 09:54:51 Image size of job updated: 343544
	326  -  MemoryUsage of job (MB)
	333768  -  ResidentSetSize of job (KB)
...
006 (596.000.000) 02/14 09:54:58 Image size of job updated: 341652
	323  -  MemoryUsage of job (MB)
	329964  -  ResidentSetSize of job (KB)
...
005 (596.000.000) 02/14 09:54:58 Job terminated.
	(1) Normal termination (return value 0)
		Usr 0 00:38:30, Sys 0 00:00:39  -  Run Remote Usage
		Usr 0 00:00:00, Sys 0 00:00:00  -  Run Local Usage
		Usr 0 00:38:30, Sys 0 00:00:39  -  Total Remote Usage
		Usr 0 00:00:00, Sys 0 00:00:00  -  Total Local Usage
	350701  -  Run Bytes Sent By Job
	302564416  -  Run Bytes Received By Job
	350701  -  Total Bytes Sent By Job
	302564416  -  Total Bytes Received By Job
	Partitionable Resources :    Usage  Request Allocated
	   Cpus                 :                 1         1
	   Disk (KB)            :   295826   300000 165483376
	   Memory (MB)          :      323        1       479
...
006 (612.000.000) 02/14 09:56:59 Image size of job updated: 332780
	316  -  MemoryUsage of job (MB)
	323096  -  ResidentSetSize of job (KB)
...
006 (610.000.000) 02/14 09:56:59 Image size of job updated: 332528
	316  -  MemoryUsage of job (MB)
	322832  -  ResidentSetSize of job (KB)
...
006 (611.000.000) 02/14 09:57:00 Image size of job updated: 333292
	317  -  MemoryUsage of job (MB)
	323740  -  ResidentSetSize of job (KB)
...
006 (614.000.000) 02/14 09:58:56 Image size of job updated: 331504
	315  -  MemoryUsage of job (MB)
	321644  -  ResidentSetSize of job (KB)
...
006 (613.000.000) 02/14 09:58:59 Image size of job updated: 332784
	316  -  MemoryUsage of job (MB)
	322976  -  ResidentSetSize of job (KB)
...
006 (616.000.000) 02/14 09:58:59 Image size of job updated: 332040
	315  -  MemoryUsage of job (MB)
	322112  -  ResidentSetSize of job (KB)
...
006 (615.000.000) 02/14 09:59:01 Image size of job updated: 332016
	315  -  MemoryUsage of job (MB)
	322204  -  ResidentSetSize of job (KB)
...
006 (617.000.000) 02/14 09:59:49 Image size of job updated: 331516
	315  -  MemoryUsage of job (MB)
	321816  -  ResidentSetSize of job (KB)
...
006 (609.000.000) 02/14 09:59:52 Image size of job updated: 348532
	331  -  MemoryUsage of job (MB)
	338672  -  ResidentSetSize of job (KB)
...
006 (612.000.000) 02/14 10:01:59 Image size of job updated: 334316
	318  -  MemoryUsage of job (MB)
	324632  -  ResidentSetSize of job (KB)
...
006 (610.000.000) 02/14 10:01:59 Image size of job updated: 334064
	317  -  MemoryUsage of job (MB)
	324376  -  ResidentSetSize of job (KB)
...
006 (611.000.000) 02/14 10:02:00 Image size of job updated: 335596
	319  -  MemoryUsage of job (MB)
	326056  -  ResidentSetSize of job (KB)
...
006 (614.000.000) 02/14 10:03:57 Image size of job updated: 332272
	315  -  MemoryUsage of job (MB)
	322432  -  ResidentSetSize of job (KB)
...
006 (613.000.000) 02/14 10:03:59 Image size of job updated: 334320
	317  -  MemoryUsage of job (MB)
	324528  -  ResidentSetSize of job (KB)
...
006 (616.000.000) 02/14 10:03:59 Image size of job updated: 332808
	316  -  MemoryUsage of job (MB)
	322900  -  ResidentSetSize of job (KB)
...
006 (615.000.000) 02/14 10:04:01 Image size of job updated: 333296
	316  -  MemoryUsage of job (MB)
	323504  -  ResidentSetSize of job (KB)
...
006 (617.000.000) 02/14 10:04:50 Image size of job updated: 332284
	316  -  MemoryUsage of job (MB)
	322620  -  ResidentSetSize of job (KB)
...
006 (609.000.000) 02/14 10:04:52 Image size of job updated: 353652
	336  -  MemoryUsage of job (MB)
	343792  -  ResidentSetSize of job (KB)
...
006 (612.000.000) 02/14 10:07:00 Image size of job updated: 335728
	319  -  MemoryUsage of job (MB)
	325932  -  ResidentSetSize of job (KB)
...
006 (610.000.000) 02/14 10:07:00 Image size of job updated: 335216
	318  -  MemoryUsage of job (MB)
	325436  -  ResidentSetSize of job (KB)
...
006 (611.000.000) 02/14 10:07:01 Image size of job updated: 337520
	321  -  MemoryUsage of job (MB)
	327872  -  ResidentSetSize of job (KB)
...
006 (614.000.000) 02/14 10:08:58 Image size of job updated: 333552
	317  -  MemoryUsage of job (MB)
	323720  -  ResidentSetSize of job (KB)
...
006 (613.000.000) 02/14 10:09:00 Image size of job updated: 337136
	320  -  MemoryUsage of job (MB)
	327360  -  ResidentSetSize of job (KB)
...
006 (616.000.000) 02/14 10:09:00 Image size of job updated: 334856
	318  -  MemoryUsage of job (MB)
	324960  -  ResidentSetSize of job (KB)
...
006 (615.000.000) 02/14 10:09:02 Image size of job updated: 334832
	318  -  MemoryUsage of job (MB)
	325048  -  ResidentSetSize of job (KB)
...
006 (617.000.000) 02/14 10:09:50 Image size of job updated: 333940
	317  -  MemoryUsage of job (MB)
	324344  -  ResidentSetSize of job (KB)
...
006 (609.000.000) 02/14 10:09:53 Image size of job updated: 356980
	339  -  MemoryUsage of job (MB)
	347120  -  ResidentSetSize of job (KB)
...
006 (609.000.000) 02/14 10:10:32 Image size of job updated: 359572
	339  -  MemoryUsage of job (MB)
	347120  -  ResidentSetSize of job (KB)
...
005 (609.000.000) 02/14 10:10:32 Job terminated.
	(1) Normal termination (return value 0)
		Usr 0 00:29:17, Sys 0 00:00:15  -  Run Remote Usage
		Usr 0 00:00:00, Sys 0 00:00:00  -  Run Local Usage
		Usr 0 00:29:17, Sys 0 00:00:15  -  Total Remote Usage
		Usr 0 00:00:00, Sys 0 00:00:00  -  Total Local Usage
	462748  -  Run Bytes Sent By Job
	302564416  -  Run Bytes Received By Job
	462748  -  Total Bytes Sent By Job
	302564416  -  Total Bytes Received By Job
	Partitionable Resources :    Usage  Request Allocated
	   Cpus                 :                 1         1
	   Disk (KB)            :   295935   300000 165666536
	   Memory (MB)          :      339        1       479
...
006 (612.000.000) 02/14 10:12:00 Image size of job updated: 337264
	320  -  MemoryUsage of job (MB)
	327484  -  ResidentSetSize of job (KB)
...
006 (610.000.000) 02/14 10:12:00 Image size of job updated: 336496
	320  -  MemoryUsage of job (MB)
	326716  -  ResidentSetSize of job (KB)
...
006 (611.000.000) 02/14 10:12:01 Image size of job updated: 339056
	322  -  MemoryUsage of job (MB)
	329412  -  ResidentSetSize of job (KB)
...
006 (614.000.000) 02/14 10:13:59 Image size of job updated: 335088
	318  -  MemoryUsage of job (MB)
	325256  -  ResidentSetSize of job (KB)
...
006 (613.000.000) 02/14 10:14:00 Image size of job updated: 340208
	323  -  MemoryUsage of job (MB)
	330440  -  ResidentSetSize of job (KB)
...
006 (616.000.000) 02/14 10:14:00 Image size of job updated: 336904
	320  -  MemoryUsage of job (MB)
	327004  -  ResidentSetSize of job (KB)
...
006 (615.000.000) 02/14 10:14:02 Image size of job updated: 337136
	320  -  MemoryUsage of job (MB)
	327352  -  ResidentSetSize of job (KB)
...
006 (617.000.000) 02/14 10:14:51 Image size of job updated: 334708
	318  -  MemoryUsage of job (MB)
	324964  -  ResidentSetSize of job (KB)
...
006 (612.000.000) 02/14 10:17:00 Image size of job updated: 339344
	322  -  MemoryUsage of job (MB)
	329604  -  ResidentSetSize of job (KB)
...
006 (610.000.000) 02/14 10:17:01 Image size of job updated: 337776
	321  -  MemoryUsage of job (MB)
	327996  -  ResidentSetSize of job (KB)
...
006 (611.000.000) 02/14 10:17:02 Image size of job updated: 342416
	326  -  MemoryUsage of job (MB)
	332864  -  ResidentSetSize of job (KB)
...
006 (612.000.000) 02/14 10:17:12 Image size of job updated: 340368
	322  -  MemoryUsage of job (MB)
	329604  -  ResidentSetSize of job (KB)
...
005 (612.000.000) 02/14 10:17:13 Job terminated.
	(1) Normal termination (return value 0)
		Usr 0 00:28:53, Sys 0 00:00:10  -  Run Remote Usage
		Usr 0 00:00:00, Sys 0 00:00:00  -  Run Local Usage
		Usr 0 00:28:53, Sys 0 00:00:10  -  Total Remote Usage
		Usr 0 00:00:00, Sys 0 00:00:00  -  Total Local Usage
	368516  -  Run Bytes Sent By Job
	302564416  -  Run Bytes Received By Job
	368516  -  Total Bytes Sent By Job
	302564416  -  Total Bytes Received By Job
	Partitionable Resources :    Usage  Request Allocated
	   Cpus                 :                 1         1
	   Disk (KB)            :   295843   300000 165666536
	   Memory (MB)          :      322        1       479
...
006 (611.000.000) 02/14 10:17:29 Image size of job updated: 342928
	326  -  MemoryUsage of job (MB)
	332864  -  ResidentSetSize of job (KB)
...
005 (611.000.000) 02/14 10:17:29 Job terminated.
	(1) Normal termination (return value 0)
		Usr 0 00:29:04, Sys 0 00:00:11  -  Run Remote Usage
		Usr 0 00:00:00, Sys 0 00:00:00  -  Run Local Usage
		Usr 0 00:29:04, Sys 0 00:00:11  -  Total Remote Usage
		Usr 0 00:00:00, Sys 0 00:00:00  -  Total Local Usage
	341715  -  Run Bytes Sent By Job
	302564416  -  Run Bytes Received By Job
	341715  -  Total Bytes Sent By Job
	302564416  -  Total Bytes Received By Job
	Partitionable Resources :    Usage  Request Allocated
	   Cpus                 :                 1         1
	   Disk (KB)            :   295817   300000 165666536
	   Memory (MB)          :      326        1       479
...
006 (610.000.000) 02/14 10:17:31 Image size of job updated: 339600
	322  -  MemoryUsage of job (MB)
	329092  -  ResidentSetSize of job (KB)
...
005 (610.000.000) 02/14 10:17:31 Job terminated.
	(1) Normal termination (return value 0)
		Usr 0 00:29:04, Sys 0 00:00:12  -  Run Remote Usage
		Usr 0 00:00:00, Sys 0 00:00:00  -  Run Local Usage
		Usr 0 00:29:04, Sys 0 00:00:12  -  Total Remote Usage
		Usr 0 00:00:00, Sys 0 00:00:00  -  Total Local Usage
	356348  -  Run Bytes Sent By Job
	302564416  -  Run Bytes Received By Job
	356348  -  Total Bytes Sent By Job
	302564416  -  Total Bytes Received By Job
	Partitionable Resources :    Usage  Request Allocated
	   Cpus                 :                 1         1
	   Disk (KB)            :   295832   300000 165666536
	   Memory (MB)          :      322        1       479
...
006 (614.000.000) 02/14 10:18:59 Image size of job updated: 335988
	319  -  MemoryUsage of job (MB)
	326064  -  ResidentSetSize of job (KB)
...
006 (613.000.000) 02/14 10:19:01 Image size of job updated: 342376
	325  -  MemoryUsage of job (MB)
	332512  -  ResidentSetSize of job (KB)
...
006 (616.000.000) 02/14 10:19:01 Image size of job updated: 338036
	321  -  MemoryUsage of job (MB)
	328068  -  ResidentSetSize of job (KB)
...
006 (615.000.000) 02/14 10:19:03 Image size of job updated: 338288
	321  -  MemoryUsage of job (MB)
	328400  -  ResidentSetSize of job (KB)
...
006 (617.000.000) 02/14 10:19:51 Image size of job updated: 335988
	319  -  MemoryUsage of job (MB)
	326240  -  ResidentSetSize of job (KB)
...
006 (617.000.000) 02/14 10:22:20 Image size of job updated: 338324
	319  -  MemoryUsage of job (MB)
	326240  -  ResidentSetSize of job (KB)
...
005 (617.000.000) 02/14 10:22:20 Job terminated.
	(1) Normal termination (return value 0)
		Usr 0 00:26:35, Sys 0 00:00:10  -  Run Remote Usage
		Usr 0 00:00:00, Sys 0 00:00:00  -  Run Local Usage
		Usr 0 00:26:35, Sys 0 00:00:10  -  Total Remote Usage
		Usr 0 00:00:00, Sys 0 00:00:00  -  Total Local Usage
	295427  -  Run Bytes Sent By Job
	302564416  -  Run Bytes Received By Job
	295427  -  Total Bytes Sent By Job
	302564416  -  Total Bytes Received By Job
	Partitionable Resources :    Usage  Request Allocated
	   Cpus                 :                 1         1
	   Disk (KB)            :   295772   300000 165483376
	   Memory (MB)          :      319        1       479
...
006 (614.000.000) 02/14 10:24:00 Image size of job updated: 336500
	319  -  MemoryUsage of job (MB)
	326580  -  ResidentSetSize of job (KB)
...
006 (613.000.000) 02/14 10:24:01 Image size of job updated: 344424
	327  -  MemoryUsage of job (MB)
	334560  -  ResidentSetSize of job (KB)
...
006 (616.000.000) 02/14 10:24:01 Image size of job updated: 339316
	322  -  MemoryUsage of job (MB)
	329348  -  ResidentSetSize of job (KB)
...
006 (615.000.000) 02/14 10:24:03 Image size of job updated: 339568
	322  -  MemoryUsage of job (MB)
	329696  -  ResidentSetSize of job (KB)
...
006 (614.000.000) 02/14 10:29:00 Image size of job updated: 338036
	321  -  MemoryUsage of job (MB)
	328112  -  ResidentSetSize of job (KB)
...
006 (613.000.000) 02/14 10:29:02 Image size of job updated: 346984
	330  -  MemoryUsage of job (MB)
	337376  -  ResidentSetSize of job (KB)
...
006 (616.000.000) 02/14 10:29:02 Image size of job updated: 341108
	324  -  MemoryUsage of job (MB)
	331140  -  ResidentSetSize of job (KB)
...
006 (615.000.000) 02/14 10:29:04 Image size of job updated: 341360
	324  -  MemoryUsage of job (MB)
	331488  -  ResidentSetSize of job (KB)
...
006 (614.000.000) 02/14 10:34:01 Image size of job updated: 338804
	322  -  MemoryUsage of job (MB)
	328880  -  ResidentSetSize of job (KB)
...
006 (613.000.000) 02/14 10:34:01 Image size of job updated: 348776
	331  -  MemoryUsage of job (MB)
	338916  -  ResidentSetSize of job (KB)
...
006 (616.000.000) 02/14 10:34:02 Image size of job updated: 342132
	325  -  MemoryUsage of job (MB)
	332164  -  ResidentSetSize of job (KB)
...
006 (615.000.000) 02/14 10:34:05 Image size of job updated: 342640
	325  -  MemoryUsage of job (MB)
	332768  -  ResidentSetSize of job (KB)
...
006 (615.000.000) 02/14 10:34:59 Image size of job updated: 344464
	325  -  MemoryUsage of job (MB)
	332768  -  ResidentSetSize of job (KB)
...
005 (615.000.000) 02/14 10:34:59 Job terminated.
	(1) Normal termination (return value 0)
		Usr 0 00:39:18, Sys 0 00:00:15  -  Run Remote Usage
		Usr 0 00:00:00, Sys 0 00:00:00  -  Run Local Usage
		Usr 0 00:39:18, Sys 0 00:00:15  -  Total Remote Usage
		Usr 0 00:00:00, Sys 0 00:00:00  -  Total Local Usage
	368396  -  Run Bytes Sent By Job
	302564416  -  Run Bytes Received By Job
	368396  -  Total Bytes Sent By Job
	302564416  -  Total Bytes Received By Job
	Partitionable Resources :    Usage  Request Allocated
	   Cpus                 :                 1         1
	   Disk (KB)            :   295843   300000 165515080
	   Memory (MB)          :      325        1       479
...
006 (614.000.000) 02/14 10:35:11 Image size of job updated: 340628
	322  -  MemoryUsage of job (MB)
	328880  -  ResidentSetSize of job (KB)
...
005 (614.000.000) 02/14 10:35:11 Job terminated.
	(1) Normal termination (return value 0)
		Usr 0 00:39:19, Sys 0 00:00:25  -  Run Remote Usage
		Usr 0 00:00:00, Sys 0 00:00:00  -  Run Local Usage
		Usr 0 00:39:19, Sys 0 00:00:25  -  Total Remote Usage
		Usr 0 00:00:00, Sys 0 00:00:00  -  Total Local Usage
	327971  -  Run Bytes Sent By Job
	302564416  -  Run Bytes Received By Job
	327971  -  Total Bytes Sent By Job
	302564416  -  Total Bytes Received By Job
	Partitionable Resources :    Usage  Request Allocated
	   Cpus                 :                 1         1
	   Disk (KB)            :   295804   300000 165515080
	   Memory (MB)          :      322        1       479
...
006 (613.000.000) 02/14 10:35:16 Image size of job updated: 351112
	331  -  MemoryUsage of job (MB)
	338916  -  ResidentSetSize of job (KB)
...
005 (613.000.000) 02/14 10:35:17 Job terminated.
	(1) Normal termination (return value 0)
		Usr 0 00:39:25, Sys 0 00:00:21  -  Run Remote Usage
		Usr 0 00:00:00, Sys 0 00:00:00  -  Run Local Usage
		Usr 0 00:39:25, Sys 0 00:00:21  -  Total Remote Usage
		Usr 0 00:00:00, Sys 0 00:00:00  -  Total Local Usage
	393533  -  Run Bytes Sent By Job
	302564416  -  Run Bytes Received By Job
	393533  -  Total Bytes Sent By Job
	302564416  -  Total Bytes Received By Job
	Partitionable Resources :    Usage  Request Allocated
	   Cpus                 :                 1         1
	   Disk (KB)            :   295868   300000 165515080
	   Memory (MB)          :      331        1       479
...
006 (616.000.000) 02/14 10:35:17 Image size of job updated: 344468
	325  -  MemoryUsage of job (MB)
	332164  -  ResidentSetSize of job (KB)
...
005 (616.000.000) 02/14 10:35:17 Job terminated.
	(1) Normal termination (return value 0)
		Usr 0 00:39:26, Sys 0 00:00:23  -  Run Remote Usage
		Usr 0 00:00:00, Sys 0 00:00:00  -  Run Local Usage
		Usr 0 00:39:26, Sys 0 00:00:23  -  Total Remote Usage
		Usr 0 00:00:00, Sys 0 00:00:00  -  Total Local Usage
	368124  -  Run Bytes Sent By Job
	302564416  -  Run Bytes Received By Job
	368124  -  Total Bytes Sent By Job
	302564416  -  Total Bytes Received By Job
	Partitionable Resources :    Usage  Request Allocated
	   Cpus                 :                 1         1
	   Disk (KB)            :   295843   300000 165515080
	   Memory (MB)          :      325        1       479
...
000 (619.000.000) 02/14 10:35:30 Job submitted from host: <192.168.5.10:9618?addrs=192.168.5.10-9618+[--1]-9618&noUDP&sock=2698_7f03_4>
    DAG Node: individuals_merge_ID0000026
    pool:condorpool
...
001 (619.000.000) 02/14 10:35:32 Job executing on host: <192.168.5.104:9618?addrs=192.168.5.104-9618+[--1]-9618&noUDP&sock=26640_a8b3_3>
...
006 (619.000.000) 02/14 10:35:41 Image size of job updated: 25432
	15  -  MemoryUsage of job (MB)
	14904  -  ResidentSetSize of job (KB)
...
006 (619.000.000) 02/14 10:40:41 Image size of job updated: 35596
	25  -  MemoryUsage of job (MB)
	25124  -  ResidentSetSize of job (KB)
...
006 (619.000.000) 02/14 10:45:42 Image size of job updated: 58164
	47  -  MemoryUsage of job (MB)
	47780  -  ResidentSetSize of job (KB)
...
006 (619.000.000) 02/14 10:50:42 Image size of job updated: 72972
	62  -  MemoryUsage of job (MB)
	62520  -  ResidentSetSize of job (KB)
...
006 (619.000.000) 02/14 10:55:42 Image size of job updated: 93688
	82  -  MemoryUsage of job (MB)
	83252  -  ResidentSetSize of job (KB)
...
006 (619.000.000) 02/14 11:00:44 Image size of job updated: 108728
	96  -  MemoryUsage of job (MB)
	98276  -  ResidentSetSize of job (KB)
...
006 (619.000.000) 02/14 11:05:44 Image size of job updated: 123388
	111  -  MemoryUsage of job (MB)
	112972  -  ResidentSetSize of job (KB)
...
006 (619.000.000) 02/14 11:10:45 Image size of job updated: 141908
	129  -  MemoryUsage of job (MB)
	131444  -  ResidentSetSize of job (KB)
...
006 (619.000.000) 02/14 11:13:25 Image size of job updated: 150544
	129  -  MemoryUsage of job (MB)
	131444  -  ResidentSetSize of job (KB)
...
005 (619.000.000) 02/14 11:13:25 Job terminated.
	(1) Normal termination (return value 0)
		Usr 0 00:01:56, Sys 0 00:00:58  -  Run Remote Usage
		Usr 0 00:00:00, Sys 0 00:00:00  -  Run Local Usage
		Usr 0 00:01:56, Sys 0 00:00:58  -  Total Remote Usage
		Usr 0 00:00:00, Sys 0 00:00:00  -  Total Local Usage
	16421027  -  Run Bytes Sent By Job
	4392133  -  Run Bytes Received By Job
	16421027  -  Total Bytes Sent By Job
	4392133  -  Total Bytes Received By Job
	Partitionable Resources :    Usage  Request Allocated
	   Cpus                 :                 1         1
	   Disk (KB)            :    20339     4500 165483376
	   Memory (MB)          :      129        1       479
...
000 (620.000.000) 02/14 11:13:37 Job submitted from host: <192.168.5.10:9618?addrs=192.168.5.10-9618+[--1]-9618&noUDP&sock=2698_7f03_4>
    DAG Node: frequency_ID0000041
    pool:condorpool
...
000 (621.000.000) 02/14 11:13:37 Job submitted from host: <192.168.5.10:9618?addrs=192.168.5.10-9618+[--1]-9618&noUDP&sock=2698_7f03_4>
    DAG Node: frequency_ID0000035
    pool:condorpool
...
000 (622.000.000) 02/14 11:13:37 Job submitted from host: <192.168.5.10:9618?addrs=192.168.5.10-9618+[--1]-9618&noUDP&sock=2698_7f03_4>
    DAG Node: mutation_overlap_ID0000030
    pool:condorpool
...
000 (623.000.000) 02/14 11:13:37 Job submitted from host: <192.168.5.10:9618?addrs=192.168.5.10-9618+[--1]-9618&noUDP&sock=2698_7f03_4>
    DAG Node: frequency_ID0000037
    pool:condorpool
...
000 (624.000.000) 02/14 11:13:37 Job submitted from host: <192.168.5.10:9618?addrs=192.168.5.10-9618+[--1]-9618&noUDP&sock=2698_7f03_4>
    DAG Node: mutation_overlap_ID0000032
    pool:condorpool
...
000 (625.000.000) 02/14 11:13:42 Job submitted from host: <192.168.5.10:9618?addrs=192.168.5.10-9618+[--1]-9618&noUDP&sock=2698_7f03_4>
    DAG Node: frequency_ID0000031
    pool:condorpool
...
000 (626.000.000) 02/14 11:13:42 Job submitted from host: <192.168.5.10:9618?addrs=192.168.5.10-9618+[--1]-9618&noUDP&sock=2698_7f03_4>
    DAG Node: frequency_ID0000033
    pool:condorpool
...
000 (627.000.000) 02/14 11:13:43 Job submitted from host: <192.168.5.10:9618?addrs=192.168.5.10-9618+[--1]-9618&noUDP&sock=2698_7f03_4>
    DAG Node: mutation_overlap_ID0000040
    pool:condorpool
...
000 (628.000.000) 02/14 11:13:43 Job submitted from host: <192.168.5.10:9618?addrs=192.168.5.10-9618+[--1]-9618&noUDP&sock=2698_7f03_4>
    DAG Node: mutation_overlap_ID0000028
    pool:condorpool
...
000 (629.000.000) 02/14 11:13:43 Job submitted from host: <192.168.5.10:9618?addrs=192.168.5.10-9618+[--1]-9618&noUDP&sock=2698_7f03_4>
    DAG Node: mutation_overlap_ID0000038
    pool:condorpool
...
000 (630.000.000) 02/14 11:13:48 Job submitted from host: <192.168.5.10:9618?addrs=192.168.5.10-9618+[--1]-9618&noUDP&sock=2698_7f03_4>
    DAG Node: frequency_ID0000039
    pool:condorpool
...
000 (631.000.000) 02/14 11:13:48 Job submitted from host: <192.168.5.10:9618?addrs=192.168.5.10-9618+[--1]-9618&noUDP&sock=2698_7f03_4>
    DAG Node: mutation_overlap_ID0000034
    pool:condorpool
...
000 (632.000.000) 02/14 11:13:48 Job submitted from host: <192.168.5.10:9618?addrs=192.168.5.10-9618+[--1]-9618&noUDP&sock=2698_7f03_4>
    DAG Node: frequency_ID0000029
    pool:condorpool
...
000 (633.000.000) 02/14 11:13:48 Job submitted from host: <192.168.5.10:9618?addrs=192.168.5.10-9618+[--1]-9618&noUDP&sock=2698_7f03_4>
    DAG Node: mutation_overlap_ID0000036
    pool:condorpool
...
001 (622.000.000) 02/14 11:13:54 Job executing on host: <192.168.5.104:9618?addrs=192.168.5.104-9618+[--1]-9618&noUDP&sock=26640_a8b3_3>
...
001 (633.000.000) 02/14 11:13:54 Job executing on host: <192.168.5.101:9618?addrs=192.168.5.101-9618+[--1]-9618&noUDP&sock=4136_289b_3>
...
001 (632.000.000) 02/14 11:13:55 Job executing on host: <192.168.5.101:9618?addrs=192.168.5.101-9618+[--1]-9618&noUDP&sock=4136_289b_3>
...
001 (626.000.000) 02/14 11:13:55 Job executing on host: <192.168.5.103:9618?addrs=192.168.5.103-9618+[--1]-9618&noUDP&sock=20565_c5a4_3>
...
001 (623.000.000) 02/14 11:13:55 Job executing on host: <192.168.5.104:9618?addrs=192.168.5.104-9618+[--1]-9618&noUDP&sock=26640_a8b3_3>
...
001 (621.000.000) 02/14 11:13:55 Job executing on host: <192.168.5.104:9618?addrs=192.168.5.104-9618+[--1]-9618&noUDP&sock=26640_a8b3_3>
...
001 (620.000.000) 02/14 11:13:55 Job executing on host: <192.168.5.104:9618?addrs=192.168.5.104-9618+[--1]-9618&noUDP&sock=26640_a8b3_3>
...
001 (631.000.000) 02/14 11:13:55 Job executing on host: <192.168.5.102:9618?addrs=192.168.5.102-9618+[--1]-9618&noUDP&sock=3044_d2c8_3>
...
001 (630.000.000) 02/14 11:13:55 Job executing on host: <192.168.5.102:9618?addrs=192.168.5.102-9618+[--1]-9618&noUDP&sock=3044_d2c8_3>
...
001 (629.000.000) 02/14 11:13:55 Job executing on host: <192.168.5.102:9618?addrs=192.168.5.102-9618+[--1]-9618&noUDP&sock=3044_d2c8_3>
...
001 (628.000.000) 02/14 11:13:55 Job executing on host: <192.168.5.102:9618?addrs=192.168.5.102-9618+[--1]-9618&noUDP&sock=3044_d2c8_3>
...
001 (627.000.000) 02/14 11:13:56 Job executing on host: <192.168.5.103:9618?addrs=192.168.5.103-9618+[--1]-9618&noUDP&sock=20565_c5a4_3>
...
001 (624.000.000) 02/14 11:13:56 Job executing on host: <192.168.5.103:9618?addrs=192.168.5.103-9618+[--1]-9618&noUDP&sock=20565_c5a4_3>
...
001 (625.000.000) 02/14 11:13:56 Job executing on host: <192.168.5.103:9618?addrs=192.168.5.103-9618+[--1]-9618&noUDP&sock=20565_c5a4_3>
...
006 (622.000.000) 02/14 11:14:03 Image size of job updated: 21400
	12  -  MemoryUsage of job (MB)
	11748  -  ResidentSetSize of job (KB)
...
006 (621.000.000) 02/14 11:14:03 Image size of job updated: 4980
	3  -  MemoryUsage of job (MB)
	2196  -  ResidentSetSize of job (KB)
...
006 (620.000.000) 02/14 11:14:03 Image size of job updated: 2
	5  -  MemoryUsage of job (MB)
	4996  -  ResidentSetSize of job (KB)
...
006 (631.000.000) 02/14 11:14:03 Image size of job updated: 5112
	3  -  MemoryUsage of job (MB)
	2624  -  ResidentSetSize of job (KB)
...
006 (630.000.000) 02/14 11:14:03 Image size of job updated: 5112
	3  -  MemoryUsage of job (MB)
	2500  -  ResidentSetSize of job (KB)
...
006 (628.000.000) 02/14 11:14:03 Image size of job updated: 2
	5  -  MemoryUsage of job (MB)
	5032  -  ResidentSetSize of job (KB)
...
006 (629.000.000) 02/14 11:14:03 Image size of job updated: 5112
	3  -  MemoryUsage of job (MB)
	2564  -  ResidentSetSize of job (KB)
...
006 (633.000.000) 02/14 11:14:04 Image size of job updated: 1348
	1  -  MemoryUsage of job (MB)
	264  -  ResidentSetSize of job (KB)
...
006 (632.000.000) 02/14 11:14:04 Image size of job updated: 2
	5  -  MemoryUsage of job (MB)
	4888  -  ResidentSetSize of job (KB)
...
006 (626.000.000) 02/14 11:14:04 Image size of job updated: 25612
	15  -  MemoryUsage of job (MB)
	14976  -  ResidentSetSize of job (KB)
...
006 (623.000.000) 02/14 11:14:04 Image size of job updated: 24680
	7  -  MemoryUsage of job (MB)
	7056  -  ResidentSetSize of job (KB)
...
006 (627.000.000) 02/14 11:14:05 Image size of job updated: 5112
	3  -  MemoryUsage of job (MB)
	2480  -  ResidentSetSize of job (KB)
...
006 (625.000.000) 02/14 11:14:05 Image size of job updated: 2
	5  -  MemoryUsage of job (MB)
	5008  -  ResidentSetSize of job (KB)
...
006 (624.000.000) 02/14 11:14:05 Image size of job updated: 4980
	3  -  MemoryUsage of job (MB)
	2284  -  ResidentSetSize of job (KB)
...
006 (627.000.000) 02/14 11:17:24 Image size of job updated: 73324
	3  -  MemoryUsage of job (MB)
	2480  -  ResidentSetSize of job (KB)
...
005 (627.000.000) 02/14 11:17:24 Job terminated.
	(1) Normal termination (return value 0)
		Usr 0 00:00:10, Sys 0 00:00:03  -  Run Remote Usage
		Usr 0 00:00:00, Sys 0 00:00:00  -  Run Local Usage
		Usr 0 00:00:10, Sys 0 00:00:03  -  Total Remote Usage
		Usr 0 00:00:00, Sys 0 00:00:00  -  Total Local Usage
	360839  -  Run Bytes Sent By Job
	16514509  -  Run Bytes Received By Job
	360839  -  Total Bytes Sent By Job
	16514509  -  Total Bytes Received By Job
	Partitionable Resources :    Usage  Request Allocated
	   Cpus                 :                 1         1
	   Disk (KB)            :    87870    17500 165515080
	   Memory (MB)          :        3        1       479
...
006 (633.000.000) 02/14 11:17:26 Image size of job updated: 82500
	1  -  MemoryUsage of job (MB)
	264  -  ResidentSetSize of job (KB)
...
005 (633.000.000) 02/14 11:17:26 Job terminated.
	(1) Normal termination (return value 0)
		Usr 0 00:00:12, Sys 0 00:00:03  -  Run Remote Usage
		Usr 0 00:00:00, Sys 0 00:00:00  -  Run Local Usage
		Usr 0 00:00:12, Sys 0 00:00:03  -  Total Remote Usage
		Usr 0 00:00:00, Sys 0 00:00:00  -  Total Local Usage
	467786  -  Run Bytes Sent By Job
	16518227  -  Run Bytes Received By Job
	467786  -  Total Bytes Sent By Job
	16518227  -  Total Bytes Received By Job
	Partitionable Resources :    Usage  Request Allocated
	   Cpus                 :                 1         1
	   Disk (KB)            :    88702    17500 165666536
	   Memory (MB)          :        1        1       479
...
006 (629.000.000) 02/14 11:17:27 Image size of job updated: 75832
	3  -  MemoryUsage of job (MB)
	2564  -  ResidentSetSize of job (KB)
...
005 (629.000.000) 02/14 11:17:27 Job terminated.
	(1) Normal termination (return value 0)
		Usr 0 00:00:10, Sys 0 00:00:03  -  Run Remote Usage
		Usr 0 00:00:00, Sys 0 00:00:00  -  Run Local Usage
		Usr 0 00:00:10, Sys 0 00:00:03  -  Total Remote Usage
		Usr 0 00:00:00, Sys 0 00:00:00  -  Total Local Usage
	386928  -  Run Bytes Sent By Job
	16517901  -  Run Bytes Received By Job
	386928  -  Total Bytes Sent By Job
	16517901  -  Total Bytes Received By Job
	Partitionable Resources :    Usage  Request Allocated
	   Cpus                 :                 1         1
	   Disk (KB)            :    88246    17500 165666520
	   Memory (MB)          :        3        1       479
...
006 (622.000.000) 02/14 11:17:27 Image size of job updated: 76452
	12  -  MemoryUsage of job (MB)
	11748  -  ResidentSetSize of job (KB)
...
005 (622.000.000) 02/14 11:17:28 Job terminated.
	(1) Normal termination (return value 0)
		Usr 0 00:00:12, Sys 0 00:00:02  -  Run Remote Usage
		Usr 0 00:00:00, Sys 0 00:00:00  -  Run Local Usage
		Usr 0 00:00:12, Sys 0 00:00:02  -  Total Remote Usage
		Usr 0 00:00:00, Sys 0 00:00:00  -  Total Local Usage
	432856  -  Run Bytes Sent By Job
	16518901  -  Run Bytes Received By Job
	432856  -  Total Bytes Sent By Job
	16518901  -  Total Bytes Received By Job
	Partitionable Resources :    Usage  Request Allocated
	   Cpus                 :                 1         1
	   Disk (KB)            :    88591    17500 165483376
	   Memory (MB)          :       12        1       479
...
006 (631.000.000) 02/14 11:17:30 Image size of job updated: 84836
	3  -  MemoryUsage of job (MB)
	2624  -  ResidentSetSize of job (KB)
...
005 (631.000.000) 02/14 11:17:30 Job terminated.
	(1) Normal termination (return value 0)
		Usr 0 00:00:14, Sys 0 00:00:03  -  Run Remote Usage
		Usr 0 00:00:00, Sys 0 00:00:00  -  Run Local Usage
		Usr 0 00:00:14, Sys 0 00:00:03  -  Total Remote Usage
		Usr 0 00:00:00, Sys 0 00:00:00  -  Total Local Usage
	417147  -  Run Bytes Sent By Job
	16518643  -  Run Bytes Received By Job
	417147  -  Total Bytes Sent By Job
	16518643  -  Total Bytes Received By Job
	Partitionable Resources :    Usage  Request Allocated
	   Cpus                 :                 1         1
	   Disk (KB)            :    88598    17500 165666520
	   Memory (MB)          :        3        1       479
...
006 (628.000.000) 02/14 11:17:34 Image size of job updated: 96620
	5  -  MemoryUsage of job (MB)
	5032  -  ResidentSetSize of job (KB)
...
005 (628.000.000) 02/14 11:17:34 Job terminated.
	(1) Normal termination (return value 0)
		Usr 0 00:00:17, Sys 0 00:00:03  -  Run Remote Usage
		Usr 0 00:00:00, Sys 0 00:00:00  -  Run Local Usage
		Usr 0 00:00:17, Sys 0 00:00:03  -  Total Remote Usage
		Usr 0 00:00:00, Sys 0 00:00:00  -  Total Local Usage
	589913  -  Run Bytes Sent By Job
	16521419  -  Run Bytes Received By Job
	589913  -  Total Bytes Sent By Job
	16521419  -  Total Bytes Received By Job
	Partitionable Resources :    Usage  Request Allocated
	   Cpus                 :                 1         1
	   Disk (KB)            :    89597    17500 165666520
	   Memory (MB)          :        5        1       479
...
006 (624.000.000) 02/14 11:18:41 Image size of job updated: 256076
	3  -  MemoryUsage of job (MB)
	2284  -  ResidentSetSize of job (KB)
...
005 (624.000.000) 02/14 11:18:41 Job terminated.
	(1) Normal termination (return value 0)
		Usr 0 00:01:19, Sys 0 00:00:05  -  Run Remote Usage
		Usr 0 00:00:00, Sys 0 00:00:00  -  Run Local Usage
		Usr 0 00:01:19, Sys 0 00:00:05  -  Total Remote Usage
		Usr 0 00:00:00, Sys 0 00:00:00  -  Total Local Usage
	1988175  -  Run Bytes Sent By Job
	16541653  -  Run Bytes Received By Job
	1988175  -  Total Bytes Sent By Job
	16541653  -  Total Bytes Received By Job
	Partitionable Resources :    Usage  Request Allocated
	   Cpus                 :                 1         1
	   Disk (KB)            :   105540    17500 165515080
	   Memory (MB)          :        3        1       479
...
006 (621.000.000) 02/14 11:19:04 Image size of job updated: 77668
	55  -  MemoryUsage of job (MB)
	55404  -  ResidentSetSize of job (KB)
...
006 (620.000.000) 02/14 11:19:04 Image size of job updated: 81232
	58  -  MemoryUsage of job (MB)
	59140  -  ResidentSetSize of job (KB)
...
006 (630.000.000) 02/14 11:19:04 Image size of job updated: 75944
	52  -  MemoryUsage of job (MB)
	53188  -  ResidentSetSize of job (KB)
...
006 (632.000.000) 02/14 11:19:04 Image size of job updated: 77748
	54  -  MemoryUsage of job (MB)
	54856  -  ResidentSetSize of job (KB)
...
006 (626.000.000) 02/14 11:19:05 Image size of job updated: 71112
	47  -  MemoryUsage of job (MB)
	47840  -  ResidentSetSize of job (KB)
...
006 (623.000.000) 02/14 11:19:05 Image size of job updated: 79008
	56  -  MemoryUsage of job (MB)
	56496  -  ResidentSetSize of job (KB)
...
006 (625.000.000) 02/14 11:19:06 Image size of job updated: 75400
	53  -  MemoryUsage of job (MB)
	53344  -  ResidentSetSize of job (KB)
...
006 (632.000.000) 02/14 11:24:05 Image size of job updated: 97352
	63  -  MemoryUsage of job (MB)
	63912  -  ResidentSetSize of job (KB)
...
006 (630.000.000) 02/14 11:24:05 Image size of job updated: 95960
	62  -  MemoryUsage of job (MB)
	62684  -  ResidentSetSize of job (KB)
...
006 (621.000.000) 02/14 11:24:06 Image size of job updated: 92836
	59  -  MemoryUsage of job (MB)
	59412  -  ResidentSetSize of job (KB)
...
006 (620.000.000) 02/14 11:24:06 Image size of job updated: 93272
	61  -  MemoryUsage of job (MB)
	61616  -  ResidentSetSize of job (KB)
...
006 (626.000.000) 02/14 11:24:06 Image size of job updated: 98052
	66  -  MemoryUsage of job (MB)
	66884  -  ResidentSetSize of job (KB)
...
006 (623.000.000) 02/14 11:24:06 Image size of job updated: 94368
	68  -  MemoryUsage of job (MB)
	69040  -  ResidentSetSize of job (KB)
...
006 (625.000.000) 02/14 11:24:07 Image size of job updated: 94800
	65  -  MemoryUsage of job (MB)
	65796  -  ResidentSetSize of job (KB)
...
005 (630.000.000) 02/14 11:26:27 Job terminated.
	(1) Normal termination (return value 0)
		Usr 0 00:06:57, Sys 0 00:00:37  -  Run Remote Usage
		Usr 0 00:00:00, Sys 0 00:00:00  -  Run Local Usage
		Usr 0 00:06:57, Sys 0 00:00:37  -  Total Remote Usage
		Usr 0 00:00:00, Sys 0 00:00:00  -  Total Local Usage
	13564076  -  Run Bytes Sent By Job
	16511338  -  Run Bytes Received By Job
	13564076  -  Total Bytes Sent By Job
	16511338  -  Total Bytes Received By Job
	Partitionable Resources :    Usage  Request Allocated
	   Cpus                 :                 1         1
	   Disk (KB)            :   118676    17500 165666520
	   Memory (MB)          :       62        1       479
...
005 (625.000.000) 02/14 11:28:07 Job terminated.
	(1) Normal termination (return value 0)
		Usr 0 00:08:23, Sys 0 00:00:45  -  Run Remote Usage
		Usr 0 00:00:00, Sys 0 00:00:00  -  Run Local Usage
		Usr 0 00:08:23, Sys 0 00:00:45  -  Total Remote Usage
		Usr 0 00:00:00, Sys 0 00:00:00  -  Total Local Usage
	14041503  -  Run Bytes Sent By Job
	16512338  -  Run Bytes Received By Job
	14041503  -  Total Bytes Sent By Job
	16512338  -  Total Bytes Received By Job
	Partitionable Resources :    Usage  Request Allocated
	   Cpus                 :                 1         1
	   Disk (KB)            :   119486    17500 165515080
	   Memory (MB)          :       65        1       479
...
006 (632.000.000) 02/14 11:28:18 Image size of job updated: 98328
	63  -  MemoryUsage of job (MB)
	63912  -  ResidentSetSize of job (KB)
...
005 (632.000.000) 02/14 11:28:18 Job terminated.
	(1) Normal termination (return value 0)
		Usr 0 00:08:40, Sys 0 00:00:44  -  Run Remote Usage
		Usr 0 00:00:00, Sys 0 00:00:00  -  Run Local Usage
		Usr 0 00:08:40, Sys 0 00:00:44  -  Total Remote Usage
		Usr 0 00:00:00, Sys 0 00:00:00  -  Total Local Usage
	14915629  -  Run Bytes Sent By Job
	16514856  -  Run Bytes Received By Job
	14915629  -  Total Bytes Sent By Job
	16514856  -  Total Bytes Received By Job
	Partitionable Resources :    Usage  Request Allocated
	   Cpus                 :                 1         1
	   Disk (KB)            :   122030    17500 165666536
	   Memory (MB)          :       63        1       479
...
005 (626.000.000) 02/14 11:28:29 Job terminated.
	(1) Normal termination (return value 0)
		Usr 0 00:08:47, Sys 0 00:00:45  -  Run Remote Usage
		Usr 0 00:00:00, Sys 0 00:00:00  -  Run Local Usage
		Usr 0 00:08:47, Sys 0 00:00:45  -  Total Remote Usage
		Usr 0 00:00:00, Sys 0 00:00:00  -  Total Local Usage
	14105823  -  Run Bytes Sent By Job
	16535090  -  Run Bytes Received By Job
	14105823  -  Total Bytes Sent By Job
	16535090  -  Total Bytes Received By Job
	Partitionable Resources :    Usage  Request Allocated
	   Cpus                 :                 1         1
	   Disk (KB)            :   120352    17500 165515080
	   Memory (MB)          :       66        1       479
...
006 (621.000.000) 02/14 11:29:06 Image size of job updated: 93852
	66  -  MemoryUsage of job (MB)
	66872  -  ResidentSetSize of job (KB)
...
006 (620.000.000) 02/14 11:29:07 Image size of job updated: 93272
	69  -  MemoryUsage of job (MB)
	70004  -  ResidentSetSize of job (KB)
...
006 (623.000.000) 02/14 11:29:07 Image size of job updated: 94672
	71  -  MemoryUsage of job (MB)
	72408  -  ResidentSetSize of job (KB)
...
005 (620.000.000) 02/14 11:29:51 Job terminated.
	(1) Normal termination (return value 0)
		Usr 0 00:09:56, Sys 0 00:00:53  -  Run Remote Usage
		Usr 0 00:00:00, Sys 0 00:00:00  -  Run Local Usage
		Usr 0 00:09:56, Sys 0 00:00:53  -  Total Remote Usage
		Usr 0 00:00:00, Sys 0 00:00:00  -  Total Local Usage
	12174271  -  Run Bytes Sent By Job
	16507946  -  Run Bytes Received By Job
	12174271  -  Total Bytes Sent By Job
	16507946  -  Total Bytes Received By Job
	Partitionable Resources :    Usage  Request Allocated
	   Cpus                 :                 1         1
	   Disk (KB)            :   115613    17500 165483376
	   Memory (MB)          :       69        1       479
...
000 (634.000.000) 02/14 11:30:03 Job submitted from host: <192.168.5.10:9618?addrs=192.168.5.10-9618+[--1]-9618&noUDP&sock=2698_7f03_4>
    DAG Node: stage_out_local_local_2_0
    pool:local
...
001 (634.000.000) 02/14 11:30:03 Job executing on host: <192.168.5.10:9618?addrs=192.168.5.10-9618+[--1]-9618&noUDP&sock=2749_ab49_532>
...
005 (634.000.000) 02/14 11:30:07 Job terminated.
	(1) Normal termination (return value 0)
		Usr 0 00:00:00, Sys 0 00:00:00  -  Run Remote Usage
		Usr 0 00:00:00, Sys 0 00:00:00  -  Run Local Usage
		Usr 0 00:00:00, Sys 0 00:00:00  -  Total Remote Usage
		Usr 0 00:00:00, Sys 0 00:00:00  -  Total Local Usage
	0  -  Run Bytes Sent By Job
	0  -  Run Bytes Received By Job
	0  -  Total Bytes Sent By Job
	0  -  Total Bytes Received By Job
...
005 (621.000.000) 02/14 11:30:36 Job terminated.
	(1) Normal termination (return value 0)
		Usr 0 00:10:34, Sys 0 00:00:54  -  Run Remote Usage
		Usr 0 00:00:00, Sys 0 00:00:00  -  Run Local Usage
		Usr 0 00:10:34, Sys 0 00:00:54  -  Total Remote Usage
		Usr 0 00:00:00, Sys 0 00:00:00  -  Total Local Usage
	12710482  -  Run Bytes Sent By Job
	16512080  -  Run Bytes Received By Job
	12710482  -  Total Bytes Sent By Job
	16512080  -  Total Bytes Received By Job
	Partitionable Resources :    Usage  Request Allocated
	   Cpus                 :                 1         1
	   Disk (KB)            :   116702    17500 165483376
	   Memory (MB)          :       66        1       479
...
005 (623.000.000) 02/14 11:31:20 Job terminated.
	(1) Normal termination (return value 0)
		Usr 0 00:11:08, Sys 0 00:00:59  -  Run Remote Usage
		Usr 0 00:00:00, Sys 0 00:00:00  -  Run Local Usage
		Usr 0 00:11:08, Sys 0 00:00:59  -  Total Remote Usage
		Usr 0 00:00:00, Sys 0 00:00:00  -  Total Local Usage
	13491657  -  Run Bytes Sent By Job
	16511664  -  Run Bytes Received By Job
	13491657  -  Total Bytes Sent By Job
	16511664  -  Total Bytes Received By Job
	Partitionable Resources :    Usage  Request Allocated
	   Cpus                 :                 1         1
	   Disk (KB)            :   118303    17500 165483376
	   Memory (MB)          :       71        1       479
...
000 (635.000.000) 02/14 11:31:33 Job submitted from host: <192.168.5.10:9618?addrs=192.168.5.10-9618+[--1]-9618&noUDP&sock=2698_7f03_4>
    DAG Node: stage_out_local_local_2_1
    pool:local
...
001 (635.000.000) 02/14 11:31:33 Job executing on host: <192.168.5.10:9618?addrs=192.168.5.10-9618+[--1]-9618&noUDP&sock=2749_ab49_533>
...
005 (635.000.000) 02/14 11:31:37 Job terminated.
	(1) Normal termination (return value 0)
		Usr 0 00:00:00, Sys 0 00:00:00  -  Run Remote Usage
		Usr 0 00:00:00, Sys 0 00:00:00  -  Run Local Usage
		Usr 0 00:00:00, Sys 0 00:00:00  -  Total Remote Usage
		Usr 0 00:00:00, Sys 0 00:00:00  -  Total Local Usage
	0  -  Run Bytes Sent By Job
	0  -  Run Bytes Received By Job
	0  -  Total Bytes Sent By Job
	0  -  Total Bytes Received By Job
...
000 (636.000.000) 02/14 11:31:48 Job submitted from host: <192.168.5.10:9618?addrs=192.168.5.10-9618+[--1]-9618&noUDP&sock=2698_7f03_4>
    DAG Node: cleanup_1000-genome_0_local
    pool:local
...
001 (636.000.000) 02/14 11:31:49 Job executing on host: <192.168.5.10:9618?addrs=192.168.5.10-9618+[--1]-9618&noUDP&sock=2749_ab49_534>
...
005 (636.000.000) 02/14 11:31:51 Job terminated.
	(1) Normal termination (return value 0)
		Usr 0 00:00:00, Sys 0 00:00:00  -  Run Remote Usage
		Usr 0 00:00:00, Sys 0 00:00:00  -  Run Local Usage
		Usr 0 00:00:00, Sys 0 00:00:00  -  Total Remote Usage
		Usr 0 00:00:00, Sys 0 00:00:00  -  Total Local Usage
	0  -  Run Bytes Sent By Job
	0  -  Run Bytes Received By Job
	0  -  Total Bytes Sent By Job
	0  -  Total Bytes Received By Job
...
