1646375989 INTERNAL *** MONITORD_STARTED ***
1646375988 INTERNAL *** DAGMAN_STARTED 3954.0 ***
1646375992 create_dir_1000-genome_0_local SUBMIT 3955.0 local - 81
1646375994 create_dir_1000-genome_0_local EXECUTE 3955.0 local - 81
1646375997 create_dir_1000-genome_0_local JOB_TERMINATED 3955.0 local - 81
1646375997 create_dir_1000-genome_0_local JOB_SUCCESS 0 local - 81
1646375997 create_dir_1000-genome_0_local POST_SCRIPT_STARTED 3955.0 local - 81
1646375997 create_dir_1000-genome_0_local POST_SCRIPT_TERMINATED 3955.0 local - 81
1646376002 create_dir_1000-genome_0_local POST_SCRIPT_SUCCESS 0 local - 81
1646376007 stage_in_remote_local_2_0 SUBMIT 3956.0 local - 82
1646376008 stage_in_remote_local_2_0 EXECUTE 3956.0 local - 82
1646376008 stage_in_remote_local_1_0 SUBMIT 3957.0 local - 83
1646376008 stage_in_remote_local_0_0 SUBMIT 3958.0 local - 84
1646376008 stage_in_local_local_0_0 SUBMIT 3959.0 local - 85
1646376008 stage_in_local_local_2_0 SUBMIT 3960.0 local - 86
1646376010 stage_in_remote_local_2_0 JOB_TERMINATED 3956.0 local - 82
1646376013 stage_in_remote_local_2_0 JOB_SUCCESS 0 local - 82
1646376013 stage_in_remote_local_2_0 POST_SCRIPT_STARTED 3956.0 local - 82
1646376010 stage_in_local_local_2_0 EXECUTE 3960.0 local - 86
1646376010 stage_in_local_local_0_0 EXECUTE 3959.0 local - 85
1646376010 stage_in_remote_local_0_0 EXECUTE 3958.0 local - 84
1646376010 stage_in_remote_local_1_0 EXECUTE 3957.0 local - 83
1646376012 stage_in_local_local_0_0 JOB_TERMINATED 3959.0 local - 85
1646376013 stage_in_local_local_0_0 JOB_SUCCESS 0 local - 85
1646376013 stage_in_local_local_0_0 POST_SCRIPT_STARTED 3959.0 local - 85
1646376012 stage_in_remote_local_0_0 JOB_TERMINATED 3958.0 local - 84
1646376013 stage_in_remote_local_0_0 JOB_SUCCESS 0 local - 84
1646376013 stage_in_remote_local_0_0 POST_SCRIPT_STARTED 3958.0 local - 84
1646376012 stage_in_remote_local_1_0 JOB_TERMINATED 3957.0 local - 83
1646376013 stage_in_remote_local_1_0 JOB_SUCCESS 0 local - 83
1646376013 stage_in_remote_local_1_0 POST_SCRIPT_STARTED 3957.0 local - 83
1646376013 stage_in_remote_local_0_1 SUBMIT 3961.0 local - 87
1646376013 stage_in_local_local_0_1 SUBMIT 3962.0 local - 88
1646376013 stage_in_local_local_2_1 SUBMIT 3963.0 local - 89
1646376013 stage_in_remote_local_2_1 SUBMIT 3964.0 local - 90
1646376013 stage_in_local_local_0_2 SUBMIT 3965.0 local - 91
1646376013 stage_in_local_local_0_0 POST_SCRIPT_TERMINATED 3959.0 local - 85
1646376018 stage_in_local_local_0_0 POST_SCRIPT_SUCCESS 0 local - 85
1646376013 stage_in_remote_local_2_0 POST_SCRIPT_TERMINATED 3956.0 local - 82
1646376018 stage_in_remote_local_2_0 POST_SCRIPT_SUCCESS 0 local - 82
1646376013 stage_in_remote_local_0_0 POST_SCRIPT_TERMINATED 3958.0 local - 84
1646376018 stage_in_remote_local_0_0 POST_SCRIPT_SUCCESS 0 local - 84
1646376013 stage_in_remote_local_1_0 POST_SCRIPT_TERMINATED 3957.0 local - 83
1646376018 stage_in_remote_local_1_0 POST_SCRIPT_SUCCESS 0 local - 83
1646376014 stage_in_local_local_2_0 JOB_TERMINATED 3960.0 local - 86
1646376018 stage_in_local_local_2_0 JOB_SUCCESS 0 local - 86
1646376018 stage_in_local_local_2_0 POST_SCRIPT_STARTED 3960.0 local - 86
1646376014 stage_in_local_local_0_2 EXECUTE 3965.0 local - 91
1646376014 stage_in_remote_local_2_1 EXECUTE 3964.0 local - 90
1646376014 stage_in_local_local_2_1 EXECUTE 3963.0 local - 89
1646376014 stage_in_local_local_0_1 EXECUTE 3962.0 local - 88
1646376014 stage_in_remote_local_0_1 EXECUTE 3961.0 local - 87
1646376016 stage_in_remote_local_2_1 JOB_TERMINATED 3964.0 local - 90
1646376018 stage_in_remote_local_2_1 JOB_SUCCESS 0 local - 90
1646376018 stage_in_remote_local_2_1 POST_SCRIPT_STARTED 3964.0 local - 90
1646376016 stage_in_local_local_0_2 JOB_TERMINATED 3965.0 local - 91
1646376018 stage_in_local_local_0_2 JOB_SUCCESS 0 local - 91
1646376018 stage_in_local_local_0_2 POST_SCRIPT_STARTED 3965.0 local - 91
1646376016 stage_in_remote_local_0_1 JOB_TERMINATED 3961.0 local - 87
1646376018 stage_in_remote_local_0_1 JOB_SUCCESS 0 local - 87
1646376018 stage_in_remote_local_0_1 POST_SCRIPT_STARTED 3961.0 local - 87
1646376017 stage_in_local_local_0_1 JOB_TERMINATED 3962.0 local - 88
1646376018 stage_in_local_local_0_1 JOB_SUCCESS 0 local - 88
1646376018 stage_in_local_local_0_1 POST_SCRIPT_STARTED 3962.0 local - 88
1646376018 stage_in_local_local_2_1 JOB_TERMINATED 3963.0 local - 89
1646376023 stage_in_local_local_2_1 JOB_SUCCESS 0 local - 89
1646376023 stage_in_local_local_2_1 POST_SCRIPT_STARTED 3963.0 local - 89
1646376018 stage_in_local_local_0_1 POST_SCRIPT_TERMINATED 3962.0 local - 88
1646376023 stage_in_local_local_0_1 POST_SCRIPT_SUCCESS 0 local - 88
1646376018 stage_in_remote_local_0_1 POST_SCRIPT_TERMINATED 3961.0 local - 87
1646376023 stage_in_remote_local_0_1 POST_SCRIPT_SUCCESS 0 local - 87
1646376018 stage_in_local_local_2_0 POST_SCRIPT_TERMINATED 3960.0 local - 86
1646376023 stage_in_local_local_2_0 POST_SCRIPT_SUCCESS 0 local - 86
1646376018 stage_in_remote_local_2_1 POST_SCRIPT_TERMINATED 3964.0 local - 90
1646376023 stage_in_remote_local_2_1 POST_SCRIPT_SUCCESS 0 local - 90
1646376018 stage_in_local_local_0_2 POST_SCRIPT_TERMINATED 3965.0 local - 91
1646376023 stage_in_local_local_0_2 POST_SCRIPT_SUCCESS 0 local - 91
1646376024 stage_in_local_local_2_1 POST_SCRIPT_TERMINATED 3963.0 local - 89
1646376028 stage_in_local_local_2_1 POST_SCRIPT_SUCCESS 0 local - 89
1646376028 individuals_ID0000037 SUBMIT 3966.0 condorpool - 92
1646376028 individuals_ID0000038 SUBMIT 3967.0 condorpool - 93
1646376028 individuals_ID0000039 SUBMIT 3968.0 condorpool - 94
1646376028 individuals_ID0000033 SUBMIT 3969.0 condorpool - 95
1646376028 individuals_ID0000034 SUBMIT 3970.0 condorpool - 96
1646376033 individuals_ID0000035 SUBMIT 3971.0 condorpool - 97
1646376033 individuals_ID0000036 SUBMIT 3972.0 condorpool - 98
1646376033 individuals_ID0000030 SUBMIT 3973.0 condorpool - 99
1646376033 individuals_ID0000031 SUBMIT 3974.0 condorpool - 100
1646376033 individuals_ID0000032 SUBMIT 3975.0 condorpool - 101
1646376038 individuals_ID0000004 SUBMIT 3976.0 condorpool - 102
1646376038 individuals_ID0000048 SUBMIT 3977.0 condorpool - 103
1646376038 individuals_ID0000005 SUBMIT 3978.0 condorpool - 104
1646376038 individuals_ID0000049 SUBMIT 3979.0 condorpool - 105
1646376038 individuals_ID0000006 SUBMIT 3980.0 condorpool - 106
1646376043 individuals_ID0000007 SUBMIT 3981.0 condorpool - 107
1646376043 individuals_ID0000044 SUBMIT 3982.0 condorpool - 108
1646376043 individuals_ID0000001 SUBMIT 3983.0 condorpool - 109
1646376043 individuals_ID0000045 SUBMIT 3984.0 condorpool - 110
1646376043 individuals_ID0000002 SUBMIT 3985.0 condorpool - 111
1646376047 individuals_ID0000032 EXECUTE 3975.0 condorpool - 101
1646376049 individuals_ID0000046 SUBMIT 3986.0 condorpool - 112
1646376049 individuals_ID0000003 SUBMIT 3987.0 condorpool - 113
1646376049 individuals_ID0000047 SUBMIT 3988.0 condorpool - 114
1646376049 individuals_ID0000008 SUBMIT 3989.0 condorpool - 115
1646376049 individuals_ID0000009 SUBMIT 3990.0 condorpool - 116
1646376049 individuals_ID0000038 EXECUTE 3967.0 condorpool - 93
1646376049 individuals_ID0000034 EXECUTE 3970.0 condorpool - 96
1646376049 individuals_ID0000035 EXECUTE 3971.0 condorpool - 97
1646376054 individuals_ID0000040 SUBMIT 3991.0 condorpool - 117
1646376054 individuals_ID0000041 SUBMIT 3992.0 condorpool - 118
1646376054 individuals_ID0000042 SUBMIT 3993.0 condorpool - 119
1646376054 individuals_ID0000043 SUBMIT 3994.0 condorpool - 120
1646376054 individuals_ID0000015 SUBMIT 3995.0 condorpool - 121
1646376054 individuals_ID0000004 EXECUTE 3976.0 condorpool - 102
1646376055 individuals_ID0000049 EXECUTE 3979.0 condorpool - 105
1646376055 individuals_ID0000005 EXECUTE 3978.0 condorpool - 104
1646376055 individuals_ID0000006 EXECUTE 3980.0 condorpool - 106
1646376056 individuals_ID0000036 EXECUTE 3972.0 condorpool - 98
1646376057 individuals_ID0000030 EXECUTE 3973.0 condorpool - 99
1646376058 individuals_ID0000037 EXECUTE 3966.0 condorpool - 92
1646376058 individuals_ID0000039 EXECUTE 3968.0 condorpool - 94
1646376059 individuals_ID0000031 EXECUTE 3974.0 condorpool - 100
1646376059 individuals_ID0000016 SUBMIT 3996.0 condorpool - 122
1646376059 individuals_ID0000017 SUBMIT 3997.0 condorpool - 123
1646376059 individuals_ID0000018 SUBMIT 3998.0 condorpool - 124
1646376059 individuals_ID0000011 SUBMIT 3999.0 condorpool - 125
1646376059 individuals_ID0000012 SUBMIT 4000.0 condorpool - 126
1646376060 individuals_ID0000048 EXECUTE 3977.0 condorpool - 103
1646376060 individuals_ID0000033 EXECUTE 3969.0 condorpool - 95
1646376064 individuals_ID0000013 SUBMIT 4001.0 condorpool - 127
1646376064 individuals_ID0000014 SUBMIT 4002.0 condorpool - 128
1646376064 individuals_ID0000019 SUBMIT 4003.0 condorpool - 129
1646376064 individuals_ID0000010 SUBMIT 4004.0 condorpool - 130
1646376064 individuals_ID0000050 SUBMIT 4005.0 condorpool - 131
1646376067 individuals_ID0000011 EXECUTE 3999.0 condorpool - 125
1646376068 individuals_ID0000016 EXECUTE 3996.0 condorpool - 122
1646376069 individuals_ID0000026 SUBMIT 4006.0 condorpool - 132
1646376069 individuals_ID0000027 SUBMIT 4007.0 condorpool - 133
1646376069 individuals_ID0000028 SUBMIT 4008.0 condorpool - 134
1646376070 individuals_ID0000029 SUBMIT 4009.0 condorpool - 135
1646376070 individuals_ID0000022 SUBMIT 4010.0 condorpool - 136
1646376071 individuals_ID0000003 EXECUTE 3987.0 condorpool - 113
1646376073 individuals_ID0000040 EXECUTE 3991.0 condorpool - 117
1646376074 individuals_ID0000009 EXECUTE 3990.0 condorpool - 116
1646376074 individuals_ID0000012 EXECUTE 4000.0 condorpool - 126
1646376075 individuals_ID0000023 SUBMIT 4011.0 condorpool - 137
1646376075 individuals_ID0000024 SUBMIT 4012.0 condorpool - 138
1646376075 individuals_ID0000025 SUBMIT 4013.0 condorpool - 139
1646376075 individuals_ID0000020 SUBMIT 4014.0 condorpool - 140
1646376075 individuals_ID0000021 SUBMIT 4015.0 condorpool - 141
1646376078 individuals_ID0000047 EXECUTE 3988.0 condorpool - 114
1646376080 sifting_ID0000052 SUBMIT 4016.0 condorpool - 142
1646376081 individuals_ID0000044 EXECUTE 3982.0 condorpool - 108
1646376083 individuals_ID0000007 EXECUTE 3981.0 condorpool - 107
1646376084 individuals_ID0000017 EXECUTE 3997.0 condorpool - 123
1646376084 individuals_ID0000043 EXECUTE 3994.0 condorpool - 120
1646376086 individuals_ID0000015 EXECUTE 3995.0 condorpool - 121
1646376088 individuals_ID0000018 EXECUTE 3998.0 condorpool - 124
1646376091 individuals_ID0000008 EXECUTE 3989.0 condorpool - 115
1646376091 individuals_ID0000019 EXECUTE 4003.0 condorpool - 129
1646376092 individuals_ID0000041 EXECUTE 3992.0 condorpool - 118
1646376093 individuals_ID0000050 EXECUTE 4005.0 condorpool - 131
1646376094 individuals_ID0000046 EXECUTE 3986.0 condorpool - 112
1646376098 individuals_ID0000002 EXECUTE 3985.0 condorpool - 111
1646376099 individuals_ID0000042 EXECUTE 3993.0 condorpool - 119
1646376100 individuals_ID0000001 EXECUTE 3983.0 condorpool - 109
1646376101 individuals_ID0000014 EXECUTE 4002.0 condorpool - 128
1646376101 individuals_ID0000045 EXECUTE 3984.0 condorpool - 110
1646376101 individuals_ID0000010 EXECUTE 4004.0 condorpool - 130
1646376108 individuals_ID0000013 EXECUTE 4001.0 condorpool - 127
1646376169 individuals_ID0000001 JOB_TERMINATED 3983.0 condorpool - 109
1646376170 individuals_ID0000001 JOB_SUCCESS 0 condorpool - 109
1646376170 individuals_ID0000001 POST_SCRIPT_STARTED 3983.0 condorpool - 109
1646376170 individuals_ID0000001 POST_SCRIPT_TERMINATED 3983.0 condorpool - 109
1646376175 individuals_ID0000001 POST_SCRIPT_SUCCESS 0 condorpool - 109
1646376173 individuals_ID0000026 EXECUTE 4006.0 condorpool - 132
1646376439 individuals_ID0000002 JOB_TERMINATED 3985.0 condorpool - 111
1646376441 individuals_ID0000002 JOB_SUCCESS 0 condorpool - 111
1646376441 individuals_ID0000002 POST_SCRIPT_STARTED 3985.0 condorpool - 111
1646376441 individuals_ID0000002 POST_SCRIPT_TERMINATED 3985.0 condorpool - 111
1646376446 individuals_ID0000002 POST_SCRIPT_SUCCESS 0 condorpool - 111
1646376443 individuals_ID0000027 EXECUTE 4007.0 condorpool - 133
1646376480 individuals_ID0000044 JOB_TERMINATED 3982.0 condorpool - 108
1646376481 individuals_ID0000044 JOB_SUCCESS 0 condorpool - 108
1646376481 individuals_ID0000044 POST_SCRIPT_STARTED 3982.0 condorpool - 108
1646376481 individuals_ID0000044 POST_SCRIPT_TERMINATED 3982.0 condorpool - 108
1646376486 individuals_ID0000044 POST_SCRIPT_SUCCESS 0 condorpool - 108
1646376484 individuals_ID0000028 EXECUTE 4008.0 condorpool - 134
1646376503 individuals_ID0000045 JOB_TERMINATED 3984.0 condorpool - 110
1646376506 individuals_ID0000045 JOB_SUCCESS 0 condorpool - 110
1646376506 individuals_ID0000045 POST_SCRIPT_STARTED 3984.0 condorpool - 110
1646376507 individuals_ID0000045 POST_SCRIPT_TERMINATED 3984.0 condorpool - 110
1646376511 individuals_ID0000045 POST_SCRIPT_SUCCESS 0 condorpool - 110
1646376507 individuals_ID0000029 EXECUTE 4009.0 condorpool - 135
1646376578 individuals_ID0000026 JOB_TERMINATED 4006.0 condorpool - 132
1646376581 individuals_ID0000026 JOB_SUCCESS 0 condorpool - 132
1646376581 individuals_ID0000026 POST_SCRIPT_STARTED 4006.0 condorpool - 132
1646376581 individuals_ID0000026 POST_SCRIPT_TERMINATED 4006.0 condorpool - 132
1646376586 individuals_ID0000026 POST_SCRIPT_SUCCESS 0 condorpool - 132
1646376585 individuals_ID0000022 EXECUTE 4010.0 condorpool - 136
1646376613 individuals_ID0000003 JOB_TERMINATED 3987.0 condorpool - 113
1646376616 individuals_ID0000003 JOB_SUCCESS 0 condorpool - 113
1646376616 individuals_ID0000003 POST_SCRIPT_STARTED 3987.0 condorpool - 113
1646376616 individuals_ID0000003 POST_SCRIPT_TERMINATED 3987.0 condorpool - 113
1646376621 individuals_ID0000003 POST_SCRIPT_SUCCESS 0 condorpool - 113
1646376618 individuals_ID0000023 EXECUTE 4011.0 condorpool - 137
1646376621 individuals_ID0000038 JOB_TERMINATED 3967.0 condorpool - 93
1646376621 individuals_ID0000038 JOB_SUCCESS 0 condorpool - 93
1646376621 individuals_ID0000038 POST_SCRIPT_STARTED 3967.0 condorpool - 93
1646376622 individuals_ID0000038 POST_SCRIPT_TERMINATED 3967.0 condorpool - 93
1646376626 individuals_ID0000038 POST_SCRIPT_SUCCESS 0 condorpool - 93
1646376626 individuals_ID0000024 EXECUTE 4012.0 condorpool - 138
1646376630 individuals_ID0000047 JOB_TERMINATED 3988.0 condorpool - 114
1646376631 individuals_ID0000047 JOB_SUCCESS 0 condorpool - 114
1646376631 individuals_ID0000047 POST_SCRIPT_STARTED 3988.0 condorpool - 114
1646376631 individuals_ID0000047 POST_SCRIPT_TERMINATED 3988.0 condorpool - 114
1646376636 individuals_ID0000047 POST_SCRIPT_SUCCESS 0 condorpool - 114
1646376633 individuals_ID0000037 JOB_TERMINATED 3966.0 condorpool - 92
1646376636 individuals_ID0000037 JOB_SUCCESS 0 condorpool - 92
1646376636 individuals_ID0000037 POST_SCRIPT_STARTED 3966.0 condorpool - 92
1646376637 individuals_ID0000037 POST_SCRIPT_TERMINATED 3966.0 condorpool - 92
1646376641 individuals_ID0000037 POST_SCRIPT_SUCCESS 0 condorpool - 92
1646376637 individuals_ID0000025 EXECUTE 4013.0 condorpool - 139
1646376643 individuals_ID0000020 EXECUTE 4014.0 condorpool - 140
1646376663 individuals_ID0000033 JOB_TERMINATED 3969.0 condorpool - 95
1646376666 individuals_ID0000033 JOB_SUCCESS 0 condorpool - 95
1646376666 individuals_ID0000033 POST_SCRIPT_STARTED 3969.0 condorpool - 95
1646376666 individuals_ID0000033 POST_SCRIPT_TERMINATED 3969.0 condorpool - 95
1646376671 individuals_ID0000033 POST_SCRIPT_SUCCESS 0 condorpool - 95
1646376668 individuals_ID0000008 JOB_TERMINATED 3989.0 condorpool - 115
1646376671 individuals_ID0000008 JOB_SUCCESS 0 condorpool - 115
1646376671 individuals_ID0000008 POST_SCRIPT_STARTED 3989.0 condorpool - 115
1646376669 individuals_ID0000039 JOB_TERMINATED 3968.0 condorpool - 94
1646376671 individuals_ID0000039 JOB_SUCCESS 0 condorpool - 94
1646376671 individuals_ID0000039 POST_SCRIPT_STARTED 3968.0 condorpool - 94
1646376671 sifting_ID0000052 EXECUTE 4016.0 condorpool - 142
1646376671 individuals_ID0000039 POST_SCRIPT_TERMINATED 3968.0 condorpool - 94
1646376676 individuals_ID0000039 POST_SCRIPT_SUCCESS 0 condorpool - 94
1646376671 individuals_ID0000008 POST_SCRIPT_TERMINATED 3989.0 condorpool - 115
1646376676 individuals_ID0000008 POST_SCRIPT_SUCCESS 0 condorpool - 115
1646376673 individuals_ID0000046 JOB_TERMINATED 3986.0 condorpool - 112
1646376676 individuals_ID0000046 JOB_SUCCESS 0 condorpool - 112
1646376676 individuals_ID0000046 POST_SCRIPT_STARTED 3986.0 condorpool - 112
1646376673 sifting_ID0000052 JOB_TERMINATED 4016.0 condorpool - 142
1646376676 sifting_ID0000052 JOB_SUCCESS 0 condorpool - 142
1646376676 sifting_ID0000052 POST_SCRIPT_STARTED 4016.0 condorpool - 142
1646376677 sifting_ID0000052 POST_SCRIPT_TERMINATED 4016.0 condorpool - 142
1646376681 sifting_ID0000052 POST_SCRIPT_SUCCESS 0 condorpool - 142
1646376677 individuals_ID0000046 POST_SCRIPT_TERMINATED 3986.0 condorpool - 112
1646376681 individuals_ID0000046 POST_SCRIPT_SUCCESS 0 condorpool - 112
1646376679 individuals_ID0000021 EXECUTE 4015.0 condorpool - 141
1646376706 individuals_ID0000049 JOB_TERMINATED 3979.0 condorpool - 105
1646376711 individuals_ID0000049 JOB_SUCCESS 0 condorpool - 105
1646376711 individuals_ID0000049 POST_SCRIPT_STARTED 3979.0 condorpool - 105
1646376708 individuals_ID0000036 JOB_TERMINATED 3972.0 condorpool - 98
1646376711 individuals_ID0000036 JOB_SUCCESS 0 condorpool - 98
1646376711 individuals_ID0000036 POST_SCRIPT_STARTED 3972.0 condorpool - 98
1646376710 individuals_ID0000035 JOB_TERMINATED 3971.0 condorpool - 97
1646376711 individuals_ID0000035 JOB_SUCCESS 0 condorpool - 97
1646376711 individuals_ID0000035 POST_SCRIPT_STARTED 3971.0 condorpool - 97
1646376710 individuals_ID0000005 JOB_TERMINATED 3978.0 condorpool - 104
1646376711 individuals_ID0000005 JOB_SUCCESS 0 condorpool - 104
1646376711 individuals_ID0000005 POST_SCRIPT_STARTED 3978.0 condorpool - 104
1646376711 individuals_ID0000049 POST_SCRIPT_TERMINATED 3979.0 condorpool - 105
1646376716 individuals_ID0000049 POST_SCRIPT_SUCCESS 0 condorpool - 105
1646376711 individuals_ID0000005 POST_SCRIPT_TERMINATED 3978.0 condorpool - 104
1646376716 individuals_ID0000005 POST_SCRIPT_SUCCESS 0 condorpool - 104
1646376711 individuals_ID0000035 POST_SCRIPT_TERMINATED 3971.0 condorpool - 97
1646376716 individuals_ID0000035 POST_SCRIPT_SUCCESS 0 condorpool - 97
1646376711 individuals_ID0000036 POST_SCRIPT_TERMINATED 3972.0 condorpool - 98
1646376716 individuals_ID0000036 POST_SCRIPT_SUCCESS 0 condorpool - 98
1646376714 individuals_ID0000030 JOB_TERMINATED 3973.0 condorpool - 99
1646376716 individuals_ID0000030 JOB_SUCCESS 0 condorpool - 99
1646376716 individuals_ID0000030 POST_SCRIPT_STARTED 3973.0 condorpool - 99
1646376716 individuals_ID0000034 JOB_TERMINATED 3970.0 condorpool - 96
1646376716 individuals_ID0000034 JOB_SUCCESS 0 condorpool - 96
1646376716 individuals_ID0000034 POST_SCRIPT_STARTED 3970.0 condorpool - 96
1646376717 individuals_ID0000034 POST_SCRIPT_TERMINATED 3970.0 condorpool - 96
1646376721 individuals_ID0000034 POST_SCRIPT_SUCCESS 0 condorpool - 96
1646376717 individuals_ID0000030 POST_SCRIPT_TERMINATED 3973.0 condorpool - 99
1646376721 individuals_ID0000030 POST_SCRIPT_SUCCESS 0 condorpool - 99
1646376717 individuals_ID0000006 JOB_TERMINATED 3980.0 condorpool - 106
1646376721 individuals_ID0000006 JOB_SUCCESS 0 condorpool - 106
1646376721 individuals_ID0000006 POST_SCRIPT_STARTED 3980.0 condorpool - 106
1646376721 individuals_ID0000006 POST_SCRIPT_TERMINATED 3980.0 condorpool - 106
1646376726 individuals_ID0000006 POST_SCRIPT_SUCCESS 0 condorpool - 106
1646376730 individuals_ID0000040 JOB_TERMINATED 3991.0 condorpool - 117
1646376731 individuals_ID0000040 JOB_SUCCESS 0 condorpool - 117
1646376731 individuals_ID0000040 POST_SCRIPT_STARTED 3991.0 condorpool - 117
1646376731 individuals_ID0000040 POST_SCRIPT_TERMINATED 3991.0 condorpool - 117
1646376736 individuals_ID0000040 POST_SCRIPT_SUCCESS 0 condorpool - 117
1646376734 individuals_ID0000007 JOB_TERMINATED 3981.0 condorpool - 107
1646376736 individuals_ID0000007 JOB_SUCCESS 0 condorpool - 107
1646376736 individuals_ID0000007 POST_SCRIPT_STARTED 3981.0 condorpool - 107
1646376737 individuals_ID0000007 POST_SCRIPT_TERMINATED 3981.0 condorpool - 107
1646376741 individuals_ID0000007 POST_SCRIPT_SUCCESS 0 condorpool - 107
1646376745 individuals_ID0000009 JOB_TERMINATED 3990.0 condorpool - 116
1646376746 individuals_ID0000009 JOB_SUCCESS 0 condorpool - 116
1646376746 individuals_ID0000009 POST_SCRIPT_STARTED 3990.0 condorpool - 116
1646376746 individuals_ID0000009 POST_SCRIPT_TERMINATED 3990.0 condorpool - 116
1646376751 individuals_ID0000009 POST_SCRIPT_SUCCESS 0 condorpool - 116
1646376749 individuals_ID0000042 JOB_TERMINATED 3993.0 condorpool - 119
1646376751 individuals_ID0000042 JOB_SUCCESS 0 condorpool - 119
1646376751 individuals_ID0000042 POST_SCRIPT_STARTED 3993.0 condorpool - 119
1646376751 individuals_ID0000042 POST_SCRIPT_TERMINATED 3993.0 condorpool - 119
1646376756 individuals_ID0000042 POST_SCRIPT_SUCCESS 0 condorpool - 119
1646376769 individuals_ID0000041 JOB_TERMINATED 3992.0 condorpool - 118
1646376771 individuals_ID0000041 JOB_SUCCESS 0 condorpool - 118
1646376771 individuals_ID0000041 POST_SCRIPT_STARTED 3992.0 condorpool - 118
1646376771 individuals_ID0000019 JOB_TERMINATED 4003.0 condorpool - 129
1646376771 individuals_ID0000019 JOB_SUCCESS 0 condorpool - 129
1646376771 individuals_ID0000019 POST_SCRIPT_STARTED 4003.0 condorpool - 129
1646376772 individuals_ID0000041 POST_SCRIPT_TERMINATED 3992.0 condorpool - 118
1646376776 individuals_ID0000041 POST_SCRIPT_SUCCESS 0 condorpool - 118
1646376772 individuals_ID0000019 POST_SCRIPT_TERMINATED 4003.0 condorpool - 129
1646376776 individuals_ID0000019 POST_SCRIPT_SUCCESS 0 condorpool - 129
1646376786 individuals_ID0000050 JOB_TERMINATED 4005.0 condorpool - 131
1646376791 individuals_ID0000050 JOB_SUCCESS 0 condorpool - 131
1646376791 individuals_ID0000050 POST_SCRIPT_STARTED 4005.0 condorpool - 131
1646376786 individuals_ID0000014 JOB_TERMINATED 4002.0 condorpool - 128
1646376791 individuals_ID0000014 JOB_SUCCESS 0 condorpool - 128
1646376791 individuals_ID0000014 POST_SCRIPT_STARTED 4002.0 condorpool - 128
1646376790 individuals_ID0000010 JOB_TERMINATED 4004.0 condorpool - 130
1646376791 individuals_ID0000010 JOB_SUCCESS 0 condorpool - 130
1646376791 individuals_ID0000010 POST_SCRIPT_STARTED 4004.0 condorpool - 130
1646376791 individuals_ID0000050 POST_SCRIPT_TERMINATED 4005.0 condorpool - 131
1646376796 individuals_ID0000050 POST_SCRIPT_SUCCESS 0 condorpool - 131
1646376791 individuals_ID0000014 POST_SCRIPT_TERMINATED 4002.0 condorpool - 128
1646376796 individuals_ID0000014 POST_SCRIPT_SUCCESS 0 condorpool - 128
1646376791 individuals_ID0000010 POST_SCRIPT_TERMINATED 4004.0 condorpool - 130
1646376796 individuals_ID0000010 POST_SCRIPT_SUCCESS 0 condorpool - 130
1646376794 individuals_ID0000012 JOB_TERMINATED 4000.0 condorpool - 126
1646376796 individuals_ID0000012 JOB_SUCCESS 0 condorpool - 126
1646376796 individuals_ID0000012 POST_SCRIPT_STARTED 4000.0 condorpool - 126
1646376797 individuals_ID0000012 POST_SCRIPT_TERMINATED 4000.0 condorpool - 126
1646376801 individuals_ID0000012 POST_SCRIPT_SUCCESS 0 condorpool - 126
1646376803 individuals_ID0000011 JOB_TERMINATED 3999.0 condorpool - 125
1646376806 individuals_ID0000011 JOB_SUCCESS 0 condorpool - 125
1646376806 individuals_ID0000011 POST_SCRIPT_STARTED 3999.0 condorpool - 125
1646376806 individuals_ID0000011 POST_SCRIPT_TERMINATED 3999.0 condorpool - 125
1646376811 individuals_ID0000011 POST_SCRIPT_SUCCESS 0 condorpool - 125
1646376809 individuals_ID0000018 JOB_TERMINATED 3998.0 condorpool - 124
1646376811 individuals_ID0000018 JOB_SUCCESS 0 condorpool - 124
1646376811 individuals_ID0000018 POST_SCRIPT_STARTED 3998.0 condorpool - 124
1646376811 individuals_ID0000032 JOB_TERMINATED 3975.0 condorpool - 101
1646376816 individuals_ID0000032 JOB_SUCCESS 0 condorpool - 101
1646376816 individuals_ID0000032 POST_SCRIPT_STARTED 3975.0 condorpool - 101
1646376811 individuals_ID0000018 POST_SCRIPT_TERMINATED 3998.0 condorpool - 124
1646376816 individuals_ID0000018 POST_SCRIPT_SUCCESS 0 condorpool - 124
1646376815 individuals_ID0000013 JOB_TERMINATED 4001.0 condorpool - 127
1646376816 individuals_ID0000013 JOB_SUCCESS 0 condorpool - 127
1646376816 individuals_ID0000013 POST_SCRIPT_STARTED 4001.0 condorpool - 127
1646376817 individuals_ID0000032 POST_SCRIPT_TERMINATED 3975.0 condorpool - 101
1646376821 individuals_ID0000032 POST_SCRIPT_SUCCESS 0 condorpool - 101
1646376817 individuals_ID0000013 POST_SCRIPT_TERMINATED 4001.0 condorpool - 127
1646376821 individuals_ID0000013 POST_SCRIPT_SUCCESS 0 condorpool - 127
1646376820 individuals_ID0000004 JOB_TERMINATED 3976.0 condorpool - 102
1646376821 individuals_ID0000004 JOB_SUCCESS 0 condorpool - 102
1646376821 individuals_ID0000004 POST_SCRIPT_STARTED 3976.0 condorpool - 102
1646376821 individuals_ID0000004 POST_SCRIPT_TERMINATED 3976.0 condorpool - 102
1646376826 individuals_ID0000004 POST_SCRIPT_SUCCESS 0 condorpool - 102
1646376822 individuals_ID0000031 JOB_TERMINATED 3974.0 condorpool - 100
1646376826 individuals_ID0000031 JOB_SUCCESS 0 condorpool - 100
1646376826 individuals_ID0000031 POST_SCRIPT_STARTED 3974.0 condorpool - 100
1646376824 individuals_ID0000048 JOB_TERMINATED 3977.0 condorpool - 103
1646376826 individuals_ID0000048 JOB_SUCCESS 0 condorpool - 103
1646376826 individuals_ID0000048 POST_SCRIPT_STARTED 3977.0 condorpool - 103
1646376826 individuals_ID0000048 POST_SCRIPT_TERMINATED 3977.0 condorpool - 103
1646376831 individuals_ID0000048 POST_SCRIPT_SUCCESS 0 condorpool - 103
1646376826 individuals_ID0000031 POST_SCRIPT_TERMINATED 3974.0 condorpool - 100
1646376831 individuals_ID0000031 POST_SCRIPT_SUCCESS 0 condorpool - 100
1646376845 individuals_ID0000016 JOB_TERMINATED 3996.0 condorpool - 122
1646376846 individuals_ID0000016 JOB_SUCCESS 0 condorpool - 122
1646376846 individuals_ID0000016 POST_SCRIPT_STARTED 3996.0 condorpool - 122
1646376847 individuals_ID0000016 POST_SCRIPT_TERMINATED 3996.0 condorpool - 122
1646376851 individuals_ID0000016 POST_SCRIPT_SUCCESS 0 condorpool - 122
1646376852 individuals_ID0000015 JOB_TERMINATED 3995.0 condorpool - 121
1646376856 individuals_ID0000015 JOB_SUCCESS 0 condorpool - 121
1646376856 individuals_ID0000015 POST_SCRIPT_STARTED 3995.0 condorpool - 121
1646376854 individuals_ID0000017 JOB_TERMINATED 3997.0 condorpool - 123
1646376856 individuals_ID0000017 JOB_SUCCESS 0 condorpool - 123
1646376856 individuals_ID0000017 POST_SCRIPT_STARTED 3997.0 condorpool - 123
1646376856 individuals_ID0000043 JOB_TERMINATED 3994.0 condorpool - 120
1646376861 individuals_ID0000043 JOB_SUCCESS 0 condorpool - 120
1646376861 individuals_ID0000043 POST_SCRIPT_STARTED 3994.0 condorpool - 120
1646376856 individuals_ID0000015 POST_SCRIPT_TERMINATED 3995.0 condorpool - 121
1646376861 individuals_ID0000015 POST_SCRIPT_SUCCESS 0 condorpool - 121
1646376856 individuals_ID0000017 POST_SCRIPT_TERMINATED 3997.0 condorpool - 123
1646376861 individuals_ID0000017 POST_SCRIPT_SUCCESS 0 condorpool - 123
1646376861 individuals_ID0000043 POST_SCRIPT_TERMINATED 3994.0 condorpool - 120
1646376866 individuals_ID0000043 POST_SCRIPT_SUCCESS 0 condorpool - 120
1646376870 individuals_ID0000027 JOB_TERMINATED 4007.0 condorpool - 133
1646376871 individuals_ID0000027 JOB_SUCCESS 0 condorpool - 133
1646376871 individuals_ID0000027 POST_SCRIPT_STARTED 4007.0 condorpool - 133
1646376872 individuals_ID0000027 POST_SCRIPT_TERMINATED 4007.0 condorpool - 133
1646376876 individuals_ID0000027 POST_SCRIPT_SUCCESS 0 condorpool - 133
1646376905 individuals_ID0000028 JOB_TERMINATED 4008.0 condorpool - 134
1646376906 individuals_ID0000028 JOB_SUCCESS 0 condorpool - 134
1646376906 individuals_ID0000028 POST_SCRIPT_STARTED 4008.0 condorpool - 134
1646376906 individuals_ID0000028 POST_SCRIPT_TERMINATED 4008.0 condorpool - 134
1646376911 individuals_ID0000028 POST_SCRIPT_SUCCESS 0 condorpool - 134
1646376928 individuals_ID0000029 JOB_TERMINATED 4009.0 condorpool - 135
1646376931 individuals_ID0000029 JOB_SUCCESS 0 condorpool - 135
1646376931 individuals_ID0000029 POST_SCRIPT_STARTED 4009.0 condorpool - 135
1646376931 individuals_ID0000029 POST_SCRIPT_TERMINATED 4009.0 condorpool - 135
1646376936 individuals_ID0000029 POST_SCRIPT_SUCCESS 0 condorpool - 135
1646376985 individuals_ID0000022 JOB_TERMINATED 4010.0 condorpool - 136
1646376986 individuals_ID0000022 JOB_SUCCESS 0 condorpool - 136
1646376986 individuals_ID0000022 POST_SCRIPT_STARTED 4010.0 condorpool - 136
1646376987 individuals_ID0000022 POST_SCRIPT_TERMINATED 4010.0 condorpool - 136
1646376991 individuals_ID0000022 POST_SCRIPT_SUCCESS 0 condorpool - 136
1646377036 individuals_ID0000023 JOB_TERMINATED 4011.0 condorpool - 137
1646377041 individuals_ID0000023 JOB_SUCCESS 0 condorpool - 137
1646377041 individuals_ID0000023 POST_SCRIPT_STARTED 4011.0 condorpool - 137
1646377041 individuals_ID0000023 POST_SCRIPT_TERMINATED 4011.0 condorpool - 137
1646377046 individuals_ID0000023 POST_SCRIPT_SUCCESS 0 condorpool - 137
1646377050 individuals_ID0000025 JOB_TERMINATED 4013.0 condorpool - 139
1646377051 individuals_ID0000025 JOB_SUCCESS 0 condorpool - 139
1646377051 individuals_ID0000025 POST_SCRIPT_STARTED 4013.0 condorpool - 139
1646377051 individuals_ID0000025 POST_SCRIPT_TERMINATED 4013.0 condorpool - 139
1646377056 individuals_ID0000025 POST_SCRIPT_SUCCESS 0 condorpool - 139
1646377077 individuals_ID0000024 JOB_TERMINATED 4012.0 condorpool - 138
1646377082 individuals_ID0000024 JOB_SUCCESS 0 condorpool - 138
1646377082 individuals_ID0000024 POST_SCRIPT_STARTED 4012.0 condorpool - 138
1646377082 individuals_ID0000024 POST_SCRIPT_TERMINATED 4012.0 condorpool - 138
1646377087 individuals_ID0000024 POST_SCRIPT_SUCCESS 0 condorpool - 138
1646377113 individuals_ID0000020 JOB_TERMINATED 4014.0 condorpool - 140
1646377117 individuals_ID0000020 JOB_SUCCESS 0 condorpool - 140
1646377117 individuals_ID0000020 POST_SCRIPT_STARTED 4014.0 condorpool - 140
1646377117 individuals_ID0000020 POST_SCRIPT_TERMINATED 4014.0 condorpool - 140
1646377122 individuals_ID0000020 POST_SCRIPT_SUCCESS 0 condorpool - 140
1646377124 individuals_ID0000021 JOB_TERMINATED 4015.0 condorpool - 141
1646377127 individuals_ID0000021 JOB_SUCCESS 0 condorpool - 141
1646377127 individuals_ID0000021 POST_SCRIPT_STARTED 4015.0 condorpool - 141
1646377128 individuals_ID0000021 POST_SCRIPT_TERMINATED 4015.0 condorpool - 141
1646377132 individuals_ID0000021 POST_SCRIPT_SUCCESS 0 condorpool - 141
1646377137 individuals_merge_ID0000051 SUBMIT 4017.0 condorpool - 143
1646377141 individuals_merge_ID0000051 EXECUTE 4017.0 condorpool - 143
1646381170 individuals_merge_ID0000051 JOB_TERMINATED 4017.0 condorpool - 143
1646381170 individuals_merge_ID0000051 JOB_SUCCESS 0 condorpool - 143
1646381170 individuals_merge_ID0000051 POST_SCRIPT_STARTED 4017.0 condorpool - 143
1646381170 individuals_merge_ID0000051 POST_SCRIPT_TERMINATED 4017.0 condorpool - 143
1646381175 individuals_merge_ID0000051 POST_SCRIPT_SUCCESS 0 condorpool - 143
1646381181 frequency_ID0000060 SUBMIT 4018.0 condorpool - 144
1646381181 frequency_ID0000062 SUBMIT 4019.0 condorpool - 145
1646381181 mutation_overlap_ID0000053 SUBMIT 4020.0 condorpool - 146
1646381181 mutation_overlap_ID0000063 SUBMIT 4021.0 condorpool - 147
1646381181 frequency_ID0000058 SUBMIT 4022.0 condorpool - 148
1646381182 frequency_ID0000060 EXECUTE 4018.0 condorpool - 144
1646381182 frequency_ID0000062 EXECUTE 4019.0 condorpool - 145
1646381186 mutation_overlap_ID0000055 SUBMIT 4023.0 condorpool - 149
1646381186 mutation_overlap_ID0000065 SUBMIT 4024.0 condorpool - 150
1646381186 frequency_ID0000064 SUBMIT 4025.0 condorpool - 151
1646381186 frequency_ID0000054 SUBMIT 4026.0 condorpool - 152
1646381186 frequency_ID0000066 SUBMIT 4027.0 condorpool - 153
1646381191 mutation_overlap_ID0000061 SUBMIT 4028.0 condorpool - 154
1646381191 frequency_ID0000056 SUBMIT 4029.0 condorpool - 155
1646381191 mutation_overlap_ID0000057 SUBMIT 4030.0 condorpool - 156
1646381191 mutation_overlap_ID0000059 SUBMIT 4031.0 condorpool - 157
1646381202 mutation_overlap_ID0000059 EXECUTE 4031.0 condorpool - 157
1646381202 frequency_ID0000056 EXECUTE 4029.0 condorpool - 155
1646381202 mutation_overlap_ID0000057 EXECUTE 4030.0 condorpool - 156
1646381202 mutation_overlap_ID0000061 EXECUTE 4028.0 condorpool - 154
1646381202 mutation_overlap_ID0000053 EXECUTE 4020.0 condorpool - 146
1646381202 frequency_ID0000054 EXECUTE 4026.0 condorpool - 152
1646381202 mutation_overlap_ID0000063 EXECUTE 4021.0 condorpool - 147
1646381202 mutation_overlap_ID0000055 EXECUTE 4023.0 condorpool - 149
1646381202 frequency_ID0000058 EXECUTE 4022.0 condorpool - 148
1646381202 frequency_ID0000064 EXECUTE 4025.0 condorpool - 151
1646381203 mutation_overlap_ID0000065 EXECUTE 4024.0 condorpool - 150
1646381203 frequency_ID0000066 EXECUTE 4027.0 condorpool - 153
1646381404 mutation_overlap_ID0000065 JOB_TERMINATED 4024.0 condorpool - 150
1646381406 mutation_overlap_ID0000065 JOB_SUCCESS 0 condorpool - 150
1646381406 mutation_overlap_ID0000065 POST_SCRIPT_STARTED 4024.0 condorpool - 150
1646381406 mutation_overlap_ID0000063 JOB_TERMINATED 4021.0 condorpool - 147
1646381406 mutation_overlap_ID0000063 JOB_SUCCESS 0 condorpool - 147
1646381406 mutation_overlap_ID0000063 POST_SCRIPT_STARTED 4021.0 condorpool - 147
1646381407 mutation_overlap_ID0000065 POST_SCRIPT_TERMINATED 4024.0 condorpool - 150
1646381411 mutation_overlap_ID0000065 POST_SCRIPT_SUCCESS 0 condorpool - 150
1646381407 mutation_overlap_ID0000063 POST_SCRIPT_TERMINATED 4021.0 condorpool - 147
1646381411 mutation_overlap_ID0000063 POST_SCRIPT_SUCCESS 0 condorpool - 147
1646381407 mutation_overlap_ID0000059 JOB_TERMINATED 4031.0 condorpool - 157
1646381411 mutation_overlap_ID0000059 JOB_SUCCESS 0 condorpool - 157
1646381411 mutation_overlap_ID0000059 POST_SCRIPT_STARTED 4031.0 condorpool - 157
1646381409 mutation_overlap_ID0000055 JOB_TERMINATED 4023.0 condorpool - 149
1646381411 mutation_overlap_ID0000055 JOB_SUCCESS 0 condorpool - 149
1646381411 mutation_overlap_ID0000055 POST_SCRIPT_STARTED 4023.0 condorpool - 149
1646381409 mutation_overlap_ID0000061 JOB_TERMINATED 4028.0 condorpool - 154
1646381411 mutation_overlap_ID0000061 JOB_SUCCESS 0 condorpool - 154
1646381411 mutation_overlap_ID0000061 POST_SCRIPT_STARTED 4028.0 condorpool - 154
1646381410 mutation_overlap_ID0000053 JOB_TERMINATED 4020.0 condorpool - 146
1646381411 mutation_overlap_ID0000053 JOB_SUCCESS 0 condorpool - 146
1646381411 mutation_overlap_ID0000053 POST_SCRIPT_STARTED 4020.0 condorpool - 146
1646381411 mutation_overlap_ID0000061 POST_SCRIPT_TERMINATED 4028.0 condorpool - 154
1646381416 mutation_overlap_ID0000061 POST_SCRIPT_SUCCESS 0 condorpool - 154
1646381411 mutation_overlap_ID0000059 POST_SCRIPT_TERMINATED 4031.0 condorpool - 157
1646381416 mutation_overlap_ID0000059 POST_SCRIPT_SUCCESS 0 condorpool - 157
1646381411 mutation_overlap_ID0000055 POST_SCRIPT_TERMINATED 4023.0 condorpool - 149
1646381416 mutation_overlap_ID0000055 POST_SCRIPT_SUCCESS 0 condorpool - 149
1646381411 mutation_overlap_ID0000053 POST_SCRIPT_TERMINATED 4020.0 condorpool - 146
1646381416 mutation_overlap_ID0000053 POST_SCRIPT_SUCCESS 0 condorpool - 146
1646381452 mutation_overlap_ID0000057 JOB_TERMINATED 4030.0 condorpool - 156
1646381456 mutation_overlap_ID0000057 JOB_SUCCESS 0 condorpool - 156
1646381456 mutation_overlap_ID0000057 POST_SCRIPT_STARTED 4030.0 condorpool - 156
1646381456 mutation_overlap_ID0000057 POST_SCRIPT_TERMINATED 4030.0 condorpool - 156
1646381461 mutation_overlap_ID0000057 POST_SCRIPT_SUCCESS 0 condorpool - 156
1646381831 frequency_ID0000060 JOB_TERMINATED 4018.0 condorpool - 144
1646381836 frequency_ID0000060 JOB_SUCCESS 0 condorpool - 144
1646381836 frequency_ID0000060 POST_SCRIPT_STARTED 4018.0 condorpool - 144
1646381837 frequency_ID0000060 POST_SCRIPT_TERMINATED 4018.0 condorpool - 144
1646381841 frequency_ID0000060 POST_SCRIPT_SUCCESS 0 condorpool - 144
1646381839 frequency_ID0000062 JOB_TERMINATED 4019.0 condorpool - 145
1646381841 frequency_ID0000062 JOB_SUCCESS 0 condorpool - 145
1646381841 frequency_ID0000062 POST_SCRIPT_STARTED 4019.0 condorpool - 145
1646381841 frequency_ID0000062 POST_SCRIPT_TERMINATED 4019.0 condorpool - 145
1646381846 frequency_ID0000062 POST_SCRIPT_SUCCESS 0 condorpool - 145
1646381853 frequency_ID0000064 JOB_TERMINATED 4025.0 condorpool - 151
1646381856 frequency_ID0000064 JOB_SUCCESS 0 condorpool - 151
1646381856 frequency_ID0000064 POST_SCRIPT_STARTED 4025.0 condorpool - 151
1646381857 frequency_ID0000064 POST_SCRIPT_TERMINATED 4025.0 condorpool - 151
1646381861 frequency_ID0000064 POST_SCRIPT_SUCCESS 0 condorpool - 151
1646381868 frequency_ID0000058 JOB_TERMINATED 4022.0 condorpool - 148
1646381871 frequency_ID0000058 JOB_SUCCESS 0 condorpool - 148
1646381871 frequency_ID0000058 POST_SCRIPT_STARTED 4022.0 condorpool - 148
1646381871 frequency_ID0000058 POST_SCRIPT_TERMINATED 4022.0 condorpool - 148
1646381876 frequency_ID0000058 POST_SCRIPT_SUCCESS 0 condorpool - 148
1646381997 frequency_ID0000066 JOB_TERMINATED 4027.0 condorpool - 153
1646382001 frequency_ID0000066 JOB_SUCCESS 0 condorpool - 153
1646382001 frequency_ID0000066 POST_SCRIPT_STARTED 4027.0 condorpool - 153
1646382002 frequency_ID0000066 POST_SCRIPT_TERMINATED 4027.0 condorpool - 153
1646382006 frequency_ID0000066 POST_SCRIPT_SUCCESS 0 condorpool - 153
1646382023 frequency_ID0000056 JOB_TERMINATED 4029.0 condorpool - 155
1646382026 frequency_ID0000056 JOB_SUCCESS 0 condorpool - 155
1646382026 frequency_ID0000056 POST_SCRIPT_STARTED 4029.0 condorpool - 155
1646382026 frequency_ID0000056 POST_SCRIPT_TERMINATED 4029.0 condorpool - 155
1646382031 frequency_ID0000056 POST_SCRIPT_SUCCESS 0 condorpool - 155
1646382036 stage_out_local_local_2_1 SUBMIT 4032.0 local - 158
1646382037 stage_out_local_local_2_1 EXECUTE 4032.0 local - 158
1646382041 stage_out_local_local_2_1 JOB_TERMINATED 4032.0 local - 158
1646382041 stage_out_local_local_2_1 JOB_SUCCESS 0 local - 158
1646382041 stage_out_local_local_2_1 POST_SCRIPT_STARTED 4032.0 local - 158
1646382042 stage_out_local_local_2_1 POST_SCRIPT_TERMINATED 4032.0 local - 158
1646382046 stage_out_local_local_2_1 POST_SCRIPT_SUCCESS 0 local - 158
1646382051 frequency_ID0000054 JOB_TERMINATED 4026.0 condorpool - 152
1646382056 frequency_ID0000054 JOB_SUCCESS 0 condorpool - 152
1646382056 frequency_ID0000054 POST_SCRIPT_STARTED 4026.0 condorpool - 152
1646382056 frequency_ID0000054 POST_SCRIPT_TERMINATED 4026.0 condorpool - 152
1646382061 frequency_ID0000054 POST_SCRIPT_SUCCESS 0 condorpool - 152
1646382066 stage_out_local_local_2_0 SUBMIT 4033.0 local - 159
1646382066 stage_out_local_local_2_0 EXECUTE 4033.0 local - 159
1646382070 stage_out_local_local_2_0 JOB_TERMINATED 4033.0 local - 159
1646382071 stage_out_local_local_2_0 JOB_SUCCESS 0 local - 159
1646382071 stage_out_local_local_2_0 POST_SCRIPT_STARTED 4033.0 local - 159
1646382071 stage_out_local_local_2_0 POST_SCRIPT_TERMINATED 4033.0 local - 159
1646382076 stage_out_local_local_2_0 POST_SCRIPT_SUCCESS 0 local - 159
1646382081 cleanup_1000-genome_0_local SUBMIT 4034.0 local - 160
1646382082 cleanup_1000-genome_0_local EXECUTE 4034.0 local - 160
1646382084 cleanup_1000-genome_0_local JOB_TERMINATED 4034.0 local - 160
1646382087 cleanup_1000-genome_0_local JOB_SUCCESS 0 local - 160
1646382087 cleanup_1000-genome_0_local POST_SCRIPT_STARTED 4034.0 local - 160
1646382087 cleanup_1000-genome_0_local POST_SCRIPT_TERMINATED 4034.0 local - 160
1646382092 cleanup_1000-genome_0_local POST_SCRIPT_SUCCESS 0 local - 160
1646382092 INTERNAL *** DAGMAN_FINISHED 0 ***
1646382094 INTERNAL *** MONITORD_FINISHED 0 ***
