1644897360 INTERNAL *** MONITORD_STARTED ***
1644897358 INTERNAL *** DAGMAN_STARTED 1391.0 ***
1644897362 create_dir_1000-genome_0_local SUBMIT 1392.0 local - 1
1644897363 create_dir_1000-genome_0_local EXECUTE 1392.0 local - 1
1644897365 create_dir_1000-genome_0_local JOB_TERMINATED 1392.0 local - 1
1644897367 create_dir_1000-genome_0_local JOB_SUCCESS 0 local - 1
1644897367 create_dir_1000-genome_0_local POST_SCRIPT_STARTED 1392.0 local - 1
1644897367 create_dir_1000-genome_0_local POST_SCRIPT_TERMINATED 1392.0 local - 1
1644897372 create_dir_1000-genome_0_local POST_SCRIPT_SUCCESS 0 local - 1
1644897377 stage_in_remote_local_2_0 SUBMIT 1393.0 local - 2
1644897377 stage_in_remote_local_2_0 EXECUTE 1393.0 local - 2
1644897377 stage_in_remote_local_1_0 SUBMIT 1394.0 local - 3
1644897377 stage_in_remote_local_0_0 SUBMIT 1395.0 local - 4
1644897377 stage_in_local_local_0_0 SUBMIT 1396.0 local - 5
1644897377 stage_in_local_local_2_0 SUBMIT 1397.0 local - 6
1644897379 stage_in_remote_local_2_0 JOB_TERMINATED 1393.0 local - 2
1644897383 stage_in_remote_local_2_0 JOB_SUCCESS 0 local - 2
1644897383 stage_in_remote_local_2_0 POST_SCRIPT_STARTED 1393.0 local - 2
1644897379 stage_in_local_local_2_0 EXECUTE 1397.0 local - 6
1644897379 stage_in_local_local_0_0 EXECUTE 1396.0 local - 5
1644897380 stage_in_remote_local_0_0 EXECUTE 1395.0 local - 4
1644897380 stage_in_remote_local_1_0 EXECUTE 1394.0 local - 3
1644897382 stage_in_remote_local_1_0 JOB_TERMINATED 1394.0 local - 3
1644897383 stage_in_remote_local_1_0 JOB_SUCCESS 0 local - 3
1644897383 stage_in_remote_local_1_0 POST_SCRIPT_STARTED 1394.0 local - 3
1644897382 stage_in_local_local_0_0 JOB_TERMINATED 1396.0 local - 5
1644897383 stage_in_local_local_0_0 JOB_SUCCESS 0 local - 5
1644897383 stage_in_local_local_0_0 POST_SCRIPT_STARTED 1396.0 local - 5
1644897382 stage_in_remote_local_0_0 JOB_TERMINATED 1395.0 local - 4
1644897383 stage_in_remote_local_0_0 JOB_SUCCESS 0 local - 4
1644897383 stage_in_remote_local_0_0 POST_SCRIPT_STARTED 1395.0 local - 4
1644897382 stage_in_remote_local_0_1 SUBMIT 1398.0 local - 7
1644897382 stage_in_remote_local_0_1 EXECUTE 1398.0 local - 7
1644897382 stage_in_local_local_0_1 SUBMIT 1399.0 local - 8
1644897382 stage_in_local_local_0_1 EXECUTE 1399.0 local - 8
1644897382 stage_in_local_local_2_1 SUBMIT 1400.0 local - 9
1644897382 stage_in_local_local_2_1 EXECUTE 1400.0 local - 9
1644897382 stage_in_remote_local_2_1 SUBMIT 1401.0 local - 10
1644897383 stage_in_remote_local_2_1 EXECUTE 1401.0 local - 10
1644897383 stage_in_local_local_0_2 SUBMIT 1402.0 local - 11
1644897383 stage_in_local_local_0_0 POST_SCRIPT_TERMINATED 1396.0 local - 5
1644897388 stage_in_local_local_0_0 POST_SCRIPT_SUCCESS 0 local - 5
1644897383 stage_in_remote_local_0_0 POST_SCRIPT_TERMINATED 1395.0 local - 4
1644897388 stage_in_remote_local_0_0 POST_SCRIPT_SUCCESS 0 local - 4
1644897383 stage_in_remote_local_2_0 POST_SCRIPT_TERMINATED 1393.0 local - 2
1644897388 stage_in_remote_local_2_0 POST_SCRIPT_SUCCESS 0 local - 2
1644897383 stage_in_remote_local_1_0 POST_SCRIPT_TERMINATED 1394.0 local - 3
1644897388 stage_in_remote_local_1_0 POST_SCRIPT_SUCCESS 0 local - 3
1644897384 stage_in_local_local_2_0 JOB_TERMINATED 1397.0 local - 6
1644897388 stage_in_local_local_2_0 JOB_SUCCESS 0 local - 6
1644897388 stage_in_local_local_2_0 POST_SCRIPT_STARTED 1397.0 local - 6
1644897384 stage_in_local_local_0_2 EXECUTE 1402.0 local - 11
1644897385 stage_in_remote_local_0_1 JOB_TERMINATED 1398.0 local - 7
1644897388 stage_in_remote_local_0_1 JOB_SUCCESS 0 local - 7
1644897388 stage_in_remote_local_0_1 POST_SCRIPT_STARTED 1398.0 local - 7
1644897385 stage_in_remote_local_2_1 JOB_TERMINATED 1401.0 local - 10
1644897388 stage_in_remote_local_2_1 JOB_SUCCESS 0 local - 10
1644897388 stage_in_remote_local_2_1 POST_SCRIPT_STARTED 1401.0 local - 10
1644897385 stage_in_local_local_0_1 JOB_TERMINATED 1399.0 local - 8
1644897388 stage_in_local_local_0_1 JOB_SUCCESS 0 local - 8
1644897388 stage_in_local_local_0_1 POST_SCRIPT_STARTED 1399.0 local - 8
1644897386 stage_in_local_local_0_2 JOB_TERMINATED 1402.0 local - 11
1644897388 stage_in_local_local_0_2 JOB_SUCCESS 0 local - 11
1644897388 stage_in_local_local_0_2 POST_SCRIPT_STARTED 1402.0 local - 11
1644897387 stage_in_local_local_2_1 JOB_TERMINATED 1400.0 local - 9
1644897388 stage_in_local_local_2_1 JOB_SUCCESS 0 local - 9
1644897388 stage_in_local_local_2_1 POST_SCRIPT_STARTED 1400.0 local - 9
1644897388 stage_in_remote_local_0_1 POST_SCRIPT_TERMINATED 1398.0 local - 7
1644897393 stage_in_remote_local_0_1 POST_SCRIPT_SUCCESS 0 local - 7
1644897388 stage_in_local_local_0_1 POST_SCRIPT_TERMINATED 1399.0 local - 8
1644897393 stage_in_local_local_0_1 POST_SCRIPT_SUCCESS 0 local - 8
1644897388 stage_in_remote_local_2_1 POST_SCRIPT_TERMINATED 1401.0 local - 10
1644897393 stage_in_remote_local_2_1 POST_SCRIPT_SUCCESS 0 local - 10
1644897388 stage_in_local_local_0_2 POST_SCRIPT_TERMINATED 1402.0 local - 11
1644897393 stage_in_local_local_0_2 POST_SCRIPT_SUCCESS 0 local - 11
1644897388 stage_in_local_local_2_1 POST_SCRIPT_TERMINATED 1400.0 local - 9
1644897393 stage_in_local_local_2_1 POST_SCRIPT_SUCCESS 0 local - 9
1644897388 stage_in_local_local_2_0 POST_SCRIPT_TERMINATED 1397.0 local - 6
1644897393 stage_in_local_local_2_0 POST_SCRIPT_SUCCESS 0 local - 6
1644897398 individuals_ID0000037 SUBMIT 1403.0 condorpool - 12
1644897398 individuals_ID0000038 SUBMIT 1404.0 condorpool - 13
1644897398 individuals_ID0000039 SUBMIT 1405.0 condorpool - 14
1644897398 individuals_ID0000033 SUBMIT 1406.0 condorpool - 15
1644897398 individuals_ID0000034 SUBMIT 1407.0 condorpool - 16
1644897403 individuals_ID0000035 SUBMIT 1408.0 condorpool - 17
1644897403 individuals_ID0000036 SUBMIT 1409.0 condorpool - 18
1644897404 individuals_ID0000030 SUBMIT 1410.0 condorpool - 19
1644897404 individuals_ID0000031 SUBMIT 1411.0 condorpool - 20
1644897404 individuals_ID0000032 SUBMIT 1412.0 condorpool - 21
1644897409 individuals_ID0000004 SUBMIT 1413.0 condorpool - 22
1644897409 individuals_ID0000048 SUBMIT 1414.0 condorpool - 23
1644897409 individuals_ID0000005 SUBMIT 1415.0 condorpool - 24
1644897409 individuals_ID0000049 SUBMIT 1416.0 condorpool - 25
1644897409 individuals_ID0000006 SUBMIT 1417.0 condorpool - 26
1644897414 individuals_ID0000007 SUBMIT 1418.0 condorpool - 27
1644897414 individuals_ID0000044 SUBMIT 1419.0 condorpool - 28
1644897414 individuals_ID0000001 SUBMIT 1420.0 condorpool - 29
1644897414 individuals_ID0000045 SUBMIT 1421.0 condorpool - 30
1644897414 individuals_ID0000002 SUBMIT 1422.0 condorpool - 31
1644897419 individuals_ID0000046 SUBMIT 1423.0 condorpool - 32
1644897419 individuals_ID0000003 SUBMIT 1424.0 condorpool - 33
1644897419 individuals_ID0000047 SUBMIT 1425.0 condorpool - 34
1644897419 individuals_ID0000008 SUBMIT 1426.0 condorpool - 35
1644897419 individuals_ID0000009 SUBMIT 1427.0 condorpool - 36
1644897424 individuals_ID0000040 SUBMIT 1428.0 condorpool - 37
1644897424 individuals_ID0000041 SUBMIT 1429.0 condorpool - 38
1644897424 individuals_ID0000042 SUBMIT 1430.0 condorpool - 39
1644897424 individuals_ID0000043 SUBMIT 1431.0 condorpool - 40
1644897424 individuals_ID0000015 SUBMIT 1432.0 condorpool - 41
1644897430 individuals_ID0000016 SUBMIT 1433.0 condorpool - 42
1644897430 individuals_ID0000017 SUBMIT 1434.0 condorpool - 43
1644897430 individuals_ID0000018 SUBMIT 1435.0 condorpool - 44
1644897430 individuals_ID0000011 SUBMIT 1436.0 condorpool - 45
1644897430 individuals_ID0000012 SUBMIT 1437.0 condorpool - 46
1644897435 individuals_ID0000013 SUBMIT 1438.0 condorpool - 47
1644897435 individuals_ID0000014 SUBMIT 1439.0 condorpool - 48
1644897435 individuals_ID0000019 SUBMIT 1440.0 condorpool - 49
1644897435 individuals_ID0000010 SUBMIT 1441.0 condorpool - 50
1644897435 individuals_ID0000050 SUBMIT 1442.0 condorpool - 51
1644897436 individuals_ID0000037 EXECUTE 1403.0 condorpool - 12
1644897438 individuals_ID0000031 EXECUTE 1411.0 condorpool - 20
1644897438 individuals_ID0000032 EXECUTE 1412.0 condorpool - 21
1644897440 individuals_ID0000026 SUBMIT 1443.0 condorpool - 52
1644897440 individuals_ID0000027 SUBMIT 1444.0 condorpool - 53
1644897440 individuals_ID0000028 SUBMIT 1445.0 condorpool - 54
1644897440 individuals_ID0000029 SUBMIT 1446.0 condorpool - 55
1644897440 individuals_ID0000022 SUBMIT 1447.0 condorpool - 56
1644897445 individuals_ID0000023 SUBMIT 1448.0 condorpool - 57
1644897445 individuals_ID0000024 SUBMIT 1449.0 condorpool - 58
1644897445 individuals_ID0000025 SUBMIT 1450.0 condorpool - 59
1644897445 individuals_ID0000020 SUBMIT 1451.0 condorpool - 60
1644897445 individuals_ID0000021 SUBMIT 1452.0 condorpool - 61
1644897448 individuals_ID0000005 EXECUTE 1415.0 condorpool - 24
1644897448 individuals_ID0000049 EXECUTE 1416.0 condorpool - 25
1644897450 sifting_ID0000052 SUBMIT 1453.0 condorpool - 62
1644897450 individuals_ID0000002 EXECUTE 1422.0 condorpool - 31
1644897455 individuals_ID0000006 EXECUTE 1417.0 condorpool - 26
1644897460 individuals_ID0000044 EXECUTE 1419.0 condorpool - 28
1644897462 individuals_ID0000045 EXECUTE 1421.0 condorpool - 30
1644897463 individuals_ID0000038 EXECUTE 1404.0 condorpool - 13
1644897464 individuals_ID0000001 EXECUTE 1420.0 condorpool - 29
1644897471 individuals_ID0000039 EXECUTE 1405.0 condorpool - 14
1644897473 individuals_ID0000004 EXECUTE 1413.0 condorpool - 22
1644897488 individuals_ID0000034 EXECUTE 1407.0 condorpool - 16
1644897488 individuals_ID0000036 EXECUTE 1409.0 condorpool - 18
1644897490 individuals_ID0000035 EXECUTE 1408.0 condorpool - 17
1644897501 individuals_ID0000012 EXECUTE 1437.0 condorpool - 46
1644897506 individuals_ID0000033 EXECUTE 1406.0 condorpool - 15
1644897507 individuals_ID0000018 EXECUTE 1435.0 condorpool - 44
1644897512 individuals_ID0000048 EXECUTE 1414.0 condorpool - 23
1644897512 individuals_ID0000007 EXECUTE 1418.0 condorpool - 27
1644897520 individuals_ID0000019 EXECUTE 1440.0 condorpool - 49
1644897520 individuals_ID0000014 EXECUTE 1439.0 condorpool - 48
1644897525 individuals_ID0000013 EXECUTE 1438.0 condorpool - 47
1644897530 individuals_ID0000030 EXECUTE 1410.0 condorpool - 19
1644897535 individuals_ID0000047 EXECUTE 1425.0 condorpool - 34
1644897543 individuals_ID0000010 EXECUTE 1441.0 condorpool - 50
1644897549 individuals_ID0000011 EXECUTE 1436.0 condorpool - 45
1644897555 individuals_ID0000040 EXECUTE 1428.0 condorpool - 37
1644897555 individuals_ID0000041 EXECUTE 1429.0 condorpool - 38
1644897567 individuals_ID0000043 EXECUTE 1431.0 condorpool - 40
1644897567 individuals_ID0000009 EXECUTE 1427.0 condorpool - 36
1644897570 individuals_ID0000003 EXECUTE 1424.0 condorpool - 33
1644897575 individuals_ID0000050 EXECUTE 1442.0 condorpool - 51
1644897577 individuals_ID0000046 EXECUTE 1423.0 condorpool - 32
1644897586 individuals_ID0000008 EXECUTE 1426.0 condorpool - 35
1644897592 individuals_ID0000015 EXECUTE 1432.0 condorpool - 41
1644897594 individuals_ID0000016 EXECUTE 1433.0 condorpool - 42
1644897596 individuals_ID0000024 EXECUTE 1449.0 condorpool - 58
1644897597 individuals_ID0000042 EXECUTE 1430.0 condorpool - 39
1644897608 individuals_ID0000025 EXECUTE 1450.0 condorpool - 59
1644897610 individuals_ID0000023 EXECUTE 1448.0 condorpool - 57
1644897620 individuals_ID0000028 EXECUTE 1445.0 condorpool - 54
1644897621 individuals_ID0000017 EXECUTE 1434.0 condorpool - 43
1644897627 individuals_ID0000022 EXECUTE 1447.0 condorpool - 56
1644897628 individuals_ID0000026 EXECUTE 1443.0 condorpool - 52
1644897631 individuals_ID0000029 EXECUTE 1446.0 condorpool - 55
1644897633 individuals_ID0000027 EXECUTE 1444.0 condorpool - 53
1644898204 individuals_ID0000001 JOB_TERMINATED 1420.0 condorpool - 29
1644898206 individuals_ID0000001 JOB_SUCCESS 0 condorpool - 29
1644898206 individuals_ID0000001 POST_SCRIPT_STARTED 1420.0 condorpool - 29
1644898206 individuals_ID0000001 POST_SCRIPT_TERMINATED 1420.0 condorpool - 29
1644898211 individuals_ID0000001 POST_SCRIPT_SUCCESS 0 condorpool - 29
1644898212 individuals_ID0000020 EXECUTE 1451.0 condorpool - 60
1644898545 individuals_ID0000002 JOB_TERMINATED 1422.0 condorpool - 31
1644898547 individuals_ID0000002 JOB_SUCCESS 0 condorpool - 31
1644898547 individuals_ID0000002 POST_SCRIPT_STARTED 1422.0 condorpool - 31
1644898547 individuals_ID0000002 POST_SCRIPT_TERMINATED 1422.0 condorpool - 31
1644898552 individuals_ID0000002 POST_SCRIPT_SUCCESS 0 condorpool - 31
1644898552 individuals_ID0000021 EXECUTE 1452.0 condorpool - 61
1644898561 individuals_ID0000031 JOB_TERMINATED 1411.0 condorpool - 20
1644898562 individuals_ID0000031 JOB_SUCCESS 0 condorpool - 20
1644898562 individuals_ID0000031 POST_SCRIPT_STARTED 1411.0 condorpool - 20
1644898562 individuals_ID0000032 JOB_TERMINATED 1412.0 condorpool - 21
1644898562 individuals_ID0000032 JOB_SUCCESS 0 condorpool - 21
1644898562 individuals_ID0000032 POST_SCRIPT_STARTED 1412.0 condorpool - 21
1644898562 individuals_ID0000032 POST_SCRIPT_TERMINATED 1412.0 condorpool - 21
1644898567 individuals_ID0000032 POST_SCRIPT_SUCCESS 0 condorpool - 21
1644898562 individuals_ID0000031 POST_SCRIPT_TERMINATED 1411.0 condorpool - 20
1644898567 individuals_ID0000031 POST_SCRIPT_SUCCESS 0 condorpool - 20
1644898563 sifting_ID0000052 EXECUTE 1453.0 condorpool - 62
1644898565 sifting_ID0000052 JOB_TERMINATED 1453.0 condorpool - 62
1644898567 sifting_ID0000052 JOB_SUCCESS 0 condorpool - 62
1644898567 sifting_ID0000052 POST_SCRIPT_STARTED 1453.0 condorpool - 62
1644898567 sifting_ID0000052 POST_SCRIPT_TERMINATED 1453.0 condorpool - 62
1644898572 sifting_ID0000052 POST_SCRIPT_SUCCESS 0 condorpool - 62
1644898574 individuals_ID0000044 JOB_TERMINATED 1419.0 condorpool - 28
1644898577 individuals_ID0000044 JOB_SUCCESS 0 condorpool - 28
1644898577 individuals_ID0000044 POST_SCRIPT_STARTED 1419.0 condorpool - 28
1644898577 individuals_ID0000044 POST_SCRIPT_TERMINATED 1419.0 condorpool - 28
1644898582 individuals_ID0000044 POST_SCRIPT_SUCCESS 0 condorpool - 28
1644898578 individuals_ID0000047 JOB_TERMINATED 1425.0 condorpool - 34
1644898582 individuals_ID0000047 JOB_SUCCESS 0 condorpool - 34
1644898582 individuals_ID0000047 POST_SCRIPT_STARTED 1425.0 condorpool - 34
1644898582 individuals_ID0000047 POST_SCRIPT_TERMINATED 1425.0 condorpool - 34
1644898587 individuals_ID0000047 POST_SCRIPT_SUCCESS 0 condorpool - 34
1644898592 individuals_ID0000045 JOB_TERMINATED 1421.0 condorpool - 30
1644898597 individuals_ID0000045 JOB_SUCCESS 0 condorpool - 30
1644898597 individuals_ID0000045 POST_SCRIPT_STARTED 1421.0 condorpool - 30
1644898598 individuals_ID0000045 POST_SCRIPT_TERMINATED 1421.0 condorpool - 30
1644898602 individuals_ID0000045 POST_SCRIPT_SUCCESS 0 condorpool - 30
1644898600 individuals_ID0000004 JOB_TERMINATED 1413.0 condorpool - 22
1644898602 individuals_ID0000004 JOB_SUCCESS 0 condorpool - 22
1644898602 individuals_ID0000004 POST_SCRIPT_STARTED 1413.0 condorpool - 22
1644898602 individuals_ID0000004 POST_SCRIPT_TERMINATED 1413.0 condorpool - 22
1644898607 individuals_ID0000004 POST_SCRIPT_SUCCESS 0 condorpool - 22
1644898609 individuals_ID0000048 JOB_TERMINATED 1414.0 condorpool - 23
1644898612 individuals_ID0000048 JOB_SUCCESS 0 condorpool - 23
1644898612 individuals_ID0000048 POST_SCRIPT_STARTED 1414.0 condorpool - 23
1644898612 individuals_ID0000048 POST_SCRIPT_TERMINATED 1414.0 condorpool - 23
1644898617 individuals_ID0000048 POST_SCRIPT_SUCCESS 0 condorpool - 23
1644898637 individuals_ID0000003 JOB_TERMINATED 1424.0 condorpool - 33
1644898637 individuals_ID0000003 JOB_SUCCESS 0 condorpool - 33
1644898637 individuals_ID0000003 POST_SCRIPT_STARTED 1424.0 condorpool - 33
1644898638 individuals_ID0000003 POST_SCRIPT_TERMINATED 1424.0 condorpool - 33
1644898642 individuals_ID0000003 POST_SCRIPT_SUCCESS 0 condorpool - 33
1644898640 individuals_ID0000008 JOB_TERMINATED 1426.0 condorpool - 35
1644898642 individuals_ID0000008 JOB_SUCCESS 0 condorpool - 35
1644898642 individuals_ID0000008 POST_SCRIPT_STARTED 1426.0 condorpool - 35
1644898642 individuals_ID0000008 POST_SCRIPT_TERMINATED 1426.0 condorpool - 35
1644898647 individuals_ID0000008 POST_SCRIPT_SUCCESS 0 condorpool - 35
1644898651 individuals_ID0000046 JOB_TERMINATED 1423.0 condorpool - 32
1644898652 individuals_ID0000046 JOB_SUCCESS 0 condorpool - 32
1644898652 individuals_ID0000046 POST_SCRIPT_STARTED 1423.0 condorpool - 32
1644898652 individuals_ID0000046 POST_SCRIPT_TERMINATED 1423.0 condorpool - 32
1644898657 individuals_ID0000046 POST_SCRIPT_SUCCESS 0 condorpool - 32
1644898688 individuals_ID0000005 JOB_TERMINATED 1415.0 condorpool - 24
1644898692 individuals_ID0000005 JOB_SUCCESS 0 condorpool - 24
1644898692 individuals_ID0000005 POST_SCRIPT_STARTED 1415.0 condorpool - 24
1644898693 individuals_ID0000005 POST_SCRIPT_TERMINATED 1415.0 condorpool - 24
1644898697 individuals_ID0000005 POST_SCRIPT_SUCCESS 0 condorpool - 24
1644898694 individuals_ID0000049 JOB_TERMINATED 1416.0 condorpool - 25
1644898697 individuals_ID0000049 JOB_SUCCESS 0 condorpool - 25
1644898697 individuals_ID0000049 POST_SCRIPT_STARTED 1416.0 condorpool - 25
1644898697 individuals_ID0000049 POST_SCRIPT_TERMINATED 1416.0 condorpool - 25
1644898702 individuals_ID0000049 POST_SCRIPT_SUCCESS 0 condorpool - 25
1644898697 individuals_ID0000006 JOB_TERMINATED 1417.0 condorpool - 26
1644898702 individuals_ID0000006 JOB_SUCCESS 0 condorpool - 26
1644898702 individuals_ID0000006 POST_SCRIPT_STARTED 1417.0 condorpool - 26
1644898702 individuals_ID0000006 POST_SCRIPT_TERMINATED 1417.0 condorpool - 26
1644898707 individuals_ID0000006 POST_SCRIPT_SUCCESS 0 condorpool - 26
1644898729 individuals_ID0000007 JOB_TERMINATED 1418.0 condorpool - 27
1644898732 individuals_ID0000007 JOB_SUCCESS 0 condorpool - 27
1644898732 individuals_ID0000007 POST_SCRIPT_STARTED 1418.0 condorpool - 27
1644898733 individuals_ID0000007 POST_SCRIPT_TERMINATED 1418.0 condorpool - 27
1644898738 individuals_ID0000007 POST_SCRIPT_SUCCESS 0 condorpool - 27
1644898750 individuals_ID0000018 JOB_TERMINATED 1435.0 condorpool - 44
1644898753 individuals_ID0000018 JOB_SUCCESS 0 condorpool - 44
1644898753 individuals_ID0000018 POST_SCRIPT_STARTED 1435.0 condorpool - 44
1644898753 individuals_ID0000018 POST_SCRIPT_TERMINATED 1435.0 condorpool - 44
1644898758 individuals_ID0000018 POST_SCRIPT_SUCCESS 0 condorpool - 44
1644898755 individuals_ID0000012 JOB_TERMINATED 1437.0 condorpool - 46
1644898758 individuals_ID0000012 JOB_SUCCESS 0 condorpool - 46
1644898758 individuals_ID0000012 POST_SCRIPT_STARTED 1437.0 condorpool - 46
1644898759 individuals_ID0000012 POST_SCRIPT_TERMINATED 1437.0 condorpool - 46
1644898763 individuals_ID0000012 POST_SCRIPT_SUCCESS 0 condorpool - 46
1644898763 individuals_ID0000011 JOB_TERMINATED 1436.0 condorpool - 45
1644898768 individuals_ID0000011 JOB_SUCCESS 0 condorpool - 45
1644898768 individuals_ID0000011 POST_SCRIPT_STARTED 1436.0 condorpool - 45
1644898766 individuals_ID0000013 JOB_TERMINATED 1438.0 condorpool - 47
1644898768 individuals_ID0000013 JOB_SUCCESS 0 condorpool - 47
1644898768 individuals_ID0000013 POST_SCRIPT_STARTED 1438.0 condorpool - 47
1644898768 individuals_ID0000011 POST_SCRIPT_TERMINATED 1436.0 condorpool - 45
1644898773 individuals_ID0000011 POST_SCRIPT_SUCCESS 0 condorpool - 45
1644898768 individuals_ID0000013 POST_SCRIPT_TERMINATED 1438.0 condorpool - 47
1644898773 individuals_ID0000013 POST_SCRIPT_SUCCESS 0 condorpool - 47
1644898814 individuals_ID0000015 JOB_TERMINATED 1432.0 condorpool - 41
1644898818 individuals_ID0000015 JOB_SUCCESS 0 condorpool - 41
1644898818 individuals_ID0000015 POST_SCRIPT_STARTED 1432.0 condorpool - 41
1644898814 individuals_ID0000016 JOB_TERMINATED 1433.0 condorpool - 42
1644898818 individuals_ID0000016 JOB_SUCCESS 0 condorpool - 42
1644898818 individuals_ID0000016 POST_SCRIPT_STARTED 1433.0 condorpool - 42
1644898816 individuals_ID0000043 JOB_TERMINATED 1431.0 condorpool - 40
1644898818 individuals_ID0000043 JOB_SUCCESS 0 condorpool - 40
1644898818 individuals_ID0000043 POST_SCRIPT_STARTED 1431.0 condorpool - 40
1644898818 individuals_ID0000015 POST_SCRIPT_TERMINATED 1432.0 condorpool - 41
1644898823 individuals_ID0000015 POST_SCRIPT_SUCCESS 0 condorpool - 41
1644898818 individuals_ID0000043 POST_SCRIPT_TERMINATED 1431.0 condorpool - 40
1644898823 individuals_ID0000043 POST_SCRIPT_SUCCESS 0 condorpool - 40
1644898818 individuals_ID0000016 POST_SCRIPT_TERMINATED 1433.0 condorpool - 42
1644898823 individuals_ID0000016 POST_SCRIPT_SUCCESS 0 condorpool - 42
1644898824 individuals_ID0000017 JOB_TERMINATED 1434.0 condorpool - 43
1644898828 individuals_ID0000017 JOB_SUCCESS 0 condorpool - 43
1644898828 individuals_ID0000017 POST_SCRIPT_STARTED 1434.0 condorpool - 43
1644898829 individuals_ID0000017 POST_SCRIPT_TERMINATED 1434.0 condorpool - 43
1644898833 individuals_ID0000017 POST_SCRIPT_SUCCESS 0 condorpool - 43
1644898866 individuals_ID0000019 JOB_TERMINATED 1440.0 condorpool - 49
1644898868 individuals_ID0000019 JOB_SUCCESS 0 condorpool - 49
1644898868 individuals_ID0000019 POST_SCRIPT_STARTED 1440.0 condorpool - 49
1644898868 individuals_ID0000019 POST_SCRIPT_TERMINATED 1440.0 condorpool - 49
1644898873 individuals_ID0000019 POST_SCRIPT_SUCCESS 0 condorpool - 49
1644898872 individuals_ID0000010 JOB_TERMINATED 1441.0 condorpool - 50
1644898873 individuals_ID0000010 JOB_SUCCESS 0 condorpool - 50
1644898873 individuals_ID0000010 POST_SCRIPT_STARTED 1441.0 condorpool - 50
1644898874 individuals_ID0000010 POST_SCRIPT_TERMINATED 1441.0 condorpool - 50
1644898878 individuals_ID0000010 POST_SCRIPT_SUCCESS 0 condorpool - 50
1644898874 individuals_ID0000050 JOB_TERMINATED 1442.0 condorpool - 51
1644898878 individuals_ID0000050 JOB_SUCCESS 0 condorpool - 51
1644898878 individuals_ID0000050 POST_SCRIPT_STARTED 1442.0 condorpool - 51
1644898875 individuals_ID0000014 JOB_TERMINATED 1439.0 condorpool - 48
1644898878 individuals_ID0000014 JOB_SUCCESS 0 condorpool - 48
1644898878 individuals_ID0000014 POST_SCRIPT_STARTED 1439.0 condorpool - 48
1644898878 individuals_ID0000014 POST_SCRIPT_TERMINATED 1439.0 condorpool - 48
1644898883 individuals_ID0000014 POST_SCRIPT_SUCCESS 0 condorpool - 48
1644898878 individuals_ID0000050 POST_SCRIPT_TERMINATED 1442.0 condorpool - 51
1644898883 individuals_ID0000050 POST_SCRIPT_SUCCESS 0 condorpool - 51
1644898879 individuals_ID0000037 JOB_TERMINATED 1403.0 condorpool - 12
1644898883 individuals_ID0000037 JOB_SUCCESS 0 condorpool - 12
1644898883 individuals_ID0000037 POST_SCRIPT_STARTED 1403.0 condorpool - 12
1644898880 individuals_ID0000034 JOB_TERMINATED 1407.0 condorpool - 16
1644898883 individuals_ID0000034 JOB_SUCCESS 0 condorpool - 16
1644898883 individuals_ID0000034 POST_SCRIPT_STARTED 1407.0 condorpool - 16
1644898880 individuals_ID0000036 JOB_TERMINATED 1409.0 condorpool - 18
1644898883 individuals_ID0000036 JOB_SUCCESS 0 condorpool - 18
1644898883 individuals_ID0000036 POST_SCRIPT_STARTED 1409.0 condorpool - 18
1644898883 individuals_ID0000034 POST_SCRIPT_TERMINATED 1407.0 condorpool - 16
1644898888 individuals_ID0000034 POST_SCRIPT_SUCCESS 0 condorpool - 16
1644898883 individuals_ID0000036 POST_SCRIPT_TERMINATED 1409.0 condorpool - 18
1644898888 individuals_ID0000036 POST_SCRIPT_SUCCESS 0 condorpool - 18
1644898883 individuals_ID0000037 POST_SCRIPT_TERMINATED 1403.0 condorpool - 12
1644898888 individuals_ID0000037 POST_SCRIPT_SUCCESS 0 condorpool - 12
1644898889 individuals_ID0000035 JOB_TERMINATED 1408.0 condorpool - 17
1644898893 individuals_ID0000035 JOB_SUCCESS 0 condorpool - 17
1644898893 individuals_ID0000035 POST_SCRIPT_STARTED 1408.0 condorpool - 17
1644898894 individuals_ID0000035 POST_SCRIPT_TERMINATED 1408.0 condorpool - 17
1644898898 individuals_ID0000035 POST_SCRIPT_SUCCESS 0 condorpool - 17
1644898910 individuals_ID0000030 JOB_TERMINATED 1410.0 condorpool - 19
1644898913 individuals_ID0000030 JOB_SUCCESS 0 condorpool - 19
1644898913 individuals_ID0000030 POST_SCRIPT_STARTED 1410.0 condorpool - 19
1644898913 individuals_ID0000030 POST_SCRIPT_TERMINATED 1410.0 condorpool - 19
1644898918 individuals_ID0000030 POST_SCRIPT_SUCCESS 0 condorpool - 19
1644898919 individuals_ID0000009 JOB_TERMINATED 1427.0 condorpool - 36
1644898923 individuals_ID0000009 JOB_SUCCESS 0 condorpool - 36
1644898923 individuals_ID0000009 POST_SCRIPT_STARTED 1427.0 condorpool - 36
1644898920 individuals_ID0000041 JOB_TERMINATED 1429.0 condorpool - 38
1644898923 individuals_ID0000041 JOB_SUCCESS 0 condorpool - 38
1644898923 individuals_ID0000041 POST_SCRIPT_STARTED 1429.0 condorpool - 38
1644898920 individuals_ID0000040 JOB_TERMINATED 1428.0 condorpool - 37
1644898923 individuals_ID0000040 JOB_SUCCESS 0 condorpool - 37
1644898923 individuals_ID0000040 POST_SCRIPT_STARTED 1428.0 condorpool - 37
1644898922 individuals_ID0000042 JOB_TERMINATED 1430.0 condorpool - 39
1644898923 individuals_ID0000042 JOB_SUCCESS 0 condorpool - 39
1644898923 individuals_ID0000042 POST_SCRIPT_STARTED 1430.0 condorpool - 39
1644898923 individuals_ID0000040 POST_SCRIPT_TERMINATED 1428.0 condorpool - 37
1644898928 individuals_ID0000040 POST_SCRIPT_SUCCESS 0 condorpool - 37
1644898923 individuals_ID0000042 POST_SCRIPT_TERMINATED 1430.0 condorpool - 39
1644898928 individuals_ID0000042 POST_SCRIPT_SUCCESS 0 condorpool - 39
1644898923 individuals_ID0000009 POST_SCRIPT_TERMINATED 1427.0 condorpool - 36
1644898928 individuals_ID0000009 POST_SCRIPT_SUCCESS 0 condorpool - 36
1644898924 individuals_ID0000041 POST_SCRIPT_TERMINATED 1429.0 condorpool - 38
1644898928 individuals_ID0000041 POST_SCRIPT_SUCCESS 0 condorpool - 38
1644898940 individuals_ID0000038 JOB_TERMINATED 1404.0 condorpool - 13
1644898943 individuals_ID0000038 JOB_SUCCESS 0 condorpool - 13
1644898943 individuals_ID0000038 POST_SCRIPT_STARTED 1404.0 condorpool - 13
1644898943 individuals_ID0000038 POST_SCRIPT_TERMINATED 1404.0 condorpool - 13
1644898948 individuals_ID0000038 POST_SCRIPT_SUCCESS 0 condorpool - 13
1644898944 individuals_ID0000039 JOB_TERMINATED 1405.0 condorpool - 14
1644898948 individuals_ID0000039 JOB_SUCCESS 0 condorpool - 14
1644898948 individuals_ID0000039 POST_SCRIPT_STARTED 1405.0 condorpool - 14
1644898945 individuals_ID0000024 JOB_TERMINATED 1449.0 condorpool - 58
1644898948 individuals_ID0000024 JOB_SUCCESS 0 condorpool - 58
1644898948 individuals_ID0000024 POST_SCRIPT_STARTED 1449.0 condorpool - 58
1644898948 individuals_ID0000024 POST_SCRIPT_TERMINATED 1449.0 condorpool - 58
1644898953 individuals_ID0000024 POST_SCRIPT_SUCCESS 0 condorpool - 58
1644898948 individuals_ID0000039 POST_SCRIPT_TERMINATED 1405.0 condorpool - 14
1644898953 individuals_ID0000039 POST_SCRIPT_SUCCESS 0 condorpool - 14
1644898955 individuals_ID0000025 JOB_TERMINATED 1450.0 condorpool - 59
1644898958 individuals_ID0000025 JOB_SUCCESS 0 condorpool - 59
1644898958 individuals_ID0000025 POST_SCRIPT_STARTED 1450.0 condorpool - 59
1644898959 individuals_ID0000025 POST_SCRIPT_TERMINATED 1450.0 condorpool - 59
1644898963 individuals_ID0000025 POST_SCRIPT_SUCCESS 0 condorpool - 59
1644898962 individuals_ID0000023 JOB_TERMINATED 1448.0 condorpool - 57
1644898963 individuals_ID0000023 JOB_SUCCESS 0 condorpool - 57
1644898963 individuals_ID0000023 POST_SCRIPT_STARTED 1448.0 condorpool - 57
1644898963 individuals_ID0000033 JOB_TERMINATED 1406.0 condorpool - 15
1644898968 individuals_ID0000033 JOB_SUCCESS 0 condorpool - 15
1644898968 individuals_ID0000033 POST_SCRIPT_STARTED 1406.0 condorpool - 15
1644898963 individuals_ID0000023 POST_SCRIPT_TERMINATED 1448.0 condorpool - 57
1644898968 individuals_ID0000023 POST_SCRIPT_SUCCESS 0 condorpool - 57
1644898963 individuals_ID0000022 JOB_TERMINATED 1447.0 condorpool - 56
1644898968 individuals_ID0000022 JOB_SUCCESS 0 condorpool - 56
1644898968 individuals_ID0000022 POST_SCRIPT_STARTED 1447.0 condorpool - 56
1644898968 individuals_ID0000022 POST_SCRIPT_TERMINATED 1447.0 condorpool - 56
1644898973 individuals_ID0000022 POST_SCRIPT_SUCCESS 0 condorpool - 56
1644898968 individuals_ID0000033 POST_SCRIPT_TERMINATED 1406.0 condorpool - 15
1644898973 individuals_ID0000033 POST_SCRIPT_SUCCESS 0 condorpool - 15
1644898982 individuals_ID0000027 JOB_TERMINATED 1444.0 condorpool - 53
1644898983 individuals_ID0000027 JOB_SUCCESS 0 condorpool - 53
1644898983 individuals_ID0000027 POST_SCRIPT_STARTED 1444.0 condorpool - 53
1644898984 individuals_ID0000027 POST_SCRIPT_TERMINATED 1444.0 condorpool - 53
1644898988 individuals_ID0000027 POST_SCRIPT_SUCCESS 0 condorpool - 53
1644898986 individuals_ID0000028 JOB_TERMINATED 1445.0 condorpool - 54
1644898988 individuals_ID0000028 JOB_SUCCESS 0 condorpool - 54
1644898988 individuals_ID0000028 POST_SCRIPT_STARTED 1445.0 condorpool - 54
1644898986 individuals_ID0000026 JOB_TERMINATED 1443.0 condorpool - 52
1644898988 individuals_ID0000026 JOB_SUCCESS 0 condorpool - 52
1644898988 individuals_ID0000026 POST_SCRIPT_STARTED 1443.0 condorpool - 52
1644898988 individuals_ID0000028 POST_SCRIPT_TERMINATED 1445.0 condorpool - 54
1644898993 individuals_ID0000028 POST_SCRIPT_SUCCESS 0 condorpool - 54
1644898988 individuals_ID0000029 JOB_TERMINATED 1446.0 condorpool - 55
1644898993 individuals_ID0000029 JOB_SUCCESS 0 condorpool - 55
1644898993 individuals_ID0000029 POST_SCRIPT_STARTED 1446.0 condorpool - 55
1644898988 individuals_ID0000026 POST_SCRIPT_TERMINATED 1443.0 condorpool - 52
1644898993 individuals_ID0000026 POST_SCRIPT_SUCCESS 0 condorpool - 52
1644898993 individuals_ID0000029 POST_SCRIPT_TERMINATED 1446.0 condorpool - 55
1644898998 individuals_ID0000029 POST_SCRIPT_SUCCESS 0 condorpool - 55
1644899142 individuals_ID0000020 JOB_TERMINATED 1451.0 condorpool - 60
1644899144 individuals_ID0000020 JOB_SUCCESS 0 condorpool - 60
1644899144 individuals_ID0000020 POST_SCRIPT_STARTED 1451.0 condorpool - 60
1644899144 individuals_ID0000020 POST_SCRIPT_TERMINATED 1451.0 condorpool - 60
1644899149 individuals_ID0000020 POST_SCRIPT_SUCCESS 0 condorpool - 60
1644899436 individuals_ID0000021 JOB_TERMINATED 1452.0 condorpool - 61
1644899439 individuals_ID0000021 JOB_SUCCESS 0 condorpool - 61
1644899439 individuals_ID0000021 POST_SCRIPT_STARTED 1452.0 condorpool - 61
1644899440 individuals_ID0000021 POST_SCRIPT_TERMINATED 1452.0 condorpool - 61
1644899444 individuals_ID0000021 POST_SCRIPT_SUCCESS 0 condorpool - 61
1644899449 individuals_merge_ID0000051 SUBMIT 1454.0 condorpool - 63
1644899461 individuals_merge_ID0000051 EXECUTE 1454.0 condorpool - 63
1644903726 individuals_merge_ID0000051 JOB_TERMINATED 1454.0 condorpool - 63
1644903727 individuals_merge_ID0000051 JOB_SUCCESS 0 condorpool - 63
1644903727 individuals_merge_ID0000051 POST_SCRIPT_STARTED 1454.0 condorpool - 63
1644903727 individuals_merge_ID0000051 POST_SCRIPT_TERMINATED 1454.0 condorpool - 63
1644903732 individuals_merge_ID0000051 POST_SCRIPT_SUCCESS 0 condorpool - 63
1644903737 frequency_ID0000060 SUBMIT 1455.0 condorpool - 64
1644903737 frequency_ID0000062 SUBMIT 1456.0 condorpool - 65
1644903737 mutation_overlap_ID0000053 SUBMIT 1457.0 condorpool - 66
1644903738 frequency_ID0000058 SUBMIT 1458.0 condorpool - 67
1644903738 mutation_overlap_ID0000063 SUBMIT 1459.0 condorpool - 68
1644903743 mutation_overlap_ID0000055 SUBMIT 1460.0 condorpool - 69
1644903743 mutation_overlap_ID0000065 SUBMIT 1461.0 condorpool - 70
1644903743 frequency_ID0000064 SUBMIT 1462.0 condorpool - 71
1644903743 frequency_ID0000054 SUBMIT 1463.0 condorpool - 72
1644903743 frequency_ID0000066 SUBMIT 1464.0 condorpool - 73
1644903744 mutation_overlap_ID0000063 EXECUTE 1459.0 condorpool - 68
1644903745 frequency_ID0000062 EXECUTE 1456.0 condorpool - 65
1644903745 frequency_ID0000058 EXECUTE 1458.0 condorpool - 67
1644903745 frequency_ID0000060 EXECUTE 1455.0 condorpool - 64
1644903745 mutation_overlap_ID0000053 EXECUTE 1457.0 condorpool - 66
1644903748 frequency_ID0000056 SUBMIT 1465.0 condorpool - 74
1644903748 mutation_overlap_ID0000061 SUBMIT 1466.0 condorpool - 75
1644903748 mutation_overlap_ID0000057 SUBMIT 1467.0 condorpool - 76
1644903748 mutation_overlap_ID0000059 SUBMIT 1468.0 condorpool - 77
1644903765 mutation_overlap_ID0000055 EXECUTE 1460.0 condorpool - 69
1644903765 frequency_ID0000056 EXECUTE 1465.0 condorpool - 74
1644903765 mutation_overlap_ID0000059 EXECUTE 1468.0 condorpool - 77
1644903765 frequency_ID0000064 EXECUTE 1462.0 condorpool - 71
1644903765 mutation_overlap_ID0000061 EXECUTE 1466.0 condorpool - 75
1644903765 mutation_overlap_ID0000065 EXECUTE 1461.0 condorpool - 70
1644903765 mutation_overlap_ID0000057 EXECUTE 1467.0 condorpool - 76
1644903765 frequency_ID0000054 EXECUTE 1463.0 condorpool - 72
1644903765 frequency_ID0000066 EXECUTE 1464.0 condorpool - 73
1644903939 mutation_overlap_ID0000063 JOB_TERMINATED 1459.0 condorpool - 68
1644903943 mutation_overlap_ID0000063 JOB_SUCCESS 0 condorpool - 68
1644903943 mutation_overlap_ID0000063 POST_SCRIPT_STARTED 1459.0 condorpool - 68
1644903943 mutation_overlap_ID0000063 POST_SCRIPT_TERMINATED 1459.0 condorpool - 68
1644903948 mutation_overlap_ID0000063 POST_SCRIPT_SUCCESS 0 condorpool - 68
1644903951 mutation_overlap_ID0000053 JOB_TERMINATED 1457.0 condorpool - 66
1644903953 mutation_overlap_ID0000053 JOB_SUCCESS 0 condorpool - 66
1644903953 mutation_overlap_ID0000053 POST_SCRIPT_STARTED 1457.0 condorpool - 66
1644903954 mutation_overlap_ID0000053 POST_SCRIPT_TERMINATED 1457.0 condorpool - 66
1644903959 mutation_overlap_ID0000053 POST_SCRIPT_SUCCESS 0 condorpool - 66
1644903961 mutation_overlap_ID0000065 JOB_TERMINATED 1461.0 condorpool - 70
1644903964 mutation_overlap_ID0000065 JOB_SUCCESS 0 condorpool - 70
1644903964 mutation_overlap_ID0000065 POST_SCRIPT_STARTED 1461.0 condorpool - 70
1644903964 mutation_overlap_ID0000065 POST_SCRIPT_TERMINATED 1461.0 condorpool - 70
1644903969 mutation_overlap_ID0000065 POST_SCRIPT_SUCCESS 0 condorpool - 70
1644903966 mutation_overlap_ID0000059 JOB_TERMINATED 1468.0 condorpool - 77
1644903969 mutation_overlap_ID0000059 JOB_SUCCESS 0 condorpool - 77
1644903969 mutation_overlap_ID0000059 POST_SCRIPT_STARTED 1468.0 condorpool - 77
1644903967 mutation_overlap_ID0000055 JOB_TERMINATED 1460.0 condorpool - 69
1644903969 mutation_overlap_ID0000055 JOB_SUCCESS 0 condorpool - 69
1644903969 mutation_overlap_ID0000055 POST_SCRIPT_STARTED 1460.0 condorpool - 69
1644903968 mutation_overlap_ID0000061 JOB_TERMINATED 1466.0 condorpool - 75
1644903969 mutation_overlap_ID0000061 JOB_SUCCESS 0 condorpool - 75
1644903969 mutation_overlap_ID0000061 POST_SCRIPT_STARTED 1466.0 condorpool - 75
1644903969 mutation_overlap_ID0000055 POST_SCRIPT_TERMINATED 1460.0 condorpool - 69
1644903974 mutation_overlap_ID0000055 POST_SCRIPT_SUCCESS 0 condorpool - 69
1644903969 mutation_overlap_ID0000059 POST_SCRIPT_TERMINATED 1468.0 condorpool - 77
1644903974 mutation_overlap_ID0000059 POST_SCRIPT_SUCCESS 0 condorpool - 77
1644903969 mutation_overlap_ID0000061 POST_SCRIPT_TERMINATED 1466.0 condorpool - 75
1644903974 mutation_overlap_ID0000061 POST_SCRIPT_SUCCESS 0 condorpool - 75
1644904034 mutation_overlap_ID0000057 JOB_TERMINATED 1467.0 condorpool - 76
1644904034 mutation_overlap_ID0000057 JOB_SUCCESS 0 condorpool - 76
1644904034 mutation_overlap_ID0000057 POST_SCRIPT_STARTED 1467.0 condorpool - 76
1644904034 mutation_overlap_ID0000057 POST_SCRIPT_TERMINATED 1467.0 condorpool - 76
1644904039 mutation_overlap_ID0000057 POST_SCRIPT_SUCCESS 0 condorpool - 76
1644904511 frequency_ID0000064 JOB_TERMINATED 1462.0 condorpool - 71
1644904515 frequency_ID0000064 JOB_SUCCESS 0 condorpool - 71
1644904515 frequency_ID0000064 POST_SCRIPT_STARTED 1462.0 condorpool - 71
1644904515 frequency_ID0000064 POST_SCRIPT_TERMINATED 1462.0 condorpool - 71
1644904520 frequency_ID0000064 POST_SCRIPT_SUCCESS 0 condorpool - 71
1644904569 frequency_ID0000066 JOB_TERMINATED 1464.0 condorpool - 73
1644904570 frequency_ID0000066 JOB_SUCCESS 0 condorpool - 73
1644904570 frequency_ID0000066 POST_SCRIPT_STARTED 1464.0 condorpool - 73
1644904571 frequency_ID0000066 POST_SCRIPT_TERMINATED 1464.0 condorpool - 73
1644904575 frequency_ID0000066 POST_SCRIPT_SUCCESS 0 condorpool - 73
1644904580 frequency_ID0000060 JOB_TERMINATED 1455.0 condorpool - 64
1644904580 frequency_ID0000060 JOB_SUCCESS 0 condorpool - 64
1644904580 frequency_ID0000060 POST_SCRIPT_STARTED 1455.0 condorpool - 64
1644904580 frequency_ID0000060 POST_SCRIPT_TERMINATED 1455.0 condorpool - 64
1644904585 frequency_ID0000060 POST_SCRIPT_SUCCESS 0 condorpool - 64
1644904643 frequency_ID0000062 JOB_TERMINATED 1456.0 condorpool - 65
1644904645 frequency_ID0000062 JOB_SUCCESS 0 condorpool - 65
1644904645 frequency_ID0000062 POST_SCRIPT_STARTED 1456.0 condorpool - 65
1644904646 frequency_ID0000062 POST_SCRIPT_TERMINATED 1456.0 condorpool - 65
1644904650 frequency_ID0000062 POST_SCRIPT_SUCCESS 0 condorpool - 65
1644904668 frequency_ID0000056 JOB_TERMINATED 1465.0 condorpool - 74
1644904670 frequency_ID0000056 JOB_SUCCESS 0 condorpool - 74
1644904670 frequency_ID0000056 POST_SCRIPT_STARTED 1465.0 condorpool - 74
1644904670 frequency_ID0000056 POST_SCRIPT_TERMINATED 1465.0 condorpool - 74
1644904675 frequency_ID0000056 POST_SCRIPT_SUCCESS 0 condorpool - 74
1644904700 frequency_ID0000058 JOB_TERMINATED 1458.0 condorpool - 67
1644904700 frequency_ID0000058 JOB_SUCCESS 0 condorpool - 67
1644904700 frequency_ID0000058 POST_SCRIPT_STARTED 1458.0 condorpool - 67
1644904701 frequency_ID0000058 POST_SCRIPT_TERMINATED 1458.0 condorpool - 67
1644904705 frequency_ID0000058 POST_SCRIPT_SUCCESS 0 condorpool - 67
1644904710 stage_out_local_local_2_1 SUBMIT 1469.0 local - 78
1644904710 stage_out_local_local_2_1 EXECUTE 1469.0 local - 78
1644904714 stage_out_local_local_2_1 JOB_TERMINATED 1469.0 local - 78
1644904715 stage_out_local_local_2_1 JOB_SUCCESS 0 local - 78
1644904715 stage_out_local_local_2_1 POST_SCRIPT_STARTED 1469.0 local - 78
1644904715 stage_out_local_local_2_1 POST_SCRIPT_TERMINATED 1469.0 local - 78
1644904720 stage_out_local_local_2_1 POST_SCRIPT_SUCCESS 0 local - 78
1644904767 frequency_ID0000054 JOB_TERMINATED 1463.0 condorpool - 72
1644904770 frequency_ID0000054 JOB_SUCCESS 0 condorpool - 72
1644904770 frequency_ID0000054 POST_SCRIPT_STARTED 1463.0 condorpool - 72
1644904771 frequency_ID0000054 POST_SCRIPT_TERMINATED 1463.0 condorpool - 72
1644904775 frequency_ID0000054 POST_SCRIPT_SUCCESS 0 condorpool - 72
1644904780 stage_out_local_local_2_0 SUBMIT 1470.0 local - 79
1644904780 stage_out_local_local_2_0 EXECUTE 1470.0 local - 79
1644904784 stage_out_local_local_2_0 JOB_TERMINATED 1470.0 local - 79
1644904785 stage_out_local_local_2_0 JOB_SUCCESS 0 local - 79
1644904785 stage_out_local_local_2_0 POST_SCRIPT_STARTED 1470.0 local - 79
1644904785 stage_out_local_local_2_0 POST_SCRIPT_TERMINATED 1470.0 local - 79
1644904790 stage_out_local_local_2_0 POST_SCRIPT_SUCCESS 0 local - 79
1644904795 cleanup_1000-genome_0_local SUBMIT 1471.0 local - 80
1644904795 cleanup_1000-genome_0_local EXECUTE 1471.0 local - 80
1644904797 cleanup_1000-genome_0_local JOB_TERMINATED 1471.0 local - 80
1644904800 cleanup_1000-genome_0_local JOB_SUCCESS 0 local - 80
1644904800 cleanup_1000-genome_0_local POST_SCRIPT_STARTED 1471.0 local - 80
1644904800 cleanup_1000-genome_0_local POST_SCRIPT_TERMINATED 1471.0 local - 80
1644904805 cleanup_1000-genome_0_local POST_SCRIPT_SUCCESS 0 local - 80
1644904805 INTERNAL *** DAGMAN_FINISHED 0 ***
1644904806 INTERNAL *** MONITORD_FINISHED 0 ***
