1645920850 INTERNAL *** MONITORD_STARTED ***
1645920849 INTERNAL *** DAGMAN_STARTED 2900.0 ***
1645920853 create_dir_1000-genome_0_local SUBMIT 2901.0 local - 241
1645920854 create_dir_1000-genome_0_local EXECUTE 2901.0 local - 241
1645920856 create_dir_1000-genome_0_local JOB_TERMINATED 2901.0 local - 241
1645920858 create_dir_1000-genome_0_local JOB_SUCCESS 0 local - 241
1645920858 create_dir_1000-genome_0_local POST_SCRIPT_STARTED 2901.0 local - 241
1645920858 create_dir_1000-genome_0_local POST_SCRIPT_TERMINATED 2901.0 local - 241
1645920863 create_dir_1000-genome_0_local POST_SCRIPT_SUCCESS 0 local - 241
1645920868 stage_in_remote_local_2_0 SUBMIT 2902.0 local - 242
1645920868 stage_in_remote_local_2_0 EXECUTE 2902.0 local - 242
1645920868 stage_in_remote_local_1_0 SUBMIT 2903.0 local - 243
1645920868 stage_in_remote_local_0_0 SUBMIT 2904.0 local - 244
1645920868 stage_in_local_local_0_0 SUBMIT 2905.0 local - 245
1645920868 stage_in_local_local_2_0 SUBMIT 2906.0 local - 246
1645920870 stage_in_remote_local_2_0 JOB_TERMINATED 2902.0 local - 242
1645920874 stage_in_remote_local_2_0 JOB_SUCCESS 0 local - 242
1645920874 stage_in_remote_local_2_0 POST_SCRIPT_STARTED 2902.0 local - 242
1645920871 stage_in_local_local_2_0 EXECUTE 2906.0 local - 246
1645920871 stage_in_local_local_0_0 EXECUTE 2905.0 local - 245
1645920871 stage_in_remote_local_0_0 EXECUTE 2904.0 local - 244
1645920871 stage_in_remote_local_1_0 EXECUTE 2903.0 local - 243
1645920873 stage_in_remote_local_1_0 JOB_TERMINATED 2903.0 local - 243
1645920874 stage_in_remote_local_1_0 JOB_SUCCESS 0 local - 243
1645920874 stage_in_remote_local_1_0 POST_SCRIPT_STARTED 2903.0 local - 243
1645920873 stage_in_local_local_0_0 JOB_TERMINATED 2905.0 local - 245
1645920874 stage_in_local_local_0_0 JOB_SUCCESS 0 local - 245
1645920874 stage_in_local_local_0_0 POST_SCRIPT_STARTED 2905.0 local - 245
1645920873 stage_in_remote_local_0_0 JOB_TERMINATED 2904.0 local - 244
1645920874 stage_in_remote_local_0_0 JOB_SUCCESS 0 local - 244
1645920874 stage_in_remote_local_0_0 POST_SCRIPT_STARTED 2904.0 local - 244
1645920873 stage_in_remote_local_0_1 SUBMIT 2907.0 local - 247
1645920873 stage_in_remote_local_0_1 EXECUTE 2907.0 local - 247
1645920873 stage_in_local_local_0_1 SUBMIT 2908.0 local - 248
1645920873 stage_in_local_local_0_1 EXECUTE 2908.0 local - 248
1645920873 stage_in_local_local_2_1 SUBMIT 2909.0 local - 249
1645920874 stage_in_local_local_2_1 EXECUTE 2909.0 local - 249
1645920874 stage_in_remote_local_2_1 SUBMIT 2910.0 local - 250
1645920874 stage_in_local_local_0_2 SUBMIT 2911.0 local - 251
1645920874 stage_in_remote_local_2_0 POST_SCRIPT_TERMINATED 2902.0 local - 242
1645920879 stage_in_remote_local_2_0 POST_SCRIPT_SUCCESS 0 local - 242
1645920874 stage_in_remote_local_0_0 POST_SCRIPT_TERMINATED 2904.0 local - 244
1645920879 stage_in_remote_local_0_0 POST_SCRIPT_SUCCESS 0 local - 244
1645920874 stage_in_remote_local_1_0 POST_SCRIPT_TERMINATED 2903.0 local - 243
1645920879 stage_in_remote_local_1_0 POST_SCRIPT_SUCCESS 0 local - 243
1645920874 stage_in_local_local_0_0 POST_SCRIPT_TERMINATED 2905.0 local - 245
1645920879 stage_in_local_local_0_0 POST_SCRIPT_SUCCESS 0 local - 245
1645920875 stage_in_local_local_2_0 JOB_TERMINATED 2906.0 local - 246
1645920879 stage_in_local_local_2_0 JOB_SUCCESS 0 local - 246
1645920879 stage_in_local_local_2_0 POST_SCRIPT_STARTED 2906.0 local - 246
1645920875 stage_in_local_local_0_2 EXECUTE 2911.0 local - 251
1645920875 stage_in_remote_local_2_1 EXECUTE 2910.0 local - 250
1645920876 stage_in_remote_local_0_1 JOB_TERMINATED 2907.0 local - 247
1645920879 stage_in_remote_local_0_1 JOB_SUCCESS 0 local - 247
1645920879 stage_in_remote_local_0_1 POST_SCRIPT_STARTED 2907.0 local - 247
1645920876 stage_in_local_local_0_1 JOB_TERMINATED 2908.0 local - 248
1645920879 stage_in_local_local_0_1 JOB_SUCCESS 0 local - 248
1645920879 stage_in_local_local_0_1 POST_SCRIPT_STARTED 2908.0 local - 248
1645920877 stage_in_remote_local_2_1 JOB_TERMINATED 2910.0 local - 250
1645920879 stage_in_remote_local_2_1 JOB_SUCCESS 0 local - 250
1645920879 stage_in_remote_local_2_1 POST_SCRIPT_STARTED 2910.0 local - 250
1645920877 stage_in_local_local_0_2 JOB_TERMINATED 2911.0 local - 251
1645920879 stage_in_local_local_0_2 JOB_SUCCESS 0 local - 251
1645920879 stage_in_local_local_0_2 POST_SCRIPT_STARTED 2911.0 local - 251
1645920878 stage_in_local_local_2_1 JOB_TERMINATED 2909.0 local - 249
1645920879 stage_in_local_local_2_1 JOB_SUCCESS 0 local - 249
1645920879 stage_in_local_local_2_1 POST_SCRIPT_STARTED 2909.0 local - 249
1645920879 stage_in_local_local_0_2 POST_SCRIPT_TERMINATED 2911.0 local - 251
1645920884 stage_in_local_local_0_2 POST_SCRIPT_SUCCESS 0 local - 251
1645920879 stage_in_local_local_2_1 POST_SCRIPT_TERMINATED 2909.0 local - 249
1645920884 stage_in_local_local_2_1 POST_SCRIPT_SUCCESS 0 local - 249
1645920879 stage_in_remote_local_2_1 POST_SCRIPT_TERMINATED 2910.0 local - 250
1645920884 stage_in_remote_local_2_1 POST_SCRIPT_SUCCESS 0 local - 250
1645920879 stage_in_remote_local_0_1 POST_SCRIPT_TERMINATED 2907.0 local - 247
1645920884 stage_in_remote_local_0_1 POST_SCRIPT_SUCCESS 0 local - 247
1645920879 stage_in_local_local_0_1 POST_SCRIPT_TERMINATED 2908.0 local - 248
1645920884 stage_in_local_local_0_1 POST_SCRIPT_SUCCESS 0 local - 248
1645920879 stage_in_local_local_2_0 POST_SCRIPT_TERMINATED 2906.0 local - 246
1645920884 stage_in_local_local_2_0 POST_SCRIPT_SUCCESS 0 local - 246
1645920889 sifting_ID0000052 SUBMIT 2912.0 condorpool - 252
1645920889 individuals_ID0000037 SUBMIT 2913.0 condorpool - 253
1645920889 individuals_ID0000038 SUBMIT 2914.0 condorpool - 254
1645920889 individuals_ID0000039 SUBMIT 2915.0 condorpool - 255
1645920889 individuals_ID0000033 SUBMIT 2916.0 condorpool - 256
1645920895 individuals_ID0000034 SUBMIT 2917.0 condorpool - 257
1645920895 individuals_ID0000035 SUBMIT 2918.0 condorpool - 258
1645920895 individuals_ID0000036 SUBMIT 2919.0 condorpool - 259
1645920895 individuals_ID0000030 SUBMIT 2920.0 condorpool - 260
1645920895 individuals_ID0000031 SUBMIT 2921.0 condorpool - 261
1645920900 individuals_ID0000032 SUBMIT 2922.0 condorpool - 262
1645920900 individuals_ID0000004 SUBMIT 2923.0 condorpool - 263
1645920900 individuals_ID0000048 SUBMIT 2924.0 condorpool - 264
1645920900 individuals_ID0000005 SUBMIT 2925.0 condorpool - 265
1645920900 individuals_ID0000049 SUBMIT 2926.0 condorpool - 266
1645920905 individuals_ID0000006 SUBMIT 2927.0 condorpool - 267
1645920905 individuals_ID0000007 SUBMIT 2928.0 condorpool - 268
1645920905 individuals_ID0000044 SUBMIT 2929.0 condorpool - 269
1645920905 individuals_ID0000001 SUBMIT 2930.0 condorpool - 270
1645920905 individuals_ID0000045 SUBMIT 2931.0 condorpool - 271
1645920910 sifting_ID0000052 EXECUTE 2912.0 condorpool - 252
1645920910 individuals_ID0000002 SUBMIT 2932.0 condorpool - 272
1645920910 individuals_ID0000046 SUBMIT 2933.0 condorpool - 273
1645920910 individuals_ID0000003 SUBMIT 2934.0 condorpool - 274
1645920910 individuals_ID0000047 SUBMIT 2935.0 condorpool - 275
1645920910 individuals_ID0000008 SUBMIT 2936.0 condorpool - 276
1645920914 sifting_ID0000052 JOB_TERMINATED 2912.0 condorpool - 252
1645920916 sifting_ID0000052 JOB_SUCCESS 0 condorpool - 252
1645920916 sifting_ID0000052 POST_SCRIPT_STARTED 2912.0 condorpool - 252
1645920915 individuals_ID0000009 SUBMIT 2937.0 condorpool - 277
1645920915 individuals_ID0000040 SUBMIT 2938.0 condorpool - 278
1645920915 individuals_ID0000041 SUBMIT 2939.0 condorpool - 279
1645920915 individuals_ID0000042 SUBMIT 2940.0 condorpool - 280
1645920916 individuals_ID0000043 SUBMIT 2941.0 condorpool - 281
1645920916 sifting_ID0000052 POST_SCRIPT_TERMINATED 2912.0 condorpool - 252
1645920921 sifting_ID0000052 POST_SCRIPT_SUCCESS 0 condorpool - 252
1645920921 individuals_ID0000015 SUBMIT 2942.0 condorpool - 282
1645920921 individuals_ID0000016 SUBMIT 2943.0 condorpool - 283
1645920921 individuals_ID0000017 SUBMIT 2944.0 condorpool - 284
1645920921 individuals_ID0000018 SUBMIT 2945.0 condorpool - 285
1645920921 individuals_ID0000011 SUBMIT 2946.0 condorpool - 286
1645920924 individuals_ID0000038 EXECUTE 2914.0 condorpool - 254
1645920925 individuals_ID0000037 EXECUTE 2913.0 condorpool - 253
1645920926 individuals_ID0000012 SUBMIT 2947.0 condorpool - 287
1645920926 individuals_ID0000013 SUBMIT 2948.0 condorpool - 288
1645920926 individuals_ID0000014 SUBMIT 2949.0 condorpool - 289
1645920926 individuals_ID0000019 SUBMIT 2950.0 condorpool - 290
1645920926 individuals_ID0000010 SUBMIT 2951.0 condorpool - 291
1645920928 individuals_ID0000035 EXECUTE 2918.0 condorpool - 258
1645920929 individuals_ID0000032 EXECUTE 2922.0 condorpool - 262
1645920929 individuals_ID0000031 EXECUTE 2921.0 condorpool - 261
1645920930 individuals_ID0000034 EXECUTE 2917.0 condorpool - 257
1645920930 individuals_ID0000033 EXECUTE 2916.0 condorpool - 256
1645920931 individuals_ID0000050 SUBMIT 2952.0 condorpool - 292
1645920931 individuals_ID0000026 SUBMIT 2953.0 condorpool - 293
1645920931 individuals_ID0000030 EXECUTE 2920.0 condorpool - 260
1645920931 individuals_ID0000027 SUBMIT 2954.0 condorpool - 294
1645920931 individuals_ID0000039 EXECUTE 2915.0 condorpool - 255
1645920931 individuals_ID0000028 SUBMIT 2955.0 condorpool - 295
1645920931 individuals_ID0000029 SUBMIT 2956.0 condorpool - 296
1645920932 individuals_ID0000004 EXECUTE 2923.0 condorpool - 263
1645920933 individuals_ID0000048 EXECUTE 2924.0 condorpool - 264
1645920936 individuals_ID0000036 EXECUTE 2919.0 condorpool - 259
1645920937 individuals_ID0000022 SUBMIT 2957.0 condorpool - 297
1645920937 individuals_ID0000023 SUBMIT 2958.0 condorpool - 298
1645920937 individuals_ID0000024 SUBMIT 2959.0 condorpool - 299
1645920937 individuals_ID0000025 SUBMIT 2960.0 condorpool - 300
1645920937 individuals_ID0000020 SUBMIT 2961.0 condorpool - 301
1645920942 individuals_ID0000021 SUBMIT 2962.0 condorpool - 302
1645921643 individuals_ID0000032 JOB_TERMINATED 2922.0 condorpool - 262
1645921647 individuals_ID0000032 JOB_SUCCESS 0 condorpool - 262
1645921647 individuals_ID0000032 POST_SCRIPT_STARTED 2922.0 condorpool - 262
1645921645 individuals_ID0000004 JOB_TERMINATED 2923.0 condorpool - 263
1645921647 individuals_ID0000004 JOB_SUCCESS 0 condorpool - 263
1645921647 individuals_ID0000004 POST_SCRIPT_STARTED 2923.0 condorpool - 263
1645921647 individuals_ID0000005 EXECUTE 2925.0 condorpool - 265
1645921648 individuals_ID0000032 POST_SCRIPT_TERMINATED 2922.0 condorpool - 262
1645921652 individuals_ID0000032 POST_SCRIPT_SUCCESS 0 condorpool - 262
1645921648 individuals_ID0000004 POST_SCRIPT_TERMINATED 2923.0 condorpool - 263
1645921652 individuals_ID0000004 POST_SCRIPT_SUCCESS 0 condorpool - 263
1645921648 individuals_ID0000031 JOB_TERMINATED 2921.0 condorpool - 261
1645921652 individuals_ID0000031 JOB_SUCCESS 0 condorpool - 261
1645921652 individuals_ID0000031 POST_SCRIPT_STARTED 2921.0 condorpool - 261
1645921650 individuals_ID0000049 EXECUTE 2926.0 condorpool - 266
1645921652 individuals_ID0000031 POST_SCRIPT_TERMINATED 2921.0 condorpool - 261
1645921657 individuals_ID0000031 POST_SCRIPT_SUCCESS 0 condorpool - 261
1645921654 individuals_ID0000006 EXECUTE 2927.0 condorpool - 267
1645921657 individuals_ID0000030 JOB_TERMINATED 2920.0 condorpool - 260
1645921662 individuals_ID0000030 JOB_SUCCESS 0 condorpool - 260
1645921662 individuals_ID0000030 POST_SCRIPT_STARTED 2920.0 condorpool - 260
1645921662 individuals_ID0000030 POST_SCRIPT_TERMINATED 2920.0 condorpool - 260
1645921667 individuals_ID0000030 POST_SCRIPT_SUCCESS 0 condorpool - 260
1645921663 individuals_ID0000007 EXECUTE 2928.0 condorpool - 268
1645921858 individuals_ID0000034 JOB_TERMINATED 2917.0 condorpool - 257
1645921863 individuals_ID0000034 JOB_SUCCESS 0 condorpool - 257
1645921863 individuals_ID0000034 POST_SCRIPT_STARTED 2917.0 condorpool - 257
1645921862 individuals_ID0000044 EXECUTE 2929.0 condorpool - 269
1645921863 individuals_ID0000034 POST_SCRIPT_TERMINATED 2917.0 condorpool - 257
1645921868 individuals_ID0000034 POST_SCRIPT_SUCCESS 0 condorpool - 257
1645921872 individuals_ID0000036 JOB_TERMINATED 2919.0 condorpool - 259
1645921873 individuals_ID0000036 JOB_SUCCESS 0 condorpool - 259
1645921873 individuals_ID0000036 POST_SCRIPT_STARTED 2919.0 condorpool - 259
1645921872 individuals_ID0000033 JOB_TERMINATED 2916.0 condorpool - 256
1645921873 individuals_ID0000033 JOB_SUCCESS 0 condorpool - 256
1645921873 individuals_ID0000033 POST_SCRIPT_STARTED 2916.0 condorpool - 256
1645921873 individuals_ID0000036 POST_SCRIPT_TERMINATED 2919.0 condorpool - 259
1645921878 individuals_ID0000036 POST_SCRIPT_SUCCESS 0 condorpool - 259
1645921873 individuals_ID0000033 POST_SCRIPT_TERMINATED 2916.0 condorpool - 256
1645921878 individuals_ID0000033 POST_SCRIPT_SUCCESS 0 condorpool - 256
1645921880 individuals_ID0000001 EXECUTE 2930.0 condorpool - 270
1645921880 individuals_ID0000045 EXECUTE 2931.0 condorpool - 271
1645921882 individuals_ID0000035 JOB_TERMINATED 2918.0 condorpool - 258
1645921883 individuals_ID0000035 JOB_SUCCESS 0 condorpool - 258
1645921883 individuals_ID0000035 POST_SCRIPT_STARTED 2918.0 condorpool - 258
1645921884 individuals_ID0000035 POST_SCRIPT_TERMINATED 2918.0 condorpool - 258
1645921888 individuals_ID0000035 POST_SCRIPT_SUCCESS 0 condorpool - 258
1645921888 individuals_ID0000002 EXECUTE 2932.0 condorpool - 272
1645921927 individuals_ID0000037 JOB_TERMINATED 2913.0 condorpool - 253
1645921928 individuals_ID0000037 JOB_SUCCESS 0 condorpool - 253
1645921928 individuals_ID0000037 POST_SCRIPT_STARTED 2913.0 condorpool - 253
1645921928 individuals_ID0000037 POST_SCRIPT_TERMINATED 2913.0 condorpool - 253
1645921933 individuals_ID0000037 POST_SCRIPT_SUCCESS 0 condorpool - 253
1645921931 individuals_ID0000046 EXECUTE 2933.0 condorpool - 273
1645921933 individuals_ID0000048 JOB_TERMINATED 2924.0 condorpool - 264
1645921938 individuals_ID0000048 JOB_SUCCESS 0 condorpool - 264
1645921938 individuals_ID0000048 POST_SCRIPT_STARTED 2924.0 condorpool - 264
1645921934 individuals_ID0000038 JOB_TERMINATED 2914.0 condorpool - 254
1645921938 individuals_ID0000038 JOB_SUCCESS 0 condorpool - 254
1645921938 individuals_ID0000038 POST_SCRIPT_STARTED 2914.0 condorpool - 254
1645921937 individuals_ID0000039 JOB_TERMINATED 2915.0 condorpool - 255
1645921938 individuals_ID0000039 JOB_SUCCESS 0 condorpool - 255
1645921938 individuals_ID0000039 POST_SCRIPT_STARTED 2915.0 condorpool - 255
1645921938 individuals_ID0000038 POST_SCRIPT_TERMINATED 2914.0 condorpool - 254
1645921943 individuals_ID0000038 POST_SCRIPT_SUCCESS 0 condorpool - 254
1645921938 individuals_ID0000048 POST_SCRIPT_TERMINATED 2924.0 condorpool - 264
1645921943 individuals_ID0000048 POST_SCRIPT_SUCCESS 0 condorpool - 264
1645921939 individuals_ID0000039 POST_SCRIPT_TERMINATED 2915.0 condorpool - 255
1645921943 individuals_ID0000039 POST_SCRIPT_SUCCESS 0 condorpool - 255
1645921942 individuals_ID0000003 EXECUTE 2934.0 condorpool - 274
1645921942 individuals_ID0000047 EXECUTE 2935.0 condorpool - 275
1645921945 individuals_ID0000008 EXECUTE 2936.0 condorpool - 276
1645922316 individuals_ID0000001 JOB_TERMINATED 2930.0 condorpool - 270
1645922318 individuals_ID0000001 JOB_SUCCESS 0 condorpool - 270
1645922318 individuals_ID0000001 POST_SCRIPT_STARTED 2930.0 condorpool - 270
1645922318 individuals_ID0000001 POST_SCRIPT_TERMINATED 2930.0 condorpool - 270
1645922323 individuals_ID0000001 POST_SCRIPT_SUCCESS 0 condorpool - 270
1645922334 individuals_ID0000009 EXECUTE 2937.0 condorpool - 277
1645922394 individuals_ID0000005 JOB_TERMINATED 2925.0 condorpool - 265
1645922398 individuals_ID0000005 JOB_SUCCESS 0 condorpool - 265
1645922398 individuals_ID0000005 POST_SCRIPT_STARTED 2925.0 condorpool - 265
1645922395 individuals_ID0000006 JOB_TERMINATED 2927.0 condorpool - 267
1645922398 individuals_ID0000006 JOB_SUCCESS 0 condorpool - 267
1645922398 individuals_ID0000006 POST_SCRIPT_STARTED 2927.0 condorpool - 267
1645922398 individuals_ID0000007 JOB_TERMINATED 2928.0 condorpool - 268
1645922398 individuals_ID0000007 JOB_SUCCESS 0 condorpool - 268
1645922398 individuals_ID0000007 POST_SCRIPT_STARTED 2928.0 condorpool - 268
1645922399 individuals_ID0000005 POST_SCRIPT_TERMINATED 2925.0 condorpool - 265
1645922403 individuals_ID0000005 POST_SCRIPT_SUCCESS 0 condorpool - 265
1645922399 individuals_ID0000006 POST_SCRIPT_TERMINATED 2927.0 condorpool - 267
1645922403 individuals_ID0000006 POST_SCRIPT_SUCCESS 0 condorpool - 267
1645922399 individuals_ID0000007 POST_SCRIPT_TERMINATED 2928.0 condorpool - 268
1645922403 individuals_ID0000007 POST_SCRIPT_SUCCESS 0 condorpool - 268
1645922399 individuals_ID0000049 JOB_TERMINATED 2926.0 condorpool - 266
1645922403 individuals_ID0000049 JOB_SUCCESS 0 condorpool - 266
1645922403 individuals_ID0000049 POST_SCRIPT_STARTED 2926.0 condorpool - 266
1645922403 individuals_ID0000049 POST_SCRIPT_TERMINATED 2926.0 condorpool - 266
1645922408 individuals_ID0000049 POST_SCRIPT_SUCCESS 0 condorpool - 266
1645922460 individuals_ID0000042 EXECUTE 2940.0 condorpool - 280
1645922461 individuals_ID0000040 EXECUTE 2938.0 condorpool - 278
1645922461 individuals_ID0000043 EXECUTE 2941.0 condorpool - 281
1645922461 individuals_ID0000041 EXECUTE 2939.0 condorpool - 279
1645922825 individuals_ID0000044 JOB_TERMINATED 2929.0 condorpool - 269
1645922828 individuals_ID0000044 JOB_SUCCESS 0 condorpool - 269
1645922828 individuals_ID0000044 POST_SCRIPT_STARTED 2929.0 condorpool - 269
1645922829 individuals_ID0000044 POST_SCRIPT_TERMINATED 2929.0 condorpool - 269
1645922833 individuals_ID0000044 POST_SCRIPT_SUCCESS 0 condorpool - 269
1645922860 individuals_ID0000002 JOB_TERMINATED 2932.0 condorpool - 272
1645922863 individuals_ID0000002 JOB_SUCCESS 0 condorpool - 272
1645922863 individuals_ID0000002 POST_SCRIPT_STARTED 2932.0 condorpool - 272
1645922862 individuals_ID0000045 JOB_TERMINATED 2931.0 condorpool - 271
1645922863 individuals_ID0000045 JOB_SUCCESS 0 condorpool - 271
1645922863 individuals_ID0000045 POST_SCRIPT_STARTED 2931.0 condorpool - 271
1645922863 individuals_ID0000002 POST_SCRIPT_TERMINATED 2932.0 condorpool - 272
1645922868 individuals_ID0000002 POST_SCRIPT_SUCCESS 0 condorpool - 272
1645922863 individuals_ID0000045 POST_SCRIPT_TERMINATED 2931.0 condorpool - 271
1645922868 individuals_ID0000045 POST_SCRIPT_SUCCESS 0 condorpool - 271
1645922878 individuals_ID0000016 EXECUTE 2943.0 condorpool - 283
1645922879 individuals_ID0000015 EXECUTE 2942.0 condorpool - 282
1645922879 individuals_ID0000017 EXECUTE 2944.0 condorpool - 284
1645922980 individuals_ID0000046 JOB_TERMINATED 2933.0 condorpool - 273
1645922983 individuals_ID0000046 JOB_SUCCESS 0 condorpool - 273
1645922983 individuals_ID0000046 POST_SCRIPT_STARTED 2933.0 condorpool - 273
1645922984 individuals_ID0000046 POST_SCRIPT_TERMINATED 2933.0 condorpool - 273
1645922988 individuals_ID0000046 POST_SCRIPT_SUCCESS 0 condorpool - 273
1645922995 individuals_ID0000018 EXECUTE 2945.0 condorpool - 285
1645922995 individuals_ID0000003 JOB_TERMINATED 2934.0 condorpool - 274
1645922998 individuals_ID0000003 JOB_SUCCESS 0 condorpool - 274
1645922998 individuals_ID0000003 POST_SCRIPT_STARTED 2934.0 condorpool - 274
1645922996 individuals_ID0000047 JOB_TERMINATED 2935.0 condorpool - 275
1645922998 individuals_ID0000047 JOB_SUCCESS 0 condorpool - 275
1645922998 individuals_ID0000047 POST_SCRIPT_STARTED 2935.0 condorpool - 275
1645922997 individuals_ID0000008 JOB_TERMINATED 2936.0 condorpool - 276
1645922998 individuals_ID0000008 JOB_SUCCESS 0 condorpool - 276
1645922998 individuals_ID0000008 POST_SCRIPT_STARTED 2936.0 condorpool - 276
1645922998 individuals_ID0000003 POST_SCRIPT_TERMINATED 2934.0 condorpool - 274
1645923003 individuals_ID0000003 POST_SCRIPT_SUCCESS 0 condorpool - 274
1645922998 individuals_ID0000047 POST_SCRIPT_TERMINATED 2935.0 condorpool - 275
1645923003 individuals_ID0000047 POST_SCRIPT_SUCCESS 0 condorpool - 275
1645922998 individuals_ID0000008 POST_SCRIPT_TERMINATED 2936.0 condorpool - 276
1645923003 individuals_ID0000008 POST_SCRIPT_SUCCESS 0 condorpool - 276
1645923059 individuals_ID0000012 EXECUTE 2947.0 condorpool - 287
1645923059 individuals_ID0000011 EXECUTE 2946.0 condorpool - 286
1645923059 individuals_ID0000013 EXECUTE 2948.0 condorpool - 288
1645923188 individuals_ID0000040 JOB_TERMINATED 2938.0 condorpool - 278
1645923193 individuals_ID0000040 JOB_SUCCESS 0 condorpool - 278
1645923193 individuals_ID0000040 POST_SCRIPT_STARTED 2938.0 condorpool - 278
1645923193 individuals_ID0000014 EXECUTE 2949.0 condorpool - 289
1645923193 individuals_ID0000040 POST_SCRIPT_TERMINATED 2938.0 condorpool - 278
1645923198 individuals_ID0000040 POST_SCRIPT_SUCCESS 0 condorpool - 278
1645923197 individuals_ID0000041 JOB_TERMINATED 2939.0 condorpool - 279
1645923198 individuals_ID0000041 JOB_SUCCESS 0 condorpool - 279
1645923198 individuals_ID0000041 POST_SCRIPT_STARTED 2939.0 condorpool - 279
1645923197 individuals_ID0000042 JOB_TERMINATED 2940.0 condorpool - 280
1645923198 individuals_ID0000042 JOB_SUCCESS 0 condorpool - 280
1645923198 individuals_ID0000042 POST_SCRIPT_STARTED 2940.0 condorpool - 280
1645923197 individuals_ID0000043 JOB_TERMINATED 2941.0 condorpool - 281
1645923198 individuals_ID0000043 JOB_SUCCESS 0 condorpool - 281
1645923198 individuals_ID0000043 POST_SCRIPT_STARTED 2941.0 condorpool - 281
1645923199 individuals_ID0000042 POST_SCRIPT_TERMINATED 2940.0 condorpool - 280
1645923203 individuals_ID0000042 POST_SCRIPT_SUCCESS 0 condorpool - 280
1645923199 individuals_ID0000043 POST_SCRIPT_TERMINATED 2941.0 condorpool - 281
1645923203 individuals_ID0000043 POST_SCRIPT_SUCCESS 0 condorpool - 281
1645923199 individuals_ID0000041 POST_SCRIPT_TERMINATED 2939.0 condorpool - 279
1645923203 individuals_ID0000041 POST_SCRIPT_SUCCESS 0 condorpool - 279
1645923207 individuals_ID0000050 EXECUTE 2952.0 condorpool - 292
1645923207 individuals_ID0000019 EXECUTE 2950.0 condorpool - 290
1645923207 individuals_ID0000010 EXECUTE 2951.0 condorpool - 291
1645923273 individuals_ID0000009 JOB_TERMINATED 2937.0 condorpool - 277
1645923273 individuals_ID0000009 JOB_SUCCESS 0 condorpool - 277
1645923273 individuals_ID0000009 POST_SCRIPT_STARTED 2937.0 condorpool - 277
1645923273 individuals_ID0000009 POST_SCRIPT_TERMINATED 2937.0 condorpool - 277
1645923278 individuals_ID0000009 POST_SCRIPT_SUCCESS 0 condorpool - 277
1645923279 individuals_ID0000026 EXECUTE 2953.0 condorpool - 293
1645923867 individuals_ID0000016 JOB_TERMINATED 2943.0 condorpool - 283
1645923869 individuals_ID0000016 JOB_SUCCESS 0 condorpool - 283
1645923869 individuals_ID0000016 POST_SCRIPT_STARTED 2943.0 condorpool - 283
1645923869 individuals_ID0000016 POST_SCRIPT_TERMINATED 2943.0 condorpool - 283
1645923874 individuals_ID0000016 POST_SCRIPT_SUCCESS 0 condorpool - 283
1645923871 individuals_ID0000017 JOB_TERMINATED 2944.0 condorpool - 284
1645923874 individuals_ID0000017 JOB_SUCCESS 0 condorpool - 284
1645923874 individuals_ID0000017 POST_SCRIPT_STARTED 2944.0 condorpool - 284
1645923872 individuals_ID0000027 EXECUTE 2954.0 condorpool - 294
1645923872 individuals_ID0000015 JOB_TERMINATED 2942.0 condorpool - 282
1645923874 individuals_ID0000015 JOB_SUCCESS 0 condorpool - 282
1645923874 individuals_ID0000015 POST_SCRIPT_STARTED 2942.0 condorpool - 282
1645923874 individuals_ID0000017 POST_SCRIPT_TERMINATED 2944.0 condorpool - 284
1645923879 individuals_ID0000017 POST_SCRIPT_SUCCESS 0 condorpool - 284
1645923875 individuals_ID0000015 POST_SCRIPT_TERMINATED 2942.0 condorpool - 282
1645923879 individuals_ID0000015 POST_SCRIPT_SUCCESS 0 condorpool - 282
1645923880 individuals_ID0000028 EXECUTE 2955.0 condorpool - 295
1645923881 individuals_ID0000029 EXECUTE 2956.0 condorpool - 296
1645923933 individuals_ID0000014 JOB_TERMINATED 2949.0 condorpool - 289
1645923934 individuals_ID0000014 JOB_SUCCESS 0 condorpool - 289
1645923934 individuals_ID0000014 POST_SCRIPT_STARTED 2949.0 condorpool - 289
1645923934 individuals_ID0000014 POST_SCRIPT_TERMINATED 2949.0 condorpool - 289
1645923939 individuals_ID0000014 POST_SCRIPT_SUCCESS 0 condorpool - 289
1645923945 individuals_ID0000050 JOB_TERMINATED 2952.0 condorpool - 292
1645923949 individuals_ID0000050 JOB_SUCCESS 0 condorpool - 292
1645923949 individuals_ID0000050 POST_SCRIPT_STARTED 2952.0 condorpool - 292
1645923948 individuals_ID0000019 JOB_TERMINATED 2950.0 condorpool - 290
1645923949 individuals_ID0000019 JOB_SUCCESS 0 condorpool - 290
1645923949 individuals_ID0000019 POST_SCRIPT_STARTED 2950.0 condorpool - 290
1645923949 individuals_ID0000019 POST_SCRIPT_TERMINATED 2950.0 condorpool - 290
1645923954 individuals_ID0000019 POST_SCRIPT_SUCCESS 0 condorpool - 290
1645923949 individuals_ID0000050 POST_SCRIPT_TERMINATED 2952.0 condorpool - 292
1645923954 individuals_ID0000050 POST_SCRIPT_SUCCESS 0 condorpool - 292
1645923951 individuals_ID0000010 JOB_TERMINATED 2951.0 condorpool - 291
1645923954 individuals_ID0000010 JOB_SUCCESS 0 condorpool - 291
1645923954 individuals_ID0000010 POST_SCRIPT_STARTED 2951.0 condorpool - 291
1645923955 individuals_ID0000010 POST_SCRIPT_TERMINATED 2951.0 condorpool - 291
1645923959 individuals_ID0000010 POST_SCRIPT_SUCCESS 0 condorpool - 291
1645923955 individuals_ID0000023 EXECUTE 2958.0 condorpool - 298
1645923955 individuals_ID0000022 EXECUTE 2957.0 condorpool - 297
1645923994 individuals_ID0000018 JOB_TERMINATED 2945.0 condorpool - 285
1645923999 individuals_ID0000018 JOB_SUCCESS 0 condorpool - 285
1645923999 individuals_ID0000018 POST_SCRIPT_STARTED 2945.0 condorpool - 285
1645923999 individuals_ID0000018 POST_SCRIPT_TERMINATED 2945.0 condorpool - 285
1645924004 individuals_ID0000018 POST_SCRIPT_SUCCESS 0 condorpool - 285
1645924000 individuals_ID0000024 EXECUTE 2959.0 condorpool - 299
1645924016 individuals_ID0000020 EXECUTE 2961.0 condorpool - 301
1645924016 individuals_ID0000025 EXECUTE 2960.0 condorpool - 300
1645924103 individuals_ID0000012 JOB_TERMINATED 2947.0 condorpool - 287
1645924104 individuals_ID0000012 JOB_SUCCESS 0 condorpool - 287
1645924104 individuals_ID0000012 POST_SCRIPT_STARTED 2947.0 condorpool - 287
1645924104 individuals_ID0000012 POST_SCRIPT_TERMINATED 2947.0 condorpool - 287
1645924109 individuals_ID0000012 POST_SCRIPT_SUCCESS 0 condorpool - 287
1645924108 individuals_ID0000021 EXECUTE 2962.0 condorpool - 302
1645924110 individuals_ID0000013 JOB_TERMINATED 2948.0 condorpool - 288
1645924114 individuals_ID0000013 JOB_SUCCESS 0 condorpool - 288
1645924114 individuals_ID0000013 POST_SCRIPT_STARTED 2948.0 condorpool - 288
1645924114 individuals_ID0000011 JOB_TERMINATED 2946.0 condorpool - 286
1645924114 individuals_ID0000011 JOB_SUCCESS 0 condorpool - 286
1645924114 individuals_ID0000011 POST_SCRIPT_STARTED 2946.0 condorpool - 286
1645924115 individuals_ID0000013 POST_SCRIPT_TERMINATED 2948.0 condorpool - 288
1645924119 individuals_ID0000013 POST_SCRIPT_SUCCESS 0 condorpool - 288
1645924115 individuals_ID0000011 POST_SCRIPT_TERMINATED 2946.0 condorpool - 286
1645924119 individuals_ID0000011 POST_SCRIPT_SUCCESS 0 condorpool - 286
1645924234 individuals_ID0000026 JOB_TERMINATED 2953.0 condorpool - 293
1645924239 individuals_ID0000026 JOB_SUCCESS 0 condorpool - 293
1645924239 individuals_ID0000026 POST_SCRIPT_STARTED 2953.0 condorpool - 293
1645924239 individuals_ID0000026 POST_SCRIPT_TERMINATED 2953.0 condorpool - 293
1645924244 individuals_ID0000026 POST_SCRIPT_SUCCESS 0 condorpool - 293
1645924674 individuals_ID0000023 JOB_TERMINATED 2958.0 condorpool - 298
1645924675 individuals_ID0000023 JOB_SUCCESS 0 condorpool - 298
1645924675 individuals_ID0000023 POST_SCRIPT_STARTED 2958.0 condorpool - 298
1645924675 individuals_ID0000023 POST_SCRIPT_TERMINATED 2958.0 condorpool - 298
1645924680 individuals_ID0000023 POST_SCRIPT_SUCCESS 0 condorpool - 298
1645924680 individuals_ID0000022 JOB_TERMINATED 2957.0 condorpool - 297
1645924680 individuals_ID0000022 JOB_SUCCESS 0 condorpool - 297
1645924680 individuals_ID0000022 POST_SCRIPT_STARTED 2957.0 condorpool - 297
1645924680 individuals_ID0000022 POST_SCRIPT_TERMINATED 2957.0 condorpool - 297
1645924685 individuals_ID0000022 POST_SCRIPT_SUCCESS 0 condorpool - 297
1645924745 individuals_ID0000020 JOB_TERMINATED 2961.0 condorpool - 301
1645924745 individuals_ID0000020 JOB_SUCCESS 0 condorpool - 301
1645924745 individuals_ID0000020 POST_SCRIPT_STARTED 2961.0 condorpool - 301
1645924746 individuals_ID0000020 POST_SCRIPT_TERMINATED 2961.0 condorpool - 301
1645924750 individuals_ID0000020 POST_SCRIPT_SUCCESS 0 condorpool - 301
1645924748 individuals_ID0000025 JOB_TERMINATED 2960.0 condorpool - 300
1645924750 individuals_ID0000025 JOB_SUCCESS 0 condorpool - 300
1645924750 individuals_ID0000025 POST_SCRIPT_STARTED 2960.0 condorpool - 300
1645924750 individuals_ID0000025 POST_SCRIPT_TERMINATED 2960.0 condorpool - 300
1645924755 individuals_ID0000025 POST_SCRIPT_SUCCESS 0 condorpool - 300
1645924772 individuals_ID0000024 JOB_TERMINATED 2959.0 condorpool - 299
1645924775 individuals_ID0000024 JOB_SUCCESS 0 condorpool - 299
1645924775 individuals_ID0000024 POST_SCRIPT_STARTED 2959.0 condorpool - 299
1645924775 individuals_ID0000024 POST_SCRIPT_TERMINATED 2959.0 condorpool - 299
1645924780 individuals_ID0000024 POST_SCRIPT_SUCCESS 0 condorpool - 299
1645924790 individuals_ID0000029 JOB_TERMINATED 2956.0 condorpool - 296
1645924790 individuals_ID0000029 JOB_SUCCESS 0 condorpool - 296
1645924790 individuals_ID0000029 POST_SCRIPT_STARTED 2956.0 condorpool - 296
1645924791 individuals_ID0000027 JOB_TERMINATED 2954.0 condorpool - 294
1645924795 individuals_ID0000027 JOB_SUCCESS 0 condorpool - 294
1645924795 individuals_ID0000027 POST_SCRIPT_STARTED 2954.0 condorpool - 294
1645924791 individuals_ID0000029 POST_SCRIPT_TERMINATED 2956.0 condorpool - 296
1645924795 individuals_ID0000029 POST_SCRIPT_SUCCESS 0 condorpool - 296
1645924795 individuals_ID0000027 POST_SCRIPT_TERMINATED 2954.0 condorpool - 294
1645924800 individuals_ID0000027 POST_SCRIPT_SUCCESS 0 condorpool - 294
1645924797 individuals_ID0000028 JOB_TERMINATED 2955.0 condorpool - 295
1645924800 individuals_ID0000028 JOB_SUCCESS 0 condorpool - 295
1645924800 individuals_ID0000028 POST_SCRIPT_STARTED 2955.0 condorpool - 295
1645924800 individuals_ID0000028 POST_SCRIPT_TERMINATED 2955.0 condorpool - 295
1645924805 individuals_ID0000028 POST_SCRIPT_SUCCESS 0 condorpool - 295
1645924837 individuals_ID0000021 JOB_TERMINATED 2962.0 condorpool - 302
1645924841 individuals_ID0000021 JOB_SUCCESS 0 condorpool - 302
1645924841 individuals_ID0000021 POST_SCRIPT_STARTED 2962.0 condorpool - 302
1645924841 individuals_ID0000021 POST_SCRIPT_TERMINATED 2962.0 condorpool - 302
1645924846 individuals_ID0000021 POST_SCRIPT_SUCCESS 0 condorpool - 302
1645924851 individuals_merge_ID0000051 SUBMIT 2963.0 condorpool - 303
1645924855 individuals_merge_ID0000051 EXECUTE 2963.0 condorpool - 303
1645929053 individuals_merge_ID0000051 JOB_TERMINATED 2963.0 condorpool - 303
1645929055 individuals_merge_ID0000051 JOB_SUCCESS 0 condorpool - 303
1645929055 individuals_merge_ID0000051 POST_SCRIPT_STARTED 2963.0 condorpool - 303
1645929055 individuals_merge_ID0000051 POST_SCRIPT_TERMINATED 2963.0 condorpool - 303
1645929060 individuals_merge_ID0000051 POST_SCRIPT_SUCCESS 0 condorpool - 303
1645929065 frequency_ID0000060 SUBMIT 2964.0 condorpool - 304
1645929065 frequency_ID0000062 SUBMIT 2965.0 condorpool - 305
1645929065 mutation_overlap_ID0000053 SUBMIT 2966.0 condorpool - 306
1645929065 frequency_ID0000058 SUBMIT 2967.0 condorpool - 307
1645929065 mutation_overlap_ID0000063 SUBMIT 2968.0 condorpool - 308
1645929070 mutation_overlap_ID0000055 SUBMIT 2969.0 condorpool - 309
1645929070 mutation_overlap_ID0000065 SUBMIT 2970.0 condorpool - 310
1645929070 frequency_ID0000064 SUBMIT 2971.0 condorpool - 311
1645929070 frequency_ID0000054 SUBMIT 2972.0 condorpool - 312
1645929070 frequency_ID0000066 SUBMIT 2973.0 condorpool - 313
1645929075 mutation_overlap_ID0000061 SUBMIT 2974.0 condorpool - 314
1645929075 frequency_ID0000056 SUBMIT 2975.0 condorpool - 315
1645929075 mutation_overlap_ID0000057 SUBMIT 2976.0 condorpool - 316
1645929076 mutation_overlap_ID0000059 SUBMIT 2977.0 condorpool - 317
1645929079 mutation_overlap_ID0000053 EXECUTE 2966.0 condorpool - 306
1645929079 frequency_ID0000060 EXECUTE 2964.0 condorpool - 304
1645929079 frequency_ID0000058 EXECUTE 2967.0 condorpool - 307
1645929079 frequency_ID0000062 EXECUTE 2965.0 condorpool - 305
1645929079 mutation_overlap_ID0000061 EXECUTE 2974.0 condorpool - 314
1645929079 frequency_ID0000056 EXECUTE 2975.0 condorpool - 315
1645929079 frequency_ID0000066 EXECUTE 2973.0 condorpool - 313
1645929079 mutation_overlap_ID0000055 EXECUTE 2969.0 condorpool - 309
1645929079 mutation_overlap_ID0000065 EXECUTE 2970.0 condorpool - 310
1645929079 mutation_overlap_ID0000063 EXECUTE 2968.0 condorpool - 308
1645929079 frequency_ID0000054 EXECUTE 2972.0 condorpool - 312
1645929080 frequency_ID0000064 EXECUTE 2971.0 condorpool - 311
1645929257 mutation_overlap_ID0000065 JOB_TERMINATED 2970.0 condorpool - 310
1645929261 mutation_overlap_ID0000065 JOB_SUCCESS 0 condorpool - 310
1645929261 mutation_overlap_ID0000065 POST_SCRIPT_STARTED 2970.0 condorpool - 310
1645929260 mutation_overlap_ID0000063 JOB_TERMINATED 2968.0 condorpool - 308
1645929261 mutation_overlap_ID0000063 JOB_SUCCESS 0 condorpool - 308
1645929261 mutation_overlap_ID0000063 POST_SCRIPT_STARTED 2968.0 condorpool - 308
1645929261 mutation_overlap_ID0000065 POST_SCRIPT_TERMINATED 2970.0 condorpool - 310
1645929266 mutation_overlap_ID0000065 POST_SCRIPT_SUCCESS 0 condorpool - 310
1645929261 mutation_overlap_ID0000063 POST_SCRIPT_TERMINATED 2968.0 condorpool - 308
1645929266 mutation_overlap_ID0000063 POST_SCRIPT_SUCCESS 0 condorpool - 308
1645929262 mutation_overlap_ID0000055 JOB_TERMINATED 2969.0 condorpool - 309
1645929266 mutation_overlap_ID0000055 JOB_SUCCESS 0 condorpool - 309
1645929266 mutation_overlap_ID0000055 POST_SCRIPT_STARTED 2969.0 condorpool - 309
1645929264 mutation_overlap_ID0000061 JOB_TERMINATED 2974.0 condorpool - 314
1645929266 mutation_overlap_ID0000061 JOB_SUCCESS 0 condorpool - 314
1645929266 mutation_overlap_ID0000061 POST_SCRIPT_STARTED 2974.0 condorpool - 314
1645929266 mutation_overlap_ID0000055 POST_SCRIPT_TERMINATED 2969.0 condorpool - 309
1645929271 mutation_overlap_ID0000055 POST_SCRIPT_SUCCESS 0 condorpool - 309
1645929266 mutation_overlap_ID0000061 POST_SCRIPT_TERMINATED 2974.0 condorpool - 314
1645929271 mutation_overlap_ID0000061 POST_SCRIPT_SUCCESS 0 condorpool - 314
1645929267 mutation_overlap_ID0000053 JOB_TERMINATED 2966.0 condorpool - 306
1645929271 mutation_overlap_ID0000053 JOB_SUCCESS 0 condorpool - 306
1645929271 mutation_overlap_ID0000053 POST_SCRIPT_STARTED 2966.0 condorpool - 306
1645929271 mutation_overlap_ID0000053 POST_SCRIPT_TERMINATED 2966.0 condorpool - 306
1645929276 mutation_overlap_ID0000053 POST_SCRIPT_SUCCESS 0 condorpool - 306
1645929319 mutation_overlap_ID0000059 EXECUTE 2977.0 condorpool - 317
1645929319 mutation_overlap_ID0000057 EXECUTE 2976.0 condorpool - 316
1645929448 mutation_overlap_ID0000059 JOB_TERMINATED 2977.0 condorpool - 317
1645929452 mutation_overlap_ID0000059 JOB_SUCCESS 0 condorpool - 317
1645929452 mutation_overlap_ID0000059 POST_SCRIPT_STARTED 2977.0 condorpool - 317
1645929452 mutation_overlap_ID0000059 POST_SCRIPT_TERMINATED 2977.0 condorpool - 317
1645929457 mutation_overlap_ID0000059 POST_SCRIPT_SUCCESS 0 condorpool - 317
1645929511 mutation_overlap_ID0000057 JOB_TERMINATED 2976.0 condorpool - 316
1645929512 mutation_overlap_ID0000057 JOB_SUCCESS 0 condorpool - 316
1645929512 mutation_overlap_ID0000057 POST_SCRIPT_STARTED 2976.0 condorpool - 316
1645929512 mutation_overlap_ID0000057 POST_SCRIPT_TERMINATED 2976.0 condorpool - 316
1645929517 mutation_overlap_ID0000057 POST_SCRIPT_SUCCESS 0 condorpool - 316
1645929778 frequency_ID0000064 JOB_TERMINATED 2971.0 condorpool - 311
1645929782 frequency_ID0000064 JOB_SUCCESS 0 condorpool - 311
1645929782 frequency_ID0000064 POST_SCRIPT_STARTED 2971.0 condorpool - 311
1645929783 frequency_ID0000064 POST_SCRIPT_TERMINATED 2971.0 condorpool - 311
1645929787 frequency_ID0000064 POST_SCRIPT_SUCCESS 0 condorpool - 311
1645929846 frequency_ID0000066 JOB_TERMINATED 2973.0 condorpool - 313
1645929847 frequency_ID0000066 JOB_SUCCESS 0 condorpool - 313
1645929847 frequency_ID0000066 POST_SCRIPT_STARTED 2973.0 condorpool - 313
1645929847 frequency_ID0000066 POST_SCRIPT_TERMINATED 2973.0 condorpool - 313
1645929852 frequency_ID0000066 POST_SCRIPT_SUCCESS 0 condorpool - 313
1645929875 frequency_ID0000060 JOB_TERMINATED 2964.0 condorpool - 304
1645929877 frequency_ID0000060 JOB_SUCCESS 0 condorpool - 304
1645929877 frequency_ID0000060 POST_SCRIPT_STARTED 2964.0 condorpool - 304
1645929876 frequency_ID0000062 JOB_TERMINATED 2965.0 condorpool - 305
1645929877 frequency_ID0000062 JOB_SUCCESS 0 condorpool - 305
1645929877 frequency_ID0000062 POST_SCRIPT_STARTED 2965.0 condorpool - 305
1645929878 frequency_ID0000060 POST_SCRIPT_TERMINATED 2964.0 condorpool - 304
1645929882 frequency_ID0000060 POST_SCRIPT_SUCCESS 0 condorpool - 304
1645929878 frequency_ID0000062 POST_SCRIPT_TERMINATED 2965.0 condorpool - 305
1645929882 frequency_ID0000062 POST_SCRIPT_SUCCESS 0 condorpool - 305
1645929903 frequency_ID0000056 JOB_TERMINATED 2975.0 condorpool - 315
1645929907 frequency_ID0000056 JOB_SUCCESS 0 condorpool - 315
1645929907 frequency_ID0000056 POST_SCRIPT_STARTED 2975.0 condorpool - 315
1645929907 frequency_ID0000056 POST_SCRIPT_TERMINATED 2975.0 condorpool - 315
1645929912 frequency_ID0000056 POST_SCRIPT_SUCCESS 0 condorpool - 315
1645929930 frequency_ID0000058 JOB_TERMINATED 2967.0 condorpool - 307
1645929932 frequency_ID0000058 JOB_SUCCESS 0 condorpool - 307
1645929932 frequency_ID0000058 POST_SCRIPT_STARTED 2967.0 condorpool - 307
1645929933 frequency_ID0000058 POST_SCRIPT_TERMINATED 2967.0 condorpool - 307
1645929937 frequency_ID0000058 POST_SCRIPT_SUCCESS 0 condorpool - 307
1645929942 stage_out_local_local_2_1 SUBMIT 2978.0 local - 318
1645929942 stage_out_local_local_2_1 EXECUTE 2978.0 local - 318
1645929946 stage_out_local_local_2_1 JOB_TERMINATED 2978.0 local - 318
1645929947 stage_out_local_local_2_1 JOB_SUCCESS 0 local - 318
1645929947 stage_out_local_local_2_1 POST_SCRIPT_STARTED 2978.0 local - 318
1645929947 stage_out_local_local_2_1 POST_SCRIPT_TERMINATED 2978.0 local - 318
1645929952 stage_out_local_local_2_1 POST_SCRIPT_SUCCESS 0 local - 318
1645929964 frequency_ID0000054 JOB_TERMINATED 2972.0 condorpool - 312
1645929967 frequency_ID0000054 JOB_SUCCESS 0 condorpool - 312
1645929967 frequency_ID0000054 POST_SCRIPT_STARTED 2972.0 condorpool - 312
1645929967 frequency_ID0000054 POST_SCRIPT_TERMINATED 2972.0 condorpool - 312
1645929972 frequency_ID0000054 POST_SCRIPT_SUCCESS 0 condorpool - 312
1645929977 stage_out_local_local_2_0 SUBMIT 2979.0 local - 319
1645929978 stage_out_local_local_2_0 EXECUTE 2979.0 local - 319
1645929982 stage_out_local_local_2_0 JOB_TERMINATED 2979.0 local - 319
1645929983 stage_out_local_local_2_0 JOB_SUCCESS 0 local - 319
1645929983 stage_out_local_local_2_0 POST_SCRIPT_STARTED 2979.0 local - 319
1645929983 stage_out_local_local_2_0 POST_SCRIPT_TERMINATED 2979.0 local - 319
1645929988 stage_out_local_local_2_0 POST_SCRIPT_SUCCESS 0 local - 319
1645929993 cleanup_1000-genome_0_local SUBMIT 2980.0 local - 320
1645929993 cleanup_1000-genome_0_local EXECUTE 2980.0 local - 320
1645929995 cleanup_1000-genome_0_local JOB_TERMINATED 2980.0 local - 320
1645929998 cleanup_1000-genome_0_local JOB_SUCCESS 0 local - 320
1645929998 cleanup_1000-genome_0_local POST_SCRIPT_STARTED 2980.0 local - 320
1645929998 cleanup_1000-genome_0_local POST_SCRIPT_TERMINATED 2980.0 local - 320
1645930003 cleanup_1000-genome_0_local POST_SCRIPT_SUCCESS 0 local - 320
1645930003 INTERNAL *** DAGMAN_FINISHED 0 ***
1645930005 INTERNAL *** MONITORD_FINISHED 0 ***
