1645660366 INTERNAL *** MONITORD_STARTED ***
1645660364 INTERNAL *** DAGMAN_STARTED 2495.0 ***
1645660368 create_dir_1000-genome_0_local SUBMIT 2496.0 local - 1
1645660370 create_dir_1000-genome_0_local EXECUTE 2496.0 local - 1
1645660372 create_dir_1000-genome_0_local JOB_TERMINATED 2496.0 local - 1
1645660373 create_dir_1000-genome_0_local JOB_SUCCESS 0 local - 1
1645660373 create_dir_1000-genome_0_local POST_SCRIPT_STARTED 2496.0 local - 1
1645660374 create_dir_1000-genome_0_local POST_SCRIPT_TERMINATED 2496.0 local - 1
1645660378 create_dir_1000-genome_0_local POST_SCRIPT_SUCCESS 0 local - 1
1645660383 stage_in_remote_local_2_0 SUBMIT 2497.0 local - 2
1645660383 stage_in_remote_local_2_0 EXECUTE 2497.0 local - 2
1645660383 stage_in_remote_local_1_0 SUBMIT 2498.0 local - 3
1645660383 stage_in_remote_local_0_0 SUBMIT 2499.0 local - 4
1645660383 stage_in_local_local_0_0 SUBMIT 2500.0 local - 5
1645660383 stage_in_local_local_2_0 SUBMIT 2501.0 local - 6
1645660385 stage_in_remote_local_2_0 JOB_TERMINATED 2497.0 local - 2
1645660388 stage_in_remote_local_2_0 JOB_SUCCESS 0 local - 2
1645660388 stage_in_remote_local_2_0 POST_SCRIPT_STARTED 2497.0 local - 2
1645660385 stage_in_local_local_2_0 EXECUTE 2501.0 local - 6
1645660385 stage_in_local_local_0_0 EXECUTE 2500.0 local - 5
1645660385 stage_in_remote_local_0_0 EXECUTE 2499.0 local - 4
1645660385 stage_in_remote_local_1_0 EXECUTE 2498.0 local - 3
1645660387 stage_in_local_local_0_0 JOB_TERMINATED 2500.0 local - 5
1645660388 stage_in_local_local_0_0 JOB_SUCCESS 0 local - 5
1645660388 stage_in_local_local_0_0 POST_SCRIPT_STARTED 2500.0 local - 5
1645660387 stage_in_remote_local_1_0 JOB_TERMINATED 2498.0 local - 3
1645660388 stage_in_remote_local_1_0 JOB_SUCCESS 0 local - 3
1645660388 stage_in_remote_local_1_0 POST_SCRIPT_STARTED 2498.0 local - 3
1645660387 stage_in_remote_local_0_0 JOB_TERMINATED 2499.0 local - 4
1645660388 stage_in_remote_local_0_0 JOB_SUCCESS 0 local - 4
1645660388 stage_in_remote_local_0_0 POST_SCRIPT_STARTED 2499.0 local - 4
1645660388 stage_in_remote_local_0_1 SUBMIT 2502.0 local - 7
1645660388 stage_in_local_local_0_1 SUBMIT 2503.0 local - 8
1645660388 stage_in_local_local_2_1 SUBMIT 2504.0 local - 9
1645660388 stage_in_remote_local_2_1 SUBMIT 2505.0 local - 10
1645660388 stage_in_local_local_0_2 SUBMIT 2506.0 local - 11
1645660388 stage_in_local_local_0_0 POST_SCRIPT_TERMINATED 2500.0 local - 5
1645660393 stage_in_local_local_0_0 POST_SCRIPT_SUCCESS 0 local - 5
1645660388 stage_in_remote_local_2_0 POST_SCRIPT_TERMINATED 2497.0 local - 2
1645660393 stage_in_remote_local_2_0 POST_SCRIPT_SUCCESS 0 local - 2
1645660388 stage_in_remote_local_1_0 POST_SCRIPT_TERMINATED 2498.0 local - 3
1645660393 stage_in_remote_local_1_0 POST_SCRIPT_SUCCESS 0 local - 3
1645660388 stage_in_remote_local_0_0 POST_SCRIPT_TERMINATED 2499.0 local - 4
1645660393 stage_in_remote_local_0_0 POST_SCRIPT_SUCCESS 0 local - 4
1645660389 stage_in_local_local_2_0 JOB_TERMINATED 2501.0 local - 6
1645660393 stage_in_local_local_2_0 JOB_SUCCESS 0 local - 6
1645660393 stage_in_local_local_2_0 POST_SCRIPT_STARTED 2501.0 local - 6
1645660389 stage_in_local_local_0_2 EXECUTE 2506.0 local - 11
1645660389 stage_in_remote_local_2_1 EXECUTE 2505.0 local - 10
1645660389 stage_in_local_local_2_1 EXECUTE 2504.0 local - 9
1645660389 stage_in_local_local_0_1 EXECUTE 2503.0 local - 8
1645660389 stage_in_remote_local_0_1 EXECUTE 2502.0 local - 7
1645660392 stage_in_remote_local_2_1 JOB_TERMINATED 2505.0 local - 10
1645660393 stage_in_remote_local_2_1 JOB_SUCCESS 0 local - 10
1645660393 stage_in_remote_local_2_1 POST_SCRIPT_STARTED 2505.0 local - 10
1645660392 stage_in_local_local_0_2 JOB_TERMINATED 2506.0 local - 11
1645660393 stage_in_local_local_0_2 JOB_SUCCESS 0 local - 11
1645660393 stage_in_local_local_0_2 POST_SCRIPT_STARTED 2506.0 local - 11
1645660392 stage_in_remote_local_0_1 JOB_TERMINATED 2502.0 local - 7
1645660393 stage_in_remote_local_0_1 JOB_SUCCESS 0 local - 7
1645660393 stage_in_remote_local_0_1 POST_SCRIPT_STARTED 2502.0 local - 7
1645660392 stage_in_local_local_0_1 JOB_TERMINATED 2503.0 local - 8
1645660393 stage_in_local_local_0_1 JOB_SUCCESS 0 local - 8
1645660393 stage_in_local_local_0_1 POST_SCRIPT_STARTED 2503.0 local - 8
1645660393 stage_in_local_local_2_0 POST_SCRIPT_TERMINATED 2501.0 local - 6
1645660398 stage_in_local_local_2_0 POST_SCRIPT_SUCCESS 0 local - 6
1645660393 stage_in_local_local_0_2 POST_SCRIPT_TERMINATED 2506.0 local - 11
1645660398 stage_in_local_local_0_2 POST_SCRIPT_SUCCESS 0 local - 11
1645660393 stage_in_local_local_2_1 JOB_TERMINATED 2504.0 local - 9
1645660398 stage_in_local_local_2_1 JOB_SUCCESS 0 local - 9
1645660398 stage_in_local_local_2_1 POST_SCRIPT_STARTED 2504.0 local - 9
1645660394 stage_in_remote_local_0_1 POST_SCRIPT_TERMINATED 2502.0 local - 7
1645660398 stage_in_remote_local_0_1 POST_SCRIPT_SUCCESS 0 local - 7
1645660394 stage_in_remote_local_2_1 POST_SCRIPT_TERMINATED 2505.0 local - 10
1645660398 stage_in_remote_local_2_1 POST_SCRIPT_SUCCESS 0 local - 10
1645660394 stage_in_local_local_0_1 POST_SCRIPT_TERMINATED 2503.0 local - 8
1645660398 stage_in_local_local_0_1 POST_SCRIPT_SUCCESS 0 local - 8
1645660398 stage_in_local_local_2_1 POST_SCRIPT_TERMINATED 2504.0 local - 9
1645660403 stage_in_local_local_2_1 POST_SCRIPT_SUCCESS 0 local - 9
1645660403 sifting_ID0000052 SUBMIT 2507.0 condorpool - 12
1645660403 individuals_ID0000037 SUBMIT 2508.0 condorpool - 13
1645660403 individuals_ID0000038 SUBMIT 2509.0 condorpool - 14
1645660403 individuals_ID0000039 SUBMIT 2510.0 condorpool - 15
1645660403 individuals_ID0000033 SUBMIT 2511.0 condorpool - 16
1645660405 sifting_ID0000052 EXECUTE 2507.0 condorpool - 12
1645660408 individuals_ID0000033 EXECUTE 2511.0 condorpool - 16
1645660408 individuals_ID0000034 SUBMIT 2512.0 condorpool - 17
1645660408 individuals_ID0000035 SUBMIT 2513.0 condorpool - 18
1645660408 individuals_ID0000036 SUBMIT 2514.0 condorpool - 19
1645660408 individuals_ID0000030 SUBMIT 2515.0 condorpool - 20
1645660408 individuals_ID0000031 SUBMIT 2516.0 condorpool - 21
1645660409 individuals_ID0000038 EXECUTE 2509.0 condorpool - 14
1645660409 individuals_ID0000039 EXECUTE 2510.0 condorpool - 15
1645660409 individuals_ID0000037 EXECUTE 2508.0 condorpool - 13
1645660410 sifting_ID0000052 JOB_TERMINATED 2507.0 condorpool - 12
1645660413 sifting_ID0000052 JOB_SUCCESS 0 condorpool - 12
1645660413 sifting_ID0000052 POST_SCRIPT_STARTED 2507.0 condorpool - 12
1645660413 individuals_ID0000032 SUBMIT 2517.0 condorpool - 22
1645660413 individuals_ID0000004 SUBMIT 2518.0 condorpool - 23
1645660413 individuals_ID0000048 SUBMIT 2519.0 condorpool - 24
1645660413 individuals_ID0000005 SUBMIT 2520.0 condorpool - 25
1645660413 individuals_ID0000049 SUBMIT 2521.0 condorpool - 26
1645660414 sifting_ID0000052 POST_SCRIPT_TERMINATED 2507.0 condorpool - 12
1645660418 sifting_ID0000052 POST_SCRIPT_SUCCESS 0 condorpool - 12
1645660414 individuals_ID0000034 EXECUTE 2512.0 condorpool - 17
1645660418 individuals_ID0000006 SUBMIT 2522.0 condorpool - 27
1645660418 individuals_ID0000007 SUBMIT 2523.0 condorpool - 28
1645660418 individuals_ID0000044 SUBMIT 2524.0 condorpool - 29
1645660418 individuals_ID0000001 SUBMIT 2525.0 condorpool - 30
1645660418 individuals_ID0000045 SUBMIT 2526.0 condorpool - 31
1645660423 individuals_ID0000002 SUBMIT 2527.0 condorpool - 32
1645660423 individuals_ID0000046 SUBMIT 2528.0 condorpool - 33
1645660423 individuals_ID0000003 SUBMIT 2529.0 condorpool - 34
1645660423 individuals_ID0000047 SUBMIT 2530.0 condorpool - 35
1645660423 individuals_ID0000008 SUBMIT 2531.0 condorpool - 36
1645660428 individuals_ID0000009 SUBMIT 2532.0 condorpool - 37
1645660428 individuals_ID0000040 SUBMIT 2533.0 condorpool - 38
1645660428 individuals_ID0000041 SUBMIT 2534.0 condorpool - 39
1645660428 individuals_ID0000042 SUBMIT 2535.0 condorpool - 40
1645660428 individuals_ID0000043 SUBMIT 2536.0 condorpool - 41
1645660432 individuals_ID0000036 EXECUTE 2514.0 condorpool - 19
1645660432 individuals_ID0000035 EXECUTE 2513.0 condorpool - 18
1645660432 individuals_ID0000001 EXECUTE 2525.0 condorpool - 30
1645660433 individuals_ID0000045 EXECUTE 2526.0 condorpool - 31
1645660433 individuals_ID0000015 SUBMIT 2537.0 condorpool - 42
1645660433 individuals_ID0000016 SUBMIT 2538.0 condorpool - 43
1645660434 individuals_ID0000017 SUBMIT 2539.0 condorpool - 44
1645660434 individuals_ID0000018 SUBMIT 2540.0 condorpool - 45
1645660434 individuals_ID0000011 SUBMIT 2541.0 condorpool - 46
1645660434 individuals_ID0000044 EXECUTE 2524.0 condorpool - 29
1645660435 individuals_ID0000030 EXECUTE 2515.0 condorpool - 20
1645660436 individuals_ID0000004 EXECUTE 2518.0 condorpool - 23
1645660437 individuals_ID0000048 EXECUTE 2519.0 condorpool - 24
1645660438 individuals_ID0000007 EXECUTE 2523.0 condorpool - 28
1645660439 individuals_ID0000012 SUBMIT 2542.0 condorpool - 47
1645660439 individuals_ID0000013 SUBMIT 2543.0 condorpool - 48
1645660439 individuals_ID0000014 SUBMIT 2544.0 condorpool - 49
1645660439 individuals_ID0000019 SUBMIT 2545.0 condorpool - 50
1645660439 individuals_ID0000010 SUBMIT 2546.0 condorpool - 51
1645660439 individuals_ID0000008 EXECUTE 2531.0 condorpool - 36
1645660440 individuals_ID0000046 EXECUTE 2528.0 condorpool - 33
1645660440 individuals_ID0000003 EXECUTE 2529.0 condorpool - 34
1645660440 individuals_ID0000005 EXECUTE 2520.0 condorpool - 25
1645660443 individuals_ID0000049 EXECUTE 2521.0 condorpool - 26
1645660444 individuals_ID0000050 SUBMIT 2547.0 condorpool - 52
1645660444 individuals_ID0000026 SUBMIT 2548.0 condorpool - 53
1645660444 individuals_ID0000027 SUBMIT 2549.0 condorpool - 54
1645660444 individuals_ID0000028 SUBMIT 2550.0 condorpool - 55
1645660444 individuals_ID0000029 SUBMIT 2551.0 condorpool - 56
1645660449 individuals_ID0000022 SUBMIT 2552.0 condorpool - 57
1645660449 individuals_ID0000023 SUBMIT 2553.0 condorpool - 58
1645660449 individuals_ID0000024 SUBMIT 2554.0 condorpool - 59
1645660449 individuals_ID0000025 SUBMIT 2555.0 condorpool - 60
1645660450 individuals_ID0000020 SUBMIT 2556.0 condorpool - 61
1645660450 individuals_ID0000006 EXECUTE 2522.0 condorpool - 27
1645660451 individuals_ID0000002 EXECUTE 2527.0 condorpool - 32
1645660453 individuals_ID0000031 EXECUTE 2516.0 condorpool - 21
1645660454 individuals_ID0000014 EXECUTE 2544.0 condorpool - 49
1645660454 individuals_ID0000019 EXECUTE 2545.0 condorpool - 50
1645660455 individuals_ID0000021 SUBMIT 2557.0 condorpool - 62
1645660455 individuals_ID0000047 EXECUTE 2530.0 condorpool - 35
1645660456 individuals_ID0000032 EXECUTE 2517.0 condorpool - 22
1645660460 individuals_ID0000018 EXECUTE 2540.0 condorpool - 45
1645660463 individuals_ID0000043 EXECUTE 2536.0 condorpool - 41
1645660463 individuals_ID0000016 EXECUTE 2538.0 condorpool - 43
1645660463 individuals_ID0000017 EXECUTE 2539.0 condorpool - 44
1645660465 individuals_ID0000015 EXECUTE 2537.0 condorpool - 42
1645660466 individuals_ID0000010 EXECUTE 2546.0 condorpool - 51
1645660466 individuals_ID0000011 EXECUTE 2541.0 condorpool - 46
1645660466 individuals_ID0000042 EXECUTE 2535.0 condorpool - 40
1645660467 individuals_ID0000012 EXECUTE 2542.0 condorpool - 47
1645660470 individuals_ID0000040 EXECUTE 2533.0 condorpool - 38
1645660471 individuals_ID0000013 EXECUTE 2543.0 condorpool - 48
1645660478 individuals_ID0000026 EXECUTE 2548.0 condorpool - 53
1645660478 individuals_ID0000041 EXECUTE 2534.0 condorpool - 39
1645660478 individuals_ID0000027 EXECUTE 2549.0 condorpool - 54
1645660483 individuals_ID0000024 EXECUTE 2554.0 condorpool - 59
1645660484 individuals_ID0000023 EXECUTE 2553.0 condorpool - 58
1645660484 individuals_ID0000022 EXECUTE 2552.0 condorpool - 57
1645660484 individuals_ID0000025 EXECUTE 2555.0 condorpool - 60
1645660486 individuals_ID0000009 EXECUTE 2532.0 condorpool - 37
1645660488 individuals_ID0000050 EXECUTE 2547.0 condorpool - 52
1645660490 individuals_ID0000029 EXECUTE 2551.0 condorpool - 56
1645660490 individuals_ID0000028 EXECUTE 2550.0 condorpool - 55
1645660594 individuals_ID0000001 JOB_TERMINATED 2525.0 condorpool - 30
1645660595 individuals_ID0000001 JOB_SUCCESS 0 condorpool - 30
1645660595 individuals_ID0000001 POST_SCRIPT_STARTED 2525.0 condorpool - 30
1645660595 individuals_ID0000001 POST_SCRIPT_TERMINATED 2525.0 condorpool - 30
1645660600 individuals_ID0000001 POST_SCRIPT_SUCCESS 0 condorpool - 30
1645660616 individuals_ID0000020 EXECUTE 2556.0 condorpool - 61
1645661000 individuals_ID0000002 JOB_TERMINATED 2527.0 condorpool - 32
1645661000 individuals_ID0000002 JOB_SUCCESS 0 condorpool - 32
1645661000 individuals_ID0000002 POST_SCRIPT_STARTED 2527.0 condorpool - 32
1645661001 individuals_ID0000002 POST_SCRIPT_TERMINATED 2527.0 condorpool - 32
1645661005 individuals_ID0000002 POST_SCRIPT_SUCCESS 0 condorpool - 32
1645661001 individuals_ID0000037 JOB_TERMINATED 2508.0 condorpool - 13
1645661005 individuals_ID0000037 JOB_SUCCESS 0 condorpool - 13
1645661005 individuals_ID0000037 POST_SCRIPT_STARTED 2508.0 condorpool - 13
1645661001 individuals_ID0000039 JOB_TERMINATED 2510.0 condorpool - 15
1645661005 individuals_ID0000039 JOB_SUCCESS 0 condorpool - 15
1645661005 individuals_ID0000039 POST_SCRIPT_STARTED 2510.0 condorpool - 15
1645661003 individuals_ID0000038 JOB_TERMINATED 2509.0 condorpool - 14
1645661005 individuals_ID0000038 JOB_SUCCESS 0 condorpool - 14
1645661005 individuals_ID0000038 POST_SCRIPT_STARTED 2509.0 condorpool - 14
1645661005 individuals_ID0000034 JOB_TERMINATED 2512.0 condorpool - 17
1645661010 individuals_ID0000034 JOB_SUCCESS 0 condorpool - 17
1645661010 individuals_ID0000034 POST_SCRIPT_STARTED 2512.0 condorpool - 17
1645661005 individuals_ID0000039 POST_SCRIPT_TERMINATED 2510.0 condorpool - 15
1645661010 individuals_ID0000039 POST_SCRIPT_SUCCESS 0 condorpool - 15
1645661005 individuals_ID0000038 POST_SCRIPT_TERMINATED 2509.0 condorpool - 14
1645661010 individuals_ID0000038 POST_SCRIPT_SUCCESS 0 condorpool - 14
1645661005 individuals_ID0000037 POST_SCRIPT_TERMINATED 2508.0 condorpool - 13
1645661010 individuals_ID0000037 POST_SCRIPT_SUCCESS 0 condorpool - 13
1645661006 individuals_ID0000033 JOB_TERMINATED 2511.0 condorpool - 16
1645661010 individuals_ID0000033 JOB_SUCCESS 0 condorpool - 16
1645661010 individuals_ID0000033 POST_SCRIPT_STARTED 2511.0 condorpool - 16
1645661011 individuals_ID0000034 POST_SCRIPT_TERMINATED 2512.0 condorpool - 17
1645661015 individuals_ID0000034 POST_SCRIPT_SUCCESS 0 condorpool - 17
1645661011 individuals_ID0000033 POST_SCRIPT_TERMINATED 2511.0 condorpool - 16
1645661015 individuals_ID0000033 POST_SCRIPT_SUCCESS 0 condorpool - 16
1645661011 individuals_ID0000021 EXECUTE 2557.0 condorpool - 62
1645661024 individuals_ID0000030 JOB_TERMINATED 2515.0 condorpool - 20
1645661025 individuals_ID0000030 JOB_SUCCESS 0 condorpool - 20
1645661025 individuals_ID0000030 POST_SCRIPT_STARTED 2515.0 condorpool - 20
1645661024 individuals_ID0000036 JOB_TERMINATED 2514.0 condorpool - 19
1645661025 individuals_ID0000036 JOB_SUCCESS 0 condorpool - 19
1645661025 individuals_ID0000036 POST_SCRIPT_STARTED 2514.0 condorpool - 19
1645661025 individuals_ID0000036 POST_SCRIPT_TERMINATED 2514.0 condorpool - 19
1645661030 individuals_ID0000036 POST_SCRIPT_SUCCESS 0 condorpool - 19
1645661025 individuals_ID0000030 POST_SCRIPT_TERMINATED 2515.0 condorpool - 20
1645661030 individuals_ID0000030 POST_SCRIPT_SUCCESS 0 condorpool - 20
1645661029 individuals_ID0000035 JOB_TERMINATED 2513.0 condorpool - 18
1645661030 individuals_ID0000035 JOB_SUCCESS 0 condorpool - 18
1645661030 individuals_ID0000035 POST_SCRIPT_STARTED 2513.0 condorpool - 18
1645661030 individuals_ID0000035 POST_SCRIPT_TERMINATED 2513.0 condorpool - 18
1645661035 individuals_ID0000035 POST_SCRIPT_SUCCESS 0 condorpool - 18
1645661040 individuals_ID0000012 JOB_TERMINATED 2542.0 condorpool - 47
1645661045 individuals_ID0000012 JOB_SUCCESS 0 condorpool - 47
1645661045 individuals_ID0000012 POST_SCRIPT_STARTED 2542.0 condorpool - 47
1645661042 individuals_ID0000044 JOB_TERMINATED 2524.0 condorpool - 29
1645661045 individuals_ID0000044 JOB_SUCCESS 0 condorpool - 29
1645661045 individuals_ID0000044 POST_SCRIPT_STARTED 2524.0 condorpool - 29
1645661046 individuals_ID0000044 POST_SCRIPT_TERMINATED 2524.0 condorpool - 29
1645661050 individuals_ID0000044 POST_SCRIPT_SUCCESS 0 condorpool - 29
1645661046 individuals_ID0000012 POST_SCRIPT_TERMINATED 2542.0 condorpool - 47
1645661050 individuals_ID0000012 POST_SCRIPT_SUCCESS 0 condorpool - 47
1645661062 individuals_ID0000018 JOB_TERMINATED 2540.0 condorpool - 45
1645661065 individuals_ID0000018 JOB_SUCCESS 0 condorpool - 45
1645661065 individuals_ID0000018 POST_SCRIPT_STARTED 2540.0 condorpool - 45
1645661065 individuals_ID0000018 POST_SCRIPT_TERMINATED 2540.0 condorpool - 45
1645661070 individuals_ID0000018 POST_SCRIPT_SUCCESS 0 condorpool - 45
1645661067 individuals_ID0000045 JOB_TERMINATED 2526.0 condorpool - 31
1645661070 individuals_ID0000045 JOB_SUCCESS 0 condorpool - 31
1645661070 individuals_ID0000045 POST_SCRIPT_STARTED 2526.0 condorpool - 31
1645661070 individuals_ID0000045 POST_SCRIPT_TERMINATED 2526.0 condorpool - 31
1645661075 individuals_ID0000045 POST_SCRIPT_SUCCESS 0 condorpool - 31
1645661112 individuals_ID0000013 JOB_TERMINATED 2543.0 condorpool - 48
1645661115 individuals_ID0000013 JOB_SUCCESS 0 condorpool - 48
1645661115 individuals_ID0000013 POST_SCRIPT_STARTED 2543.0 condorpool - 48
1645661116 individuals_ID0000013 POST_SCRIPT_TERMINATED 2543.0 condorpool - 48
1645661120 individuals_ID0000013 POST_SCRIPT_SUCCESS 0 condorpool - 48
1645661124 individuals_ID0000011 JOB_TERMINATED 2541.0 condorpool - 46
1645661125 individuals_ID0000011 JOB_SUCCESS 0 condorpool - 46
1645661125 individuals_ID0000011 POST_SCRIPT_STARTED 2541.0 condorpool - 46
1645661125 individuals_ID0000011 POST_SCRIPT_TERMINATED 2541.0 condorpool - 46
1645661130 individuals_ID0000011 POST_SCRIPT_SUCCESS 0 condorpool - 46
1645661129 individuals_ID0000015 JOB_TERMINATED 2537.0 condorpool - 42
1645661130 individuals_ID0000015 JOB_SUCCESS 0 condorpool - 42
1645661130 individuals_ID0000015 POST_SCRIPT_STARTED 2537.0 condorpool - 42
1645661130 individuals_ID0000015 POST_SCRIPT_TERMINATED 2537.0 condorpool - 42
1645661135 individuals_ID0000015 POST_SCRIPT_SUCCESS 0 condorpool - 42
1645661144 individuals_ID0000007 JOB_TERMINATED 2523.0 condorpool - 28
1645661145 individuals_ID0000007 JOB_SUCCESS 0 condorpool - 28
1645661145 individuals_ID0000007 POST_SCRIPT_STARTED 2523.0 condorpool - 28
1645661145 individuals_ID0000007 POST_SCRIPT_TERMINATED 2523.0 condorpool - 28
1645661150 individuals_ID0000007 POST_SCRIPT_SUCCESS 0 condorpool - 28
1645661152 individuals_ID0000048 JOB_TERMINATED 2519.0 condorpool - 24
1645661155 individuals_ID0000048 JOB_SUCCESS 0 condorpool - 24
1645661155 individuals_ID0000048 POST_SCRIPT_STARTED 2519.0 condorpool - 24
1645661155 individuals_ID0000048 POST_SCRIPT_TERMINATED 2519.0 condorpool - 24
1645661160 individuals_ID0000048 POST_SCRIPT_SUCCESS 0 condorpool - 24
1645661166 individuals_ID0000004 JOB_TERMINATED 2518.0 condorpool - 23
1645661170 individuals_ID0000004 JOB_SUCCESS 0 condorpool - 23
1645661170 individuals_ID0000004 POST_SCRIPT_STARTED 2518.0 condorpool - 23
1645661171 individuals_ID0000004 POST_SCRIPT_TERMINATED 2518.0 condorpool - 23
1645661175 individuals_ID0000004 POST_SCRIPT_SUCCESS 0 condorpool - 23
1645661171 individuals_ID0000040 JOB_TERMINATED 2533.0 condorpool - 38
1645661175 individuals_ID0000040 JOB_SUCCESS 0 condorpool - 38
1645661175 individuals_ID0000040 POST_SCRIPT_STARTED 2533.0 condorpool - 38
1645661171 individuals_ID0000024 JOB_TERMINATED 2554.0 condorpool - 59
1645661175 individuals_ID0000024 JOB_SUCCESS 0 condorpool - 59
1645661175 individuals_ID0000024 POST_SCRIPT_STARTED 2554.0 condorpool - 59
1645661172 individuals_ID0000031 JOB_TERMINATED 2516.0 condorpool - 21
1645661175 individuals_ID0000031 JOB_SUCCESS 0 condorpool - 21
1645661175 individuals_ID0000031 POST_SCRIPT_STARTED 2516.0 condorpool - 21
1645661172 individuals_ID0000042 JOB_TERMINATED 2535.0 condorpool - 40
1645661175 individuals_ID0000042 JOB_SUCCESS 0 condorpool - 40
1645661175 individuals_ID0000042 POST_SCRIPT_STARTED 2535.0 condorpool - 40
1645661175 individuals_ID0000031 POST_SCRIPT_TERMINATED 2516.0 condorpool - 21
1645661180 individuals_ID0000031 POST_SCRIPT_SUCCESS 0 condorpool - 21
1645661175 individuals_ID0000024 POST_SCRIPT_TERMINATED 2554.0 condorpool - 59
1645661180 individuals_ID0000024 POST_SCRIPT_SUCCESS 0 condorpool - 59
1645661175 individuals_ID0000040 POST_SCRIPT_TERMINATED 2533.0 condorpool - 38
1645661180 individuals_ID0000040 POST_SCRIPT_SUCCESS 0 condorpool - 38
1645661175 individuals_ID0000042 POST_SCRIPT_TERMINATED 2535.0 condorpool - 40
1645661180 individuals_ID0000042 POST_SCRIPT_SUCCESS 0 condorpool - 40
1645661177 individuals_ID0000017 JOB_TERMINATED 2539.0 condorpool - 44
1645661180 individuals_ID0000017 JOB_SUCCESS 0 condorpool - 44
1645661180 individuals_ID0000017 POST_SCRIPT_STARTED 2539.0 condorpool - 44
1645661180 individuals_ID0000017 POST_SCRIPT_TERMINATED 2539.0 condorpool - 44
1645661185 individuals_ID0000017 POST_SCRIPT_SUCCESS 0 condorpool - 44
1645661184 individuals_ID0000046 JOB_TERMINATED 2528.0 condorpool - 33
1645661185 individuals_ID0000046 JOB_SUCCESS 0 condorpool - 33
1645661185 individuals_ID0000046 POST_SCRIPT_STARTED 2528.0 condorpool - 33
1645661185 individuals_ID0000032 JOB_TERMINATED 2517.0 condorpool - 22
1645661185 individuals_ID0000032 JOB_SUCCESS 0 condorpool - 22
1645661185 individuals_ID0000032 POST_SCRIPT_STARTED 2517.0 condorpool - 22
1645661186 individuals_ID0000032 POST_SCRIPT_TERMINATED 2517.0 condorpool - 22
1645661190 individuals_ID0000032 POST_SCRIPT_SUCCESS 0 condorpool - 22
1645661186 individuals_ID0000046 POST_SCRIPT_TERMINATED 2528.0 condorpool - 33
1645661190 individuals_ID0000046 POST_SCRIPT_SUCCESS 0 condorpool - 33
1645661190 individuals_ID0000049 JOB_TERMINATED 2521.0 condorpool - 26
1645661195 individuals_ID0000049 JOB_SUCCESS 0 condorpool - 26
1645661195 individuals_ID0000049 POST_SCRIPT_STARTED 2521.0 condorpool - 26
1645661190 individuals_ID0000005 JOB_TERMINATED 2520.0 condorpool - 25
1645661195 individuals_ID0000005 JOB_SUCCESS 0 condorpool - 25
1645661195 individuals_ID0000005 POST_SCRIPT_STARTED 2520.0 condorpool - 25
1645661193 individuals_ID0000043 JOB_TERMINATED 2536.0 condorpool - 41
1645661195 individuals_ID0000043 JOB_SUCCESS 0 condorpool - 41
1645661195 individuals_ID0000043 POST_SCRIPT_STARTED 2536.0 condorpool - 41
1645661195 individuals_ID0000008 JOB_TERMINATED 2531.0 condorpool - 36
1645661195 individuals_ID0000008 JOB_SUCCESS 0 condorpool - 36
1645661195 individuals_ID0000008 POST_SCRIPT_STARTED 2531.0 condorpool - 36
1645661195 individuals_ID0000043 POST_SCRIPT_TERMINATED 2536.0 condorpool - 41
1645661200 individuals_ID0000043 POST_SCRIPT_SUCCESS 0 condorpool - 41
1645661195 individuals_ID0000005 POST_SCRIPT_TERMINATED 2520.0 condorpool - 25
1645661200 individuals_ID0000005 POST_SCRIPT_SUCCESS 0 condorpool - 25
1645661195 individuals_ID0000049 POST_SCRIPT_TERMINATED 2521.0 condorpool - 26
1645661200 individuals_ID0000049 POST_SCRIPT_SUCCESS 0 condorpool - 26
1645661195 individuals_ID0000008 POST_SCRIPT_TERMINATED 2531.0 condorpool - 36
1645661200 individuals_ID0000008 POST_SCRIPT_SUCCESS 0 condorpool - 36
1645661196 individuals_ID0000026 JOB_TERMINATED 2548.0 condorpool - 53
1645661200 individuals_ID0000026 JOB_SUCCESS 0 condorpool - 53
1645661200 individuals_ID0000026 POST_SCRIPT_STARTED 2548.0 condorpool - 53
1645661201 individuals_ID0000026 POST_SCRIPT_TERMINATED 2548.0 condorpool - 53
1645661205 individuals_ID0000026 POST_SCRIPT_SUCCESS 0 condorpool - 53
1645661202 individuals_ID0000023 JOB_TERMINATED 2553.0 condorpool - 58
1645661205 individuals_ID0000023 JOB_SUCCESS 0 condorpool - 58
1645661205 individuals_ID0000023 POST_SCRIPT_STARTED 2553.0 condorpool - 58
1645661204 individuals_ID0000047 JOB_TERMINATED 2530.0 condorpool - 35
1645661205 individuals_ID0000047 JOB_SUCCESS 0 condorpool - 35
1645661205 individuals_ID0000047 POST_SCRIPT_STARTED 2530.0 condorpool - 35
1645661205 individuals_ID0000023 POST_SCRIPT_TERMINATED 2553.0 condorpool - 58
1645661210 individuals_ID0000023 POST_SCRIPT_SUCCESS 0 condorpool - 58
1645661205 individuals_ID0000047 POST_SCRIPT_TERMINATED 2530.0 condorpool - 35
1645661210 individuals_ID0000047 POST_SCRIPT_SUCCESS 0 condorpool - 35
1645661206 individuals_ID0000022 JOB_TERMINATED 2552.0 condorpool - 57
1645661210 individuals_ID0000022 JOB_SUCCESS 0 condorpool - 57
1645661210 individuals_ID0000022 POST_SCRIPT_STARTED 2552.0 condorpool - 57
1645661206 individuals_ID0000016 JOB_TERMINATED 2538.0 condorpool - 43
1645661210 individuals_ID0000016 JOB_SUCCESS 0 condorpool - 43
1645661210 individuals_ID0000016 POST_SCRIPT_STARTED 2538.0 condorpool - 43
1645661208 individuals_ID0000006 JOB_TERMINATED 2522.0 condorpool - 27
1645661210 individuals_ID0000006 JOB_SUCCESS 0 condorpool - 27
1645661210 individuals_ID0000006 POST_SCRIPT_STARTED 2522.0 condorpool - 27
1645661209 individuals_ID0000003 JOB_TERMINATED 2529.0 condorpool - 34
1645661210 individuals_ID0000003 JOB_SUCCESS 0 condorpool - 34
1645661210 individuals_ID0000003 POST_SCRIPT_STARTED 2529.0 condorpool - 34
1645661210 individuals_ID0000025 JOB_TERMINATED 2555.0 condorpool - 60
1645661215 individuals_ID0000025 JOB_SUCCESS 0 condorpool - 60
1645661215 individuals_ID0000025 POST_SCRIPT_STARTED 2555.0 condorpool - 60
1645661210 individuals_ID0000022 POST_SCRIPT_TERMINATED 2552.0 condorpool - 57
1645661215 individuals_ID0000022 POST_SCRIPT_SUCCESS 0 condorpool - 57
1645661210 individuals_ID0000003 POST_SCRIPT_TERMINATED 2529.0 condorpool - 34
1645661215 individuals_ID0000003 POST_SCRIPT_SUCCESS 0 condorpool - 34
1645661210 individuals_ID0000016 POST_SCRIPT_TERMINATED 2538.0 condorpool - 43
1645661215 individuals_ID0000016 POST_SCRIPT_SUCCESS 0 condorpool - 43
1645661210 individuals_ID0000006 POST_SCRIPT_TERMINATED 2522.0 condorpool - 27
1645661215 individuals_ID0000006 POST_SCRIPT_SUCCESS 0 condorpool - 27
1645661212 individuals_ID0000041 JOB_TERMINATED 2534.0 condorpool - 39
1645661215 individuals_ID0000041 JOB_SUCCESS 0 condorpool - 39
1645661215 individuals_ID0000041 POST_SCRIPT_STARTED 2534.0 condorpool - 39
1645661213 individuals_ID0000019 JOB_TERMINATED 2545.0 condorpool - 50
1645661215 individuals_ID0000019 JOB_SUCCESS 0 condorpool - 50
1645661215 individuals_ID0000019 POST_SCRIPT_STARTED 2545.0 condorpool - 50
1645661214 individuals_ID0000009 JOB_TERMINATED 2532.0 condorpool - 37
1645661215 individuals_ID0000009 JOB_SUCCESS 0 condorpool - 37
1645661215 individuals_ID0000009 POST_SCRIPT_STARTED 2532.0 condorpool - 37
1645661215 individuals_ID0000027 JOB_TERMINATED 2549.0 condorpool - 54
1645661215 individuals_ID0000027 JOB_SUCCESS 0 condorpool - 54
1645661215 individuals_ID0000027 POST_SCRIPT_STARTED 2549.0 condorpool - 54
1645661216 individuals_ID0000009 POST_SCRIPT_TERMINATED 2532.0 condorpool - 37
1645661220 individuals_ID0000009 POST_SCRIPT_SUCCESS 0 condorpool - 37
1645661216 individuals_ID0000041 POST_SCRIPT_TERMINATED 2534.0 condorpool - 39
1645661220 individuals_ID0000041 POST_SCRIPT_SUCCESS 0 condorpool - 39
1645661216 individuals_ID0000027 POST_SCRIPT_TERMINATED 2549.0 condorpool - 54
1645661220 individuals_ID0000027 POST_SCRIPT_SUCCESS 0 condorpool - 54
1645661216 individuals_ID0000025 POST_SCRIPT_TERMINATED 2555.0 condorpool - 60
1645661220 individuals_ID0000025 POST_SCRIPT_SUCCESS 0 condorpool - 60
1645661216 individuals_ID0000019 POST_SCRIPT_TERMINATED 2545.0 condorpool - 50
1645661220 individuals_ID0000019 POST_SCRIPT_SUCCESS 0 condorpool - 50
1645661217 individuals_ID0000028 JOB_TERMINATED 2550.0 condorpool - 55
1645661220 individuals_ID0000028 JOB_SUCCESS 0 condorpool - 55
1645661220 individuals_ID0000028 POST_SCRIPT_STARTED 2550.0 condorpool - 55
1645661217 individuals_ID0000010 JOB_TERMINATED 2546.0 condorpool - 51
1645661220 individuals_ID0000010 JOB_SUCCESS 0 condorpool - 51
1645661220 individuals_ID0000010 POST_SCRIPT_STARTED 2546.0 condorpool - 51
1645661217 individuals_ID0000014 JOB_TERMINATED 2544.0 condorpool - 49
1645661220 individuals_ID0000014 JOB_SUCCESS 0 condorpool - 49
1645661220 individuals_ID0000014 POST_SCRIPT_STARTED 2544.0 condorpool - 49
1645661220 individuals_ID0000050 JOB_TERMINATED 2547.0 condorpool - 52
1645661225 individuals_ID0000050 JOB_SUCCESS 0 condorpool - 52
1645661225 individuals_ID0000050 POST_SCRIPT_STARTED 2547.0 condorpool - 52
1645661220 individuals_ID0000028 POST_SCRIPT_TERMINATED 2550.0 condorpool - 55
1645661225 individuals_ID0000028 POST_SCRIPT_SUCCESS 0 condorpool - 55
1645661220 individuals_ID0000010 POST_SCRIPT_TERMINATED 2546.0 condorpool - 51
1645661225 individuals_ID0000010 POST_SCRIPT_SUCCESS 0 condorpool - 51
1645661220 individuals_ID0000014 POST_SCRIPT_TERMINATED 2544.0 condorpool - 49
1645661225 individuals_ID0000014 POST_SCRIPT_SUCCESS 0 condorpool - 49
1645661221 individuals_ID0000029 JOB_TERMINATED 2551.0 condorpool - 56
1645661225 individuals_ID0000029 JOB_SUCCESS 0 condorpool - 56
1645661225 individuals_ID0000029 POST_SCRIPT_STARTED 2551.0 condorpool - 56
1645661226 individuals_ID0000029 POST_SCRIPT_TERMINATED 2551.0 condorpool - 56
1645661230 individuals_ID0000029 POST_SCRIPT_SUCCESS 0 condorpool - 56
1645661226 individuals_ID0000050 POST_SCRIPT_TERMINATED 2547.0 condorpool - 52
1645661230 individuals_ID0000050 POST_SCRIPT_SUCCESS 0 condorpool - 52
1645661239 individuals_ID0000020 JOB_TERMINATED 2556.0 condorpool - 61
1645661240 individuals_ID0000020 JOB_SUCCESS 0 condorpool - 61
1645661240 individuals_ID0000020 POST_SCRIPT_STARTED 2556.0 condorpool - 61
1645661240 individuals_ID0000020 POST_SCRIPT_TERMINATED 2556.0 condorpool - 61
1645661245 individuals_ID0000020 POST_SCRIPT_SUCCESS 0 condorpool - 61
1645661414 individuals_ID0000021 JOB_TERMINATED 2557.0 condorpool - 62
1645661415 individuals_ID0000021 JOB_SUCCESS 0 condorpool - 62
1645661415 individuals_ID0000021 POST_SCRIPT_STARTED 2557.0 condorpool - 62
1645661415 individuals_ID0000021 POST_SCRIPT_TERMINATED 2557.0 condorpool - 62
1645661421 individuals_ID0000021 POST_SCRIPT_SUCCESS 0 condorpool - 62
1645661426 individuals_merge_ID0000051 SUBMIT 2558.0 condorpool - 63
1645661430 individuals_merge_ID0000051 EXECUTE 2558.0 condorpool - 63
1645665550 individuals_merge_ID0000051 JOB_TERMINATED 2558.0 condorpool - 63
1645665553 individuals_merge_ID0000051 JOB_SUCCESS 0 condorpool - 63
1645665553 individuals_merge_ID0000051 POST_SCRIPT_STARTED 2558.0 condorpool - 63
1645665554 individuals_merge_ID0000051 POST_SCRIPT_TERMINATED 2558.0 condorpool - 63
1645665558 individuals_merge_ID0000051 POST_SCRIPT_SUCCESS 0 condorpool - 63
1645665563 frequency_ID0000060 SUBMIT 2559.0 condorpool - 64
1645665563 frequency_ID0000062 SUBMIT 2560.0 condorpool - 65
1645665563 mutation_overlap_ID0000053 SUBMIT 2561.0 condorpool - 66
1645665563 mutation_overlap_ID0000063 SUBMIT 2562.0 condorpool - 67
1645665563 frequency_ID0000058 SUBMIT 2563.0 condorpool - 68
1645665564 frequency_ID0000060 EXECUTE 2559.0 condorpool - 64
1645665564 frequency_ID0000062 EXECUTE 2560.0 condorpool - 65
1645665568 mutation_overlap_ID0000055 SUBMIT 2564.0 condorpool - 69
1645665568 mutation_overlap_ID0000065 SUBMIT 2565.0 condorpool - 70
1645665568 frequency_ID0000064 SUBMIT 2566.0 condorpool - 71
1645665568 frequency_ID0000054 SUBMIT 2567.0 condorpool - 72
1645665568 frequency_ID0000066 SUBMIT 2568.0 condorpool - 73
1645665573 mutation_overlap_ID0000061 SUBMIT 2569.0 condorpool - 74
1645665573 frequency_ID0000056 SUBMIT 2570.0 condorpool - 75
1645665573 mutation_overlap_ID0000057 SUBMIT 2571.0 condorpool - 76
1645665573 mutation_overlap_ID0000059 SUBMIT 2572.0 condorpool - 77
1645665584 mutation_overlap_ID0000059 EXECUTE 2572.0 condorpool - 77
1645665584 mutation_overlap_ID0000057 EXECUTE 2571.0 condorpool - 76
1645665584 mutation_overlap_ID0000063 EXECUTE 2562.0 condorpool - 67
1645665585 mutation_overlap_ID0000053 EXECUTE 2561.0 condorpool - 66
1645665585 frequency_ID0000058 EXECUTE 2563.0 condorpool - 68
1645665585 frequency_ID0000054 EXECUTE 2567.0 condorpool - 72
1645665585 frequency_ID0000066 EXECUTE 2568.0 condorpool - 73
1645665585 mutation_overlap_ID0000065 EXECUTE 2565.0 condorpool - 70
1645665585 mutation_overlap_ID0000061 EXECUTE 2569.0 condorpool - 74
1645665585 mutation_overlap_ID0000055 EXECUTE 2564.0 condorpool - 69
1645665585 frequency_ID0000056 EXECUTE 2570.0 condorpool - 75
1645665585 frequency_ID0000064 EXECUTE 2566.0 condorpool - 71
1645665789 mutation_overlap_ID0000065 JOB_TERMINATED 2565.0 condorpool - 70
1645665793 mutation_overlap_ID0000065 JOB_SUCCESS 0 condorpool - 70
1645665793 mutation_overlap_ID0000065 POST_SCRIPT_STARTED 2565.0 condorpool - 70
1645665790 mutation_overlap_ID0000063 JOB_TERMINATED 2562.0 condorpool - 67
1645665793 mutation_overlap_ID0000063 JOB_SUCCESS 0 condorpool - 67
1645665793 mutation_overlap_ID0000063 POST_SCRIPT_STARTED 2562.0 condorpool - 67
1645665792 mutation_overlap_ID0000059 JOB_TERMINATED 2572.0 condorpool - 77
1645665793 mutation_overlap_ID0000059 JOB_SUCCESS 0 condorpool - 77
1645665793 mutation_overlap_ID0000059 POST_SCRIPT_STARTED 2572.0 condorpool - 77
1645665792 mutation_overlap_ID0000061 JOB_TERMINATED 2569.0 condorpool - 74
1645665793 mutation_overlap_ID0000061 JOB_SUCCESS 0 condorpool - 74
1645665793 mutation_overlap_ID0000061 POST_SCRIPT_STARTED 2569.0 condorpool - 74
1645665793 mutation_overlap_ID0000055 JOB_TERMINATED 2564.0 condorpool - 69
1645665793 mutation_overlap_ID0000055 JOB_SUCCESS 0 condorpool - 69
1645665793 mutation_overlap_ID0000055 POST_SCRIPT_STARTED 2564.0 condorpool - 69
1645665794 mutation_overlap_ID0000063 POST_SCRIPT_TERMINATED 2562.0 condorpool - 67
1645665798 mutation_overlap_ID0000063 POST_SCRIPT_SUCCESS 0 condorpool - 67
1645665794 mutation_overlap_ID0000065 POST_SCRIPT_TERMINATED 2565.0 condorpool - 70
1645665798 mutation_overlap_ID0000065 POST_SCRIPT_SUCCESS 0 condorpool - 70
1645665794 mutation_overlap_ID0000061 POST_SCRIPT_TERMINATED 2569.0 condorpool - 74
1645665798 mutation_overlap_ID0000061 POST_SCRIPT_SUCCESS 0 condorpool - 74
1645665794 mutation_overlap_ID0000055 POST_SCRIPT_TERMINATED 2564.0 condorpool - 69
1645665798 mutation_overlap_ID0000055 POST_SCRIPT_SUCCESS 0 condorpool - 69
1645665794 mutation_overlap_ID0000059 POST_SCRIPT_TERMINATED 2572.0 condorpool - 77
1645665798 mutation_overlap_ID0000059 POST_SCRIPT_SUCCESS 0 condorpool - 77
1645665795 mutation_overlap_ID0000053 JOB_TERMINATED 2561.0 condorpool - 66
1645665798 mutation_overlap_ID0000053 JOB_SUCCESS 0 condorpool - 66
1645665798 mutation_overlap_ID0000053 POST_SCRIPT_STARTED 2561.0 condorpool - 66
1645665798 mutation_overlap_ID0000053 POST_SCRIPT_TERMINATED 2561.0 condorpool - 66
1645665803 mutation_overlap_ID0000053 POST_SCRIPT_SUCCESS 0 condorpool - 66
1645665836 mutation_overlap_ID0000057 JOB_TERMINATED 2571.0 condorpool - 76
1645665838 mutation_overlap_ID0000057 JOB_SUCCESS 0 condorpool - 76
1645665838 mutation_overlap_ID0000057 POST_SCRIPT_STARTED 2571.0 condorpool - 76
1645665838 mutation_overlap_ID0000057 POST_SCRIPT_TERMINATED 2571.0 condorpool - 76
1645665843 mutation_overlap_ID0000057 POST_SCRIPT_SUCCESS 0 condorpool - 76
1645666223 frequency_ID0000060 JOB_TERMINATED 2559.0 condorpool - 64
1645666224 frequency_ID0000060 JOB_SUCCESS 0 condorpool - 64
1645666224 frequency_ID0000060 POST_SCRIPT_STARTED 2559.0 condorpool - 64
1645666224 frequency_ID0000060 POST_SCRIPT_TERMINATED 2559.0 condorpool - 64
1645666229 frequency_ID0000060 POST_SCRIPT_SUCCESS 0 condorpool - 64
1645666231 frequency_ID0000062 JOB_TERMINATED 2560.0 condorpool - 65
1645666234 frequency_ID0000062 JOB_SUCCESS 0 condorpool - 65
1645666234 frequency_ID0000062 POST_SCRIPT_STARTED 2560.0 condorpool - 65
1645666234 frequency_ID0000062 POST_SCRIPT_TERMINATED 2560.0 condorpool - 65
1645666239 frequency_ID0000062 POST_SCRIPT_SUCCESS 0 condorpool - 65
1645666242 frequency_ID0000064 JOB_TERMINATED 2566.0 condorpool - 71
1645666244 frequency_ID0000064 JOB_SUCCESS 0 condorpool - 71
1645666244 frequency_ID0000064 POST_SCRIPT_STARTED 2566.0 condorpool - 71
1645666243 frequency_ID0000058 JOB_TERMINATED 2563.0 condorpool - 68
1645666244 frequency_ID0000058 JOB_SUCCESS 0 condorpool - 68
1645666244 frequency_ID0000058 POST_SCRIPT_STARTED 2563.0 condorpool - 68
1645666245 frequency_ID0000064 POST_SCRIPT_TERMINATED 2566.0 condorpool - 71
1645666250 frequency_ID0000064 POST_SCRIPT_SUCCESS 0 condorpool - 71
1645666245 frequency_ID0000058 POST_SCRIPT_TERMINATED 2563.0 condorpool - 68
1645666250 frequency_ID0000058 POST_SCRIPT_SUCCESS 0 condorpool - 68
1645666274 frequency_ID0000066 JOB_TERMINATED 2568.0 condorpool - 73
1645666275 frequency_ID0000066 JOB_SUCCESS 0 condorpool - 73
1645666275 frequency_ID0000066 POST_SCRIPT_STARTED 2568.0 condorpool - 73
1645666275 frequency_ID0000066 POST_SCRIPT_TERMINATED 2568.0 condorpool - 73
1645666280 frequency_ID0000066 POST_SCRIPT_SUCCESS 0 condorpool - 73
1645666295 frequency_ID0000056 JOB_TERMINATED 2570.0 condorpool - 75
1645666295 frequency_ID0000056 JOB_SUCCESS 0 condorpool - 75
1645666295 frequency_ID0000056 POST_SCRIPT_STARTED 2570.0 condorpool - 75
1645666296 frequency_ID0000056 POST_SCRIPT_TERMINATED 2570.0 condorpool - 75
1645666300 frequency_ID0000056 POST_SCRIPT_SUCCESS 0 condorpool - 75
1645666303 frequency_ID0000054 JOB_TERMINATED 2567.0 condorpool - 72
1645666305 frequency_ID0000054 JOB_SUCCESS 0 condorpool - 72
1645666305 frequency_ID0000054 POST_SCRIPT_STARTED 2567.0 condorpool - 72
1645666305 stage_out_local_local_2_1 SUBMIT 2573.0 local - 78
1645666305 stage_out_local_local_2_1 EXECUTE 2573.0 local - 78
1645666305 frequency_ID0000054 POST_SCRIPT_TERMINATED 2567.0 condorpool - 72
1645666310 frequency_ID0000054 POST_SCRIPT_SUCCESS 0 condorpool - 72
1645666309 stage_out_local_local_2_1 JOB_TERMINATED 2573.0 local - 78
1645666310 stage_out_local_local_2_1 JOB_SUCCESS 0 local - 78
1645666310 stage_out_local_local_2_1 POST_SCRIPT_STARTED 2573.0 local - 78
1645666310 stage_out_local_local_2_1 POST_SCRIPT_TERMINATED 2573.0 local - 78
1645666315 stage_out_local_local_2_1 POST_SCRIPT_SUCCESS 0 local - 78
1645666315 stage_out_local_local_2_0 SUBMIT 2574.0 local - 79
1645666315 stage_out_local_local_2_0 EXECUTE 2574.0 local - 79
1645666319 stage_out_local_local_2_0 JOB_TERMINATED 2574.0 local - 79
1645666320 stage_out_local_local_2_0 JOB_SUCCESS 0 local - 79
1645666320 stage_out_local_local_2_0 POST_SCRIPT_STARTED 2574.0 local - 79
1645666320 stage_out_local_local_2_0 POST_SCRIPT_TERMINATED 2574.0 local - 79
1645666325 stage_out_local_local_2_0 POST_SCRIPT_SUCCESS 0 local - 79
1645666330 cleanup_1000-genome_0_local SUBMIT 2575.0 local - 80
1645666330 cleanup_1000-genome_0_local EXECUTE 2575.0 local - 80
1645666332 cleanup_1000-genome_0_local JOB_TERMINATED 2575.0 local - 80
1645666335 cleanup_1000-genome_0_local JOB_SUCCESS 0 local - 80
1645666335 cleanup_1000-genome_0_local POST_SCRIPT_STARTED 2575.0 local - 80
1645666335 cleanup_1000-genome_0_local POST_SCRIPT_TERMINATED 2575.0 local - 80
1645666340 cleanup_1000-genome_0_local POST_SCRIPT_SUCCESS 0 local - 80
1645666340 INTERNAL *** DAGMAN_FINISHED 0 ***
1645666342 INTERNAL *** MONITORD_FINISHED 0 ***
