======================================
1n_i50_10k-jobstate.log -
2n_i50_10k-jobstate.log -
3n_i50_10k-jobstate.log -
4n_i50_10k-jobstate.log -
5n_i50_10k-jobstate.log -
6n_i50_10k-jobstate.log 6132
7n_i50_10k-jobstate.log -
8n_i50_10k-jobstate.log -
9n_i50_10k-jobstate.log -
10n_i50_10k-jobstate.log -
11n_i50_10k-jobstate.log -
12n_i50_10k-jobstate.log 5976
======================================
1n_i50_10k: Runtime: 10484
2n_i50_10k: Runtime: 8407
3n_i50_10k: Runtime: 6999
4n_i50_10k: Runtime: 6631
5n_i50_10k: Runtime: 6352
6n_i50_10k: Runtime: 6132
7n_i50_10k: Runtime: -
8n_i50_10k: Runtime: -
9n_i50_10k: Runtime: 6071
10n_i50_10k: Runtime: 6105
11n_i50_10k: Runtime: 6069
12n_i50_10k: Runtime: 5976
======================================
1n_i50_10k: Runtime: 10484
4.923200316526564
2n_i50_10k: Runtime: 8407
8.673115848487212
3n_i50_10k: Runtime: 6999
12.37859290129941
4n_i50_10k: Runtime: 6631
15.909930586994792
5n_i50_10k: Runtime: 6352
19.445218249833808
6n_i50_10k: Runtime: 6132
22.56279682562631
7n_i50_10k: Runtime: -
8n_i50_10k: Runtime: -
9n_i50_10k: Runtime: 6071
33.339511506135246
10n_i50_10k: Runtime: 6105
36.867573821896414
11n_i50_10k: Runtime: 6069
40.11464384335798
12n_i50_10k: Runtime: 5976
42.618891447597846
======================================
1n_i50_10k: Runtime: 10484
4.923200316526564
2n_i50_10k: Runtime: 8407
8.673115848487212
3n_i50_10k: Runtime: 6999
12.37859290129941
4n_i50_10k: Runtime: 6631
15.909930586994792
5n_i50_10k: Runtime: 6352
19.445218249833808
6n_i50_10k: Runtime: 6132
22.56279682562631
7n_i50_10k: Runtime: -
8n_i50_10k: Runtime: -
9n_i50_10k: Runtime: 6071
33.339511506135246
10n_i50_10k: Runtime: 6105
36.867573821896414
11n_i50_10k: Runtime: 6069
40.11464384335798
12n_i50_10k: Runtime: 5976
42.618891447597846
======================================
1n_i50_10k: Runtime: 10484
4.923200316526564
2n_i50_10k: Runtime: 8407
8.673115848487212
3n_i50_10k: Runtime: 6999
12.37859290129941
4n_i50_10k: Runtime: 6631
15.909930586994792
5n_i50_10k: Runtime: 6352
19.445218249833808
6n_i50_10k: Runtime: 6132
22.56279682562631
7n_i50_10k: Runtime: 6027
26.467580179502118
8n_i50_10k: Runtime: 5866
29.725251771996522
9n_i50_10k: Runtime: 6071
33.339511506135246
10n_i50_10k: Runtime: 6105
36.867573821896414
11n_i50_10k: Runtime: 6069
40.11464384335798
12n_i50_10k: Runtime: 5976
42.618891447597846
