1646382225 INTERNAL *** MONITORD_STARTED ***
1646382224 INTERNAL *** DAGMAN_STARTED 4035.0 ***
1646382228 create_dir_1000-genome_0_local SUBMIT 4036.0 local - 161
1646382229 create_dir_1000-genome_0_local EXECUTE 4036.0 local - 161
1646382231 create_dir_1000-genome_0_local JOB_TERMINATED 4036.0 local - 161
1646382233 create_dir_1000-genome_0_local JOB_SUCCESS 0 local - 161
1646382233 create_dir_1000-genome_0_local POST_SCRIPT_STARTED 4036.0 local - 161
1646382233 create_dir_1000-genome_0_local POST_SCRIPT_TERMINATED 4036.0 local - 161
1646382238 create_dir_1000-genome_0_local POST_SCRIPT_SUCCESS 0 local - 161
1646382243 stage_in_remote_local_2_0 SUBMIT 4037.0 local - 162
1646382243 stage_in_remote_local_2_0 EXECUTE 4037.0 local - 162
1646382243 stage_in_remote_local_1_0 SUBMIT 4038.0 local - 163
1646382243 stage_in_remote_local_0_0 SUBMIT 4039.0 local - 164
1646382243 stage_in_local_local_0_0 SUBMIT 4040.0 local - 165
1646382243 stage_in_local_local_2_0 SUBMIT 4041.0 local - 166
1646382245 stage_in_remote_local_2_0 JOB_TERMINATED 4037.0 local - 162
1646382249 stage_in_remote_local_2_0 JOB_SUCCESS 0 local - 162
1646382249 stage_in_remote_local_2_0 POST_SCRIPT_STARTED 4037.0 local - 162
1646382245 stage_in_local_local_2_0 EXECUTE 4041.0 local - 166
1646382245 stage_in_local_local_0_0 EXECUTE 4040.0 local - 165
1646382245 stage_in_remote_local_0_0 EXECUTE 4039.0 local - 164
1646382246 stage_in_remote_local_1_0 EXECUTE 4038.0 local - 163
1646382248 stage_in_remote_local_1_0 JOB_TERMINATED 4038.0 local - 163
1646382249 stage_in_remote_local_1_0 JOB_SUCCESS 0 local - 163
1646382249 stage_in_remote_local_1_0 POST_SCRIPT_STARTED 4038.0 local - 163
1646382248 stage_in_local_local_0_0 JOB_TERMINATED 4040.0 local - 165
1646382249 stage_in_local_local_0_0 JOB_SUCCESS 0 local - 165
1646382249 stage_in_local_local_0_0 POST_SCRIPT_STARTED 4040.0 local - 165
1646382248 stage_in_remote_local_0_0 JOB_TERMINATED 4039.0 local - 164
1646382249 stage_in_remote_local_0_0 JOB_SUCCESS 0 local - 164
1646382249 stage_in_remote_local_0_0 POST_SCRIPT_STARTED 4039.0 local - 164
1646382248 stage_in_remote_local_0_1 SUBMIT 4042.0 local - 167
1646382248 stage_in_remote_local_0_1 EXECUTE 4042.0 local - 167
1646382248 stage_in_local_local_0_1 SUBMIT 4043.0 local - 168
1646382248 stage_in_local_local_2_1 SUBMIT 4044.0 local - 169
1646382248 stage_in_local_local_0_1 EXECUTE 4043.0 local - 168
1646382248 stage_in_local_local_2_1 EXECUTE 4044.0 local - 169
1646382248 stage_in_remote_local_2_1 SUBMIT 4045.0 local - 170
1646382249 stage_in_remote_local_2_1 EXECUTE 4045.0 local - 170
1646382249 stage_in_local_local_0_2 SUBMIT 4046.0 local - 171
1646382249 stage_in_remote_local_2_0 POST_SCRIPT_TERMINATED 4037.0 local - 162
1646382254 stage_in_remote_local_2_0 POST_SCRIPT_SUCCESS 0 local - 162
1646382249 stage_in_remote_local_0_0 POST_SCRIPT_TERMINATED 4039.0 local - 164
1646382254 stage_in_remote_local_0_0 POST_SCRIPT_SUCCESS 0 local - 164
1646382249 stage_in_remote_local_1_0 POST_SCRIPT_TERMINATED 4038.0 local - 163
1646382254 stage_in_remote_local_1_0 POST_SCRIPT_SUCCESS 0 local - 163
1646382249 stage_in_local_local_0_0 POST_SCRIPT_TERMINATED 4040.0 local - 165
1646382254 stage_in_local_local_0_0 POST_SCRIPT_SUCCESS 0 local - 165
1646382250 stage_in_local_local_2_0 JOB_TERMINATED 4041.0 local - 166
1646382254 stage_in_local_local_2_0 JOB_SUCCESS 0 local - 166
1646382254 stage_in_local_local_2_0 POST_SCRIPT_STARTED 4041.0 local - 166
1646382250 stage_in_local_local_0_2 EXECUTE 4046.0 local - 171
1646382251 stage_in_remote_local_0_1 JOB_TERMINATED 4042.0 local - 167
1646382254 stage_in_remote_local_0_1 JOB_SUCCESS 0 local - 167
1646382254 stage_in_remote_local_0_1 POST_SCRIPT_STARTED 4042.0 local - 167
1646382251 stage_in_local_local_0_1 JOB_TERMINATED 4043.0 local - 168
1646382254 stage_in_local_local_0_1 JOB_SUCCESS 0 local - 168
1646382254 stage_in_local_local_0_1 POST_SCRIPT_STARTED 4043.0 local - 168
1646382251 stage_in_remote_local_2_1 JOB_TERMINATED 4045.0 local - 170
1646382254 stage_in_remote_local_2_1 JOB_SUCCESS 0 local - 170
1646382254 stage_in_remote_local_2_1 POST_SCRIPT_STARTED 4045.0 local - 170
1646382252 stage_in_local_local_0_2 JOB_TERMINATED 4046.0 local - 171
1646382254 stage_in_local_local_0_2 JOB_SUCCESS 0 local - 171
1646382254 stage_in_local_local_0_2 POST_SCRIPT_STARTED 4046.0 local - 171
1646382253 stage_in_local_local_2_1 JOB_TERMINATED 4044.0 local - 169
1646382254 stage_in_local_local_2_1 JOB_SUCCESS 0 local - 169
1646382254 stage_in_local_local_2_1 POST_SCRIPT_STARTED 4044.0 local - 169
1646382254 stage_in_remote_local_2_1 POST_SCRIPT_TERMINATED 4045.0 local - 170
1646382259 stage_in_remote_local_2_1 POST_SCRIPT_SUCCESS 0 local - 170
1646382254 stage_in_local_local_0_1 POST_SCRIPT_TERMINATED 4043.0 local - 168
1646382259 stage_in_local_local_0_1 POST_SCRIPT_SUCCESS 0 local - 168
1646382254 stage_in_remote_local_0_1 POST_SCRIPT_TERMINATED 4042.0 local - 167
1646382259 stage_in_remote_local_0_1 POST_SCRIPT_SUCCESS 0 local - 167
1646382254 stage_in_local_local_2_1 POST_SCRIPT_TERMINATED 4044.0 local - 169
1646382259 stage_in_local_local_2_1 POST_SCRIPT_SUCCESS 0 local - 169
1646382254 stage_in_local_local_2_0 POST_SCRIPT_TERMINATED 4041.0 local - 166
1646382259 stage_in_local_local_2_0 POST_SCRIPT_SUCCESS 0 local - 166
1646382254 stage_in_local_local_0_2 POST_SCRIPT_TERMINATED 4046.0 local - 171
1646382259 stage_in_local_local_0_2 POST_SCRIPT_SUCCESS 0 local - 171
1646382264 individuals_ID0000037 SUBMIT 4047.0 condorpool - 172
1646382264 individuals_ID0000038 SUBMIT 4048.0 condorpool - 173
1646382264 individuals_ID0000039 SUBMIT 4049.0 condorpool - 174
1646382264 individuals_ID0000033 SUBMIT 4050.0 condorpool - 175
1646382264 individuals_ID0000034 SUBMIT 4051.0 condorpool - 176
1646382269 individuals_ID0000035 SUBMIT 4052.0 condorpool - 177
1646382269 individuals_ID0000036 SUBMIT 4053.0 condorpool - 178
1646382270 individuals_ID0000030 SUBMIT 4054.0 condorpool - 179
1646382270 individuals_ID0000031 SUBMIT 4055.0 condorpool - 180
1646382270 individuals_ID0000032 SUBMIT 4056.0 condorpool - 181
1646382271 individuals_ID0000034 EXECUTE 4051.0 condorpool - 176
1646382272 individuals_ID0000038 EXECUTE 4048.0 condorpool - 173
1646382273 individuals_ID0000037 EXECUTE 4047.0 condorpool - 172
1646382273 individuals_ID0000033 EXECUTE 4050.0 condorpool - 175
1646382273 individuals_ID0000039 EXECUTE 4049.0 condorpool - 174
1646382275 individuals_ID0000004 SUBMIT 4057.0 condorpool - 182
1646382275 individuals_ID0000048 SUBMIT 4058.0 condorpool - 183
1646382275 individuals_ID0000005 SUBMIT 4059.0 condorpool - 184
1646382275 individuals_ID0000049 SUBMIT 4060.0 condorpool - 185
1646382275 individuals_ID0000006 SUBMIT 4061.0 condorpool - 186
1646382280 individuals_ID0000007 SUBMIT 4062.0 condorpool - 187
1646382280 individuals_ID0000044 SUBMIT 4063.0 condorpool - 188
1646382280 individuals_ID0000001 SUBMIT 4064.0 condorpool - 189
1646382280 individuals_ID0000045 SUBMIT 4065.0 condorpool - 190
1646382280 individuals_ID0000002 SUBMIT 4066.0 condorpool - 191
1646382285 individuals_ID0000046 SUBMIT 4067.0 condorpool - 192
1646382285 individuals_ID0000003 SUBMIT 4068.0 condorpool - 193
1646382285 individuals_ID0000047 SUBMIT 4069.0 condorpool - 194
1646382285 individuals_ID0000008 SUBMIT 4070.0 condorpool - 195
1646382285 individuals_ID0000009 SUBMIT 4071.0 condorpool - 196
1646382290 individuals_ID0000040 SUBMIT 4072.0 condorpool - 197
1646382290 individuals_ID0000041 SUBMIT 4073.0 condorpool - 198
1646382290 individuals_ID0000042 SUBMIT 4074.0 condorpool - 199
1646382290 individuals_ID0000043 SUBMIT 4075.0 condorpool - 200
1646382291 individuals_ID0000015 SUBMIT 4076.0 condorpool - 201
1646382291 individuals_ID0000030 EXECUTE 4054.0 condorpool - 179
1646382296 individuals_ID0000016 SUBMIT 4077.0 condorpool - 202
1646382296 individuals_ID0000017 SUBMIT 4078.0 condorpool - 203
1646382296 individuals_ID0000018 SUBMIT 4079.0 condorpool - 204
1646382296 individuals_ID0000011 SUBMIT 4080.0 condorpool - 205
1646382296 individuals_ID0000012 SUBMIT 4081.0 condorpool - 206
1646382297 individuals_ID0000004 EXECUTE 4057.0 condorpool - 182
1646382297 individuals_ID0000048 EXECUTE 4058.0 condorpool - 183
1646382297 individuals_ID0000009 EXECUTE 4071.0 condorpool - 196
1646382298 individuals_ID0000036 EXECUTE 4053.0 condorpool - 178
1646382298 individuals_ID0000035 EXECUTE 4052.0 condorpool - 177
1646382298 individuals_ID0000046 EXECUTE 4067.0 condorpool - 192
1646382299 individuals_ID0000003 EXECUTE 4068.0 condorpool - 193
1646382299 individuals_ID0000045 EXECUTE 4065.0 condorpool - 190
1646382299 individuals_ID0000001 EXECUTE 4064.0 condorpool - 189
1646382299 individuals_ID0000044 EXECUTE 4063.0 condorpool - 188
1646382301 individuals_ID0000013 SUBMIT 4082.0 condorpool - 207
1646382301 individuals_ID0000014 SUBMIT 4083.0 condorpool - 208
1646382301 individuals_ID0000019 SUBMIT 4084.0 condorpool - 209
1646382301 individuals_ID0000010 SUBMIT 4085.0 condorpool - 210
1646382301 individuals_ID0000050 SUBMIT 4086.0 condorpool - 211
1646382305 individuals_ID0000031 EXECUTE 4055.0 condorpool - 180
1646382306 individuals_ID0000049 EXECUTE 4060.0 condorpool - 185
1646382306 individuals_ID0000026 SUBMIT 4087.0 condorpool - 212
1646382306 individuals_ID0000027 SUBMIT 4088.0 condorpool - 213
1646382306 individuals_ID0000028 SUBMIT 4089.0 condorpool - 214
1646382306 individuals_ID0000029 SUBMIT 4090.0 condorpool - 215
1646382306 individuals_ID0000022 SUBMIT 4091.0 condorpool - 216
1646382311 individuals_ID0000023 SUBMIT 4092.0 condorpool - 217
1646382311 individuals_ID0000024 SUBMIT 4093.0 condorpool - 218
1646382311 individuals_ID0000025 SUBMIT 4094.0 condorpool - 219
1646382311 individuals_ID0000020 SUBMIT 4095.0 condorpool - 220
1646382311 individuals_ID0000021 SUBMIT 4096.0 condorpool - 221
1646382313 individuals_ID0000013 EXECUTE 4082.0 condorpool - 207
1646382315 individuals_ID0000032 EXECUTE 4056.0 condorpool - 181
1646382317 sifting_ID0000052 SUBMIT 4097.0 condorpool - 222
1646382317 individuals_ID0000047 EXECUTE 4069.0 condorpool - 194
1646382317 individuals_ID0000008 EXECUTE 4070.0 condorpool - 195
1646382318 individuals_ID0000006 EXECUTE 4061.0 condorpool - 186
1646382319 individuals_ID0000005 EXECUTE 4059.0 condorpool - 184
1646382319 individuals_ID0000007 EXECUTE 4062.0 condorpool - 187
1646382322 individuals_ID0000002 EXECUTE 4066.0 condorpool - 191
1646382324 individuals_ID0000012 EXECUTE 4081.0 condorpool - 206
1646382325 individuals_ID0000011 EXECUTE 4080.0 condorpool - 205
1646382325 individuals_ID0000018 EXECUTE 4079.0 condorpool - 204
1646382327 individuals_ID0000017 EXECUTE 4078.0 condorpool - 203
1646382327 individuals_ID0000016 EXECUTE 4077.0 condorpool - 202
1646382327 individuals_ID0000043 EXECUTE 4075.0 condorpool - 200
1646382328 individuals_ID0000041 EXECUTE 4073.0 condorpool - 198
1646382331 individuals_ID0000040 EXECUTE 4072.0 condorpool - 197
1646382336 individuals_ID0000042 EXECUTE 4074.0 condorpool - 199
1646382337 individuals_ID0000015 EXECUTE 4076.0 condorpool - 201
1646382390 individuals_ID0000001 JOB_TERMINATED 4064.0 condorpool - 189
1646382392 individuals_ID0000001 JOB_SUCCESS 0 condorpool - 189
1646382392 individuals_ID0000001 POST_SCRIPT_STARTED 4064.0 condorpool - 189
1646382392 individuals_ID0000001 POST_SCRIPT_TERMINATED 4064.0 condorpool - 189
1646382397 individuals_ID0000001 POST_SCRIPT_SUCCESS 0 condorpool - 189
1646382395 individuals_ID0000014 EXECUTE 4083.0 condorpool - 208
1646382734 individuals_ID0000049 JOB_TERMINATED 4060.0 condorpool - 185
1646382737 individuals_ID0000049 JOB_SUCCESS 0 condorpool - 185
1646382737 individuals_ID0000049 POST_SCRIPT_STARTED 4060.0 condorpool - 185
1646382738 individuals_ID0000049 POST_SCRIPT_TERMINATED 4060.0 condorpool - 185
1646382742 individuals_ID0000049 POST_SCRIPT_SUCCESS 0 condorpool - 185
1646382738 individuals_ID0000007 JOB_TERMINATED 4062.0 condorpool - 187
1646382742 individuals_ID0000007 JOB_SUCCESS 0 condorpool - 187
1646382742 individuals_ID0000007 POST_SCRIPT_STARTED 4062.0 condorpool - 187
1646382738 individuals_ID0000019 EXECUTE 4084.0 condorpool - 209
1646382742 individuals_ID0000010 EXECUTE 4085.0 condorpool - 210
1646382742 individuals_ID0000007 POST_SCRIPT_TERMINATED 4062.0 condorpool - 187
1646382747 individuals_ID0000007 POST_SCRIPT_SUCCESS 0 condorpool - 187
1646382743 individuals_ID0000002 JOB_TERMINATED 4066.0 condorpool - 191
1646382747 individuals_ID0000002 JOB_SUCCESS 0 condorpool - 191
1646382747 individuals_ID0000002 POST_SCRIPT_STARTED 4066.0 condorpool - 191
1646382743 individuals_ID0000005 JOB_TERMINATED 4059.0 condorpool - 184
1646382747 individuals_ID0000005 JOB_SUCCESS 0 condorpool - 184
1646382747 individuals_ID0000005 POST_SCRIPT_STARTED 4059.0 condorpool - 184
1646382747 individuals_ID0000005 POST_SCRIPT_TERMINATED 4059.0 condorpool - 184
1646382752 individuals_ID0000005 POST_SCRIPT_SUCCESS 0 condorpool - 184
1646382747 individuals_ID0000002 POST_SCRIPT_TERMINATED 4066.0 condorpool - 191
1646382752 individuals_ID0000002 POST_SCRIPT_SUCCESS 0 condorpool - 191
1646382748 individuals_ID0000026 EXECUTE 4087.0 condorpool - 212
1646382749 individuals_ID0000050 EXECUTE 4086.0 condorpool - 211
1646382753 individuals_ID0000006 JOB_TERMINATED 4061.0 condorpool - 186
1646382757 individuals_ID0000006 JOB_SUCCESS 0 condorpool - 186
1646382757 individuals_ID0000006 POST_SCRIPT_STARTED 4061.0 condorpool - 186
1646382758 individuals_ID0000006 POST_SCRIPT_TERMINATED 4061.0 condorpool - 186
1646382762 individuals_ID0000006 POST_SCRIPT_SUCCESS 0 condorpool - 186
1646382759 individuals_ID0000027 EXECUTE 4088.0 condorpool - 213
1646382799 individuals_ID0000037 JOB_TERMINATED 4047.0 condorpool - 172
1646382802 individuals_ID0000037 JOB_SUCCESS 0 condorpool - 172
1646382802 individuals_ID0000037 POST_SCRIPT_STARTED 4047.0 condorpool - 172
1646382802 individuals_ID0000037 POST_SCRIPT_TERMINATED 4047.0 condorpool - 172
1646382807 individuals_ID0000037 POST_SCRIPT_SUCCESS 0 condorpool - 172
1646382803 individuals_ID0000033 JOB_TERMINATED 4050.0 condorpool - 175
1646382807 individuals_ID0000033 JOB_SUCCESS 0 condorpool - 175
1646382807 individuals_ID0000033 POST_SCRIPT_STARTED 4050.0 condorpool - 175
1646382803 individuals_ID0000028 EXECUTE 4089.0 condorpool - 214
1646382803 individuals_ID0000038 JOB_TERMINATED 4048.0 condorpool - 173
1646382807 individuals_ID0000038 JOB_SUCCESS 0 condorpool - 173
1646382807 individuals_ID0000038 POST_SCRIPT_STARTED 4048.0 condorpool - 173
1646382807 individuals_ID0000039 JOB_TERMINATED 4049.0 condorpool - 174
1646382807 individuals_ID0000039 JOB_SUCCESS 0 condorpool - 174
1646382807 individuals_ID0000039 POST_SCRIPT_STARTED 4049.0 condorpool - 174
1646382807 individuals_ID0000039 POST_SCRIPT_TERMINATED 4049.0 condorpool - 174
1646382812 individuals_ID0000039 POST_SCRIPT_SUCCESS 0 condorpool - 174
1646382808 individuals_ID0000033 POST_SCRIPT_TERMINATED 4050.0 condorpool - 175
1646382812 individuals_ID0000033 POST_SCRIPT_SUCCESS 0 condorpool - 175
1646382808 individuals_ID0000038 POST_SCRIPT_TERMINATED 4048.0 condorpool - 173
1646382812 individuals_ID0000038 POST_SCRIPT_SUCCESS 0 condorpool - 173
1646382809 individuals_ID0000029 EXECUTE 4090.0 condorpool - 215
1646382809 individuals_ID0000022 EXECUTE 4091.0 condorpool - 216
1646382813 individuals_ID0000023 EXECUTE 4092.0 condorpool - 217
1646382834 individuals_ID0000044 JOB_TERMINATED 4063.0 condorpool - 188
1646382837 individuals_ID0000044 JOB_SUCCESS 0 condorpool - 188
1646382837 individuals_ID0000044 POST_SCRIPT_STARTED 4063.0 condorpool - 188
1646382837 individuals_ID0000044 POST_SCRIPT_TERMINATED 4063.0 condorpool - 188
1646382842 individuals_ID0000044 POST_SCRIPT_SUCCESS 0 condorpool - 188
1646382838 individuals_ID0000045 JOB_TERMINATED 4065.0 condorpool - 190
1646382842 individuals_ID0000045 JOB_SUCCESS 0 condorpool - 190
1646382842 individuals_ID0000045 POST_SCRIPT_STARTED 4065.0 condorpool - 190
1646382839 individuals_ID0000024 EXECUTE 4093.0 condorpool - 218
1646382842 individuals_ID0000045 POST_SCRIPT_TERMINATED 4065.0 condorpool - 190
1646382847 individuals_ID0000045 POST_SCRIPT_SUCCESS 0 condorpool - 190
1646382843 individuals_ID0000025 EXECUTE 4094.0 condorpool - 219
1646382911 individuals_ID0000048 JOB_TERMINATED 4058.0 condorpool - 183
1646382912 individuals_ID0000048 JOB_SUCCESS 0 condorpool - 183
1646382912 individuals_ID0000048 POST_SCRIPT_STARTED 4058.0 condorpool - 183
1646382911 individuals_ID0000031 JOB_TERMINATED 4055.0 condorpool - 180
1646382912 individuals_ID0000031 JOB_SUCCESS 0 condorpool - 180
1646382912 individuals_ID0000031 POST_SCRIPT_STARTED 4055.0 condorpool - 180
1646382913 individuals_ID0000048 POST_SCRIPT_TERMINATED 4058.0 condorpool - 183
1646382917 individuals_ID0000048 POST_SCRIPT_SUCCESS 0 condorpool - 183
1646382913 individuals_ID0000031 POST_SCRIPT_TERMINATED 4055.0 condorpool - 180
1646382917 individuals_ID0000031 POST_SCRIPT_SUCCESS 0 condorpool - 180
1646382913 individuals_ID0000004 JOB_TERMINATED 4057.0 condorpool - 182
1646382917 individuals_ID0000004 JOB_SUCCESS 0 condorpool - 182
1646382917 individuals_ID0000004 POST_SCRIPT_STARTED 4057.0 condorpool - 182
1646382917 individuals_ID0000004 POST_SCRIPT_TERMINATED 4057.0 condorpool - 182
1646382922 individuals_ID0000004 POST_SCRIPT_SUCCESS 0 condorpool - 182
1646382925 sifting_ID0000052 EXECUTE 4097.0 condorpool - 222
1646382927 individuals_ID0000046 JOB_TERMINATED 4067.0 condorpool - 192
1646382927 individuals_ID0000046 JOB_SUCCESS 0 condorpool - 192
1646382927 individuals_ID0000046 POST_SCRIPT_STARTED 4067.0 condorpool - 192
1646382927 individuals_ID0000020 EXECUTE 4095.0 condorpool - 220
1646382927 individuals_ID0000046 POST_SCRIPT_TERMINATED 4067.0 condorpool - 192
1646382932 individuals_ID0000046 POST_SCRIPT_SUCCESS 0 condorpool - 192
1646382927 individuals_ID0000021 EXECUTE 4096.0 condorpool - 221
1646382930 sifting_ID0000052 JOB_TERMINATED 4097.0 condorpool - 222
1646382932 sifting_ID0000052 JOB_SUCCESS 0 condorpool - 222
1646382932 sifting_ID0000052 POST_SCRIPT_STARTED 4097.0 condorpool - 222
1646382933 sifting_ID0000052 POST_SCRIPT_TERMINATED 4097.0 condorpool - 222
1646382937 sifting_ID0000052 POST_SCRIPT_SUCCESS 0 condorpool - 222
1646382945 individuals_ID0000012 JOB_TERMINATED 4081.0 condorpool - 206
1646382947 individuals_ID0000012 JOB_SUCCESS 0 condorpool - 206
1646382947 individuals_ID0000012 POST_SCRIPT_STARTED 4081.0 condorpool - 206
1646382946 individuals_ID0000003 JOB_TERMINATED 4068.0 condorpool - 193
1646382947 individuals_ID0000003 JOB_SUCCESS 0 condorpool - 193
1646382947 individuals_ID0000003 POST_SCRIPT_STARTED 4068.0 condorpool - 193
1646382947 individuals_ID0000003 POST_SCRIPT_TERMINATED 4068.0 condorpool - 193
1646382952 individuals_ID0000003 POST_SCRIPT_SUCCESS 0 condorpool - 193
1646382947 individuals_ID0000012 POST_SCRIPT_TERMINATED 4081.0 condorpool - 206
1646382952 individuals_ID0000012 POST_SCRIPT_SUCCESS 0 condorpool - 206
1646382955 individuals_ID0000034 JOB_TERMINATED 4051.0 condorpool - 176
1646382957 individuals_ID0000034 JOB_SUCCESS 0 condorpool - 176
1646382957 individuals_ID0000034 POST_SCRIPT_STARTED 4051.0 condorpool - 176
1646382957 individuals_ID0000034 POST_SCRIPT_TERMINATED 4051.0 condorpool - 176
1646382962 individuals_ID0000034 POST_SCRIPT_SUCCESS 0 condorpool - 176
1646382958 individuals_ID0000008 JOB_TERMINATED 4070.0 condorpool - 195
1646382962 individuals_ID0000008 JOB_SUCCESS 0 condorpool - 195
1646382962 individuals_ID0000008 POST_SCRIPT_STARTED 4070.0 condorpool - 195
1646382960 individuals_ID0000018 JOB_TERMINATED 4079.0 condorpool - 204
1646382962 individuals_ID0000018 JOB_SUCCESS 0 condorpool - 204
1646382962 individuals_ID0000018 POST_SCRIPT_STARTED 4079.0 condorpool - 204
1646382963 individuals_ID0000008 POST_SCRIPT_TERMINATED 4070.0 condorpool - 195
1646382967 individuals_ID0000008 POST_SCRIPT_SUCCESS 0 condorpool - 195
1646382963 individuals_ID0000018 POST_SCRIPT_TERMINATED 4079.0 condorpool - 204
1646382967 individuals_ID0000018 POST_SCRIPT_SUCCESS 0 condorpool - 204
1646382963 individuals_ID0000047 JOB_TERMINATED 4069.0 condorpool - 194
1646382967 individuals_ID0000047 JOB_SUCCESS 0 condorpool - 194
1646382967 individuals_ID0000047 POST_SCRIPT_STARTED 4069.0 condorpool - 194
1646382967 individuals_ID0000047 POST_SCRIPT_TERMINATED 4069.0 condorpool - 194
1646382972 individuals_ID0000047 POST_SCRIPT_SUCCESS 0 condorpool - 194
1646382969 individuals_ID0000032 JOB_TERMINATED 4056.0 condorpool - 181
1646382972 individuals_ID0000032 JOB_SUCCESS 0 condorpool - 181
1646382972 individuals_ID0000032 POST_SCRIPT_STARTED 4056.0 condorpool - 181
1646382970 individuals_ID0000014 JOB_TERMINATED 4083.0 condorpool - 208
1646382972 individuals_ID0000014 JOB_SUCCESS 0 condorpool - 208
1646382972 individuals_ID0000014 POST_SCRIPT_STARTED 4083.0 condorpool - 208
1646382972 individuals_ID0000032 POST_SCRIPT_TERMINATED 4056.0 condorpool - 181
1646382977 individuals_ID0000032 POST_SCRIPT_SUCCESS 0 condorpool - 181
1646382973 individuals_ID0000014 POST_SCRIPT_TERMINATED 4083.0 condorpool - 208
1646382977 individuals_ID0000014 POST_SCRIPT_SUCCESS 0 condorpool - 208
1646382982 individuals_ID0000013 JOB_TERMINATED 4082.0 condorpool - 207
1646382987 individuals_ID0000013 JOB_SUCCESS 0 condorpool - 207
1646382987 individuals_ID0000013 POST_SCRIPT_STARTED 4082.0 condorpool - 207
1646382987 individuals_ID0000013 POST_SCRIPT_TERMINATED 4082.0 condorpool - 207
1646382992 individuals_ID0000013 POST_SCRIPT_SUCCESS 0 condorpool - 207
1646382997 individuals_ID0000011 JOB_TERMINATED 4080.0 condorpool - 205
1646383002 individuals_ID0000011 JOB_SUCCESS 0 condorpool - 205
1646383002 individuals_ID0000011 POST_SCRIPT_STARTED 4080.0 condorpool - 205
1646383002 individuals_ID0000011 POST_SCRIPT_TERMINATED 4080.0 condorpool - 205
1646383007 individuals_ID0000011 POST_SCRIPT_SUCCESS 0 condorpool - 205
1646383013 individuals_ID0000030 JOB_TERMINATED 4054.0 condorpool - 179
1646383017 individuals_ID0000030 JOB_SUCCESS 0 condorpool - 179
1646383017 individuals_ID0000030 POST_SCRIPT_STARTED 4054.0 condorpool - 179
1646383017 individuals_ID0000036 JOB_TERMINATED 4053.0 condorpool - 178
1646383017 individuals_ID0000036 JOB_SUCCESS 0 condorpool - 178
1646383017 individuals_ID0000036 POST_SCRIPT_STARTED 4053.0 condorpool - 178
1646383018 individuals_ID0000030 POST_SCRIPT_TERMINATED 4054.0 condorpool - 179
1646383022 individuals_ID0000030 POST_SCRIPT_SUCCESS 0 condorpool - 179
1646383018 individuals_ID0000036 POST_SCRIPT_TERMINATED 4053.0 condorpool - 178
1646383022 individuals_ID0000036 POST_SCRIPT_SUCCESS 0 condorpool - 178
1646383019 individuals_ID0000035 JOB_TERMINATED 4052.0 condorpool - 177
1646383022 individuals_ID0000035 JOB_SUCCESS 0 condorpool - 177
1646383022 individuals_ID0000035 POST_SCRIPT_STARTED 4052.0 condorpool - 177
1646383020 individuals_ID0000015 JOB_TERMINATED 4076.0 condorpool - 201
1646383022 individuals_ID0000015 JOB_SUCCESS 0 condorpool - 201
1646383022 individuals_ID0000015 POST_SCRIPT_STARTED 4076.0 condorpool - 201
1646383022 individuals_ID0000035 POST_SCRIPT_TERMINATED 4052.0 condorpool - 177
1646383027 individuals_ID0000035 POST_SCRIPT_SUCCESS 0 condorpool - 177
1646383022 individuals_ID0000015 POST_SCRIPT_TERMINATED 4076.0 condorpool - 201
1646383027 individuals_ID0000015 POST_SCRIPT_SUCCESS 0 condorpool - 201
1646383024 individuals_ID0000017 JOB_TERMINATED 4078.0 condorpool - 203
1646383027 individuals_ID0000017 JOB_SUCCESS 0 condorpool - 203
1646383027 individuals_ID0000017 POST_SCRIPT_STARTED 4078.0 condorpool - 203
1646383027 individuals_ID0000017 POST_SCRIPT_TERMINATED 4078.0 condorpool - 203
1646383032 individuals_ID0000017 POST_SCRIPT_SUCCESS 0 condorpool - 203
1646383029 individuals_ID0000043 JOB_TERMINATED 4075.0 condorpool - 200
1646383032 individuals_ID0000043 JOB_SUCCESS 0 condorpool - 200
1646383032 individuals_ID0000043 POST_SCRIPT_STARTED 4075.0 condorpool - 200
1646383033 individuals_ID0000043 POST_SCRIPT_TERMINATED 4075.0 condorpool - 200
1646383037 individuals_ID0000043 POST_SCRIPT_SUCCESS 0 condorpool - 200
1646383034 individuals_ID0000016 JOB_TERMINATED 4077.0 condorpool - 202
1646383037 individuals_ID0000016 JOB_SUCCESS 0 condorpool - 202
1646383037 individuals_ID0000016 POST_SCRIPT_STARTED 4077.0 condorpool - 202
1646383037 individuals_ID0000016 POST_SCRIPT_TERMINATED 4077.0 condorpool - 202
1646383042 individuals_ID0000016 POST_SCRIPT_SUCCESS 0 condorpool - 202
1646383059 individuals_ID0000009 JOB_TERMINATED 4071.0 condorpool - 196
1646383062 individuals_ID0000009 JOB_SUCCESS 0 condorpool - 196
1646383062 individuals_ID0000009 POST_SCRIPT_STARTED 4071.0 condorpool - 196
1646383062 individuals_ID0000009 POST_SCRIPT_TERMINATED 4071.0 condorpool - 196
1646383067 individuals_ID0000009 POST_SCRIPT_SUCCESS 0 condorpool - 196
1646383066 individuals_ID0000040 JOB_TERMINATED 4072.0 condorpool - 197
1646383067 individuals_ID0000040 JOB_SUCCESS 0 condorpool - 197
1646383067 individuals_ID0000040 POST_SCRIPT_STARTED 4072.0 condorpool - 197
1646383067 individuals_ID0000042 JOB_TERMINATED 4074.0 condorpool - 199
1646383067 individuals_ID0000042 JOB_SUCCESS 0 condorpool - 199
1646383067 individuals_ID0000042 POST_SCRIPT_STARTED 4074.0 condorpool - 199
1646383068 individuals_ID0000040 POST_SCRIPT_TERMINATED 4072.0 condorpool - 197
1646383072 individuals_ID0000040 POST_SCRIPT_SUCCESS 0 condorpool - 197
1646383068 individuals_ID0000042 POST_SCRIPT_TERMINATED 4074.0 condorpool - 199
1646383072 individuals_ID0000042 POST_SCRIPT_SUCCESS 0 condorpool - 199
1646383068 individuals_ID0000041 JOB_TERMINATED 4073.0 condorpool - 198
1646383072 individuals_ID0000041 JOB_SUCCESS 0 condorpool - 198
1646383072 individuals_ID0000041 POST_SCRIPT_STARTED 4073.0 condorpool - 198
1646383072 individuals_ID0000041 POST_SCRIPT_TERMINATED 4073.0 condorpool - 198
1646383077 individuals_ID0000041 POST_SCRIPT_SUCCESS 0 condorpool - 198
1646383166 individuals_ID0000019 JOB_TERMINATED 4084.0 condorpool - 209
1646383167 individuals_ID0000019 JOB_SUCCESS 0 condorpool - 209
1646383167 individuals_ID0000019 POST_SCRIPT_STARTED 4084.0 condorpool - 209
1646383167 individuals_ID0000019 POST_SCRIPT_TERMINATED 4084.0 condorpool - 209
1646383172 individuals_ID0000019 POST_SCRIPT_SUCCESS 0 condorpool - 209
1646383168 individuals_ID0000026 JOB_TERMINATED 4087.0 condorpool - 212
1646383172 individuals_ID0000026 JOB_SUCCESS 0 condorpool - 212
1646383172 individuals_ID0000026 POST_SCRIPT_STARTED 4087.0 condorpool - 212
1646383173 individuals_ID0000026 POST_SCRIPT_TERMINATED 4087.0 condorpool - 212
1646383178 individuals_ID0000026 POST_SCRIPT_SUCCESS 0 condorpool - 212
1646383176 individuals_ID0000010 JOB_TERMINATED 4085.0 condorpool - 210
1646383178 individuals_ID0000010 JOB_SUCCESS 0 condorpool - 210
1646383178 individuals_ID0000010 POST_SCRIPT_STARTED 4085.0 condorpool - 210
1646383178 individuals_ID0000010 POST_SCRIPT_TERMINATED 4085.0 condorpool - 210
1646383183 individuals_ID0000010 POST_SCRIPT_SUCCESS 0 condorpool - 210
1646383181 individuals_ID0000027 JOB_TERMINATED 4088.0 condorpool - 213
1646383183 individuals_ID0000027 JOB_SUCCESS 0 condorpool - 213
1646383183 individuals_ID0000027 POST_SCRIPT_STARTED 4088.0 condorpool - 213
1646383183 individuals_ID0000027 POST_SCRIPT_TERMINATED 4088.0 condorpool - 213
1646383188 individuals_ID0000027 POST_SCRIPT_SUCCESS 0 condorpool - 213
1646383253 individuals_ID0000050 JOB_TERMINATED 4086.0 condorpool - 211
1646383254 individuals_ID0000050 JOB_SUCCESS 0 condorpool - 211
1646383254 individuals_ID0000050 POST_SCRIPT_STARTED 4086.0 condorpool - 211
1646383254 individuals_ID0000050 POST_SCRIPT_TERMINATED 4086.0 condorpool - 211
1646383259 individuals_ID0000050 POST_SCRIPT_SUCCESS 0 condorpool - 211
1646383313 individuals_ID0000024 JOB_TERMINATED 4093.0 condorpool - 218
1646383314 individuals_ID0000024 JOB_SUCCESS 0 condorpool - 218
1646383314 individuals_ID0000024 POST_SCRIPT_STARTED 4093.0 condorpool - 218
1646383314 individuals_ID0000024 POST_SCRIPT_TERMINATED 4093.0 condorpool - 218
1646383319 individuals_ID0000024 POST_SCRIPT_SUCCESS 0 condorpool - 218
1646383322 individuals_ID0000025 JOB_TERMINATED 4094.0 condorpool - 219
1646383324 individuals_ID0000025 JOB_SUCCESS 0 condorpool - 219
1646383324 individuals_ID0000025 POST_SCRIPT_STARTED 4094.0 condorpool - 219
1646383325 individuals_ID0000025 POST_SCRIPT_TERMINATED 4094.0 condorpool - 219
1646383329 individuals_ID0000025 POST_SCRIPT_SUCCESS 0 condorpool - 219
1646383347 individuals_ID0000028 JOB_TERMINATED 4089.0 condorpool - 214
1646383349 individuals_ID0000028 JOB_SUCCESS 0 condorpool - 214
1646383349 individuals_ID0000028 POST_SCRIPT_STARTED 4089.0 condorpool - 214
1646383348 individuals_ID0000022 JOB_TERMINATED 4091.0 condorpool - 216
1646383349 individuals_ID0000022 JOB_SUCCESS 0 condorpool - 216
1646383349 individuals_ID0000022 POST_SCRIPT_STARTED 4091.0 condorpool - 216
1646383349 individuals_ID0000028 POST_SCRIPT_TERMINATED 4089.0 condorpool - 214
1646383354 individuals_ID0000028 POST_SCRIPT_SUCCESS 0 condorpool - 214
1646383349 individuals_ID0000022 POST_SCRIPT_TERMINATED 4091.0 condorpool - 216
1646383354 individuals_ID0000022 POST_SCRIPT_SUCCESS 0 condorpool - 216
1646383351 individuals_ID0000023 JOB_TERMINATED 4092.0 condorpool - 217
1646383354 individuals_ID0000023 JOB_SUCCESS 0 condorpool - 217
1646383354 individuals_ID0000023 POST_SCRIPT_STARTED 4092.0 condorpool - 217
1646383354 individuals_ID0000029 JOB_TERMINATED 4090.0 condorpool - 215
1646383359 individuals_ID0000029 JOB_SUCCESS 0 condorpool - 215
1646383359 individuals_ID0000029 POST_SCRIPT_STARTED 4090.0 condorpool - 215
1646383354 individuals_ID0000023 POST_SCRIPT_TERMINATED 4092.0 condorpool - 217
1646383359 individuals_ID0000023 POST_SCRIPT_SUCCESS 0 condorpool - 217
1646383360 individuals_ID0000029 POST_SCRIPT_TERMINATED 4090.0 condorpool - 215
1646383364 individuals_ID0000029 POST_SCRIPT_SUCCESS 0 condorpool - 215
1646383390 individuals_ID0000021 JOB_TERMINATED 4096.0 condorpool - 221
1646383394 individuals_ID0000021 JOB_SUCCESS 0 condorpool - 221
1646383394 individuals_ID0000021 POST_SCRIPT_STARTED 4096.0 condorpool - 221
1646383394 individuals_ID0000021 POST_SCRIPT_TERMINATED 4096.0 condorpool - 221
1646383399 individuals_ID0000021 POST_SCRIPT_SUCCESS 0 condorpool - 221
1646383396 individuals_ID0000020 JOB_TERMINATED 4095.0 condorpool - 220
1646383399 individuals_ID0000020 JOB_SUCCESS 0 condorpool - 220
1646383399 individuals_ID0000020 POST_SCRIPT_STARTED 4095.0 condorpool - 220
1646383399 individuals_ID0000020 POST_SCRIPT_TERMINATED 4095.0 condorpool - 220
1646383404 individuals_ID0000020 POST_SCRIPT_SUCCESS 0 condorpool - 220
1646383409 individuals_merge_ID0000051 SUBMIT 4098.0 condorpool - 223
1646383414 individuals_merge_ID0000051 EXECUTE 4098.0 condorpool - 223
1646387464 individuals_merge_ID0000051 JOB_TERMINATED 4098.0 condorpool - 223
1646387468 individuals_merge_ID0000051 JOB_SUCCESS 0 condorpool - 223
1646387468 individuals_merge_ID0000051 POST_SCRIPT_STARTED 4098.0 condorpool - 223
1646387468 individuals_merge_ID0000051 POST_SCRIPT_TERMINATED 4098.0 condorpool - 223
1646387473 individuals_merge_ID0000051 POST_SCRIPT_SUCCESS 0 condorpool - 223
1646387478 frequency_ID0000060 SUBMIT 4099.0 condorpool - 224
1646387478 frequency_ID0000062 SUBMIT 4100.0 condorpool - 225
1646387478 mutation_overlap_ID0000053 SUBMIT 4101.0 condorpool - 226
1646387478 mutation_overlap_ID0000063 SUBMIT 4102.0 condorpool - 227
1646387479 frequency_ID0000058 SUBMIT 4103.0 condorpool - 228
1646387480 frequency_ID0000060 EXECUTE 4099.0 condorpool - 224
1646387480 frequency_ID0000062 EXECUTE 4100.0 condorpool - 225
1646387484 mutation_overlap_ID0000055 SUBMIT 4104.0 condorpool - 229
1646387484 mutation_overlap_ID0000065 SUBMIT 4105.0 condorpool - 230
1646387484 frequency_ID0000064 SUBMIT 4106.0 condorpool - 231
1646387484 frequency_ID0000054 SUBMIT 4107.0 condorpool - 232
1646387484 frequency_ID0000066 SUBMIT 4108.0 condorpool - 233
1646387489 mutation_overlap_ID0000061 SUBMIT 4109.0 condorpool - 234
1646387489 frequency_ID0000056 SUBMIT 4110.0 condorpool - 235
1646387489 mutation_overlap_ID0000057 SUBMIT 4111.0 condorpool - 236
1646387489 mutation_overlap_ID0000059 SUBMIT 4112.0 condorpool - 237
1646387499 mutation_overlap_ID0000053 EXECUTE 4101.0 condorpool - 226
1646387499 mutation_overlap_ID0000059 EXECUTE 4112.0 condorpool - 237
1646387499 mutation_overlap_ID0000057 EXECUTE 4111.0 condorpool - 236
1646387499 mutation_overlap_ID0000063 EXECUTE 4102.0 condorpool - 227
1646387499 frequency_ID0000054 EXECUTE 4107.0 condorpool - 232
1646387499 mutation_overlap_ID0000061 EXECUTE 4109.0 condorpool - 234
1646387499 frequency_ID0000066 EXECUTE 4108.0 condorpool - 233
1646387499 frequency_ID0000056 EXECUTE 4110.0 condorpool - 235
1646387500 mutation_overlap_ID0000055 EXECUTE 4104.0 condorpool - 229
1646387500 frequency_ID0000058 EXECUTE 4103.0 condorpool - 228
1646387500 frequency_ID0000064 EXECUTE 4106.0 condorpool - 231
1646387500 mutation_overlap_ID0000065 EXECUTE 4105.0 condorpool - 230
1646387699 mutation_overlap_ID0000065 JOB_TERMINATED 4105.0 condorpool - 230
1646387704 mutation_overlap_ID0000065 JOB_SUCCESS 0 condorpool - 230
1646387704 mutation_overlap_ID0000065 POST_SCRIPT_STARTED 4105.0 condorpool - 230
1646387702 mutation_overlap_ID0000063 JOB_TERMINATED 4102.0 condorpool - 227
1646387704 mutation_overlap_ID0000063 JOB_SUCCESS 0 condorpool - 227
1646387704 mutation_overlap_ID0000063 POST_SCRIPT_STARTED 4102.0 condorpool - 227
1646387704 mutation_overlap_ID0000059 JOB_TERMINATED 4112.0 condorpool - 237
1646387704 mutation_overlap_ID0000059 JOB_SUCCESS 0 condorpool - 237
1646387704 mutation_overlap_ID0000059 POST_SCRIPT_STARTED 4112.0 condorpool - 237
1646387704 mutation_overlap_ID0000063 POST_SCRIPT_TERMINATED 4102.0 condorpool - 227
1646387709 mutation_overlap_ID0000063 POST_SCRIPT_SUCCESS 0 condorpool - 227
1646387704 mutation_overlap_ID0000065 POST_SCRIPT_TERMINATED 4105.0 condorpool - 230
1646387709 mutation_overlap_ID0000065 POST_SCRIPT_SUCCESS 0 condorpool - 230
1646387704 mutation_overlap_ID0000059 POST_SCRIPT_TERMINATED 4112.0 condorpool - 237
1646387709 mutation_overlap_ID0000059 POST_SCRIPT_SUCCESS 0 condorpool - 237
1646387705 mutation_overlap_ID0000055 JOB_TERMINATED 4104.0 condorpool - 229
1646387709 mutation_overlap_ID0000055 JOB_SUCCESS 0 condorpool - 229
1646387709 mutation_overlap_ID0000055 POST_SCRIPT_STARTED 4104.0 condorpool - 229
1646387707 mutation_overlap_ID0000053 JOB_TERMINATED 4101.0 condorpool - 226
1646387709 mutation_overlap_ID0000053 JOB_SUCCESS 0 condorpool - 226
1646387709 mutation_overlap_ID0000053 POST_SCRIPT_STARTED 4101.0 condorpool - 226
1646387708 mutation_overlap_ID0000061 JOB_TERMINATED 4109.0 condorpool - 234
1646387709 mutation_overlap_ID0000061 JOB_SUCCESS 0 condorpool - 234
1646387709 mutation_overlap_ID0000061 POST_SCRIPT_STARTED 4109.0 condorpool - 234
1646387710 mutation_overlap_ID0000053 POST_SCRIPT_TERMINATED 4101.0 condorpool - 226
1646387714 mutation_overlap_ID0000053 POST_SCRIPT_SUCCESS 0 condorpool - 226
1646387710 mutation_overlap_ID0000055 POST_SCRIPT_TERMINATED 4104.0 condorpool - 229
1646387714 mutation_overlap_ID0000055 POST_SCRIPT_SUCCESS 0 condorpool - 229
1646387710 mutation_overlap_ID0000061 POST_SCRIPT_TERMINATED 4109.0 condorpool - 234
1646387714 mutation_overlap_ID0000061 POST_SCRIPT_SUCCESS 0 condorpool - 234
1646387747 mutation_overlap_ID0000057 JOB_TERMINATED 4111.0 condorpool - 236
1646387749 mutation_overlap_ID0000057 JOB_SUCCESS 0 condorpool - 236
1646387749 mutation_overlap_ID0000057 POST_SCRIPT_STARTED 4111.0 condorpool - 236
1646387749 mutation_overlap_ID0000057 POST_SCRIPT_TERMINATED 4111.0 condorpool - 236
1646387754 mutation_overlap_ID0000057 POST_SCRIPT_SUCCESS 0 condorpool - 236
1646388133 frequency_ID0000060 JOB_TERMINATED 4099.0 condorpool - 224
1646388134 frequency_ID0000060 JOB_SUCCESS 0 condorpool - 224
1646388134 frequency_ID0000060 POST_SCRIPT_STARTED 4099.0 condorpool - 224
1646388135 frequency_ID0000060 POST_SCRIPT_TERMINATED 4099.0 condorpool - 224
1646388139 frequency_ID0000060 POST_SCRIPT_SUCCESS 0 condorpool - 224
1646388140 frequency_ID0000062 JOB_TERMINATED 4100.0 condorpool - 225
1646388144 frequency_ID0000062 JOB_SUCCESS 0 condorpool - 225
1646388144 frequency_ID0000062 POST_SCRIPT_STARTED 4100.0 condorpool - 225
1646388144 frequency_ID0000062 POST_SCRIPT_TERMINATED 4100.0 condorpool - 225
1646388149 frequency_ID0000062 POST_SCRIPT_SUCCESS 0 condorpool - 225
1646388170 frequency_ID0000064 JOB_TERMINATED 4106.0 condorpool - 231
1646388174 frequency_ID0000064 JOB_SUCCESS 0 condorpool - 231
1646388174 frequency_ID0000064 POST_SCRIPT_STARTED 4106.0 condorpool - 231
1646388175 frequency_ID0000064 POST_SCRIPT_TERMINATED 4106.0 condorpool - 231
1646388179 frequency_ID0000064 POST_SCRIPT_SUCCESS 0 condorpool - 231
1646388179 frequency_ID0000058 JOB_TERMINATED 4103.0 condorpool - 228
1646388179 frequency_ID0000058 JOB_SUCCESS 0 condorpool - 228
1646388179 frequency_ID0000058 POST_SCRIPT_STARTED 4103.0 condorpool - 228
1646388179 frequency_ID0000058 POST_SCRIPT_TERMINATED 4103.0 condorpool - 228
1646388184 frequency_ID0000058 POST_SCRIPT_SUCCESS 0 condorpool - 228
1646388231 frequency_ID0000066 JOB_TERMINATED 4108.0 condorpool - 233
1646388234 frequency_ID0000066 JOB_SUCCESS 0 condorpool - 233
1646388234 frequency_ID0000066 POST_SCRIPT_STARTED 4108.0 condorpool - 233
1646388235 frequency_ID0000066 POST_SCRIPT_TERMINATED 4108.0 condorpool - 233
1646388239 frequency_ID0000066 POST_SCRIPT_SUCCESS 0 condorpool - 233
1646388253 frequency_ID0000056 JOB_TERMINATED 4110.0 condorpool - 235
1646388254 frequency_ID0000056 JOB_SUCCESS 0 condorpool - 235
1646388254 frequency_ID0000056 POST_SCRIPT_STARTED 4110.0 condorpool - 235
1646388254 frequency_ID0000056 POST_SCRIPT_TERMINATED 4110.0 condorpool - 235
1646388259 frequency_ID0000056 POST_SCRIPT_SUCCESS 0 condorpool - 235
1646388257 frequency_ID0000054 JOB_TERMINATED 4107.0 condorpool - 232
1646388259 frequency_ID0000054 JOB_SUCCESS 0 condorpool - 232
1646388259 frequency_ID0000054 POST_SCRIPT_STARTED 4107.0 condorpool - 232
1646388260 frequency_ID0000054 POST_SCRIPT_TERMINATED 4107.0 condorpool - 232
1646388264 frequency_ID0000054 POST_SCRIPT_SUCCESS 0 condorpool - 232
1646388264 stage_out_local_local_2_1 SUBMIT 4113.0 local - 238
1646388264 stage_out_local_local_2_1 EXECUTE 4113.0 local - 238
1646388268 stage_out_local_local_2_1 JOB_TERMINATED 4113.0 local - 238
1646388269 stage_out_local_local_2_1 JOB_SUCCESS 0 local - 238
1646388269 stage_out_local_local_2_1 POST_SCRIPT_STARTED 4113.0 local - 238
1646388269 stage_out_local_local_2_0 SUBMIT 4114.0 local - 239
1646388269 stage_out_local_local_2_0 EXECUTE 4114.0 local - 239
1646388269 stage_out_local_local_2_1 POST_SCRIPT_TERMINATED 4113.0 local - 238
1646388274 stage_out_local_local_2_1 POST_SCRIPT_SUCCESS 0 local - 238
1646388273 stage_out_local_local_2_0 JOB_TERMINATED 4114.0 local - 239
1646388274 stage_out_local_local_2_0 JOB_SUCCESS 0 local - 239
1646388274 stage_out_local_local_2_0 POST_SCRIPT_STARTED 4114.0 local - 239
1646388274 stage_out_local_local_2_0 POST_SCRIPT_TERMINATED 4114.0 local - 239
1646388279 stage_out_local_local_2_0 POST_SCRIPT_SUCCESS 0 local - 239
1646388284 cleanup_1000-genome_0_local SUBMIT 4115.0 local - 240
1646388284 cleanup_1000-genome_0_local EXECUTE 4115.0 local - 240
1646388287 cleanup_1000-genome_0_local JOB_TERMINATED 4115.0 local - 240
1646388289 cleanup_1000-genome_0_local JOB_SUCCESS 0 local - 240
1646388289 cleanup_1000-genome_0_local POST_SCRIPT_STARTED 4115.0 local - 240
1646388289 cleanup_1000-genome_0_local POST_SCRIPT_TERMINATED 4115.0 local - 240
1646388295 cleanup_1000-genome_0_local POST_SCRIPT_SUCCESS 0 local - 240
1646388295 INTERNAL *** DAGMAN_FINISHED 0 ***
1646388296 INTERNAL *** MONITORD_FINISHED 0 ***
