1645846134 INTERNAL *** MONITORD_STARTED ***
1645846133 INTERNAL *** DAGMAN_STARTED 2819.0 ***
1645846137 create_dir_1000-genome_0_local SUBMIT 2820.0 local - 161
1645846138 create_dir_1000-genome_0_local EXECUTE 2820.0 local - 161
1645846141 create_dir_1000-genome_0_local JOB_TERMINATED 2820.0 local - 161
1645846142 create_dir_1000-genome_0_local JOB_SUCCESS 0 local - 161
1645846142 create_dir_1000-genome_0_local POST_SCRIPT_STARTED 2820.0 local - 161
1645846142 create_dir_1000-genome_0_local POST_SCRIPT_TERMINATED 2820.0 local - 161
1645846147 create_dir_1000-genome_0_local POST_SCRIPT_SUCCESS 0 local - 161
1645846152 stage_in_remote_local_2_0 SUBMIT 2821.0 local - 162
1645846152 stage_in_remote_local_2_0 EXECUTE 2821.0 local - 162
1645846152 stage_in_remote_local_1_0 SUBMIT 2822.0 local - 163
1645846152 stage_in_remote_local_0_0 SUBMIT 2823.0 local - 164
1645846152 stage_in_local_local_0_0 SUBMIT 2824.0 local - 165
1645846152 stage_in_local_local_2_0 SUBMIT 2825.0 local - 166
1645846154 stage_in_remote_local_2_0 JOB_TERMINATED 2821.0 local - 162
1645846157 stage_in_remote_local_2_0 JOB_SUCCESS 0 local - 162
1645846157 stage_in_remote_local_2_0 POST_SCRIPT_STARTED 2821.0 local - 162
1645846154 stage_in_local_local_2_0 EXECUTE 2825.0 local - 166
1645846154 stage_in_local_local_0_0 EXECUTE 2824.0 local - 165
1645846154 stage_in_remote_local_0_0 EXECUTE 2823.0 local - 164
1645846154 stage_in_remote_local_1_0 EXECUTE 2822.0 local - 163
1645846157 stage_in_local_local_0_0 JOB_TERMINATED 2824.0 local - 165
1645846157 stage_in_local_local_0_0 JOB_SUCCESS 0 local - 165
1645846157 stage_in_local_local_0_0 POST_SCRIPT_STARTED 2824.0 local - 165
1645846157 stage_in_remote_local_0_0 JOB_TERMINATED 2823.0 local - 164
1645846157 stage_in_remote_local_0_0 JOB_SUCCESS 0 local - 164
1645846157 stage_in_remote_local_0_0 POST_SCRIPT_STARTED 2823.0 local - 164
1645846157 stage_in_remote_local_1_0 JOB_TERMINATED 2822.0 local - 163
1645846157 stage_in_remote_local_1_0 JOB_SUCCESS 0 local - 163
1645846157 stage_in_remote_local_1_0 POST_SCRIPT_STARTED 2822.0 local - 163
1645846157 stage_in_remote_local_0_1 SUBMIT 2826.0 local - 167
1645846157 stage_in_local_local_0_1 SUBMIT 2827.0 local - 168
1645846157 stage_in_remote_local_0_1 EXECUTE 2826.0 local - 167
1645846157 stage_in_local_local_0_1 EXECUTE 2827.0 local - 168
1645846157 stage_in_local_local_2_1 SUBMIT 2828.0 local - 169
1645846157 stage_in_local_local_2_1 EXECUTE 2828.0 local - 169
1645846157 stage_in_remote_local_2_1 SUBMIT 2829.0 local - 170
1645846157 stage_in_local_local_0_2 SUBMIT 2830.0 local - 171
1645846158 stage_in_remote_local_0_0 POST_SCRIPT_TERMINATED 2823.0 local - 164
1645846162 stage_in_remote_local_0_0 POST_SCRIPT_SUCCESS 0 local - 164
1645846158 stage_in_local_local_0_0 POST_SCRIPT_TERMINATED 2824.0 local - 165
1645846162 stage_in_local_local_0_0 POST_SCRIPT_SUCCESS 0 local - 165
1645846158 stage_in_remote_local_1_0 POST_SCRIPT_TERMINATED 2822.0 local - 163
1645846162 stage_in_remote_local_1_0 POST_SCRIPT_SUCCESS 0 local - 163
1645846158 stage_in_remote_local_2_0 POST_SCRIPT_TERMINATED 2821.0 local - 162
1645846162 stage_in_remote_local_2_0 POST_SCRIPT_SUCCESS 0 local - 162
1645846159 stage_in_local_local_2_0 JOB_TERMINATED 2825.0 local - 166
1645846162 stage_in_local_local_2_0 JOB_SUCCESS 0 local - 166
1645846162 stage_in_local_local_2_0 POST_SCRIPT_STARTED 2825.0 local - 166
1645846159 stage_in_local_local_0_2 EXECUTE 2830.0 local - 171
1645846159 stage_in_remote_local_2_1 EXECUTE 2829.0 local - 170
1645846159 stage_in_remote_local_0_1 JOB_TERMINATED 2826.0 local - 167
1645846162 stage_in_remote_local_0_1 JOB_SUCCESS 0 local - 167
1645846162 stage_in_remote_local_0_1 POST_SCRIPT_STARTED 2826.0 local - 167
1645846160 stage_in_local_local_0_1 JOB_TERMINATED 2827.0 local - 168
1645846162 stage_in_local_local_0_1 JOB_SUCCESS 0 local - 168
1645846162 stage_in_local_local_0_1 POST_SCRIPT_STARTED 2827.0 local - 168
1645846161 stage_in_remote_local_2_1 JOB_TERMINATED 2829.0 local - 170
1645846162 stage_in_remote_local_2_1 JOB_SUCCESS 0 local - 170
1645846162 stage_in_remote_local_2_1 POST_SCRIPT_STARTED 2829.0 local - 170
1645846161 stage_in_local_local_0_2 JOB_TERMINATED 2830.0 local - 171
1645846162 stage_in_local_local_0_2 JOB_SUCCESS 0 local - 171
1645846162 stage_in_local_local_0_2 POST_SCRIPT_STARTED 2830.0 local - 171
1645846162 stage_in_local_local_2_1 JOB_TERMINATED 2828.0 local - 169
1645846162 stage_in_local_local_2_1 JOB_SUCCESS 0 local - 169
1645846162 stage_in_local_local_2_1 POST_SCRIPT_STARTED 2828.0 local - 169
1645846162 stage_in_remote_local_2_1 POST_SCRIPT_TERMINATED 2829.0 local - 170
1645846167 stage_in_remote_local_2_1 POST_SCRIPT_SUCCESS 0 local - 170
1645846162 stage_in_remote_local_0_1 POST_SCRIPT_TERMINATED 2826.0 local - 167
1645846167 stage_in_remote_local_0_1 POST_SCRIPT_SUCCESS 0 local - 167
1645846162 stage_in_local_local_2_0 POST_SCRIPT_TERMINATED 2825.0 local - 166
1645846167 stage_in_local_local_2_0 POST_SCRIPT_SUCCESS 0 local - 166
1645846162 stage_in_local_local_2_1 POST_SCRIPT_TERMINATED 2828.0 local - 169
1645846167 stage_in_local_local_2_1 POST_SCRIPT_SUCCESS 0 local - 169
1645846162 stage_in_local_local_0_1 POST_SCRIPT_TERMINATED 2827.0 local - 168
1645846167 stage_in_local_local_0_1 POST_SCRIPT_SUCCESS 0 local - 168
1645846162 stage_in_local_local_0_2 POST_SCRIPT_TERMINATED 2830.0 local - 171
1645846167 stage_in_local_local_0_2 POST_SCRIPT_SUCCESS 0 local - 171
1645846172 individuals_ID0000037 SUBMIT 2831.0 condorpool - 172
1645846172 individuals_ID0000038 SUBMIT 2832.0 condorpool - 173
1645846172 individuals_ID0000039 SUBMIT 2833.0 condorpool - 174
1645846172 individuals_ID0000033 SUBMIT 2834.0 condorpool - 175
1645846172 individuals_ID0000034 SUBMIT 2835.0 condorpool - 176
1645846177 individuals_ID0000035 SUBMIT 2836.0 condorpool - 177
1645846177 individuals_ID0000036 SUBMIT 2837.0 condorpool - 178
1645846177 individuals_ID0000030 SUBMIT 2838.0 condorpool - 179
1645846177 individuals_ID0000031 SUBMIT 2839.0 condorpool - 180
1645846177 individuals_ID0000032 SUBMIT 2840.0 condorpool - 181
1645846179 individuals_ID0000034 EXECUTE 2835.0 condorpool - 176
1645846182 individuals_ID0000004 SUBMIT 2841.0 condorpool - 182
1645846182 individuals_ID0000048 SUBMIT 2842.0 condorpool - 183
1645846183 individuals_ID0000005 SUBMIT 2843.0 condorpool - 184
1645846183 individuals_ID0000049 SUBMIT 2844.0 condorpool - 185
1645846183 individuals_ID0000006 SUBMIT 2845.0 condorpool - 186
1645846186 individuals_ID0000033 EXECUTE 2834.0 condorpool - 175
1645846186 individuals_ID0000037 EXECUTE 2831.0 condorpool - 172
1645846186 individuals_ID0000039 EXECUTE 2833.0 condorpool - 174
1645846186 individuals_ID0000038 EXECUTE 2832.0 condorpool - 173
1645846188 individuals_ID0000007 SUBMIT 2846.0 condorpool - 187
1645846188 individuals_ID0000044 SUBMIT 2847.0 condorpool - 188
1645846188 individuals_ID0000001 SUBMIT 2848.0 condorpool - 189
1645846188 individuals_ID0000045 SUBMIT 2849.0 condorpool - 190
1645846188 individuals_ID0000002 SUBMIT 2850.0 condorpool - 191
1645846193 individuals_ID0000046 SUBMIT 2851.0 condorpool - 192
1645846193 individuals_ID0000003 SUBMIT 2852.0 condorpool - 193
1645846193 individuals_ID0000047 SUBMIT 2853.0 condorpool - 194
1645846193 individuals_ID0000008 SUBMIT 2854.0 condorpool - 195
1645846193 individuals_ID0000009 SUBMIT 2855.0 condorpool - 196
1645846198 individuals_ID0000040 SUBMIT 2856.0 condorpool - 197
1645846198 individuals_ID0000041 SUBMIT 2857.0 condorpool - 198
1645846198 individuals_ID0000042 SUBMIT 2858.0 condorpool - 199
1645846198 individuals_ID0000043 SUBMIT 2859.0 condorpool - 200
1645846198 individuals_ID0000015 SUBMIT 2860.0 condorpool - 201
1645846201 individuals_ID0000030 EXECUTE 2838.0 condorpool - 179
1645846202 individuals_ID0000035 EXECUTE 2836.0 condorpool - 177
1645846202 individuals_ID0000036 EXECUTE 2837.0 condorpool - 178
1645846203 individuals_ID0000016 SUBMIT 2861.0 condorpool - 202
1645846203 individuals_ID0000017 SUBMIT 2862.0 condorpool - 203
1645846203 individuals_ID0000018 SUBMIT 2863.0 condorpool - 204
1645846204 individuals_ID0000011 SUBMIT 2864.0 condorpool - 205
1645846204 individuals_ID0000012 SUBMIT 2865.0 condorpool - 206
1645846209 individuals_ID0000013 SUBMIT 2866.0 condorpool - 207
1645846209 individuals_ID0000014 SUBMIT 2867.0 condorpool - 208
1645846209 individuals_ID0000019 SUBMIT 2868.0 condorpool - 209
1645846209 individuals_ID0000010 SUBMIT 2869.0 condorpool - 210
1645846209 individuals_ID0000050 SUBMIT 2870.0 condorpool - 211
1645846214 individuals_ID0000026 SUBMIT 2871.0 condorpool - 212
1645846214 individuals_ID0000027 SUBMIT 2872.0 condorpool - 213
1645846214 individuals_ID0000028 SUBMIT 2873.0 condorpool - 214
1645846214 individuals_ID0000029 SUBMIT 2874.0 condorpool - 215
1645846214 individuals_ID0000022 SUBMIT 2875.0 condorpool - 216
1645846219 individuals_ID0000023 SUBMIT 2876.0 condorpool - 217
1645846219 individuals_ID0000024 SUBMIT 2877.0 condorpool - 218
1645846219 individuals_ID0000025 SUBMIT 2878.0 condorpool - 219
1645846219 individuals_ID0000020 SUBMIT 2879.0 condorpool - 220
1645846219 individuals_ID0000021 SUBMIT 2880.0 condorpool - 221
1645846224 sifting_ID0000052 SUBMIT 2881.0 condorpool - 222
1645846830 individuals_ID0000034 JOB_TERMINATED 2835.0 condorpool - 176
1645846830 individuals_ID0000034 JOB_SUCCESS 0 condorpool - 176
1645846830 individuals_ID0000034 POST_SCRIPT_STARTED 2835.0 condorpool - 176
1645846830 individuals_ID0000034 POST_SCRIPT_TERMINATED 2835.0 condorpool - 176
1645846835 individuals_ID0000034 POST_SCRIPT_SUCCESS 0 condorpool - 176
1645846834 individuals_ID0000031 EXECUTE 2839.0 condorpool - 180
1645846858 individuals_ID0000036 JOB_TERMINATED 2837.0 condorpool - 178
1645846860 individuals_ID0000036 JOB_SUCCESS 0 condorpool - 178
1645846860 individuals_ID0000036 POST_SCRIPT_STARTED 2837.0 condorpool - 178
1645846861 individuals_ID0000036 POST_SCRIPT_TERMINATED 2837.0 condorpool - 178
1645846865 individuals_ID0000036 POST_SCRIPT_SUCCESS 0 condorpool - 178
1645846863 individuals_ID0000032 EXECUTE 2840.0 condorpool - 181
1645846868 individuals_ID0000030 JOB_TERMINATED 2838.0 condorpool - 179
1645846870 individuals_ID0000030 JOB_SUCCESS 0 condorpool - 179
1645846870 individuals_ID0000030 POST_SCRIPT_STARTED 2838.0 condorpool - 179
1645846869 individuals_ID0000035 JOB_TERMINATED 2836.0 condorpool - 177
1645846870 individuals_ID0000035 JOB_SUCCESS 0 condorpool - 177
1645846870 individuals_ID0000035 POST_SCRIPT_STARTED 2836.0 condorpool - 177
1645846870 individuals_ID0000035 POST_SCRIPT_TERMINATED 2836.0 condorpool - 177
1645846875 individuals_ID0000035 POST_SCRIPT_SUCCESS 0 condorpool - 177
1645846870 individuals_ID0000030 POST_SCRIPT_TERMINATED 2838.0 condorpool - 179
1645846875 individuals_ID0000030 POST_SCRIPT_SUCCESS 0 condorpool - 179
1645846876 individuals_ID0000004 EXECUTE 2841.0 condorpool - 182
1645846876 individuals_ID0000048 EXECUTE 2842.0 condorpool - 183
1645847047 individuals_ID0000039 JOB_TERMINATED 2833.0 condorpool - 174
1645847050 individuals_ID0000039 JOB_SUCCESS 0 condorpool - 174
1645847050 individuals_ID0000039 POST_SCRIPT_STARTED 2833.0 condorpool - 174
1645847048 individuals_ID0000038 JOB_TERMINATED 2832.0 condorpool - 173
1645847050 individuals_ID0000038 JOB_SUCCESS 0 condorpool - 173
1645847050 individuals_ID0000038 POST_SCRIPT_STARTED 2832.0 condorpool - 173
1645847050 individuals_ID0000038 POST_SCRIPT_TERMINATED 2832.0 condorpool - 173
1645847055 individuals_ID0000038 POST_SCRIPT_SUCCESS 0 condorpool - 173
1645847050 individuals_ID0000039 POST_SCRIPT_TERMINATED 2833.0 condorpool - 174
1645847055 individuals_ID0000039 POST_SCRIPT_SUCCESS 0 condorpool - 174
1645847052 individuals_ID0000005 EXECUTE 2843.0 condorpool - 184
1645847053 individuals_ID0000049 EXECUTE 2844.0 condorpool - 185
1645847059 individuals_ID0000037 JOB_TERMINATED 2831.0 condorpool - 172
1645847060 individuals_ID0000037 JOB_SUCCESS 0 condorpool - 172
1645847060 individuals_ID0000037 POST_SCRIPT_STARTED 2831.0 condorpool - 172
1645847061 individuals_ID0000037 POST_SCRIPT_TERMINATED 2831.0 condorpool - 172
1645847065 individuals_ID0000037 POST_SCRIPT_SUCCESS 0 condorpool - 172
1645847063 individuals_ID0000033 JOB_TERMINATED 2834.0 condorpool - 175
1645847065 individuals_ID0000033 JOB_SUCCESS 0 condorpool - 175
1645847065 individuals_ID0000033 POST_SCRIPT_STARTED 2834.0 condorpool - 175
1645847064 individuals_ID0000006 EXECUTE 2845.0 condorpool - 186
1645847065 individuals_ID0000033 POST_SCRIPT_TERMINATED 2834.0 condorpool - 175
1645847070 individuals_ID0000033 POST_SCRIPT_SUCCESS 0 condorpool - 175
1645847068 individuals_ID0000007 EXECUTE 2846.0 condorpool - 187
1645847514 individuals_ID0000031 JOB_TERMINATED 2839.0 condorpool - 180
1645847516 individuals_ID0000031 JOB_SUCCESS 0 condorpool - 180
1645847516 individuals_ID0000031 POST_SCRIPT_STARTED 2839.0 condorpool - 180
1645847516 individuals_ID0000031 POST_SCRIPT_TERMINATED 2839.0 condorpool - 180
1645847521 individuals_ID0000031 POST_SCRIPT_SUCCESS 0 condorpool - 180
1645847540 individuals_ID0000032 JOB_TERMINATED 2840.0 condorpool - 181
1645847541 individuals_ID0000032 JOB_SUCCESS 0 condorpool - 181
1645847541 individuals_ID0000032 POST_SCRIPT_STARTED 2840.0 condorpool - 181
1645847541 individuals_ID0000032 POST_SCRIPT_TERMINATED 2840.0 condorpool - 181
1645847546 individuals_ID0000032 POST_SCRIPT_SUCCESS 0 condorpool - 181
1645847557 individuals_ID0000004 JOB_TERMINATED 2841.0 condorpool - 182
1645847561 individuals_ID0000004 JOB_SUCCESS 0 condorpool - 182
1645847561 individuals_ID0000004 POST_SCRIPT_STARTED 2841.0 condorpool - 182
1645847559 individuals_ID0000044 EXECUTE 2847.0 condorpool - 188
1645847559 individuals_ID0000001 EXECUTE 2848.0 condorpool - 189
1645847562 individuals_ID0000004 POST_SCRIPT_TERMINATED 2841.0 condorpool - 182
1645847566 individuals_ID0000004 POST_SCRIPT_SUCCESS 0 condorpool - 182
1645847562 individuals_ID0000048 JOB_TERMINATED 2842.0 condorpool - 183
1645847566 individuals_ID0000048 JOB_SUCCESS 0 condorpool - 183
1645847566 individuals_ID0000048 POST_SCRIPT_STARTED 2842.0 condorpool - 183
1645847566 individuals_ID0000048 POST_SCRIPT_TERMINATED 2842.0 condorpool - 183
1645847571 individuals_ID0000048 POST_SCRIPT_SUCCESS 0 condorpool - 183
1645847620 individuals_ID0000045 EXECUTE 2849.0 condorpool - 190
1645847620 individuals_ID0000002 EXECUTE 2850.0 condorpool - 191
1645847866 individuals_ID0000001 JOB_TERMINATED 2848.0 condorpool - 189
1645847866 individuals_ID0000001 JOB_SUCCESS 0 condorpool - 189
1645847866 individuals_ID0000001 POST_SCRIPT_STARTED 2848.0 condorpool - 189
1645847867 individuals_ID0000001 POST_SCRIPT_TERMINATED 2848.0 condorpool - 189
1645847871 individuals_ID0000001 POST_SCRIPT_SUCCESS 0 condorpool - 189
1645847871 individuals_ID0000046 EXECUTE 2851.0 condorpool - 192
1645847969 individuals_ID0000049 JOB_TERMINATED 2844.0 condorpool - 185
1645847971 individuals_ID0000049 JOB_SUCCESS 0 condorpool - 185
1645847971 individuals_ID0000049 POST_SCRIPT_STARTED 2844.0 condorpool - 185
1645847971 individuals_ID0000049 POST_SCRIPT_TERMINATED 2844.0 condorpool - 185
1645847976 individuals_ID0000049 POST_SCRIPT_SUCCESS 0 condorpool - 185
1645847975 individuals_ID0000005 JOB_TERMINATED 2843.0 condorpool - 184
1645847976 individuals_ID0000005 JOB_SUCCESS 0 condorpool - 184
1645847976 individuals_ID0000005 POST_SCRIPT_STARTED 2843.0 condorpool - 184
1645847976 individuals_ID0000005 POST_SCRIPT_TERMINATED 2843.0 condorpool - 184
1645847981 individuals_ID0000005 POST_SCRIPT_SUCCESS 0 condorpool - 184
1645847977 individuals_ID0000003 EXECUTE 2852.0 condorpool - 193
1645847986 individuals_ID0000007 JOB_TERMINATED 2846.0 condorpool - 187
1645847986 individuals_ID0000007 JOB_SUCCESS 0 condorpool - 187
1645847986 individuals_ID0000007 POST_SCRIPT_STARTED 2846.0 condorpool - 187
1645847987 individuals_ID0000007 POST_SCRIPT_TERMINATED 2846.0 condorpool - 187
1645847991 individuals_ID0000007 POST_SCRIPT_SUCCESS 0 condorpool - 187
1645847987 individuals_ID0000006 JOB_TERMINATED 2845.0 condorpool - 186
1645847991 individuals_ID0000006 JOB_SUCCESS 0 condorpool - 186
1645847991 individuals_ID0000006 POST_SCRIPT_STARTED 2845.0 condorpool - 186
1645847991 individuals_ID0000006 POST_SCRIPT_TERMINATED 2845.0 condorpool - 186
1645847996 individuals_ID0000006 POST_SCRIPT_SUCCESS 0 condorpool - 186
1645848043 individuals_ID0000009 EXECUTE 2855.0 condorpool - 196
1645848043 individuals_ID0000047 EXECUTE 2853.0 condorpool - 194
1645848043 individuals_ID0000008 EXECUTE 2854.0 condorpool - 195
1645848223 individuals_ID0000044 JOB_TERMINATED 2847.0 condorpool - 188
1645848226 individuals_ID0000044 JOB_SUCCESS 0 condorpool - 188
1645848226 individuals_ID0000044 POST_SCRIPT_STARTED 2847.0 condorpool - 188
1645848227 individuals_ID0000044 POST_SCRIPT_TERMINATED 2847.0 condorpool - 188
1645848231 individuals_ID0000044 POST_SCRIPT_SUCCESS 0 condorpool - 188
1645848228 individuals_ID0000040 EXECUTE 2856.0 condorpool - 197
1645848302 individuals_ID0000002 JOB_TERMINATED 2850.0 condorpool - 191
1645848306 individuals_ID0000002 JOB_SUCCESS 0 condorpool - 191
1645848306 individuals_ID0000002 POST_SCRIPT_STARTED 2850.0 condorpool - 191
1645848306 individuals_ID0000002 POST_SCRIPT_TERMINATED 2850.0 condorpool - 191
1645848311 individuals_ID0000002 POST_SCRIPT_SUCCESS 0 condorpool - 191
1645848307 individuals_ID0000041 EXECUTE 2857.0 condorpool - 198
1645848309 individuals_ID0000045 JOB_TERMINATED 2849.0 condorpool - 190
1645848311 individuals_ID0000045 JOB_SUCCESS 0 condorpool - 190
1645848311 individuals_ID0000045 POST_SCRIPT_STARTED 2849.0 condorpool - 190
1645848311 individuals_ID0000045 POST_SCRIPT_TERMINATED 2849.0 condorpool - 190
1645848316 individuals_ID0000045 POST_SCRIPT_SUCCESS 0 condorpool - 190
1645848314 individuals_ID0000042 EXECUTE 2858.0 condorpool - 199
1645848542 individuals_ID0000046 JOB_TERMINATED 2851.0 condorpool - 192
1645848547 individuals_ID0000046 JOB_SUCCESS 0 condorpool - 192
1645848547 individuals_ID0000046 POST_SCRIPT_STARTED 2851.0 condorpool - 192
1645848547 individuals_ID0000046 POST_SCRIPT_TERMINATED 2851.0 condorpool - 192
1645848552 individuals_ID0000046 POST_SCRIPT_SUCCESS 0 condorpool - 192
1645848547 individuals_ID0000043 EXECUTE 2859.0 condorpool - 200
1645848862 individuals_ID0000003 JOB_TERMINATED 2852.0 condorpool - 193
1645848867 individuals_ID0000003 JOB_SUCCESS 0 condorpool - 193
1645848867 individuals_ID0000003 POST_SCRIPT_STARTED 2852.0 condorpool - 193
1645848867 individuals_ID0000003 POST_SCRIPT_TERMINATED 2852.0 condorpool - 193
1645848872 individuals_ID0000003 POST_SCRIPT_SUCCESS 0 condorpool - 193
1645848869 individuals_ID0000015 EXECUTE 2860.0 condorpool - 201
1645848903 individuals_ID0000040 JOB_TERMINATED 2856.0 condorpool - 197
1645848908 individuals_ID0000040 JOB_SUCCESS 0 condorpool - 197
1645848908 individuals_ID0000040 POST_SCRIPT_STARTED 2856.0 condorpool - 197
1645848908 individuals_ID0000040 POST_SCRIPT_TERMINATED 2856.0 condorpool - 197
1645848913 individuals_ID0000040 POST_SCRIPT_SUCCESS 0 condorpool - 197
1645848938 individuals_ID0000016 EXECUTE 2861.0 condorpool - 202
1645848951 individuals_ID0000009 JOB_TERMINATED 2855.0 condorpool - 196
1645848953 individuals_ID0000009 JOB_SUCCESS 0 condorpool - 196
1645848953 individuals_ID0000009 POST_SCRIPT_STARTED 2855.0 condorpool - 196
1645848953 individuals_ID0000009 POST_SCRIPT_TERMINATED 2855.0 condorpool - 196
1645848958 individuals_ID0000009 POST_SCRIPT_SUCCESS 0 condorpool - 196
1645848956 individuals_ID0000017 EXECUTE 2862.0 condorpool - 203
1645848961 individuals_ID0000008 JOB_TERMINATED 2854.0 condorpool - 195
1645848963 individuals_ID0000008 JOB_SUCCESS 0 condorpool - 195
1645848963 individuals_ID0000008 POST_SCRIPT_STARTED 2854.0 condorpool - 195
1645848964 individuals_ID0000008 POST_SCRIPT_TERMINATED 2854.0 condorpool - 195
1645848968 individuals_ID0000008 POST_SCRIPT_SUCCESS 0 condorpool - 195
1645848964 individuals_ID0000047 JOB_TERMINATED 2853.0 condorpool - 194
1645848968 individuals_ID0000047 JOB_SUCCESS 0 condorpool - 194
1645848968 individuals_ID0000047 POST_SCRIPT_STARTED 2853.0 condorpool - 194
1645848966 individuals_ID0000018 EXECUTE 2863.0 condorpool - 204
1645848968 individuals_ID0000047 POST_SCRIPT_TERMINATED 2853.0 condorpool - 194
1645848973 individuals_ID0000047 POST_SCRIPT_SUCCESS 0 condorpool - 194
1645848971 individuals_ID0000011 EXECUTE 2864.0 condorpool - 205
1645848997 individuals_ID0000041 JOB_TERMINATED 2857.0 condorpool - 198
1645848998 individuals_ID0000041 JOB_SUCCESS 0 condorpool - 198
1645848998 individuals_ID0000041 POST_SCRIPT_STARTED 2857.0 condorpool - 198
1645848998 individuals_ID0000041 POST_SCRIPT_TERMINATED 2857.0 condorpool - 198
1645849003 individuals_ID0000041 POST_SCRIPT_SUCCESS 0 condorpool - 198
1645849003 individuals_ID0000042 JOB_TERMINATED 2858.0 condorpool - 199
1645849003 individuals_ID0000042 JOB_SUCCESS 0 condorpool - 199
1645849003 individuals_ID0000042 POST_SCRIPT_STARTED 2858.0 condorpool - 199
1645849004 individuals_ID0000042 POST_SCRIPT_TERMINATED 2858.0 condorpool - 199
1645849008 individuals_ID0000042 POST_SCRIPT_SUCCESS 0 condorpool - 199
1645849060 individuals_ID0000013 EXECUTE 2866.0 condorpool - 207
1645849060 individuals_ID0000012 EXECUTE 2865.0 condorpool - 206
1645849213 individuals_ID0000043 JOB_TERMINATED 2859.0 condorpool - 200
1645849218 individuals_ID0000043 JOB_SUCCESS 0 condorpool - 200
1645849218 individuals_ID0000043 POST_SCRIPT_STARTED 2859.0 condorpool - 200
1645849218 individuals_ID0000043 POST_SCRIPT_TERMINATED 2859.0 condorpool - 200
1645849223 individuals_ID0000043 POST_SCRIPT_SUCCESS 0 condorpool - 200
1645849237 individuals_ID0000014 EXECUTE 2867.0 condorpool - 208
1645849600 individuals_ID0000016 JOB_TERMINATED 2861.0 condorpool - 202
1645849604 individuals_ID0000016 JOB_SUCCESS 0 condorpool - 202
1645849604 individuals_ID0000016 POST_SCRIPT_STARTED 2861.0 condorpool - 202
1645849604 individuals_ID0000016 POST_SCRIPT_TERMINATED 2861.0 condorpool - 202
1645849609 individuals_ID0000016 POST_SCRIPT_SUCCESS 0 condorpool - 202
1645849606 individuals_ID0000019 EXECUTE 2868.0 condorpool - 209
1645849733 individuals_ID0000012 JOB_TERMINATED 2865.0 condorpool - 206
1645849734 individuals_ID0000012 JOB_SUCCESS 0 condorpool - 206
1645849734 individuals_ID0000012 POST_SCRIPT_STARTED 2865.0 condorpool - 206
1645849734 individuals_ID0000012 POST_SCRIPT_TERMINATED 2865.0 condorpool - 206
1645849739 individuals_ID0000012 POST_SCRIPT_SUCCESS 0 condorpool - 206
1645849735 individuals_ID0000013 JOB_TERMINATED 2866.0 condorpool - 207
1645849739 individuals_ID0000013 JOB_SUCCESS 0 condorpool - 207
1645849739 individuals_ID0000013 POST_SCRIPT_STARTED 2866.0 condorpool - 207
1645849738 individuals_ID0000010 EXECUTE 2869.0 condorpool - 210
1645849740 individuals_ID0000013 POST_SCRIPT_TERMINATED 2866.0 condorpool - 207
1645849744 individuals_ID0000013 POST_SCRIPT_SUCCESS 0 condorpool - 207
1645849742 individuals_ID0000050 EXECUTE 2870.0 condorpool - 211
1645849774 individuals_ID0000015 JOB_TERMINATED 2860.0 condorpool - 201
1645849779 individuals_ID0000015 JOB_SUCCESS 0 condorpool - 201
1645849779 individuals_ID0000015 POST_SCRIPT_STARTED 2860.0 condorpool - 201
1645849779 individuals_ID0000015 POST_SCRIPT_TERMINATED 2860.0 condorpool - 201
1645849784 individuals_ID0000015 POST_SCRIPT_SUCCESS 0 condorpool - 201
1645849837 individuals_ID0000026 EXECUTE 2871.0 condorpool - 212
1645849870 individuals_ID0000017 JOB_TERMINATED 2862.0 condorpool - 203
1645849874 individuals_ID0000017 JOB_SUCCESS 0 condorpool - 203
1645849874 individuals_ID0000017 POST_SCRIPT_STARTED 2862.0 condorpool - 203
1645849874 individuals_ID0000017 POST_SCRIPT_TERMINATED 2862.0 condorpool - 203
1645849879 individuals_ID0000017 POST_SCRIPT_SUCCESS 0 condorpool - 203
1645849885 individuals_ID0000018 JOB_TERMINATED 2863.0 condorpool - 204
1645849889 individuals_ID0000018 JOB_SUCCESS 0 condorpool - 204
1645849889 individuals_ID0000018 POST_SCRIPT_STARTED 2863.0 condorpool - 204
1645849886 individuals_ID0000011 JOB_TERMINATED 2864.0 condorpool - 205
1645849889 individuals_ID0000011 JOB_SUCCESS 0 condorpool - 205
1645849889 individuals_ID0000011 POST_SCRIPT_STARTED 2864.0 condorpool - 205
1645849890 individuals_ID0000018 POST_SCRIPT_TERMINATED 2863.0 condorpool - 204
1645849894 individuals_ID0000018 POST_SCRIPT_SUCCESS 0 condorpool - 204
1645849890 individuals_ID0000011 POST_SCRIPT_TERMINATED 2864.0 condorpool - 205
1645849894 individuals_ID0000011 POST_SCRIPT_SUCCESS 0 condorpool - 205
1645849902 individuals_ID0000028 EXECUTE 2873.0 condorpool - 214
1645849902 individuals_ID0000027 EXECUTE 2872.0 condorpool - 213
1645849903 individuals_ID0000029 EXECUTE 2874.0 condorpool - 215
1645849921 individuals_ID0000014 JOB_TERMINATED 2867.0 condorpool - 208
1645849924 individuals_ID0000014 JOB_SUCCESS 0 condorpool - 208
1645849924 individuals_ID0000014 POST_SCRIPT_STARTED 2867.0 condorpool - 208
1645849924 individuals_ID0000014 POST_SCRIPT_TERMINATED 2867.0 condorpool - 208
1645849929 individuals_ID0000014 POST_SCRIPT_SUCCESS 0 condorpool - 208
1645849927 individuals_ID0000022 EXECUTE 2875.0 condorpool - 216
1645850283 individuals_ID0000019 JOB_TERMINATED 2868.0 condorpool - 209
1645850285 individuals_ID0000019 JOB_SUCCESS 0 condorpool - 209
1645850285 individuals_ID0000019 POST_SCRIPT_STARTED 2868.0 condorpool - 209
1645850285 individuals_ID0000019 POST_SCRIPT_TERMINATED 2868.0 condorpool - 209
1645850290 individuals_ID0000019 POST_SCRIPT_SUCCESS 0 condorpool - 209
1645850317 individuals_ID0000023 EXECUTE 2876.0 condorpool - 217
1645850422 individuals_ID0000050 JOB_TERMINATED 2870.0 condorpool - 211
1645850425 individuals_ID0000050 JOB_SUCCESS 0 condorpool - 211
1645850425 individuals_ID0000050 POST_SCRIPT_STARTED 2870.0 condorpool - 211
1645850425 individuals_ID0000010 JOB_TERMINATED 2869.0 condorpool - 210
1645850425 individuals_ID0000010 JOB_SUCCESS 0 condorpool - 210
1645850425 individuals_ID0000010 POST_SCRIPT_STARTED 2869.0 condorpool - 210
1645850425 individuals_ID0000050 POST_SCRIPT_TERMINATED 2870.0 condorpool - 211
1645850430 individuals_ID0000050 POST_SCRIPT_SUCCESS 0 condorpool - 211
1645850425 individuals_ID0000010 POST_SCRIPT_TERMINATED 2869.0 condorpool - 210
1645850430 individuals_ID0000010 POST_SCRIPT_SUCCESS 0 condorpool - 210
1645850440 individuals_ID0000025 EXECUTE 2878.0 condorpool - 219
1645850440 individuals_ID0000024 EXECUTE 2877.0 condorpool - 218
1645850595 individuals_ID0000022 JOB_TERMINATED 2875.0 condorpool - 216
1645850595 individuals_ID0000022 JOB_SUCCESS 0 condorpool - 216
1645850595 individuals_ID0000022 POST_SCRIPT_STARTED 2875.0 condorpool - 216
1645850596 individuals_ID0000022 POST_SCRIPT_TERMINATED 2875.0 condorpool - 216
1645850600 individuals_ID0000022 POST_SCRIPT_SUCCESS 0 condorpool - 216
1645850618 individuals_ID0000020 EXECUTE 2879.0 condorpool - 220
1645850718 individuals_ID0000026 JOB_TERMINATED 2871.0 condorpool - 212
1645850720 individuals_ID0000026 JOB_SUCCESS 0 condorpool - 212
1645850720 individuals_ID0000026 POST_SCRIPT_STARTED 2871.0 condorpool - 212
1645850720 individuals_ID0000026 POST_SCRIPT_TERMINATED 2871.0 condorpool - 212
1645850725 individuals_ID0000026 POST_SCRIPT_SUCCESS 0 condorpool - 212
1645850724 individuals_ID0000021 EXECUTE 2880.0 condorpool - 221
1645850822 individuals_ID0000029 JOB_TERMINATED 2874.0 condorpool - 215
1645850825 individuals_ID0000029 JOB_SUCCESS 0 condorpool - 215
1645850825 individuals_ID0000029 POST_SCRIPT_STARTED 2874.0 condorpool - 215
1645850823 individuals_ID0000027 JOB_TERMINATED 2872.0 condorpool - 213
1645850825 individuals_ID0000027 JOB_SUCCESS 0 condorpool - 213
1645850825 individuals_ID0000027 POST_SCRIPT_STARTED 2872.0 condorpool - 213
1645850824 sifting_ID0000052 EXECUTE 2881.0 condorpool - 222
1645850825 sifting_ID0000052 JOB_TERMINATED 2881.0 condorpool - 222
1645850825 sifting_ID0000052 JOB_SUCCESS 0 condorpool - 222
1645850825 sifting_ID0000052 POST_SCRIPT_STARTED 2881.0 condorpool - 222
1645850826 sifting_ID0000052 POST_SCRIPT_TERMINATED 2881.0 condorpool - 222
1645850830 sifting_ID0000052 POST_SCRIPT_SUCCESS 0 condorpool - 222
1645850826 individuals_ID0000027 POST_SCRIPT_TERMINATED 2872.0 condorpool - 213
1645850830 individuals_ID0000027 POST_SCRIPT_SUCCESS 0 condorpool - 213
1645850826 individuals_ID0000029 POST_SCRIPT_TERMINATED 2874.0 condorpool - 215
1645850830 individuals_ID0000029 POST_SCRIPT_SUCCESS 0 condorpool - 215
1645850831 individuals_ID0000028 JOB_TERMINATED 2873.0 condorpool - 214
1645850835 individuals_ID0000028 JOB_SUCCESS 0 condorpool - 214
1645850835 individuals_ID0000028 POST_SCRIPT_STARTED 2873.0 condorpool - 214
1645850835 individuals_ID0000028 POST_SCRIPT_TERMINATED 2873.0 condorpool - 214
1645850840 individuals_ID0000028 POST_SCRIPT_SUCCESS 0 condorpool - 214
1645850989 individuals_ID0000023 JOB_TERMINATED 2876.0 condorpool - 217
1645850990 individuals_ID0000023 JOB_SUCCESS 0 condorpool - 217
1645850990 individuals_ID0000023 POST_SCRIPT_STARTED 2876.0 condorpool - 217
1645850991 individuals_ID0000023 POST_SCRIPT_TERMINATED 2876.0 condorpool - 217
1645850995 individuals_ID0000023 POST_SCRIPT_SUCCESS 0 condorpool - 217
1645851116 individuals_ID0000024 JOB_TERMINATED 2877.0 condorpool - 218
1645851120 individuals_ID0000024 JOB_SUCCESS 0 condorpool - 218
1645851120 individuals_ID0000024 POST_SCRIPT_STARTED 2877.0 condorpool - 218
1645851120 individuals_ID0000024 POST_SCRIPT_TERMINATED 2877.0 condorpool - 218
1645851125 individuals_ID0000024 POST_SCRIPT_SUCCESS 0 condorpool - 218
1645851122 individuals_ID0000025 JOB_TERMINATED 2878.0 condorpool - 219
1645851125 individuals_ID0000025 JOB_SUCCESS 0 condorpool - 219
1645851125 individuals_ID0000025 POST_SCRIPT_STARTED 2878.0 condorpool - 219
1645851125 individuals_ID0000025 POST_SCRIPT_TERMINATED 2878.0 condorpool - 219
1645851130 individuals_ID0000025 POST_SCRIPT_SUCCESS 0 condorpool - 219
1645851259 individuals_ID0000020 JOB_TERMINATED 2879.0 condorpool - 220
1645851260 individuals_ID0000020 JOB_SUCCESS 0 condorpool - 220
1645851260 individuals_ID0000020 POST_SCRIPT_STARTED 2879.0 condorpool - 220
1645851261 individuals_ID0000020 POST_SCRIPT_TERMINATED 2879.0 condorpool - 220
1645851265 individuals_ID0000020 POST_SCRIPT_SUCCESS 0 condorpool - 220
1645851350 individuals_ID0000021 JOB_TERMINATED 2880.0 condorpool - 221
1645851350 individuals_ID0000021 JOB_SUCCESS 0 condorpool - 221
1645851350 individuals_ID0000021 POST_SCRIPT_STARTED 2880.0 condorpool - 221
1645851350 individuals_ID0000021 POST_SCRIPT_TERMINATED 2880.0 condorpool - 221
1645851355 individuals_ID0000021 POST_SCRIPT_SUCCESS 0 condorpool - 221
1645851360 individuals_merge_ID0000051 SUBMIT 2882.0 condorpool - 223
1645851363 individuals_merge_ID0000051 EXECUTE 2882.0 condorpool - 223
1645855548 individuals_merge_ID0000051 JOB_TERMINATED 2882.0 condorpool - 223
1645855549 individuals_merge_ID0000051 JOB_SUCCESS 0 condorpool - 223
1645855549 individuals_merge_ID0000051 POST_SCRIPT_STARTED 2882.0 condorpool - 223
1645855549 individuals_merge_ID0000051 POST_SCRIPT_TERMINATED 2882.0 condorpool - 223
1645855554 individuals_merge_ID0000051 POST_SCRIPT_SUCCESS 0 condorpool - 223
1645855559 frequency_ID0000060 SUBMIT 2883.0 condorpool - 224
1645855559 frequency_ID0000062 SUBMIT 2884.0 condorpool - 225
1645855559 mutation_overlap_ID0000053 SUBMIT 2885.0 condorpool - 226
1645855559 frequency_ID0000058 SUBMIT 2886.0 condorpool - 227
1645855560 mutation_overlap_ID0000063 SUBMIT 2887.0 condorpool - 228
1645855561 frequency_ID0000060 EXECUTE 2883.0 condorpool - 224
1645855561 frequency_ID0000062 EXECUTE 2884.0 condorpool - 225
1645855565 mutation_overlap_ID0000055 SUBMIT 2888.0 condorpool - 229
1645855565 mutation_overlap_ID0000065 SUBMIT 2889.0 condorpool - 230
1645855565 frequency_ID0000064 SUBMIT 2890.0 condorpool - 231
1645855565 frequency_ID0000054 SUBMIT 2891.0 condorpool - 232
1645855565 frequency_ID0000066 SUBMIT 2892.0 condorpool - 233
1645855570 mutation_overlap_ID0000061 SUBMIT 2893.0 condorpool - 234
1645855570 frequency_ID0000056 SUBMIT 2894.0 condorpool - 235
1645855570 mutation_overlap_ID0000057 SUBMIT 2895.0 condorpool - 236
1645855570 mutation_overlap_ID0000059 SUBMIT 2896.0 condorpool - 237
1645855581 frequency_ID0000058 EXECUTE 2886.0 condorpool - 227
1645855581 mutation_overlap_ID0000053 EXECUTE 2885.0 condorpool - 226
1645855581 mutation_overlap_ID0000063 EXECUTE 2887.0 condorpool - 228
1645855581 frequency_ID0000064 EXECUTE 2890.0 condorpool - 231
1645855581 mutation_overlap_ID0000055 EXECUTE 2888.0 condorpool - 229
1645855581 mutation_overlap_ID0000065 EXECUTE 2889.0 condorpool - 230
1645855702 mutation_overlap_ID0000065 JOB_TERMINATED 2889.0 condorpool - 230
1645855705 mutation_overlap_ID0000065 JOB_SUCCESS 0 condorpool - 230
1645855705 mutation_overlap_ID0000065 POST_SCRIPT_STARTED 2889.0 condorpool - 230
1645855705 mutation_overlap_ID0000063 JOB_TERMINATED 2887.0 condorpool - 228
1645855705 mutation_overlap_ID0000063 JOB_SUCCESS 0 condorpool - 228
1645855705 mutation_overlap_ID0000063 POST_SCRIPT_STARTED 2887.0 condorpool - 228
1645855705 mutation_overlap_ID0000065 POST_SCRIPT_TERMINATED 2889.0 condorpool - 230
1645855710 mutation_overlap_ID0000065 POST_SCRIPT_SUCCESS 0 condorpool - 230
1645855705 mutation_overlap_ID0000063 POST_SCRIPT_TERMINATED 2887.0 condorpool - 228
1645855710 mutation_overlap_ID0000063 POST_SCRIPT_SUCCESS 0 condorpool - 228
1645855707 mutation_overlap_ID0000055 JOB_TERMINATED 2888.0 condorpool - 229
1645855710 mutation_overlap_ID0000055 JOB_SUCCESS 0 condorpool - 229
1645855710 mutation_overlap_ID0000055 POST_SCRIPT_STARTED 2888.0 condorpool - 229
1645855708 mutation_overlap_ID0000053 JOB_TERMINATED 2885.0 condorpool - 226
1645855710 mutation_overlap_ID0000053 JOB_SUCCESS 0 condorpool - 226
1645855710 mutation_overlap_ID0000053 POST_SCRIPT_STARTED 2885.0 condorpool - 226
1645855711 mutation_overlap_ID0000055 POST_SCRIPT_TERMINATED 2888.0 condorpool - 229
1645855715 mutation_overlap_ID0000055 POST_SCRIPT_SUCCESS 0 condorpool - 229
1645855711 mutation_overlap_ID0000053 POST_SCRIPT_TERMINATED 2885.0 condorpool - 226
1645855715 mutation_overlap_ID0000053 POST_SCRIPT_SUCCESS 0 condorpool - 226
1645855760 frequency_ID0000054 EXECUTE 2891.0 condorpool - 232
1645855761 frequency_ID0000066 EXECUTE 2892.0 condorpool - 233
1645855761 frequency_ID0000056 EXECUTE 2894.0 condorpool - 235
1645855761 mutation_overlap_ID0000061 EXECUTE 2893.0 condorpool - 234
1645855884 mutation_overlap_ID0000061 JOB_TERMINATED 2893.0 condorpool - 234
1645855885 mutation_overlap_ID0000061 JOB_SUCCESS 0 condorpool - 234
1645855885 mutation_overlap_ID0000061 POST_SCRIPT_STARTED 2893.0 condorpool - 234
1645855885 mutation_overlap_ID0000061 POST_SCRIPT_TERMINATED 2893.0 condorpool - 234
1645855890 mutation_overlap_ID0000061 POST_SCRIPT_SUCCESS 0 condorpool - 234
1645855941 mutation_overlap_ID0000057 EXECUTE 2895.0 condorpool - 236
1645856140 mutation_overlap_ID0000057 JOB_TERMINATED 2895.0 condorpool - 236
1645856140 mutation_overlap_ID0000057 JOB_SUCCESS 0 condorpool - 236
1645856140 mutation_overlap_ID0000057 POST_SCRIPT_STARTED 2895.0 condorpool - 236
1645856140 mutation_overlap_ID0000057 POST_SCRIPT_TERMINATED 2895.0 condorpool - 236
1645856145 mutation_overlap_ID0000057 POST_SCRIPT_SUCCESS 0 condorpool - 236
1645856180 mutation_overlap_ID0000059 EXECUTE 2896.0 condorpool - 237
1645856275 mutation_overlap_ID0000059 JOB_TERMINATED 2896.0 condorpool - 237
1645856275 mutation_overlap_ID0000059 JOB_SUCCESS 0 condorpool - 237
1645856275 mutation_overlap_ID0000059 POST_SCRIPT_STARTED 2896.0 condorpool - 237
1645856276 mutation_overlap_ID0000059 POST_SCRIPT_TERMINATED 2896.0 condorpool - 237
1645856281 mutation_overlap_ID0000059 POST_SCRIPT_SUCCESS 0 condorpool - 237
1645856301 frequency_ID0000064 JOB_TERMINATED 2890.0 condorpool - 231
1645856301 frequency_ID0000064 JOB_SUCCESS 0 condorpool - 231
1645856301 frequency_ID0000064 POST_SCRIPT_STARTED 2890.0 condorpool - 231
1645856301 frequency_ID0000064 POST_SCRIPT_TERMINATED 2890.0 condorpool - 231
1645856306 frequency_ID0000064 POST_SCRIPT_SUCCESS 0 condorpool - 231
1645856369 frequency_ID0000060 JOB_TERMINATED 2883.0 condorpool - 224
1645856371 frequency_ID0000060 JOB_SUCCESS 0 condorpool - 224
1645856371 frequency_ID0000060 POST_SCRIPT_STARTED 2883.0 condorpool - 224
1645856372 frequency_ID0000060 POST_SCRIPT_TERMINATED 2883.0 condorpool - 224
1645856376 frequency_ID0000060 POST_SCRIPT_SUCCESS 0 condorpool - 224
1645856373 frequency_ID0000062 JOB_TERMINATED 2884.0 condorpool - 225
1645856376 frequency_ID0000062 JOB_SUCCESS 0 condorpool - 225
1645856376 frequency_ID0000062 POST_SCRIPT_STARTED 2884.0 condorpool - 225
1645856376 frequency_ID0000062 POST_SCRIPT_TERMINATED 2884.0 condorpool - 225
1645856381 frequency_ID0000062 POST_SCRIPT_SUCCESS 0 condorpool - 225
1645856439 frequency_ID0000058 JOB_TERMINATED 2886.0 condorpool - 227
1645856441 frequency_ID0000058 JOB_SUCCESS 0 condorpool - 227
1645856441 frequency_ID0000058 POST_SCRIPT_STARTED 2886.0 condorpool - 227
1645856442 frequency_ID0000058 POST_SCRIPT_TERMINATED 2886.0 condorpool - 227
1645856446 frequency_ID0000058 POST_SCRIPT_SUCCESS 0 condorpool - 227
1645856460 frequency_ID0000066 JOB_TERMINATED 2892.0 condorpool - 233
1645856461 frequency_ID0000066 JOB_SUCCESS 0 condorpool - 233
1645856461 frequency_ID0000066 POST_SCRIPT_STARTED 2892.0 condorpool - 233
1645856461 frequency_ID0000066 POST_SCRIPT_TERMINATED 2892.0 condorpool - 233
1645856466 frequency_ID0000066 POST_SCRIPT_SUCCESS 0 condorpool - 233
1645856513 frequency_ID0000056 JOB_TERMINATED 2894.0 condorpool - 235
1645856516 frequency_ID0000056 JOB_SUCCESS 0 condorpool - 235
1645856516 frequency_ID0000056 POST_SCRIPT_STARTED 2894.0 condorpool - 235
1645856517 frequency_ID0000056 POST_SCRIPT_TERMINATED 2894.0 condorpool - 235
1645856521 frequency_ID0000056 POST_SCRIPT_SUCCESS 0 condorpool - 235
1645856526 stage_out_local_local_2_1 SUBMIT 2897.0 local - 238
1645856526 stage_out_local_local_2_1 EXECUTE 2897.0 local - 238
1645856530 stage_out_local_local_2_1 JOB_TERMINATED 2897.0 local - 238
1645856531 stage_out_local_local_2_1 JOB_SUCCESS 0 local - 238
1645856531 stage_out_local_local_2_1 POST_SCRIPT_STARTED 2897.0 local - 238
1645856531 stage_out_local_local_2_1 POST_SCRIPT_TERMINATED 2897.0 local - 238
1645856536 stage_out_local_local_2_1 POST_SCRIPT_SUCCESS 0 local - 238
1645856606 frequency_ID0000054 JOB_TERMINATED 2891.0 condorpool - 232
1645856611 frequency_ID0000054 JOB_SUCCESS 0 condorpool - 232
1645856611 frequency_ID0000054 POST_SCRIPT_STARTED 2891.0 condorpool - 232
1645856611 frequency_ID0000054 POST_SCRIPT_TERMINATED 2891.0 condorpool - 232
1645856616 frequency_ID0000054 POST_SCRIPT_SUCCESS 0 condorpool - 232
1645856622 stage_out_local_local_2_0 SUBMIT 2898.0 local - 239
1645856622 stage_out_local_local_2_0 EXECUTE 2898.0 local - 239
1645856626 stage_out_local_local_2_0 JOB_TERMINATED 2898.0 local - 239
1645856627 stage_out_local_local_2_0 JOB_SUCCESS 0 local - 239
1645856627 stage_out_local_local_2_0 POST_SCRIPT_STARTED 2898.0 local - 239
1645856627 stage_out_local_local_2_0 POST_SCRIPT_TERMINATED 2898.0 local - 239
1645856632 stage_out_local_local_2_0 POST_SCRIPT_SUCCESS 0 local - 239
1645856637 cleanup_1000-genome_0_local SUBMIT 2899.0 local - 240
1645856637 cleanup_1000-genome_0_local EXECUTE 2899.0 local - 240
1645856640 cleanup_1000-genome_0_local JOB_TERMINATED 2899.0 local - 240
1645856642 cleanup_1000-genome_0_local JOB_SUCCESS 0 local - 240
1645856642 cleanup_1000-genome_0_local POST_SCRIPT_STARTED 2899.0 local - 240
1645856642 cleanup_1000-genome_0_local POST_SCRIPT_TERMINATED 2899.0 local - 240
1645856647 cleanup_1000-genome_0_local POST_SCRIPT_SUCCESS 0 local - 240
1645856647 INTERNAL *** DAGMAN_FINISHED 0 ***
1645856648 INTERNAL *** MONITORD_FINISHED 0 ***
