1644887402 INTERNAL *** MONITORD_STARTED ***
1644887400 INTERNAL *** DAGMAN_STARTED 1285.0 ***
1644887404 create_dir_1000-genome_0_local SUBMIT 1286.0 local - 1
1644887406 create_dir_1000-genome_0_local EXECUTE 1286.0 local - 1
1644887408 create_dir_1000-genome_0_local JOB_TERMINATED 1286.0 local - 1
1644887409 create_dir_1000-genome_0_local JOB_SUCCESS 0 local - 1
1644887409 create_dir_1000-genome_0_local POST_SCRIPT_STARTED 1286.0 local - 1
1644887410 create_dir_1000-genome_0_local POST_SCRIPT_TERMINATED 1286.0 local - 1
1644887414 create_dir_1000-genome_0_local POST_SCRIPT_SUCCESS 0 local - 1
1644887419 stage_in_remote_local_2_0 SUBMIT 1287.0 local - 2
1644887419 stage_in_remote_local_2_0 EXECUTE 1287.0 local - 2
1644887419 stage_in_remote_local_1_0 SUBMIT 1288.0 local - 3
1644887419 stage_in_remote_local_0_0 SUBMIT 1289.0 local - 4
1644887419 stage_in_local_local_0_0 SUBMIT 1290.0 local - 5
1644887419 stage_in_local_local_2_0 SUBMIT 1291.0 local - 6
1644887421 stage_in_remote_local_2_0 JOB_TERMINATED 1287.0 local - 2
1644887424 stage_in_remote_local_2_0 JOB_SUCCESS 0 local - 2
1644887424 stage_in_remote_local_2_0 POST_SCRIPT_STARTED 1287.0 local - 2
1644887421 stage_in_local_local_2_0 EXECUTE 1291.0 local - 6
1644887421 stage_in_local_local_0_0 EXECUTE 1290.0 local - 5
1644887421 stage_in_remote_local_0_0 EXECUTE 1289.0 local - 4
1644887421 stage_in_remote_local_1_0 EXECUTE 1288.0 local - 3
1644887423 stage_in_remote_local_0_0 JOB_TERMINATED 1289.0 local - 4
1644887424 stage_in_remote_local_0_0 JOB_SUCCESS 0 local - 4
1644887424 stage_in_remote_local_0_0 POST_SCRIPT_STARTED 1289.0 local - 4
1644887423 stage_in_local_local_0_0 JOB_TERMINATED 1290.0 local - 5
1644887424 stage_in_local_local_0_0 JOB_SUCCESS 0 local - 5
1644887424 stage_in_local_local_0_0 POST_SCRIPT_STARTED 1290.0 local - 5
1644887423 stage_in_remote_local_1_0 JOB_TERMINATED 1288.0 local - 3
1644887424 stage_in_remote_local_1_0 JOB_SUCCESS 0 local - 3
1644887424 stage_in_remote_local_1_0 POST_SCRIPT_STARTED 1288.0 local - 3
1644887424 stage_in_remote_local_0_1 SUBMIT 1292.0 local - 7
1644887424 stage_in_local_local_0_1 SUBMIT 1293.0 local - 8
1644887424 stage_in_remote_local_2_1 SUBMIT 1294.0 local - 9
1644887424 stage_in_local_local_2_1 SUBMIT 1295.0 local - 10
1644887424 stage_in_local_local_0_2 SUBMIT 1296.0 local - 11
1644887424 stage_in_remote_local_0_0 POST_SCRIPT_TERMINATED 1289.0 local - 4
1644887429 stage_in_remote_local_0_0 POST_SCRIPT_SUCCESS 0 local - 4
1644887424 stage_in_remote_local_2_0 POST_SCRIPT_TERMINATED 1287.0 local - 2
1644887429 stage_in_remote_local_2_0 POST_SCRIPT_SUCCESS 0 local - 2
1644887424 stage_in_remote_local_1_0 POST_SCRIPT_TERMINATED 1288.0 local - 3
1644887429 stage_in_remote_local_1_0 POST_SCRIPT_SUCCESS 0 local - 3
1644887424 stage_in_local_local_0_0 POST_SCRIPT_TERMINATED 1290.0 local - 5
1644887429 stage_in_local_local_0_0 POST_SCRIPT_SUCCESS 0 local - 5
1644887425 stage_in_local_local_2_0 JOB_TERMINATED 1291.0 local - 6
1644887429 stage_in_local_local_2_0 JOB_SUCCESS 0 local - 6
1644887429 stage_in_local_local_2_0 POST_SCRIPT_STARTED 1291.0 local - 6
1644887425 stage_in_local_local_0_2 EXECUTE 1296.0 local - 11
1644887425 stage_in_local_local_2_1 EXECUTE 1295.0 local - 10
1644887425 stage_in_remote_local_2_1 EXECUTE 1294.0 local - 9
1644887425 stage_in_local_local_0_1 EXECUTE 1293.0 local - 8
1644887425 stage_in_remote_local_0_1 EXECUTE 1292.0 local - 7
1644887428 stage_in_local_local_0_2 JOB_TERMINATED 1296.0 local - 11
1644887429 stage_in_local_local_0_2 JOB_SUCCESS 0 local - 11
1644887429 stage_in_local_local_0_2 POST_SCRIPT_STARTED 1296.0 local - 11
1644887428 stage_in_remote_local_2_1 JOB_TERMINATED 1294.0 local - 9
1644887429 stage_in_remote_local_2_1 JOB_SUCCESS 0 local - 9
1644887429 stage_in_remote_local_2_1 POST_SCRIPT_STARTED 1294.0 local - 9
1644887428 stage_in_remote_local_0_1 JOB_TERMINATED 1292.0 local - 7
1644887429 stage_in_remote_local_0_1 JOB_SUCCESS 0 local - 7
1644887429 stage_in_remote_local_0_1 POST_SCRIPT_STARTED 1292.0 local - 7
1644887428 stage_in_local_local_0_1 JOB_TERMINATED 1293.0 local - 8
1644887429 stage_in_local_local_0_1 JOB_SUCCESS 0 local - 8
1644887429 stage_in_local_local_0_1 POST_SCRIPT_STARTED 1293.0 local - 8
1644887429 stage_in_local_local_2_1 JOB_TERMINATED 1295.0 local - 10
1644887434 stage_in_local_local_2_1 JOB_SUCCESS 0 local - 10
1644887434 stage_in_local_local_2_1 POST_SCRIPT_STARTED 1295.0 local - 10
1644887430 stage_in_local_local_0_1 POST_SCRIPT_TERMINATED 1293.0 local - 8
1644887434 stage_in_local_local_0_1 POST_SCRIPT_SUCCESS 0 local - 8
1644887430 stage_in_local_local_0_2 POST_SCRIPT_TERMINATED 1296.0 local - 11
1644887434 stage_in_local_local_0_2 POST_SCRIPT_SUCCESS 0 local - 11
1644887430 stage_in_local_local_2_0 POST_SCRIPT_TERMINATED 1291.0 local - 6
1644887434 stage_in_local_local_2_0 POST_SCRIPT_SUCCESS 0 local - 6
1644887430 stage_in_remote_local_2_1 POST_SCRIPT_TERMINATED 1294.0 local - 9
1644887434 stage_in_remote_local_2_1 POST_SCRIPT_SUCCESS 0 local - 9
1644887430 stage_in_remote_local_0_1 POST_SCRIPT_TERMINATED 1292.0 local - 7
1644887434 stage_in_remote_local_0_1 POST_SCRIPT_SUCCESS 0 local - 7
1644887434 stage_in_local_local_2_1 POST_SCRIPT_TERMINATED 1295.0 local - 10
1644887439 stage_in_local_local_2_1 POST_SCRIPT_SUCCESS 0 local - 10
1644887439 individuals_ID0000037 SUBMIT 1297.0 condorpool - 12
1644887439 individuals_ID0000038 SUBMIT 1298.0 condorpool - 13
1644887439 individuals_ID0000039 SUBMIT 1299.0 condorpool - 14
1644887439 individuals_ID0000033 SUBMIT 1300.0 condorpool - 15
1644887439 individuals_ID0000034 SUBMIT 1301.0 condorpool - 16
1644887444 individuals_ID0000035 SUBMIT 1302.0 condorpool - 17
1644887444 individuals_ID0000036 SUBMIT 1303.0 condorpool - 18
1644887444 individuals_ID0000073 SUBMIT 1304.0 condorpool - 19
1644887444 individuals_ID0000030 SUBMIT 1305.0 condorpool - 20
1644887444 individuals_ID0000074 SUBMIT 1306.0 condorpool - 21
1644887447 individuals_ID0000034 EXECUTE 1301.0 condorpool - 16
1644887449 individuals_ID0000031 SUBMIT 1307.0 condorpool - 22
1644887449 individuals_ID0000075 SUBMIT 1308.0 condorpool - 23
1644887449 individuals_ID0000032 SUBMIT 1309.0 condorpool - 24
1644887449 individuals_ID0000070 SUBMIT 1310.0 condorpool - 25
1644887449 individuals_ID0000071 SUBMIT 1311.0 condorpool - 26
1644887454 individuals_ID0000072 SUBMIT 1312.0 condorpool - 27
1644887455 individuals_ID0000004 SUBMIT 1313.0 condorpool - 28
1644887455 individuals_ID0000048 SUBMIT 1314.0 condorpool - 29
1644887455 individuals_ID0000005 SUBMIT 1315.0 condorpool - 30
1644887455 individuals_ID0000049 SUBMIT 1316.0 condorpool - 31
1644887455 individuals_ID0000038 EXECUTE 1298.0 condorpool - 13
1644887456 individuals_ID0000033 EXECUTE 1300.0 condorpool - 15
1644887459 individuals_ID0000037 EXECUTE 1297.0 condorpool - 12
1644887459 individuals_ID0000039 EXECUTE 1299.0 condorpool - 14
1644887460 individuals_ID0000006 SUBMIT 1317.0 condorpool - 32
1644887460 individuals_ID0000007 SUBMIT 1318.0 condorpool - 33
1644887460 individuals_ID0000044 SUBMIT 1319.0 condorpool - 34
1644887460 individuals_ID0000001 SUBMIT 1320.0 condorpool - 35
1644887460 individuals_ID0000045 SUBMIT 1321.0 condorpool - 36
1644887465 individuals_ID0000002 SUBMIT 1322.0 condorpool - 37
1644887465 individuals_ID0000046 SUBMIT 1323.0 condorpool - 38
1644887465 individuals_ID0000003 SUBMIT 1324.0 condorpool - 39
1644887465 individuals_ID0000047 SUBMIT 1325.0 condorpool - 40
1644887465 individuals_ID0000008 SUBMIT 1326.0 condorpool - 41
1644887470 individuals_ID0000009 SUBMIT 1327.0 condorpool - 42
1644887470 individuals_ID0000040 SUBMIT 1328.0 condorpool - 43
1644887470 individuals_ID0000041 SUBMIT 1329.0 condorpool - 44
1644887470 individuals_ID0000042 SUBMIT 1330.0 condorpool - 45
1644887470 individuals_ID0000043 SUBMIT 1331.0 condorpool - 46
1644887475 individuals_ID0000015 SUBMIT 1332.0 condorpool - 47
1644887476 individuals_ID0000059 SUBMIT 1333.0 condorpool - 48
1644887476 individuals_ID0000016 SUBMIT 1334.0 condorpool - 49
1644887476 individuals_ID0000017 SUBMIT 1335.0 condorpool - 50
1644887476 individuals_ID0000018 SUBMIT 1336.0 condorpool - 51
1644887481 individuals_ID0000011 SUBMIT 1337.0 condorpool - 52
1644887481 individuals_ID0000055 SUBMIT 1338.0 condorpool - 53
1644887481 individuals_ID0000012 SUBMIT 1339.0 condorpool - 54
1644887481 individuals_ID0000056 SUBMIT 1340.0 condorpool - 55
1644887481 individuals_ID0000013 SUBMIT 1341.0 condorpool - 56
1644887482 individuals_ID0000032 EXECUTE 1309.0 condorpool - 24
1644887484 individuals_ID0000005 EXECUTE 1315.0 condorpool - 30
1644887486 individuals_ID0000057 SUBMIT 1342.0 condorpool - 57
1644887486 individuals_ID0000014 SUBMIT 1343.0 condorpool - 58
1644887486 individuals_ID0000058 SUBMIT 1344.0 condorpool - 59
1644887486 individuals_ID0000019 SUBMIT 1345.0 condorpool - 60
1644887486 individuals_ID0000051 SUBMIT 1346.0 condorpool - 61
1644887488 individuals_ID0000036 EXECUTE 1303.0 condorpool - 18
1644887488 individuals_ID0000035 EXECUTE 1302.0 condorpool - 17
1644887490 individuals_ID0000004 EXECUTE 1313.0 condorpool - 28
1644887491 individuals_ID0000049 EXECUTE 1316.0 condorpool - 31
1644887491 individuals_ID0000048 EXECUTE 1314.0 condorpool - 29
1644887491 individuals_ID0000052 SUBMIT 1347.0 condorpool - 62
1644887491 individuals_ID0000053 SUBMIT 1348.0 condorpool - 63
1644887491 individuals_ID0000010 SUBMIT 1349.0 condorpool - 64
1644887491 individuals_ID0000054 SUBMIT 1350.0 condorpool - 65
1644887491 individuals_ID0000050 SUBMIT 1351.0 condorpool - 66
1644887496 individuals_ID0000026 SUBMIT 1352.0 condorpool - 67
1644887496 individuals_ID0000027 SUBMIT 1353.0 condorpool - 68
1644887497 individuals_ID0000028 SUBMIT 1354.0 condorpool - 69
1644887497 individuals_ID0000029 SUBMIT 1355.0 condorpool - 70
1644887497 individuals_ID0000022 SUBMIT 1356.0 condorpool - 71
1644887501 individuals_ID0000071 EXECUTE 1311.0 condorpool - 26
1644887501 individuals_ID0000070 EXECUTE 1310.0 condorpool - 25
1644887502 individuals_ID0000066 SUBMIT 1357.0 condorpool - 72
1644887502 individuals_ID0000023 SUBMIT 1358.0 condorpool - 73
1644887502 individuals_ID0000067 SUBMIT 1359.0 condorpool - 74
1644887502 individuals_ID0000024 SUBMIT 1360.0 condorpool - 75
1644887502 individuals_ID0000068 SUBMIT 1361.0 condorpool - 76
1644887507 individuals_ID0000025 SUBMIT 1362.0 condorpool - 77
1644887507 individuals_ID0000069 SUBMIT 1363.0 condorpool - 78
1644887507 individuals_ID0000062 SUBMIT 1364.0 condorpool - 79
1644887507 individuals_ID0000063 SUBMIT 1365.0 condorpool - 80
1644887507 individuals_ID0000020 SUBMIT 1366.0 condorpool - 81
1644887511 individuals_ID0000073 EXECUTE 1304.0 condorpool - 19
1644887512 individuals_ID0000064 SUBMIT 1367.0 condorpool - 82
1644887512 individuals_ID0000021 SUBMIT 1368.0 condorpool - 83
1644887512 individuals_ID0000065 SUBMIT 1369.0 condorpool - 84
1644887512 individuals_ID0000060 SUBMIT 1370.0 condorpool - 85
1644887512 individuals_ID0000061 SUBMIT 1371.0 condorpool - 86
1644887517 individuals_ID0000007 EXECUTE 1318.0 condorpool - 33
1644887517 individuals_ID0000006 EXECUTE 1317.0 condorpool - 32
1644887517 sifting_ID0000077 SUBMIT 1372.0 condorpool - 87
1644887519 individuals_ID0000030 EXECUTE 1305.0 condorpool - 20
1644887519 individuals_ID0000074 EXECUTE 1306.0 condorpool - 21
1644887523 individuals_ID0000008 EXECUTE 1326.0 condorpool - 41
1644887531 individuals_ID0000072 EXECUTE 1312.0 condorpool - 27
1644887540 individuals_ID0000031 EXECUTE 1307.0 condorpool - 22
1644887543 individuals_ID0000042 EXECUTE 1330.0 condorpool - 45
1644887554 individuals_ID0000075 EXECUTE 1308.0 condorpool - 23
1644887559 individuals_ID0000047 EXECUTE 1325.0 condorpool - 40
1644887566 individuals_ID0000009 EXECUTE 1327.0 condorpool - 42
1644887567 individuals_ID0000001 EXECUTE 1320.0 condorpool - 35
1644887574 individuals_ID0000015 EXECUTE 1332.0 condorpool - 47
1644887582 individuals_ID0000041 EXECUTE 1329.0 condorpool - 44
1644887586 individuals_ID0000045 EXECUTE 1321.0 condorpool - 36
1644887589 individuals_ID0000040 EXECUTE 1328.0 condorpool - 43
1644887590 individuals_ID0000017 EXECUTE 1335.0 condorpool - 50
1644887598 individuals_ID0000016 EXECUTE 1334.0 condorpool - 49
1644887599 individuals_ID0000044 EXECUTE 1319.0 condorpool - 34
1644887600 individuals_ID0000057 EXECUTE 1342.0 condorpool - 57
1644887605 individuals_ID0000059 EXECUTE 1333.0 condorpool - 48
1644887606 individuals_ID0000043 EXECUTE 1331.0 condorpool - 46
1644887606 individuals_ID0000018 EXECUTE 1336.0 condorpool - 51
1644887607 individuals_ID0000003 EXECUTE 1324.0 condorpool - 39
1644887636 individuals_ID0000012 EXECUTE 1339.0 condorpool - 54
1644887637 individuals_ID0000046 EXECUTE 1323.0 condorpool - 38
1644887644 individuals_ID0000058 EXECUTE 1344.0 condorpool - 59
1644887651 individuals_ID0000056 EXECUTE 1340.0 condorpool - 55
1644887653 individuals_ID0000011 EXECUTE 1337.0 condorpool - 52
1644887655 individuals_ID0000002 EXECUTE 1322.0 condorpool - 37
1644887663 individuals_ID0000014 EXECUTE 1343.0 condorpool - 58
1644887670 individuals_ID0000013 EXECUTE 1341.0 condorpool - 56
1644887672 individuals_ID0000055 EXECUTE 1338.0 condorpool - 53
1644887937 individuals_ID0000001 JOB_TERMINATED 1320.0 condorpool - 35
1644887938 individuals_ID0000001 JOB_SUCCESS 0 condorpool - 35
1644887938 individuals_ID0000001 POST_SCRIPT_STARTED 1320.0 condorpool - 35
1644887938 individuals_ID0000001 POST_SCRIPT_TERMINATED 1320.0 condorpool - 35
1644887943 individuals_ID0000001 POST_SCRIPT_SUCCESS 0 condorpool - 35
1644887944 individuals_ID0000019 EXECUTE 1345.0 condorpool - 60
1644888273 individuals_ID0000034 JOB_TERMINATED 1301.0 condorpool - 16
1644888273 individuals_ID0000034 JOB_SUCCESS 0 condorpool - 16
1644888273 individuals_ID0000034 POST_SCRIPT_STARTED 1301.0 condorpool - 16
1644888274 individuals_ID0000034 POST_SCRIPT_TERMINATED 1301.0 condorpool - 16
1644888278 individuals_ID0000034 POST_SCRIPT_SUCCESS 0 condorpool - 16
1644888295 individuals_ID0000006 JOB_TERMINATED 1317.0 condorpool - 32
1644888298 individuals_ID0000006 JOB_SUCCESS 0 condorpool - 32
1644888298 individuals_ID0000006 POST_SCRIPT_STARTED 1317.0 condorpool - 32
1644888295 individuals_ID0000051 EXECUTE 1346.0 condorpool - 61
1644888296 individuals_ID0000007 JOB_TERMINATED 1318.0 condorpool - 33
1644888298 individuals_ID0000007 JOB_SUCCESS 0 condorpool - 33
1644888298 individuals_ID0000007 POST_SCRIPT_STARTED 1318.0 condorpool - 33
1644888298 individuals_ID0000006 POST_SCRIPT_TERMINATED 1317.0 condorpool - 32
1644888303 individuals_ID0000006 POST_SCRIPT_SUCCESS 0 condorpool - 32
1644888298 individuals_ID0000007 POST_SCRIPT_TERMINATED 1318.0 condorpool - 33
1644888303 individuals_ID0000007 POST_SCRIPT_SUCCESS 0 condorpool - 33
1644888307 individuals_ID0000052 EXECUTE 1347.0 condorpool - 62
1644888307 individuals_ID0000053 EXECUTE 1348.0 condorpool - 63
1644888366 individuals_ID0000036 JOB_TERMINATED 1303.0 condorpool - 18
1644888368 individuals_ID0000036 JOB_SUCCESS 0 condorpool - 18
1644888368 individuals_ID0000036 POST_SCRIPT_STARTED 1303.0 condorpool - 18
1644888368 individuals_ID0000036 POST_SCRIPT_TERMINATED 1303.0 condorpool - 18
1644888373 individuals_ID0000036 POST_SCRIPT_SUCCESS 0 condorpool - 18
1644888379 individuals_ID0000010 EXECUTE 1349.0 condorpool - 64
1644888379 individuals_ID0000044 JOB_TERMINATED 1319.0 condorpool - 34
1644888384 individuals_ID0000044 JOB_SUCCESS 0 condorpool - 34
1644888384 individuals_ID0000044 POST_SCRIPT_STARTED 1319.0 condorpool - 34
1644888380 individuals_ID0000073 JOB_TERMINATED 1304.0 condorpool - 19
1644888384 individuals_ID0000073 JOB_SUCCESS 0 condorpool - 19
1644888384 individuals_ID0000073 POST_SCRIPT_STARTED 1304.0 condorpool - 19
1644888384 individuals_ID0000073 POST_SCRIPT_TERMINATED 1304.0 condorpool - 19
1644888389 individuals_ID0000073 POST_SCRIPT_SUCCESS 0 condorpool - 19
1644888384 individuals_ID0000044 POST_SCRIPT_TERMINATED 1319.0 condorpool - 34
1644888389 individuals_ID0000044 POST_SCRIPT_SUCCESS 0 condorpool - 34
1644888401 individuals_ID0000054 EXECUTE 1350.0 condorpool - 65
1644888404 individuals_ID0000050 EXECUTE 1351.0 condorpool - 66
1644888405 individuals_ID0000035 JOB_TERMINATED 1302.0 condorpool - 17
1644888409 individuals_ID0000035 JOB_SUCCESS 0 condorpool - 17
1644888409 individuals_ID0000035 POST_SCRIPT_STARTED 1302.0 condorpool - 17
1644888408 individuals_ID0000074 JOB_TERMINATED 1306.0 condorpool - 21
1644888409 individuals_ID0000074 JOB_SUCCESS 0 condorpool - 21
1644888409 individuals_ID0000074 POST_SCRIPT_STARTED 1306.0 condorpool - 21
1644888408 individuals_ID0000030 JOB_TERMINATED 1305.0 condorpool - 20
1644888409 individuals_ID0000030 JOB_SUCCESS 0 condorpool - 20
1644888409 individuals_ID0000030 POST_SCRIPT_STARTED 1305.0 condorpool - 20
1644888409 individuals_ID0000035 POST_SCRIPT_TERMINATED 1302.0 condorpool - 17
1644888414 individuals_ID0000035 POST_SCRIPT_SUCCESS 0 condorpool - 17
1644888409 individuals_ID0000074 POST_SCRIPT_TERMINATED 1306.0 condorpool - 21
1644888414 individuals_ID0000074 POST_SCRIPT_SUCCESS 0 condorpool - 21
1644888409 individuals_ID0000030 POST_SCRIPT_TERMINATED 1305.0 condorpool - 20
1644888414 individuals_ID0000030 POST_SCRIPT_SUCCESS 0 condorpool - 20
1644888448 individuals_ID0000026 EXECUTE 1352.0 condorpool - 67
1644888455 individuals_ID0000008 JOB_TERMINATED 1326.0 condorpool - 41
1644888459 individuals_ID0000008 JOB_SUCCESS 0 condorpool - 41
1644888459 individuals_ID0000008 POST_SCRIPT_STARTED 1326.0 condorpool - 41
1644888457 individuals_ID0000032 JOB_TERMINATED 1309.0 condorpool - 24
1644888459 individuals_ID0000032 JOB_SUCCESS 0 condorpool - 24
1644888459 individuals_ID0000032 POST_SCRIPT_STARTED 1309.0 condorpool - 24
1644888460 individuals_ID0000008 POST_SCRIPT_TERMINATED 1326.0 condorpool - 41
1644888464 individuals_ID0000008 POST_SCRIPT_SUCCESS 0 condorpool - 41
1644888460 individuals_ID0000032 POST_SCRIPT_TERMINATED 1309.0 condorpool - 24
1644888464 individuals_ID0000032 POST_SCRIPT_SUCCESS 0 condorpool - 24
1644888467 individuals_ID0000028 EXECUTE 1354.0 condorpool - 69
1644888467 individuals_ID0000027 EXECUTE 1353.0 condorpool - 68
1644888469 individuals_ID0000075 JOB_TERMINATED 1308.0 condorpool - 23
1644888474 individuals_ID0000075 JOB_SUCCESS 0 condorpool - 23
1644888474 individuals_ID0000075 POST_SCRIPT_STARTED 1308.0 condorpool - 23
1644888473 individuals_ID0000049 JOB_TERMINATED 1316.0 condorpool - 31
1644888474 individuals_ID0000049 JOB_SUCCESS 0 condorpool - 31
1644888474 individuals_ID0000049 POST_SCRIPT_STARTED 1316.0 condorpool - 31
1644888473 individuals_ID0000004 JOB_TERMINATED 1313.0 condorpool - 28
1644888474 individuals_ID0000004 JOB_SUCCESS 0 condorpool - 28
1644888474 individuals_ID0000004 POST_SCRIPT_STARTED 1313.0 condorpool - 28
1644888474 individuals_ID0000075 POST_SCRIPT_TERMINATED 1308.0 condorpool - 23
1644888479 individuals_ID0000075 POST_SCRIPT_SUCCESS 0 condorpool - 23
1644888474 individuals_ID0000049 POST_SCRIPT_TERMINATED 1316.0 condorpool - 31
1644888479 individuals_ID0000049 POST_SCRIPT_SUCCESS 0 condorpool - 31
1644888474 individuals_ID0000004 POST_SCRIPT_TERMINATED 1313.0 condorpool - 28
1644888479 individuals_ID0000004 POST_SCRIPT_SUCCESS 0 condorpool - 28
1644888476 individuals_ID0000048 JOB_TERMINATED 1314.0 condorpool - 29
1644888479 individuals_ID0000048 JOB_SUCCESS 0 condorpool - 29
1644888479 individuals_ID0000048 POST_SCRIPT_STARTED 1314.0 condorpool - 29
1644888476 individuals_ID0000005 JOB_TERMINATED 1315.0 condorpool - 30
1644888479 individuals_ID0000005 JOB_SUCCESS 0 condorpool - 30
1644888479 individuals_ID0000005 POST_SCRIPT_STARTED 1315.0 condorpool - 30
1644888478 individuals_ID0000033 JOB_TERMINATED 1300.0 condorpool - 15
1644888479 individuals_ID0000033 JOB_SUCCESS 0 condorpool - 15
1644888479 individuals_ID0000033 POST_SCRIPT_STARTED 1300.0 condorpool - 15
1644888480 individuals_ID0000005 POST_SCRIPT_TERMINATED 1315.0 condorpool - 30
1644888484 individuals_ID0000005 POST_SCRIPT_SUCCESS 0 condorpool - 30
1644888480 individuals_ID0000033 POST_SCRIPT_TERMINATED 1300.0 condorpool - 15
1644888484 individuals_ID0000033 POST_SCRIPT_SUCCESS 0 condorpool - 15
1644888480 individuals_ID0000048 POST_SCRIPT_TERMINATED 1314.0 condorpool - 29
1644888484 individuals_ID0000048 POST_SCRIPT_SUCCESS 0 condorpool - 29
1644888513 individuals_ID0000022 EXECUTE 1356.0 condorpool - 71
1644888525 individuals_ID0000029 EXECUTE 1355.0 condorpool - 70
1644888541 individuals_ID0000066 EXECUTE 1357.0 condorpool - 72
1644888542 individuals_ID0000025 EXECUTE 1362.0 condorpool - 77
1644888544 individuals_ID0000038 JOB_TERMINATED 1298.0 condorpool - 13
1644888544 individuals_ID0000038 JOB_SUCCESS 0 condorpool - 13
1644888544 individuals_ID0000038 POST_SCRIPT_STARTED 1298.0 condorpool - 13
1644888544 individuals_ID0000038 POST_SCRIPT_TERMINATED 1298.0 condorpool - 13
1644888549 individuals_ID0000038 POST_SCRIPT_SUCCESS 0 condorpool - 13
1644888546 individuals_ID0000037 JOB_TERMINATED 1297.0 condorpool - 12
1644888549 individuals_ID0000037 JOB_SUCCESS 0 condorpool - 12
1644888549 individuals_ID0000037 POST_SCRIPT_STARTED 1297.0 condorpool - 12
1644888550 individuals_ID0000037 POST_SCRIPT_TERMINATED 1297.0 condorpool - 12
1644888554 individuals_ID0000037 POST_SCRIPT_SUCCESS 0 condorpool - 12
1644888552 individuals_ID0000057 JOB_TERMINATED 1342.0 condorpool - 57
1644888554 individuals_ID0000057 JOB_SUCCESS 0 condorpool - 57
1644888554 individuals_ID0000057 POST_SCRIPT_STARTED 1342.0 condorpool - 57
1644888554 individuals_ID0000057 POST_SCRIPT_TERMINATED 1342.0 condorpool - 57
1644888559 individuals_ID0000057 POST_SCRIPT_SUCCESS 0 condorpool - 57
1644888555 individuals_ID0000045 JOB_TERMINATED 1321.0 condorpool - 36
1644888559 individuals_ID0000045 JOB_SUCCESS 0 condorpool - 36
1644888559 individuals_ID0000045 POST_SCRIPT_STARTED 1321.0 condorpool - 36
1644888557 individuals_ID0000039 JOB_TERMINATED 1299.0 condorpool - 14
1644888559 individuals_ID0000039 JOB_SUCCESS 0 condorpool - 14
1644888559 individuals_ID0000039 POST_SCRIPT_STARTED 1299.0 condorpool - 14
1644888559 individuals_ID0000045 POST_SCRIPT_TERMINATED 1321.0 condorpool - 36
1644888564 individuals_ID0000045 POST_SCRIPT_SUCCESS 0 condorpool - 36
1644888559 individuals_ID0000039 POST_SCRIPT_TERMINATED 1299.0 condorpool - 14
1644888564 individuals_ID0000039 POST_SCRIPT_SUCCESS 0 condorpool - 14
1644888575 individuals_ID0000017 JOB_TERMINATED 1335.0 condorpool - 50
1644888579 individuals_ID0000017 JOB_SUCCESS 0 condorpool - 50
1644888579 individuals_ID0000017 POST_SCRIPT_STARTED 1335.0 condorpool - 50
1644888579 individuals_ID0000042 JOB_TERMINATED 1330.0 condorpool - 45
1644888579 individuals_ID0000042 JOB_SUCCESS 0 condorpool - 45
1644888579 individuals_ID0000042 POST_SCRIPT_STARTED 1330.0 condorpool - 45
1644888580 individuals_ID0000042 POST_SCRIPT_TERMINATED 1330.0 condorpool - 45
1644888584 individuals_ID0000042 POST_SCRIPT_SUCCESS 0 condorpool - 45
1644888580 individuals_ID0000017 POST_SCRIPT_TERMINATED 1335.0 condorpool - 50
1644888584 individuals_ID0000017 POST_SCRIPT_SUCCESS 0 condorpool - 50
1644888580 individuals_ID0000031 JOB_TERMINATED 1307.0 condorpool - 22
1644888584 individuals_ID0000031 JOB_SUCCESS 0 condorpool - 22
1644888584 individuals_ID0000031 POST_SCRIPT_STARTED 1307.0 condorpool - 22
1644888583 individuals_ID0000015 JOB_TERMINATED 1332.0 condorpool - 47
1644888584 individuals_ID0000015 JOB_SUCCESS 0 condorpool - 47
1644888584 individuals_ID0000015 POST_SCRIPT_STARTED 1332.0 condorpool - 47
1644888584 individuals_ID0000015 POST_SCRIPT_TERMINATED 1332.0 condorpool - 47
1644888589 individuals_ID0000015 POST_SCRIPT_SUCCESS 0 condorpool - 47
1644888584 individuals_ID0000031 POST_SCRIPT_TERMINATED 1307.0 condorpool - 22
1644888589 individuals_ID0000031 POST_SCRIPT_SUCCESS 0 condorpool - 22
1644888588 individuals_ID0000041 JOB_TERMINATED 1329.0 condorpool - 44
1644888589 individuals_ID0000041 JOB_SUCCESS 0 condorpool - 44
1644888589 individuals_ID0000041 POST_SCRIPT_STARTED 1329.0 condorpool - 44
1644888589 individuals_ID0000041 POST_SCRIPT_TERMINATED 1329.0 condorpool - 44
1644888594 individuals_ID0000041 POST_SCRIPT_SUCCESS 0 condorpool - 44
1644888590 individuals_ID0000012 JOB_TERMINATED 1339.0 condorpool - 54
1644888594 individuals_ID0000012 JOB_SUCCESS 0 condorpool - 54
1644888594 individuals_ID0000012 POST_SCRIPT_STARTED 1339.0 condorpool - 54
1644888591 individuals_ID0000043 JOB_TERMINATED 1331.0 condorpool - 46
1644888594 individuals_ID0000043 JOB_SUCCESS 0 condorpool - 46
1644888594 individuals_ID0000043 POST_SCRIPT_STARTED 1331.0 condorpool - 46
1644888595 individuals_ID0000043 POST_SCRIPT_TERMINATED 1331.0 condorpool - 46
1644888599 individuals_ID0000043 POST_SCRIPT_SUCCESS 0 condorpool - 46
1644888595 individuals_ID0000012 POST_SCRIPT_TERMINATED 1339.0 condorpool - 54
1644888599 individuals_ID0000012 POST_SCRIPT_SUCCESS 0 condorpool - 54
1644888608 individuals_ID0000023 EXECUTE 1358.0 condorpool - 73
1644888613 individuals_ID0000020 EXECUTE 1366.0 condorpool - 81
1644888616 individuals_ID0000072 JOB_TERMINATED 1312.0 condorpool - 27
1644888619 individuals_ID0000072 JOB_SUCCESS 0 condorpool - 27
1644888619 individuals_ID0000072 POST_SCRIPT_STARTED 1312.0 condorpool - 27
1644888618 individuals_ID0000063 EXECUTE 1365.0 condorpool - 80
1644888618 individuals_ID0000009 JOB_TERMINATED 1327.0 condorpool - 42
1644888619 individuals_ID0000009 JOB_SUCCESS 0 condorpool - 42
1644888619 individuals_ID0000009 POST_SCRIPT_STARTED 1327.0 condorpool - 42
1644888619 individuals_ID0000009 POST_SCRIPT_TERMINATED 1327.0 condorpool - 42
1644888624 individuals_ID0000009 POST_SCRIPT_SUCCESS 0 condorpool - 42
1644888619 individuals_ID0000072 POST_SCRIPT_TERMINATED 1312.0 condorpool - 27
1644888624 individuals_ID0000072 POST_SCRIPT_SUCCESS 0 condorpool - 27
1644888619 individuals_ID0000040 JOB_TERMINATED 1328.0 condorpool - 43
1644888624 individuals_ID0000040 JOB_SUCCESS 0 condorpool - 43
1644888624 individuals_ID0000040 POST_SCRIPT_STARTED 1328.0 condorpool - 43
1644888621 individuals_ID0000018 JOB_TERMINATED 1336.0 condorpool - 51
1644888624 individuals_ID0000018 JOB_SUCCESS 0 condorpool - 51
1644888624 individuals_ID0000018 POST_SCRIPT_STARTED 1336.0 condorpool - 51
1644888621 individuals_ID0000067 EXECUTE 1359.0 condorpool - 74
1644888621 individuals_ID0000021 EXECUTE 1368.0 condorpool - 83
1644888622 individuals_ID0000016 JOB_TERMINATED 1334.0 condorpool - 49
1644888624 individuals_ID0000016 JOB_SUCCESS 0 condorpool - 49
1644888624 individuals_ID0000016 POST_SCRIPT_STARTED 1334.0 condorpool - 49
1644888625 individuals_ID0000018 POST_SCRIPT_TERMINATED 1336.0 condorpool - 51
1644888629 individuals_ID0000018 POST_SCRIPT_SUCCESS 0 condorpool - 51
1644888625 individuals_ID0000016 POST_SCRIPT_TERMINATED 1334.0 condorpool - 49
1644888629 individuals_ID0000016 POST_SCRIPT_SUCCESS 0 condorpool - 49
1644888625 individuals_ID0000040 POST_SCRIPT_TERMINATED 1328.0 condorpool - 43
1644888629 individuals_ID0000040 POST_SCRIPT_SUCCESS 0 condorpool - 43
1644888628 individuals_ID0000071 JOB_TERMINATED 1311.0 condorpool - 26
1644888629 individuals_ID0000071 JOB_SUCCESS 0 condorpool - 26
1644888629 individuals_ID0000071 POST_SCRIPT_STARTED 1311.0 condorpool - 26
1644888629 individuals_ID0000070 JOB_TERMINATED 1310.0 condorpool - 25
1644888629 individuals_ID0000070 JOB_SUCCESS 0 condorpool - 25
1644888629 individuals_ID0000070 POST_SCRIPT_STARTED 1310.0 condorpool - 25
1644888629 sifting_ID0000077 EXECUTE 1372.0 condorpool - 87
1644888629 individuals_ID0000070 POST_SCRIPT_TERMINATED 1310.0 condorpool - 25
1644888634 individuals_ID0000070 POST_SCRIPT_SUCCESS 0 condorpool - 25
1644888629 individuals_ID0000071 POST_SCRIPT_TERMINATED 1311.0 condorpool - 26
1644888634 individuals_ID0000071 POST_SCRIPT_SUCCESS 0 condorpool - 26
1644888633 individuals_ID0000047 JOB_TERMINATED 1325.0 condorpool - 40
1644888634 individuals_ID0000047 JOB_SUCCESS 0 condorpool - 40
1644888634 individuals_ID0000047 POST_SCRIPT_STARTED 1325.0 condorpool - 40
1644888634 individuals_ID0000047 POST_SCRIPT_TERMINATED 1325.0 condorpool - 40
1644888639 individuals_ID0000047 POST_SCRIPT_SUCCESS 0 condorpool - 40
1644888635 individuals_ID0000069 EXECUTE 1363.0 condorpool - 78
1644888636 individuals_ID0000024 EXECUTE 1360.0 condorpool - 75
1644888636 individuals_ID0000068 EXECUTE 1361.0 condorpool - 76
1644888636 individuals_ID0000059 JOB_TERMINATED 1333.0 condorpool - 48
1644888639 individuals_ID0000059 JOB_SUCCESS 0 condorpool - 48
1644888639 individuals_ID0000059 POST_SCRIPT_STARTED 1333.0 condorpool - 48
1644888640 individuals_ID0000059 POST_SCRIPT_TERMINATED 1333.0 condorpool - 48
1644888644 individuals_ID0000059 POST_SCRIPT_SUCCESS 0 condorpool - 48
1644888641 individuals_ID0000060 EXECUTE 1370.0 condorpool - 85
1644888643 individuals_ID0000003 JOB_TERMINATED 1324.0 condorpool - 39
1644888644 individuals_ID0000003 JOB_SUCCESS 0 condorpool - 39
1644888644 individuals_ID0000003 POST_SCRIPT_STARTED 1324.0 condorpool - 39
1644888644 individuals_ID0000065 EXECUTE 1369.0 condorpool - 84
1644888644 individuals_ID0000003 POST_SCRIPT_TERMINATED 1324.0 condorpool - 39
1644888649 individuals_ID0000003 POST_SCRIPT_SUCCESS 0 condorpool - 39
1644888650 sifting_ID0000077 JOB_TERMINATED 1372.0 condorpool - 87
1644888654 sifting_ID0000077 JOB_SUCCESS 0 condorpool - 87
1644888654 sifting_ID0000077 POST_SCRIPT_STARTED 1372.0 condorpool - 87
1644888650 individuals_ID0000061 EXECUTE 1371.0 condorpool - 86
1644888652 individuals_ID0000062 EXECUTE 1364.0 condorpool - 79
1644888652 individuals_ID0000046 JOB_TERMINATED 1323.0 condorpool - 38
1644888654 individuals_ID0000046 JOB_SUCCESS 0 condorpool - 38
1644888654 individuals_ID0000046 POST_SCRIPT_STARTED 1323.0 condorpool - 38
1644888652 individuals_ID0000064 EXECUTE 1367.0 condorpool - 82
1644888654 individuals_ID0000056 JOB_TERMINATED 1340.0 condorpool - 55
1644888654 individuals_ID0000056 JOB_SUCCESS 0 condorpool - 55
1644888654 individuals_ID0000056 POST_SCRIPT_STARTED 1340.0 condorpool - 55
1644888654 sifting_ID0000077 POST_SCRIPT_TERMINATED 1372.0 condorpool - 87
1644888659 sifting_ID0000077 POST_SCRIPT_SUCCESS 0 condorpool - 87
1644888654 individuals_ID0000046 POST_SCRIPT_TERMINATED 1323.0 condorpool - 38
1644888659 individuals_ID0000046 POST_SCRIPT_SUCCESS 0 condorpool - 38
1644888654 individuals_ID0000056 POST_SCRIPT_TERMINATED 1340.0 condorpool - 55
1644888659 individuals_ID0000056 POST_SCRIPT_SUCCESS 0 condorpool - 55
1644888661 individuals_ID0000011 JOB_TERMINATED 1337.0 condorpool - 52
1644888664 individuals_ID0000011 JOB_SUCCESS 0 condorpool - 52
1644888664 individuals_ID0000011 POST_SCRIPT_STARTED 1337.0 condorpool - 52
1644888662 individuals_ID0000055 JOB_TERMINATED 1338.0 condorpool - 53
1644888664 individuals_ID0000055 JOB_SUCCESS 0 condorpool - 53
1644888664 individuals_ID0000055 POST_SCRIPT_STARTED 1338.0 condorpool - 53
1644888663 individuals_ID0000002 JOB_TERMINATED 1322.0 condorpool - 37
1644888664 individuals_ID0000002 JOB_SUCCESS 0 condorpool - 37
1644888664 individuals_ID0000002 POST_SCRIPT_STARTED 1322.0 condorpool - 37
1644888665 individuals_ID0000055 POST_SCRIPT_TERMINATED 1338.0 condorpool - 53
1644888669 individuals_ID0000055 POST_SCRIPT_SUCCESS 0 condorpool - 53
1644888665 individuals_ID0000002 POST_SCRIPT_TERMINATED 1322.0 condorpool - 37
1644888669 individuals_ID0000002 POST_SCRIPT_SUCCESS 0 condorpool - 37
1644888665 individuals_ID0000011 POST_SCRIPT_TERMINATED 1337.0 condorpool - 52
1644888669 individuals_ID0000011 POST_SCRIPT_SUCCESS 0 condorpool - 52
1644888665 individuals_ID0000058 JOB_TERMINATED 1344.0 condorpool - 59
1644888669 individuals_ID0000058 JOB_SUCCESS 0 condorpool - 59
1644888669 individuals_ID0000058 POST_SCRIPT_STARTED 1344.0 condorpool - 59
1644888669 individuals_ID0000058 POST_SCRIPT_TERMINATED 1344.0 condorpool - 59
1644888674 individuals_ID0000058 POST_SCRIPT_SUCCESS 0 condorpool - 59
1644888673 individuals_ID0000013 JOB_TERMINATED 1341.0 condorpool - 56
1644888674 individuals_ID0000013 JOB_SUCCESS 0 condorpool - 56
1644888674 individuals_ID0000013 POST_SCRIPT_STARTED 1341.0 condorpool - 56
1644888675 individuals_ID0000013 POST_SCRIPT_TERMINATED 1341.0 condorpool - 56
1644888679 individuals_ID0000013 POST_SCRIPT_SUCCESS 0 condorpool - 56
1644888678 individuals_ID0000014 JOB_TERMINATED 1343.0 condorpool - 58
1644888679 individuals_ID0000014 JOB_SUCCESS 0 condorpool - 58
1644888679 individuals_ID0000014 POST_SCRIPT_STARTED 1343.0 condorpool - 58
1644888679 individuals_ID0000014 POST_SCRIPT_TERMINATED 1343.0 condorpool - 58
1644888684 individuals_ID0000014 POST_SCRIPT_SUCCESS 0 condorpool - 58
1644888705 individuals_ID0000019 JOB_TERMINATED 1345.0 condorpool - 60
1644888709 individuals_ID0000019 JOB_SUCCESS 0 condorpool - 60
1644888709 individuals_ID0000019 POST_SCRIPT_STARTED 1345.0 condorpool - 60
1644888709 individuals_ID0000019 POST_SCRIPT_TERMINATED 1345.0 condorpool - 60
1644888714 individuals_ID0000019 POST_SCRIPT_SUCCESS 0 condorpool - 60
1644889029 individuals_ID0000053 JOB_TERMINATED 1348.0 condorpool - 63
1644889030 individuals_ID0000053 JOB_SUCCESS 0 condorpool - 63
1644889030 individuals_ID0000053 POST_SCRIPT_STARTED 1348.0 condorpool - 63
1644889029 individuals_ID0000052 JOB_TERMINATED 1347.0 condorpool - 62
1644889030 individuals_ID0000052 JOB_SUCCESS 0 condorpool - 62
1644889030 individuals_ID0000052 POST_SCRIPT_STARTED 1347.0 condorpool - 62
1644889030 individuals_ID0000052 POST_SCRIPT_TERMINATED 1347.0 condorpool - 62
1644889035 individuals_ID0000052 POST_SCRIPT_SUCCESS 0 condorpool - 62
1644889030 individuals_ID0000053 POST_SCRIPT_TERMINATED 1348.0 condorpool - 63
1644889035 individuals_ID0000053 POST_SCRIPT_SUCCESS 0 condorpool - 63
1644889126 individuals_ID0000054 JOB_TERMINATED 1350.0 condorpool - 65
1644889130 individuals_ID0000054 JOB_SUCCESS 0 condorpool - 65
1644889130 individuals_ID0000054 POST_SCRIPT_STARTED 1350.0 condorpool - 65
1644889130 individuals_ID0000054 POST_SCRIPT_TERMINATED 1350.0 condorpool - 65
1644889135 individuals_ID0000054 POST_SCRIPT_SUCCESS 0 condorpool - 65
1644889139 individuals_ID0000051 JOB_TERMINATED 1346.0 condorpool - 61
1644889140 individuals_ID0000051 JOB_SUCCESS 0 condorpool - 61
1644889140 individuals_ID0000051 POST_SCRIPT_STARTED 1346.0 condorpool - 61
1644889141 individuals_ID0000051 POST_SCRIPT_TERMINATED 1346.0 condorpool - 61
1644889145 individuals_ID0000051 POST_SCRIPT_SUCCESS 0 condorpool - 61
1644889228 individuals_ID0000029 JOB_TERMINATED 1355.0 condorpool - 70
1644889230 individuals_ID0000029 JOB_SUCCESS 0 condorpool - 70
1644889230 individuals_ID0000029 POST_SCRIPT_STARTED 1355.0 condorpool - 70
1644889230 individuals_ID0000029 POST_SCRIPT_TERMINATED 1355.0 condorpool - 70
1644889235 individuals_ID0000029 POST_SCRIPT_SUCCESS 0 condorpool - 70
1644889238 individuals_ID0000022 JOB_TERMINATED 1356.0 condorpool - 71
1644889240 individuals_ID0000022 JOB_SUCCESS 0 condorpool - 71
1644889240 individuals_ID0000022 POST_SCRIPT_STARTED 1356.0 condorpool - 71
1644889240 individuals_ID0000022 POST_SCRIPT_TERMINATED 1356.0 condorpool - 71
1644889245 individuals_ID0000022 POST_SCRIPT_SUCCESS 0 condorpool - 71
1644889258 individuals_ID0000010 JOB_TERMINATED 1349.0 condorpool - 64
1644889260 individuals_ID0000010 JOB_SUCCESS 0 condorpool - 64
1644889260 individuals_ID0000010 POST_SCRIPT_STARTED 1349.0 condorpool - 64
1644889261 individuals_ID0000010 POST_SCRIPT_TERMINATED 1349.0 condorpool - 64
1644889266 individuals_ID0000010 POST_SCRIPT_SUCCESS 0 condorpool - 64
1644889268 individuals_ID0000050 JOB_TERMINATED 1351.0 condorpool - 66
1644889271 individuals_ID0000050 JOB_SUCCESS 0 condorpool - 66
1644889271 individuals_ID0000050 POST_SCRIPT_STARTED 1351.0 condorpool - 66
1644889271 individuals_ID0000050 POST_SCRIPT_TERMINATED 1351.0 condorpool - 66
1644889276 individuals_ID0000050 POST_SCRIPT_SUCCESS 0 condorpool - 66
1644889275 individuals_ID0000026 JOB_TERMINATED 1352.0 condorpool - 67
1644889276 individuals_ID0000026 JOB_SUCCESS 0 condorpool - 67
1644889276 individuals_ID0000026 POST_SCRIPT_STARTED 1352.0 condorpool - 67
1644889277 individuals_ID0000026 POST_SCRIPT_TERMINATED 1352.0 condorpool - 67
1644889281 individuals_ID0000026 POST_SCRIPT_SUCCESS 0 condorpool - 67
1644889280 individuals_ID0000063 JOB_TERMINATED 1365.0 condorpool - 80
1644889281 individuals_ID0000063 JOB_SUCCESS 0 condorpool - 80
1644889281 individuals_ID0000063 POST_SCRIPT_STARTED 1365.0 condorpool - 80
1644889281 individuals_ID0000063 POST_SCRIPT_TERMINATED 1365.0 condorpool - 80
1644889286 individuals_ID0000063 POST_SCRIPT_SUCCESS 0 condorpool - 80
1644889285 individuals_ID0000020 JOB_TERMINATED 1366.0 condorpool - 81
1644889286 individuals_ID0000020 JOB_SUCCESS 0 condorpool - 81
1644889286 individuals_ID0000020 POST_SCRIPT_STARTED 1366.0 condorpool - 81
1644889286 individuals_ID0000020 POST_SCRIPT_TERMINATED 1366.0 condorpool - 81
1644889291 individuals_ID0000020 POST_SCRIPT_SUCCESS 0 condorpool - 81
1644889298 individuals_ID0000021 JOB_TERMINATED 1368.0 condorpool - 83
1644889301 individuals_ID0000021 JOB_SUCCESS 0 condorpool - 83
1644889301 individuals_ID0000021 POST_SCRIPT_STARTED 1368.0 condorpool - 83
1644889302 individuals_ID0000021 POST_SCRIPT_TERMINATED 1368.0 condorpool - 83
1644889306 individuals_ID0000021 POST_SCRIPT_SUCCESS 0 condorpool - 83
1644889316 individuals_ID0000061 JOB_TERMINATED 1371.0 condorpool - 86
1644889321 individuals_ID0000061 JOB_SUCCESS 0 condorpool - 86
1644889321 individuals_ID0000061 POST_SCRIPT_STARTED 1371.0 condorpool - 86
1644889318 individuals_ID0000065 JOB_TERMINATED 1369.0 condorpool - 84
1644889321 individuals_ID0000065 JOB_SUCCESS 0 condorpool - 84
1644889321 individuals_ID0000065 POST_SCRIPT_STARTED 1369.0 condorpool - 84
1644889321 individuals_ID0000061 POST_SCRIPT_TERMINATED 1371.0 condorpool - 86
1644889326 individuals_ID0000061 POST_SCRIPT_SUCCESS 0 condorpool - 86
1644889321 individuals_ID0000065 POST_SCRIPT_TERMINATED 1369.0 condorpool - 84
1644889326 individuals_ID0000065 POST_SCRIPT_SUCCESS 0 condorpool - 84
1644889325 individuals_ID0000027 JOB_TERMINATED 1353.0 condorpool - 68
1644889326 individuals_ID0000027 JOB_SUCCESS 0 condorpool - 68
1644889326 individuals_ID0000027 POST_SCRIPT_STARTED 1353.0 condorpool - 68
1644889326 individuals_ID0000027 POST_SCRIPT_TERMINATED 1353.0 condorpool - 68
1644889331 individuals_ID0000027 POST_SCRIPT_SUCCESS 0 condorpool - 68
1644889329 individuals_ID0000028 JOB_TERMINATED 1354.0 condorpool - 69
1644889331 individuals_ID0000028 JOB_SUCCESS 0 condorpool - 69
1644889331 individuals_ID0000028 POST_SCRIPT_STARTED 1354.0 condorpool - 69
1644889332 individuals_ID0000028 POST_SCRIPT_TERMINATED 1354.0 condorpool - 69
1644889336 individuals_ID0000028 POST_SCRIPT_SUCCESS 0 condorpool - 69
1644889338 individuals_ID0000066 JOB_TERMINATED 1357.0 condorpool - 72
1644889341 individuals_ID0000066 JOB_SUCCESS 0 condorpool - 72
1644889341 individuals_ID0000066 POST_SCRIPT_STARTED 1357.0 condorpool - 72
1644889341 individuals_ID0000066 POST_SCRIPT_TERMINATED 1357.0 condorpool - 72
1644889346 individuals_ID0000066 POST_SCRIPT_SUCCESS 0 condorpool - 72
1644889351 individuals_ID0000060 JOB_TERMINATED 1370.0 condorpool - 85
1644889351 individuals_ID0000060 JOB_SUCCESS 0 condorpool - 85
1644889351 individuals_ID0000060 POST_SCRIPT_STARTED 1370.0 condorpool - 85
1644889351 individuals_ID0000060 POST_SCRIPT_TERMINATED 1370.0 condorpool - 85
1644889356 individuals_ID0000060 POST_SCRIPT_SUCCESS 0 condorpool - 85
1644889360 individuals_ID0000023 JOB_TERMINATED 1358.0 condorpool - 73
1644889361 individuals_ID0000023 JOB_SUCCESS 0 condorpool - 73
1644889361 individuals_ID0000023 POST_SCRIPT_STARTED 1358.0 condorpool - 73
1644889362 individuals_ID0000023 POST_SCRIPT_TERMINATED 1358.0 condorpool - 73
1644889366 individuals_ID0000023 POST_SCRIPT_SUCCESS 0 condorpool - 73
1644889369 individuals_ID0000024 JOB_TERMINATED 1360.0 condorpool - 75
1644889371 individuals_ID0000024 JOB_SUCCESS 0 condorpool - 75
1644889371 individuals_ID0000024 POST_SCRIPT_STARTED 1360.0 condorpool - 75
1644889370 individuals_ID0000068 JOB_TERMINATED 1361.0 condorpool - 76
1644889371 individuals_ID0000068 JOB_SUCCESS 0 condorpool - 76
1644889371 individuals_ID0000068 POST_SCRIPT_STARTED 1361.0 condorpool - 76
1644889371 individuals_ID0000068 POST_SCRIPT_TERMINATED 1361.0 condorpool - 76
1644889376 individuals_ID0000068 POST_SCRIPT_SUCCESS 0 condorpool - 76
1644889371 individuals_ID0000024 POST_SCRIPT_TERMINATED 1360.0 condorpool - 75
1644889376 individuals_ID0000024 POST_SCRIPT_SUCCESS 0 condorpool - 75
1644889376 individuals_ID0000067 JOB_TERMINATED 1359.0 condorpool - 74
1644889376 individuals_ID0000067 JOB_SUCCESS 0 condorpool - 74
1644889376 individuals_ID0000067 POST_SCRIPT_STARTED 1359.0 condorpool - 74
1644889376 individuals_ID0000067 POST_SCRIPT_TERMINATED 1359.0 condorpool - 74
1644889381 individuals_ID0000067 POST_SCRIPT_SUCCESS 0 condorpool - 74
1644889488 individuals_ID0000064 JOB_TERMINATED 1367.0 condorpool - 82
1644889492 individuals_ID0000064 JOB_SUCCESS 0 condorpool - 82
1644889492 individuals_ID0000064 POST_SCRIPT_STARTED 1367.0 condorpool - 82
1644889489 individuals_ID0000062 JOB_TERMINATED 1364.0 condorpool - 79
1644889492 individuals_ID0000062 JOB_SUCCESS 0 condorpool - 79
1644889492 individuals_ID0000062 POST_SCRIPT_STARTED 1364.0 condorpool - 79
1644889490 individuals_ID0000025 JOB_TERMINATED 1362.0 condorpool - 77
1644889492 individuals_ID0000025 JOB_SUCCESS 0 condorpool - 77
1644889492 individuals_ID0000025 POST_SCRIPT_STARTED 1362.0 condorpool - 77
1644889492 individuals_ID0000062 POST_SCRIPT_TERMINATED 1364.0 condorpool - 79
1644889497 individuals_ID0000062 POST_SCRIPT_SUCCESS 0 condorpool - 79
1644889492 individuals_ID0000025 POST_SCRIPT_TERMINATED 1362.0 condorpool - 77
1644889497 individuals_ID0000025 POST_SCRIPT_SUCCESS 0 condorpool - 77
1644889492 individuals_ID0000064 POST_SCRIPT_TERMINATED 1367.0 condorpool - 82
1644889497 individuals_ID0000064 POST_SCRIPT_SUCCESS 0 condorpool - 82
1644889494 individuals_ID0000069 JOB_TERMINATED 1363.0 condorpool - 78
1644889497 individuals_ID0000069 JOB_SUCCESS 0 condorpool - 78
1644889497 individuals_ID0000069 POST_SCRIPT_STARTED 1363.0 condorpool - 78
1644889497 individuals_ID0000069 POST_SCRIPT_TERMINATED 1363.0 condorpool - 78
1644889502 individuals_ID0000069 POST_SCRIPT_SUCCESS 0 condorpool - 78
1644889507 individuals_merge_ID0000076 SUBMIT 1373.0 condorpool - 88
1644889525 individuals_merge_ID0000076 EXECUTE 1373.0 condorpool - 88
1644895776 individuals_merge_ID0000076 JOB_TERMINATED 1373.0 condorpool - 88
1644895778 individuals_merge_ID0000076 JOB_SUCCESS 0 condorpool - 88
1644895778 individuals_merge_ID0000076 POST_SCRIPT_STARTED 1373.0 condorpool - 88
1644895779 individuals_merge_ID0000076 POST_SCRIPT_TERMINATED 1373.0 condorpool - 88
1644895784 individuals_merge_ID0000076 POST_SCRIPT_SUCCESS 0 condorpool - 88
1644895789 frequency_ID0000083 SUBMIT 1374.0 condorpool - 89
1644895789 mutation_overlap_ID0000080 SUBMIT 1375.0 condorpool - 90
1644895789 frequency_ID0000085 SUBMIT 1376.0 condorpool - 91
1644895789 mutation_overlap_ID0000090 SUBMIT 1377.0 condorpool - 92
1644895789 frequency_ID0000091 SUBMIT 1378.0 condorpool - 93
1644895790 frequency_ID0000083 EXECUTE 1374.0 condorpool - 89
1644895790 mutation_overlap_ID0000080 EXECUTE 1375.0 condorpool - 90
1644895794 frequency_ID0000081 SUBMIT 1379.0 condorpool - 94
1644895794 mutation_overlap_ID0000086 SUBMIT 1380.0 condorpool - 95
1644895794 frequency_ID0000079 SUBMIT 1381.0 condorpool - 96
1644895794 mutation_overlap_ID0000088 SUBMIT 1382.0 condorpool - 97
1644895794 mutation_overlap_ID0000082 SUBMIT 1383.0 condorpool - 98
1644895799 frequency_ID0000087 SUBMIT 1384.0 condorpool - 99
1644895799 mutation_overlap_ID0000084 SUBMIT 1385.0 condorpool - 100
1644895799 frequency_ID0000089 SUBMIT 1386.0 condorpool - 101
1644895799 mutation_overlap_ID0000078 SUBMIT 1387.0 condorpool - 102
1644895811 frequency_ID0000085 EXECUTE 1376.0 condorpool - 91
1644895811 mutation_overlap_ID0000090 EXECUTE 1377.0 condorpool - 92
1644895812 mutation_overlap_ID0000078 EXECUTE 1387.0 condorpool - 102
1644895812 frequency_ID0000089 EXECUTE 1386.0 condorpool - 101
1644895812 frequency_ID0000081 EXECUTE 1379.0 condorpool - 94
1644895812 frequency_ID0000087 EXECUTE 1384.0 condorpool - 99
1644895812 frequency_ID0000091 EXECUTE 1378.0 condorpool - 93
1644895812 mutation_overlap_ID0000088 EXECUTE 1382.0 condorpool - 97
1644895812 mutation_overlap_ID0000086 EXECUTE 1380.0 condorpool - 95
1644895812 frequency_ID0000079 EXECUTE 1381.0 condorpool - 96
1644895812 mutation_overlap_ID0000082 EXECUTE 1383.0 condorpool - 98
1644895812 mutation_overlap_ID0000084 EXECUTE 1385.0 condorpool - 100
1644895995 mutation_overlap_ID0000080 JOB_TERMINATED 1375.0 condorpool - 90
1644896000 mutation_overlap_ID0000080 JOB_SUCCESS 0 condorpool - 90
1644896000 mutation_overlap_ID0000080 POST_SCRIPT_STARTED 1375.0 condorpool - 90
1644896000 mutation_overlap_ID0000080 POST_SCRIPT_TERMINATED 1375.0 condorpool - 90
1644896005 mutation_overlap_ID0000080 POST_SCRIPT_SUCCESS 0 condorpool - 90
1644896009 mutation_overlap_ID0000090 JOB_TERMINATED 1377.0 condorpool - 92
1644896010 mutation_overlap_ID0000090 JOB_SUCCESS 0 condorpool - 92
1644896010 mutation_overlap_ID0000090 POST_SCRIPT_STARTED 1377.0 condorpool - 92
1644896010 mutation_overlap_ID0000090 POST_SCRIPT_TERMINATED 1377.0 condorpool - 92
1644896015 mutation_overlap_ID0000090 POST_SCRIPT_SUCCESS 0 condorpool - 92
1644896016 mutation_overlap_ID0000088 JOB_TERMINATED 1382.0 condorpool - 97
1644896020 mutation_overlap_ID0000088 JOB_SUCCESS 0 condorpool - 97
1644896020 mutation_overlap_ID0000088 POST_SCRIPT_STARTED 1382.0 condorpool - 97
1644896017 mutation_overlap_ID0000086 JOB_TERMINATED 1380.0 condorpool - 95
1644896020 mutation_overlap_ID0000086 JOB_SUCCESS 0 condorpool - 95
1644896020 mutation_overlap_ID0000086 POST_SCRIPT_STARTED 1380.0 condorpool - 95
1644896018 mutation_overlap_ID0000084 JOB_TERMINATED 1385.0 condorpool - 100
1644896020 mutation_overlap_ID0000084 JOB_SUCCESS 0 condorpool - 100
1644896020 mutation_overlap_ID0000084 POST_SCRIPT_STARTED 1385.0 condorpool - 100
1644896019 mutation_overlap_ID0000078 JOB_TERMINATED 1387.0 condorpool - 102
1644896020 mutation_overlap_ID0000078 JOB_SUCCESS 0 condorpool - 102
1644896020 mutation_overlap_ID0000078 POST_SCRIPT_STARTED 1387.0 condorpool - 102
1644896020 mutation_overlap_ID0000084 POST_SCRIPT_TERMINATED 1385.0 condorpool - 100
1644896025 mutation_overlap_ID0000084 POST_SCRIPT_SUCCESS 0 condorpool - 100
1644896020 mutation_overlap_ID0000078 POST_SCRIPT_TERMINATED 1387.0 condorpool - 102
1644896025 mutation_overlap_ID0000078 POST_SCRIPT_SUCCESS 0 condorpool - 102
1644896020 mutation_overlap_ID0000086 POST_SCRIPT_TERMINATED 1380.0 condorpool - 95
1644896025 mutation_overlap_ID0000086 POST_SCRIPT_SUCCESS 0 condorpool - 95
1644896020 mutation_overlap_ID0000088 POST_SCRIPT_TERMINATED 1382.0 condorpool - 97
1644896025 mutation_overlap_ID0000088 POST_SCRIPT_SUCCESS 0 condorpool - 97
1644896086 mutation_overlap_ID0000082 JOB_TERMINATED 1383.0 condorpool - 98
1644896090 mutation_overlap_ID0000082 JOB_SUCCESS 0 condorpool - 98
1644896090 mutation_overlap_ID0000082 POST_SCRIPT_STARTED 1383.0 condorpool - 98
1644896091 mutation_overlap_ID0000082 POST_SCRIPT_TERMINATED 1383.0 condorpool - 98
1644896095 mutation_overlap_ID0000082 POST_SCRIPT_SUCCESS 0 condorpool - 98
1644896573 frequency_ID0000089 JOB_TERMINATED 1386.0 condorpool - 101
1644896575 frequency_ID0000089 JOB_SUCCESS 0 condorpool - 101
1644896575 frequency_ID0000089 POST_SCRIPT_STARTED 1386.0 condorpool - 101
1644896575 frequency_ID0000089 POST_SCRIPT_TERMINATED 1386.0 condorpool - 101
1644896580 frequency_ID0000089 POST_SCRIPT_SUCCESS 0 condorpool - 101
1644896588 frequency_ID0000087 JOB_TERMINATED 1384.0 condorpool - 99
1644896591 frequency_ID0000087 JOB_SUCCESS 0 condorpool - 99
1644896591 frequency_ID0000087 POST_SCRIPT_STARTED 1384.0 condorpool - 99
1644896591 frequency_ID0000087 POST_SCRIPT_TERMINATED 1384.0 condorpool - 99
1644896596 frequency_ID0000087 POST_SCRIPT_SUCCESS 0 condorpool - 99
1644896599 frequency_ID0000085 JOB_TERMINATED 1376.0 condorpool - 91
1644896601 frequency_ID0000085 JOB_SUCCESS 0 condorpool - 91
1644896601 frequency_ID0000085 POST_SCRIPT_STARTED 1376.0 condorpool - 91
1644896601 frequency_ID0000085 POST_SCRIPT_TERMINATED 1376.0 condorpool - 91
1644896606 frequency_ID0000085 POST_SCRIPT_SUCCESS 0 condorpool - 91
1644896636 frequency_ID0000091 JOB_TERMINATED 1378.0 condorpool - 93
1644896636 frequency_ID0000091 JOB_SUCCESS 0 condorpool - 93
1644896636 frequency_ID0000091 POST_SCRIPT_STARTED 1378.0 condorpool - 93
1644896637 frequency_ID0000091 POST_SCRIPT_TERMINATED 1378.0 condorpool - 93
1644896641 frequency_ID0000091 POST_SCRIPT_SUCCESS 0 condorpool - 93
1644896681 frequency_ID0000083 JOB_TERMINATED 1374.0 condorpool - 89
1644896681 frequency_ID0000083 JOB_SUCCESS 0 condorpool - 89
1644896681 frequency_ID0000083 POST_SCRIPT_STARTED 1374.0 condorpool - 89
1644896681 frequency_ID0000083 POST_SCRIPT_TERMINATED 1374.0 condorpool - 89
1644896686 frequency_ID0000083 POST_SCRIPT_SUCCESS 0 condorpool - 89
1644896691 stage_out_local_local_2_0 SUBMIT 1388.0 local - 103
1644896692 stage_out_local_local_2_0 EXECUTE 1388.0 local - 103
1644896696 stage_out_local_local_2_0 JOB_TERMINATED 1388.0 local - 103
1644896697 stage_out_local_local_2_0 JOB_SUCCESS 0 local - 103
1644896697 stage_out_local_local_2_0 POST_SCRIPT_STARTED 1388.0 local - 103
1644896697 stage_out_local_local_2_0 POST_SCRIPT_TERMINATED 1388.0 local - 103
1644896702 stage_out_local_local_2_0 POST_SCRIPT_SUCCESS 0 local - 103
1644896733 frequency_ID0000081 JOB_TERMINATED 1379.0 condorpool - 94
1644896737 frequency_ID0000081 JOB_SUCCESS 0 condorpool - 94
1644896737 frequency_ID0000081 POST_SCRIPT_STARTED 1379.0 condorpool - 94
1644896737 frequency_ID0000081 POST_SCRIPT_TERMINATED 1379.0 condorpool - 94
1644896742 frequency_ID0000081 POST_SCRIPT_SUCCESS 0 condorpool - 94
1644896828 frequency_ID0000079 JOB_TERMINATED 1381.0 condorpool - 96
1644896832 frequency_ID0000079 JOB_SUCCESS 0 condorpool - 96
1644896832 frequency_ID0000079 POST_SCRIPT_STARTED 1381.0 condorpool - 96
1644896833 frequency_ID0000079 POST_SCRIPT_TERMINATED 1381.0 condorpool - 96
1644896837 frequency_ID0000079 POST_SCRIPT_SUCCESS 0 condorpool - 96
1644896842 stage_out_local_local_2_1 SUBMIT 1389.0 local - 104
1644896842 stage_out_local_local_2_1 EXECUTE 1389.0 local - 104
1644896846 stage_out_local_local_2_1 JOB_TERMINATED 1389.0 local - 104
1644896847 stage_out_local_local_2_1 JOB_SUCCESS 0 local - 104
1644896847 stage_out_local_local_2_1 POST_SCRIPT_STARTED 1389.0 local - 104
1644896847 stage_out_local_local_2_1 POST_SCRIPT_TERMINATED 1389.0 local - 104
1644896852 stage_out_local_local_2_1 POST_SCRIPT_SUCCESS 0 local - 104
1644896857 cleanup_1000-genome_0_local SUBMIT 1390.0 local - 105
1644896857 cleanup_1000-genome_0_local EXECUTE 1390.0 local - 105
1644896859 cleanup_1000-genome_0_local JOB_TERMINATED 1390.0 local - 105
1644896862 cleanup_1000-genome_0_local JOB_SUCCESS 0 local - 105
1644896862 cleanup_1000-genome_0_local POST_SCRIPT_STARTED 1390.0 local - 105
1644896862 cleanup_1000-genome_0_local POST_SCRIPT_TERMINATED 1390.0 local - 105
1644896867 cleanup_1000-genome_0_local POST_SCRIPT_SUCCESS 0 local - 105
1644896867 INTERNAL *** DAGMAN_FINISHED 0 ***
1644896868 INTERNAL *** MONITORD_FINISHED 0 ***
