1645954397 INTERNAL *** MONITORD_STARTED ***
1645954396 INTERNAL *** DAGMAN_STARTED 3062.0 ***
1645954400 create_dir_1000-genome_0_local SUBMIT 3063.0 local - 401
1645954402 create_dir_1000-genome_0_local EXECUTE 3063.0 local - 401
1645954404 create_dir_1000-genome_0_local JOB_TERMINATED 3063.0 local - 401
1645954405 create_dir_1000-genome_0_local JOB_SUCCESS 0 local - 401
1645954405 create_dir_1000-genome_0_local POST_SCRIPT_STARTED 3063.0 local - 401
1645954405 create_dir_1000-genome_0_local POST_SCRIPT_TERMINATED 3063.0 local - 401
1645954410 create_dir_1000-genome_0_local POST_SCRIPT_SUCCESS 0 local - 401
1645954415 stage_in_remote_local_2_0 SUBMIT 3064.0 local - 402
1645954416 stage_in_remote_local_2_0 EXECUTE 3064.0 local - 402
1645954416 stage_in_remote_local_1_0 SUBMIT 3065.0 local - 403
1645954416 stage_in_remote_local_0_0 SUBMIT 3066.0 local - 404
1645954416 stage_in_local_local_0_0 SUBMIT 3067.0 local - 405
1645954416 stage_in_local_local_2_0 SUBMIT 3068.0 local - 406
1645954418 stage_in_remote_local_2_0 JOB_TERMINATED 3064.0 local - 402
1645954421 stage_in_remote_local_2_0 JOB_SUCCESS 0 local - 402
1645954421 stage_in_remote_local_2_0 POST_SCRIPT_STARTED 3064.0 local - 402
1645954418 stage_in_local_local_2_0 EXECUTE 3068.0 local - 406
1645954418 stage_in_local_local_0_0 EXECUTE 3067.0 local - 405
1645954418 stage_in_remote_local_0_0 EXECUTE 3066.0 local - 404
1645954418 stage_in_remote_local_1_0 EXECUTE 3065.0 local - 403
1645954420 stage_in_remote_local_1_0 JOB_TERMINATED 3065.0 local - 403
1645954421 stage_in_remote_local_1_0 JOB_SUCCESS 0 local - 403
1645954421 stage_in_remote_local_1_0 POST_SCRIPT_STARTED 3065.0 local - 403
1645954420 stage_in_local_local_0_0 JOB_TERMINATED 3067.0 local - 405
1645954421 stage_in_local_local_0_0 JOB_SUCCESS 0 local - 405
1645954421 stage_in_local_local_0_0 POST_SCRIPT_STARTED 3067.0 local - 405
1645954420 stage_in_remote_local_0_0 JOB_TERMINATED 3066.0 local - 404
1645954421 stage_in_remote_local_0_0 JOB_SUCCESS 0 local - 404
1645954421 stage_in_remote_local_0_0 POST_SCRIPT_STARTED 3066.0 local - 404
1645954421 stage_in_remote_local_0_1 SUBMIT 3069.0 local - 407
1645954421 stage_in_local_local_0_1 SUBMIT 3070.0 local - 408
1645954421 stage_in_local_local_2_1 SUBMIT 3071.0 local - 409
1645954421 stage_in_remote_local_2_1 SUBMIT 3072.0 local - 410
1645954421 stage_in_local_local_0_2 SUBMIT 3073.0 local - 411
1645954421 stage_in_remote_local_2_0 POST_SCRIPT_TERMINATED 3064.0 local - 402
1645954426 stage_in_remote_local_2_0 POST_SCRIPT_SUCCESS 0 local - 402
1645954421 stage_in_remote_local_1_0 POST_SCRIPT_TERMINATED 3065.0 local - 403
1645954426 stage_in_remote_local_1_0 POST_SCRIPT_SUCCESS 0 local - 403
1645954421 stage_in_remote_local_0_0 POST_SCRIPT_TERMINATED 3066.0 local - 404
1645954426 stage_in_remote_local_0_0 POST_SCRIPT_SUCCESS 0 local - 404
1645954421 stage_in_local_local_0_0 POST_SCRIPT_TERMINATED 3067.0 local - 405
1645954426 stage_in_local_local_0_0 POST_SCRIPT_SUCCESS 0 local - 405
1645954422 stage_in_local_local_2_0 JOB_TERMINATED 3068.0 local - 406
1645954426 stage_in_local_local_2_0 JOB_SUCCESS 0 local - 406
1645954426 stage_in_local_local_2_0 POST_SCRIPT_STARTED 3068.0 local - 406
1645954422 stage_in_local_local_0_2 EXECUTE 3073.0 local - 411
1645954422 stage_in_remote_local_2_1 EXECUTE 3072.0 local - 410
1645954422 stage_in_local_local_2_1 EXECUTE 3071.0 local - 409
1645954422 stage_in_local_local_0_1 EXECUTE 3070.0 local - 408
1645954422 stage_in_remote_local_0_1 EXECUTE 3069.0 local - 407
1645954424 stage_in_remote_local_2_1 JOB_TERMINATED 3072.0 local - 410
1645954426 stage_in_remote_local_2_1 JOB_SUCCESS 0 local - 410
1645954426 stage_in_remote_local_2_1 POST_SCRIPT_STARTED 3072.0 local - 410
1645954424 stage_in_local_local_0_2 JOB_TERMINATED 3073.0 local - 411
1645954426 stage_in_local_local_0_2 JOB_SUCCESS 0 local - 411
1645954426 stage_in_local_local_0_2 POST_SCRIPT_STARTED 3073.0 local - 411
1645954424 stage_in_remote_local_0_1 JOB_TERMINATED 3069.0 local - 407
1645954426 stage_in_remote_local_0_1 JOB_SUCCESS 0 local - 407
1645954426 stage_in_remote_local_0_1 POST_SCRIPT_STARTED 3069.0 local - 407
1645954425 stage_in_local_local_0_1 JOB_TERMINATED 3070.0 local - 408
1645954426 stage_in_local_local_0_1 JOB_SUCCESS 0 local - 408
1645954426 stage_in_local_local_0_1 POST_SCRIPT_STARTED 3070.0 local - 408
1645954426 stage_in_local_local_0_2 POST_SCRIPT_TERMINATED 3073.0 local - 411
1645954431 stage_in_local_local_0_2 POST_SCRIPT_SUCCESS 0 local - 411
1645954426 stage_in_local_local_0_1 POST_SCRIPT_TERMINATED 3070.0 local - 408
1645954431 stage_in_local_local_0_1 POST_SCRIPT_SUCCESS 0 local - 408
1645954426 stage_in_local_local_2_0 POST_SCRIPT_TERMINATED 3068.0 local - 406
1645954431 stage_in_local_local_2_0 POST_SCRIPT_SUCCESS 0 local - 406
1645954426 stage_in_local_local_2_1 JOB_TERMINATED 3071.0 local - 409
1645954431 stage_in_local_local_2_1 JOB_SUCCESS 0 local - 409
1645954431 stage_in_local_local_2_1 POST_SCRIPT_STARTED 3071.0 local - 409
1645954426 stage_in_remote_local_2_1 POST_SCRIPT_TERMINATED 3072.0 local - 410
1645954431 stage_in_remote_local_2_1 POST_SCRIPT_SUCCESS 0 local - 410
1645954426 stage_in_remote_local_0_1 POST_SCRIPT_TERMINATED 3069.0 local - 407
1645954431 stage_in_remote_local_0_1 POST_SCRIPT_SUCCESS 0 local - 407
1645954432 stage_in_local_local_2_1 POST_SCRIPT_TERMINATED 3071.0 local - 409
1645954436 stage_in_local_local_2_1 POST_SCRIPT_SUCCESS 0 local - 409
1645954436 individuals_ID0000037 SUBMIT 3074.0 condorpool - 412
1645954436 individuals_ID0000038 SUBMIT 3075.0 condorpool - 413
1645954436 individuals_ID0000039 SUBMIT 3076.0 condorpool - 414
1645954436 individuals_ID0000033 SUBMIT 3077.0 condorpool - 415
1645954436 individuals_ID0000034 SUBMIT 3078.0 condorpool - 416
1645954441 individuals_ID0000035 SUBMIT 3079.0 condorpool - 417
1645954441 individuals_ID0000036 SUBMIT 3080.0 condorpool - 418
1645954441 individuals_ID0000030 SUBMIT 3081.0 condorpool - 419
1645954441 individuals_ID0000031 SUBMIT 3082.0 condorpool - 420
1645954441 individuals_ID0000032 SUBMIT 3083.0 condorpool - 421
1645954446 individuals_ID0000004 SUBMIT 3084.0 condorpool - 422
1645954446 individuals_ID0000048 SUBMIT 3085.0 condorpool - 423
1645954446 individuals_ID0000005 SUBMIT 3086.0 condorpool - 424
1645954446 individuals_ID0000049 SUBMIT 3087.0 condorpool - 425
1645954446 individuals_ID0000006 SUBMIT 3088.0 condorpool - 426
1645954451 individuals_ID0000007 SUBMIT 3089.0 condorpool - 427
1645954451 individuals_ID0000044 SUBMIT 3090.0 condorpool - 428
1645954451 individuals_ID0000001 SUBMIT 3091.0 condorpool - 429
1645954451 individuals_ID0000045 SUBMIT 3092.0 condorpool - 430
1645954451 individuals_ID0000002 SUBMIT 3093.0 condorpool - 431
1645954457 individuals_ID0000046 SUBMIT 3094.0 condorpool - 432
1645954457 individuals_ID0000003 SUBMIT 3095.0 condorpool - 433
1645954457 individuals_ID0000047 SUBMIT 3096.0 condorpool - 434
1645954457 individuals_ID0000008 SUBMIT 3097.0 condorpool - 435
1645954457 individuals_ID0000009 SUBMIT 3098.0 condorpool - 436
1645954462 individuals_ID0000040 SUBMIT 3099.0 condorpool - 437
1645954462 individuals_ID0000041 SUBMIT 3100.0 condorpool - 438
1645954462 individuals_ID0000042 SUBMIT 3101.0 condorpool - 439
1645954462 individuals_ID0000043 SUBMIT 3102.0 condorpool - 440
1645954462 individuals_ID0000015 SUBMIT 3103.0 condorpool - 441
1645954467 individuals_ID0000016 SUBMIT 3104.0 condorpool - 442
1645954467 individuals_ID0000017 SUBMIT 3105.0 condorpool - 443
1645954467 individuals_ID0000018 SUBMIT 3106.0 condorpool - 444
1645954467 individuals_ID0000011 SUBMIT 3107.0 condorpool - 445
1645954467 individuals_ID0000012 SUBMIT 3108.0 condorpool - 446
1645954471 individuals_ID0000031 EXECUTE 3082.0 condorpool - 420
1645954471 individuals_ID0000032 EXECUTE 3083.0 condorpool - 421
1645954472 individuals_ID0000013 SUBMIT 3109.0 condorpool - 447
1645954472 individuals_ID0000014 SUBMIT 3110.0 condorpool - 448
1645954472 individuals_ID0000019 SUBMIT 3111.0 condorpool - 449
1645954472 individuals_ID0000002 EXECUTE 3093.0 condorpool - 431
1645954472 individuals_ID0000010 SUBMIT 3112.0 condorpool - 450
1645954472 individuals_ID0000005 EXECUTE 3086.0 condorpool - 424
1645954472 individuals_ID0000050 SUBMIT 3113.0 condorpool - 451
1645954472 individuals_ID0000006 EXECUTE 3088.0 condorpool - 426
1645954473 individuals_ID0000039 EXECUTE 3076.0 condorpool - 414
1645954474 individuals_ID0000044 EXECUTE 3090.0 condorpool - 428
1645954475 individuals_ID0000037 EXECUTE 3074.0 condorpool - 412
1645954477 individuals_ID0000026 SUBMIT 3114.0 condorpool - 452
1645954477 individuals_ID0000027 SUBMIT 3115.0 condorpool - 453
1645954478 individuals_ID0000028 SUBMIT 3116.0 condorpool - 454
1645954478 individuals_ID0000029 SUBMIT 3117.0 condorpool - 455
1645954478 individuals_ID0000022 SUBMIT 3118.0 condorpool - 456
1645954480 individuals_ID0000034 EXECUTE 3078.0 condorpool - 416
1645954483 individuals_ID0000023 SUBMIT 3119.0 condorpool - 457
1645954483 individuals_ID0000024 SUBMIT 3120.0 condorpool - 458
1645954483 individuals_ID0000025 SUBMIT 3121.0 condorpool - 459
1645954483 individuals_ID0000020 SUBMIT 3122.0 condorpool - 460
1645954483 individuals_ID0000021 SUBMIT 3123.0 condorpool - 461
1645954488 sifting_ID0000052 SUBMIT 3124.0 condorpool - 462
1645954488 individuals_ID0000001 EXECUTE 3091.0 condorpool - 429
1645954489 individuals_ID0000038 EXECUTE 3075.0 condorpool - 413
1645954493 individuals_ID0000049 EXECUTE 3087.0 condorpool - 425
1645954496 individuals_ID0000035 EXECUTE 3079.0 condorpool - 417
1645954497 individuals_ID0000045 EXECUTE 3092.0 condorpool - 430
1645954498 individuals_ID0000036 EXECUTE 3080.0 condorpool - 418
1645954498 individuals_ID0000007 EXECUTE 3089.0 condorpool - 427
1645954501 individuals_ID0000033 EXECUTE 3077.0 condorpool - 415
1645954501 individuals_ID0000004 EXECUTE 3084.0 condorpool - 422
1645954501 individuals_ID0000030 EXECUTE 3081.0 condorpool - 419
1645954502 individuals_ID0000048 EXECUTE 3085.0 condorpool - 423
1645954913 individuals_ID0000001 JOB_TERMINATED 3091.0 condorpool - 429
1645954913 individuals_ID0000001 JOB_SUCCESS 0 condorpool - 429
1645954913 individuals_ID0000001 POST_SCRIPT_STARTED 3091.0 condorpool - 429
1645954914 individuals_ID0000001 POST_SCRIPT_TERMINATED 3091.0 condorpool - 429
1645954918 individuals_ID0000001 POST_SCRIPT_SUCCESS 0 condorpool - 429
1645954919 individuals_ID0000046 EXECUTE 3094.0 condorpool - 432
1645955198 individuals_ID0000006 JOB_TERMINATED 3088.0 condorpool - 426
1645955203 individuals_ID0000006 JOB_SUCCESS 0 condorpool - 426
1645955203 individuals_ID0000006 POST_SCRIPT_STARTED 3088.0 condorpool - 426
1645955200 individuals_ID0000005 JOB_TERMINATED 3086.0 condorpool - 424
1645955203 individuals_ID0000005 JOB_SUCCESS 0 condorpool - 424
1645955203 individuals_ID0000005 POST_SCRIPT_STARTED 3086.0 condorpool - 424
1645955202 individuals_ID0000007 JOB_TERMINATED 3089.0 condorpool - 427
1645955203 individuals_ID0000007 JOB_SUCCESS 0 condorpool - 427
1645955203 individuals_ID0000007 POST_SCRIPT_STARTED 3089.0 condorpool - 427
1645955203 individuals_ID0000003 EXECUTE 3095.0 condorpool - 433
1645955203 individuals_ID0000007 POST_SCRIPT_TERMINATED 3089.0 condorpool - 427
1645955208 individuals_ID0000007 POST_SCRIPT_SUCCESS 0 condorpool - 427
1645955203 individuals_ID0000005 POST_SCRIPT_TERMINATED 3086.0 condorpool - 424
1645955208 individuals_ID0000005 POST_SCRIPT_SUCCESS 0 condorpool - 424
1645955203 individuals_ID0000006 POST_SCRIPT_TERMINATED 3088.0 condorpool - 426
1645955208 individuals_ID0000006 POST_SCRIPT_SUCCESS 0 condorpool - 426
1645955207 individuals_ID0000047 EXECUTE 3096.0 condorpool - 434
1645955208 individuals_ID0000008 EXECUTE 3097.0 condorpool - 435
1645955211 individuals_ID0000049 JOB_TERMINATED 3087.0 condorpool - 425
1645955213 individuals_ID0000049 JOB_SUCCESS 0 condorpool - 425
1645955213 individuals_ID0000049 POST_SCRIPT_STARTED 3087.0 condorpool - 425
1645955214 individuals_ID0000049 POST_SCRIPT_TERMINATED 3087.0 condorpool - 425
1645955218 individuals_ID0000049 POST_SCRIPT_SUCCESS 0 condorpool - 425
1645955217 individuals_ID0000009 EXECUTE 3098.0 condorpool - 436
1645955429 individuals_ID0000032 JOB_TERMINATED 3083.0 condorpool - 421
1645955433 individuals_ID0000032 JOB_SUCCESS 0 condorpool - 421
1645955433 individuals_ID0000032 POST_SCRIPT_STARTED 3083.0 condorpool - 421
1645955433 individuals_ID0000032 POST_SCRIPT_TERMINATED 3083.0 condorpool - 421
1645955438 individuals_ID0000032 POST_SCRIPT_SUCCESS 0 condorpool - 421
1645955434 individuals_ID0000040 EXECUTE 3099.0 condorpool - 437
1645955442 individuals_ID0000031 JOB_TERMINATED 3082.0 condorpool - 420
1645955443 individuals_ID0000031 JOB_SUCCESS 0 condorpool - 420
1645955443 individuals_ID0000031 POST_SCRIPT_STARTED 3082.0 condorpool - 420
1645955443 individuals_ID0000031 POST_SCRIPT_TERMINATED 3082.0 condorpool - 420
1645955448 individuals_ID0000031 POST_SCRIPT_SUCCESS 0 condorpool - 420
1645955447 individuals_ID0000041 EXECUTE 3100.0 condorpool - 438
1645955448 individuals_ID0000004 JOB_TERMINATED 3084.0 condorpool - 422
1645955453 individuals_ID0000004 JOB_SUCCESS 0 condorpool - 422
1645955453 individuals_ID0000004 POST_SCRIPT_STARTED 3084.0 condorpool - 422
1645955453 individuals_ID0000004 POST_SCRIPT_TERMINATED 3084.0 condorpool - 422
1645955458 individuals_ID0000004 POST_SCRIPT_SUCCESS 0 condorpool - 422
1645955453 individuals_ID0000048 JOB_TERMINATED 3085.0 condorpool - 423
1645955458 individuals_ID0000048 JOB_SUCCESS 0 condorpool - 423
1645955458 individuals_ID0000048 POST_SCRIPT_STARTED 3085.0 condorpool - 423
1645955454 individuals_ID0000042 EXECUTE 3101.0 condorpool - 439
1645955458 individuals_ID0000048 POST_SCRIPT_TERMINATED 3085.0 condorpool - 423
1645955463 individuals_ID0000048 POST_SCRIPT_SUCCESS 0 condorpool - 423
1645955460 individuals_ID0000043 EXECUTE 3102.0 condorpool - 440
1645955493 individuals_ID0000034 JOB_TERMINATED 3078.0 condorpool - 416
1645955493 individuals_ID0000034 JOB_SUCCESS 0 condorpool - 416
1645955493 individuals_ID0000034 POST_SCRIPT_STARTED 3078.0 condorpool - 416
1645955494 individuals_ID0000034 POST_SCRIPT_TERMINATED 3078.0 condorpool - 416
1645955498 individuals_ID0000034 POST_SCRIPT_SUCCESS 0 condorpool - 416
1645955498 individuals_ID0000015 EXECUTE 3103.0 condorpool - 441
1645955499 individuals_ID0000002 JOB_TERMINATED 3093.0 condorpool - 431
1645955503 individuals_ID0000002 JOB_SUCCESS 0 condorpool - 431
1645955503 individuals_ID0000002 POST_SCRIPT_STARTED 3093.0 condorpool - 431
1645955503 individuals_ID0000044 JOB_TERMINATED 3090.0 condorpool - 428
1645955508 individuals_ID0000044 JOB_SUCCESS 0 condorpool - 428
1645955508 individuals_ID0000044 POST_SCRIPT_STARTED 3090.0 condorpool - 428
1645955503 individuals_ID0000002 POST_SCRIPT_TERMINATED 3093.0 condorpool - 431
1645955508 individuals_ID0000002 POST_SCRIPT_SUCCESS 0 condorpool - 431
1645955505 individuals_ID0000016 EXECUTE 3104.0 condorpool - 442
1645955508 individuals_ID0000044 POST_SCRIPT_TERMINATED 3090.0 condorpool - 428
1645955513 individuals_ID0000044 POST_SCRIPT_SUCCESS 0 condorpool - 428
1645955508 individuals_ID0000017 EXECUTE 3105.0 condorpool - 443
1645955515 individuals_ID0000045 JOB_TERMINATED 3092.0 condorpool - 430
1645955518 individuals_ID0000045 JOB_SUCCESS 0 condorpool - 430
1645955518 individuals_ID0000045 POST_SCRIPT_STARTED 3092.0 condorpool - 430
1645955519 individuals_ID0000045 POST_SCRIPT_TERMINATED 3092.0 condorpool - 430
1645955523 individuals_ID0000045 POST_SCRIPT_SUCCESS 0 condorpool - 430
1645955522 individuals_ID0000018 EXECUTE 3106.0 condorpool - 444
1645955528 individuals_ID0000036 JOB_TERMINATED 3080.0 condorpool - 418
1645955528 individuals_ID0000036 JOB_SUCCESS 0 condorpool - 418
1645955528 individuals_ID0000036 POST_SCRIPT_STARTED 3080.0 condorpool - 418
1645955528 individuals_ID0000036 POST_SCRIPT_TERMINATED 3080.0 condorpool - 418
1645955533 individuals_ID0000036 POST_SCRIPT_SUCCESS 0 condorpool - 418
1645955529 individuals_ID0000030 JOB_TERMINATED 3081.0 condorpool - 419
1645955533 individuals_ID0000030 JOB_SUCCESS 0 condorpool - 419
1645955533 individuals_ID0000030 POST_SCRIPT_STARTED 3081.0 condorpool - 419
1645955533 individuals_ID0000030 POST_SCRIPT_TERMINATED 3081.0 condorpool - 419
1645955538 individuals_ID0000030 POST_SCRIPT_SUCCESS 0 condorpool - 419
1645955534 individuals_ID0000035 JOB_TERMINATED 3079.0 condorpool - 417
1645955538 individuals_ID0000035 JOB_SUCCESS 0 condorpool - 417
1645955538 individuals_ID0000035 POST_SCRIPT_STARTED 3079.0 condorpool - 417
1645955535 individuals_ID0000011 EXECUTE 3107.0 condorpool - 445
1645955536 individuals_ID0000012 EXECUTE 3108.0 condorpool - 446
1645955539 individuals_ID0000035 POST_SCRIPT_TERMINATED 3079.0 condorpool - 417
1645955543 individuals_ID0000035 POST_SCRIPT_SUCCESS 0 condorpool - 417
1645955542 individuals_ID0000013 EXECUTE 3109.0 condorpool - 447
1645955710 individuals_ID0000039 JOB_TERMINATED 3076.0 condorpool - 414
1645955713 individuals_ID0000039 JOB_SUCCESS 0 condorpool - 414
1645955713 individuals_ID0000039 POST_SCRIPT_STARTED 3076.0 condorpool - 414
1645955713 individuals_ID0000037 JOB_TERMINATED 3074.0 condorpool - 412
1645955718 individuals_ID0000037 JOB_SUCCESS 0 condorpool - 412
1645955718 individuals_ID0000037 POST_SCRIPT_STARTED 3074.0 condorpool - 412
1645955713 individuals_ID0000039 POST_SCRIPT_TERMINATED 3076.0 condorpool - 414
1645955718 individuals_ID0000039 POST_SCRIPT_SUCCESS 0 condorpool - 414
1645955719 individuals_ID0000037 POST_SCRIPT_TERMINATED 3074.0 condorpool - 412
1645955723 individuals_ID0000037 POST_SCRIPT_SUCCESS 0 condorpool - 412
1645955719 individuals_ID0000033 JOB_TERMINATED 3077.0 condorpool - 415
1645955723 individuals_ID0000033 JOB_SUCCESS 0 condorpool - 415
1645955723 individuals_ID0000033 POST_SCRIPT_STARTED 3077.0 condorpool - 415
1645955723 individuals_ID0000038 JOB_TERMINATED 3075.0 condorpool - 413
1645955723 individuals_ID0000038 JOB_SUCCESS 0 condorpool - 413
1645955723 individuals_ID0000038 POST_SCRIPT_STARTED 3075.0 condorpool - 413
1645955723 individuals_ID0000033 POST_SCRIPT_TERMINATED 3077.0 condorpool - 415
1645955728 individuals_ID0000033 POST_SCRIPT_SUCCESS 0 condorpool - 415
1645955723 individuals_ID0000038 POST_SCRIPT_TERMINATED 3075.0 condorpool - 413
1645955728 individuals_ID0000038 POST_SCRIPT_SUCCESS 0 condorpool - 413
1645955762 individuals_ID0000019 EXECUTE 3111.0 condorpool - 449
1645955764 individuals_ID0000014 EXECUTE 3110.0 condorpool - 448
1645955764 individuals_ID0000050 EXECUTE 3113.0 condorpool - 451
1645955764 individuals_ID0000010 EXECUTE 3112.0 condorpool - 450
1645955904 individuals_ID0000009 JOB_TERMINATED 3098.0 condorpool - 436
1645955908 individuals_ID0000009 JOB_SUCCESS 0 condorpool - 436
1645955908 individuals_ID0000009 POST_SCRIPT_STARTED 3098.0 condorpool - 436
1645955906 individuals_ID0000047 JOB_TERMINATED 3096.0 condorpool - 434
1645955908 individuals_ID0000047 JOB_SUCCESS 0 condorpool - 434
1645955908 individuals_ID0000047 POST_SCRIPT_STARTED 3096.0 condorpool - 434
1645955906 individuals_ID0000003 JOB_TERMINATED 3095.0 condorpool - 433
1645955908 individuals_ID0000003 JOB_SUCCESS 0 condorpool - 433
1645955908 individuals_ID0000003 POST_SCRIPT_STARTED 3095.0 condorpool - 433
1645955908 individuals_ID0000009 POST_SCRIPT_TERMINATED 3098.0 condorpool - 436
1645955913 individuals_ID0000009 POST_SCRIPT_SUCCESS 0 condorpool - 436
1645955908 individuals_ID0000047 POST_SCRIPT_TERMINATED 3096.0 condorpool - 434
1645955913 individuals_ID0000047 POST_SCRIPT_SUCCESS 0 condorpool - 434
1645955908 individuals_ID0000003 POST_SCRIPT_TERMINATED 3095.0 condorpool - 433
1645955913 individuals_ID0000003 POST_SCRIPT_SUCCESS 0 condorpool - 433
1645955910 individuals_ID0000008 JOB_TERMINATED 3097.0 condorpool - 435
1645955913 individuals_ID0000008 JOB_SUCCESS 0 condorpool - 435
1645955913 individuals_ID0000008 POST_SCRIPT_STARTED 3097.0 condorpool - 435
1645955914 individuals_ID0000008 POST_SCRIPT_TERMINATED 3097.0 condorpool - 435
1645955918 individuals_ID0000008 POST_SCRIPT_SUCCESS 0 condorpool - 435
1645955936 individuals_ID0000046 JOB_TERMINATED 3094.0 condorpool - 432
1645955938 individuals_ID0000046 JOB_SUCCESS 0 condorpool - 432
1645955938 individuals_ID0000046 POST_SCRIPT_STARTED 3094.0 condorpool - 432
1645955938 individuals_ID0000046 POST_SCRIPT_TERMINATED 3094.0 condorpool - 432
1645955943 individuals_ID0000046 POST_SCRIPT_SUCCESS 0 condorpool - 432
1645955945 individuals_ID0000029 EXECUTE 3117.0 condorpool - 455
1645955945 individuals_ID0000026 EXECUTE 3114.0 condorpool - 452
1645955945 individuals_ID0000027 EXECUTE 3115.0 condorpool - 453
1645955945 individuals_ID0000028 EXECUTE 3116.0 condorpool - 454
1645955999 individuals_ID0000022 EXECUTE 3118.0 condorpool - 456
1645956360 individuals_ID0000040 JOB_TERMINATED 3099.0 condorpool - 437
1645956364 individuals_ID0000040 JOB_SUCCESS 0 condorpool - 437
1645956364 individuals_ID0000040 POST_SCRIPT_STARTED 3099.0 condorpool - 437
1645956364 individuals_ID0000040 POST_SCRIPT_TERMINATED 3099.0 condorpool - 437
1645956369 individuals_ID0000040 POST_SCRIPT_SUCCESS 0 condorpool - 437
1645956390 individuals_ID0000041 JOB_TERMINATED 3100.0 condorpool - 438
1645956394 individuals_ID0000041 JOB_SUCCESS 0 condorpool - 438
1645956394 individuals_ID0000041 POST_SCRIPT_STARTED 3100.0 condorpool - 438
1645956394 individuals_ID0000041 POST_SCRIPT_TERMINATED 3100.0 condorpool - 438
1645956399 individuals_ID0000041 POST_SCRIPT_SUCCESS 0 condorpool - 438
1645956397 individuals_ID0000042 JOB_TERMINATED 3101.0 condorpool - 439
1645956399 individuals_ID0000042 JOB_SUCCESS 0 condorpool - 439
1645956399 individuals_ID0000042 POST_SCRIPT_STARTED 3101.0 condorpool - 439
1645956398 individuals_ID0000043 JOB_TERMINATED 3102.0 condorpool - 440
1645956399 individuals_ID0000043 JOB_SUCCESS 0 condorpool - 440
1645956399 individuals_ID0000043 POST_SCRIPT_STARTED 3102.0 condorpool - 440
1645956400 individuals_ID0000042 POST_SCRIPT_TERMINATED 3101.0 condorpool - 439
1645956404 individuals_ID0000042 POST_SCRIPT_SUCCESS 0 condorpool - 439
1645956400 individuals_ID0000043 POST_SCRIPT_TERMINATED 3102.0 condorpool - 440
1645956404 individuals_ID0000043 POST_SCRIPT_SUCCESS 0 condorpool - 440
1645956425 individuals_ID0000023 EXECUTE 3119.0 condorpool - 457
1645956425 individuals_ID0000024 EXECUTE 3120.0 condorpool - 458
1645956425 individuals_ID0000020 EXECUTE 3122.0 condorpool - 460
1645956425 individuals_ID0000025 EXECUTE 3121.0 condorpool - 459
1645956523 individuals_ID0000015 JOB_TERMINATED 3103.0 condorpool - 441
1645956524 individuals_ID0000015 JOB_SUCCESS 0 condorpool - 441
1645956524 individuals_ID0000015 POST_SCRIPT_STARTED 3103.0 condorpool - 441
1645956524 individuals_ID0000015 POST_SCRIPT_TERMINATED 3103.0 condorpool - 441
1645956529 individuals_ID0000015 POST_SCRIPT_SUCCESS 0 condorpool - 441
1645956538 individuals_ID0000021 EXECUTE 3123.0 condorpool - 461
1645956545 individuals_ID0000017 JOB_TERMINATED 3105.0 condorpool - 443
1645956549 individuals_ID0000017 JOB_SUCCESS 0 condorpool - 443
1645956549 individuals_ID0000017 POST_SCRIPT_STARTED 3105.0 condorpool - 443
1645956549 individuals_ID0000016 JOB_TERMINATED 3104.0 condorpool - 442
1645956554 individuals_ID0000016 JOB_SUCCESS 0 condorpool - 442
1645956554 individuals_ID0000016 POST_SCRIPT_STARTED 3104.0 condorpool - 442
1645956549 individuals_ID0000017 POST_SCRIPT_TERMINATED 3105.0 condorpool - 443
1645956554 individuals_ID0000017 POST_SCRIPT_SUCCESS 0 condorpool - 443
1645956555 individuals_ID0000016 POST_SCRIPT_TERMINATED 3104.0 condorpool - 442
1645956559 individuals_ID0000016 POST_SCRIPT_SUCCESS 0 condorpool - 442
1645956556 individuals_ID0000018 JOB_TERMINATED 3106.0 condorpool - 444
1645956559 individuals_ID0000018 JOB_SUCCESS 0 condorpool - 444
1645956559 individuals_ID0000018 POST_SCRIPT_STARTED 3106.0 condorpool - 444
1645956559 individuals_ID0000018 POST_SCRIPT_TERMINATED 3106.0 condorpool - 444
1645956564 individuals_ID0000018 POST_SCRIPT_SUCCESS 0 condorpool - 444
1645956573 individuals_ID0000013 JOB_TERMINATED 3109.0 condorpool - 447
1645956574 individuals_ID0000013 JOB_SUCCESS 0 condorpool - 447
1645956574 individuals_ID0000013 POST_SCRIPT_STARTED 3109.0 condorpool - 447
1645956573 individuals_ID0000012 JOB_TERMINATED 3108.0 condorpool - 446
1645956574 individuals_ID0000012 JOB_SUCCESS 0 condorpool - 446
1645956574 individuals_ID0000012 POST_SCRIPT_STARTED 3108.0 condorpool - 446
1645956574 individuals_ID0000013 POST_SCRIPT_TERMINATED 3109.0 condorpool - 447
1645956579 individuals_ID0000013 POST_SCRIPT_SUCCESS 0 condorpool - 447
1645956574 individuals_ID0000012 POST_SCRIPT_TERMINATED 3108.0 condorpool - 446
1645956579 individuals_ID0000012 POST_SCRIPT_SUCCESS 0 condorpool - 446
1645956576 individuals_ID0000011 JOB_TERMINATED 3107.0 condorpool - 445
1645956579 individuals_ID0000011 JOB_SUCCESS 0 condorpool - 445
1645956579 individuals_ID0000011 POST_SCRIPT_STARTED 3107.0 condorpool - 445
1645956580 individuals_ID0000011 POST_SCRIPT_TERMINATED 3107.0 condorpool - 445
1645956584 individuals_ID0000011 POST_SCRIPT_SUCCESS 0 condorpool - 445
1645956595 sifting_ID0000052 EXECUTE 3124.0 condorpool - 462
1645956596 sifting_ID0000052 JOB_TERMINATED 3124.0 condorpool - 462
1645956599 sifting_ID0000052 JOB_SUCCESS 0 condorpool - 462
1645956599 sifting_ID0000052 POST_SCRIPT_STARTED 3124.0 condorpool - 462
1645956599 sifting_ID0000052 POST_SCRIPT_TERMINATED 3124.0 condorpool - 462
1645956604 sifting_ID0000052 POST_SCRIPT_SUCCESS 0 condorpool - 462
1645956631 individuals_ID0000029 JOB_TERMINATED 3117.0 condorpool - 455
1645956634 individuals_ID0000029 JOB_SUCCESS 0 condorpool - 455
1645956634 individuals_ID0000029 POST_SCRIPT_STARTED 3117.0 condorpool - 455
1645956634 individuals_ID0000026 JOB_TERMINATED 3114.0 condorpool - 452
1645956639 individuals_ID0000026 JOB_SUCCESS 0 condorpool - 452
1645956639 individuals_ID0000026 POST_SCRIPT_STARTED 3114.0 condorpool - 452
1645956634 individuals_ID0000029 POST_SCRIPT_TERMINATED 3117.0 condorpool - 455
1645956639 individuals_ID0000029 POST_SCRIPT_SUCCESS 0 condorpool - 455
1645956636 individuals_ID0000027 JOB_TERMINATED 3115.0 condorpool - 453
1645956639 individuals_ID0000027 JOB_SUCCESS 0 condorpool - 453
1645956639 individuals_ID0000027 POST_SCRIPT_STARTED 3115.0 condorpool - 453
1645956640 individuals_ID0000027 POST_SCRIPT_TERMINATED 3115.0 condorpool - 453
1645956644 individuals_ID0000027 POST_SCRIPT_SUCCESS 0 condorpool - 453
1645956640 individuals_ID0000026 POST_SCRIPT_TERMINATED 3114.0 condorpool - 452
1645956644 individuals_ID0000026 POST_SCRIPT_SUCCESS 0 condorpool - 452
1645956641 individuals_ID0000028 JOB_TERMINATED 3116.0 condorpool - 454
1645956644 individuals_ID0000028 JOB_SUCCESS 0 condorpool - 454
1645956644 individuals_ID0000028 POST_SCRIPT_STARTED 3116.0 condorpool - 454
1645956644 individuals_ID0000028 POST_SCRIPT_TERMINATED 3116.0 condorpool - 454
1645956649 individuals_ID0000028 POST_SCRIPT_SUCCESS 0 condorpool - 454
1645956835 individuals_ID0000022 JOB_TERMINATED 3118.0 condorpool - 456
1645956839 individuals_ID0000022 JOB_SUCCESS 0 condorpool - 456
1645956839 individuals_ID0000022 POST_SCRIPT_STARTED 3118.0 condorpool - 456
1645956840 individuals_ID0000022 POST_SCRIPT_TERMINATED 3118.0 condorpool - 456
1645956844 individuals_ID0000022 POST_SCRIPT_SUCCESS 0 condorpool - 456
1645956988 individuals_ID0000014 JOB_TERMINATED 3110.0 condorpool - 448
1645956989 individuals_ID0000014 JOB_SUCCESS 0 condorpool - 448
1645956989 individuals_ID0000014 POST_SCRIPT_STARTED 3110.0 condorpool - 448
1645956989 individuals_ID0000014 POST_SCRIPT_TERMINATED 3110.0 condorpool - 448
1645956994 individuals_ID0000014 POST_SCRIPT_SUCCESS 0 condorpool - 448
1645956997 individuals_ID0000019 JOB_TERMINATED 3111.0 condorpool - 449
1645956999 individuals_ID0000019 JOB_SUCCESS 0 condorpool - 449
1645956999 individuals_ID0000019 POST_SCRIPT_STARTED 3111.0 condorpool - 449
1645956997 individuals_ID0000050 JOB_TERMINATED 3113.0 condorpool - 451
1645956999 individuals_ID0000050 JOB_SUCCESS 0 condorpool - 451
1645956999 individuals_ID0000050 POST_SCRIPT_STARTED 3113.0 condorpool - 451
1645956998 individuals_ID0000010 JOB_TERMINATED 3112.0 condorpool - 450
1645956999 individuals_ID0000010 JOB_SUCCESS 0 condorpool - 450
1645956999 individuals_ID0000010 POST_SCRIPT_STARTED 3112.0 condorpool - 450
1645956999 individuals_ID0000019 POST_SCRIPT_TERMINATED 3111.0 condorpool - 449
1645957004 individuals_ID0000019 POST_SCRIPT_SUCCESS 0 condorpool - 449
1645956999 individuals_ID0000050 POST_SCRIPT_TERMINATED 3113.0 condorpool - 451
1645957004 individuals_ID0000050 POST_SCRIPT_SUCCESS 0 condorpool - 451
1645956999 individuals_ID0000010 POST_SCRIPT_TERMINATED 3112.0 condorpool - 450
1645957004 individuals_ID0000010 POST_SCRIPT_SUCCESS 0 condorpool - 450
1645957155 individuals_ID0000021 JOB_TERMINATED 3123.0 condorpool - 461
1645957160 individuals_ID0000021 JOB_SUCCESS 0 condorpool - 461
1645957160 individuals_ID0000021 POST_SCRIPT_STARTED 3123.0 condorpool - 461
1645957160 individuals_ID0000021 POST_SCRIPT_TERMINATED 3123.0 condorpool - 461
1645957165 individuals_ID0000021 POST_SCRIPT_SUCCESS 0 condorpool - 461
1645957285 individuals_ID0000023 JOB_TERMINATED 3119.0 condorpool - 457
1645957290 individuals_ID0000023 JOB_SUCCESS 0 condorpool - 457
1645957290 individuals_ID0000023 POST_SCRIPT_STARTED 3119.0 condorpool - 457
1645957290 individuals_ID0000023 POST_SCRIPT_TERMINATED 3119.0 condorpool - 457
1645957295 individuals_ID0000023 POST_SCRIPT_SUCCESS 0 condorpool - 457
1645957292 individuals_ID0000024 JOB_TERMINATED 3120.0 condorpool - 458
1645957295 individuals_ID0000024 JOB_SUCCESS 0 condorpool - 458
1645957295 individuals_ID0000024 POST_SCRIPT_STARTED 3120.0 condorpool - 458
1645957293 individuals_ID0000020 JOB_TERMINATED 3122.0 condorpool - 460
1645957295 individuals_ID0000020 JOB_SUCCESS 0 condorpool - 460
1645957295 individuals_ID0000020 POST_SCRIPT_STARTED 3122.0 condorpool - 460
1645957296 individuals_ID0000020 POST_SCRIPT_TERMINATED 3122.0 condorpool - 460
1645957300 individuals_ID0000020 POST_SCRIPT_SUCCESS 0 condorpool - 460
1645957296 individuals_ID0000024 POST_SCRIPT_TERMINATED 3120.0 condorpool - 458
1645957300 individuals_ID0000024 POST_SCRIPT_SUCCESS 0 condorpool - 458
1645957296 individuals_ID0000025 JOB_TERMINATED 3121.0 condorpool - 459
1645957300 individuals_ID0000025 JOB_SUCCESS 0 condorpool - 459
1645957300 individuals_ID0000025 POST_SCRIPT_STARTED 3121.0 condorpool - 459
1645957300 individuals_ID0000025 POST_SCRIPT_TERMINATED 3121.0 condorpool - 459
1645957305 individuals_ID0000025 POST_SCRIPT_SUCCESS 0 condorpool - 459
1645957310 individuals_merge_ID0000051 SUBMIT 3125.0 condorpool - 463
1645957313 individuals_merge_ID0000051 EXECUTE 3125.0 condorpool - 463
1645961493 individuals_merge_ID0000051 JOB_TERMINATED 3125.0 condorpool - 463
1645961498 individuals_merge_ID0000051 JOB_SUCCESS 0 condorpool - 463
1645961498 individuals_merge_ID0000051 POST_SCRIPT_STARTED 3125.0 condorpool - 463
1645961498 individuals_merge_ID0000051 POST_SCRIPT_TERMINATED 3125.0 condorpool - 463
1645961503 individuals_merge_ID0000051 POST_SCRIPT_SUCCESS 0 condorpool - 463
1645961508 frequency_ID0000060 SUBMIT 3126.0 condorpool - 464
1645961508 frequency_ID0000062 SUBMIT 3127.0 condorpool - 465
1645961508 mutation_overlap_ID0000053 SUBMIT 3128.0 condorpool - 466
1645961508 frequency_ID0000058 SUBMIT 3129.0 condorpool - 467
1645961508 mutation_overlap_ID0000063 SUBMIT 3130.0 condorpool - 468
1645961509 frequency_ID0000060 EXECUTE 3126.0 condorpool - 464
1645961509 frequency_ID0000062 EXECUTE 3127.0 condorpool - 465
1645961513 mutation_overlap_ID0000055 SUBMIT 3131.0 condorpool - 469
1645961513 mutation_overlap_ID0000065 SUBMIT 3132.0 condorpool - 470
1645961513 frequency_ID0000064 SUBMIT 3133.0 condorpool - 471
1645961514 frequency_ID0000054 SUBMIT 3134.0 condorpool - 472
1645961514 frequency_ID0000066 SUBMIT 3135.0 condorpool - 473
1645961519 mutation_overlap_ID0000061 SUBMIT 3136.0 condorpool - 474
1645961519 frequency_ID0000056 SUBMIT 3137.0 condorpool - 475
1645961519 mutation_overlap_ID0000057 SUBMIT 3138.0 condorpool - 476
1645961519 mutation_overlap_ID0000059 SUBMIT 3139.0 condorpool - 477
1645961530 mutation_overlap_ID0000053 EXECUTE 3128.0 condorpool - 466
1645961530 frequency_ID0000058 EXECUTE 3129.0 condorpool - 467
1645961531 mutation_overlap_ID0000059 EXECUTE 3139.0 condorpool - 477
1645961531 mutation_overlap_ID0000057 EXECUTE 3138.0 condorpool - 476
1645961531 mutation_overlap_ID0000063 EXECUTE 3130.0 condorpool - 468
1645961531 mutation_overlap_ID0000061 EXECUTE 3136.0 condorpool - 474
1645961531 frequency_ID0000054 EXECUTE 3134.0 condorpool - 472
1645961531 frequency_ID0000066 EXECUTE 3135.0 condorpool - 473
1645961531 frequency_ID0000064 EXECUTE 3133.0 condorpool - 471
1645961531 mutation_overlap_ID0000065 EXECUTE 3132.0 condorpool - 470
1645961531 frequency_ID0000056 EXECUTE 3137.0 condorpool - 475
1645961531 mutation_overlap_ID0000055 EXECUTE 3131.0 condorpool - 469
1645961733 mutation_overlap_ID0000063 JOB_TERMINATED 3130.0 condorpool - 468
1645961734 mutation_overlap_ID0000063 JOB_SUCCESS 0 condorpool - 468
1645961734 mutation_overlap_ID0000063 POST_SCRIPT_STARTED 3130.0 condorpool - 468
1645961734 mutation_overlap_ID0000065 JOB_TERMINATED 3132.0 condorpool - 470
1645961734 mutation_overlap_ID0000065 JOB_SUCCESS 0 condorpool - 470
1645961734 mutation_overlap_ID0000065 POST_SCRIPT_STARTED 3132.0 condorpool - 470
1645961734 mutation_overlap_ID0000065 POST_SCRIPT_TERMINATED 3132.0 condorpool - 470
1645961739 mutation_overlap_ID0000065 POST_SCRIPT_SUCCESS 0 condorpool - 470
1645961734 mutation_overlap_ID0000063 POST_SCRIPT_TERMINATED 3130.0 condorpool - 468
1645961739 mutation_overlap_ID0000063 POST_SCRIPT_SUCCESS 0 condorpool - 468
1645961734 mutation_overlap_ID0000059 JOB_TERMINATED 3139.0 condorpool - 477
1645961739 mutation_overlap_ID0000059 JOB_SUCCESS 0 condorpool - 477
1645961739 mutation_overlap_ID0000059 POST_SCRIPT_STARTED 3139.0 condorpool - 477
1645961736 mutation_overlap_ID0000055 JOB_TERMINATED 3131.0 condorpool - 469
1645961739 mutation_overlap_ID0000055 JOB_SUCCESS 0 condorpool - 469
1645961739 mutation_overlap_ID0000055 POST_SCRIPT_STARTED 3131.0 condorpool - 469
1645961739 mutation_overlap_ID0000061 JOB_TERMINATED 3136.0 condorpool - 474
1645961744 mutation_overlap_ID0000061 JOB_SUCCESS 0 condorpool - 474
1645961744 mutation_overlap_ID0000061 POST_SCRIPT_STARTED 3136.0 condorpool - 474
1645961739 mutation_overlap_ID0000059 POST_SCRIPT_TERMINATED 3139.0 condorpool - 477
1645961744 mutation_overlap_ID0000059 POST_SCRIPT_SUCCESS 0 condorpool - 477
1645961739 mutation_overlap_ID0000055 POST_SCRIPT_TERMINATED 3131.0 condorpool - 469
1645961744 mutation_overlap_ID0000055 POST_SCRIPT_SUCCESS 0 condorpool - 469
1645961740 mutation_overlap_ID0000053 JOB_TERMINATED 3128.0 condorpool - 466
1645961744 mutation_overlap_ID0000053 JOB_SUCCESS 0 condorpool - 466
1645961744 mutation_overlap_ID0000053 POST_SCRIPT_STARTED 3128.0 condorpool - 466
1645961745 mutation_overlap_ID0000061 POST_SCRIPT_TERMINATED 3136.0 condorpool - 474
1645961749 mutation_overlap_ID0000061 POST_SCRIPT_SUCCESS 0 condorpool - 474
1645961745 mutation_overlap_ID0000053 POST_SCRIPT_TERMINATED 3128.0 condorpool - 466
1645961749 mutation_overlap_ID0000053 POST_SCRIPT_SUCCESS 0 condorpool - 466
1645961797 mutation_overlap_ID0000057 JOB_TERMINATED 3138.0 condorpool - 476
1645961799 mutation_overlap_ID0000057 JOB_SUCCESS 0 condorpool - 476
1645961799 mutation_overlap_ID0000057 POST_SCRIPT_STARTED 3138.0 condorpool - 476
1645961799 mutation_overlap_ID0000057 POST_SCRIPT_TERMINATED 3138.0 condorpool - 476
1645961804 mutation_overlap_ID0000057 POST_SCRIPT_SUCCESS 0 condorpool - 476
1645962233 frequency_ID0000064 JOB_TERMINATED 3133.0 condorpool - 471
1645962234 frequency_ID0000064 JOB_SUCCESS 0 condorpool - 471
1645962234 frequency_ID0000064 POST_SCRIPT_STARTED 3133.0 condorpool - 471
1645962235 frequency_ID0000064 POST_SCRIPT_TERMINATED 3133.0 condorpool - 471
1645962239 frequency_ID0000064 POST_SCRIPT_SUCCESS 0 condorpool - 471
1645962316 frequency_ID0000066 JOB_TERMINATED 3135.0 condorpool - 473
1645962319 frequency_ID0000066 JOB_SUCCESS 0 condorpool - 473
1645962319 frequency_ID0000066 POST_SCRIPT_STARTED 3135.0 condorpool - 473
1645962319 frequency_ID0000066 POST_SCRIPT_TERMINATED 3135.0 condorpool - 473
1645962324 frequency_ID0000066 POST_SCRIPT_SUCCESS 0 condorpool - 473
1645962361 frequency_ID0000056 JOB_TERMINATED 3137.0 condorpool - 475
1645962364 frequency_ID0000056 JOB_SUCCESS 0 condorpool - 475
1645962364 frequency_ID0000056 POST_SCRIPT_STARTED 3137.0 condorpool - 475
1645962365 frequency_ID0000056 POST_SCRIPT_TERMINATED 3137.0 condorpool - 475
1645962369 frequency_ID0000056 POST_SCRIPT_SUCCESS 0 condorpool - 475
1645962414 frequency_ID0000060 JOB_TERMINATED 3126.0 condorpool - 464
1645962419 frequency_ID0000060 JOB_SUCCESS 0 condorpool - 464
1645962419 frequency_ID0000060 POST_SCRIPT_STARTED 3126.0 condorpool - 464
1645962419 frequency_ID0000060 POST_SCRIPT_TERMINATED 3126.0 condorpool - 464
1645962424 frequency_ID0000060 POST_SCRIPT_SUCCESS 0 condorpool - 464
1645962420 frequency_ID0000054 JOB_TERMINATED 3134.0 condorpool - 472
1645962424 frequency_ID0000054 JOB_SUCCESS 0 condorpool - 472
1645962424 frequency_ID0000054 POST_SCRIPT_STARTED 3134.0 condorpool - 472
1645962421 frequency_ID0000062 JOB_TERMINATED 3127.0 condorpool - 465
1645962424 frequency_ID0000062 JOB_SUCCESS 0 condorpool - 465
1645962424 frequency_ID0000062 POST_SCRIPT_STARTED 3127.0 condorpool - 465
1645962425 frequency_ID0000054 POST_SCRIPT_TERMINATED 3134.0 condorpool - 472
1645962429 frequency_ID0000054 POST_SCRIPT_SUCCESS 0 condorpool - 472
1645962425 frequency_ID0000062 POST_SCRIPT_TERMINATED 3127.0 condorpool - 465
1645962429 frequency_ID0000062 POST_SCRIPT_SUCCESS 0 condorpool - 465
1645962434 stage_out_local_local_2_0 SUBMIT 3140.0 local - 478
1645962438 stage_out_local_local_2_0 EXECUTE 3140.0 local - 478
1645962442 stage_out_local_local_2_0 JOB_TERMINATED 3140.0 local - 478
1645962444 stage_out_local_local_2_0 JOB_SUCCESS 0 local - 478
1645962444 stage_out_local_local_2_0 POST_SCRIPT_STARTED 3140.0 local - 478
1645962444 stage_out_local_local_2_0 POST_SCRIPT_TERMINATED 3140.0 local - 478
1645962449 stage_out_local_local_2_0 POST_SCRIPT_SUCCESS 0 local - 478
1645962482 frequency_ID0000058 JOB_TERMINATED 3129.0 condorpool - 467
1645962484 frequency_ID0000058 JOB_SUCCESS 0 condorpool - 467
1645962484 frequency_ID0000058 POST_SCRIPT_STARTED 3129.0 condorpool - 467
1645962485 frequency_ID0000058 POST_SCRIPT_TERMINATED 3129.0 condorpool - 467
1645962489 frequency_ID0000058 POST_SCRIPT_SUCCESS 0 condorpool - 467
1645962494 stage_out_local_local_2_1 SUBMIT 3141.0 local - 479
1645962494 stage_out_local_local_2_1 EXECUTE 3141.0 local - 479
1645962498 stage_out_local_local_2_1 JOB_TERMINATED 3141.0 local - 479
1645962499 stage_out_local_local_2_1 JOB_SUCCESS 0 local - 479
1645962499 stage_out_local_local_2_1 POST_SCRIPT_STARTED 3141.0 local - 479
1645962499 stage_out_local_local_2_1 POST_SCRIPT_TERMINATED 3141.0 local - 479
1645962504 stage_out_local_local_2_1 POST_SCRIPT_SUCCESS 0 local - 479
1645962509 cleanup_1000-genome_0_local SUBMIT 3142.0 local - 480
1645962509 cleanup_1000-genome_0_local EXECUTE 3142.0 local - 480
1645962511 cleanup_1000-genome_0_local JOB_TERMINATED 3142.0 local - 480
1645962514 cleanup_1000-genome_0_local JOB_SUCCESS 0 local - 480
1645962514 cleanup_1000-genome_0_local POST_SCRIPT_STARTED 3142.0 local - 480
1645962514 cleanup_1000-genome_0_local POST_SCRIPT_TERMINATED 3142.0 local - 480
1645962519 cleanup_1000-genome_0_local POST_SCRIPT_SUCCESS 0 local - 480
1645962519 INTERNAL *** DAGMAN_FINISHED 0 ***
1645962520 INTERNAL *** MONITORD_FINISHED 0 ***
