000 (3578.000.000) 03/01 23:44:43 Job submitted from host: <192.168.5.10:9618?addrs=192.168.5.10-9618+[--1]-9618&noUDP&sock=2698_7f03_4>
    DAG Node: create_dir_1000-genome_0_local
    pool:local
...
001 (3578.000.000) 03/01 23:44:44 Job executing on host: <192.168.5.10:9618?addrs=192.168.5.10-9618+[--1]-9618&noUDP&sock=2749_ab49_2923>
...
005 (3578.000.000) 03/01 23:44:47 Job terminated.
	(1) Normal termination (return value 0)
		Usr 0 00:00:00, Sys 0 00:00:00  -  Run Remote Usage
		Usr 0 00:00:00, Sys 0 00:00:00  -  Run Local Usage
		Usr 0 00:00:00, Sys 0 00:00:00  -  Total Remote Usage
		Usr 0 00:00:00, Sys 0 00:00:00  -  Total Local Usage
	0  -  Run Bytes Sent By Job
	0  -  Run Bytes Received By Job
	0  -  Total Bytes Sent By Job
	0  -  Total Bytes Received By Job
...
000 (3579.000.000) 03/01 23:44:58 Job submitted from host: <192.168.5.10:9618?addrs=192.168.5.10-9618+[--1]-9618&noUDP&sock=2698_7f03_4>
    DAG Node: stage_in_remote_local_2_0
    pool:local
...
001 (3579.000.000) 03/01 23:44:58 Job executing on host: <192.168.5.10:9618?addrs=192.168.5.10-9618+[--1]-9618&noUDP&sock=2749_ab49_2924>
...
000 (3580.000.000) 03/01 23:44:58 Job submitted from host: <192.168.5.10:9618?addrs=192.168.5.10-9618+[--1]-9618&noUDP&sock=2698_7f03_4>
    DAG Node: stage_in_remote_local_1_0
    pool:local
...
000 (3581.000.000) 03/01 23:44:58 Job submitted from host: <192.168.5.10:9618?addrs=192.168.5.10-9618+[--1]-9618&noUDP&sock=2698_7f03_4>
    DAG Node: stage_in_remote_local_0_0
    pool:local
...
000 (3582.000.000) 03/01 23:44:58 Job submitted from host: <192.168.5.10:9618?addrs=192.168.5.10-9618+[--1]-9618&noUDP&sock=2698_7f03_4>
    DAG Node: stage_in_local_local_0_0
    pool:local
...
000 (3583.000.000) 03/01 23:44:58 Job submitted from host: <192.168.5.10:9618?addrs=192.168.5.10-9618+[--1]-9618&noUDP&sock=2698_7f03_4>
    DAG Node: stage_in_local_local_2_0
    pool:local
...
005 (3579.000.000) 03/01 23:45:00 Job terminated.
	(1) Normal termination (return value 0)
		Usr 0 00:00:00, Sys 0 00:00:00  -  Run Remote Usage
		Usr 0 00:00:00, Sys 0 00:00:00  -  Run Local Usage
		Usr 0 00:00:00, Sys 0 00:00:00  -  Total Remote Usage
		Usr 0 00:00:00, Sys 0 00:00:00  -  Total Local Usage
	0  -  Run Bytes Sent By Job
	0  -  Run Bytes Received By Job
	0  -  Total Bytes Sent By Job
	0  -  Total Bytes Received By Job
...
001 (3583.000.000) 03/01 23:45:00 Job executing on host: <192.168.5.10:9618?addrs=192.168.5.10-9618+[--1]-9618&noUDP&sock=2749_ab49_2925>
...
001 (3582.000.000) 03/01 23:45:00 Job executing on host: <192.168.5.10:9618?addrs=192.168.5.10-9618+[--1]-9618&noUDP&sock=2749_ab49_2926>
...
001 (3581.000.000) 03/01 23:45:00 Job executing on host: <192.168.5.10:9618?addrs=192.168.5.10-9618+[--1]-9618&noUDP&sock=2749_ab49_2927>
...
001 (3580.000.000) 03/01 23:45:00 Job executing on host: <192.168.5.10:9618?addrs=192.168.5.10-9618+[--1]-9618&noUDP&sock=2749_ab49_2928>
...
005 (3580.000.000) 03/01 23:45:02 Job terminated.
	(1) Normal termination (return value 0)
		Usr 0 00:00:00, Sys 0 00:00:00  -  Run Remote Usage
		Usr 0 00:00:00, Sys 0 00:00:00  -  Run Local Usage
		Usr 0 00:00:00, Sys 0 00:00:00  -  Total Remote Usage
		Usr 0 00:00:00, Sys 0 00:00:00  -  Total Local Usage
	0  -  Run Bytes Sent By Job
	0  -  Run Bytes Received By Job
	0  -  Total Bytes Sent By Job
	0  -  Total Bytes Received By Job
...
000 (3584.000.000) 03/01 23:45:03 Job submitted from host: <192.168.5.10:9618?addrs=192.168.5.10-9618+[--1]-9618&noUDP&sock=2698_7f03_4>
    DAG Node: stage_in_local_local_2_1
    pool:local
...
000 (3585.000.000) 03/01 23:45:03 Job submitted from host: <192.168.5.10:9618?addrs=192.168.5.10-9618+[--1]-9618&noUDP&sock=2698_7f03_4>
    DAG Node: stage_in_remote_local_2_1
    pool:local
...
005 (3582.000.000) 03/01 23:45:04 Job terminated.
	(1) Normal termination (return value 0)
		Usr 0 00:00:00, Sys 0 00:00:00  -  Run Remote Usage
		Usr 0 00:00:00, Sys 0 00:00:00  -  Run Local Usage
		Usr 0 00:00:00, Sys 0 00:00:00  -  Total Remote Usage
		Usr 0 00:00:00, Sys 0 00:00:00  -  Total Local Usage
	0  -  Run Bytes Sent By Job
	0  -  Run Bytes Received By Job
	0  -  Total Bytes Sent By Job
	0  -  Total Bytes Received By Job
...
005 (3583.000.000) 03/01 23:45:04 Job terminated.
	(1) Normal termination (return value 0)
		Usr 0 00:00:00, Sys 0 00:00:00  -  Run Remote Usage
		Usr 0 00:00:00, Sys 0 00:00:00  -  Run Local Usage
		Usr 0 00:00:00, Sys 0 00:00:00  -  Total Remote Usage
		Usr 0 00:00:00, Sys 0 00:00:00  -  Total Local Usage
	0  -  Run Bytes Sent By Job
	0  -  Run Bytes Received By Job
	0  -  Total Bytes Sent By Job
	0  -  Total Bytes Received By Job
...
005 (3581.000.000) 03/01 23:45:04 Job terminated.
	(1) Normal termination (return value 0)
		Usr 0 00:00:00, Sys 0 00:00:00  -  Run Remote Usage
		Usr 0 00:00:00, Sys 0 00:00:00  -  Run Local Usage
		Usr 0 00:00:00, Sys 0 00:00:00  -  Total Remote Usage
		Usr 0 00:00:00, Sys 0 00:00:00  -  Total Local Usage
	0  -  Run Bytes Sent By Job
	0  -  Run Bytes Received By Job
	0  -  Total Bytes Sent By Job
	0  -  Total Bytes Received By Job
...
001 (3585.000.000) 03/01 23:45:04 Job executing on host: <192.168.5.10:9618?addrs=192.168.5.10-9618+[--1]-9618&noUDP&sock=2749_ab49_2929>
...
001 (3584.000.000) 03/01 23:45:04 Job executing on host: <192.168.5.10:9618?addrs=192.168.5.10-9618+[--1]-9618&noUDP&sock=2749_ab49_2930>
...
005 (3585.000.000) 03/01 23:45:07 Job terminated.
	(1) Normal termination (return value 0)
		Usr 0 00:00:00, Sys 0 00:00:00  -  Run Remote Usage
		Usr 0 00:00:00, Sys 0 00:00:00  -  Run Local Usage
		Usr 0 00:00:00, Sys 0 00:00:00  -  Total Remote Usage
		Usr 0 00:00:00, Sys 0 00:00:00  -  Total Local Usage
	0  -  Run Bytes Sent By Job
	0  -  Run Bytes Received By Job
	0  -  Total Bytes Sent By Job
	0  -  Total Bytes Received By Job
...
005 (3584.000.000) 03/01 23:45:09 Job terminated.
	(1) Normal termination (return value 0)
		Usr 0 00:00:00, Sys 0 00:00:00  -  Run Remote Usage
		Usr 0 00:00:00, Sys 0 00:00:00  -  Run Local Usage
		Usr 0 00:00:00, Sys 0 00:00:00  -  Total Remote Usage
		Usr 0 00:00:00, Sys 0 00:00:00  -  Total Local Usage
	0  -  Run Bytes Sent By Job
	0  -  Run Bytes Received By Job
	0  -  Total Bytes Sent By Job
	0  -  Total Bytes Received By Job
...
000 (3586.000.000) 03/01 23:45:18 Job submitted from host: <192.168.5.10:9618?addrs=192.168.5.10-9618+[--1]-9618&noUDP&sock=2698_7f03_4>
    DAG Node: individuals_ID0000001
    pool:condorpool
...
000 (3587.000.000) 03/01 23:45:18 Job submitted from host: <192.168.5.10:9618?addrs=192.168.5.10-9618+[--1]-9618&noUDP&sock=2698_7f03_4>
    DAG Node: individuals_ID0000002
    pool:condorpool
...
000 (3588.000.000) 03/01 23:45:18 Job submitted from host: <192.168.5.10:9618?addrs=192.168.5.10-9618+[--1]-9618&noUDP&sock=2698_7f03_4>
    DAG Node: sifting_ID0000004
    pool:condorpool
...
001 (3588.000.000) 03/01 23:45:40 Job executing on host: <192.168.5.101:9618?addrs=192.168.5.101-9618+[--1]-9618&noUDP&sock=16636_ce09_3>
...
006 (3588.000.000) 03/01 23:45:46 Image size of job updated: 2
	0  -  MemoryUsage of job (MB)
	0  -  ResidentSetSize of job (KB)
...
005 (3588.000.000) 03/01 23:45:46 Job terminated.
	(1) Normal termination (return value 0)
		Usr 0 00:00:00, Sys 0 00:00:00  -  Run Remote Usage
		Usr 0 00:00:00, Sys 0 00:00:00  -  Run Local Usage
		Usr 0 00:00:00, Sys 0 00:00:00  -  Total Remote Usage
		Usr 0 00:00:00, Sys 0 00:00:00  -  Total Local Usage
	37857  -  Run Bytes Sent By Job
	8146055  -  Run Bytes Received By Job
	37857  -  Total Bytes Sent By Job
	8146055  -  Total Bytes Received By Job
	Partitionable Resources :    Usage  Request Allocated
	   Cpus                 :                 1         1
	   Disk (KB)            :     8002    10000 164690096
	   Memory (MB)          :        0        1       479
...
001 (3586.000.000) 03/01 23:45:47 Job executing on host: <192.168.5.101:9618?addrs=192.168.5.101-9618+[--1]-9618&noUDP&sock=16636_ce09_3>
...
001 (3587.000.000) 03/01 23:45:47 Job executing on host: <192.168.5.101:9618?addrs=192.168.5.101-9618+[--1]-9618&noUDP&sock=16636_ce09_3>
...
006 (3586.000.000) 03/01 23:45:55 Image size of job updated: 466080
	446  -  MemoryUsage of job (MB)
	456376  -  ResidentSetSize of job (KB)
...
006 (3587.000.000) 03/01 23:45:55 Image size of job updated: 468680
	449  -  MemoryUsage of job (MB)
	458972  -  ResidentSetSize of job (KB)
...
006 (3586.000.000) 03/01 23:50:55 Image size of job updated: 467360
	447  -  MemoryUsage of job (MB)
	457564  -  ResidentSetSize of job (KB)
...
006 (3587.000.000) 03/01 23:50:55 Image size of job updated: 469704
	450  -  MemoryUsage of job (MB)
	460048  -  ResidentSetSize of job (KB)
...
006 (3586.000.000) 03/01 23:55:55 Image size of job updated: 468896
	449  -  MemoryUsage of job (MB)
	459100  -  ResidentSetSize of job (KB)
...
006 (3587.000.000) 03/01 23:55:55 Image size of job updated: 470728
	451  -  MemoryUsage of job (MB)
	461072  -  ResidentSetSize of job (KB)
...
006 (3587.000.000) 03/02 00:00:56 Image size of job updated: 472008
	452  -  MemoryUsage of job (MB)
	462352  -  ResidentSetSize of job (KB)
...
006 (3586.000.000) 03/02 00:00:56 Image size of job updated: 470176
	450  -  MemoryUsage of job (MB)
	460380  -  ResidentSetSize of job (KB)
...
006 (3586.000.000) 03/02 00:05:56 Image size of job updated: 471456
	451  -  MemoryUsage of job (MB)
	461668  -  ResidentSetSize of job (KB)
...
006 (3587.000.000) 03/02 00:05:56 Image size of job updated: 473288
	453  -  MemoryUsage of job (MB)
	463640  -  ResidentSetSize of job (KB)
...
006 (3587.000.000) 03/02 00:10:56 Image size of job updated: 474568
	455  -  MemoryUsage of job (MB)
	464920  -  ResidentSetSize of job (KB)
...
006 (3586.000.000) 03/02 00:10:56 Image size of job updated: 472992
	453  -  MemoryUsage of job (MB)
	463240  -  ResidentSetSize of job (KB)
...
006 (3586.000.000) 03/02 00:15:56 Image size of job updated: 474620
	454  -  MemoryUsage of job (MB)
	464808  -  ResidentSetSize of job (KB)
...
006 (3587.000.000) 03/02 00:15:56 Image size of job updated: 477384
	457  -  MemoryUsage of job (MB)
	467800  -  ResidentSetSize of job (KB)
...
006 (3586.000.000) 03/02 00:20:56 Image size of job updated: 475900
	456  -  MemoryUsage of job (MB)
	466124  -  ResidentSetSize of job (KB)
...
006 (3587.000.000) 03/02 00:20:56 Image size of job updated: 479944
	460  -  MemoryUsage of job (MB)
	470428  -  ResidentSetSize of job (KB)
...
006 (3586.000.000) 03/02 00:25:56 Image size of job updated: 477796
	457  -  MemoryUsage of job (MB)
	467960  -  ResidentSetSize of job (KB)
...
006 (3587.000.000) 03/02 00:25:57 Image size of job updated: 482620
	462  -  MemoryUsage of job (MB)
	473052  -  ResidentSetSize of job (KB)
...
006 (3586.000.000) 03/02 00:30:57 Image size of job updated: 479332
	459  -  MemoryUsage of job (MB)
	469540  -  ResidentSetSize of job (KB)
...
006 (3587.000.000) 03/02 00:30:57 Image size of job updated: 484412
	464  -  MemoryUsage of job (MB)
	474892  -  ResidentSetSize of job (KB)
...
006 (3586.000.000) 03/02 00:35:57 Image size of job updated: 481124
	461  -  MemoryUsage of job (MB)
	471388  -  ResidentSetSize of job (KB)
...
006 (3587.000.000) 03/02 00:35:57 Image size of job updated: 486292
	466  -  MemoryUsage of job (MB)
	476732  -  ResidentSetSize of job (KB)
...
006 (3586.000.000) 03/02 00:40:57 Image size of job updated: 483032
	463  -  MemoryUsage of job (MB)
	473216  -  ResidentSetSize of job (KB)
...
006 (3587.000.000) 03/02 00:40:57 Image size of job updated: 487572
	467  -  MemoryUsage of job (MB)
	478044  -  ResidentSetSize of job (KB)
...
006 (3586.000.000) 03/02 00:45:57 Image size of job updated: 484824
	464  -  MemoryUsage of job (MB)
	475048  -  ResidentSetSize of job (KB)
...
006 (3587.000.000) 03/02 00:45:57 Image size of job updated: 489224
	469  -  MemoryUsage of job (MB)
	479612  -  ResidentSetSize of job (KB)
...
006 (3586.000.000) 03/02 00:50:57 Image size of job updated: 486360
	466  -  MemoryUsage of job (MB)
	476624  -  ResidentSetSize of job (KB)
...
006 (3587.000.000) 03/02 00:50:59 Image size of job updated: 490760
	470  -  MemoryUsage of job (MB)
	481188  -  ResidentSetSize of job (KB)
...
006 (3586.000.000) 03/02 00:55:58 Image size of job updated: 487992
	467  -  MemoryUsage of job (MB)
	478192  -  ResidentSetSize of job (KB)
...
006 (3587.000.000) 03/02 00:55:59 Image size of job updated: 492296
	472  -  MemoryUsage of job (MB)
	482756  -  ResidentSetSize of job (KB)
...
006 (3586.000.000) 03/02 01:00:58 Image size of job updated: 489528
	469  -  MemoryUsage of job (MB)
	479764  -  ResidentSetSize of job (KB)
...
006 (3587.000.000) 03/02 01:00:59 Image size of job updated: 493320
	473  -  MemoryUsage of job (MB)
	483804  -  ResidentSetSize of job (KB)
...
006 (3586.000.000) 03/02 01:05:58 Image size of job updated: 490808
	470  -  MemoryUsage of job (MB)
	481072  -  ResidentSetSize of job (KB)
...
006 (3587.000.000) 03/02 01:06:00 Image size of job updated: 494432
	474  -  MemoryUsage of job (MB)
	484848  -  ResidentSetSize of job (KB)
...
006 (3586.000.000) 03/02 01:10:58 Image size of job updated: 492436
	472  -  MemoryUsage of job (MB)
	482640  -  ResidentSetSize of job (KB)
...
006 (3587.000.000) 03/02 01:11:00 Image size of job updated: 497248
	477  -  MemoryUsage of job (MB)
	487728  -  ResidentSetSize of job (KB)
...
006 (3586.000.000) 03/02 01:15:58 Image size of job updated: 494740
	474  -  MemoryUsage of job (MB)
	485012  -  ResidentSetSize of job (KB)
...
006 (3587.000.000) 03/02 01:16:01 Image size of job updated: 500180
	480  -  MemoryUsage of job (MB)
	490628  -  ResidentSetSize of job (KB)
...
006 (3586.000.000) 03/02 01:21:00 Image size of job updated: 496900
	476  -  MemoryUsage of job (MB)
	487112  -  ResidentSetSize of job (KB)
...
006 (3587.000.000) 03/02 01:21:01 Image size of job updated: 502600
	482  -  MemoryUsage of job (MB)
	493064  -  ResidentSetSize of job (KB)
...
006 (3586.000.000) 03/02 01:26:00 Image size of job updated: 498692
	478  -  MemoryUsage of job (MB)
	488944  -  ResidentSetSize of job (KB)
...
006 (3587.000.000) 03/02 01:26:01 Image size of job updated: 505672
	485  -  MemoryUsage of job (MB)
	496128  -  ResidentSetSize of job (KB)
...
006 (3586.000.000) 03/02 01:31:00 Image size of job updated: 500324
	480  -  MemoryUsage of job (MB)
	490520  -  ResidentSetSize of job (KB)
...
006 (3587.000.000) 03/02 01:31:01 Image size of job updated: 508092
	487  -  MemoryUsage of job (MB)
	498492  -  ResidentSetSize of job (KB)
...
006 (3586.000.000) 03/02 01:36:00 Image size of job updated: 501860
	481  -  MemoryUsage of job (MB)
	492084  -  ResidentSetSize of job (KB)
...
006 (3587.000.000) 03/02 01:36:02 Image size of job updated: 510140
	489  -  MemoryUsage of job (MB)
	500588  -  ResidentSetSize of job (KB)
...
006 (3586.000.000) 03/02 01:41:01 Image size of job updated: 504536
	484  -  MemoryUsage of job (MB)
	494692  -  ResidentSetSize of job (KB)
...
006 (3587.000.000) 03/02 01:41:02 Image size of job updated: 512816
	492  -  MemoryUsage of job (MB)
	503204  -  ResidentSetSize of job (KB)
...
006 (3586.000.000) 03/02 01:46:01 Image size of job updated: 507096
	486  -  MemoryUsage of job (MB)
	497328  -  ResidentSetSize of job (KB)
...
006 (3587.000.000) 03/02 01:46:03 Image size of job updated: 515632
	495  -  MemoryUsage of job (MB)
	506088  -  ResidentSetSize of job (KB)
...
006 (3586.000.000) 03/02 01:51:01 Image size of job updated: 510024
	489  -  MemoryUsage of job (MB)
	500216  -  ResidentSetSize of job (KB)
...
006 (3587.000.000) 03/02 01:51:03 Image size of job updated: 518548
	498  -  MemoryUsage of job (MB)
	508968  -  ResidentSetSize of job (KB)
...
006 (3586.000.000) 03/02 01:56:01 Image size of job updated: 513096
	492  -  MemoryUsage of job (MB)
	503352  -  ResidentSetSize of job (KB)
...
006 (3587.000.000) 03/02 01:56:03 Image size of job updated: 521992
	501  -  MemoryUsage of job (MB)
	512380  -  ResidentSetSize of job (KB)
...
006 (3586.000.000) 03/02 02:01:02 Image size of job updated: 515516
	494  -  MemoryUsage of job (MB)
	505712  -  ResidentSetSize of job (KB)
...
006 (3587.000.000) 03/02 02:01:04 Image size of job updated: 524296
	503  -  MemoryUsage of job (MB)
	514740  -  ResidentSetSize of job (KB)
...
006 (3586.000.000) 03/02 02:06:03 Image size of job updated: 518692
	497  -  MemoryUsage of job (MB)
	508868  -  ResidentSetSize of job (KB)
...
006 (3587.000.000) 03/02 02:06:04 Image size of job updated: 527224
	506  -  MemoryUsage of job (MB)
	517616  -  ResidentSetSize of job (KB)
...
006 (3586.000.000) 03/02 02:11:03 Image size of job updated: 522020
	501  -  MemoryUsage of job (MB)
	512264  -  ResidentSetSize of job (KB)
...
006 (3587.000.000) 03/02 02:11:05 Image size of job updated: 530808
	510  -  MemoryUsage of job (MB)
	521288  -  ResidentSetSize of job (KB)
...
006 (3586.000.000) 03/02 02:16:03 Image size of job updated: 525716
	504  -  MemoryUsage of job (MB)
	515936  -  ResidentSetSize of job (KB)
...
006 (3587.000.000) 03/02 02:16:05 Image size of job updated: 534508
	513  -  MemoryUsage of job (MB)
	524976  -  ResidentSetSize of job (KB)
...
006 (3586.000.000) 03/02 02:21:04 Image size of job updated: 529668
	508  -  MemoryUsage of job (MB)
	519872  -  ResidentSetSize of job (KB)
...
006 (3587.000.000) 03/02 02:21:06 Image size of job updated: 537952
	516  -  MemoryUsage of job (MB)
	528384  -  ResidentSetSize of job (KB)
...
006 (3586.000.000) 03/02 02:26:04 Image size of job updated: 533364
	512  -  MemoryUsage of job (MB)
	523548  -  ResidentSetSize of job (KB)
...
006 (3587.000.000) 03/02 02:26:06 Image size of job updated: 541140
	520  -  MemoryUsage of job (MB)
	531568  -  ResidentSetSize of job (KB)
...
006 (3586.000.000) 03/02 02:31:04 Image size of job updated: 536948
	515  -  MemoryUsage of job (MB)
	527212  -  ResidentSetSize of job (KB)
...
006 (3587.000.000) 03/02 02:31:06 Image size of job updated: 544724
	523  -  MemoryUsage of job (MB)
	535196  -  ResidentSetSize of job (KB)
...
006 (3586.000.000) 03/02 02:36:04 Image size of job updated: 540388
	519  -  MemoryUsage of job (MB)
	530620  -  ResidentSetSize of job (KB)
...
006 (3587.000.000) 03/02 02:36:06 Image size of job updated: 548168
	526  -  MemoryUsage of job (MB)
	538600  -  ResidentSetSize of job (KB)
...
006 (3586.000.000) 03/02 02:41:04 Image size of job updated: 542044
	520  -  MemoryUsage of job (MB)
	532212  -  ResidentSetSize of job (KB)
...
006 (3587.000.000) 03/02 02:41:07 Image size of job updated: 550984
	529  -  MemoryUsage of job (MB)
	541480  -  ResidentSetSize of job (KB)
...
006 (3586.000.000) 03/02 02:46:05 Image size of job updated: 543580
	522  -  MemoryUsage of job (MB)
	533776  -  ResidentSetSize of job (KB)
...
006 (3587.000.000) 03/02 02:46:07 Image size of job updated: 553148
	531  -  MemoryUsage of job (MB)
	543604  -  ResidentSetSize of job (KB)
...
006 (3586.000.000) 03/02 02:51:06 Image size of job updated: 545116
	523  -  MemoryUsage of job (MB)
	535348  -  ResidentSetSize of job (KB)
...
006 (3587.000.000) 03/02 02:51:07 Image size of job updated: 555452
	534  -  MemoryUsage of job (MB)
	545948  -  ResidentSetSize of job (KB)
...
006 (3586.000.000) 03/02 02:56:06 Image size of job updated: 546996
	525  -  MemoryUsage of job (MB)
	537184  -  ResidentSetSize of job (KB)
...
006 (3587.000.000) 03/02 02:56:07 Image size of job updated: 557872
	536  -  MemoryUsage of job (MB)
	548304  -  ResidentSetSize of job (KB)
...
006 (3586.000.000) 03/02 03:01:07 Image size of job updated: 548532
	527  -  MemoryUsage of job (MB)
	538752  -  ResidentSetSize of job (KB)
...
006 (3587.000.000) 03/02 03:01:08 Image size of job updated: 559664
	538  -  MemoryUsage of job (MB)
	550136  -  ResidentSetSize of job (KB)
...
006 (3586.000.000) 03/02 03:06:07 Image size of job updated: 550324
	528  -  MemoryUsage of job (MB)
	540584  -  ResidentSetSize of job (KB)
...
006 (3587.000.000) 03/02 03:06:08 Image size of job updated: 562084
	540  -  MemoryUsage of job (MB)
	552500  -  ResidentSetSize of job (KB)
...
006 (3586.000.000) 03/02 03:11:07 Image size of job updated: 551972
	530  -  MemoryUsage of job (MB)
	542156  -  ResidentSetSize of job (KB)
...
006 (3587.000.000) 03/02 03:11:08 Image size of job updated: 564388
	542  -  MemoryUsage of job (MB)
	554848  -  ResidentSetSize of job (KB)
...
006 (3586.000.000) 03/02 03:16:07 Image size of job updated: 553764
	532  -  MemoryUsage of job (MB)
	543988  -  ResidentSetSize of job (KB)
...
006 (3587.000.000) 03/02 03:16:08 Image size of job updated: 566552
	544  -  MemoryUsage of job (MB)
	556944  -  ResidentSetSize of job (KB)
...
006 (3586.000.000) 03/02 03:21:08 Image size of job updated: 555044
	533  -  MemoryUsage of job (MB)
	545296  -  ResidentSetSize of job (KB)
...
006 (3587.000.000) 03/02 03:21:09 Image size of job updated: 568344
	546  -  MemoryUsage of job (MB)
	558768  -  ResidentSetSize of job (KB)
...
006 (3586.000.000) 03/02 03:26:09 Image size of job updated: 556696
	535  -  MemoryUsage of job (MB)
	546864  -  ResidentSetSize of job (KB)
...
006 (3587.000.000) 03/02 03:26:09 Image size of job updated: 569368
	547  -  MemoryUsage of job (MB)
	559816  -  ResidentSetSize of job (KB)
...
006 (3586.000.000) 03/02 03:31:09 Image size of job updated: 559256
	537  -  MemoryUsage of job (MB)
	549488  -  ResidentSetSize of job (KB)
...
006 (3587.000.000) 03/02 03:31:09 Image size of job updated: 570392
	548  -  MemoryUsage of job (MB)
	560856  -  ResidentSetSize of job (KB)
...
006 (3586.000.000) 03/02 03:36:10 Image size of job updated: 561048
	539  -  MemoryUsage of job (MB)
	551316  -  ResidentSetSize of job (KB)
...
006 (3587.000.000) 03/02 03:36:11 Image size of job updated: 573804
	552  -  MemoryUsage of job (MB)
	564268  -  ResidentSetSize of job (KB)
...
006 (3586.000.000) 03/02 03:41:10 Image size of job updated: 562680
	540  -  MemoryUsage of job (MB)
	552884  -  ResidentSetSize of job (KB)
...
006 (3587.000.000) 03/02 03:41:11 Image size of job updated: 576448
	554  -  MemoryUsage of job (MB)
	566888  -  ResidentSetSize of job (KB)
...
006 (3586.000.000) 03/02 03:46:10 Image size of job updated: 566104
	544  -  MemoryUsage of job (MB)
	556296  -  ResidentSetSize of job (KB)
...
006 (3587.000.000) 03/02 03:46:11 Image size of job updated: 579380
	557  -  MemoryUsage of job (MB)
	569916  -  ResidentSetSize of job (KB)
...
006 (3586.000.000) 03/02 03:51:10 Image size of job updated: 567896
	546  -  MemoryUsage of job (MB)
	558136  -  ResidentSetSize of job (KB)
...
006 (3587.000.000) 03/02 03:51:12 Image size of job updated: 582964
	560  -  MemoryUsage of job (MB)
	573440  -  ResidentSetSize of job (KB)
...
006 (3586.000.000) 03/02 03:56:11 Image size of job updated: 570828
	548  -  MemoryUsage of job (MB)
	561024  -  ResidentSetSize of job (KB)
...
006 (3587.000.000) 03/02 03:56:12 Image size of job updated: 585896
	563  -  MemoryUsage of job (MB)
	576324  -  ResidentSetSize of job (KB)
...
006 (3586.000.000) 03/02 04:01:11 Image size of job updated: 573132
	551  -  MemoryUsage of job (MB)
	563380  -  ResidentSetSize of job (KB)
...
006 (3587.000.000) 03/02 04:01:12 Image size of job updated: 589084
	566  -  MemoryUsage of job (MB)
	579468  -  ResidentSetSize of job (KB)
...
006 (3586.000.000) 03/02 04:06:11 Image size of job updated: 577088
	555  -  MemoryUsage of job (MB)
	567308  -  ResidentSetSize of job (KB)
...
006 (3587.000.000) 03/02 04:06:12 Image size of job updated: 591900
	569  -  MemoryUsage of job (MB)
	582348  -  ResidentSetSize of job (KB)
...
006 (3586.000.000) 03/02 04:11:12 Image size of job updated: 580784
	558  -  MemoryUsage of job (MB)
	570980  -  ResidentSetSize of job (KB)
...
006 (3587.000.000) 03/02 04:11:13 Image size of job updated: 595340
	573  -  MemoryUsage of job (MB)
	585756  -  ResidentSetSize of job (KB)
...
006 (3586.000.000) 03/02 04:16:12 Image size of job updated: 584480
	562  -  MemoryUsage of job (MB)
	574704  -  ResidentSetSize of job (KB)
...
006 (3587.000.000) 03/02 04:16:13 Image size of job updated: 598784
	576  -  MemoryUsage of job (MB)
	589212  -  ResidentSetSize of job (KB)
...
006 (3586.000.000) 03/02 04:21:12 Image size of job updated: 587040
	564  -  MemoryUsage of job (MB)
	577268  -  ResidentSetSize of job (KB)
...
006 (3587.000.000) 03/02 04:21:13 Image size of job updated: 602112
	579  -  MemoryUsage of job (MB)
	592588  -  ResidentSetSize of job (KB)
...
006 (3586.000.000) 03/02 04:26:13 Image size of job updated: 588576
	566  -  MemoryUsage of job (MB)
	578840  -  ResidentSetSize of job (KB)
...
006 (3587.000.000) 03/02 04:26:14 Image size of job updated: 605044
	582  -  MemoryUsage of job (MB)
	595468  -  ResidentSetSize of job (KB)
...
006 (3586.000.000) 03/02 04:31:13 Image size of job updated: 591488
	569  -  MemoryUsage of job (MB)
	581720  -  ResidentSetSize of job (KB)
...
006 (3587.000.000) 03/02 04:31:15 Image size of job updated: 607348
	584  -  MemoryUsage of job (MB)
	597824  -  ResidentSetSize of job (KB)
...
006 (3586.000.000) 03/02 04:36:13 Image size of job updated: 593876
	571  -  MemoryUsage of job (MB)
	584076  -  ResidentSetSize of job (KB)
...
006 (3587.000.000) 03/02 04:36:15 Image size of job updated: 609512
	586  -  MemoryUsage of job (MB)
	599924  -  ResidentSetSize of job (KB)
...
006 (3586.000.000) 03/02 04:41:14 Image size of job updated: 595668
	573  -  MemoryUsage of job (MB)
	585908  -  ResidentSetSize of job (KB)
...
006 (3587.000.000) 03/02 04:41:16 Image size of job updated: 612328
	589  -  MemoryUsage of job (MB)
	602804  -  ResidentSetSize of job (KB)
...
006 (3586.000.000) 03/02 04:46:14 Image size of job updated: 597292
	574  -  MemoryUsage of job (MB)
	587548  -  ResidentSetSize of job (KB)
...
006 (3587.000.000) 03/02 04:46:16 Image size of job updated: 613096
	590  -  MemoryUsage of job (MB)
	603584  -  ResidentSetSize of job (KB)
...
006 (3586.000.000) 03/02 04:51:15 Image size of job updated: 599084
	576  -  MemoryUsage of job (MB)
	589328  -  ResidentSetSize of job (KB)
...
006 (3587.000.000) 03/02 04:51:16 Image size of job updated: 614216
	591  -  MemoryUsage of job (MB)
	604624  -  ResidentSetSize of job (KB)
...
006 (3586.000.000) 03/02 04:56:16 Image size of job updated: 600992
	578  -  MemoryUsage of job (MB)
	591156  -  ResidentSetSize of job (KB)
...
006 (3587.000.000) 03/02 04:56:17 Image size of job updated: 615752
	593  -  MemoryUsage of job (MB)
	606452  -  ResidentSetSize of job (KB)
...
006 (3586.000.000) 03/02 05:00:15 Image size of job updated: 603904
	578  -  MemoryUsage of job (MB)
	591156  -  ResidentSetSize of job (KB)
...
005 (3586.000.000) 03/02 05:00:15 Job terminated.
	(1) Normal termination (return value 0)
		Usr 0 05:12:10, Sys 0 00:01:17  -  Run Remote Usage
		Usr 0 00:00:00, Sys 0 00:00:00  -  Run Local Usage
		Usr 0 05:12:10, Sys 0 00:01:17  -  Total Remote Usage
		Usr 0 00:00:00, Sys 0 00:00:00  -  Total Local Usage
	5579560  -  Run Bytes Sent By Job
	302565088  -  Run Bytes Received By Job
	5579560  -  Total Bytes Sent By Job
	302565088  -  Total Bytes Received By Job
	Partitionable Resources :    Usage  Request Allocated
	   Cpus                 :                 1         1
	   Disk (KB)            :   300933   300000 164690096
	   Memory (MB)          :      578        1       479
...
006 (3587.000.000) 03/02 05:01:17 Image size of job updated: 618056
	595  -  MemoryUsage of job (MB)
	608548  -  ResidentSetSize of job (KB)
...
006 (3587.000.000) 03/02 05:06:17 Image size of job updated: 620220
	597  -  MemoryUsage of job (MB)
	610644  -  ResidentSetSize of job (KB)
...
006 (3587.000.000) 03/02 05:07:52 Image size of job updated: 622684
	597  -  MemoryUsage of job (MB)
	610644  -  ResidentSetSize of job (KB)
...
005 (3587.000.000) 03/02 05:07:52 Job terminated.
	(1) Normal termination (return value 0)
		Usr 0 05:19:38, Sys 0 00:01:26  -  Run Remote Usage
		Usr 0 00:00:00, Sys 0 00:00:00  -  Run Local Usage
		Usr 0 05:19:38, Sys 0 00:01:26  -  Total Remote Usage
		Usr 0 00:00:00, Sys 0 00:00:00  -  Total Local Usage
	6060706  -  Run Bytes Sent By Job
	302565088  -  Run Bytes Received By Job
	6060706  -  Total Bytes Sent By Job
	302565088  -  Total Bytes Received By Job
	Partitionable Resources :    Usage  Request Allocated
	   Cpus                 :                 1         1
	   Disk (KB)            :   301403   300000 164690096
	   Memory (MB)          :      597        1       479
...
000 (3589.000.000) 03/02 05:08:05 Job submitted from host: <192.168.5.10:9618?addrs=192.168.5.10-9618+[--1]-9618&noUDP&sock=2698_7f03_4>
    DAG Node: individuals_merge_ID0000003
    pool:condorpool
...
001 (3589.000.000) 03/02 05:08:06 Job executing on host: <192.168.5.101:9618?addrs=192.168.5.101-9618+[--1]-9618&noUDP&sock=16636_ce09_3>
...
006 (3589.000.000) 03/02 05:08:14 Image size of job updated: 2
	5  -  MemoryUsage of job (MB)
	4924  -  ResidentSetSize of job (KB)
...
006 (3589.000.000) 03/02 05:13:04 Image size of job updated: 149948
	5  -  MemoryUsage of job (MB)
	4924  -  ResidentSetSize of job (KB)
...
005 (3589.000.000) 03/02 05:13:04 Job terminated.
	(1) Normal termination (return value 0)
		Usr 0 00:01:14, Sys 0 00:00:07  -  Run Remote Usage
		Usr 0 00:00:00, Sys 0 00:00:00  -  Run Local Usage
		Usr 0 00:01:14, Sys 0 00:00:07  -  Total Remote Usage
		Usr 0 00:00:00, Sys 0 00:00:00  -  Total Local Usage
	16418940  -  Run Bytes Sent By Job
	11289614  -  Run Bytes Received By Job
	16418940  -  Total Bytes Sent By Job
	11289614  -  Total Bytes Received By Job
	Partitionable Resources :    Usage  Request Allocated
	   Cpus                 :                 1         1
	   Disk (KB)            :    27070    12500 164690096
	   Memory (MB)          :        5        1       479
...
000 (3590.000.000) 03/02 05:13:15 Job submitted from host: <192.168.5.10:9618?addrs=192.168.5.10-9618+[--1]-9618&noUDP&sock=2698_7f03_4>
    DAG Node: mutation_overlap_ID0000009
    pool:condorpool
...
000 (3591.000.000) 03/02 05:13:15 Job submitted from host: <192.168.5.10:9618?addrs=192.168.5.10-9618+[--1]-9618&noUDP&sock=2698_7f03_4>
    DAG Node: frequency_ID0000014
    pool:condorpool
...
000 (3592.000.000) 03/02 05:13:15 Job submitted from host: <192.168.5.10:9618?addrs=192.168.5.10-9618+[--1]-9618&noUDP&sock=2698_7f03_4>
    DAG Node: mutation_overlap_ID0000011
    pool:condorpool
...
000 (3593.000.000) 03/02 05:13:15 Job submitted from host: <192.168.5.10:9618?addrs=192.168.5.10-9618+[--1]-9618&noUDP&sock=2698_7f03_4>
    DAG Node: frequency_ID0000016
    pool:condorpool
...
000 (3594.000.000) 03/02 05:13:15 Job submitted from host: <192.168.5.10:9618?addrs=192.168.5.10-9618+[--1]-9618&noUDP&sock=2698_7f03_4>
    DAG Node: frequency_ID0000010
    pool:condorpool
...
001 (3590.000.000) 03/02 05:13:16 Job executing on host: <192.168.5.101:9618?addrs=192.168.5.101-9618+[--1]-9618&noUDP&sock=16636_ce09_3>
...
000 (3595.000.000) 03/02 05:13:20 Job submitted from host: <192.168.5.10:9618?addrs=192.168.5.10-9618+[--1]-9618&noUDP&sock=2698_7f03_4>
    DAG Node: frequency_ID0000012
    pool:condorpool
...
000 (3596.000.000) 03/02 05:13:20 Job submitted from host: <192.168.5.10:9618?addrs=192.168.5.10-9618+[--1]-9618&noUDP&sock=2698_7f03_4>
    DAG Node: mutation_overlap_ID0000017
    pool:condorpool
...
000 (3597.000.000) 03/02 05:13:20 Job submitted from host: <192.168.5.10:9618?addrs=192.168.5.10-9618+[--1]-9618&noUDP&sock=2698_7f03_4>
    DAG Node: mutation_overlap_ID0000005
    pool:condorpool
...
000 (3598.000.000) 03/02 05:13:20 Job submitted from host: <192.168.5.10:9618?addrs=192.168.5.10-9618+[--1]-9618&noUDP&sock=2698_7f03_4>
    DAG Node: mutation_overlap_ID0000007
    pool:condorpool
...
000 (3599.000.000) 03/02 05:13:20 Job submitted from host: <192.168.5.10:9618?addrs=192.168.5.10-9618+[--1]-9618&noUDP&sock=2698_7f03_4>
    DAG Node: mutation_overlap_ID0000013
    pool:condorpool
...
006 (3590.000.000) 03/02 05:13:24 Image size of job updated: 2
	5  -  MemoryUsage of job (MB)
	4904  -  ResidentSetSize of job (KB)
...
000 (3600.000.000) 03/02 05:13:25 Job submitted from host: <192.168.5.10:9618?addrs=192.168.5.10-9618+[--1]-9618&noUDP&sock=2698_7f03_4>
    DAG Node: frequency_ID0000006
    pool:condorpool
...
000 (3601.000.000) 03/02 05:13:25 Job submitted from host: <192.168.5.10:9618?addrs=192.168.5.10-9618+[--1]-9618&noUDP&sock=2698_7f03_4>
    DAG Node: frequency_ID0000018
    pool:condorpool
...
000 (3602.000.000) 03/02 05:13:25 Job submitted from host: <192.168.5.10:9618?addrs=192.168.5.10-9618+[--1]-9618&noUDP&sock=2698_7f03_4>
    DAG Node: mutation_overlap_ID0000015
    pool:condorpool
...
000 (3603.000.000) 03/02 05:13:25 Job submitted from host: <192.168.5.10:9618?addrs=192.168.5.10-9618+[--1]-9618&noUDP&sock=2698_7f03_4>
    DAG Node: frequency_ID0000008
    pool:condorpool
...
001 (3591.000.000) 03/02 05:13:27 Job executing on host: <192.168.5.101:9618?addrs=192.168.5.101-9618+[--1]-9618&noUDP&sock=16636_ce09_3>
...
001 (3593.000.000) 03/02 05:13:27 Job executing on host: <192.168.5.101:9618?addrs=192.168.5.101-9618+[--1]-9618&noUDP&sock=16636_ce09_3>
...
001 (3592.000.000) 03/02 05:13:27 Job executing on host: <192.168.5.101:9618?addrs=192.168.5.101-9618+[--1]-9618&noUDP&sock=16636_ce09_3>
...
006 (3591.000.000) 03/02 05:13:35 Image size of job updated: 62056
	39  -  MemoryUsage of job (MB)
	39428  -  ResidentSetSize of job (KB)
...
006 (3592.000.000) 03/02 05:13:35 Image size of job updated: 61680
	39  -  MemoryUsage of job (MB)
	39264  -  ResidentSetSize of job (KB)
...
006 (3593.000.000) 03/02 05:13:35 Image size of job updated: 62056
	39  -  MemoryUsage of job (MB)
	39412  -  ResidentSetSize of job (KB)
...
006 (3592.000.000) 03/02 05:15:31 Image size of job updated: 88868
	39  -  MemoryUsage of job (MB)
	39264  -  ResidentSetSize of job (KB)
...
005 (3592.000.000) 03/02 05:15:31 Job terminated.
	(1) Normal termination (return value 0)
		Usr 0 00:00:14, Sys 0 00:00:03  -  Run Remote Usage
		Usr 0 00:00:00, Sys 0 00:00:00  -  Run Local Usage
		Usr 0 00:00:14, Sys 0 00:00:03  -  Total Remote Usage
		Usr 0 00:00:00, Sys 0 00:00:00  -  Total Local Usage
	418764  -  Run Bytes Sent By Job
	16519574  -  Run Bytes Received By Job
	418764  -  Total Bytes Sent By Job
	16519574  -  Total Bytes Received By Job
	Partitionable Resources :    Usage  Request Allocated
	   Cpus                 :                 1         1
	   Disk (KB)            :    88604    17500 164690096
	   Memory (MB)          :       39        1       479
...
006 (3590.000.000) 03/02 05:16:25 Image size of job updated: 262912
	5  -  MemoryUsage of job (MB)
	4904  -  ResidentSetSize of job (KB)
...
005 (3590.000.000) 03/02 05:16:25 Job terminated.
	(1) Normal termination (return value 0)
		Usr 0 00:01:10, Sys 0 00:00:05  -  Run Remote Usage
		Usr 0 00:00:00, Sys 0 00:00:00  -  Run Local Usage
		Usr 0 00:01:10, Sys 0 00:00:05  -  Total Remote Usage
		Usr 0 00:00:00, Sys 0 00:00:00  -  Total Local Usage
	1988246  -  Run Bytes Sent By Job
	16542262  -  Run Bytes Received By Job
	1988246  -  Total Bytes Sent By Job
	16542262  -  Total Bytes Received By Job
	Partitionable Resources :    Usage  Request Allocated
	   Cpus                 :                 1         1
	   Disk (KB)            :   105539    17500 164690096
	   Memory (MB)          :        5        1       479
...
001 (3594.000.000) 03/02 05:16:46 Job executing on host: <192.168.5.101:9618?addrs=192.168.5.101-9618+[--1]-9618&noUDP&sock=16636_ce09_3>
...
006 (3594.000.000) 03/02 05:16:55 Image size of job updated: 2
	5  -  MemoryUsage of job (MB)
	5104  -  ResidentSetSize of job (KB)
...
001 (3595.000.000) 03/02 05:17:47 Job executing on host: <192.168.5.101:9618?addrs=192.168.5.101-9618+[--1]-9618&noUDP&sock=16636_ce09_3>
...
006 (3595.000.000) 03/02 05:17:55 Image size of job updated: 2
	5  -  MemoryUsage of job (MB)
	5016  -  ResidentSetSize of job (KB)
...
006 (3591.000.000) 03/02 05:18:36 Image size of job updated: 91320
	67  -  MemoryUsage of job (MB)
	68188  -  ResidentSetSize of job (KB)
...
006 (3593.000.000) 03/02 05:18:36 Image size of job updated: 93908
	58  -  MemoryUsage of job (MB)
	59384  -  ResidentSetSize of job (KB)
...
006 (3594.000.000) 03/02 05:21:56 Image size of job updated: 98028
	66  -  MemoryUsage of job (MB)
	67556  -  ResidentSetSize of job (KB)
...
006 (3595.000.000) 03/02 05:22:55 Image size of job updated: 92844
	70  -  MemoryUsage of job (MB)
	70872  -  ResidentSetSize of job (KB)
...
006 (3593.000.000) 03/02 05:23:37 Image size of job updated: 94740
	67  -  MemoryUsage of job (MB)
	68076  -  ResidentSetSize of job (KB)
...
006 (3591.000.000) 03/02 05:23:37 Image size of job updated: 93612
	67  -  MemoryUsage of job (MB)
	68188  -  ResidentSetSize of job (KB)
...
006 (3594.000.000) 03/02 05:26:56 Image size of job updated: 98028
	68  -  MemoryUsage of job (MB)
	69384  -  ResidentSetSize of job (KB)
...
006 (3593.000.000) 03/02 05:27:13 Image size of job updated: 94808
	67  -  MemoryUsage of job (MB)
	68076  -  ResidentSetSize of job (KB)
...
005 (3593.000.000) 03/02 05:27:14 Job terminated.
	(1) Normal termination (return value 0)
		Usr 0 00:09:33, Sys 0 00:00:49  -  Run Remote Usage
		Usr 0 00:00:00, Sys 0 00:00:00  -  Run Local Usage
		Usr 0 00:09:33, Sys 0 00:00:49  -  Total Remote Usage
		Usr 0 00:00:00, Sys 0 00:00:00  -  Total Local Usage
	13525994  -  Run Bytes Sent By Job
	16511624  -  Run Bytes Received By Job
	13525994  -  Total Bytes Sent By Job
	16511624  -  Total Bytes Received By Job
	Partitionable Resources :    Usage  Request Allocated
	   Cpus                 :                 1         1
	   Disk (KB)            :   118587    17500 164690096
	   Memory (MB)          :       67        1       479
...
005 (3591.000.000) 03/02 05:27:24 Job terminated.
	(1) Normal termination (return value 0)
		Usr 0 00:09:43, Sys 0 00:00:52  -  Run Remote Usage
		Usr 0 00:00:00, Sys 0 00:00:00  -  Run Local Usage
		Usr 0 00:09:43, Sys 0 00:00:52  -  Total Remote Usage
		Usr 0 00:00:00, Sys 0 00:00:00  -  Total Local Usage
	13501450  -  Run Bytes Sent By Job
	16512272  -  Run Bytes Received By Job
	13501450  -  Total Bytes Sent By Job
	16512272  -  Total Bytes Received By Job
	Partitionable Resources :    Usage  Request Allocated
	   Cpus                 :                 1         1
	   Disk (KB)            :   118320    17500 164690096
	   Memory (MB)          :       67        1       479
...
001 (3596.000.000) 03/02 05:28:48 Job executing on host: <192.168.5.101:9618?addrs=192.168.5.101-9618+[--1]-9618&noUDP&sock=16636_ce09_3>
...
001 (3597.000.000) 03/02 05:28:48 Job executing on host: <192.168.5.101:9618?addrs=192.168.5.101-9618+[--1]-9618&noUDP&sock=16636_ce09_3>
...
006 (3596.000.000) 03/02 05:28:57 Image size of job updated: 18560
	5  -  MemoryUsage of job (MB)
	5060  -  ResidentSetSize of job (KB)
...
006 (3597.000.000) 03/02 05:28:57 Image size of job updated: 2
	5  -  MemoryUsage of job (MB)
	4896  -  ResidentSetSize of job (KB)
...
005 (3595.000.000) 03/02 05:30:15 Job terminated.
	(1) Normal termination (return value 0)
		Usr 0 00:08:50, Sys 0 00:00:45  -  Run Remote Usage
		Usr 0 00:00:00, Sys 0 00:00:00  -  Run Local Usage
		Usr 0 00:08:50, Sys 0 00:00:45  -  Total Remote Usage
		Usr 0 00:00:00, Sys 0 00:00:00  -  Total Local Usage
	12666425  -  Run Bytes Sent By Job
	16513009  -  Run Bytes Received By Job
	12666425  -  Total Bytes Sent By Job
	16513009  -  Total Bytes Received By Job
	Partitionable Resources :    Usage  Request Allocated
	   Cpus                 :                 1         1
	   Disk (KB)            :   116615    17500 164690096
	   Memory (MB)          :       70        1       479
...
006 (3596.000.000) 03/02 05:30:47 Image size of job updated: 84864
	5  -  MemoryUsage of job (MB)
	5060  -  ResidentSetSize of job (KB)
...
006 (3594.000.000) 03/02 05:30:56 Image size of job updated: 98796
	68  -  MemoryUsage of job (MB)
	69384  -  ResidentSetSize of job (KB)
...
006 (3597.000.000) 03/02 05:30:58 Image size of job updated: 93600
	5  -  MemoryUsage of job (MB)
	4896  -  ResidentSetSize of job (KB)
...
005 (3596.000.000) 03/02 05:31:07 Job terminated.
	(1) Normal termination (return value 0)
		Usr 0 00:00:09, Sys 0 00:00:02  -  Run Remote Usage
		Usr 0 00:00:00, Sys 0 00:00:00  -  Run Local Usage
		Usr 0 00:00:09, Sys 0 00:00:02  -  Total Remote Usage
		Usr 0 00:00:00, Sys 0 00:00:00  -  Total Local Usage
	356380  -  Run Bytes Sent By Job
	16515118  -  Run Bytes Received By Job
	356380  -  Total Bytes Sent By Job
	16515118  -  Total Bytes Received By Job
	Partitionable Resources :    Usage  Request Allocated
	   Cpus                 :                 1         1
	   Disk (KB)            :    87861    17500 164690096
	   Memory (MB)          :        5        1       479
...
005 (3594.000.000) 03/02 05:31:09 Job terminated.
	(1) Normal termination (return value 0)
		Usr 0 00:10:22, Sys 0 00:00:54  -  Run Remote Usage
		Usr 0 00:00:00, Sys 0 00:00:00  -  Run Local Usage
		Usr 0 00:10:22, Sys 0 00:00:54  -  Total Remote Usage
		Usr 0 00:00:00, Sys 0 00:00:00  -  Total Local Usage
	14121946  -  Run Bytes Sent By Job
	16535697  -  Run Bytes Received By Job
	14121946  -  Total Bytes Sent By Job
	16535697  -  Total Bytes Received By Job
	Partitionable Resources :    Usage  Request Allocated
	   Cpus                 :                 1         1
	   Disk (KB)            :   120406    17500 164690096
	   Memory (MB)          :       68        1       479
...
005 (3597.000.000) 03/02 05:31:09 Job terminated.
	(1) Normal termination (return value 0)
		Usr 0 00:00:17, Sys 0 00:00:03  -  Run Remote Usage
		Usr 0 00:00:00, Sys 0 00:00:00  -  Run Local Usage
		Usr 0 00:00:17, Sys 0 00:00:03  -  Total Remote Usage
		Usr 0 00:00:00, Sys 0 00:00:00  -  Total Local Usage
	587317  -  Run Bytes Sent By Job
	16522029  -  Run Bytes Received By Job
	587317  -  Total Bytes Sent By Job
	16522029  -  Total Bytes Received By Job
	Partitionable Resources :    Usage  Request Allocated
	   Cpus                 :                 1         1
	   Disk (KB)            :    89598    17500 164690096
	   Memory (MB)          :        5        1       479
...
001 (3598.000.000) 03/02 05:32:03 Job executing on host: <192.168.5.101:9618?addrs=192.168.5.101-9618+[--1]-9618&noUDP&sock=16636_ce09_3>
...
006 (3598.000.000) 03/02 05:32:12 Image size of job updated: 2
	5  -  MemoryUsage of job (MB)
	4972  -  ResidentSetSize of job (KB)
...
001 (3599.000.000) 03/02 05:32:47 Job executing on host: <192.168.5.101:9618?addrs=192.168.5.101-9618+[--1]-9618&noUDP&sock=16636_ce09_3>
...
001 (3601.000.000) 03/02 05:32:47 Job executing on host: <192.168.5.101:9618?addrs=192.168.5.101-9618+[--1]-9618&noUDP&sock=16636_ce09_3>
...
001 (3600.000.000) 03/02 05:32:47 Job executing on host: <192.168.5.101:9618?addrs=192.168.5.101-9618+[--1]-9618&noUDP&sock=16636_ce09_3>
...
006 (3599.000.000) 03/02 05:32:56 Image size of job updated: 5112
	3  -  MemoryUsage of job (MB)
	2524  -  ResidentSetSize of job (KB)
...
006 (3601.000.000) 03/02 05:32:57 Image size of job updated: 18560
	5  -  MemoryUsage of job (MB)
	4932  -  ResidentSetSize of job (KB)
...
006 (3600.000.000) 03/02 05:32:57 Image size of job updated: 2
	5  -  MemoryUsage of job (MB)
	5040  -  ResidentSetSize of job (KB)
...
006 (3598.000.000) 03/02 05:33:41 Image size of job updated: 66748
	5  -  MemoryUsage of job (MB)
	4972  -  ResidentSetSize of job (KB)
...
005 (3598.000.000) 03/02 05:33:41 Job terminated.
	(1) Normal termination (return value 0)
		Usr 0 00:00:07, Sys 0 00:00:02  -  Run Remote Usage
		Usr 0 00:00:00, Sys 0 00:00:00  -  Run Local Usage
		Usr 0 00:00:07, Sys 0 00:00:02  -  Total Remote Usage
		Usr 0 00:00:00, Sys 0 00:00:00  -  Total Local Usage
	429444  -  Run Bytes Sent By Job
	16519510  -  Run Bytes Received By Job
	429444  -  Total Bytes Sent By Job
	16519510  -  Total Bytes Received By Job
	Partitionable Resources :    Usage  Request Allocated
	   Cpus                 :                 1         1
	   Disk (KB)            :    88584    17500 164690096
	   Memory (MB)          :        5        1       479
...
001 (3602.000.000) 03/02 05:34:47 Job executing on host: <192.168.5.101:9618?addrs=192.168.5.101-9618+[--1]-9618&noUDP&sock=16636_ce09_3>
...
006 (3599.000.000) 03/02 05:34:52 Image size of job updated: 82596
	3  -  MemoryUsage of job (MB)
	2524  -  ResidentSetSize of job (KB)
...
005 (3599.000.000) 03/02 05:34:52 Job terminated.
	(1) Normal termination (return value 0)
		Usr 0 00:00:11, Sys 0 00:00:03  -  Run Remote Usage
		Usr 0 00:00:00, Sys 0 00:00:00  -  Run Local Usage
		Usr 0 00:00:11, Sys 0 00:00:03  -  Total Remote Usage
		Usr 0 00:00:00, Sys 0 00:00:00  -  Total Local Usage
	466702  -  Run Bytes Sent By Job
	16518837  -  Run Bytes Received By Job
	466702  -  Total Bytes Sent By Job
	16518837  -  Total Bytes Received By Job
	Partitionable Resources :    Usage  Request Allocated
	   Cpus                 :                 1         1
	   Disk (KB)            :    88702    17500 164690096
	   Memory (MB)          :        3        1       479
...
006 (3602.000.000) 03/02 05:34:55 Image size of job updated: 63416
	41  -  MemoryUsage of job (MB)
	40984  -  ResidentSetSize of job (KB)
...
001 (3603.000.000) 03/02 05:35:47 Job executing on host: <192.168.5.101:9618?addrs=192.168.5.101-9618+[--1]-9618&noUDP&sock=16636_ce09_3>
...
006 (3603.000.000) 03/02 05:35:55 Image size of job updated: 2
	5  -  MemoryUsage of job (MB)
	5064  -  ResidentSetSize of job (KB)
...
006 (3602.000.000) 03/02 05:36:51 Image size of job updated: 74872
	41  -  MemoryUsage of job (MB)
	40984  -  ResidentSetSize of job (KB)
...
005 (3602.000.000) 03/02 05:36:52 Job terminated.
	(1) Normal termination (return value 0)
		Usr 0 00:00:09, Sys 0 00:00:02  -  Run Remote Usage
		Usr 0 00:00:00, Sys 0 00:00:00  -  Run Local Usage
		Usr 0 00:00:09, Sys 0 00:00:02  -  Total Remote Usage
		Usr 0 00:00:00, Sys 0 00:00:00  -  Total Local Usage
	387887  -  Run Bytes Sent By Job
	16518189  -  Run Bytes Received By Job
	387887  -  Total Bytes Sent By Job
	16518189  -  Total Bytes Received By Job
	Partitionable Resources :    Usage  Request Allocated
	   Cpus                 :                 1         1
	   Disk (KB)            :    88249    17500 164690096
	   Memory (MB)          :       41        1       479
...
006 (3601.000.000) 03/02 05:37:58 Image size of job updated: 93504
	67  -  MemoryUsage of job (MB)
	68088  -  ResidentSetSize of job (KB)
...
006 (3600.000.000) 03/02 05:37:58 Image size of job updated: 93868
	71  -  MemoryUsage of job (MB)
	71868  -  ResidentSetSize of job (KB)
...
006 (3603.000.000) 03/02 05:40:56 Image size of job updated: 94084
	69  -  MemoryUsage of job (MB)
	69664  -  ResidentSetSize of job (KB)
...
006 (3601.000.000) 03/02 05:42:59 Image size of job updated: 94372
	67  -  MemoryUsage of job (MB)
	68088  -  ResidentSetSize of job (KB)
...
006 (3600.000.000) 03/02 05:43:00 Image size of job updated: 97644
	71  -  MemoryUsage of job (MB)
	71868  -  ResidentSetSize of job (KB)
...
005 (3601.000.000) 03/02 05:44:22 Job terminated.
	(1) Normal termination (return value 0)
		Usr 0 00:07:41, Sys 0 00:00:40  -  Run Remote Usage
		Usr 0 00:00:00, Sys 0 00:00:00  -  Run Local Usage
		Usr 0 00:07:41, Sys 0 00:00:40  -  Total Remote Usage
		Usr 0 00:00:00, Sys 0 00:00:00  -  Total Local Usage
	12070535  -  Run Bytes Sent By Job
	16508553  -  Run Bytes Received By Job
	12070535  -  Total Bytes Sent By Job
	16508553  -  Total Bytes Received By Job
	Partitionable Resources :    Usage  Request Allocated
	   Cpus                 :                 1         1
	   Disk (KB)            :   115420    17500 164690096
	   Memory (MB)          :       67        1       479
...
006 (3603.000.000) 03/02 05:45:57 Image size of job updated: 95084
	69  -  MemoryUsage of job (MB)
	69664  -  ResidentSetSize of job (KB)
...
006 (3600.000.000) 03/02 05:47:52 Image size of job updated: 98416
	71  -  MemoryUsage of job (MB)
	71868  -  ResidentSetSize of job (KB)
...
005 (3600.000.000) 03/02 05:47:52 Job terminated.
	(1) Normal termination (return value 0)
		Usr 0 00:10:55, Sys 0 00:00:55  -  Run Remote Usage
		Usr 0 00:00:00, Sys 0 00:00:00  -  Run Local Usage
		Usr 0 00:10:55, Sys 0 00:00:55  -  Total Remote Usage
		Usr 0 00:00:00, Sys 0 00:00:00  -  Total Local Usage
	14906361  -  Run Bytes Sent By Job
	16515464  -  Run Bytes Received By Job
	14906361  -  Total Bytes Sent By Job
	16515464  -  Total Bytes Received By Job
	Partitionable Resources :    Usage  Request Allocated
	   Cpus                 :                 1         1
	   Disk (KB)            :   122008    17500 164690096
	   Memory (MB)          :       71        1       479
...
000 (3604.000.000) 03/02 05:48:02 Job submitted from host: <192.168.5.10:9618?addrs=192.168.5.10-9618+[--1]-9618&noUDP&sock=2698_7f03_4>
    DAG Node: stage_out_local_local_2_0
    pool:local
...
001 (3604.000.000) 03/02 05:48:02 Job executing on host: <192.168.5.10:9618?addrs=192.168.5.10-9618+[--1]-9618&noUDP&sock=2749_ab49_2949>
...
005 (3604.000.000) 03/02 05:48:06 Job terminated.
	(1) Normal termination (return value 0)
		Usr 0 00:00:00, Sys 0 00:00:00  -  Run Remote Usage
		Usr 0 00:00:00, Sys 0 00:00:00  -  Run Local Usage
		Usr 0 00:00:00, Sys 0 00:00:00  -  Total Remote Usage
		Usr 0 00:00:00, Sys 0 00:00:00  -  Total Local Usage
	0  -  Run Bytes Sent By Job
	0  -  Run Bytes Received By Job
	0  -  Total Bytes Sent By Job
	0  -  Total Bytes Received By Job
...
006 (3603.000.000) 03/02 05:48:23 Image size of job updated: 95128
	69  -  MemoryUsage of job (MB)
	69664  -  ResidentSetSize of job (KB)
...
005 (3603.000.000) 03/02 05:48:35 Job terminated.
	(1) Normal termination (return value 0)
		Usr 0 00:09:07, Sys 0 00:00:48  -  Run Remote Usage
		Usr 0 00:00:00, Sys 0 00:00:00  -  Run Local Usage
		Usr 0 00:09:07, Sys 0 00:00:48  -  Total Remote Usage
		Usr 0 00:00:00, Sys 0 00:00:00  -  Total Local Usage
	14071156  -  Run Bytes Sent By Job
	16512945  -  Run Bytes Received By Job
	14071156  -  Total Bytes Sent By Job
	16512945  -  Total Bytes Received By Job
	Partitionable Resources :    Usage  Request Allocated
	   Cpus                 :                 1         1
	   Disk (KB)            :   119563    17500 164690096
	   Memory (MB)          :       69        1       479
...
000 (3605.000.000) 03/02 05:48:47 Job submitted from host: <192.168.5.10:9618?addrs=192.168.5.10-9618+[--1]-9618&noUDP&sock=2698_7f03_4>
    DAG Node: stage_out_local_local_2_1
    pool:local
...
001 (3605.000.000) 03/02 05:48:47 Job executing on host: <192.168.5.10:9618?addrs=192.168.5.10-9618+[--1]-9618&noUDP&sock=2749_ab49_2950>
...
005 (3605.000.000) 03/02 05:48:51 Job terminated.
	(1) Normal termination (return value 0)
		Usr 0 00:00:00, Sys 0 00:00:00  -  Run Remote Usage
		Usr 0 00:00:00, Sys 0 00:00:00  -  Run Local Usage
		Usr 0 00:00:00, Sys 0 00:00:00  -  Total Remote Usage
		Usr 0 00:00:00, Sys 0 00:00:00  -  Total Local Usage
	0  -  Run Bytes Sent By Job
	0  -  Run Bytes Received By Job
	0  -  Total Bytes Sent By Job
	0  -  Total Bytes Received By Job
...
000 (3606.000.000) 03/02 05:49:02 Job submitted from host: <192.168.5.10:9618?addrs=192.168.5.10-9618+[--1]-9618&noUDP&sock=2698_7f03_4>
    DAG Node: cleanup_1000-genome_0_local
    pool:local
...
001 (3606.000.000) 03/02 05:49:02 Job executing on host: <192.168.5.10:9618?addrs=192.168.5.10-9618+[--1]-9618&noUDP&sock=2749_ab49_2951>
...
005 (3606.000.000) 03/02 05:49:04 Job terminated.
	(1) Normal termination (return value 0)
		Usr 0 00:00:00, Sys 0 00:00:00  -  Run Remote Usage
		Usr 0 00:00:00, Sys 0 00:00:00  -  Run Local Usage
		Usr 0 00:00:00, Sys 0 00:00:00  -  Total Remote Usage
		Usr 0 00:00:00, Sys 0 00:00:00  -  Total Local Usage
	0  -  Run Bytes Sent By Job
	0  -  Run Bytes Received By Job
	0  -  Total Bytes Sent By Job
	0  -  Total Bytes Received By Job
...
