1644807918 INTERNAL *** MONITORD_STARTED ***
1644807917 INTERNAL *** DAGMAN_STARTED 693.0 ***
1644807921 create_dir_1000-genome_0_local SUBMIT 694.0 local - 1
1644807922 create_dir_1000-genome_0_local EXECUTE 694.0 local - 1
1644807924 create_dir_1000-genome_0_local JOB_TERMINATED 694.0 local - 1
1644807926 create_dir_1000-genome_0_local JOB_SUCCESS 0 local - 1
1644807926 create_dir_1000-genome_0_local POST_SCRIPT_STARTED 694.0 local - 1
1644807926 create_dir_1000-genome_0_local POST_SCRIPT_TERMINATED 694.0 local - 1
1644807931 create_dir_1000-genome_0_local POST_SCRIPT_SUCCESS 0 local - 1
1644807936 stage_in_remote_local_2_0 SUBMIT 695.0 local - 2
1644807936 stage_in_remote_local_2_0 EXECUTE 695.0 local - 2
1644807936 stage_in_remote_local_1_0 SUBMIT 696.0 local - 3
1644807936 stage_in_remote_local_0_0 SUBMIT 697.0 local - 4
1644807936 stage_in_local_local_0_0 SUBMIT 698.0 local - 5
1644807936 stage_in_local_local_2_0 SUBMIT 699.0 local - 6
1644807938 stage_in_remote_local_2_0 JOB_TERMINATED 695.0 local - 2
1644807941 stage_in_remote_local_2_0 JOB_SUCCESS 0 local - 2
1644807941 stage_in_remote_local_2_0 POST_SCRIPT_STARTED 695.0 local - 2
1644807938 stage_in_local_local_2_0 EXECUTE 699.0 local - 6
1644807938 stage_in_local_local_0_0 EXECUTE 698.0 local - 5
1644807938 stage_in_remote_local_0_0 EXECUTE 697.0 local - 4
1644807938 stage_in_remote_local_1_0 EXECUTE 696.0 local - 3
1644807941 stage_in_local_local_0_0 JOB_TERMINATED 698.0 local - 5
1644807941 stage_in_local_local_0_0 JOB_SUCCESS 0 local - 5
1644807941 stage_in_local_local_0_0 POST_SCRIPT_STARTED 698.0 local - 5
1644807941 stage_in_remote_local_0_0 JOB_TERMINATED 697.0 local - 4
1644807941 stage_in_remote_local_0_0 JOB_SUCCESS 0 local - 4
1644807941 stage_in_remote_local_0_0 POST_SCRIPT_STARTED 697.0 local - 4
1644807941 stage_in_remote_local_1_0 JOB_TERMINATED 696.0 local - 3
1644807941 stage_in_remote_local_1_0 JOB_SUCCESS 0 local - 3
1644807941 stage_in_remote_local_1_0 POST_SCRIPT_STARTED 696.0 local - 3
1644807941 stage_in_remote_local_0_1 SUBMIT 700.0 local - 7
1644807941 stage_in_remote_local_0_1 EXECUTE 700.0 local - 7
1644807941 stage_in_local_local_0_1 SUBMIT 701.0 local - 8
1644807941 stage_in_local_local_0_1 EXECUTE 701.0 local - 8
1644807941 stage_in_remote_local_2_1 SUBMIT 702.0 local - 9
1644807941 stage_in_remote_local_2_1 EXECUTE 702.0 local - 9
1644807941 stage_in_local_local_2_1 SUBMIT 703.0 local - 10
1644807941 stage_in_local_local_0_2 SUBMIT 704.0 local - 11
1644807942 stage_in_remote_local_0_0 POST_SCRIPT_TERMINATED 697.0 local - 4
1644807946 stage_in_remote_local_0_0 POST_SCRIPT_SUCCESS 0 local - 4
1644807942 stage_in_remote_local_2_0 POST_SCRIPT_TERMINATED 695.0 local - 2
1644807946 stage_in_remote_local_2_0 POST_SCRIPT_SUCCESS 0 local - 2
1644807942 stage_in_remote_local_1_0 POST_SCRIPT_TERMINATED 696.0 local - 3
1644807946 stage_in_remote_local_1_0 POST_SCRIPT_SUCCESS 0 local - 3
1644807942 stage_in_local_local_0_0 POST_SCRIPT_TERMINATED 698.0 local - 5
1644807946 stage_in_local_local_0_0 POST_SCRIPT_SUCCESS 0 local - 5
1644807942 stage_in_local_local_2_0 JOB_TERMINATED 699.0 local - 6
1644807946 stage_in_local_local_2_0 JOB_SUCCESS 0 local - 6
1644807946 stage_in_local_local_2_0 POST_SCRIPT_STARTED 699.0 local - 6
1644807942 stage_in_local_local_0_2 EXECUTE 704.0 local - 11
1644807943 stage_in_local_local_2_1 EXECUTE 703.0 local - 10
1644807943 stage_in_remote_local_0_1 JOB_TERMINATED 700.0 local - 7
1644807946 stage_in_remote_local_0_1 JOB_SUCCESS 0 local - 7
1644807946 stage_in_remote_local_0_1 POST_SCRIPT_STARTED 700.0 local - 7
1644807943 stage_in_remote_local_2_1 JOB_TERMINATED 702.0 local - 9
1644807946 stage_in_remote_local_2_1 JOB_SUCCESS 0 local - 9
1644807946 stage_in_remote_local_2_1 POST_SCRIPT_STARTED 702.0 local - 9
1644807944 stage_in_local_local_0_1 JOB_TERMINATED 701.0 local - 8
1644807946 stage_in_local_local_0_1 JOB_SUCCESS 0 local - 8
1644807946 stage_in_local_local_0_1 POST_SCRIPT_STARTED 701.0 local - 8
1644807945 stage_in_local_local_0_2 JOB_TERMINATED 704.0 local - 11
1644807946 stage_in_local_local_0_2 JOB_SUCCESS 0 local - 11
1644807946 stage_in_local_local_0_2 POST_SCRIPT_STARTED 704.0 local - 11
1644807946 stage_in_local_local_0_1 POST_SCRIPT_TERMINATED 701.0 local - 8
1644807951 stage_in_local_local_0_1 POST_SCRIPT_SUCCESS 0 local - 8
1644807946 stage_in_local_local_2_0 POST_SCRIPT_TERMINATED 699.0 local - 6
1644807951 stage_in_local_local_2_0 POST_SCRIPT_SUCCESS 0 local - 6
1644807946 stage_in_local_local_0_2 POST_SCRIPT_TERMINATED 704.0 local - 11
1644807951 stage_in_local_local_0_2 POST_SCRIPT_SUCCESS 0 local - 11
1644807946 stage_in_remote_local_2_1 POST_SCRIPT_TERMINATED 702.0 local - 9
1644807951 stage_in_remote_local_2_1 POST_SCRIPT_SUCCESS 0 local - 9
1644807946 stage_in_remote_local_0_1 POST_SCRIPT_TERMINATED 700.0 local - 7
1644807951 stage_in_remote_local_0_1 POST_SCRIPT_SUCCESS 0 local - 7
1644807947 stage_in_local_local_2_1 JOB_TERMINATED 703.0 local - 10
1644807951 stage_in_local_local_2_1 JOB_SUCCESS 0 local - 10
1644807951 stage_in_local_local_2_1 POST_SCRIPT_STARTED 703.0 local - 10
1644807951 stage_in_local_local_2_1 POST_SCRIPT_TERMINATED 703.0 local - 10
1644807956 stage_in_local_local_2_1 POST_SCRIPT_SUCCESS 0 local - 10
1644807956 individuals_ID0000037 SUBMIT 705.0 condorpool - 12
1644807956 individuals_ID0000038 SUBMIT 706.0 condorpool - 13
1644807956 individuals_ID0000039 SUBMIT 707.0 condorpool - 14
1644807956 individuals_ID0000033 SUBMIT 708.0 condorpool - 15
1644807956 individuals_ID0000034 SUBMIT 709.0 condorpool - 16
1644807961 individuals_ID0000035 SUBMIT 710.0 condorpool - 17
1644807961 individuals_ID0000036 SUBMIT 711.0 condorpool - 18
1644807961 individuals_ID0000073 SUBMIT 712.0 condorpool - 19
1644807961 individuals_ID0000030 SUBMIT 713.0 condorpool - 20
1644807961 individuals_ID0000074 SUBMIT 714.0 condorpool - 21
1644807966 individuals_ID0000034 EXECUTE 709.0 condorpool - 16
1644807967 individuals_ID0000031 SUBMIT 715.0 condorpool - 22
1644807967 individuals_ID0000075 SUBMIT 716.0 condorpool - 23
1644807967 individuals_ID0000032 SUBMIT 717.0 condorpool - 24
1644807967 individuals_ID0000070 SUBMIT 718.0 condorpool - 25
1644807967 individuals_ID0000071 SUBMIT 719.0 condorpool - 26
1644807972 individuals_ID0000072 SUBMIT 720.0 condorpool - 27
1644807972 individuals_ID0000004 SUBMIT 721.0 condorpool - 28
1644807972 individuals_ID0000048 SUBMIT 722.0 condorpool - 29
1644807972 individuals_ID0000005 SUBMIT 723.0 condorpool - 30
1644807972 individuals_ID0000049 SUBMIT 724.0 condorpool - 31
1644807973 individuals_ID0000038 EXECUTE 706.0 condorpool - 13
1644807974 individuals_ID0000033 EXECUTE 708.0 condorpool - 15
1644807975 individuals_ID0000039 EXECUTE 707.0 condorpool - 14
1644807975 individuals_ID0000037 EXECUTE 705.0 condorpool - 12
1644807977 individuals_ID0000006 SUBMIT 725.0 condorpool - 32
1644807977 individuals_ID0000007 SUBMIT 726.0 condorpool - 33
1644807977 individuals_ID0000044 SUBMIT 727.0 condorpool - 34
1644807977 individuals_ID0000001 SUBMIT 728.0 condorpool - 35
1644807977 individuals_ID0000045 SUBMIT 729.0 condorpool - 36
1644807982 individuals_ID0000002 SUBMIT 730.0 condorpool - 37
1644807982 individuals_ID0000046 SUBMIT 731.0 condorpool - 38
1644807982 individuals_ID0000003 SUBMIT 732.0 condorpool - 39
1644807982 individuals_ID0000047 SUBMIT 733.0 condorpool - 40
1644807982 individuals_ID0000008 SUBMIT 734.0 condorpool - 41
1644807987 individuals_ID0000009 SUBMIT 735.0 condorpool - 42
1644807987 individuals_ID0000040 SUBMIT 736.0 condorpool - 43
1644807988 individuals_ID0000041 SUBMIT 737.0 condorpool - 44
1644807988 individuals_ID0000042 SUBMIT 738.0 condorpool - 45
1644807988 individuals_ID0000043 SUBMIT 739.0 condorpool - 46
1644807993 individuals_ID0000015 SUBMIT 740.0 condorpool - 47
1644807993 individuals_ID0000059 SUBMIT 741.0 condorpool - 48
1644807993 individuals_ID0000016 SUBMIT 742.0 condorpool - 49
1644807993 individuals_ID0000017 SUBMIT 743.0 condorpool - 50
1644807993 individuals_ID0000018 SUBMIT 744.0 condorpool - 51
1644807997 individuals_ID0000070 EXECUTE 718.0 condorpool - 25
1644807997 individuals_ID0000036 EXECUTE 711.0 condorpool - 18
1644807998 individuals_ID0000011 SUBMIT 745.0 condorpool - 52
1644807998 individuals_ID0000055 SUBMIT 746.0 condorpool - 53
1644807998 individuals_ID0000012 SUBMIT 747.0 condorpool - 54
1644807998 individuals_ID0000056 SUBMIT 748.0 condorpool - 55
1644807998 individuals_ID0000013 SUBMIT 749.0 condorpool - 56
1644808000 individuals_ID0000073 EXECUTE 712.0 condorpool - 19
1644808000 individuals_ID0000030 EXECUTE 713.0 condorpool - 20
1644808003 individuals_ID0000057 SUBMIT 750.0 condorpool - 57
1644808003 individuals_ID0000014 SUBMIT 751.0 condorpool - 58
1644808003 individuals_ID0000058 SUBMIT 752.0 condorpool - 59
1644808003 individuals_ID0000019 SUBMIT 753.0 condorpool - 60
1644808003 individuals_ID0000051 SUBMIT 754.0 condorpool - 61
1644808008 individuals_ID0000052 SUBMIT 755.0 condorpool - 62
1644808008 individuals_ID0000053 SUBMIT 756.0 condorpool - 63
1644808008 individuals_ID0000010 SUBMIT 757.0 condorpool - 64
1644808008 individuals_ID0000054 SUBMIT 758.0 condorpool - 65
1644808008 individuals_ID0000050 SUBMIT 759.0 condorpool - 66
1644808013 individuals_ID0000026 SUBMIT 760.0 condorpool - 67
1644808013 individuals_ID0000027 SUBMIT 761.0 condorpool - 68
1644808014 individuals_ID0000028 SUBMIT 762.0 condorpool - 69
1644808014 individuals_ID0000029 SUBMIT 763.0 condorpool - 70
1644808014 individuals_ID0000022 SUBMIT 764.0 condorpool - 71
1644808014 individuals_ID0000005 EXECUTE 723.0 condorpool - 30
1644808017 individuals_ID0000035 EXECUTE 710.0 condorpool - 17
1644808017 individuals_ID0000049 EXECUTE 724.0 condorpool - 31
1644808019 individuals_ID0000066 SUBMIT 765.0 condorpool - 72
1644808019 individuals_ID0000023 SUBMIT 766.0 condorpool - 73
1644808019 individuals_ID0000067 SUBMIT 767.0 condorpool - 74
1644808019 individuals_ID0000024 SUBMIT 768.0 condorpool - 75
1644808019 individuals_ID0000068 SUBMIT 769.0 condorpool - 76
1644808021 individuals_ID0000031 EXECUTE 715.0 condorpool - 22
1644808022 individuals_ID0000072 EXECUTE 720.0 condorpool - 27
1644808024 individuals_ID0000025 SUBMIT 770.0 condorpool - 77
1644808024 individuals_ID0000069 SUBMIT 771.0 condorpool - 78
1644808024 individuals_ID0000062 SUBMIT 772.0 condorpool - 79
1644808024 individuals_ID0000063 SUBMIT 773.0 condorpool - 80
1644808024 individuals_ID0000020 SUBMIT 774.0 condorpool - 81
1644808026 individuals_ID0000004 EXECUTE 721.0 condorpool - 28
1644808029 individuals_ID0000064 SUBMIT 775.0 condorpool - 82
1644808029 individuals_ID0000021 SUBMIT 776.0 condorpool - 83
1644808029 individuals_ID0000065 SUBMIT 777.0 condorpool - 84
1644808029 individuals_ID0000060 SUBMIT 778.0 condorpool - 85
1644808029 individuals_ID0000061 SUBMIT 779.0 condorpool - 86
1644808034 sifting_ID0000077 SUBMIT 780.0 condorpool - 87
1644808034 individuals_ID0000032 EXECUTE 717.0 condorpool - 24
1644808035 individuals_ID0000074 EXECUTE 714.0 condorpool - 21
1644808035 individuals_ID0000075 EXECUTE 716.0 condorpool - 23
1644808043 individuals_ID0000071 EXECUTE 719.0 condorpool - 26
1644808045 individuals_ID0000048 EXECUTE 722.0 condorpool - 29
1644808812 individuals_ID0000004 JOB_TERMINATED 721.0 condorpool - 28
1644808815 individuals_ID0000004 JOB_SUCCESS 0 condorpool - 28
1644808815 individuals_ID0000004 POST_SCRIPT_STARTED 721.0 condorpool - 28
1644808814 individuals_ID0000048 JOB_TERMINATED 722.0 condorpool - 29
1644808815 individuals_ID0000048 JOB_SUCCESS 0 condorpool - 29
1644808815 individuals_ID0000048 POST_SCRIPT_STARTED 722.0 condorpool - 29
1644808815 individuals_ID0000048 POST_SCRIPT_TERMINATED 722.0 condorpool - 29
1644808820 individuals_ID0000048 POST_SCRIPT_SUCCESS 0 condorpool - 29
1644808815 individuals_ID0000004 POST_SCRIPT_TERMINATED 721.0 condorpool - 28
1644808820 individuals_ID0000004 POST_SCRIPT_SUCCESS 0 condorpool - 28
1644808818 individuals_ID0000006 EXECUTE 725.0 condorpool - 32
1644808818 individuals_ID0000005 JOB_TERMINATED 723.0 condorpool - 30
1644808820 individuals_ID0000005 JOB_SUCCESS 0 condorpool - 30
1644808820 individuals_ID0000005 POST_SCRIPT_STARTED 723.0 condorpool - 30
1644808821 individuals_ID0000005 POST_SCRIPT_TERMINATED 723.0 condorpool - 30
1644808825 individuals_ID0000005 POST_SCRIPT_SUCCESS 0 condorpool - 30
1644808822 individuals_ID0000007 EXECUTE 726.0 condorpool - 33
1644808823 individuals_ID0000049 JOB_TERMINATED 724.0 condorpool - 31
1644808825 individuals_ID0000049 JOB_SUCCESS 0 condorpool - 31
1644808825 individuals_ID0000049 POST_SCRIPT_STARTED 724.0 condorpool - 31
1644808825 individuals_ID0000049 POST_SCRIPT_TERMINATED 724.0 condorpool - 31
1644808830 individuals_ID0000049 POST_SCRIPT_SUCCESS 0 condorpool - 31
1644808827 individuals_ID0000044 EXECUTE 727.0 condorpool - 34
1644808833 individuals_ID0000001 EXECUTE 728.0 condorpool - 35
1644809070 individuals_ID0000030 JOB_TERMINATED 713.0 condorpool - 20
1644809070 individuals_ID0000030 JOB_SUCCESS 0 condorpool - 20
1644809070 individuals_ID0000030 POST_SCRIPT_STARTED 713.0 condorpool - 20
1644809071 individuals_ID0000030 POST_SCRIPT_TERMINATED 713.0 condorpool - 20
1644809075 individuals_ID0000030 POST_SCRIPT_SUCCESS 0 condorpool - 20
1644809076 individuals_ID0000045 EXECUTE 729.0 condorpool - 36
1644809080 individuals_ID0000031 JOB_TERMINATED 715.0 condorpool - 22
1644809085 individuals_ID0000031 JOB_SUCCESS 0 condorpool - 22
1644809085 individuals_ID0000031 POST_SCRIPT_STARTED 715.0 condorpool - 22
1644809084 individuals_ID0000075 JOB_TERMINATED 716.0 condorpool - 23
1644809085 individuals_ID0000075 JOB_SUCCESS 0 condorpool - 23
1644809085 individuals_ID0000075 POST_SCRIPT_STARTED 716.0 condorpool - 23
1644809085 individuals_ID0000075 POST_SCRIPT_TERMINATED 716.0 condorpool - 23
1644809090 individuals_ID0000075 POST_SCRIPT_SUCCESS 0 condorpool - 23
1644809085 individuals_ID0000031 POST_SCRIPT_TERMINATED 715.0 condorpool - 22
1644809090 individuals_ID0000031 POST_SCRIPT_SUCCESS 0 condorpool - 22
1644809087 individuals_ID0000002 EXECUTE 730.0 condorpool - 37
1644809093 individuals_ID0000074 JOB_TERMINATED 714.0 condorpool - 21
1644809095 individuals_ID0000074 JOB_SUCCESS 0 condorpool - 21
1644809095 individuals_ID0000074 POST_SCRIPT_STARTED 714.0 condorpool - 21
1644809093 individuals_ID0000046 EXECUTE 731.0 condorpool - 38
1644809095 individuals_ID0000034 JOB_TERMINATED 709.0 condorpool - 16
1644809095 individuals_ID0000034 JOB_SUCCESS 0 condorpool - 16
1644809095 individuals_ID0000034 POST_SCRIPT_STARTED 709.0 condorpool - 16
1644809095 individuals_ID0000074 POST_SCRIPT_TERMINATED 714.0 condorpool - 21
1644809100 individuals_ID0000074 POST_SCRIPT_SUCCESS 0 condorpool - 21
1644809095 individuals_ID0000034 POST_SCRIPT_TERMINATED 709.0 condorpool - 16
1644809100 individuals_ID0000034 POST_SCRIPT_SUCCESS 0 condorpool - 16
1644809102 individuals_ID0000003 EXECUTE 732.0 condorpool - 39
1644809104 individuals_ID0000047 EXECUTE 733.0 condorpool - 40
1644809170 individuals_ID0000036 JOB_TERMINATED 711.0 condorpool - 18
1644809170 individuals_ID0000036 JOB_SUCCESS 0 condorpool - 18
1644809170 individuals_ID0000036 POST_SCRIPT_STARTED 711.0 condorpool - 18
1644809171 individuals_ID0000036 POST_SCRIPT_TERMINATED 711.0 condorpool - 18
1644809175 individuals_ID0000036 POST_SCRIPT_SUCCESS 0 condorpool - 18
1644809178 individuals_ID0000008 EXECUTE 734.0 condorpool - 41
1644809186 individuals_ID0000073 JOB_TERMINATED 712.0 condorpool - 19
1644809190 individuals_ID0000073 JOB_SUCCESS 0 condorpool - 19
1644809190 individuals_ID0000073 POST_SCRIPT_STARTED 712.0 condorpool - 19
1644809190 individuals_ID0000073 POST_SCRIPT_TERMINATED 712.0 condorpool - 19
1644809195 individuals_ID0000073 POST_SCRIPT_SUCCESS 0 condorpool - 19
1644809195 individuals_ID0000035 JOB_TERMINATED 710.0 condorpool - 17
1644809195 individuals_ID0000035 JOB_SUCCESS 0 condorpool - 17
1644809195 individuals_ID0000035 POST_SCRIPT_STARTED 710.0 condorpool - 17
1644809196 individuals_ID0000035 POST_SCRIPT_TERMINATED 710.0 condorpool - 17
1644809200 individuals_ID0000035 POST_SCRIPT_SUCCESS 0 condorpool - 17
1644809198 individuals_ID0000001 JOB_TERMINATED 728.0 condorpool - 35
1644809200 individuals_ID0000001 JOB_SUCCESS 0 condorpool - 35
1644809200 individuals_ID0000001 POST_SCRIPT_STARTED 728.0 condorpool - 35
1644809200 individuals_ID0000001 POST_SCRIPT_TERMINATED 728.0 condorpool - 35
1644809205 individuals_ID0000001 POST_SCRIPT_SUCCESS 0 condorpool - 35
1644809236 individuals_ID0000072 JOB_TERMINATED 720.0 condorpool - 27
1644809240 individuals_ID0000072 JOB_SUCCESS 0 condorpool - 27
1644809240 individuals_ID0000072 POST_SCRIPT_STARTED 720.0 condorpool - 27
1644809240 individuals_ID0000072 POST_SCRIPT_TERMINATED 720.0 condorpool - 27
1644809245 individuals_ID0000072 POST_SCRIPT_SUCCESS 0 condorpool - 27
1644809241 individuals_ID0000032 JOB_TERMINATED 717.0 condorpool - 24
1644809245 individuals_ID0000032 JOB_SUCCESS 0 condorpool - 24
1644809245 individuals_ID0000032 POST_SCRIPT_STARTED 717.0 condorpool - 24
1644809242 individuals_ID0000070 JOB_TERMINATED 718.0 condorpool - 25
1644809245 individuals_ID0000070 JOB_SUCCESS 0 condorpool - 25
1644809245 individuals_ID0000070 POST_SCRIPT_STARTED 718.0 condorpool - 25
1644809244 individuals_ID0000041 EXECUTE 737.0 condorpool - 44
1644809246 individuals_ID0000070 POST_SCRIPT_TERMINATED 718.0 condorpool - 25
1644809250 individuals_ID0000070 POST_SCRIPT_SUCCESS 0 condorpool - 25
1644809246 individuals_ID0000032 POST_SCRIPT_TERMINATED 717.0 condorpool - 24
1644809250 individuals_ID0000032 POST_SCRIPT_SUCCESS 0 condorpool - 24
1644809249 individuals_ID0000009 EXECUTE 735.0 condorpool - 42
1644809249 individuals_ID0000040 EXECUTE 736.0 condorpool - 43
1644809252 individuals_ID0000071 JOB_TERMINATED 719.0 condorpool - 26
1644809255 individuals_ID0000071 JOB_SUCCESS 0 condorpool - 26
1644809255 individuals_ID0000071 POST_SCRIPT_STARTED 719.0 condorpool - 26
1644809255 individuals_ID0000071 POST_SCRIPT_TERMINATED 719.0 condorpool - 26
1644809260 individuals_ID0000071 POST_SCRIPT_SUCCESS 0 condorpool - 26
1644809315 individuals_ID0000043 EXECUTE 739.0 condorpool - 46
1644809315 individuals_ID0000042 EXECUTE 738.0 condorpool - 45
1644809315 individuals_ID0000015 EXECUTE 740.0 condorpool - 47
1644809315 individuals_ID0000059 EXECUTE 741.0 condorpool - 48
1644809478 individuals_ID0000037 JOB_TERMINATED 705.0 condorpool - 12
1644809480 individuals_ID0000037 JOB_SUCCESS 0 condorpool - 12
1644809480 individuals_ID0000037 POST_SCRIPT_STARTED 705.0 condorpool - 12
1644809481 individuals_ID0000037 POST_SCRIPT_TERMINATED 705.0 condorpool - 12
1644809485 individuals_ID0000037 POST_SCRIPT_SUCCESS 0 condorpool - 12
1644809482 individuals_ID0000033 JOB_TERMINATED 708.0 condorpool - 15
1644809485 individuals_ID0000033 JOB_SUCCESS 0 condorpool - 15
1644809485 individuals_ID0000033 POST_SCRIPT_STARTED 708.0 condorpool - 15
1644809483 individuals_ID0000039 JOB_TERMINATED 707.0 condorpool - 14
1644809485 individuals_ID0000039 JOB_SUCCESS 0 condorpool - 14
1644809485 individuals_ID0000039 POST_SCRIPT_STARTED 707.0 condorpool - 14
1644809485 individuals_ID0000033 POST_SCRIPT_TERMINATED 708.0 condorpool - 15
1644809490 individuals_ID0000033 POST_SCRIPT_SUCCESS 0 condorpool - 15
1644809485 individuals_ID0000039 POST_SCRIPT_TERMINATED 707.0 condorpool - 14
1644809490 individuals_ID0000039 POST_SCRIPT_SUCCESS 0 condorpool - 14
1644809485 individuals_ID0000038 JOB_TERMINATED 706.0 condorpool - 13
1644809490 individuals_ID0000038 JOB_SUCCESS 0 condorpool - 13
1644809490 individuals_ID0000038 POST_SCRIPT_STARTED 706.0 condorpool - 13
1644809490 individuals_ID0000038 POST_SCRIPT_TERMINATED 706.0 condorpool - 13
1644809495 individuals_ID0000038 POST_SCRIPT_SUCCESS 0 condorpool - 13
1644809556 individuals_ID0000018 EXECUTE 744.0 condorpool - 51
1644809557 individuals_ID0000016 EXECUTE 742.0 condorpool - 49
1644809557 individuals_ID0000017 EXECUTE 743.0 condorpool - 50
1644809558 individuals_ID0000011 EXECUTE 745.0 condorpool - 52
1644809586 individuals_ID0000007 JOB_TERMINATED 726.0 condorpool - 33
1644809590 individuals_ID0000007 JOB_SUCCESS 0 condorpool - 33
1644809590 individuals_ID0000007 POST_SCRIPT_STARTED 726.0 condorpool - 33
1644809587 individuals_ID0000006 JOB_TERMINATED 725.0 condorpool - 32
1644809590 individuals_ID0000006 JOB_SUCCESS 0 condorpool - 32
1644809590 individuals_ID0000006 POST_SCRIPT_STARTED 725.0 condorpool - 32
1644809588 individuals_ID0000044 JOB_TERMINATED 727.0 condorpool - 34
1644809590 individuals_ID0000044 JOB_SUCCESS 0 condorpool - 34
1644809590 individuals_ID0000044 POST_SCRIPT_STARTED 727.0 condorpool - 34
1644809591 individuals_ID0000007 POST_SCRIPT_TERMINATED 726.0 condorpool - 33
1644809595 individuals_ID0000007 POST_SCRIPT_SUCCESS 0 condorpool - 33
1644809591 individuals_ID0000006 POST_SCRIPT_TERMINATED 725.0 condorpool - 32
1644809595 individuals_ID0000006 POST_SCRIPT_SUCCESS 0 condorpool - 32
1644809591 individuals_ID0000044 POST_SCRIPT_TERMINATED 727.0 condorpool - 34
1644809595 individuals_ID0000044 POST_SCRIPT_SUCCESS 0 condorpool - 34
1644809611 individuals_ID0000055 EXECUTE 746.0 condorpool - 53
1644809611 individuals_ID0000012 EXECUTE 747.0 condorpool - 54
1644809611 individuals_ID0000056 EXECUTE 748.0 condorpool - 55
1644810014 individuals_ID0000041 JOB_TERMINATED 737.0 condorpool - 44
1644810015 individuals_ID0000041 JOB_SUCCESS 0 condorpool - 44
1644810015 individuals_ID0000041 POST_SCRIPT_STARTED 737.0 condorpool - 44
1644810015 individuals_ID0000041 POST_SCRIPT_TERMINATED 737.0 condorpool - 44
1644810020 individuals_ID0000041 POST_SCRIPT_SUCCESS 0 condorpool - 44
1644810022 individuals_ID0000013 EXECUTE 749.0 condorpool - 56
1644810155 individuals_ID0000045 JOB_TERMINATED 729.0 condorpool - 36
1644810155 individuals_ID0000045 JOB_SUCCESS 0 condorpool - 36
1644810155 individuals_ID0000045 POST_SCRIPT_STARTED 729.0 condorpool - 36
1644810156 individuals_ID0000045 POST_SCRIPT_TERMINATED 729.0 condorpool - 36
1644810160 individuals_ID0000045 POST_SCRIPT_SUCCESS 0 condorpool - 36
1644810175 individuals_ID0000002 JOB_TERMINATED 730.0 condorpool - 37
1644810180 individuals_ID0000002 JOB_SUCCESS 0 condorpool - 37
1644810180 individuals_ID0000002 POST_SCRIPT_STARTED 730.0 condorpool - 37
1644810180 individuals_ID0000002 POST_SCRIPT_TERMINATED 730.0 condorpool - 37
1644810185 individuals_ID0000002 POST_SCRIPT_SUCCESS 0 condorpool - 37
1644810181 individuals_ID0000046 JOB_TERMINATED 731.0 condorpool - 38
1644810185 individuals_ID0000046 JOB_SUCCESS 0 condorpool - 38
1644810185 individuals_ID0000046 POST_SCRIPT_STARTED 731.0 condorpool - 38
1644810182 individuals_ID0000003 JOB_TERMINATED 732.0 condorpool - 39
1644810185 individuals_ID0000003 JOB_SUCCESS 0 condorpool - 39
1644810185 individuals_ID0000003 POST_SCRIPT_STARTED 732.0 condorpool - 39
1644810186 individuals_ID0000046 POST_SCRIPT_TERMINATED 731.0 condorpool - 38
1644810190 individuals_ID0000046 POST_SCRIPT_SUCCESS 0 condorpool - 38
1644810186 individuals_ID0000003 POST_SCRIPT_TERMINATED 732.0 condorpool - 39
1644810190 individuals_ID0000003 POST_SCRIPT_SUCCESS 0 condorpool - 39
1644810212 individuals_ID0000058 EXECUTE 752.0 condorpool - 59
1644810213 individuals_ID0000057 EXECUTE 750.0 condorpool - 57
1644810213 individuals_ID0000019 EXECUTE 753.0 condorpool - 60
1644810213 individuals_ID0000014 EXECUTE 751.0 condorpool - 58
1644810265 individuals_ID0000047 JOB_TERMINATED 733.0 condorpool - 40
1644810270 individuals_ID0000047 JOB_SUCCESS 0 condorpool - 40
1644810270 individuals_ID0000047 POST_SCRIPT_STARTED 733.0 condorpool - 40
1644810270 individuals_ID0000047 POST_SCRIPT_TERMINATED 733.0 condorpool - 40
1644810275 individuals_ID0000047 POST_SCRIPT_SUCCESS 0 condorpool - 40
1644810324 individuals_ID0000051 EXECUTE 754.0 condorpool - 61
1644810333 individuals_ID0000008 JOB_TERMINATED 734.0 condorpool - 41
1644810335 individuals_ID0000008 JOB_SUCCESS 0 condorpool - 41
1644810335 individuals_ID0000008 POST_SCRIPT_STARTED 734.0 condorpool - 41
1644810335 individuals_ID0000008 POST_SCRIPT_TERMINATED 734.0 condorpool - 41
1644810340 individuals_ID0000008 POST_SCRIPT_SUCCESS 0 condorpool - 41
1644810356 individuals_ID0000012 JOB_TERMINATED 747.0 condorpool - 54
1644810360 individuals_ID0000012 JOB_SUCCESS 0 condorpool - 54
1644810360 individuals_ID0000012 POST_SCRIPT_STARTED 747.0 condorpool - 54
1644810361 individuals_ID0000012 POST_SCRIPT_TERMINATED 747.0 condorpool - 54
1644810365 individuals_ID0000012 POST_SCRIPT_SUCCESS 0 condorpool - 54
1644810363 individuals_ID0000056 JOB_TERMINATED 748.0 condorpool - 55
1644810365 individuals_ID0000056 JOB_SUCCESS 0 condorpool - 55
1644810365 individuals_ID0000056 POST_SCRIPT_STARTED 748.0 condorpool - 55
1644810363 individuals_ID0000052 EXECUTE 755.0 condorpool - 62
1644810365 individuals_ID0000056 POST_SCRIPT_TERMINATED 748.0 condorpool - 55
1644810370 individuals_ID0000056 POST_SCRIPT_SUCCESS 0 condorpool - 55
1644810367 individuals_ID0000055 JOB_TERMINATED 746.0 condorpool - 53
1644810370 individuals_ID0000055 JOB_SUCCESS 0 condorpool - 53
1644810370 individuals_ID0000055 POST_SCRIPT_STARTED 746.0 condorpool - 53
1644810370 individuals_ID0000053 EXECUTE 756.0 condorpool - 63
1644810370 individuals_ID0000055 POST_SCRIPT_TERMINATED 746.0 condorpool - 53
1644810375 individuals_ID0000055 POST_SCRIPT_SUCCESS 0 condorpool - 53
1644810377 individuals_ID0000010 EXECUTE 757.0 condorpool - 64
1644810384 individuals_ID0000054 EXECUTE 758.0 condorpool - 65
1644810384 individuals_ID0000009 JOB_TERMINATED 735.0 condorpool - 42
1644810385 individuals_ID0000009 JOB_SUCCESS 0 condorpool - 42
1644810385 individuals_ID0000009 POST_SCRIPT_STARTED 735.0 condorpool - 42
1644810386 individuals_ID0000009 POST_SCRIPT_TERMINATED 735.0 condorpool - 42
1644810390 individuals_ID0000009 POST_SCRIPT_SUCCESS 0 condorpool - 42
1644810387 individuals_ID0000040 JOB_TERMINATED 736.0 condorpool - 43
1644810390 individuals_ID0000040 JOB_SUCCESS 0 condorpool - 43
1644810390 individuals_ID0000040 POST_SCRIPT_STARTED 736.0 condorpool - 43
1644810390 individuals_ID0000040 POST_SCRIPT_TERMINATED 736.0 condorpool - 43
1644810395 individuals_ID0000040 POST_SCRIPT_SUCCESS 0 condorpool - 43
1644810393 individuals_ID0000050 EXECUTE 759.0 condorpool - 66
1644810396 individuals_ID0000026 EXECUTE 760.0 condorpool - 67
1644810465 individuals_ID0000015 JOB_TERMINATED 740.0 condorpool - 47
1644810470 individuals_ID0000015 JOB_SUCCESS 0 condorpool - 47
1644810470 individuals_ID0000015 POST_SCRIPT_STARTED 740.0 condorpool - 47
1644810471 individuals_ID0000015 POST_SCRIPT_TERMINATED 740.0 condorpool - 47
1644810475 individuals_ID0000015 POST_SCRIPT_SUCCESS 0 condorpool - 47
1644810471 individuals_ID0000043 JOB_TERMINATED 739.0 condorpool - 46
1644810475 individuals_ID0000043 JOB_SUCCESS 0 condorpool - 46
1644810475 individuals_ID0000043 POST_SCRIPT_STARTED 739.0 condorpool - 46
1644810471 individuals_ID0000059 JOB_TERMINATED 741.0 condorpool - 48
1644810475 individuals_ID0000059 JOB_SUCCESS 0 condorpool - 48
1644810475 individuals_ID0000059 POST_SCRIPT_STARTED 741.0 condorpool - 48
1644810472 individuals_ID0000027 EXECUTE 761.0 condorpool - 68
1644810475 individuals_ID0000043 POST_SCRIPT_TERMINATED 739.0 condorpool - 46
1644810480 individuals_ID0000043 POST_SCRIPT_SUCCESS 0 condorpool - 46
1644810475 individuals_ID0000059 POST_SCRIPT_TERMINATED 741.0 condorpool - 48
1644810480 individuals_ID0000059 POST_SCRIPT_SUCCESS 0 condorpool - 48
1644810477 individuals_ID0000042 JOB_TERMINATED 738.0 condorpool - 45
1644810480 individuals_ID0000042 JOB_SUCCESS 0 condorpool - 45
1644810480 individuals_ID0000042 POST_SCRIPT_STARTED 738.0 condorpool - 45
1644810480 individuals_ID0000042 POST_SCRIPT_TERMINATED 738.0 condorpool - 45
1644810485 individuals_ID0000042 POST_SCRIPT_SUCCESS 0 condorpool - 45
1644810483 individuals_ID0000028 EXECUTE 762.0 condorpool - 69
1644810483 individuals_ID0000029 EXECUTE 763.0 condorpool - 70
1644810486 individuals_ID0000022 EXECUTE 764.0 condorpool - 71
1644810731 individuals_ID0000013 JOB_TERMINATED 749.0 condorpool - 56
1644810736 individuals_ID0000013 JOB_SUCCESS 0 condorpool - 56
1644810736 individuals_ID0000013 POST_SCRIPT_STARTED 749.0 condorpool - 56
1644810736 individuals_ID0000013 POST_SCRIPT_TERMINATED 749.0 condorpool - 56
1644810741 individuals_ID0000013 POST_SCRIPT_SUCCESS 0 condorpool - 56
1644810745 individuals_ID0000066 EXECUTE 765.0 condorpool - 72
1644810750 individuals_ID0000018 JOB_TERMINATED 744.0 condorpool - 51
1644810751 individuals_ID0000018 JOB_SUCCESS 0 condorpool - 51
1644810751 individuals_ID0000018 POST_SCRIPT_STARTED 744.0 condorpool - 51
1644810751 individuals_ID0000018 POST_SCRIPT_TERMINATED 744.0 condorpool - 51
1644810756 individuals_ID0000018 POST_SCRIPT_SUCCESS 0 condorpool - 51
1644810752 individuals_ID0000017 JOB_TERMINATED 743.0 condorpool - 50
1644810756 individuals_ID0000017 JOB_SUCCESS 0 condorpool - 50
1644810756 individuals_ID0000017 POST_SCRIPT_STARTED 743.0 condorpool - 50
1644810752 individuals_ID0000011 JOB_TERMINATED 745.0 condorpool - 52
1644810756 individuals_ID0000011 JOB_SUCCESS 0 condorpool - 52
1644810756 individuals_ID0000011 POST_SCRIPT_STARTED 745.0 condorpool - 52
1644810753 individuals_ID0000016 JOB_TERMINATED 742.0 condorpool - 49
1644810756 individuals_ID0000016 JOB_SUCCESS 0 condorpool - 49
1644810756 individuals_ID0000016 POST_SCRIPT_STARTED 742.0 condorpool - 49
1644810757 individuals_ID0000011 POST_SCRIPT_TERMINATED 745.0 condorpool - 52
1644810761 individuals_ID0000011 POST_SCRIPT_SUCCESS 0 condorpool - 52
1644810757 individuals_ID0000017 POST_SCRIPT_TERMINATED 743.0 condorpool - 50
1644810761 individuals_ID0000017 POST_SCRIPT_SUCCESS 0 condorpool - 50
1644810757 individuals_ID0000016 POST_SCRIPT_TERMINATED 742.0 condorpool - 49
1644810761 individuals_ID0000016 POST_SCRIPT_SUCCESS 0 condorpool - 49
1644810814 individuals_ID0000067 EXECUTE 767.0 condorpool - 74
1644810814 individuals_ID0000068 EXECUTE 769.0 condorpool - 76
1644810815 individuals_ID0000023 EXECUTE 766.0 condorpool - 73
1644810815 individuals_ID0000024 EXECUTE 768.0 condorpool - 75
1644811078 individuals_ID0000052 JOB_TERMINATED 755.0 condorpool - 62
1644811081 individuals_ID0000052 JOB_SUCCESS 0 condorpool - 62
1644811081 individuals_ID0000052 POST_SCRIPT_STARTED 755.0 condorpool - 62
1644811081 individuals_ID0000052 POST_SCRIPT_TERMINATED 755.0 condorpool - 62
1644811086 individuals_ID0000052 POST_SCRIPT_SUCCESS 0 condorpool - 62
1644811086 individuals_ID0000053 JOB_TERMINATED 756.0 condorpool - 63
1644811086 individuals_ID0000053 JOB_SUCCESS 0 condorpool - 63
1644811086 individuals_ID0000053 POST_SCRIPT_STARTED 756.0 condorpool - 63
1644811087 individuals_ID0000053 POST_SCRIPT_TERMINATED 756.0 condorpool - 63
1644811091 individuals_ID0000053 POST_SCRIPT_SUCCESS 0 condorpool - 63
1644811088 individuals_ID0000010 JOB_TERMINATED 757.0 condorpool - 64
1644811091 individuals_ID0000010 JOB_SUCCESS 0 condorpool - 64
1644811091 individuals_ID0000010 POST_SCRIPT_STARTED 757.0 condorpool - 64
1644811091 individuals_ID0000010 POST_SCRIPT_TERMINATED 757.0 condorpool - 64
1644811096 individuals_ID0000010 POST_SCRIPT_SUCCESS 0 condorpool - 64
1644811111 individuals_ID0000062 EXECUTE 772.0 condorpool - 79
1644811112 individuals_ID0000069 EXECUTE 771.0 condorpool - 78
1644811112 individuals_ID0000025 EXECUTE 770.0 condorpool - 77
1644811183 individuals_ID0000019 JOB_TERMINATED 753.0 condorpool - 60
1644811186 individuals_ID0000019 JOB_SUCCESS 0 condorpool - 60
1644811186 individuals_ID0000019 POST_SCRIPT_STARTED 753.0 condorpool - 60
1644811185 individuals_ID0000057 JOB_TERMINATED 750.0 condorpool - 57
1644811186 individuals_ID0000057 JOB_SUCCESS 0 condorpool - 57
1644811186 individuals_ID0000057 POST_SCRIPT_STARTED 750.0 condorpool - 57
1644811186 individuals_ID0000014 JOB_TERMINATED 751.0 condorpool - 58
1644811186 individuals_ID0000014 JOB_SUCCESS 0 condorpool - 58
1644811186 individuals_ID0000014 POST_SCRIPT_STARTED 751.0 condorpool - 58
1644811186 individuals_ID0000019 POST_SCRIPT_TERMINATED 753.0 condorpool - 60
1644811191 individuals_ID0000019 POST_SCRIPT_SUCCESS 0 condorpool - 60
1644811186 individuals_ID0000057 POST_SCRIPT_TERMINATED 750.0 condorpool - 57
1644811191 individuals_ID0000057 POST_SCRIPT_SUCCESS 0 condorpool - 57
1644811187 individuals_ID0000014 POST_SCRIPT_TERMINATED 751.0 condorpool - 58
1644811191 individuals_ID0000014 POST_SCRIPT_SUCCESS 0 condorpool - 58
1644811189 individuals_ID0000058 JOB_TERMINATED 752.0 condorpool - 59
1644811191 individuals_ID0000058 JOB_SUCCESS 0 condorpool - 59
1644811191 individuals_ID0000058 POST_SCRIPT_STARTED 752.0 condorpool - 59
1644811190 individuals_ID0000063 EXECUTE 773.0 condorpool - 80
1644811191 individuals_ID0000058 POST_SCRIPT_TERMINATED 752.0 condorpool - 59
1644811196 individuals_ID0000058 POST_SCRIPT_SUCCESS 0 condorpool - 59
1644811201 individuals_ID0000020 EXECUTE 774.0 condorpool - 81
1644811202 individuals_ID0000064 EXECUTE 775.0 condorpool - 82
1644811202 individuals_ID0000021 EXECUTE 776.0 condorpool - 83
1644811269 individuals_ID0000051 JOB_TERMINATED 754.0 condorpool - 61
1644811271 individuals_ID0000051 JOB_SUCCESS 0 condorpool - 61
1644811271 individuals_ID0000051 POST_SCRIPT_STARTED 754.0 condorpool - 61
1644811271 individuals_ID0000051 POST_SCRIPT_TERMINATED 754.0 condorpool - 61
1644811276 individuals_ID0000051 POST_SCRIPT_SUCCESS 0 condorpool - 61
1644811278 individuals_ID0000065 EXECUTE 777.0 condorpool - 84
1644811343 individuals_ID0000026 JOB_TERMINATED 760.0 condorpool - 67
1644811346 individuals_ID0000026 JOB_SUCCESS 0 condorpool - 67
1644811346 individuals_ID0000026 POST_SCRIPT_STARTED 760.0 condorpool - 67
1644811347 individuals_ID0000026 POST_SCRIPT_TERMINATED 760.0 condorpool - 67
1644811351 individuals_ID0000026 POST_SCRIPT_SUCCESS 0 condorpool - 67
1644811348 individuals_ID0000050 JOB_TERMINATED 759.0 condorpool - 66
1644811351 individuals_ID0000050 JOB_SUCCESS 0 condorpool - 66
1644811351 individuals_ID0000050 POST_SCRIPT_STARTED 759.0 condorpool - 66
1644811351 individuals_ID0000050 POST_SCRIPT_TERMINATED 759.0 condorpool - 66
1644811356 individuals_ID0000050 POST_SCRIPT_SUCCESS 0 condorpool - 66
1644811354 individuals_ID0000054 JOB_TERMINATED 758.0 condorpool - 65
1644811356 individuals_ID0000054 JOB_SUCCESS 0 condorpool - 65
1644811356 individuals_ID0000054 POST_SCRIPT_STARTED 758.0 condorpool - 65
1644811356 individuals_ID0000054 POST_SCRIPT_TERMINATED 758.0 condorpool - 65
1644811361 individuals_ID0000054 POST_SCRIPT_SUCCESS 0 condorpool - 65
1644811360 individuals_ID0000060 EXECUTE 778.0 condorpool - 85
1644811401 sifting_ID0000077 EXECUTE 780.0 condorpool - 87
1644811405 sifting_ID0000077 JOB_TERMINATED 780.0 condorpool - 87
1644811406 sifting_ID0000077 JOB_SUCCESS 0 condorpool - 87
1644811406 sifting_ID0000077 POST_SCRIPT_STARTED 780.0 condorpool - 87
1644811405 individuals_ID0000061 EXECUTE 779.0 condorpool - 86
1644811407 sifting_ID0000077 POST_SCRIPT_TERMINATED 780.0 condorpool - 87
1644811411 sifting_ID0000077 POST_SCRIPT_SUCCESS 0 condorpool - 87
1644811411 individuals_ID0000027 JOB_TERMINATED 761.0 condorpool - 68
1644811416 individuals_ID0000027 JOB_SUCCESS 0 condorpool - 68
1644811416 individuals_ID0000027 POST_SCRIPT_STARTED 761.0 condorpool - 68
1644811413 individuals_ID0000029 JOB_TERMINATED 763.0 condorpool - 70
1644811416 individuals_ID0000029 JOB_SUCCESS 0 condorpool - 70
1644811416 individuals_ID0000029 POST_SCRIPT_STARTED 763.0 condorpool - 70
1644811416 individuals_ID0000027 POST_SCRIPT_TERMINATED 761.0 condorpool - 68
1644811421 individuals_ID0000027 POST_SCRIPT_SUCCESS 0 condorpool - 68
1644811416 individuals_ID0000029 POST_SCRIPT_TERMINATED 763.0 condorpool - 70
1644811421 individuals_ID0000029 POST_SCRIPT_SUCCESS 0 condorpool - 70
1644811422 individuals_ID0000022 JOB_TERMINATED 764.0 condorpool - 71
1644811426 individuals_ID0000022 JOB_SUCCESS 0 condorpool - 71
1644811426 individuals_ID0000022 POST_SCRIPT_STARTED 764.0 condorpool - 71
1644811425 individuals_ID0000028 JOB_TERMINATED 762.0 condorpool - 69
1644811426 individuals_ID0000028 JOB_SUCCESS 0 condorpool - 69
1644811426 individuals_ID0000028 POST_SCRIPT_STARTED 762.0 condorpool - 69
1644811426 individuals_ID0000028 POST_SCRIPT_TERMINATED 762.0 condorpool - 69
1644811431 individuals_ID0000028 POST_SCRIPT_SUCCESS 0 condorpool - 69
1644811426 individuals_ID0000022 POST_SCRIPT_TERMINATED 764.0 condorpool - 71
1644811431 individuals_ID0000022 POST_SCRIPT_SUCCESS 0 condorpool - 71
1644811451 individuals_ID0000066 JOB_TERMINATED 765.0 condorpool - 72
1644811451 individuals_ID0000066 JOB_SUCCESS 0 condorpool - 72
1644811451 individuals_ID0000066 POST_SCRIPT_STARTED 765.0 condorpool - 72
1644811452 individuals_ID0000066 POST_SCRIPT_TERMINATED 765.0 condorpool - 72
1644811456 individuals_ID0000066 POST_SCRIPT_SUCCESS 0 condorpool - 72
1644811778 individuals_ID0000023 JOB_TERMINATED 766.0 condorpool - 73
1644811781 individuals_ID0000023 JOB_SUCCESS 0 condorpool - 73
1644811781 individuals_ID0000023 POST_SCRIPT_STARTED 766.0 condorpool - 73
1644811781 individuals_ID0000023 POST_SCRIPT_TERMINATED 766.0 condorpool - 73
1644811786 individuals_ID0000023 POST_SCRIPT_SUCCESS 0 condorpool - 73
1644811785 individuals_ID0000024 JOB_TERMINATED 768.0 condorpool - 75
1644811786 individuals_ID0000024 JOB_SUCCESS 0 condorpool - 75
1644811786 individuals_ID0000024 POST_SCRIPT_STARTED 768.0 condorpool - 75
1644811787 individuals_ID0000024 POST_SCRIPT_TERMINATED 768.0 condorpool - 75
1644811791 individuals_ID0000024 POST_SCRIPT_SUCCESS 0 condorpool - 75
1644811790 individuals_ID0000068 JOB_TERMINATED 769.0 condorpool - 76
1644811791 individuals_ID0000068 JOB_SUCCESS 0 condorpool - 76
1644811791 individuals_ID0000068 POST_SCRIPT_STARTED 769.0 condorpool - 76
1644811791 individuals_ID0000068 POST_SCRIPT_TERMINATED 769.0 condorpool - 76
1644811796 individuals_ID0000068 POST_SCRIPT_SUCCESS 0 condorpool - 76
1644811793 individuals_ID0000067 JOB_TERMINATED 767.0 condorpool - 74
1644811796 individuals_ID0000067 JOB_SUCCESS 0 condorpool - 74
1644811796 individuals_ID0000067 POST_SCRIPT_STARTED 767.0 condorpool - 74
1644811795 individuals_ID0000062 JOB_TERMINATED 772.0 condorpool - 79
1644811796 individuals_ID0000062 JOB_SUCCESS 0 condorpool - 79
1644811796 individuals_ID0000062 POST_SCRIPT_STARTED 772.0 condorpool - 79
1644811796 individuals_ID0000062 POST_SCRIPT_TERMINATED 772.0 condorpool - 79
1644811801 individuals_ID0000062 POST_SCRIPT_SUCCESS 0 condorpool - 79
1644811796 individuals_ID0000067 POST_SCRIPT_TERMINATED 767.0 condorpool - 74
1644811801 individuals_ID0000067 POST_SCRIPT_SUCCESS 0 condorpool - 74
1644811807 individuals_ID0000025 JOB_TERMINATED 770.0 condorpool - 77
1644811811 individuals_ID0000025 JOB_SUCCESS 0 condorpool - 77
1644811811 individuals_ID0000025 POST_SCRIPT_STARTED 770.0 condorpool - 77
1644811809 individuals_ID0000069 JOB_TERMINATED 771.0 condorpool - 78
1644811811 individuals_ID0000069 JOB_SUCCESS 0 condorpool - 78
1644811811 individuals_ID0000069 POST_SCRIPT_STARTED 771.0 condorpool - 78
1644811812 individuals_ID0000069 POST_SCRIPT_TERMINATED 771.0 condorpool - 78
1644811816 individuals_ID0000069 POST_SCRIPT_SUCCESS 0 condorpool - 78
1644811812 individuals_ID0000025 POST_SCRIPT_TERMINATED 770.0 condorpool - 77
1644811816 individuals_ID0000025 POST_SCRIPT_SUCCESS 0 condorpool - 77
1644812024 individuals_ID0000065 JOB_TERMINATED 777.0 condorpool - 84
1644812026 individuals_ID0000065 JOB_SUCCESS 0 condorpool - 84
1644812026 individuals_ID0000065 POST_SCRIPT_STARTED 777.0 condorpool - 84
1644812026 individuals_ID0000065 POST_SCRIPT_TERMINATED 777.0 condorpool - 84
1644812031 individuals_ID0000065 POST_SCRIPT_SUCCESS 0 condorpool - 84
1644812090 individuals_ID0000060 JOB_TERMINATED 778.0 condorpool - 85
1644812091 individuals_ID0000060 JOB_SUCCESS 0 condorpool - 85
1644812091 individuals_ID0000060 POST_SCRIPT_STARTED 778.0 condorpool - 85
1644812092 individuals_ID0000060 POST_SCRIPT_TERMINATED 778.0 condorpool - 85
1644812096 individuals_ID0000060 POST_SCRIPT_SUCCESS 0 condorpool - 85
1644812124 individuals_ID0000063 JOB_TERMINATED 773.0 condorpool - 80
1644812126 individuals_ID0000063 JOB_SUCCESS 0 condorpool - 80
1644812126 individuals_ID0000063 POST_SCRIPT_STARTED 773.0 condorpool - 80
1644812126 individuals_ID0000063 POST_SCRIPT_TERMINATED 773.0 condorpool - 80
1644812131 individuals_ID0000063 POST_SCRIPT_SUCCESS 0 condorpool - 80
1644812126 individuals_ID0000020 JOB_TERMINATED 774.0 condorpool - 81
1644812131 individuals_ID0000020 JOB_SUCCESS 0 condorpool - 81
1644812131 individuals_ID0000020 POST_SCRIPT_STARTED 774.0 condorpool - 81
1644812129 individuals_ID0000064 JOB_TERMINATED 775.0 condorpool - 82
1644812131 individuals_ID0000064 JOB_SUCCESS 0 condorpool - 82
1644812131 individuals_ID0000064 POST_SCRIPT_STARTED 775.0 condorpool - 82
1644812131 individuals_ID0000064 POST_SCRIPT_TERMINATED 775.0 condorpool - 82
1644812136 individuals_ID0000064 POST_SCRIPT_SUCCESS 0 condorpool - 82
1644812131 individuals_ID0000020 POST_SCRIPT_TERMINATED 774.0 condorpool - 81
1644812136 individuals_ID0000020 POST_SCRIPT_SUCCESS 0 condorpool - 81
1644812134 individuals_ID0000061 JOB_TERMINATED 779.0 condorpool - 86
1644812136 individuals_ID0000061 JOB_SUCCESS 0 condorpool - 86
1644812136 individuals_ID0000061 POST_SCRIPT_STARTED 779.0 condorpool - 86
1644812137 individuals_ID0000061 POST_SCRIPT_TERMINATED 779.0 condorpool - 86
1644812142 individuals_ID0000061 POST_SCRIPT_SUCCESS 0 condorpool - 86
1644812138 individuals_ID0000021 JOB_TERMINATED 776.0 condorpool - 83
1644812142 individuals_ID0000021 JOB_SUCCESS 0 condorpool - 83
1644812142 individuals_ID0000021 POST_SCRIPT_STARTED 776.0 condorpool - 83
1644812142 individuals_ID0000021 POST_SCRIPT_TERMINATED 776.0 condorpool - 83
1644812147 individuals_ID0000021 POST_SCRIPT_SUCCESS 0 condorpool - 83
1644812152 individuals_merge_ID0000076 SUBMIT 781.0 condorpool - 88
1644812159 individuals_merge_ID0000076 EXECUTE 781.0 condorpool - 88
1644818458 individuals_merge_ID0000076 JOB_TERMINATED 781.0 condorpool - 88
1644818462 individuals_merge_ID0000076 JOB_SUCCESS 0 condorpool - 88
1644818462 individuals_merge_ID0000076 POST_SCRIPT_STARTED 781.0 condorpool - 88
1644818463 individuals_merge_ID0000076 POST_SCRIPT_TERMINATED 781.0 condorpool - 88
1644818467 individuals_merge_ID0000076 POST_SCRIPT_SUCCESS 0 condorpool - 88
1644818472 frequency_ID0000083 SUBMIT 782.0 condorpool - 89
1644818472 mutation_overlap_ID0000080 SUBMIT 783.0 condorpool - 90
1644818472 frequency_ID0000085 SUBMIT 784.0 condorpool - 91
1644818472 mutation_overlap_ID0000090 SUBMIT 785.0 condorpool - 92
1644818472 frequency_ID0000091 SUBMIT 786.0 condorpool - 93
1644818477 frequency_ID0000081 SUBMIT 787.0 condorpool - 94
1644818477 mutation_overlap_ID0000086 SUBMIT 788.0 condorpool - 95
1644818477 frequency_ID0000079 SUBMIT 789.0 condorpool - 96
1644818477 mutation_overlap_ID0000088 SUBMIT 790.0 condorpool - 97
1644818477 mutation_overlap_ID0000082 SUBMIT 791.0 condorpool - 98
1644818482 frequency_ID0000087 SUBMIT 792.0 condorpool - 99
1644818482 mutation_overlap_ID0000084 SUBMIT 793.0 condorpool - 100
1644818482 frequency_ID0000089 SUBMIT 794.0 condorpool - 101
1644818482 mutation_overlap_ID0000078 SUBMIT 795.0 condorpool - 102
1644818483 mutation_overlap_ID0000088 EXECUTE 790.0 condorpool - 97
1644818484 frequency_ID0000091 EXECUTE 786.0 condorpool - 93
1644818484 frequency_ID0000079 EXECUTE 789.0 condorpool - 96
1644818485 mutation_overlap_ID0000082 EXECUTE 791.0 condorpool - 98
1644818485 mutation_overlap_ID0000086 EXECUTE 788.0 condorpool - 95
1644818485 frequency_ID0000081 EXECUTE 787.0 condorpool - 94
1644818485 mutation_overlap_ID0000080 EXECUTE 783.0 condorpool - 90
1644818485 frequency_ID0000083 EXECUTE 782.0 condorpool - 89
1644818485 mutation_overlap_ID0000090 EXECUTE 785.0 condorpool - 92
1644818485 frequency_ID0000085 EXECUTE 784.0 condorpool - 91
1644818504 frequency_ID0000087 EXECUTE 792.0 condorpool - 99
1644818504 mutation_overlap_ID0000084 EXECUTE 793.0 condorpool - 100
1644818506 mutation_overlap_ID0000078 EXECUTE 795.0 condorpool - 102
1644818506 frequency_ID0000089 EXECUTE 794.0 condorpool - 101
1644818684 mutation_overlap_ID0000090 JOB_TERMINATED 785.0 condorpool - 92
1644818687 mutation_overlap_ID0000090 JOB_SUCCESS 0 condorpool - 92
1644818687 mutation_overlap_ID0000090 POST_SCRIPT_STARTED 785.0 condorpool - 92
1644818687 mutation_overlap_ID0000088 JOB_TERMINATED 790.0 condorpool - 97
1644818687 mutation_overlap_ID0000088 JOB_SUCCESS 0 condorpool - 97
1644818687 mutation_overlap_ID0000088 POST_SCRIPT_STARTED 790.0 condorpool - 97
1644818688 mutation_overlap_ID0000090 POST_SCRIPT_TERMINATED 785.0 condorpool - 92
1644818692 mutation_overlap_ID0000090 POST_SCRIPT_SUCCESS 0 condorpool - 92
1644818688 mutation_overlap_ID0000088 POST_SCRIPT_TERMINATED 790.0 condorpool - 97
1644818692 mutation_overlap_ID0000088 POST_SCRIPT_SUCCESS 0 condorpool - 97
1644818690 mutation_overlap_ID0000086 JOB_TERMINATED 788.0 condorpool - 95
1644818692 mutation_overlap_ID0000086 JOB_SUCCESS 0 condorpool - 95
1644818692 mutation_overlap_ID0000086 POST_SCRIPT_STARTED 788.0 condorpool - 95
1644818691 mutation_overlap_ID0000080 JOB_TERMINATED 783.0 condorpool - 90
1644818692 mutation_overlap_ID0000080 JOB_SUCCESS 0 condorpool - 90
1644818692 mutation_overlap_ID0000080 POST_SCRIPT_STARTED 783.0 condorpool - 90
1644818692 mutation_overlap_ID0000086 POST_SCRIPT_TERMINATED 788.0 condorpool - 95
1644818697 mutation_overlap_ID0000086 POST_SCRIPT_SUCCESS 0 condorpool - 95
1644818692 mutation_overlap_ID0000080 POST_SCRIPT_TERMINATED 783.0 condorpool - 90
1644818697 mutation_overlap_ID0000080 POST_SCRIPT_SUCCESS 0 condorpool - 90
1644818714 mutation_overlap_ID0000084 JOB_TERMINATED 793.0 condorpool - 100
1644818717 mutation_overlap_ID0000084 JOB_SUCCESS 0 condorpool - 100
1644818717 mutation_overlap_ID0000084 POST_SCRIPT_STARTED 793.0 condorpool - 100
1644818717 mutation_overlap_ID0000084 POST_SCRIPT_TERMINATED 793.0 condorpool - 100
1644818722 mutation_overlap_ID0000084 POST_SCRIPT_SUCCESS 0 condorpool - 100
1644818720 mutation_overlap_ID0000078 JOB_TERMINATED 795.0 condorpool - 102
1644818722 mutation_overlap_ID0000078 JOB_SUCCESS 0 condorpool - 102
1644818722 mutation_overlap_ID0000078 POST_SCRIPT_STARTED 795.0 condorpool - 102
1644818722 mutation_overlap_ID0000078 POST_SCRIPT_TERMINATED 795.0 condorpool - 102
1644818727 mutation_overlap_ID0000078 POST_SCRIPT_SUCCESS 0 condorpool - 102
1644818758 mutation_overlap_ID0000082 JOB_TERMINATED 791.0 condorpool - 98
1644818762 mutation_overlap_ID0000082 JOB_SUCCESS 0 condorpool - 98
1644818762 mutation_overlap_ID0000082 POST_SCRIPT_STARTED 791.0 condorpool - 98
1644818763 mutation_overlap_ID0000082 POST_SCRIPT_TERMINATED 791.0 condorpool - 98
1644818767 mutation_overlap_ID0000082 POST_SCRIPT_SUCCESS 0 condorpool - 98
1644819246 frequency_ID0000089 JOB_TERMINATED 794.0 condorpool - 101
1644819247 frequency_ID0000089 JOB_SUCCESS 0 condorpool - 101
1644819247 frequency_ID0000089 POST_SCRIPT_STARTED 794.0 condorpool - 101
1644819248 frequency_ID0000089 POST_SCRIPT_TERMINATED 794.0 condorpool - 101
1644819252 frequency_ID0000089 POST_SCRIPT_SUCCESS 0 condorpool - 101
1644819250 frequency_ID0000085 JOB_TERMINATED 784.0 condorpool - 91
1644819252 frequency_ID0000085 JOB_SUCCESS 0 condorpool - 91
1644819252 frequency_ID0000085 POST_SCRIPT_STARTED 784.0 condorpool - 91
1644819252 frequency_ID0000085 POST_SCRIPT_TERMINATED 784.0 condorpool - 91
1644819257 frequency_ID0000085 POST_SCRIPT_SUCCESS 0 condorpool - 91
1644819255 frequency_ID0000087 JOB_TERMINATED 792.0 condorpool - 99
1644819257 frequency_ID0000087 JOB_SUCCESS 0 condorpool - 99
1644819257 frequency_ID0000087 POST_SCRIPT_STARTED 792.0 condorpool - 99
1644819257 frequency_ID0000087 POST_SCRIPT_TERMINATED 792.0 condorpool - 99
1644819262 frequency_ID0000087 POST_SCRIPT_SUCCESS 0 condorpool - 99
1644819291 frequency_ID0000091 JOB_TERMINATED 786.0 condorpool - 93
1644819292 frequency_ID0000091 JOB_SUCCESS 0 condorpool - 93
1644819292 frequency_ID0000091 POST_SCRIPT_STARTED 786.0 condorpool - 93
1644819293 frequency_ID0000091 POST_SCRIPT_TERMINATED 786.0 condorpool - 93
1644819297 frequency_ID0000091 POST_SCRIPT_SUCCESS 0 condorpool - 93
1644819341 frequency_ID0000083 JOB_TERMINATED 782.0 condorpool - 89
1644819342 frequency_ID0000083 JOB_SUCCESS 0 condorpool - 89
1644819342 frequency_ID0000083 POST_SCRIPT_STARTED 782.0 condorpool - 89
1644819342 frequency_ID0000083 POST_SCRIPT_TERMINATED 782.0 condorpool - 89
1644819347 frequency_ID0000083 POST_SCRIPT_SUCCESS 0 condorpool - 89
1644819352 stage_out_local_local_2_0 SUBMIT 796.0 local - 103
1644819353 stage_out_local_local_2_0 EXECUTE 796.0 local - 103
1644819357 stage_out_local_local_2_0 JOB_TERMINATED 796.0 local - 103
1644819358 stage_out_local_local_2_0 JOB_SUCCESS 0 local - 103
1644819358 stage_out_local_local_2_0 POST_SCRIPT_STARTED 796.0 local - 103
1644819358 stage_out_local_local_2_0 POST_SCRIPT_TERMINATED 796.0 local - 103
1644819363 stage_out_local_local_2_0 POST_SCRIPT_SUCCESS 0 local - 103
1644819389 frequency_ID0000081 JOB_TERMINATED 787.0 condorpool - 94
1644819393 frequency_ID0000081 JOB_SUCCESS 0 condorpool - 94
1644819393 frequency_ID0000081 POST_SCRIPT_STARTED 787.0 condorpool - 94
1644819393 frequency_ID0000081 POST_SCRIPT_TERMINATED 787.0 condorpool - 94
1644819398 frequency_ID0000081 POST_SCRIPT_SUCCESS 0 condorpool - 94
1644819483 frequency_ID0000079 JOB_TERMINATED 789.0 condorpool - 96
1644819483 frequency_ID0000079 JOB_SUCCESS 0 condorpool - 96
1644819483 frequency_ID0000079 POST_SCRIPT_STARTED 789.0 condorpool - 96
1644819484 frequency_ID0000079 POST_SCRIPT_TERMINATED 789.0 condorpool - 96
1644819488 frequency_ID0000079 POST_SCRIPT_SUCCESS 0 condorpool - 96
1644819493 stage_out_local_local_2_1 SUBMIT 797.0 local - 104
1644819493 stage_out_local_local_2_1 EXECUTE 797.0 local - 104
1644819497 stage_out_local_local_2_1 JOB_TERMINATED 797.0 local - 104
1644819498 stage_out_local_local_2_1 JOB_SUCCESS 0 local - 104
1644819498 stage_out_local_local_2_1 POST_SCRIPT_STARTED 797.0 local - 104
1644819498 stage_out_local_local_2_1 POST_SCRIPT_TERMINATED 797.0 local - 104
1644819503 stage_out_local_local_2_1 POST_SCRIPT_SUCCESS 0 local - 104
1644819508 cleanup_1000-genome_0_local SUBMIT 798.0 local - 105
1644819508 cleanup_1000-genome_0_local EXECUTE 798.0 local - 105
1644819510 cleanup_1000-genome_0_local JOB_TERMINATED 798.0 local - 105
1644819513 cleanup_1000-genome_0_local JOB_SUCCESS 0 local - 105
1644819513 cleanup_1000-genome_0_local POST_SCRIPT_STARTED 798.0 local - 105
1644819513 cleanup_1000-genome_0_local POST_SCRIPT_TERMINATED 798.0 local - 105
1644819518 cleanup_1000-genome_0_local POST_SCRIPT_SUCCESS 0 local - 105
1644819518 INTERNAL *** DAGMAN_FINISHED 0 ***
1644819520 INTERNAL *** MONITORD_FINISHED 0 ***
