1646465043 INTERNAL *** MONITORD_STARTED ***
1646465042 INTERNAL *** DAGMAN_STARTED 4359.0 ***
1646465046 create_dir_1000-genome_0_local SUBMIT 4360.0 local - 481
1646465047 create_dir_1000-genome_0_local EXECUTE 4360.0 local - 481
1646465049 create_dir_1000-genome_0_local JOB_TERMINATED 4360.0 local - 481
1646465051 create_dir_1000-genome_0_local JOB_SUCCESS 0 local - 481
1646465051 create_dir_1000-genome_0_local POST_SCRIPT_STARTED 4360.0 local - 481
1646465051 create_dir_1000-genome_0_local POST_SCRIPT_TERMINATED 4360.0 local - 481
1646465056 create_dir_1000-genome_0_local POST_SCRIPT_SUCCESS 0 local - 481
1646465061 stage_in_remote_local_2_0 SUBMIT 4361.0 local - 482
1646465061 stage_in_remote_local_2_0 EXECUTE 4361.0 local - 482
1646465061 stage_in_remote_local_1_0 SUBMIT 4362.0 local - 483
1646465061 stage_in_remote_local_0_0 SUBMIT 4363.0 local - 484
1646465061 stage_in_local_local_0_0 SUBMIT 4364.0 local - 485
1646465061 stage_in_local_local_2_0 SUBMIT 4365.0 local - 486
1646465063 stage_in_remote_local_2_0 JOB_TERMINATED 4361.0 local - 482
1646465067 stage_in_remote_local_2_0 JOB_SUCCESS 0 local - 482
1646465067 stage_in_remote_local_2_0 POST_SCRIPT_STARTED 4361.0 local - 482
1646465064 stage_in_local_local_2_0 EXECUTE 4365.0 local - 486
1646465064 stage_in_local_local_0_0 EXECUTE 4364.0 local - 485
1646465064 stage_in_remote_local_0_0 EXECUTE 4363.0 local - 484
1646465064 stage_in_remote_local_1_0 EXECUTE 4362.0 local - 483
1646465066 stage_in_remote_local_0_0 JOB_TERMINATED 4363.0 local - 484
1646465067 stage_in_remote_local_0_0 JOB_SUCCESS 0 local - 484
1646465067 stage_in_remote_local_0_0 POST_SCRIPT_STARTED 4363.0 local - 484
1646465066 stage_in_remote_local_1_0 JOB_TERMINATED 4362.0 local - 483
1646465067 stage_in_remote_local_1_0 JOB_SUCCESS 0 local - 483
1646465067 stage_in_remote_local_1_0 POST_SCRIPT_STARTED 4362.0 local - 483
1646465066 stage_in_local_local_0_0 JOB_TERMINATED 4364.0 local - 485
1646465067 stage_in_local_local_0_0 JOB_SUCCESS 0 local - 485
1646465067 stage_in_local_local_0_0 POST_SCRIPT_STARTED 4364.0 local - 485
1646465066 stage_in_remote_local_0_1 SUBMIT 4366.0 local - 487
1646465066 stage_in_local_local_0_1 SUBMIT 4367.0 local - 488
1646465066 stage_in_remote_local_0_1 EXECUTE 4366.0 local - 487
1646465066 stage_in_local_local_0_1 EXECUTE 4367.0 local - 488
1646465066 stage_in_local_local_2_1 SUBMIT 4368.0 local - 489
1646465067 stage_in_local_local_2_1 EXECUTE 4368.0 local - 489
1646465067 stage_in_remote_local_2_1 SUBMIT 4369.0 local - 490
1646465067 stage_in_local_local_0_2 SUBMIT 4370.0 local - 491
1646465067 stage_in_remote_local_2_0 POST_SCRIPT_TERMINATED 4361.0 local - 482
1646465072 stage_in_remote_local_2_0 POST_SCRIPT_SUCCESS 0 local - 482
1646465067 stage_in_local_local_0_0 POST_SCRIPT_TERMINATED 4364.0 local - 485
1646465072 stage_in_local_local_0_0 POST_SCRIPT_SUCCESS 0 local - 485
1646465067 stage_in_remote_local_0_0 POST_SCRIPT_TERMINATED 4363.0 local - 484
1646465072 stage_in_remote_local_0_0 POST_SCRIPT_SUCCESS 0 local - 484
1646465067 stage_in_remote_local_1_0 POST_SCRIPT_TERMINATED 4362.0 local - 483
1646465072 stage_in_remote_local_1_0 POST_SCRIPT_SUCCESS 0 local - 483
1646465068 stage_in_local_local_2_0 JOB_TERMINATED 4365.0 local - 486
1646465072 stage_in_local_local_2_0 JOB_SUCCESS 0 local - 486
1646465072 stage_in_local_local_2_0 POST_SCRIPT_STARTED 4365.0 local - 486
1646465068 stage_in_local_local_0_2 EXECUTE 4370.0 local - 491
1646465068 stage_in_remote_local_2_1 EXECUTE 4369.0 local - 490
1646465069 stage_in_remote_local_0_1 JOB_TERMINATED 4366.0 local - 487
1646465072 stage_in_remote_local_0_1 JOB_SUCCESS 0 local - 487
1646465072 stage_in_remote_local_0_1 POST_SCRIPT_STARTED 4366.0 local - 487
1646465069 stage_in_local_local_0_1 JOB_TERMINATED 4367.0 local - 488
1646465072 stage_in_local_local_0_1 JOB_SUCCESS 0 local - 488
1646465072 stage_in_local_local_0_1 POST_SCRIPT_STARTED 4367.0 local - 488
1646465070 stage_in_remote_local_2_1 JOB_TERMINATED 4369.0 local - 490
1646465072 stage_in_remote_local_2_1 JOB_SUCCESS 0 local - 490
1646465072 stage_in_remote_local_2_1 POST_SCRIPT_STARTED 4369.0 local - 490
1646465070 stage_in_local_local_0_2 JOB_TERMINATED 4370.0 local - 491
1646465072 stage_in_local_local_0_2 JOB_SUCCESS 0 local - 491
1646465072 stage_in_local_local_0_2 POST_SCRIPT_STARTED 4370.0 local - 491
1646465071 stage_in_local_local_2_1 JOB_TERMINATED 4368.0 local - 489
1646465072 stage_in_local_local_2_1 JOB_SUCCESS 0 local - 489
1646465072 stage_in_local_local_2_1 POST_SCRIPT_STARTED 4368.0 local - 489
1646465072 stage_in_local_local_0_1 POST_SCRIPT_TERMINATED 4367.0 local - 488
1646465077 stage_in_local_local_0_1 POST_SCRIPT_SUCCESS 0 local - 488
1646465072 stage_in_remote_local_0_1 POST_SCRIPT_TERMINATED 4366.0 local - 487
1646465077 stage_in_remote_local_0_1 POST_SCRIPT_SUCCESS 0 local - 487
1646465072 stage_in_local_local_0_2 POST_SCRIPT_TERMINATED 4370.0 local - 491
1646465077 stage_in_local_local_0_2 POST_SCRIPT_SUCCESS 0 local - 491
1646465072 stage_in_remote_local_2_1 POST_SCRIPT_TERMINATED 4369.0 local - 490
1646465077 stage_in_remote_local_2_1 POST_SCRIPT_SUCCESS 0 local - 490
1646465072 stage_in_local_local_2_0 POST_SCRIPT_TERMINATED 4365.0 local - 486
1646465077 stage_in_local_local_2_0 POST_SCRIPT_SUCCESS 0 local - 486
1646465072 stage_in_local_local_2_1 POST_SCRIPT_TERMINATED 4368.0 local - 489
1646465077 stage_in_local_local_2_1 POST_SCRIPT_SUCCESS 0 local - 489
1646465082 individuals_ID0000037 SUBMIT 4371.0 condorpool - 492
1646465082 individuals_ID0000038 SUBMIT 4372.0 condorpool - 493
1646465082 individuals_ID0000039 SUBMIT 4373.0 condorpool - 494
1646465082 individuals_ID0000033 SUBMIT 4374.0 condorpool - 495
1646465082 individuals_ID0000034 SUBMIT 4375.0 condorpool - 496
1646465087 individuals_ID0000035 SUBMIT 4376.0 condorpool - 497
1646465087 individuals_ID0000036 SUBMIT 4377.0 condorpool - 498
1646465088 individuals_ID0000030 SUBMIT 4378.0 condorpool - 499
1646465088 individuals_ID0000031 SUBMIT 4379.0 condorpool - 500
1646465088 individuals_ID0000032 SUBMIT 4380.0 condorpool - 501
1646465093 individuals_ID0000004 SUBMIT 4381.0 condorpool - 502
1646465093 individuals_ID0000048 SUBMIT 4382.0 condorpool - 503
1646465093 individuals_ID0000005 SUBMIT 4383.0 condorpool - 504
1646465093 individuals_ID0000049 SUBMIT 4384.0 condorpool - 505
1646465093 individuals_ID0000006 SUBMIT 4385.0 condorpool - 506
1646465098 individuals_ID0000007 SUBMIT 4386.0 condorpool - 507
1646465098 individuals_ID0000044 SUBMIT 4387.0 condorpool - 508
1646465098 individuals_ID0000001 SUBMIT 4388.0 condorpool - 509
1646465098 individuals_ID0000045 SUBMIT 4389.0 condorpool - 510
1646465098 individuals_ID0000002 SUBMIT 4390.0 condorpool - 511
1646465103 individuals_ID0000046 SUBMIT 4391.0 condorpool - 512
1646465103 individuals_ID0000003 SUBMIT 4392.0 condorpool - 513
1646465103 individuals_ID0000047 SUBMIT 4393.0 condorpool - 514
1646465103 individuals_ID0000008 SUBMIT 4394.0 condorpool - 515
1646465103 individuals_ID0000009 SUBMIT 4395.0 condorpool - 516
1646465108 individuals_ID0000040 SUBMIT 4396.0 condorpool - 517
1646465108 individuals_ID0000041 SUBMIT 4397.0 condorpool - 518
1646465108 individuals_ID0000042 SUBMIT 4398.0 condorpool - 519
1646465108 individuals_ID0000043 SUBMIT 4399.0 condorpool - 520
1646465108 individuals_ID0000015 SUBMIT 4400.0 condorpool - 521
1646465109 individuals_ID0000048 EXECUTE 4382.0 condorpool - 503
1646465109 individuals_ID0000031 EXECUTE 4379.0 condorpool - 500
1646465109 individuals_ID0000004 EXECUTE 4381.0 condorpool - 502
1646465110 individuals_ID0000038 EXECUTE 4372.0 condorpool - 493
1646465110 individuals_ID0000037 EXECUTE 4371.0 condorpool - 492
1646465110 individuals_ID0000005 EXECUTE 4383.0 condorpool - 504
1646465110 individuals_ID0000034 EXECUTE 4375.0 condorpool - 496
1646465110 individuals_ID0000006 EXECUTE 4385.0 condorpool - 506
1646465110 individuals_ID0000049 EXECUTE 4384.0 condorpool - 505
1646465111 individuals_ID0000035 EXECUTE 4376.0 condorpool - 497
1646465113 individuals_ID0000016 SUBMIT 4401.0 condorpool - 522
1646465114 individuals_ID0000017 SUBMIT 4402.0 condorpool - 523
1646465114 individuals_ID0000018 SUBMIT 4403.0 condorpool - 524
1646465114 individuals_ID0000011 SUBMIT 4404.0 condorpool - 525
1646465114 individuals_ID0000012 SUBMIT 4405.0 condorpool - 526
1646465118 individuals_ID0000036 EXECUTE 4377.0 condorpool - 498
1646465119 individuals_ID0000013 SUBMIT 4406.0 condorpool - 527
1646465119 individuals_ID0000014 SUBMIT 4407.0 condorpool - 528
1646465119 individuals_ID0000019 SUBMIT 4408.0 condorpool - 529
1646465119 individuals_ID0000010 SUBMIT 4409.0 condorpool - 530
1646465119 individuals_ID0000050 SUBMIT 4410.0 condorpool - 531
1646465120 individuals_ID0000007 EXECUTE 4386.0 condorpool - 507
1646465121 individuals_ID0000030 EXECUTE 4378.0 condorpool - 499
1646465122 individuals_ID0000039 EXECUTE 4373.0 condorpool - 494
1646465122 individuals_ID0000033 EXECUTE 4374.0 condorpool - 495
1646465123 individuals_ID0000032 EXECUTE 4380.0 condorpool - 501
1646465124 individuals_ID0000026 SUBMIT 4411.0 condorpool - 532
1646465124 individuals_ID0000027 SUBMIT 4412.0 condorpool - 533
1646465124 individuals_ID0000028 SUBMIT 4413.0 condorpool - 534
1646465124 individuals_ID0000029 SUBMIT 4414.0 condorpool - 535
1646465124 individuals_ID0000022 SUBMIT 4415.0 condorpool - 536
1646465129 individuals_ID0000023 SUBMIT 4416.0 condorpool - 537
1646465129 individuals_ID0000024 SUBMIT 4417.0 condorpool - 538
1646465129 individuals_ID0000025 SUBMIT 4418.0 condorpool - 539
1646465129 individuals_ID0000020 SUBMIT 4419.0 condorpool - 540
1646465129 individuals_ID0000021 SUBMIT 4420.0 condorpool - 541
1646465134 sifting_ID0000052 SUBMIT 4421.0 condorpool - 542
1646465482 individuals_ID0000031 JOB_TERMINATED 4379.0 condorpool - 500
1646465485 individuals_ID0000031 JOB_SUCCESS 0 condorpool - 500
1646465485 individuals_ID0000031 POST_SCRIPT_STARTED 4379.0 condorpool - 500
1646465484 individuals_ID0000004 JOB_TERMINATED 4381.0 condorpool - 502
1646465485 individuals_ID0000004 JOB_SUCCESS 0 condorpool - 502
1646465485 individuals_ID0000004 POST_SCRIPT_STARTED 4381.0 condorpool - 502
1646465485 individuals_ID0000004 POST_SCRIPT_TERMINATED 4381.0 condorpool - 502
1646465490 individuals_ID0000004 POST_SCRIPT_SUCCESS 0 condorpool - 502
1646465485 individuals_ID0000031 POST_SCRIPT_TERMINATED 4379.0 condorpool - 500
1646465490 individuals_ID0000031 POST_SCRIPT_SUCCESS 0 condorpool - 500
1646465485 individuals_ID0000048 JOB_TERMINATED 4382.0 condorpool - 503
1646465490 individuals_ID0000048 JOB_SUCCESS 0 condorpool - 503
1646465490 individuals_ID0000048 POST_SCRIPT_STARTED 4382.0 condorpool - 503
1646465486 individuals_ID0000044 EXECUTE 4387.0 condorpool - 508
1646465487 individuals_ID0000032 JOB_TERMINATED 4380.0 condorpool - 501
1646465490 individuals_ID0000032 JOB_SUCCESS 0 condorpool - 501
1646465490 individuals_ID0000032 POST_SCRIPT_STARTED 4380.0 condorpool - 501
1646465488 individuals_ID0000001 EXECUTE 4388.0 condorpool - 509
1646465490 individuals_ID0000048 POST_SCRIPT_TERMINATED 4382.0 condorpool - 503
1646465495 individuals_ID0000048 POST_SCRIPT_SUCCESS 0 condorpool - 503
1646465490 individuals_ID0000032 POST_SCRIPT_TERMINATED 4380.0 condorpool - 501
1646465495 individuals_ID0000032 POST_SCRIPT_SUCCESS 0 condorpool - 501
1646465491 individuals_ID0000045 EXECUTE 4389.0 condorpool - 510
1646465491 individuals_ID0000002 EXECUTE 4390.0 condorpool - 511
1646465545 individuals_ID0000001 JOB_TERMINATED 4388.0 condorpool - 509
1646465546 individuals_ID0000001 JOB_SUCCESS 0 condorpool - 509
1646465546 individuals_ID0000001 POST_SCRIPT_STARTED 4388.0 condorpool - 509
1646465546 individuals_ID0000001 POST_SCRIPT_TERMINATED 4388.0 condorpool - 509
1646465551 individuals_ID0000001 POST_SCRIPT_SUCCESS 0 condorpool - 509
1646465549 individuals_ID0000046 EXECUTE 4391.0 condorpool - 512
1646465602 individuals_ID0000037 JOB_TERMINATED 4371.0 condorpool - 492
1646465606 individuals_ID0000037 JOB_SUCCESS 0 condorpool - 492
1646465606 individuals_ID0000037 POST_SCRIPT_STARTED 4371.0 condorpool - 492
1646465606 individuals_ID0000003 EXECUTE 4392.0 condorpool - 513
1646465606 individuals_ID0000037 POST_SCRIPT_TERMINATED 4371.0 condorpool - 492
1646465611 individuals_ID0000037 POST_SCRIPT_SUCCESS 0 condorpool - 492
1646465615 individuals_ID0000039 JOB_TERMINATED 4373.0 condorpool - 494
1646465616 individuals_ID0000039 JOB_SUCCESS 0 condorpool - 494
1646465616 individuals_ID0000039 POST_SCRIPT_STARTED 4373.0 condorpool - 494
1646465615 individuals_ID0000033 JOB_TERMINATED 4374.0 condorpool - 495
1646465616 individuals_ID0000033 JOB_SUCCESS 0 condorpool - 495
1646465616 individuals_ID0000033 POST_SCRIPT_STARTED 4374.0 condorpool - 495
1646465617 individuals_ID0000033 POST_SCRIPT_TERMINATED 4374.0 condorpool - 495
1646465621 individuals_ID0000033 POST_SCRIPT_SUCCESS 0 condorpool - 495
1646465617 individuals_ID0000039 POST_SCRIPT_TERMINATED 4373.0 condorpool - 494
1646465621 individuals_ID0000039 POST_SCRIPT_SUCCESS 0 condorpool - 494
1646465619 individuals_ID0000038 JOB_TERMINATED 4372.0 condorpool - 493
1646465621 individuals_ID0000038 JOB_SUCCESS 0 condorpool - 493
1646465621 individuals_ID0000038 POST_SCRIPT_STARTED 4372.0 condorpool - 493
1646465620 individuals_ID0000047 EXECUTE 4393.0 condorpool - 514
1646465620 individuals_ID0000008 EXECUTE 4394.0 condorpool - 515
1646465621 individuals_ID0000038 POST_SCRIPT_TERMINATED 4372.0 condorpool - 493
1646465626 individuals_ID0000038 POST_SCRIPT_SUCCESS 0 condorpool - 493
1646465624 individuals_ID0000009 EXECUTE 4395.0 condorpool - 516
1646465657 individuals_ID0000030 JOB_TERMINATED 4378.0 condorpool - 499
1646465661 individuals_ID0000030 JOB_SUCCESS 0 condorpool - 499
1646465661 individuals_ID0000030 POST_SCRIPT_STARTED 4378.0 condorpool - 499
1646465657 individuals_ID0000036 JOB_TERMINATED 4377.0 condorpool - 498
1646465661 individuals_ID0000036 JOB_SUCCESS 0 condorpool - 498
1646465661 individuals_ID0000036 POST_SCRIPT_STARTED 4377.0 condorpool - 498
1646465661 individuals_ID0000030 POST_SCRIPT_TERMINATED 4378.0 condorpool - 499
1646465666 individuals_ID0000030 POST_SCRIPT_SUCCESS 0 condorpool - 499
1646465661 individuals_ID0000036 POST_SCRIPT_TERMINATED 4377.0 condorpool - 498
1646465666 individuals_ID0000036 POST_SCRIPT_SUCCESS 0 condorpool - 498
1646465662 individuals_ID0000035 JOB_TERMINATED 4376.0 condorpool - 497
1646465666 individuals_ID0000035 JOB_SUCCESS 0 condorpool - 497
1646465666 individuals_ID0000035 POST_SCRIPT_STARTED 4376.0 condorpool - 497
1646465662 individuals_ID0000034 JOB_TERMINATED 4375.0 condorpool - 496
1646465666 individuals_ID0000034 JOB_SUCCESS 0 condorpool - 496
1646465666 individuals_ID0000034 POST_SCRIPT_STARTED 4375.0 condorpool - 496
1646465662 individuals_ID0000040 EXECUTE 4396.0 condorpool - 517
1646465663 individuals_ID0000041 EXECUTE 4397.0 condorpool - 518
1646465667 individuals_ID0000034 POST_SCRIPT_TERMINATED 4375.0 condorpool - 496
1646465671 individuals_ID0000034 POST_SCRIPT_SUCCESS 0 condorpool - 496
1646465667 individuals_ID0000035 POST_SCRIPT_TERMINATED 4376.0 condorpool - 497
1646465671 individuals_ID0000035 POST_SCRIPT_SUCCESS 0 condorpool - 497
1646465668 individuals_ID0000042 EXECUTE 4398.0 condorpool - 519
1646465668 individuals_ID0000043 EXECUTE 4399.0 condorpool - 520
1646465699 individuals_ID0000007 JOB_TERMINATED 4386.0 condorpool - 507
1646465701 individuals_ID0000007 JOB_SUCCESS 0 condorpool - 507
1646465701 individuals_ID0000007 POST_SCRIPT_STARTED 4386.0 condorpool - 507
1646465700 individuals_ID0000005 JOB_TERMINATED 4383.0 condorpool - 504
1646465701 individuals_ID0000005 JOB_SUCCESS 0 condorpool - 504
1646465701 individuals_ID0000005 POST_SCRIPT_STARTED 4383.0 condorpool - 504
1646465700 individuals_ID0000049 JOB_TERMINATED 4384.0 condorpool - 505
1646465701 individuals_ID0000049 JOB_SUCCESS 0 condorpool - 505
1646465701 individuals_ID0000049 POST_SCRIPT_STARTED 4384.0 condorpool - 505
1646465701 individuals_ID0000049 POST_SCRIPT_TERMINATED 4384.0 condorpool - 505
1646465706 individuals_ID0000049 POST_SCRIPT_SUCCESS 0 condorpool - 505
1646465701 individuals_ID0000005 POST_SCRIPT_TERMINATED 4383.0 condorpool - 504
1646465706 individuals_ID0000005 POST_SCRIPT_SUCCESS 0 condorpool - 504
1646465701 individuals_ID0000007 POST_SCRIPT_TERMINATED 4386.0 condorpool - 507
1646465706 individuals_ID0000007 POST_SCRIPT_SUCCESS 0 condorpool - 507
1646465705 individuals_ID0000015 EXECUTE 4400.0 condorpool - 521
1646465705 individuals_ID0000016 EXECUTE 4401.0 condorpool - 522
1646465705 individuals_ID0000017 EXECUTE 4402.0 condorpool - 523
1646465707 individuals_ID0000006 JOB_TERMINATED 4385.0 condorpool - 506
1646465711 individuals_ID0000006 JOB_SUCCESS 0 condorpool - 506
1646465711 individuals_ID0000006 POST_SCRIPT_STARTED 4385.0 condorpool - 506
1646465711 individuals_ID0000018 EXECUTE 4403.0 condorpool - 524
1646465712 individuals_ID0000006 POST_SCRIPT_TERMINATED 4385.0 condorpool - 506
1646465716 individuals_ID0000006 POST_SCRIPT_SUCCESS 0 condorpool - 506
1646465813 individuals_ID0000002 JOB_TERMINATED 4390.0 condorpool - 511
1646465816 individuals_ID0000002 JOB_SUCCESS 0 condorpool - 511
1646465816 individuals_ID0000002 POST_SCRIPT_STARTED 4390.0 condorpool - 511
1646465816 individuals_ID0000002 POST_SCRIPT_TERMINATED 4390.0 condorpool - 511
1646465821 individuals_ID0000002 POST_SCRIPT_SUCCESS 0 condorpool - 511
1646465817 individuals_ID0000011 EXECUTE 4404.0 condorpool - 525
1646465870 individuals_ID0000044 JOB_TERMINATED 4387.0 condorpool - 508
1646465871 individuals_ID0000044 JOB_SUCCESS 0 condorpool - 508
1646465871 individuals_ID0000044 POST_SCRIPT_STARTED 4387.0 condorpool - 508
1646465871 individuals_ID0000044 POST_SCRIPT_TERMINATED 4387.0 condorpool - 508
1646465876 individuals_ID0000044 POST_SCRIPT_SUCCESS 0 condorpool - 508
1646465874 individuals_ID0000012 EXECUTE 4405.0 condorpool - 526
1646465877 individuals_ID0000045 JOB_TERMINATED 4389.0 condorpool - 510
1646465881 individuals_ID0000045 JOB_SUCCESS 0 condorpool - 510
1646465881 individuals_ID0000045 POST_SCRIPT_STARTED 4389.0 condorpool - 510
1646465881 individuals_ID0000013 EXECUTE 4406.0 condorpool - 527
1646465882 individuals_ID0000045 POST_SCRIPT_TERMINATED 4389.0 condorpool - 510
1646465886 individuals_ID0000045 POST_SCRIPT_SUCCESS 0 condorpool - 510
1646465934 individuals_ID0000046 JOB_TERMINATED 4391.0 condorpool - 512
1646465936 individuals_ID0000046 JOB_SUCCESS 0 condorpool - 512
1646465936 individuals_ID0000046 POST_SCRIPT_STARTED 4391.0 condorpool - 512
1646465936 individuals_ID0000046 POST_SCRIPT_TERMINATED 4391.0 condorpool - 512
1646465941 individuals_ID0000046 POST_SCRIPT_SUCCESS 0 condorpool - 512
1646465939 individuals_ID0000014 EXECUTE 4407.0 condorpool - 528
1646466145 individuals_ID0000003 JOB_TERMINATED 4392.0 condorpool - 513
1646466146 individuals_ID0000003 JOB_SUCCESS 0 condorpool - 513
1646466146 individuals_ID0000003 POST_SCRIPT_STARTED 4392.0 condorpool - 513
1646466147 individuals_ID0000003 POST_SCRIPT_TERMINATED 4392.0 condorpool - 513
1646466151 individuals_ID0000003 POST_SCRIPT_SUCCESS 0 condorpool - 513
1646466149 individuals_ID0000019 EXECUTE 4408.0 condorpool - 529
1646466159 individuals_ID0000008 JOB_TERMINATED 4394.0 condorpool - 515
1646466161 individuals_ID0000008 JOB_SUCCESS 0 condorpool - 515
1646466161 individuals_ID0000008 POST_SCRIPT_STARTED 4394.0 condorpool - 515
1646466161 individuals_ID0000008 POST_SCRIPT_TERMINATED 4394.0 condorpool - 515
1646466166 individuals_ID0000008 POST_SCRIPT_SUCCESS 0 condorpool - 515
1646466162 individuals_ID0000010 EXECUTE 4409.0 condorpool - 530
1646466163 individuals_ID0000047 JOB_TERMINATED 4393.0 condorpool - 514
1646466166 individuals_ID0000047 JOB_SUCCESS 0 condorpool - 514
1646466166 individuals_ID0000047 POST_SCRIPT_STARTED 4393.0 condorpool - 514
1646466166 individuals_ID0000047 POST_SCRIPT_TERMINATED 4393.0 condorpool - 514
1646466171 individuals_ID0000047 POST_SCRIPT_SUCCESS 0 condorpool - 514
1646466167 individuals_ID0000050 EXECUTE 4410.0 condorpool - 531
1646466169 individuals_ID0000009 JOB_TERMINATED 4395.0 condorpool - 516
1646466171 individuals_ID0000009 JOB_SUCCESS 0 condorpool - 516
1646466171 individuals_ID0000009 POST_SCRIPT_STARTED 4395.0 condorpool - 516
1646466172 individuals_ID0000009 POST_SCRIPT_TERMINATED 4395.0 condorpool - 516
1646466176 individuals_ID0000009 POST_SCRIPT_SUCCESS 0 condorpool - 516
1646466173 individuals_ID0000026 EXECUTE 4411.0 condorpool - 532
1646466220 individuals_ID0000011 JOB_TERMINATED 4404.0 condorpool - 525
1646466221 individuals_ID0000011 JOB_SUCCESS 0 condorpool - 525
1646466221 individuals_ID0000011 POST_SCRIPT_STARTED 4404.0 condorpool - 525
1646466221 individuals_ID0000011 POST_SCRIPT_TERMINATED 4404.0 condorpool - 525
1646466226 individuals_ID0000011 POST_SCRIPT_SUCCESS 0 condorpool - 525
1646466224 individuals_ID0000027 EXECUTE 4412.0 condorpool - 533
1646466259 individuals_ID0000040 JOB_TERMINATED 4396.0 condorpool - 517
1646466261 individuals_ID0000040 JOB_SUCCESS 0 condorpool - 517
1646466261 individuals_ID0000040 POST_SCRIPT_STARTED 4396.0 condorpool - 517
1646466260 individuals_ID0000042 JOB_TERMINATED 4398.0 condorpool - 519
1646466261 individuals_ID0000042 JOB_SUCCESS 0 condorpool - 519
1646466261 individuals_ID0000042 POST_SCRIPT_STARTED 4398.0 condorpool - 519
1646466261 individuals_ID0000042 POST_SCRIPT_TERMINATED 4398.0 condorpool - 519
1646466266 individuals_ID0000042 POST_SCRIPT_SUCCESS 0 condorpool - 519
1646466261 individuals_ID0000040 POST_SCRIPT_TERMINATED 4396.0 condorpool - 517
1646466266 individuals_ID0000040 POST_SCRIPT_SUCCESS 0 condorpool - 517
1646466262 individuals_ID0000043 JOB_TERMINATED 4399.0 condorpool - 520
1646466266 individuals_ID0000043 JOB_SUCCESS 0 condorpool - 520
1646466266 individuals_ID0000043 POST_SCRIPT_STARTED 4399.0 condorpool - 520
1646466262 individuals_ID0000028 EXECUTE 4413.0 condorpool - 534
1646466264 individuals_ID0000029 EXECUTE 4414.0 condorpool - 535
1646466267 individuals_ID0000022 EXECUTE 4415.0 condorpool - 536
1646466267 individuals_ID0000043 POST_SCRIPT_TERMINATED 4399.0 condorpool - 520
1646466271 individuals_ID0000043 POST_SCRIPT_SUCCESS 0 condorpool - 520
1646466268 individuals_ID0000012 JOB_TERMINATED 4405.0 condorpool - 526
1646466271 individuals_ID0000012 JOB_SUCCESS 0 condorpool - 526
1646466271 individuals_ID0000012 POST_SCRIPT_STARTED 4405.0 condorpool - 526
1646466271 individuals_ID0000012 POST_SCRIPT_TERMINATED 4405.0 condorpool - 526
1646466276 individuals_ID0000012 POST_SCRIPT_SUCCESS 0 condorpool - 526
1646466272 individuals_ID0000023 EXECUTE 4416.0 condorpool - 537
1646466273 individuals_ID0000041 JOB_TERMINATED 4397.0 condorpool - 518
1646466276 individuals_ID0000041 JOB_SUCCESS 0 condorpool - 518
1646466276 individuals_ID0000041 POST_SCRIPT_STARTED 4397.0 condorpool - 518
1646466276 individuals_ID0000041 POST_SCRIPT_TERMINATED 4397.0 condorpool - 518
1646466281 individuals_ID0000041 POST_SCRIPT_SUCCESS 0 condorpool - 518
1646466277 individuals_ID0000024 EXECUTE 4417.0 condorpool - 538
1646466281 individuals_ID0000013 JOB_TERMINATED 4406.0 condorpool - 527
1646466281 individuals_ID0000013 JOB_SUCCESS 0 condorpool - 527
1646466281 individuals_ID0000013 POST_SCRIPT_STARTED 4406.0 condorpool - 527
1646466282 individuals_ID0000013 POST_SCRIPT_TERMINATED 4406.0 condorpool - 527
1646466287 individuals_ID0000013 POST_SCRIPT_SUCCESS 0 condorpool - 527
1646466285 individuals_ID0000025 EXECUTE 4418.0 condorpool - 539
1646466324 individuals_ID0000015 JOB_TERMINATED 4400.0 condorpool - 521
1646466327 individuals_ID0000015 JOB_SUCCESS 0 condorpool - 521
1646466327 individuals_ID0000015 POST_SCRIPT_STARTED 4400.0 condorpool - 521
1646466327 individuals_ID0000015 POST_SCRIPT_TERMINATED 4400.0 condorpool - 521
1646466332 individuals_ID0000015 POST_SCRIPT_SUCCESS 0 condorpool - 521
1646466336 individuals_ID0000017 JOB_TERMINATED 4402.0 condorpool - 523
1646466337 individuals_ID0000017 JOB_SUCCESS 0 condorpool - 523
1646466337 individuals_ID0000017 POST_SCRIPT_STARTED 4402.0 condorpool - 523
1646466338 individuals_ID0000017 POST_SCRIPT_TERMINATED 4402.0 condorpool - 523
1646466342 individuals_ID0000017 POST_SCRIPT_SUCCESS 0 condorpool - 523
1646466340 individuals_ID0000018 JOB_TERMINATED 4403.0 condorpool - 524
1646466342 individuals_ID0000018 JOB_SUCCESS 0 condorpool - 524
1646466342 individuals_ID0000018 POST_SCRIPT_STARTED 4403.0 condorpool - 524
1646466342 individuals_ID0000018 POST_SCRIPT_TERMINATED 4403.0 condorpool - 524
1646466347 individuals_ID0000018 POST_SCRIPT_SUCCESS 0 condorpool - 524
1646466345 individuals_ID0000016 JOB_TERMINATED 4401.0 condorpool - 522
1646466347 individuals_ID0000016 JOB_SUCCESS 0 condorpool - 522
1646466347 individuals_ID0000016 POST_SCRIPT_STARTED 4401.0 condorpool - 522
1646466345 individuals_ID0000020 EXECUTE 4419.0 condorpool - 540
1646466345 individuals_ID0000021 EXECUTE 4420.0 condorpool - 541
1646466346 individuals_ID0000014 JOB_TERMINATED 4407.0 condorpool - 528
1646466347 individuals_ID0000014 JOB_SUCCESS 0 condorpool - 528
1646466347 individuals_ID0000014 POST_SCRIPT_STARTED 4407.0 condorpool - 528
1646466347 individuals_ID0000016 POST_SCRIPT_TERMINATED 4401.0 condorpool - 522
1646466352 individuals_ID0000016 POST_SCRIPT_SUCCESS 0 condorpool - 522
1646466347 individuals_ID0000014 POST_SCRIPT_TERMINATED 4407.0 condorpool - 528
1646466352 individuals_ID0000014 POST_SCRIPT_SUCCESS 0 condorpool - 528
1646466402 sifting_ID0000052 EXECUTE 4421.0 condorpool - 542
1646466403 sifting_ID0000052 JOB_TERMINATED 4421.0 condorpool - 542
1646466407 sifting_ID0000052 JOB_SUCCESS 0 condorpool - 542
1646466407 sifting_ID0000052 POST_SCRIPT_STARTED 4421.0 condorpool - 542
1646466408 sifting_ID0000052 POST_SCRIPT_TERMINATED 4421.0 condorpool - 542
1646466412 sifting_ID0000052 POST_SCRIPT_SUCCESS 0 condorpool - 542
1646466602 individuals_ID0000027 JOB_TERMINATED 4412.0 condorpool - 533
1646466607 individuals_ID0000027 JOB_SUCCESS 0 condorpool - 533
1646466607 individuals_ID0000027 POST_SCRIPT_STARTED 4412.0 condorpool - 533
1646466607 individuals_ID0000027 POST_SCRIPT_TERMINATED 4412.0 condorpool - 533
1646466612 individuals_ID0000027 POST_SCRIPT_SUCCESS 0 condorpool - 533
1646466644 individuals_ID0000023 JOB_TERMINATED 4416.0 condorpool - 537
1646466647 individuals_ID0000023 JOB_SUCCESS 0 condorpool - 537
1646466647 individuals_ID0000023 POST_SCRIPT_STARTED 4416.0 condorpool - 537
1646466647 individuals_ID0000023 POST_SCRIPT_TERMINATED 4416.0 condorpool - 537
1646466652 individuals_ID0000023 POST_SCRIPT_SUCCESS 0 condorpool - 537
1646466660 individuals_ID0000025 JOB_TERMINATED 4418.0 condorpool - 539
1646466662 individuals_ID0000025 JOB_SUCCESS 0 condorpool - 539
1646466662 individuals_ID0000025 POST_SCRIPT_STARTED 4418.0 condorpool - 539
1646466663 individuals_ID0000025 POST_SCRIPT_TERMINATED 4418.0 condorpool - 539
1646466667 individuals_ID0000025 POST_SCRIPT_SUCCESS 0 condorpool - 539
1646466684 individuals_ID0000019 JOB_TERMINATED 4408.0 condorpool - 529
1646466687 individuals_ID0000019 JOB_SUCCESS 0 condorpool - 529
1646466687 individuals_ID0000019 POST_SCRIPT_STARTED 4408.0 condorpool - 529
1646466687 individuals_ID0000019 POST_SCRIPT_TERMINATED 4408.0 condorpool - 529
1646466692 individuals_ID0000019 POST_SCRIPT_SUCCESS 0 condorpool - 529
1646466707 individuals_ID0000026 JOB_TERMINATED 4411.0 condorpool - 532
1646466712 individuals_ID0000026 JOB_SUCCESS 0 condorpool - 532
1646466712 individuals_ID0000026 POST_SCRIPT_STARTED 4411.0 condorpool - 532
1646466710 individuals_ID0000010 JOB_TERMINATED 4409.0 condorpool - 530
1646466712 individuals_ID0000010 JOB_SUCCESS 0 condorpool - 530
1646466712 individuals_ID0000010 POST_SCRIPT_STARTED 4409.0 condorpool - 530
1646466713 individuals_ID0000010 POST_SCRIPT_TERMINATED 4409.0 condorpool - 530
1646466717 individuals_ID0000010 POST_SCRIPT_SUCCESS 0 condorpool - 530
1646466713 individuals_ID0000026 POST_SCRIPT_TERMINATED 4411.0 condorpool - 532
1646466717 individuals_ID0000026 POST_SCRIPT_SUCCESS 0 condorpool - 532
1646466713 individuals_ID0000050 JOB_TERMINATED 4410.0 condorpool - 531
1646466717 individuals_ID0000050 JOB_SUCCESS 0 condorpool - 531
1646466717 individuals_ID0000050 POST_SCRIPT_STARTED 4410.0 condorpool - 531
1646466717 individuals_ID0000050 POST_SCRIPT_TERMINATED 4410.0 condorpool - 531
1646466722 individuals_ID0000050 POST_SCRIPT_SUCCESS 0 condorpool - 531
1646466815 individuals_ID0000021 JOB_TERMINATED 4420.0 condorpool - 541
1646466817 individuals_ID0000021 JOB_SUCCESS 0 condorpool - 541
1646466817 individuals_ID0000021 POST_SCRIPT_STARTED 4420.0 condorpool - 541
1646466817 individuals_ID0000021 POST_SCRIPT_TERMINATED 4420.0 condorpool - 541
1646466822 individuals_ID0000021 POST_SCRIPT_SUCCESS 0 condorpool - 541
1646466820 individuals_ID0000020 JOB_TERMINATED 4419.0 condorpool - 540
1646466822 individuals_ID0000020 JOB_SUCCESS 0 condorpool - 540
1646466822 individuals_ID0000020 POST_SCRIPT_STARTED 4419.0 condorpool - 540
1646466823 individuals_ID0000020 POST_SCRIPT_TERMINATED 4419.0 condorpool - 540
1646466827 individuals_ID0000020 POST_SCRIPT_SUCCESS 0 condorpool - 540
1646466850 individuals_ID0000028 JOB_TERMINATED 4413.0 condorpool - 534
1646466852 individuals_ID0000028 JOB_SUCCESS 0 condorpool - 534
1646466852 individuals_ID0000028 POST_SCRIPT_STARTED 4413.0 condorpool - 534
1646466850 individuals_ID0000024 JOB_TERMINATED 4417.0 condorpool - 538
1646466852 individuals_ID0000024 JOB_SUCCESS 0 condorpool - 538
1646466852 individuals_ID0000024 POST_SCRIPT_STARTED 4417.0 condorpool - 538
1646466851 individuals_ID0000022 JOB_TERMINATED 4415.0 condorpool - 536
1646466852 individuals_ID0000022 JOB_SUCCESS 0 condorpool - 536
1646466852 individuals_ID0000022 POST_SCRIPT_STARTED 4415.0 condorpool - 536
1646466851 individuals_ID0000029 JOB_TERMINATED 4414.0 condorpool - 535
1646466852 individuals_ID0000029 JOB_SUCCESS 0 condorpool - 535
1646466852 individuals_ID0000029 POST_SCRIPT_STARTED 4414.0 condorpool - 535
1646466852 individuals_ID0000028 POST_SCRIPT_TERMINATED 4413.0 condorpool - 534
1646466857 individuals_ID0000028 POST_SCRIPT_SUCCESS 0 condorpool - 534
1646466852 individuals_ID0000022 POST_SCRIPT_TERMINATED 4415.0 condorpool - 536
1646466857 individuals_ID0000022 POST_SCRIPT_SUCCESS 0 condorpool - 536
1646466852 individuals_ID0000029 POST_SCRIPT_TERMINATED 4414.0 condorpool - 535
1646466857 individuals_ID0000029 POST_SCRIPT_SUCCESS 0 condorpool - 535
1646466852 individuals_ID0000024 POST_SCRIPT_TERMINATED 4417.0 condorpool - 538
1646466857 individuals_ID0000024 POST_SCRIPT_SUCCESS 0 condorpool - 538
1646466862 individuals_merge_ID0000051 SUBMIT 4422.0 condorpool - 543
1646466865 individuals_merge_ID0000051 EXECUTE 4422.0 condorpool - 543
1646470877 individuals_merge_ID0000051 JOB_TERMINATED 4422.0 condorpool - 543
1646470881 individuals_merge_ID0000051 JOB_SUCCESS 0 condorpool - 543
1646470881 individuals_merge_ID0000051 POST_SCRIPT_STARTED 4422.0 condorpool - 543
1646470881 individuals_merge_ID0000051 POST_SCRIPT_TERMINATED 4422.0 condorpool - 543
1646470886 individuals_merge_ID0000051 POST_SCRIPT_SUCCESS 0 condorpool - 543
1646470891 frequency_ID0000060 SUBMIT 4423.0 condorpool - 544
1646470891 frequency_ID0000062 SUBMIT 4424.0 condorpool - 545
1646470891 mutation_overlap_ID0000053 SUBMIT 4425.0 condorpool - 546
1646470891 mutation_overlap_ID0000063 SUBMIT 4426.0 condorpool - 547
1646470891 frequency_ID0000058 SUBMIT 4427.0 condorpool - 548
1646470892 frequency_ID0000060 EXECUTE 4423.0 condorpool - 544
1646470892 frequency_ID0000062 EXECUTE 4424.0 condorpool - 545
1646470896 mutation_overlap_ID0000055 SUBMIT 4428.0 condorpool - 549
1646470896 mutation_overlap_ID0000065 SUBMIT 4429.0 condorpool - 550
1646470896 frequency_ID0000064 SUBMIT 4430.0 condorpool - 551
1646470896 frequency_ID0000054 SUBMIT 4431.0 condorpool - 552
1646470896 frequency_ID0000066 SUBMIT 4432.0 condorpool - 553
1646470902 mutation_overlap_ID0000061 SUBMIT 4433.0 condorpool - 554
1646470902 frequency_ID0000056 SUBMIT 4434.0 condorpool - 555
1646470902 mutation_overlap_ID0000057 SUBMIT 4435.0 condorpool - 556
1646470902 mutation_overlap_ID0000059 SUBMIT 4436.0 condorpool - 557
1646470912 mutation_overlap_ID0000053 EXECUTE 4425.0 condorpool - 546
1646470912 mutation_overlap_ID0000059 EXECUTE 4436.0 condorpool - 557
1646470913 mutation_overlap_ID0000063 EXECUTE 4426.0 condorpool - 547
1646470913 mutation_overlap_ID0000057 EXECUTE 4435.0 condorpool - 556
1646470913 mutation_overlap_ID0000055 EXECUTE 4428.0 condorpool - 549
1646470913 frequency_ID0000058 EXECUTE 4427.0 condorpool - 548
1646470913 mutation_overlap_ID0000065 EXECUTE 4429.0 condorpool - 550
1646470913 frequency_ID0000064 EXECUTE 4430.0 condorpool - 551
1646470913 frequency_ID0000066 EXECUTE 4432.0 condorpool - 553
1646470913 frequency_ID0000054 EXECUTE 4431.0 condorpool - 552
1646470913 mutation_overlap_ID0000061 EXECUTE 4433.0 condorpool - 554
1646470913 frequency_ID0000056 EXECUTE 4434.0 condorpool - 555
1646471116 mutation_overlap_ID0000063 JOB_TERMINATED 4426.0 condorpool - 547
1646471117 mutation_overlap_ID0000063 JOB_SUCCESS 0 condorpool - 547
1646471117 mutation_overlap_ID0000063 POST_SCRIPT_STARTED 4426.0 condorpool - 547
1646471117 mutation_overlap_ID0000063 POST_SCRIPT_TERMINATED 4426.0 condorpool - 547
1646471122 mutation_overlap_ID0000063 POST_SCRIPT_SUCCESS 0 condorpool - 547
1646471117 mutation_overlap_ID0000065 JOB_TERMINATED 4429.0 condorpool - 550
1646471122 mutation_overlap_ID0000065 JOB_SUCCESS 0 condorpool - 550
1646471122 mutation_overlap_ID0000065 POST_SCRIPT_STARTED 4429.0 condorpool - 550
1646471118 mutation_overlap_ID0000059 JOB_TERMINATED 4436.0 condorpool - 557
1646471122 mutation_overlap_ID0000059 JOB_SUCCESS 0 condorpool - 557
1646471122 mutation_overlap_ID0000059 POST_SCRIPT_STARTED 4436.0 condorpool - 557
1646471118 mutation_overlap_ID0000061 JOB_TERMINATED 4433.0 condorpool - 554
1646471122 mutation_overlap_ID0000061 JOB_SUCCESS 0 condorpool - 554
1646471122 mutation_overlap_ID0000061 POST_SCRIPT_STARTED 4433.0 condorpool - 554
1646471120 mutation_overlap_ID0000055 JOB_TERMINATED 4428.0 condorpool - 549
1646471122 mutation_overlap_ID0000055 JOB_SUCCESS 0 condorpool - 549
1646471122 mutation_overlap_ID0000055 POST_SCRIPT_STARTED 4428.0 condorpool - 549
1646471120 mutation_overlap_ID0000053 JOB_TERMINATED 4425.0 condorpool - 546
1646471122 mutation_overlap_ID0000053 JOB_SUCCESS 0 condorpool - 546
1646471122 mutation_overlap_ID0000053 POST_SCRIPT_STARTED 4425.0 condorpool - 546
1646471122 mutation_overlap_ID0000061 POST_SCRIPT_TERMINATED 4433.0 condorpool - 554
1646471127 mutation_overlap_ID0000061 POST_SCRIPT_SUCCESS 0 condorpool - 554
1646471122 mutation_overlap_ID0000055 POST_SCRIPT_TERMINATED 4428.0 condorpool - 549
1646471127 mutation_overlap_ID0000055 POST_SCRIPT_SUCCESS 0 condorpool - 549
1646471122 mutation_overlap_ID0000059 POST_SCRIPT_TERMINATED 4436.0 condorpool - 557
1646471127 mutation_overlap_ID0000059 POST_SCRIPT_SUCCESS 0 condorpool - 557
1646471122 mutation_overlap_ID0000053 POST_SCRIPT_TERMINATED 4425.0 condorpool - 546
1646471127 mutation_overlap_ID0000053 POST_SCRIPT_SUCCESS 0 condorpool - 546
1646471122 mutation_overlap_ID0000065 POST_SCRIPT_TERMINATED 4429.0 condorpool - 550
1646471127 mutation_overlap_ID0000065 POST_SCRIPT_SUCCESS 0 condorpool - 550
1646471164 mutation_overlap_ID0000057 JOB_TERMINATED 4435.0 condorpool - 556
1646471167 mutation_overlap_ID0000057 JOB_SUCCESS 0 condorpool - 556
1646471167 mutation_overlap_ID0000057 POST_SCRIPT_STARTED 4435.0 condorpool - 556
1646471168 mutation_overlap_ID0000057 POST_SCRIPT_TERMINATED 4435.0 condorpool - 556
1646471172 mutation_overlap_ID0000057 POST_SCRIPT_SUCCESS 0 condorpool - 556
1646471548 frequency_ID0000060 JOB_TERMINATED 4423.0 condorpool - 544
1646471552 frequency_ID0000060 JOB_SUCCESS 0 condorpool - 544
1646471552 frequency_ID0000060 POST_SCRIPT_STARTED 4423.0 condorpool - 544
1646471552 frequency_ID0000060 POST_SCRIPT_TERMINATED 4423.0 condorpool - 544
1646471557 frequency_ID0000060 POST_SCRIPT_SUCCESS 0 condorpool - 544
1646471553 frequency_ID0000062 JOB_TERMINATED 4424.0 condorpool - 545
1646471557 frequency_ID0000062 JOB_SUCCESS 0 condorpool - 545
1646471557 frequency_ID0000062 POST_SCRIPT_STARTED 4424.0 condorpool - 545
1646471558 frequency_ID0000062 POST_SCRIPT_TERMINATED 4424.0 condorpool - 545
1646471562 frequency_ID0000062 POST_SCRIPT_SUCCESS 0 condorpool - 545
1646471570 frequency_ID0000064 JOB_TERMINATED 4430.0 condorpool - 551
1646471572 frequency_ID0000064 JOB_SUCCESS 0 condorpool - 551
1646471572 frequency_ID0000064 POST_SCRIPT_STARTED 4430.0 condorpool - 551
1646471572 frequency_ID0000058 JOB_TERMINATED 4427.0 condorpool - 548
1646471577 frequency_ID0000058 JOB_SUCCESS 0 condorpool - 548
1646471577 frequency_ID0000058 POST_SCRIPT_STARTED 4427.0 condorpool - 548
1646471572 frequency_ID0000064 POST_SCRIPT_TERMINATED 4430.0 condorpool - 551
1646471577 frequency_ID0000064 POST_SCRIPT_SUCCESS 0 condorpool - 551
1646471578 frequency_ID0000058 POST_SCRIPT_TERMINATED 4427.0 condorpool - 548
1646471582 frequency_ID0000058 POST_SCRIPT_SUCCESS 0 condorpool - 548
1646471605 frequency_ID0000066 JOB_TERMINATED 4432.0 condorpool - 553
1646471607 frequency_ID0000066 JOB_SUCCESS 0 condorpool - 553
1646471607 frequency_ID0000066 POST_SCRIPT_STARTED 4432.0 condorpool - 553
1646471607 frequency_ID0000066 POST_SCRIPT_TERMINATED 4432.0 condorpool - 553
1646471612 frequency_ID0000066 POST_SCRIPT_SUCCESS 0 condorpool - 553
1646471626 frequency_ID0000056 JOB_TERMINATED 4434.0 condorpool - 555
1646471627 frequency_ID0000056 JOB_SUCCESS 0 condorpool - 555
1646471627 frequency_ID0000056 POST_SCRIPT_STARTED 4434.0 condorpool - 555
1646471628 frequency_ID0000056 POST_SCRIPT_TERMINATED 4434.0 condorpool - 555
1646471632 frequency_ID0000056 POST_SCRIPT_SUCCESS 0 condorpool - 555
1646471631 frequency_ID0000054 JOB_TERMINATED 4431.0 condorpool - 552
1646471632 frequency_ID0000054 JOB_SUCCESS 0 condorpool - 552
1646471632 frequency_ID0000054 POST_SCRIPT_STARTED 4431.0 condorpool - 552
1646471632 frequency_ID0000054 POST_SCRIPT_TERMINATED 4431.0 condorpool - 552
1646471637 frequency_ID0000054 POST_SCRIPT_SUCCESS 0 condorpool - 552
1646471637 stage_out_local_local_2_1 SUBMIT 4437.0 local - 558
1646471637 stage_out_local_local_2_1 EXECUTE 4437.0 local - 558
1646471642 stage_out_local_local_2_1 JOB_TERMINATED 4437.0 local - 558
1646471642 stage_out_local_local_2_1 JOB_SUCCESS 0 local - 558
1646471642 stage_out_local_local_2_1 POST_SCRIPT_STARTED 4437.0 local - 558
1646471642 stage_out_local_local_2_0 SUBMIT 4438.0 local - 559
1646471643 stage_out_local_local_2_0 EXECUTE 4438.0 local - 559
1646471643 stage_out_local_local_2_1 POST_SCRIPT_TERMINATED 4437.0 local - 558
1646471647 stage_out_local_local_2_1 POST_SCRIPT_SUCCESS 0 local - 558
1646471647 stage_out_local_local_2_0 JOB_TERMINATED 4438.0 local - 559
1646471652 stage_out_local_local_2_0 JOB_SUCCESS 0 local - 559
1646471652 stage_out_local_local_2_0 POST_SCRIPT_STARTED 4438.0 local - 559
1646471652 stage_out_local_local_2_0 POST_SCRIPT_TERMINATED 4438.0 local - 559
1646471657 stage_out_local_local_2_0 POST_SCRIPT_SUCCESS 0 local - 559
1646471662 cleanup_1000-genome_0_local SUBMIT 4439.0 local - 560
1646471662 cleanup_1000-genome_0_local EXECUTE 4439.0 local - 560
1646471664 cleanup_1000-genome_0_local JOB_TERMINATED 4439.0 local - 560
1646471667 cleanup_1000-genome_0_local JOB_SUCCESS 0 local - 560
1646471667 cleanup_1000-genome_0_local POST_SCRIPT_STARTED 4439.0 local - 560
1646471667 cleanup_1000-genome_0_local POST_SCRIPT_TERMINATED 4439.0 local - 560
1646471672 cleanup_1000-genome_0_local POST_SCRIPT_SUCCESS 0 local - 560
1646471672 INTERNAL *** DAGMAN_FINISHED 0 ***
1646471674 INTERNAL *** MONITORD_FINISHED 0 ***
