1646045939 INTERNAL *** MONITORD_STARTED ***
1646045938 INTERNAL *** DAGMAN_STARTED 3386.0 ***
1646045942 create_dir_1000-genome_0_local SUBMIT 3387.0 local - 721
1646045944 create_dir_1000-genome_0_local EXECUTE 3387.0 local - 721
1646045946 create_dir_1000-genome_0_local JOB_TERMINATED 3387.0 local - 721
1646045947 create_dir_1000-genome_0_local JOB_SUCCESS 0 local - 721
1646045947 create_dir_1000-genome_0_local POST_SCRIPT_STARTED 3387.0 local - 721
1646045947 create_dir_1000-genome_0_local POST_SCRIPT_TERMINATED 3387.0 local - 721
1646045952 create_dir_1000-genome_0_local POST_SCRIPT_SUCCESS 0 local - 721
1646045957 stage_in_remote_local_2_0 SUBMIT 3388.0 local - 722
1646045957 stage_in_remote_local_2_0 EXECUTE 3388.0 local - 722
1646045957 stage_in_remote_local_1_0 SUBMIT 3389.0 local - 723
1646045958 stage_in_remote_local_0_0 SUBMIT 3390.0 local - 724
1646045958 stage_in_local_local_0_0 SUBMIT 3391.0 local - 725
1646045958 stage_in_local_local_2_0 SUBMIT 3392.0 local - 726
1646045960 stage_in_remote_local_2_0 JOB_TERMINATED 3388.0 local - 722
1646045963 stage_in_remote_local_2_0 JOB_SUCCESS 0 local - 722
1646045963 stage_in_remote_local_2_0 POST_SCRIPT_STARTED 3388.0 local - 722
1646045960 stage_in_local_local_2_0 EXECUTE 3392.0 local - 726
1646045960 stage_in_local_local_0_0 EXECUTE 3391.0 local - 725
1646045960 stage_in_remote_local_0_0 EXECUTE 3390.0 local - 724
1646045960 stage_in_remote_local_1_0 EXECUTE 3389.0 local - 723
1646045962 stage_in_remote_local_0_0 JOB_TERMINATED 3390.0 local - 724
1646045963 stage_in_remote_local_0_0 JOB_SUCCESS 0 local - 724
1646045963 stage_in_remote_local_0_0 POST_SCRIPT_STARTED 3390.0 local - 724
1646045962 stage_in_local_local_0_0 JOB_TERMINATED 3391.0 local - 725
1646045963 stage_in_local_local_0_0 JOB_SUCCESS 0 local - 725
1646045963 stage_in_local_local_0_0 POST_SCRIPT_STARTED 3391.0 local - 725
1646045962 stage_in_remote_local_1_0 JOB_TERMINATED 3389.0 local - 723
1646045963 stage_in_remote_local_1_0 JOB_SUCCESS 0 local - 723
1646045963 stage_in_remote_local_1_0 POST_SCRIPT_STARTED 3389.0 local - 723
1646045963 stage_in_remote_local_0_1 SUBMIT 3393.0 local - 727
1646045963 stage_in_local_local_0_1 SUBMIT 3394.0 local - 728
1646045963 stage_in_local_local_2_1 SUBMIT 3395.0 local - 729
1646045963 stage_in_remote_local_2_1 SUBMIT 3396.0 local - 730
1646045963 stage_in_local_local_0_2 SUBMIT 3397.0 local - 731
1646045963 stage_in_remote_local_0_0 POST_SCRIPT_TERMINATED 3390.0 local - 724
1646045968 stage_in_remote_local_0_0 POST_SCRIPT_SUCCESS 0 local - 724
1646045963 stage_in_remote_local_2_0 POST_SCRIPT_TERMINATED 3388.0 local - 722
1646045968 stage_in_remote_local_2_0 POST_SCRIPT_SUCCESS 0 local - 722
1646045963 stage_in_local_local_0_0 POST_SCRIPT_TERMINATED 3391.0 local - 725
1646045968 stage_in_local_local_0_0 POST_SCRIPT_SUCCESS 0 local - 725
1646045963 stage_in_remote_local_1_0 POST_SCRIPT_TERMINATED 3389.0 local - 723
1646045968 stage_in_remote_local_1_0 POST_SCRIPT_SUCCESS 0 local - 723
1646045964 stage_in_local_local_2_0 JOB_TERMINATED 3392.0 local - 726
1646045968 stage_in_local_local_2_0 JOB_SUCCESS 0 local - 726
1646045968 stage_in_local_local_2_0 POST_SCRIPT_STARTED 3392.0 local - 726
1646045964 stage_in_local_local_0_2 EXECUTE 3397.0 local - 731
1646045964 stage_in_remote_local_2_1 EXECUTE 3396.0 local - 730
1646045964 stage_in_local_local_2_1 EXECUTE 3395.0 local - 729
1646045964 stage_in_local_local_0_1 EXECUTE 3394.0 local - 728
1646045964 stage_in_remote_local_0_1 EXECUTE 3393.0 local - 727
1646045966 stage_in_local_local_0_2 JOB_TERMINATED 3397.0 local - 731
1646045968 stage_in_local_local_0_2 JOB_SUCCESS 0 local - 731
1646045968 stage_in_local_local_0_2 POST_SCRIPT_STARTED 3397.0 local - 731
1646045966 stage_in_remote_local_2_1 JOB_TERMINATED 3396.0 local - 730
1646045968 stage_in_remote_local_2_1 JOB_SUCCESS 0 local - 730
1646045968 stage_in_remote_local_2_1 POST_SCRIPT_STARTED 3396.0 local - 730
1646045966 stage_in_remote_local_0_1 JOB_TERMINATED 3393.0 local - 727
1646045968 stage_in_remote_local_0_1 JOB_SUCCESS 0 local - 727
1646045968 stage_in_remote_local_0_1 POST_SCRIPT_STARTED 3393.0 local - 727
1646045967 stage_in_local_local_0_1 JOB_TERMINATED 3394.0 local - 728
1646045968 stage_in_local_local_0_1 JOB_SUCCESS 0 local - 728
1646045968 stage_in_local_local_0_1 POST_SCRIPT_STARTED 3394.0 local - 728
1646045968 stage_in_local_local_2_0 POST_SCRIPT_TERMINATED 3392.0 local - 726
1646045973 stage_in_local_local_2_0 POST_SCRIPT_SUCCESS 0 local - 726
1646045968 stage_in_local_local_2_1 JOB_TERMINATED 3395.0 local - 729
1646045973 stage_in_local_local_2_1 JOB_SUCCESS 0 local - 729
1646045973 stage_in_local_local_2_1 POST_SCRIPT_STARTED 3395.0 local - 729
1646045968 stage_in_local_local_0_2 POST_SCRIPT_TERMINATED 3397.0 local - 731
1646045973 stage_in_local_local_0_2 POST_SCRIPT_SUCCESS 0 local - 731
1646045968 stage_in_local_local_0_1 POST_SCRIPT_TERMINATED 3394.0 local - 728
1646045973 stage_in_local_local_0_1 POST_SCRIPT_SUCCESS 0 local - 728
1646045968 stage_in_remote_local_0_1 POST_SCRIPT_TERMINATED 3393.0 local - 727
1646045973 stage_in_remote_local_0_1 POST_SCRIPT_SUCCESS 0 local - 727
1646045968 stage_in_remote_local_2_1 POST_SCRIPT_TERMINATED 3396.0 local - 730
1646045973 stage_in_remote_local_2_1 POST_SCRIPT_SUCCESS 0 local - 730
1646045974 stage_in_local_local_2_1 POST_SCRIPT_TERMINATED 3395.0 local - 729
1646045978 stage_in_local_local_2_1 POST_SCRIPT_SUCCESS 0 local - 729
1646045978 individuals_ID0000037 SUBMIT 3398.0 condorpool - 732
1646045978 individuals_ID0000038 SUBMIT 3399.0 condorpool - 733
1646045978 individuals_ID0000039 SUBMIT 3400.0 condorpool - 734
1646045978 individuals_ID0000033 SUBMIT 3401.0 condorpool - 735
1646045978 individuals_ID0000034 SUBMIT 3402.0 condorpool - 736
1646045983 individuals_ID0000035 SUBMIT 3403.0 condorpool - 737
1646045983 individuals_ID0000036 SUBMIT 3404.0 condorpool - 738
1646045983 individuals_ID0000030 SUBMIT 3405.0 condorpool - 739
1646045983 individuals_ID0000031 SUBMIT 3406.0 condorpool - 740
1646045983 individuals_ID0000032 SUBMIT 3407.0 condorpool - 741
1646045988 individuals_ID0000004 SUBMIT 3408.0 condorpool - 742
1646045988 individuals_ID0000048 SUBMIT 3409.0 condorpool - 743
1646045988 individuals_ID0000005 SUBMIT 3410.0 condorpool - 744
1646045988 individuals_ID0000049 SUBMIT 3411.0 condorpool - 745
1646045988 individuals_ID0000006 SUBMIT 3412.0 condorpool - 746
1646045993 individuals_ID0000007 SUBMIT 3413.0 condorpool - 747
1646045993 individuals_ID0000044 SUBMIT 3414.0 condorpool - 748
1646045993 individuals_ID0000001 SUBMIT 3415.0 condorpool - 749
1646045993 individuals_ID0000045 SUBMIT 3416.0 condorpool - 750
1646045993 individuals_ID0000002 SUBMIT 3417.0 condorpool - 751
1646045998 individuals_ID0000046 SUBMIT 3418.0 condorpool - 752
1646045999 individuals_ID0000003 SUBMIT 3419.0 condorpool - 753
1646045999 individuals_ID0000047 SUBMIT 3420.0 condorpool - 754
1646045999 individuals_ID0000008 SUBMIT 3421.0 condorpool - 755
1646045999 individuals_ID0000009 SUBMIT 3422.0 condorpool - 756
1646046002 individuals_ID0000006 EXECUTE 3412.0 condorpool - 746
1646046004 individuals_ID0000040 SUBMIT 3423.0 condorpool - 757
1646046004 individuals_ID0000041 SUBMIT 3424.0 condorpool - 758
1646046004 individuals_ID0000042 SUBMIT 3425.0 condorpool - 759
1646046004 individuals_ID0000043 SUBMIT 3426.0 condorpool - 760
1646046004 individuals_ID0000015 SUBMIT 3427.0 condorpool - 761
1646046009 individuals_ID0000016 SUBMIT 3428.0 condorpool - 762
1646046009 individuals_ID0000017 SUBMIT 3429.0 condorpool - 763
1646046009 individuals_ID0000018 SUBMIT 3430.0 condorpool - 764
1646046009 individuals_ID0000011 SUBMIT 3431.0 condorpool - 765
1646046009 individuals_ID0000012 SUBMIT 3432.0 condorpool - 766
1646046010 individuals_ID0000035 EXECUTE 3403.0 condorpool - 737
1646046010 individuals_ID0000034 EXECUTE 3402.0 condorpool - 736
1646046012 individuals_ID0000038 EXECUTE 3399.0 condorpool - 733
1646046012 individuals_ID0000037 EXECUTE 3398.0 condorpool - 732
1646046014 individuals_ID0000004 EXECUTE 3408.0 condorpool - 742
1646046014 individuals_ID0000013 SUBMIT 3433.0 condorpool - 767
1646046014 individuals_ID0000014 SUBMIT 3434.0 condorpool - 768
1646046014 individuals_ID0000019 SUBMIT 3435.0 condorpool - 769
1646046014 individuals_ID0000010 SUBMIT 3436.0 condorpool - 770
1646046014 individuals_ID0000050 SUBMIT 3437.0 condorpool - 771
1646046016 individuals_ID0000031 EXECUTE 3406.0 condorpool - 740
1646046016 individuals_ID0000032 EXECUTE 3407.0 condorpool - 741
1646046019 individuals_ID0000026 SUBMIT 3438.0 condorpool - 772
1646046019 individuals_ID0000027 SUBMIT 3439.0 condorpool - 773
1646046019 individuals_ID0000049 EXECUTE 3411.0 condorpool - 745
1646046019 individuals_ID0000028 SUBMIT 3440.0 condorpool - 774
1646046019 individuals_ID0000029 SUBMIT 3441.0 condorpool - 775
1646046020 individuals_ID0000022 SUBMIT 3442.0 condorpool - 776
1646046020 individuals_ID0000005 EXECUTE 3410.0 condorpool - 744
1646046025 individuals_ID0000023 SUBMIT 3443.0 condorpool - 777
1646046025 individuals_ID0000024 SUBMIT 3444.0 condorpool - 778
1646046025 individuals_ID0000025 SUBMIT 3445.0 condorpool - 779
1646046025 individuals_ID0000020 SUBMIT 3446.0 condorpool - 780
1646046025 individuals_ID0000030 EXECUTE 3405.0 condorpool - 739
1646046025 individuals_ID0000021 SUBMIT 3447.0 condorpool - 781
1646046025 individuals_ID0000036 EXECUTE 3404.0 condorpool - 738
1646046030 sifting_ID0000052 SUBMIT 3448.0 condorpool - 782
1646046033 individuals_ID0000044 EXECUTE 3414.0 condorpool - 748
1646046034 individuals_ID0000009 EXECUTE 3422.0 condorpool - 756
1646046041 individuals_ID0000039 EXECUTE 3400.0 condorpool - 734
1646046043 individuals_ID0000048 EXECUTE 3409.0 condorpool - 743
1646046045 individuals_ID0000040 EXECUTE 3423.0 condorpool - 757
1646046048 individuals_ID0000012 EXECUTE 3432.0 condorpool - 766
1646046052 individuals_ID0000045 EXECUTE 3416.0 condorpool - 750
1646046053 individuals_ID0000001 EXECUTE 3415.0 condorpool - 749
1646046057 individuals_ID0000002 EXECUTE 3417.0 condorpool - 751
1646046059 individuals_ID0000042 EXECUTE 3425.0 condorpool - 759
1646046061 individuals_ID0000003 EXECUTE 3419.0 condorpool - 753
1646046062 individuals_ID0000033 EXECUTE 3401.0 condorpool - 735
1646046063 individuals_ID0000041 EXECUTE 3424.0 condorpool - 758
1646046067 individuals_ID0000011 EXECUTE 3431.0 condorpool - 765
1646046067 individuals_ID0000047 EXECUTE 3420.0 condorpool - 754
1646046074 individuals_ID0000043 EXECUTE 3426.0 condorpool - 760
1646046076 individuals_ID0000017 EXECUTE 3429.0 condorpool - 763
1646046086 individuals_ID0000050 EXECUTE 3437.0 condorpool - 771
1646046087 individuals_ID0000016 EXECUTE 3428.0 condorpool - 762
1646046087 individuals_ID0000013 EXECUTE 3433.0 condorpool - 767
1646046087 individuals_ID0000018 EXECUTE 3430.0 condorpool - 764
1646046091 individuals_ID0000046 EXECUTE 3418.0 condorpool - 752
1646046102 individuals_ID0000008 EXECUTE 3421.0 condorpool - 755
1646046106 individuals_ID0000010 EXECUTE 3436.0 condorpool - 770
1646046107 individuals_ID0000015 EXECUTE 3427.0 condorpool - 761
1646046107 individuals_ID0000014 EXECUTE 3434.0 condorpool - 768
1646046111 individuals_ID0000007 EXECUTE 3413.0 condorpool - 747
1646046116 individuals_ID0000019 EXECUTE 3435.0 condorpool - 769
1646046600 individuals_ID0000001 JOB_TERMINATED 3415.0 condorpool - 749
1646046600 individuals_ID0000001 JOB_SUCCESS 0 condorpool - 749
1646046600 individuals_ID0000001 POST_SCRIPT_STARTED 3415.0 condorpool - 749
1646046601 individuals_ID0000001 POST_SCRIPT_TERMINATED 3415.0 condorpool - 749
1646046605 individuals_ID0000001 POST_SCRIPT_SUCCESS 0 condorpool - 749
1646046607 individuals_ID0000026 EXECUTE 3438.0 condorpool - 772
1646046765 individuals_ID0000012 JOB_TERMINATED 3432.0 condorpool - 766
1646046770 individuals_ID0000012 JOB_SUCCESS 0 condorpool - 766
1646046770 individuals_ID0000012 POST_SCRIPT_STARTED 3432.0 condorpool - 766
1646046770 individuals_ID0000027 EXECUTE 3439.0 condorpool - 773
1646046770 individuals_ID0000012 POST_SCRIPT_TERMINATED 3432.0 condorpool - 766
1646046775 individuals_ID0000012 POST_SCRIPT_SUCCESS 0 condorpool - 766
1646046800 individuals_ID0000011 JOB_TERMINATED 3431.0 condorpool - 765
1646046800 individuals_ID0000011 JOB_SUCCESS 0 condorpool - 765
1646046800 individuals_ID0000011 POST_SCRIPT_STARTED 3431.0 condorpool - 765
1646046800 individuals_ID0000011 POST_SCRIPT_TERMINATED 3431.0 condorpool - 765
1646046806 individuals_ID0000011 POST_SCRIPT_SUCCESS 0 condorpool - 765
1646046805 individuals_ID0000028 EXECUTE 3440.0 condorpool - 774
1646046810 individuals_ID0000013 JOB_TERMINATED 3433.0 condorpool - 767
1646046811 individuals_ID0000013 JOB_SUCCESS 0 condorpool - 767
1646046811 individuals_ID0000013 POST_SCRIPT_STARTED 3433.0 condorpool - 767
1646046811 individuals_ID0000013 POST_SCRIPT_TERMINATED 3433.0 condorpool - 767
1646046816 individuals_ID0000013 POST_SCRIPT_SUCCESS 0 condorpool - 767
1646046816 individuals_ID0000029 EXECUTE 3441.0 condorpool - 775
1646046820 individuals_ID0000018 JOB_TERMINATED 3430.0 condorpool - 764
1646046821 individuals_ID0000018 JOB_SUCCESS 0 condorpool - 764
1646046821 individuals_ID0000018 POST_SCRIPT_STARTED 3430.0 condorpool - 764
1646046821 individuals_ID0000018 POST_SCRIPT_TERMINATED 3430.0 condorpool - 764
1646046826 individuals_ID0000018 POST_SCRIPT_SUCCESS 0 condorpool - 764
1646046826 individuals_ID0000022 EXECUTE 3442.0 condorpool - 776
1646046910 individuals_ID0000032 JOB_TERMINATED 3407.0 condorpool - 741
1646046911 individuals_ID0000032 JOB_SUCCESS 0 condorpool - 741
1646046911 individuals_ID0000032 POST_SCRIPT_STARTED 3407.0 condorpool - 741
1646046912 individuals_ID0000032 POST_SCRIPT_TERMINATED 3407.0 condorpool - 741
1646046916 individuals_ID0000032 POST_SCRIPT_SUCCESS 0 condorpool - 741
1646046915 individuals_ID0000004 JOB_TERMINATED 3408.0 condorpool - 742
1646046916 individuals_ID0000004 JOB_SUCCESS 0 condorpool - 742
1646046916 individuals_ID0000004 POST_SCRIPT_STARTED 3408.0 condorpool - 742
1646046915 individuals_ID0000023 EXECUTE 3443.0 condorpool - 777
1646046916 individuals_ID0000004 POST_SCRIPT_TERMINATED 3408.0 condorpool - 742
1646046921 individuals_ID0000004 POST_SCRIPT_SUCCESS 0 condorpool - 742
1646046920 individuals_ID0000024 EXECUTE 3444.0 condorpool - 778
1646046921 individuals_ID0000048 JOB_TERMINATED 3409.0 condorpool - 743
1646046926 individuals_ID0000048 JOB_SUCCESS 0 condorpool - 743
1646046926 individuals_ID0000048 POST_SCRIPT_STARTED 3409.0 condorpool - 743
1646046926 individuals_ID0000048 POST_SCRIPT_TERMINATED 3409.0 condorpool - 743
1646046931 individuals_ID0000048 POST_SCRIPT_SUCCESS 0 condorpool - 743
1646046927 individuals_ID0000031 JOB_TERMINATED 3406.0 condorpool - 740
1646046931 individuals_ID0000031 JOB_SUCCESS 0 condorpool - 740
1646046931 individuals_ID0000031 POST_SCRIPT_STARTED 3406.0 condorpool - 740
1646046927 individuals_ID0000025 EXECUTE 3445.0 condorpool - 779
1646046932 individuals_ID0000031 POST_SCRIPT_TERMINATED 3406.0 condorpool - 740
1646046936 individuals_ID0000031 POST_SCRIPT_SUCCESS 0 condorpool - 740
1646046933 individuals_ID0000020 EXECUTE 3446.0 condorpool - 780
1646046961 individuals_ID0000037 JOB_TERMINATED 3398.0 condorpool - 732
1646046966 individuals_ID0000037 JOB_SUCCESS 0 condorpool - 732
1646046966 individuals_ID0000037 POST_SCRIPT_STARTED 3398.0 condorpool - 732
1646046966 individuals_ID0000021 EXECUTE 3447.0 condorpool - 781
1646046966 individuals_ID0000037 POST_SCRIPT_TERMINATED 3398.0 condorpool - 732
1646046971 individuals_ID0000037 POST_SCRIPT_SUCCESS 0 condorpool - 732
1646046970 individuals_ID0000038 JOB_TERMINATED 3399.0 condorpool - 733
1646046971 individuals_ID0000038 JOB_SUCCESS 0 condorpool - 733
1646046971 individuals_ID0000038 POST_SCRIPT_STARTED 3399.0 condorpool - 733
1646046971 individuals_ID0000038 POST_SCRIPT_TERMINATED 3399.0 condorpool - 733
1646046976 individuals_ID0000038 POST_SCRIPT_SUCCESS 0 condorpool - 733
1646046972 sifting_ID0000052 EXECUTE 3448.0 condorpool - 782
1646046974 sifting_ID0000052 JOB_TERMINATED 3448.0 condorpool - 782
1646046976 sifting_ID0000052 JOB_SUCCESS 0 condorpool - 782
1646046976 sifting_ID0000052 POST_SCRIPT_STARTED 3448.0 condorpool - 782
1646046977 sifting_ID0000052 POST_SCRIPT_TERMINATED 3448.0 condorpool - 782
1646046981 sifting_ID0000052 POST_SCRIPT_SUCCESS 0 condorpool - 782
1646046978 individuals_ID0000039 JOB_TERMINATED 3400.0 condorpool - 734
1646046981 individuals_ID0000039 JOB_SUCCESS 0 condorpool - 734
1646046981 individuals_ID0000039 POST_SCRIPT_STARTED 3400.0 condorpool - 734
1646046981 individuals_ID0000039 POST_SCRIPT_TERMINATED 3400.0 condorpool - 734
1646046986 individuals_ID0000039 POST_SCRIPT_SUCCESS 0 condorpool - 734
1646046986 individuals_ID0000033 JOB_TERMINATED 3401.0 condorpool - 735
1646046986 individuals_ID0000033 JOB_SUCCESS 0 condorpool - 735
1646046986 individuals_ID0000033 POST_SCRIPT_STARTED 3401.0 condorpool - 735
1646046986 individuals_ID0000033 POST_SCRIPT_TERMINATED 3401.0 condorpool - 735
1646046991 individuals_ID0000033 POST_SCRIPT_SUCCESS 0 condorpool - 735
1646047011 individuals_ID0000009 JOB_TERMINATED 3422.0 condorpool - 756
1646047011 individuals_ID0000009 JOB_SUCCESS 0 condorpool - 756
1646047011 individuals_ID0000009 POST_SCRIPT_STARTED 3422.0 condorpool - 756
1646047012 individuals_ID0000009 POST_SCRIPT_TERMINATED 3422.0 condorpool - 756
1646047016 individuals_ID0000009 POST_SCRIPT_SUCCESS 0 condorpool - 756
1646047027 individuals_ID0000040 JOB_TERMINATED 3423.0 condorpool - 757
1646047031 individuals_ID0000040 JOB_SUCCESS 0 condorpool - 757
1646047031 individuals_ID0000040 POST_SCRIPT_STARTED 3423.0 condorpool - 757
1646047031 individuals_ID0000040 POST_SCRIPT_TERMINATED 3423.0 condorpool - 757
1646047036 individuals_ID0000040 POST_SCRIPT_SUCCESS 0 condorpool - 757
1646047033 individuals_ID0000041 JOB_TERMINATED 3424.0 condorpool - 758
1646047036 individuals_ID0000041 JOB_SUCCESS 0 condorpool - 758
1646047036 individuals_ID0000041 POST_SCRIPT_STARTED 3424.0 condorpool - 758
1646047036 individuals_ID0000041 POST_SCRIPT_TERMINATED 3424.0 condorpool - 758
1646047041 individuals_ID0000041 POST_SCRIPT_SUCCESS 0 condorpool - 758
1646047041 individuals_ID0000042 JOB_TERMINATED 3425.0 condorpool - 759
1646047041 individuals_ID0000042 JOB_SUCCESS 0 condorpool - 759
1646047041 individuals_ID0000042 POST_SCRIPT_STARTED 3425.0 condorpool - 759
1646047042 individuals_ID0000042 POST_SCRIPT_TERMINATED 3425.0 condorpool - 759
1646047046 individuals_ID0000042 POST_SCRIPT_SUCCESS 0 condorpool - 759
1646047062 individuals_ID0000017 JOB_TERMINATED 3429.0 condorpool - 763
1646047066 individuals_ID0000017 JOB_SUCCESS 0 condorpool - 763
1646047066 individuals_ID0000017 POST_SCRIPT_STARTED 3429.0 condorpool - 763
1646047065 individuals_ID0000043 JOB_TERMINATED 3426.0 condorpool - 760
1646047066 individuals_ID0000043 JOB_SUCCESS 0 condorpool - 760
1646047066 individuals_ID0000043 POST_SCRIPT_STARTED 3426.0 condorpool - 760
1646047066 individuals_ID0000017 POST_SCRIPT_TERMINATED 3429.0 condorpool - 763
1646047071 individuals_ID0000017 POST_SCRIPT_SUCCESS 0 condorpool - 763
1646047066 individuals_ID0000043 POST_SCRIPT_TERMINATED 3426.0 condorpool - 760
1646047071 individuals_ID0000043 POST_SCRIPT_SUCCESS 0 condorpool - 760
1646047068 individuals_ID0000015 JOB_TERMINATED 3427.0 condorpool - 761
1646047071 individuals_ID0000015 JOB_SUCCESS 0 condorpool - 761
1646047071 individuals_ID0000015 POST_SCRIPT_STARTED 3427.0 condorpool - 761
1646047068 individuals_ID0000016 JOB_TERMINATED 3428.0 condorpool - 762
1646047071 individuals_ID0000016 JOB_SUCCESS 0 condorpool - 762
1646047071 individuals_ID0000016 POST_SCRIPT_STARTED 3428.0 condorpool - 762
1646047072 individuals_ID0000016 POST_SCRIPT_TERMINATED 3428.0 condorpool - 762
1646047076 individuals_ID0000016 POST_SCRIPT_SUCCESS 0 condorpool - 762
1646047072 individuals_ID0000015 POST_SCRIPT_TERMINATED 3427.0 condorpool - 761
1646047076 individuals_ID0000015 POST_SCRIPT_SUCCESS 0 condorpool - 761
1646047079 individuals_ID0000003 JOB_TERMINATED 3419.0 condorpool - 753
1646047081 individuals_ID0000003 JOB_SUCCESS 0 condorpool - 753
1646047081 individuals_ID0000003 POST_SCRIPT_STARTED 3419.0 condorpool - 753
1646047081 individuals_ID0000003 POST_SCRIPT_TERMINATED 3419.0 condorpool - 753
1646047086 individuals_ID0000003 POST_SCRIPT_SUCCESS 0 condorpool - 753
1646047083 individuals_ID0000047 JOB_TERMINATED 3420.0 condorpool - 754
1646047086 individuals_ID0000047 JOB_SUCCESS 0 condorpool - 754
1646047086 individuals_ID0000047 POST_SCRIPT_STARTED 3420.0 condorpool - 754
1646047086 individuals_ID0000047 POST_SCRIPT_TERMINATED 3420.0 condorpool - 754
1646047091 individuals_ID0000047 POST_SCRIPT_SUCCESS 0 condorpool - 754
1646047096 individuals_ID0000046 JOB_TERMINATED 3418.0 condorpool - 752
1646047096 individuals_ID0000046 JOB_SUCCESS 0 condorpool - 752
1646047096 individuals_ID0000046 POST_SCRIPT_STARTED 3418.0 condorpool - 752
1646047097 individuals_ID0000046 POST_SCRIPT_TERMINATED 3418.0 condorpool - 752
1646047101 individuals_ID0000046 POST_SCRIPT_SUCCESS 0 condorpool - 752
1646047097 individuals_ID0000008 JOB_TERMINATED 3421.0 condorpool - 755
1646047101 individuals_ID0000008 JOB_SUCCESS 0 condorpool - 755
1646047101 individuals_ID0000008 POST_SCRIPT_STARTED 3421.0 condorpool - 755
1646047101 individuals_ID0000008 POST_SCRIPT_TERMINATED 3421.0 condorpool - 755
1646047106 individuals_ID0000008 POST_SCRIPT_SUCCESS 0 condorpool - 755
1646047122 individuals_ID0000006 JOB_TERMINATED 3412.0 condorpool - 746
1646047126 individuals_ID0000006 JOB_SUCCESS 0 condorpool - 746
1646047126 individuals_ID0000006 POST_SCRIPT_STARTED 3412.0 condorpool - 746
1646047126 individuals_ID0000006 POST_SCRIPT_TERMINATED 3412.0 condorpool - 746
1646047131 individuals_ID0000006 POST_SCRIPT_SUCCESS 0 condorpool - 746
1646047139 individuals_ID0000049 JOB_TERMINATED 3411.0 condorpool - 745
1646047141 individuals_ID0000049 JOB_SUCCESS 0 condorpool - 745
1646047141 individuals_ID0000049 POST_SCRIPT_STARTED 3411.0 condorpool - 745
1646047141 individuals_ID0000005 JOB_TERMINATED 3410.0 condorpool - 744
1646047141 individuals_ID0000005 JOB_SUCCESS 0 condorpool - 744
1646047141 individuals_ID0000005 POST_SCRIPT_STARTED 3410.0 condorpool - 744
1646047142 individuals_ID0000005 POST_SCRIPT_TERMINATED 3410.0 condorpool - 744
1646047146 individuals_ID0000005 POST_SCRIPT_SUCCESS 0 condorpool - 744
1646047142 individuals_ID0000049 POST_SCRIPT_TERMINATED 3411.0 condorpool - 745
1646047146 individuals_ID0000049 POST_SCRIPT_SUCCESS 0 condorpool - 745
1646047153 individuals_ID0000007 JOB_TERMINATED 3413.0 condorpool - 747
1646047156 individuals_ID0000007 JOB_SUCCESS 0 condorpool - 747
1646047156 individuals_ID0000007 POST_SCRIPT_STARTED 3413.0 condorpool - 747
1646047156 individuals_ID0000007 POST_SCRIPT_TERMINATED 3413.0 condorpool - 747
1646047161 individuals_ID0000007 POST_SCRIPT_SUCCESS 0 condorpool - 747
1646047161 individuals_ID0000050 JOB_TERMINATED 3437.0 condorpool - 771
1646047161 individuals_ID0000050 JOB_SUCCESS 0 condorpool - 771
1646047161 individuals_ID0000050 POST_SCRIPT_STARTED 3437.0 condorpool - 771
1646047161 individuals_ID0000050 POST_SCRIPT_TERMINATED 3437.0 condorpool - 771
1646047166 individuals_ID0000050 POST_SCRIPT_SUCCESS 0 condorpool - 771
1646047170 individuals_ID0000044 JOB_TERMINATED 3414.0 condorpool - 748
1646047171 individuals_ID0000044 JOB_SUCCESS 0 condorpool - 748
1646047171 individuals_ID0000044 POST_SCRIPT_STARTED 3414.0 condorpool - 748
1646047172 individuals_ID0000044 POST_SCRIPT_TERMINATED 3414.0 condorpool - 748
1646047176 individuals_ID0000044 POST_SCRIPT_SUCCESS 0 condorpool - 748
1646047185 individuals_ID0000019 JOB_TERMINATED 3435.0 condorpool - 769
1646047186 individuals_ID0000019 JOB_SUCCESS 0 condorpool - 769
1646047186 individuals_ID0000019 POST_SCRIPT_STARTED 3435.0 condorpool - 769
1646047186 individuals_ID0000019 POST_SCRIPT_TERMINATED 3435.0 condorpool - 769
1646047191 individuals_ID0000019 POST_SCRIPT_SUCCESS 0 condorpool - 769
1646047187 individuals_ID0000014 JOB_TERMINATED 3434.0 condorpool - 768
1646047191 individuals_ID0000014 JOB_SUCCESS 0 condorpool - 768
1646047191 individuals_ID0000014 POST_SCRIPT_STARTED 3434.0 condorpool - 768
1646047189 individuals_ID0000002 JOB_TERMINATED 3417.0 condorpool - 751
1646047191 individuals_ID0000002 JOB_SUCCESS 0 condorpool - 751
1646047191 individuals_ID0000002 POST_SCRIPT_STARTED 3417.0 condorpool - 751
1646047189 individuals_ID0000010 JOB_TERMINATED 3436.0 condorpool - 770
1646047191 individuals_ID0000010 JOB_SUCCESS 0 condorpool - 770
1646047191 individuals_ID0000010 POST_SCRIPT_STARTED 3436.0 condorpool - 770
1646047191 individuals_ID0000002 POST_SCRIPT_TERMINATED 3417.0 condorpool - 751
1646047196 individuals_ID0000002 POST_SCRIPT_SUCCESS 0 condorpool - 751
1646047191 individuals_ID0000014 POST_SCRIPT_TERMINATED 3434.0 condorpool - 768
1646047196 individuals_ID0000014 POST_SCRIPT_SUCCESS 0 condorpool - 768
1646047191 individuals_ID0000010 POST_SCRIPT_TERMINATED 3436.0 condorpool - 770
1646047196 individuals_ID0000010 POST_SCRIPT_SUCCESS 0 condorpool - 770
1646047194 individuals_ID0000045 JOB_TERMINATED 3416.0 condorpool - 750
1646047196 individuals_ID0000045 JOB_SUCCESS 0 condorpool - 750
1646047196 individuals_ID0000045 POST_SCRIPT_STARTED 3416.0 condorpool - 750
1646047197 individuals_ID0000045 POST_SCRIPT_TERMINATED 3416.0 condorpool - 750
1646047201 individuals_ID0000045 POST_SCRIPT_SUCCESS 0 condorpool - 750
1646047282 individuals_ID0000034 JOB_TERMINATED 3402.0 condorpool - 736
1646047286 individuals_ID0000034 JOB_SUCCESS 0 condorpool - 736
1646047286 individuals_ID0000034 POST_SCRIPT_STARTED 3402.0 condorpool - 736
1646047286 individuals_ID0000034 POST_SCRIPT_TERMINATED 3402.0 condorpool - 736
1646047291 individuals_ID0000034 POST_SCRIPT_SUCCESS 0 condorpool - 736
1646047299 individuals_ID0000035 JOB_TERMINATED 3403.0 condorpool - 737
1646047301 individuals_ID0000035 JOB_SUCCESS 0 condorpool - 737
1646047301 individuals_ID0000035 POST_SCRIPT_STARTED 3403.0 condorpool - 737
1646047302 individuals_ID0000035 POST_SCRIPT_TERMINATED 3403.0 condorpool - 737
1646047306 individuals_ID0000035 POST_SCRIPT_SUCCESS 0 condorpool - 737
1646047308 individuals_ID0000036 JOB_TERMINATED 3404.0 condorpool - 738
1646047311 individuals_ID0000036 JOB_SUCCESS 0 condorpool - 738
1646047311 individuals_ID0000036 POST_SCRIPT_STARTED 3404.0 condorpool - 738
1646047311 individuals_ID0000030 JOB_TERMINATED 3405.0 condorpool - 739
1646047316 individuals_ID0000030 JOB_SUCCESS 0 condorpool - 739
1646047316 individuals_ID0000030 POST_SCRIPT_STARTED 3405.0 condorpool - 739
1646047311 individuals_ID0000036 POST_SCRIPT_TERMINATED 3404.0 condorpool - 738
1646047316 individuals_ID0000036 POST_SCRIPT_SUCCESS 0 condorpool - 738
1646047316 individuals_ID0000030 POST_SCRIPT_TERMINATED 3405.0 condorpool - 739
1646047321 individuals_ID0000030 POST_SCRIPT_SUCCESS 0 condorpool - 739
1646047469 individuals_ID0000026 JOB_TERMINATED 3438.0 condorpool - 772
1646047471 individuals_ID0000026 JOB_SUCCESS 0 condorpool - 772
1646047471 individuals_ID0000026 POST_SCRIPT_STARTED 3438.0 condorpool - 772
1646047472 individuals_ID0000026 POST_SCRIPT_TERMINATED 3438.0 condorpool - 772
1646047476 individuals_ID0000026 POST_SCRIPT_SUCCESS 0 condorpool - 772
1646047472 individuals_ID0000027 JOB_TERMINATED 3439.0 condorpool - 773
1646047476 individuals_ID0000027 JOB_SUCCESS 0 condorpool - 773
1646047476 individuals_ID0000027 POST_SCRIPT_STARTED 3439.0 condorpool - 773
1646047476 individuals_ID0000027 POST_SCRIPT_TERMINATED 3439.0 condorpool - 773
1646047481 individuals_ID0000027 POST_SCRIPT_SUCCESS 0 condorpool - 773
1646047509 individuals_ID0000029 JOB_TERMINATED 3441.0 condorpool - 775
1646047511 individuals_ID0000029 JOB_SUCCESS 0 condorpool - 775
1646047511 individuals_ID0000029 POST_SCRIPT_STARTED 3441.0 condorpool - 775
1646047511 individuals_ID0000029 POST_SCRIPT_TERMINATED 3441.0 condorpool - 775
1646047516 individuals_ID0000029 POST_SCRIPT_SUCCESS 0 condorpool - 775
1646047514 individuals_ID0000028 JOB_TERMINATED 3440.0 condorpool - 774
1646047516 individuals_ID0000028 JOB_SUCCESS 0 condorpool - 774
1646047516 individuals_ID0000028 POST_SCRIPT_STARTED 3440.0 condorpool - 774
1646047517 individuals_ID0000028 POST_SCRIPT_TERMINATED 3440.0 condorpool - 774
1646047521 individuals_ID0000028 POST_SCRIPT_SUCCESS 0 condorpool - 774
1646047520 individuals_ID0000022 JOB_TERMINATED 3442.0 condorpool - 776
1646047521 individuals_ID0000022 JOB_SUCCESS 0 condorpool - 776
1646047521 individuals_ID0000022 POST_SCRIPT_STARTED 3442.0 condorpool - 776
1646047521 individuals_ID0000022 POST_SCRIPT_TERMINATED 3442.0 condorpool - 776
1646047526 individuals_ID0000022 POST_SCRIPT_SUCCESS 0 condorpool - 776
1646047606 individuals_ID0000021 JOB_TERMINATED 3447.0 condorpool - 781
1646047606 individuals_ID0000021 JOB_SUCCESS 0 condorpool - 781
1646047606 individuals_ID0000021 POST_SCRIPT_STARTED 3447.0 condorpool - 781
1646047607 individuals_ID0000021 POST_SCRIPT_TERMINATED 3447.0 condorpool - 781
1646047611 individuals_ID0000021 POST_SCRIPT_SUCCESS 0 condorpool - 781
1646047741 individuals_ID0000023 JOB_TERMINATED 3443.0 condorpool - 777
1646047746 individuals_ID0000023 JOB_SUCCESS 0 condorpool - 777
1646047746 individuals_ID0000023 POST_SCRIPT_STARTED 3443.0 condorpool - 777
1646047746 individuals_ID0000023 POST_SCRIPT_TERMINATED 3443.0 condorpool - 777
1646047751 individuals_ID0000023 POST_SCRIPT_SUCCESS 0 condorpool - 777
1646047760 individuals_ID0000024 JOB_TERMINATED 3444.0 condorpool - 778
1646047761 individuals_ID0000024 JOB_SUCCESS 0 condorpool - 778
1646047761 individuals_ID0000024 POST_SCRIPT_STARTED 3444.0 condorpool - 778
1646047761 individuals_ID0000024 POST_SCRIPT_TERMINATED 3444.0 condorpool - 778
1646047766 individuals_ID0000024 POST_SCRIPT_SUCCESS 0 condorpool - 778
1646047770 individuals_ID0000025 JOB_TERMINATED 3445.0 condorpool - 779
1646047771 individuals_ID0000025 JOB_SUCCESS 0 condorpool - 779
1646047771 individuals_ID0000025 POST_SCRIPT_STARTED 3445.0 condorpool - 779
1646047770 individuals_ID0000020 JOB_TERMINATED 3446.0 condorpool - 780
1646047771 individuals_ID0000020 JOB_SUCCESS 0 condorpool - 780
1646047771 individuals_ID0000020 POST_SCRIPT_STARTED 3446.0 condorpool - 780
1646047772 individuals_ID0000025 POST_SCRIPT_TERMINATED 3445.0 condorpool - 779
1646047776 individuals_ID0000025 POST_SCRIPT_SUCCESS 0 condorpool - 779
1646047772 individuals_ID0000020 POST_SCRIPT_TERMINATED 3446.0 condorpool - 780
1646047776 individuals_ID0000020 POST_SCRIPT_SUCCESS 0 condorpool - 780
1646047781 individuals_merge_ID0000051 SUBMIT 3449.0 condorpool - 783
1646047798 individuals_merge_ID0000051 EXECUTE 3449.0 condorpool - 783
1646052054 individuals_merge_ID0000051 JOB_TERMINATED 3449.0 condorpool - 783
1646052055 individuals_merge_ID0000051 JOB_SUCCESS 0 condorpool - 783
1646052055 individuals_merge_ID0000051 POST_SCRIPT_STARTED 3449.0 condorpool - 783
1646052055 individuals_merge_ID0000051 POST_SCRIPT_TERMINATED 3449.0 condorpool - 783
1646052060 individuals_merge_ID0000051 POST_SCRIPT_SUCCESS 0 condorpool - 783
1646052065 frequency_ID0000060 SUBMIT 3450.0 condorpool - 784
1646052065 frequency_ID0000062 SUBMIT 3451.0 condorpool - 785
1646052065 mutation_overlap_ID0000053 SUBMIT 3452.0 condorpool - 786
1646052065 frequency_ID0000058 SUBMIT 3453.0 condorpool - 787
1646052065 mutation_overlap_ID0000063 SUBMIT 3454.0 condorpool - 788
1646052070 mutation_overlap_ID0000055 SUBMIT 3455.0 condorpool - 789
1646052070 mutation_overlap_ID0000065 SUBMIT 3456.0 condorpool - 790
1646052070 frequency_ID0000064 SUBMIT 3457.0 condorpool - 791
1646052070 frequency_ID0000054 SUBMIT 3458.0 condorpool - 792
1646052070 frequency_ID0000066 SUBMIT 3459.0 condorpool - 793
1646052075 mutation_overlap_ID0000061 SUBMIT 3460.0 condorpool - 794
1646052075 frequency_ID0000056 SUBMIT 3461.0 condorpool - 795
1646052075 mutation_overlap_ID0000057 SUBMIT 3462.0 condorpool - 796
1646052075 mutation_overlap_ID0000059 SUBMIT 3463.0 condorpool - 797
1646052078 mutation_overlap_ID0000059 EXECUTE 3463.0 condorpool - 797
1646052078 mutation_overlap_ID0000057 EXECUTE 3462.0 condorpool - 796
1646052079 mutation_overlap_ID0000061 EXECUTE 3460.0 condorpool - 794
1646052079 frequency_ID0000066 EXECUTE 3459.0 condorpool - 793
1646052079 frequency_ID0000056 EXECUTE 3461.0 condorpool - 795
1646052079 frequency_ID0000060 EXECUTE 3450.0 condorpool - 784
1646052079 mutation_overlap_ID0000053 EXECUTE 3452.0 condorpool - 786
1646052079 frequency_ID0000062 EXECUTE 3451.0 condorpool - 785
1646052079 mutation_overlap_ID0000063 EXECUTE 3454.0 condorpool - 788
1646052079 mutation_overlap_ID0000055 EXECUTE 3455.0 condorpool - 789
1646052079 frequency_ID0000054 EXECUTE 3458.0 condorpool - 792
1646052079 mutation_overlap_ID0000065 EXECUTE 3456.0 condorpool - 790
1646052080 frequency_ID0000058 EXECUTE 3453.0 condorpool - 787
1646052080 frequency_ID0000064 EXECUTE 3457.0 condorpool - 791
1646052284 mutation_overlap_ID0000065 JOB_TERMINATED 3456.0 condorpool - 790
1646052286 mutation_overlap_ID0000065 JOB_SUCCESS 0 condorpool - 790
1646052286 mutation_overlap_ID0000065 POST_SCRIPT_STARTED 3456.0 condorpool - 790
1646052286 mutation_overlap_ID0000065 POST_SCRIPT_TERMINATED 3456.0 condorpool - 790
1646052291 mutation_overlap_ID0000065 POST_SCRIPT_SUCCESS 0 condorpool - 790
1646052289 mutation_overlap_ID0000059 JOB_TERMINATED 3463.0 condorpool - 797
1646052291 mutation_overlap_ID0000059 JOB_SUCCESS 0 condorpool - 797
1646052291 mutation_overlap_ID0000059 POST_SCRIPT_STARTED 3463.0 condorpool - 797
1646052290 mutation_overlap_ID0000061 JOB_TERMINATED 3460.0 condorpool - 794
1646052291 mutation_overlap_ID0000061 JOB_SUCCESS 0 condorpool - 794
1646052291 mutation_overlap_ID0000061 POST_SCRIPT_STARTED 3460.0 condorpool - 794
1646052291 mutation_overlap_ID0000063 JOB_TERMINATED 3454.0 condorpool - 788
1646052296 mutation_overlap_ID0000063 JOB_SUCCESS 0 condorpool - 788
1646052296 mutation_overlap_ID0000063 POST_SCRIPT_STARTED 3454.0 condorpool - 788
1646052291 mutation_overlap_ID0000061 POST_SCRIPT_TERMINATED 3460.0 condorpool - 794
1646052296 mutation_overlap_ID0000061 POST_SCRIPT_SUCCESS 0 condorpool - 794
1646052291 mutation_overlap_ID0000059 POST_SCRIPT_TERMINATED 3463.0 condorpool - 797
1646052296 mutation_overlap_ID0000059 POST_SCRIPT_SUCCESS 0 condorpool - 797
1646052293 mutation_overlap_ID0000055 JOB_TERMINATED 3455.0 condorpool - 789
1646052296 mutation_overlap_ID0000055 JOB_SUCCESS 0 condorpool - 789
1646052296 mutation_overlap_ID0000055 POST_SCRIPT_STARTED 3455.0 condorpool - 789
1646052296 mutation_overlap_ID0000063 POST_SCRIPT_TERMINATED 3454.0 condorpool - 788
1646052301 mutation_overlap_ID0000063 POST_SCRIPT_SUCCESS 0 condorpool - 788
1646052296 mutation_overlap_ID0000055 POST_SCRIPT_TERMINATED 3455.0 condorpool - 789
1646052301 mutation_overlap_ID0000055 POST_SCRIPT_SUCCESS 0 condorpool - 789
1646052298 mutation_overlap_ID0000053 JOB_TERMINATED 3452.0 condorpool - 786
1646052301 mutation_overlap_ID0000053 JOB_SUCCESS 0 condorpool - 786
1646052301 mutation_overlap_ID0000053 POST_SCRIPT_STARTED 3452.0 condorpool - 786
1646052302 mutation_overlap_ID0000053 POST_SCRIPT_TERMINATED 3452.0 condorpool - 786
1646052306 mutation_overlap_ID0000053 POST_SCRIPT_SUCCESS 0 condorpool - 786
1646052350 mutation_overlap_ID0000057 JOB_TERMINATED 3462.0 condorpool - 796
1646052351 mutation_overlap_ID0000057 JOB_SUCCESS 0 condorpool - 796
1646052351 mutation_overlap_ID0000057 POST_SCRIPT_STARTED 3462.0 condorpool - 796
1646052351 mutation_overlap_ID0000057 POST_SCRIPT_TERMINATED 3462.0 condorpool - 796
1646052356 mutation_overlap_ID0000057 POST_SCRIPT_SUCCESS 0 condorpool - 796
1646052789 frequency_ID0000064 JOB_TERMINATED 3457.0 condorpool - 791
1646052791 frequency_ID0000064 JOB_SUCCESS 0 condorpool - 791
1646052791 frequency_ID0000064 POST_SCRIPT_STARTED 3457.0 condorpool - 791
1646052792 frequency_ID0000064 POST_SCRIPT_TERMINATED 3457.0 condorpool - 791
1646052796 frequency_ID0000064 POST_SCRIPT_SUCCESS 0 condorpool - 791
1646052873 frequency_ID0000066 JOB_TERMINATED 3459.0 condorpool - 793
1646052876 frequency_ID0000066 JOB_SUCCESS 0 condorpool - 793
1646052876 frequency_ID0000066 POST_SCRIPT_STARTED 3459.0 condorpool - 793
1646052876 frequency_ID0000066 POST_SCRIPT_TERMINATED 3459.0 condorpool - 793
1646052881 frequency_ID0000066 POST_SCRIPT_SUCCESS 0 condorpool - 793
1646052899 frequency_ID0000060 JOB_TERMINATED 3450.0 condorpool - 784
1646052901 frequency_ID0000060 JOB_SUCCESS 0 condorpool - 784
1646052901 frequency_ID0000060 POST_SCRIPT_STARTED 3450.0 condorpool - 784
1646052902 frequency_ID0000060 POST_SCRIPT_TERMINATED 3450.0 condorpool - 784
1646052906 frequency_ID0000060 POST_SCRIPT_SUCCESS 0 condorpool - 784
1646052905 frequency_ID0000062 JOB_TERMINATED 3451.0 condorpool - 785
1646052906 frequency_ID0000062 JOB_SUCCESS 0 condorpool - 785
1646052906 frequency_ID0000062 POST_SCRIPT_STARTED 3451.0 condorpool - 785
1646052906 frequency_ID0000062 POST_SCRIPT_TERMINATED 3451.0 condorpool - 785
1646052911 frequency_ID0000062 POST_SCRIPT_SUCCESS 0 condorpool - 785
1646052933 frequency_ID0000056 JOB_TERMINATED 3461.0 condorpool - 795
1646052936 frequency_ID0000056 JOB_SUCCESS 0 condorpool - 795
1646052936 frequency_ID0000056 POST_SCRIPT_STARTED 3461.0 condorpool - 795
1646052937 frequency_ID0000056 POST_SCRIPT_TERMINATED 3461.0 condorpool - 795
1646052941 frequency_ID0000056 POST_SCRIPT_SUCCESS 0 condorpool - 795
1646052953 frequency_ID0000058 JOB_TERMINATED 3453.0 condorpool - 787
1646052956 frequency_ID0000058 JOB_SUCCESS 0 condorpool - 787
1646052956 frequency_ID0000058 POST_SCRIPT_STARTED 3453.0 condorpool - 787
1646052956 frequency_ID0000058 POST_SCRIPT_TERMINATED 3453.0 condorpool - 787
1646052961 frequency_ID0000058 POST_SCRIPT_SUCCESS 0 condorpool - 787
1646052966 stage_out_local_local_2_1 SUBMIT 3464.0 local - 798
1646052966 stage_out_local_local_2_1 EXECUTE 3464.0 local - 798
1646052970 stage_out_local_local_2_1 JOB_TERMINATED 3464.0 local - 798
1646052971 stage_out_local_local_2_1 JOB_SUCCESS 0 local - 798
1646052971 stage_out_local_local_2_1 POST_SCRIPT_STARTED 3464.0 local - 798
1646052971 stage_out_local_local_2_1 POST_SCRIPT_TERMINATED 3464.0 local - 798
1646052976 stage_out_local_local_2_1 POST_SCRIPT_SUCCESS 0 local - 798
1646052995 frequency_ID0000054 JOB_TERMINATED 3458.0 condorpool - 792
1646052996 frequency_ID0000054 JOB_SUCCESS 0 condorpool - 792
1646052996 frequency_ID0000054 POST_SCRIPT_STARTED 3458.0 condorpool - 792
1646052997 frequency_ID0000054 POST_SCRIPT_TERMINATED 3458.0 condorpool - 792
1646053001 frequency_ID0000054 POST_SCRIPT_SUCCESS 0 condorpool - 792
1646053006 stage_out_local_local_2_0 SUBMIT 3465.0 local - 799
1646053006 stage_out_local_local_2_0 EXECUTE 3465.0 local - 799
1646053010 stage_out_local_local_2_0 JOB_TERMINATED 3465.0 local - 799
1646053011 stage_out_local_local_2_0 JOB_SUCCESS 0 local - 799
1646053011 stage_out_local_local_2_0 POST_SCRIPT_STARTED 3465.0 local - 799
1646053011 stage_out_local_local_2_0 POST_SCRIPT_TERMINATED 3465.0 local - 799
1646053016 stage_out_local_local_2_0 POST_SCRIPT_SUCCESS 0 local - 799
1646053021 cleanup_1000-genome_0_local SUBMIT 3466.0 local - 800
1646053021 cleanup_1000-genome_0_local EXECUTE 3466.0 local - 800
1646053023 cleanup_1000-genome_0_local JOB_TERMINATED 3466.0 local - 800
1646053026 cleanup_1000-genome_0_local JOB_SUCCESS 0 local - 800
1646053026 cleanup_1000-genome_0_local POST_SCRIPT_STARTED 3466.0 local - 800
1646053026 cleanup_1000-genome_0_local POST_SCRIPT_TERMINATED 3466.0 local - 800
1646053031 cleanup_1000-genome_0_local POST_SCRIPT_SUCCESS 0 local - 800
1646053032 INTERNAL *** DAGMAN_FINISHED 0 ***
1646053033 INTERNAL *** MONITORD_FINISHED 0 ***
