1645772814 INTERNAL *** MONITORD_STARTED ***
1645772812 INTERNAL *** DAGMAN_STARTED 2738.0 ***
1645772817 create_dir_1000-genome_0_local SUBMIT 2739.0 local - 81
1645772818 create_dir_1000-genome_0_local EXECUTE 2739.0 local - 81
1645772821 create_dir_1000-genome_0_local JOB_TERMINATED 2739.0 local - 81
1645772822 create_dir_1000-genome_0_local JOB_SUCCESS 0 local - 81
1645772822 create_dir_1000-genome_0_local POST_SCRIPT_STARTED 2739.0 local - 81
1645772822 create_dir_1000-genome_0_local POST_SCRIPT_TERMINATED 2739.0 local - 81
1645772827 create_dir_1000-genome_0_local POST_SCRIPT_SUCCESS 0 local - 81
1645772832 stage_in_remote_local_2_0 SUBMIT 2740.0 local - 82
1645772832 stage_in_remote_local_2_0 EXECUTE 2740.0 local - 82
1645772832 stage_in_remote_local_1_0 SUBMIT 2741.0 local - 83
1645772832 stage_in_remote_local_0_0 SUBMIT 2742.0 local - 84
1645772832 stage_in_local_local_0_0 SUBMIT 2743.0 local - 85
1645772832 stage_in_local_local_2_0 SUBMIT 2744.0 local - 86
1645772834 stage_in_remote_local_2_0 JOB_TERMINATED 2740.0 local - 82
1645772837 stage_in_remote_local_2_0 JOB_SUCCESS 0 local - 82
1645772837 stage_in_remote_local_2_0 POST_SCRIPT_STARTED 2740.0 local - 82
1645772834 stage_in_local_local_0_0 EXECUTE 2743.0 local - 85
1645772834 stage_in_local_local_2_0 EXECUTE 2744.0 local - 86
1645772834 stage_in_remote_local_0_0 EXECUTE 2742.0 local - 84
1645772834 stage_in_remote_local_1_0 EXECUTE 2741.0 local - 83
1645772836 stage_in_remote_local_0_0 JOB_TERMINATED 2742.0 local - 84
1645772837 stage_in_remote_local_0_0 JOB_SUCCESS 0 local - 84
1645772837 stage_in_remote_local_0_0 POST_SCRIPT_STARTED 2742.0 local - 84
1645772836 stage_in_local_local_0_0 JOB_TERMINATED 2743.0 local - 85
1645772837 stage_in_local_local_0_0 JOB_SUCCESS 0 local - 85
1645772837 stage_in_local_local_0_0 POST_SCRIPT_STARTED 2743.0 local - 85
1645772836 stage_in_remote_local_1_0 JOB_TERMINATED 2741.0 local - 83
1645772837 stage_in_remote_local_1_0 JOB_SUCCESS 0 local - 83
1645772837 stage_in_remote_local_1_0 POST_SCRIPT_STARTED 2741.0 local - 83
1645772837 stage_in_remote_local_0_1 SUBMIT 2745.0 local - 87
1645772837 stage_in_local_local_0_1 SUBMIT 2746.0 local - 88
1645772837 stage_in_local_local_2_1 SUBMIT 2747.0 local - 89
1645772837 stage_in_remote_local_2_1 SUBMIT 2748.0 local - 90
1645772837 stage_in_local_local_0_2 SUBMIT 2749.0 local - 91
1645772837 stage_in_local_local_0_0 POST_SCRIPT_TERMINATED 2743.0 local - 85
1645772842 stage_in_local_local_0_0 POST_SCRIPT_SUCCESS 0 local - 85
1645772837 stage_in_remote_local_2_0 POST_SCRIPT_TERMINATED 2740.0 local - 82
1645772842 stage_in_remote_local_2_0 POST_SCRIPT_SUCCESS 0 local - 82
1645772837 stage_in_remote_local_0_0 POST_SCRIPT_TERMINATED 2742.0 local - 84
1645772842 stage_in_remote_local_0_0 POST_SCRIPT_SUCCESS 0 local - 84
1645772837 stage_in_remote_local_1_0 POST_SCRIPT_TERMINATED 2741.0 local - 83
1645772842 stage_in_remote_local_1_0 POST_SCRIPT_SUCCESS 0 local - 83
1645772838 stage_in_local_local_2_0 JOB_TERMINATED 2744.0 local - 86
1645772842 stage_in_local_local_2_0 JOB_SUCCESS 0 local - 86
1645772842 stage_in_local_local_2_0 POST_SCRIPT_STARTED 2744.0 local - 86
1645772838 stage_in_local_local_0_2 EXECUTE 2749.0 local - 91
1645772838 stage_in_remote_local_2_1 EXECUTE 2748.0 local - 90
1645772839 stage_in_local_local_2_1 EXECUTE 2747.0 local - 89
1645772839 stage_in_local_local_0_1 EXECUTE 2746.0 local - 88
1645772839 stage_in_remote_local_0_1 EXECUTE 2745.0 local - 87
1645772841 stage_in_remote_local_2_1 JOB_TERMINATED 2748.0 local - 90
1645772842 stage_in_remote_local_2_1 JOB_SUCCESS 0 local - 90
1645772842 stage_in_remote_local_2_1 POST_SCRIPT_STARTED 2748.0 local - 90
1645772841 stage_in_local_local_0_2 JOB_TERMINATED 2749.0 local - 91
1645772842 stage_in_local_local_0_2 JOB_SUCCESS 0 local - 91
1645772842 stage_in_local_local_0_2 POST_SCRIPT_STARTED 2749.0 local - 91
1645772841 stage_in_remote_local_0_1 JOB_TERMINATED 2745.0 local - 87
1645772842 stage_in_remote_local_0_1 JOB_SUCCESS 0 local - 87
1645772842 stage_in_remote_local_0_1 POST_SCRIPT_STARTED 2745.0 local - 87
1645772841 stage_in_local_local_0_1 JOB_TERMINATED 2746.0 local - 88
1645772842 stage_in_local_local_0_1 JOB_SUCCESS 0 local - 88
1645772842 stage_in_local_local_0_1 POST_SCRIPT_STARTED 2746.0 local - 88
1645772843 stage_in_local_local_0_1 POST_SCRIPT_TERMINATED 2746.0 local - 88
1645772847 stage_in_local_local_0_1 POST_SCRIPT_SUCCESS 0 local - 88
1645772843 stage_in_local_local_2_0 POST_SCRIPT_TERMINATED 2744.0 local - 86
1645772847 stage_in_local_local_2_0 POST_SCRIPT_SUCCESS 0 local - 86
1645772843 stage_in_remote_local_0_1 POST_SCRIPT_TERMINATED 2745.0 local - 87
1645772847 stage_in_remote_local_0_1 POST_SCRIPT_SUCCESS 0 local - 87
1645772843 stage_in_local_local_0_2 POST_SCRIPT_TERMINATED 2749.0 local - 91
1645772847 stage_in_local_local_0_2 POST_SCRIPT_SUCCESS 0 local - 91
1645772843 stage_in_local_local_2_1 JOB_TERMINATED 2747.0 local - 89
1645772847 stage_in_local_local_2_1 JOB_SUCCESS 0 local - 89
1645772847 stage_in_local_local_2_1 POST_SCRIPT_STARTED 2747.0 local - 89
1645772843 stage_in_remote_local_2_1 POST_SCRIPT_TERMINATED 2748.0 local - 90
1645772847 stage_in_remote_local_2_1 POST_SCRIPT_SUCCESS 0 local - 90
1645772847 stage_in_local_local_2_1 POST_SCRIPT_TERMINATED 2747.0 local - 89
1645772852 stage_in_local_local_2_1 POST_SCRIPT_SUCCESS 0 local - 89
1645772852 individuals_ID0000037 SUBMIT 2750.0 condorpool - 92
1645772852 individuals_ID0000038 SUBMIT 2751.0 condorpool - 93
1645772852 individuals_ID0000039 SUBMIT 2752.0 condorpool - 94
1645772852 individuals_ID0000033 SUBMIT 2753.0 condorpool - 95
1645772852 individuals_ID0000034 SUBMIT 2754.0 condorpool - 96
1645772857 individuals_ID0000035 SUBMIT 2755.0 condorpool - 97
1645772857 individuals_ID0000036 SUBMIT 2756.0 condorpool - 98
1645772857 individuals_ID0000030 SUBMIT 2757.0 condorpool - 99
1645772857 individuals_ID0000031 SUBMIT 2758.0 condorpool - 100
1645772857 individuals_ID0000032 SUBMIT 2759.0 condorpool - 101
1645772862 individuals_ID0000004 SUBMIT 2760.0 condorpool - 102
1645772862 individuals_ID0000048 SUBMIT 2761.0 condorpool - 103
1645772862 individuals_ID0000005 SUBMIT 2762.0 condorpool - 104
1645772862 individuals_ID0000049 SUBMIT 2763.0 condorpool - 105
1645772862 individuals_ID0000006 SUBMIT 2764.0 condorpool - 106
1645772864 individuals_ID0000037 EXECUTE 2750.0 condorpool - 92
1645772865 individuals_ID0000039 EXECUTE 2752.0 condorpool - 94
1645772866 individuals_ID0000038 EXECUTE 2751.0 condorpool - 93
1645772866 individuals_ID0000033 EXECUTE 2753.0 condorpool - 95
1645772868 individuals_ID0000007 SUBMIT 2765.0 condorpool - 107
1645772868 individuals_ID0000044 SUBMIT 2766.0 condorpool - 108
1645772868 individuals_ID0000001 SUBMIT 2767.0 condorpool - 109
1645772868 individuals_ID0000045 SUBMIT 2768.0 condorpool - 110
1645772868 individuals_ID0000002 SUBMIT 2769.0 condorpool - 111
1645772873 individuals_ID0000046 SUBMIT 2770.0 condorpool - 112
1645772873 individuals_ID0000003 SUBMIT 2771.0 condorpool - 113
1645772873 individuals_ID0000047 SUBMIT 2772.0 condorpool - 114
1645772873 individuals_ID0000008 SUBMIT 2773.0 condorpool - 115
1645772873 individuals_ID0000009 SUBMIT 2774.0 condorpool - 116
1645772878 individuals_ID0000040 SUBMIT 2775.0 condorpool - 117
1645772878 individuals_ID0000041 SUBMIT 2776.0 condorpool - 118
1645772878 individuals_ID0000042 SUBMIT 2777.0 condorpool - 119
1645772878 individuals_ID0000043 SUBMIT 2778.0 condorpool - 120
1645772878 individuals_ID0000015 SUBMIT 2779.0 condorpool - 121
1645772883 individuals_ID0000016 SUBMIT 2780.0 condorpool - 122
1645772883 individuals_ID0000017 SUBMIT 2781.0 condorpool - 123
1645772883 individuals_ID0000018 SUBMIT 2782.0 condorpool - 124
1645772883 individuals_ID0000011 SUBMIT 2783.0 condorpool - 125
1645772883 individuals_ID0000012 SUBMIT 2784.0 condorpool - 126
1645772888 individuals_ID0000013 SUBMIT 2785.0 condorpool - 127
1645772888 individuals_ID0000014 SUBMIT 2786.0 condorpool - 128
1645772888 individuals_ID0000019 SUBMIT 2787.0 condorpool - 129
1645772888 individuals_ID0000010 SUBMIT 2788.0 condorpool - 130
1645772888 individuals_ID0000050 SUBMIT 2789.0 condorpool - 131
1645772893 individuals_ID0000026 SUBMIT 2790.0 condorpool - 132
1645772893 individuals_ID0000027 SUBMIT 2791.0 condorpool - 133
1645772894 individuals_ID0000028 SUBMIT 2792.0 condorpool - 134
1645772894 individuals_ID0000029 SUBMIT 2793.0 condorpool - 135
1645772894 individuals_ID0000022 SUBMIT 2794.0 condorpool - 136
1645772899 individuals_ID0000023 SUBMIT 2795.0 condorpool - 137
1645772899 individuals_ID0000024 SUBMIT 2796.0 condorpool - 138
1645772899 individuals_ID0000025 SUBMIT 2797.0 condorpool - 139
1645772899 individuals_ID0000020 SUBMIT 2798.0 condorpool - 140
1645772899 individuals_ID0000021 SUBMIT 2799.0 condorpool - 141
1645772904 sifting_ID0000052 SUBMIT 2800.0 condorpool - 142
1645773538 individuals_ID0000037 JOB_TERMINATED 2750.0 condorpool - 92
1645773539 individuals_ID0000037 JOB_SUCCESS 0 condorpool - 92
1645773539 individuals_ID0000037 POST_SCRIPT_STARTED 2750.0 condorpool - 92
1645773540 individuals_ID0000037 POST_SCRIPT_TERMINATED 2750.0 condorpool - 92
1645773544 individuals_ID0000037 POST_SCRIPT_SUCCESS 0 condorpool - 92
1645773542 individuals_ID0000034 EXECUTE 2754.0 condorpool - 96
1645773548 individuals_ID0000033 JOB_TERMINATED 2753.0 condorpool - 95
1645773549 individuals_ID0000033 JOB_SUCCESS 0 condorpool - 95
1645773549 individuals_ID0000033 POST_SCRIPT_STARTED 2753.0 condorpool - 95
1645773549 individuals_ID0000033 POST_SCRIPT_TERMINATED 2753.0 condorpool - 95
1645773554 individuals_ID0000033 POST_SCRIPT_SUCCESS 0 condorpool - 95
1645773550 individuals_ID0000039 JOB_TERMINATED 2752.0 condorpool - 94
1645773554 individuals_ID0000039 JOB_SUCCESS 0 condorpool - 94
1645773554 individuals_ID0000039 POST_SCRIPT_STARTED 2752.0 condorpool - 94
1645773553 individuals_ID0000035 EXECUTE 2755.0 condorpool - 97
1645773554 individuals_ID0000038 JOB_TERMINATED 2751.0 condorpool - 93
1645773559 individuals_ID0000038 JOB_SUCCESS 0 condorpool - 93
1645773559 individuals_ID0000038 POST_SCRIPT_STARTED 2751.0 condorpool - 93
1645773554 individuals_ID0000039 POST_SCRIPT_TERMINATED 2752.0 condorpool - 94
1645773559 individuals_ID0000039 POST_SCRIPT_SUCCESS 0 condorpool - 94
1645773556 individuals_ID0000036 EXECUTE 2756.0 condorpool - 98
1645773560 individuals_ID0000030 EXECUTE 2757.0 condorpool - 99
1645773560 individuals_ID0000038 POST_SCRIPT_TERMINATED 2751.0 condorpool - 93
1645773565 individuals_ID0000038 POST_SCRIPT_SUCCESS 0 condorpool - 93
1645774192 individuals_ID0000034 JOB_TERMINATED 2754.0 condorpool - 96
1645774195 individuals_ID0000034 JOB_SUCCESS 0 condorpool - 96
1645774195 individuals_ID0000034 POST_SCRIPT_STARTED 2754.0 condorpool - 96
1645774196 individuals_ID0000034 POST_SCRIPT_TERMINATED 2754.0 condorpool - 96
1645774200 individuals_ID0000034 POST_SCRIPT_SUCCESS 0 condorpool - 96
1645774214 individuals_ID0000036 JOB_TERMINATED 2756.0 condorpool - 98
1645774215 individuals_ID0000036 JOB_SUCCESS 0 condorpool - 98
1645774215 individuals_ID0000036 POST_SCRIPT_STARTED 2756.0 condorpool - 98
1645774215 individuals_ID0000036 POST_SCRIPT_TERMINATED 2756.0 condorpool - 98
1645774220 individuals_ID0000036 POST_SCRIPT_SUCCESS 0 condorpool - 98
1645774217 individuals_ID0000030 JOB_TERMINATED 2757.0 condorpool - 99
1645774220 individuals_ID0000030 JOB_SUCCESS 0 condorpool - 99
1645774220 individuals_ID0000030 POST_SCRIPT_STARTED 2757.0 condorpool - 99
1645774218 individuals_ID0000035 JOB_TERMINATED 2755.0 condorpool - 97
1645774220 individuals_ID0000035 JOB_SUCCESS 0 condorpool - 97
1645774220 individuals_ID0000035 POST_SCRIPT_STARTED 2755.0 condorpool - 97
1645774220 individuals_ID0000030 POST_SCRIPT_TERMINATED 2757.0 condorpool - 99
1645774225 individuals_ID0000030 POST_SCRIPT_SUCCESS 0 condorpool - 99
1645774220 individuals_ID0000035 POST_SCRIPT_TERMINATED 2755.0 condorpool - 97
1645774225 individuals_ID0000035 POST_SCRIPT_SUCCESS 0 condorpool - 97
1645774246 individuals_ID0000031 EXECUTE 2758.0 condorpool - 100
1645774247 individuals_ID0000004 EXECUTE 2760.0 condorpool - 102
1645774247 individuals_ID0000032 EXECUTE 2759.0 condorpool - 101
1645774247 individuals_ID0000048 EXECUTE 2761.0 condorpool - 103
1645774900 individuals_ID0000032 JOB_TERMINATED 2759.0 condorpool - 101
1645774901 individuals_ID0000032 JOB_SUCCESS 0 condorpool - 101
1645774901 individuals_ID0000032 POST_SCRIPT_STARTED 2759.0 condorpool - 101
1645774901 individuals_ID0000032 POST_SCRIPT_TERMINATED 2759.0 condorpool - 101
1645774906 individuals_ID0000032 POST_SCRIPT_SUCCESS 0 condorpool - 101
1645774902 individuals_ID0000004 JOB_TERMINATED 2760.0 condorpool - 102
1645774906 individuals_ID0000004 JOB_SUCCESS 0 condorpool - 102
1645774906 individuals_ID0000004 POST_SCRIPT_STARTED 2760.0 condorpool - 102
1645774905 individuals_ID0000005 EXECUTE 2762.0 condorpool - 104
1645774906 individuals_ID0000048 JOB_TERMINATED 2761.0 condorpool - 103
1645774906 individuals_ID0000048 JOB_SUCCESS 0 condorpool - 103
1645774906 individuals_ID0000048 POST_SCRIPT_STARTED 2761.0 condorpool - 103
1645774907 individuals_ID0000048 POST_SCRIPT_TERMINATED 2761.0 condorpool - 103
1645774911 individuals_ID0000048 POST_SCRIPT_SUCCESS 0 condorpool - 103
1645774907 individuals_ID0000004 POST_SCRIPT_TERMINATED 2760.0 condorpool - 102
1645774911 individuals_ID0000004 POST_SCRIPT_SUCCESS 0 condorpool - 102
1645774907 individuals_ID0000031 JOB_TERMINATED 2758.0 condorpool - 100
1645774911 individuals_ID0000031 JOB_SUCCESS 0 condorpool - 100
1645774911 individuals_ID0000031 POST_SCRIPT_STARTED 2758.0 condorpool - 100
1645774908 individuals_ID0000049 EXECUTE 2763.0 condorpool - 105
1645774911 individuals_ID0000031 POST_SCRIPT_TERMINATED 2758.0 condorpool - 100
1645774916 individuals_ID0000031 POST_SCRIPT_SUCCESS 0 condorpool - 100
1645774914 individuals_ID0000006 EXECUTE 2764.0 condorpool - 106
1645774914 individuals_ID0000007 EXECUTE 2765.0 condorpool - 107
1645775593 individuals_ID0000005 JOB_TERMINATED 2762.0 condorpool - 104
1645775597 individuals_ID0000005 JOB_SUCCESS 0 condorpool - 104
1645775597 individuals_ID0000005 POST_SCRIPT_STARTED 2762.0 condorpool - 104
1645775594 individuals_ID0000049 JOB_TERMINATED 2763.0 condorpool - 105
1645775597 individuals_ID0000049 JOB_SUCCESS 0 condorpool - 105
1645775597 individuals_ID0000049 POST_SCRIPT_STARTED 2763.0 condorpool - 105
1645775596 individuals_ID0000006 JOB_TERMINATED 2764.0 condorpool - 106
1645775597 individuals_ID0000006 JOB_SUCCESS 0 condorpool - 106
1645775597 individuals_ID0000006 POST_SCRIPT_STARTED 2764.0 condorpool - 106
1645775597 individuals_ID0000007 JOB_TERMINATED 2765.0 condorpool - 107
1645775597 individuals_ID0000007 JOB_SUCCESS 0 condorpool - 107
1645775597 individuals_ID0000007 POST_SCRIPT_STARTED 2765.0 condorpool - 107
1645775597 individuals_ID0000005 POST_SCRIPT_TERMINATED 2762.0 condorpool - 104
1645775602 individuals_ID0000005 POST_SCRIPT_SUCCESS 0 condorpool - 104
1645775597 individuals_ID0000049 POST_SCRIPT_TERMINATED 2763.0 condorpool - 105
1645775602 individuals_ID0000049 POST_SCRIPT_SUCCESS 0 condorpool - 105
1645775597 individuals_ID0000007 POST_SCRIPT_TERMINATED 2765.0 condorpool - 107
1645775602 individuals_ID0000007 POST_SCRIPT_SUCCESS 0 condorpool - 107
1645775597 individuals_ID0000006 POST_SCRIPT_TERMINATED 2764.0 condorpool - 106
1645775602 individuals_ID0000006 POST_SCRIPT_SUCCESS 0 condorpool - 106
1645775627 individuals_ID0000044 EXECUTE 2766.0 condorpool - 108
1645775627 individuals_ID0000002 EXECUTE 2769.0 condorpool - 111
1645775627 individuals_ID0000001 EXECUTE 2767.0 condorpool - 109
1645775627 individuals_ID0000045 EXECUTE 2768.0 condorpool - 110
1645775910 individuals_ID0000001 JOB_TERMINATED 2767.0 condorpool - 109
1645775912 individuals_ID0000001 JOB_SUCCESS 0 condorpool - 109
1645775912 individuals_ID0000001 POST_SCRIPT_STARTED 2767.0 condorpool - 109
1645775913 individuals_ID0000001 POST_SCRIPT_TERMINATED 2767.0 condorpool - 109
1645775917 individuals_ID0000001 POST_SCRIPT_SUCCESS 0 condorpool - 109
1645775916 individuals_ID0000046 EXECUTE 2770.0 condorpool - 112
1645776284 individuals_ID0000002 JOB_TERMINATED 2769.0 condorpool - 111
1645776287 individuals_ID0000002 JOB_SUCCESS 0 condorpool - 111
1645776287 individuals_ID0000002 POST_SCRIPT_STARTED 2769.0 condorpool - 111
1645776285 individuals_ID0000044 JOB_TERMINATED 2766.0 condorpool - 108
1645776287 individuals_ID0000044 JOB_SUCCESS 0 condorpool - 108
1645776287 individuals_ID0000044 POST_SCRIPT_STARTED 2766.0 condorpool - 108
1645776287 individuals_ID0000002 POST_SCRIPT_TERMINATED 2769.0 condorpool - 111
1645776292 individuals_ID0000002 POST_SCRIPT_SUCCESS 0 condorpool - 111
1645776287 individuals_ID0000044 POST_SCRIPT_TERMINATED 2766.0 condorpool - 108
1645776292 individuals_ID0000044 POST_SCRIPT_SUCCESS 0 condorpool - 108
1645776288 individuals_ID0000003 EXECUTE 2771.0 condorpool - 113
1645776289 individuals_ID0000045 JOB_TERMINATED 2768.0 condorpool - 110
1645776292 individuals_ID0000045 JOB_SUCCESS 0 condorpool - 110
1645776292 individuals_ID0000045 POST_SCRIPT_STARTED 2768.0 condorpool - 110
1645776291 individuals_ID0000047 EXECUTE 2772.0 condorpool - 114
1645776293 individuals_ID0000045 POST_SCRIPT_TERMINATED 2768.0 condorpool - 110
1645776297 individuals_ID0000045 POST_SCRIPT_SUCCESS 0 condorpool - 110
1645776296 individuals_ID0000008 EXECUTE 2773.0 condorpool - 115
1645776567 individuals_ID0000046 JOB_TERMINATED 2770.0 condorpool - 112
1645776572 individuals_ID0000046 JOB_SUCCESS 0 condorpool - 112
1645776572 individuals_ID0000046 POST_SCRIPT_STARTED 2770.0 condorpool - 112
1645776572 individuals_ID0000046 POST_SCRIPT_TERMINATED 2770.0 condorpool - 112
1645776577 individuals_ID0000046 POST_SCRIPT_SUCCESS 0 condorpool - 112
1645776573 individuals_ID0000009 EXECUTE 2774.0 condorpool - 116
1645776965 individuals_ID0000008 JOB_TERMINATED 2773.0 condorpool - 115
1645776968 individuals_ID0000008 JOB_SUCCESS 0 condorpool - 115
1645776968 individuals_ID0000008 POST_SCRIPT_STARTED 2773.0 condorpool - 115
1645776967 individuals_ID0000003 JOB_TERMINATED 2771.0 condorpool - 113
1645776968 individuals_ID0000003 JOB_SUCCESS 0 condorpool - 113
1645776968 individuals_ID0000003 POST_SCRIPT_STARTED 2771.0 condorpool - 113
1645776968 individuals_ID0000008 POST_SCRIPT_TERMINATED 2773.0 condorpool - 115
1645776973 individuals_ID0000008 POST_SCRIPT_SUCCESS 0 condorpool - 115
1645776968 individuals_ID0000003 POST_SCRIPT_TERMINATED 2771.0 condorpool - 113
1645776973 individuals_ID0000003 POST_SCRIPT_SUCCESS 0 condorpool - 113
1645776968 individuals_ID0000047 JOB_TERMINATED 2772.0 condorpool - 114
1645776973 individuals_ID0000047 JOB_SUCCESS 0 condorpool - 114
1645776973 individuals_ID0000047 POST_SCRIPT_STARTED 2772.0 condorpool - 114
1645776973 individuals_ID0000047 POST_SCRIPT_TERMINATED 2772.0 condorpool - 114
1645776978 individuals_ID0000047 POST_SCRIPT_SUCCESS 0 condorpool - 114
1645777006 individuals_ID0000041 EXECUTE 2776.0 condorpool - 118
1645777006 individuals_ID0000040 EXECUTE 2775.0 condorpool - 117
1645777006 individuals_ID0000042 EXECUTE 2777.0 condorpool - 119
1645777237 individuals_ID0000009 JOB_TERMINATED 2774.0 condorpool - 116
1645777239 individuals_ID0000009 JOB_SUCCESS 0 condorpool - 116
1645777239 individuals_ID0000009 POST_SCRIPT_STARTED 2774.0 condorpool - 116
1645777239 individuals_ID0000009 POST_SCRIPT_TERMINATED 2774.0 condorpool - 116
1645777244 individuals_ID0000009 POST_SCRIPT_SUCCESS 0 condorpool - 116
1645777302 individuals_ID0000043 EXECUTE 2778.0 condorpool - 120
1645777669 individuals_ID0000040 JOB_TERMINATED 2775.0 condorpool - 117
1645777669 individuals_ID0000040 JOB_SUCCESS 0 condorpool - 117
1645777669 individuals_ID0000040 POST_SCRIPT_STARTED 2775.0 condorpool - 117
1645777670 individuals_ID0000040 POST_SCRIPT_TERMINATED 2775.0 condorpool - 117
1645777674 individuals_ID0000040 POST_SCRIPT_SUCCESS 0 condorpool - 117
1645777674 individuals_ID0000015 EXECUTE 2779.0 condorpool - 121
1645777676 individuals_ID0000041 JOB_TERMINATED 2776.0 condorpool - 118
1645777679 individuals_ID0000041 JOB_SUCCESS 0 condorpool - 118
1645777679 individuals_ID0000041 POST_SCRIPT_STARTED 2776.0 condorpool - 118
1645777676 individuals_ID0000042 JOB_TERMINATED 2777.0 condorpool - 119
1645777679 individuals_ID0000042 JOB_SUCCESS 0 condorpool - 119
1645777679 individuals_ID0000042 POST_SCRIPT_STARTED 2777.0 condorpool - 119
1645777679 individuals_ID0000041 POST_SCRIPT_TERMINATED 2776.0 condorpool - 118
1645777684 individuals_ID0000041 POST_SCRIPT_SUCCESS 0 condorpool - 118
1645777679 individuals_ID0000042 POST_SCRIPT_TERMINATED 2777.0 condorpool - 119
1645777684 individuals_ID0000042 POST_SCRIPT_SUCCESS 0 condorpool - 119
1645777684 individuals_ID0000017 EXECUTE 2781.0 condorpool - 123
1645777684 individuals_ID0000016 EXECUTE 2780.0 condorpool - 122
1645777953 individuals_ID0000043 JOB_TERMINATED 2778.0 condorpool - 120
1645777954 individuals_ID0000043 JOB_SUCCESS 0 condorpool - 120
1645777954 individuals_ID0000043 POST_SCRIPT_STARTED 2778.0 condorpool - 120
1645777955 individuals_ID0000043 POST_SCRIPT_TERMINATED 2778.0 condorpool - 120
1645777959 individuals_ID0000043 POST_SCRIPT_SUCCESS 0 condorpool - 120
1645777959 individuals_ID0000018 EXECUTE 2782.0 condorpool - 124
1645778326 individuals_ID0000015 JOB_TERMINATED 2779.0 condorpool - 121
1645778329 individuals_ID0000015 JOB_SUCCESS 0 condorpool - 121
1645778329 individuals_ID0000015 POST_SCRIPT_STARTED 2779.0 condorpool - 121
1645778329 individuals_ID0000015 POST_SCRIPT_TERMINATED 2779.0 condorpool - 121
1645778334 individuals_ID0000015 POST_SCRIPT_SUCCESS 0 condorpool - 121
1645778339 individuals_ID0000016 JOB_TERMINATED 2780.0 condorpool - 122
1645778339 individuals_ID0000016 JOB_SUCCESS 0 condorpool - 122
1645778339 individuals_ID0000016 POST_SCRIPT_STARTED 2780.0 condorpool - 122
1645778339 individuals_ID0000017 JOB_TERMINATED 2781.0 condorpool - 123
1645778339 individuals_ID0000017 JOB_SUCCESS 0 condorpool - 123
1645778339 individuals_ID0000017 POST_SCRIPT_STARTED 2781.0 condorpool - 123
1645778340 individuals_ID0000017 POST_SCRIPT_TERMINATED 2781.0 condorpool - 123
1645778344 individuals_ID0000017 POST_SCRIPT_SUCCESS 0 condorpool - 123
1645778340 individuals_ID0000016 POST_SCRIPT_TERMINATED 2780.0 condorpool - 122
1645778344 individuals_ID0000016 POST_SCRIPT_SUCCESS 0 condorpool - 122
1645778386 individuals_ID0000011 EXECUTE 2783.0 condorpool - 125
1645778386 individuals_ID0000013 EXECUTE 2785.0 condorpool - 127
1645778386 individuals_ID0000012 EXECUTE 2784.0 condorpool - 126
1645778600 individuals_ID0000018 JOB_TERMINATED 2782.0 condorpool - 124
1645778604 individuals_ID0000018 JOB_SUCCESS 0 condorpool - 124
1645778604 individuals_ID0000018 POST_SCRIPT_STARTED 2782.0 condorpool - 124
1645778604 individuals_ID0000018 POST_SCRIPT_TERMINATED 2782.0 condorpool - 124
1645778609 individuals_ID0000018 POST_SCRIPT_SUCCESS 0 condorpool - 124
1645778622 individuals_ID0000014 EXECUTE 2786.0 condorpool - 128
1645779034 individuals_ID0000013 JOB_TERMINATED 2785.0 condorpool - 127
1645779035 individuals_ID0000013 JOB_SUCCESS 0 condorpool - 127
1645779035 individuals_ID0000013 POST_SCRIPT_STARTED 2785.0 condorpool - 127
1645779035 individuals_ID0000013 POST_SCRIPT_TERMINATED 2785.0 condorpool - 127
1645779040 individuals_ID0000013 POST_SCRIPT_SUCCESS 0 condorpool - 127
1645779039 individuals_ID0000019 EXECUTE 2787.0 condorpool - 129
1645779039 individuals_ID0000012 JOB_TERMINATED 2784.0 condorpool - 126
1645779040 individuals_ID0000012 JOB_SUCCESS 0 condorpool - 126
1645779040 individuals_ID0000012 POST_SCRIPT_STARTED 2784.0 condorpool - 126
1645779040 individuals_ID0000012 POST_SCRIPT_TERMINATED 2784.0 condorpool - 126
1645779045 individuals_ID0000012 POST_SCRIPT_SUCCESS 0 condorpool - 126
1645779041 individuals_ID0000011 JOB_TERMINATED 2783.0 condorpool - 125
1645779045 individuals_ID0000011 JOB_SUCCESS 0 condorpool - 125
1645779045 individuals_ID0000011 POST_SCRIPT_STARTED 2783.0 condorpool - 125
1645779045 individuals_ID0000010 EXECUTE 2788.0 condorpool - 130
1645779046 individuals_ID0000011 POST_SCRIPT_TERMINATED 2783.0 condorpool - 125
1645779050 individuals_ID0000011 POST_SCRIPT_SUCCESS 0 condorpool - 125
1645779048 individuals_ID0000050 EXECUTE 2789.0 condorpool - 131
1645779269 individuals_ID0000014 JOB_TERMINATED 2786.0 condorpool - 128
1645779270 individuals_ID0000014 JOB_SUCCESS 0 condorpool - 128
1645779270 individuals_ID0000014 POST_SCRIPT_STARTED 2786.0 condorpool - 128
1645779270 individuals_ID0000014 POST_SCRIPT_TERMINATED 2786.0 condorpool - 128
1645779275 individuals_ID0000014 POST_SCRIPT_SUCCESS 0 condorpool - 128
1645779274 individuals_ID0000026 EXECUTE 2790.0 condorpool - 132
1645779699 individuals_ID0000050 JOB_TERMINATED 2789.0 condorpool - 131
1645779701 individuals_ID0000050 JOB_SUCCESS 0 condorpool - 131
1645779701 individuals_ID0000050 POST_SCRIPT_STARTED 2789.0 condorpool - 131
1645779700 individuals_ID0000019 JOB_TERMINATED 2787.0 condorpool - 129
1645779701 individuals_ID0000019 JOB_SUCCESS 0 condorpool - 129
1645779701 individuals_ID0000019 POST_SCRIPT_STARTED 2787.0 condorpool - 129
1645779701 individuals_ID0000050 POST_SCRIPT_TERMINATED 2789.0 condorpool - 131
1645779706 individuals_ID0000050 POST_SCRIPT_SUCCESS 0 condorpool - 131
1645779701 individuals_ID0000019 POST_SCRIPT_TERMINATED 2787.0 condorpool - 129
1645779706 individuals_ID0000019 POST_SCRIPT_SUCCESS 0 condorpool - 129
1645779701 individuals_ID0000010 JOB_TERMINATED 2788.0 condorpool - 130
1645779706 individuals_ID0000010 JOB_SUCCESS 0 condorpool - 130
1645779706 individuals_ID0000010 POST_SCRIPT_STARTED 2788.0 condorpool - 130
1645779706 individuals_ID0000010 POST_SCRIPT_TERMINATED 2788.0 condorpool - 130
1645779711 individuals_ID0000010 POST_SCRIPT_SUCCESS 0 condorpool - 130
1645779766 individuals_ID0000028 EXECUTE 2792.0 condorpool - 134
1645779766 individuals_ID0000027 EXECUTE 2791.0 condorpool - 133
1645779766 individuals_ID0000029 EXECUTE 2793.0 condorpool - 135
1645779912 individuals_ID0000026 JOB_TERMINATED 2790.0 condorpool - 132
1645779917 individuals_ID0000026 JOB_SUCCESS 0 condorpool - 132
1645779917 individuals_ID0000026 POST_SCRIPT_STARTED 2790.0 condorpool - 132
1645779917 individuals_ID0000026 POST_SCRIPT_TERMINATED 2790.0 condorpool - 132
1645779922 individuals_ID0000026 POST_SCRIPT_SUCCESS 0 condorpool - 132
1645779941 individuals_ID0000022 EXECUTE 2794.0 condorpool - 136
1645780432 individuals_ID0000029 JOB_TERMINATED 2793.0 condorpool - 135
1645780432 individuals_ID0000029 JOB_SUCCESS 0 condorpool - 135
1645780432 individuals_ID0000029 POST_SCRIPT_STARTED 2793.0 condorpool - 135
1645780433 individuals_ID0000029 POST_SCRIPT_TERMINATED 2793.0 condorpool - 135
1645780437 individuals_ID0000029 POST_SCRIPT_SUCCESS 0 condorpool - 135
1645780437 individuals_ID0000023 EXECUTE 2795.0 condorpool - 137
1645780440 individuals_ID0000027 JOB_TERMINATED 2791.0 condorpool - 133
1645780442 individuals_ID0000027 JOB_SUCCESS 0 condorpool - 133
1645780442 individuals_ID0000027 POST_SCRIPT_STARTED 2791.0 condorpool - 133
1645780442 individuals_ID0000027 POST_SCRIPT_TERMINATED 2791.0 condorpool - 133
1645780447 individuals_ID0000027 POST_SCRIPT_SUCCESS 0 condorpool - 133
1645780444 individuals_ID0000024 EXECUTE 2796.0 condorpool - 138
1645780446 individuals_ID0000028 JOB_TERMINATED 2792.0 condorpool - 134
1645780447 individuals_ID0000028 JOB_SUCCESS 0 condorpool - 134
1645780447 individuals_ID0000028 POST_SCRIPT_STARTED 2792.0 condorpool - 134
1645780447 individuals_ID0000028 POST_SCRIPT_TERMINATED 2792.0 condorpool - 134
1645780452 individuals_ID0000028 POST_SCRIPT_SUCCESS 0 condorpool - 134
1645780451 individuals_ID0000025 EXECUTE 2797.0 condorpool - 139
1645780622 individuals_ID0000022 JOB_TERMINATED 2794.0 condorpool - 136
1645780623 individuals_ID0000022 JOB_SUCCESS 0 condorpool - 136
1645780623 individuals_ID0000022 POST_SCRIPT_STARTED 2794.0 condorpool - 136
1645780623 individuals_ID0000022 POST_SCRIPT_TERMINATED 2794.0 condorpool - 136
1645780628 individuals_ID0000022 POST_SCRIPT_SUCCESS 0 condorpool - 136
1645780627 individuals_ID0000020 EXECUTE 2798.0 condorpool - 140
1645781131 individuals_ID0000023 JOB_TERMINATED 2795.0 condorpool - 137
1645781133 individuals_ID0000023 JOB_SUCCESS 0 condorpool - 137
1645781133 individuals_ID0000023 POST_SCRIPT_STARTED 2795.0 condorpool - 137
1645781134 individuals_ID0000023 POST_SCRIPT_TERMINATED 2795.0 condorpool - 137
1645781138 individuals_ID0000023 POST_SCRIPT_SUCCESS 0 condorpool - 137
1645781141 individuals_ID0000021 EXECUTE 2799.0 condorpool - 141
1645781152 individuals_ID0000024 JOB_TERMINATED 2796.0 condorpool - 138
1645781153 individuals_ID0000024 JOB_SUCCESS 0 condorpool - 138
1645781153 individuals_ID0000024 POST_SCRIPT_STARTED 2796.0 condorpool - 138
1645781153 individuals_ID0000024 POST_SCRIPT_TERMINATED 2796.0 condorpool - 138
1645781158 individuals_ID0000024 POST_SCRIPT_SUCCESS 0 condorpool - 138
1645781158 individuals_ID0000025 JOB_TERMINATED 2797.0 condorpool - 139
1645781163 individuals_ID0000025 JOB_SUCCESS 0 condorpool - 139
1645781163 individuals_ID0000025 POST_SCRIPT_STARTED 2797.0 condorpool - 139
1645781163 individuals_ID0000025 POST_SCRIPT_TERMINATED 2797.0 condorpool - 139
1645781168 individuals_ID0000025 POST_SCRIPT_SUCCESS 0 condorpool - 139
1645781198 sifting_ID0000052 EXECUTE 2800.0 condorpool - 142
1645781199 sifting_ID0000052 JOB_TERMINATED 2800.0 condorpool - 142
1645781203 sifting_ID0000052 JOB_SUCCESS 0 condorpool - 142
1645781203 sifting_ID0000052 POST_SCRIPT_STARTED 2800.0 condorpool - 142
1645781204 sifting_ID0000052 POST_SCRIPT_TERMINATED 2800.0 condorpool - 142
1645781208 sifting_ID0000052 POST_SCRIPT_SUCCESS 0 condorpool - 142
1645781291 individuals_ID0000020 JOB_TERMINATED 2798.0 condorpool - 140
1645781293 individuals_ID0000020 JOB_SUCCESS 0 condorpool - 140
1645781293 individuals_ID0000020 POST_SCRIPT_STARTED 2798.0 condorpool - 140
1645781293 individuals_ID0000020 POST_SCRIPT_TERMINATED 2798.0 condorpool - 140
1645781298 individuals_ID0000020 POST_SCRIPT_SUCCESS 0 condorpool - 140
1645781732 individuals_ID0000021 JOB_TERMINATED 2799.0 condorpool - 141
1645781733 individuals_ID0000021 JOB_SUCCESS 0 condorpool - 141
1645781733 individuals_ID0000021 POST_SCRIPT_STARTED 2799.0 condorpool - 141
1645781734 individuals_ID0000021 POST_SCRIPT_TERMINATED 2799.0 condorpool - 141
1645781738 individuals_ID0000021 POST_SCRIPT_SUCCESS 0 condorpool - 141
1645781743 individuals_merge_ID0000051 SUBMIT 2801.0 condorpool - 143
1645781746 individuals_merge_ID0000051 EXECUTE 2801.0 condorpool - 143
1645785931 individuals_merge_ID0000051 JOB_TERMINATED 2801.0 condorpool - 143
1645785936 individuals_merge_ID0000051 JOB_SUCCESS 0 condorpool - 143
1645785936 individuals_merge_ID0000051 POST_SCRIPT_STARTED 2801.0 condorpool - 143
1645785936 individuals_merge_ID0000051 POST_SCRIPT_TERMINATED 2801.0 condorpool - 143
1645785941 individuals_merge_ID0000051 POST_SCRIPT_SUCCESS 0 condorpool - 143
1645785946 frequency_ID0000060 SUBMIT 2802.0 condorpool - 144
1645785946 frequency_ID0000062 SUBMIT 2803.0 condorpool - 145
1645785946 mutation_overlap_ID0000053 SUBMIT 2804.0 condorpool - 146
1645785946 frequency_ID0000058 SUBMIT 2805.0 condorpool - 147
1645785946 mutation_overlap_ID0000063 SUBMIT 2806.0 condorpool - 148
1645785947 frequency_ID0000060 EXECUTE 2802.0 condorpool - 144
1645785947 frequency_ID0000062 EXECUTE 2803.0 condorpool - 145
1645785951 mutation_overlap_ID0000055 SUBMIT 2807.0 condorpool - 149
1645785951 mutation_overlap_ID0000065 SUBMIT 2808.0 condorpool - 150
1645785951 frequency_ID0000064 SUBMIT 2809.0 condorpool - 151
1645785951 frequency_ID0000054 SUBMIT 2810.0 condorpool - 152
1645785951 frequency_ID0000066 SUBMIT 2811.0 condorpool - 153
1645785956 mutation_overlap_ID0000061 SUBMIT 2812.0 condorpool - 154
1645785956 frequency_ID0000056 SUBMIT 2813.0 condorpool - 155
1645785957 mutation_overlap_ID0000057 SUBMIT 2814.0 condorpool - 156
1645785957 mutation_overlap_ID0000059 SUBMIT 2815.0 condorpool - 157
1645785967 frequency_ID0000058 EXECUTE 2805.0 condorpool - 147
1645785967 mutation_overlap_ID0000053 EXECUTE 2804.0 condorpool - 146
1645786094 mutation_overlap_ID0000053 JOB_TERMINATED 2804.0 condorpool - 146
1645786097 mutation_overlap_ID0000053 JOB_SUCCESS 0 condorpool - 146
1645786097 mutation_overlap_ID0000053 POST_SCRIPT_STARTED 2804.0 condorpool - 146
1645786097 mutation_overlap_ID0000053 POST_SCRIPT_TERMINATED 2804.0 condorpool - 146
1645786102 mutation_overlap_ID0000053 POST_SCRIPT_SUCCESS 0 condorpool - 146
1645786147 mutation_overlap_ID0000063 EXECUTE 2806.0 condorpool - 148
1645786236 mutation_overlap_ID0000063 JOB_TERMINATED 2806.0 condorpool - 148
1645786237 mutation_overlap_ID0000063 JOB_SUCCESS 0 condorpool - 148
1645786237 mutation_overlap_ID0000063 POST_SCRIPT_STARTED 2806.0 condorpool - 148
1645786237 mutation_overlap_ID0000063 POST_SCRIPT_TERMINATED 2806.0 condorpool - 148
1645786242 mutation_overlap_ID0000063 POST_SCRIPT_SUCCESS 0 condorpool - 148
1645786255 mutation_overlap_ID0000055 EXECUTE 2807.0 condorpool - 149
1645786347 mutation_overlap_ID0000055 JOB_TERMINATED 2807.0 condorpool - 149
1645786347 mutation_overlap_ID0000055 JOB_SUCCESS 0 condorpool - 149
1645786347 mutation_overlap_ID0000055 POST_SCRIPT_STARTED 2807.0 condorpool - 149
1645786348 mutation_overlap_ID0000055 POST_SCRIPT_TERMINATED 2807.0 condorpool - 149
1645786352 mutation_overlap_ID0000055 POST_SCRIPT_SUCCESS 0 condorpool - 149
1645786365 mutation_overlap_ID0000065 EXECUTE 2808.0 condorpool - 150
1645786450 mutation_overlap_ID0000065 JOB_TERMINATED 2808.0 condorpool - 150
1645786452 mutation_overlap_ID0000065 JOB_SUCCESS 0 condorpool - 150
1645786452 mutation_overlap_ID0000065 POST_SCRIPT_STARTED 2808.0 condorpool - 150
1645786452 mutation_overlap_ID0000065 POST_SCRIPT_TERMINATED 2808.0 condorpool - 150
1645786457 mutation_overlap_ID0000065 POST_SCRIPT_SUCCESS 0 condorpool - 150
1645786468 frequency_ID0000064 EXECUTE 2809.0 condorpool - 151
1645786700 frequency_ID0000060 JOB_TERMINATED 2802.0 condorpool - 144
1645786702 frequency_ID0000060 JOB_SUCCESS 0 condorpool - 144
1645786702 frequency_ID0000060 POST_SCRIPT_STARTED 2802.0 condorpool - 144
1645786700 frequency_ID0000062 JOB_TERMINATED 2803.0 condorpool - 145
1645786702 frequency_ID0000062 JOB_SUCCESS 0 condorpool - 145
1645786702 frequency_ID0000062 POST_SCRIPT_STARTED 2803.0 condorpool - 145
1645786703 frequency_ID0000062 POST_SCRIPT_TERMINATED 2803.0 condorpool - 145
1645786707 frequency_ID0000062 POST_SCRIPT_SUCCESS 0 condorpool - 145
1645786703 frequency_ID0000060 POST_SCRIPT_TERMINATED 2802.0 condorpool - 144
1645786707 frequency_ID0000060 POST_SCRIPT_SUCCESS 0 condorpool - 144
1645786766 frequency_ID0000058 JOB_TERMINATED 2805.0 condorpool - 147
1645786767 frequency_ID0000058 JOB_SUCCESS 0 condorpool - 147
1645786767 frequency_ID0000058 POST_SCRIPT_STARTED 2805.0 condorpool - 147
1645786767 frequency_ID0000058 POST_SCRIPT_TERMINATED 2805.0 condorpool - 147
1645786772 frequency_ID0000058 POST_SCRIPT_SUCCESS 0 condorpool - 147
1645786808 frequency_ID0000054 EXECUTE 2810.0 condorpool - 152
1645786808 frequency_ID0000066 EXECUTE 2811.0 condorpool - 153
1645786867 mutation_overlap_ID0000061 EXECUTE 2812.0 condorpool - 154
1645786989 mutation_overlap_ID0000061 JOB_TERMINATED 2812.0 condorpool - 154
1645786992 mutation_overlap_ID0000061 JOB_SUCCESS 0 condorpool - 154
1645786992 mutation_overlap_ID0000061 POST_SCRIPT_STARTED 2812.0 condorpool - 154
1645786993 mutation_overlap_ID0000061 POST_SCRIPT_TERMINATED 2812.0 condorpool - 154
1645786997 mutation_overlap_ID0000061 POST_SCRIPT_SUCCESS 0 condorpool - 154
1645787010 frequency_ID0000056 EXECUTE 2813.0 condorpool - 155
1645787111 frequency_ID0000064 JOB_TERMINATED 2809.0 condorpool - 151
1645787112 frequency_ID0000064 JOB_SUCCESS 0 condorpool - 151
1645787112 frequency_ID0000064 POST_SCRIPT_STARTED 2809.0 condorpool - 151
1645787112 frequency_ID0000064 POST_SCRIPT_TERMINATED 2809.0 condorpool - 151
1645787117 frequency_ID0000064 POST_SCRIPT_SUCCESS 0 condorpool - 151
1645787227 mutation_overlap_ID0000057 EXECUTE 2814.0 condorpool - 156
1645787393 mutation_overlap_ID0000057 JOB_TERMINATED 2814.0 condorpool - 156
1645787397 mutation_overlap_ID0000057 JOB_SUCCESS 0 condorpool - 156
1645787397 mutation_overlap_ID0000057 POST_SCRIPT_STARTED 2814.0 condorpool - 156
1645787398 mutation_overlap_ID0000057 POST_SCRIPT_TERMINATED 2814.0 condorpool - 156
1645787402 mutation_overlap_ID0000057 POST_SCRIPT_SUCCESS 0 condorpool - 156
1645787411 mutation_overlap_ID0000059 EXECUTE 2815.0 condorpool - 157
1645787502 mutation_overlap_ID0000059 JOB_TERMINATED 2815.0 condorpool - 157
1645787507 mutation_overlap_ID0000059 JOB_SUCCESS 0 condorpool - 157
1645787507 mutation_overlap_ID0000059 POST_SCRIPT_STARTED 2815.0 condorpool - 157
1645787507 mutation_overlap_ID0000059 POST_SCRIPT_TERMINATED 2815.0 condorpool - 157
1645787512 mutation_overlap_ID0000059 POST_SCRIPT_SUCCESS 0 condorpool - 157
1645787518 frequency_ID0000066 JOB_TERMINATED 2811.0 condorpool - 153
1645787522 frequency_ID0000066 JOB_SUCCESS 0 condorpool - 153
1645787522 frequency_ID0000066 POST_SCRIPT_STARTED 2811.0 condorpool - 153
1645787522 frequency_ID0000066 POST_SCRIPT_TERMINATED 2811.0 condorpool - 153
1645787527 frequency_ID0000066 POST_SCRIPT_SUCCESS 0 condorpool - 153
1645787625 frequency_ID0000054 JOB_TERMINATED 2810.0 condorpool - 152
1645787627 frequency_ID0000054 JOB_SUCCESS 0 condorpool - 152
1645787627 frequency_ID0000054 POST_SCRIPT_STARTED 2810.0 condorpool - 152
1645787628 frequency_ID0000054 POST_SCRIPT_TERMINATED 2810.0 condorpool - 152
1645787632 frequency_ID0000054 POST_SCRIPT_SUCCESS 0 condorpool - 152
1645787637 stage_out_local_local_2_0 SUBMIT 2816.0 local - 158
1645787637 stage_out_local_local_2_0 EXECUTE 2816.0 local - 158
1645787641 stage_out_local_local_2_0 JOB_TERMINATED 2816.0 local - 158
1645787642 stage_out_local_local_2_0 JOB_SUCCESS 0 local - 158
1645787642 stage_out_local_local_2_0 POST_SCRIPT_STARTED 2816.0 local - 158
1645787642 stage_out_local_local_2_0 POST_SCRIPT_TERMINATED 2816.0 local - 158
1645787647 stage_out_local_local_2_0 POST_SCRIPT_SUCCESS 0 local - 158
1645787699 frequency_ID0000056 JOB_TERMINATED 2813.0 condorpool - 155
1645787702 frequency_ID0000056 JOB_SUCCESS 0 condorpool - 155
1645787702 frequency_ID0000056 POST_SCRIPT_STARTED 2813.0 condorpool - 155
1645787703 frequency_ID0000056 POST_SCRIPT_TERMINATED 2813.0 condorpool - 155
1645787707 frequency_ID0000056 POST_SCRIPT_SUCCESS 0 condorpool - 155
1645787712 stage_out_local_local_2_1 SUBMIT 2817.0 local - 159
1645787712 stage_out_local_local_2_1 EXECUTE 2817.0 local - 159
1645787716 stage_out_local_local_2_1 JOB_TERMINATED 2817.0 local - 159
1645787717 stage_out_local_local_2_1 JOB_SUCCESS 0 local - 159
1645787717 stage_out_local_local_2_1 POST_SCRIPT_STARTED 2817.0 local - 159
1645787717 stage_out_local_local_2_1 POST_SCRIPT_TERMINATED 2817.0 local - 159
1645787722 stage_out_local_local_2_1 POST_SCRIPT_SUCCESS 0 local - 159
1645787727 cleanup_1000-genome_0_local SUBMIT 2818.0 local - 160
1645787727 cleanup_1000-genome_0_local EXECUTE 2818.0 local - 160
1645787729 cleanup_1000-genome_0_local JOB_TERMINATED 2818.0 local - 160
1645787732 cleanup_1000-genome_0_local JOB_SUCCESS 0 local - 160
1645787732 cleanup_1000-genome_0_local POST_SCRIPT_STARTED 2818.0 local - 160
1645787732 cleanup_1000-genome_0_local POST_SCRIPT_TERMINATED 2818.0 local - 160
1645787737 cleanup_1000-genome_0_local POST_SCRIPT_SUCCESS 0 local - 160
1645787737 INTERNAL *** DAGMAN_FINISHED 0 ***
1645787738 INTERNAL *** MONITORD_FINISHED 0 ***
