1645999344 INTERNAL *** MONITORD_STARTED ***
1645999343 INTERNAL *** DAGMAN_STARTED 3143.0 ***
1645999347 create_dir_1000-genome_0_local SUBMIT 3144.0 local - 481
1645999348 create_dir_1000-genome_0_local EXECUTE 3144.0 local - 481
1645999350 create_dir_1000-genome_0_local JOB_TERMINATED 3144.0 local - 481
1645999352 create_dir_1000-genome_0_local JOB_SUCCESS 0 local - 481
1645999352 create_dir_1000-genome_0_local POST_SCRIPT_STARTED 3144.0 local - 481
1645999352 create_dir_1000-genome_0_local POST_SCRIPT_TERMINATED 3144.0 local - 481
1645999357 create_dir_1000-genome_0_local POST_SCRIPT_SUCCESS 0 local - 481
1645999362 stage_in_remote_local_2_0 SUBMIT 3145.0 local - 482
1645999362 stage_in_remote_local_2_0 EXECUTE 3145.0 local - 482
1645999362 stage_in_remote_local_1_0 SUBMIT 3146.0 local - 483
1645999362 stage_in_remote_local_0_0 SUBMIT 3147.0 local - 484
1645999362 stage_in_local_local_0_0 SUBMIT 3148.0 local - 485
1645999362 stage_in_local_local_2_0 SUBMIT 3149.0 local - 486
1645999365 stage_in_remote_local_2_0 JOB_TERMINATED 3145.0 local - 482
1645999368 stage_in_remote_local_2_0 JOB_SUCCESS 0 local - 482
1645999368 stage_in_remote_local_2_0 POST_SCRIPT_STARTED 3145.0 local - 482
1645999365 stage_in_local_local_2_0 EXECUTE 3149.0 local - 486
1645999365 stage_in_local_local_0_0 EXECUTE 3148.0 local - 485
1645999365 stage_in_remote_local_0_0 EXECUTE 3147.0 local - 484
1645999365 stage_in_remote_local_1_0 EXECUTE 3146.0 local - 483
1645999367 stage_in_local_local_0_0 JOB_TERMINATED 3148.0 local - 485
1645999368 stage_in_local_local_0_0 JOB_SUCCESS 0 local - 485
1645999368 stage_in_local_local_0_0 POST_SCRIPT_STARTED 3148.0 local - 485
1645999367 stage_in_remote_local_0_0 JOB_TERMINATED 3147.0 local - 484
1645999368 stage_in_remote_local_0_0 JOB_SUCCESS 0 local - 484
1645999368 stage_in_remote_local_0_0 POST_SCRIPT_STARTED 3147.0 local - 484
1645999367 stage_in_remote_local_1_0 JOB_TERMINATED 3146.0 local - 483
1645999368 stage_in_remote_local_1_0 JOB_SUCCESS 0 local - 483
1645999368 stage_in_remote_local_1_0 POST_SCRIPT_STARTED 3146.0 local - 483
1645999367 stage_in_remote_local_0_1 SUBMIT 3150.0 local - 487
1645999368 stage_in_remote_local_0_1 EXECUTE 3150.0 local - 487
1645999368 stage_in_local_local_0_1 SUBMIT 3151.0 local - 488
1645999368 stage_in_local_local_2_1 SUBMIT 3152.0 local - 489
1645999368 stage_in_remote_local_2_1 SUBMIT 3153.0 local - 490
1645999368 stage_in_local_local_0_2 SUBMIT 3154.0 local - 491
1645999368 stage_in_remote_local_1_0 POST_SCRIPT_TERMINATED 3146.0 local - 483
1645999373 stage_in_remote_local_1_0 POST_SCRIPT_SUCCESS 0 local - 483
1645999368 stage_in_remote_local_2_0 POST_SCRIPT_TERMINATED 3145.0 local - 482
1645999373 stage_in_remote_local_2_0 POST_SCRIPT_SUCCESS 0 local - 482
1645999368 stage_in_remote_local_0_0 POST_SCRIPT_TERMINATED 3147.0 local - 484
1645999373 stage_in_remote_local_0_0 POST_SCRIPT_SUCCESS 0 local - 484
1645999368 stage_in_local_local_0_0 POST_SCRIPT_TERMINATED 3148.0 local - 485
1645999373 stage_in_local_local_0_0 POST_SCRIPT_SUCCESS 0 local - 485
1645999369 stage_in_local_local_2_0 JOB_TERMINATED 3149.0 local - 486
1645999373 stage_in_local_local_2_0 JOB_SUCCESS 0 local - 486
1645999373 stage_in_local_local_2_0 POST_SCRIPT_STARTED 3149.0 local - 486
1645999369 stage_in_local_local_0_2 EXECUTE 3154.0 local - 491
1645999369 stage_in_remote_local_2_1 EXECUTE 3153.0 local - 490
1645999369 stage_in_local_local_2_1 EXECUTE 3152.0 local - 489
1645999369 stage_in_local_local_0_1 EXECUTE 3151.0 local - 488
1645999370 stage_in_remote_local_0_1 JOB_TERMINATED 3150.0 local - 487
1645999373 stage_in_remote_local_0_1 JOB_SUCCESS 0 local - 487
1645999373 stage_in_remote_local_0_1 POST_SCRIPT_STARTED 3150.0 local - 487
1645999371 stage_in_local_local_0_2 JOB_TERMINATED 3154.0 local - 491
1645999373 stage_in_local_local_0_2 JOB_SUCCESS 0 local - 491
1645999373 stage_in_local_local_0_2 POST_SCRIPT_STARTED 3154.0 local - 491
1645999371 stage_in_remote_local_2_1 JOB_TERMINATED 3153.0 local - 490
1645999373 stage_in_remote_local_2_1 JOB_SUCCESS 0 local - 490
1645999373 stage_in_remote_local_2_1 POST_SCRIPT_STARTED 3153.0 local - 490
1645999372 stage_in_local_local_0_1 JOB_TERMINATED 3151.0 local - 488
1645999373 stage_in_local_local_0_1 JOB_SUCCESS 0 local - 488
1645999373 stage_in_local_local_0_1 POST_SCRIPT_STARTED 3151.0 local - 488
1645999373 stage_in_local_local_2_1 JOB_TERMINATED 3152.0 local - 489
1645999378 stage_in_local_local_2_1 JOB_SUCCESS 0 local - 489
1645999378 stage_in_local_local_2_1 POST_SCRIPT_STARTED 3152.0 local - 489
1645999373 stage_in_remote_local_0_1 POST_SCRIPT_TERMINATED 3150.0 local - 487
1645999378 stage_in_remote_local_0_1 POST_SCRIPT_SUCCESS 0 local - 487
1645999373 stage_in_local_local_2_0 POST_SCRIPT_TERMINATED 3149.0 local - 486
1645999378 stage_in_local_local_2_0 POST_SCRIPT_SUCCESS 0 local - 486
1645999373 stage_in_remote_local_2_1 POST_SCRIPT_TERMINATED 3153.0 local - 490
1645999378 stage_in_remote_local_2_1 POST_SCRIPT_SUCCESS 0 local - 490
1645999373 stage_in_local_local_0_2 POST_SCRIPT_TERMINATED 3154.0 local - 491
1645999378 stage_in_local_local_0_2 POST_SCRIPT_SUCCESS 0 local - 491
1645999373 stage_in_local_local_0_1 POST_SCRIPT_TERMINATED 3151.0 local - 488
1645999378 stage_in_local_local_0_1 POST_SCRIPT_SUCCESS 0 local - 488
1645999378 stage_in_local_local_2_1 POST_SCRIPT_TERMINATED 3152.0 local - 489
1645999384 stage_in_local_local_2_1 POST_SCRIPT_SUCCESS 0 local - 489
1645999383 sifting_ID0000052 SUBMIT 3155.0 condorpool - 492
1645999384 individuals_ID0000037 SUBMIT 3156.0 condorpool - 493
1645999384 individuals_ID0000038 SUBMIT 3157.0 condorpool - 494
1645999384 individuals_ID0000039 SUBMIT 3158.0 condorpool - 495
1645999384 individuals_ID0000033 SUBMIT 3159.0 condorpool - 496
1645999389 individuals_ID0000034 SUBMIT 3160.0 condorpool - 497
1645999389 individuals_ID0000035 SUBMIT 3161.0 condorpool - 498
1645999389 individuals_ID0000036 SUBMIT 3162.0 condorpool - 499
1645999389 individuals_ID0000030 SUBMIT 3163.0 condorpool - 500
1645999389 individuals_ID0000031 SUBMIT 3164.0 condorpool - 501
1645999394 individuals_ID0000032 SUBMIT 3165.0 condorpool - 502
1645999394 individuals_ID0000004 SUBMIT 3166.0 condorpool - 503
1645999394 individuals_ID0000048 SUBMIT 3167.0 condorpool - 504
1645999394 individuals_ID0000005 SUBMIT 3168.0 condorpool - 505
1645999394 individuals_ID0000049 SUBMIT 3169.0 condorpool - 506
1645999399 individuals_ID0000006 SUBMIT 3170.0 condorpool - 507
1645999399 individuals_ID0000007 SUBMIT 3171.0 condorpool - 508
1645999399 individuals_ID0000044 SUBMIT 3172.0 condorpool - 509
1645999399 individuals_ID0000001 SUBMIT 3173.0 condorpool - 510
1645999399 individuals_ID0000045 SUBMIT 3174.0 condorpool - 511
1645999404 individuals_ID0000002 SUBMIT 3175.0 condorpool - 512
1645999404 individuals_ID0000046 SUBMIT 3176.0 condorpool - 513
1645999404 individuals_ID0000003 SUBMIT 3177.0 condorpool - 514
1645999404 individuals_ID0000047 SUBMIT 3178.0 condorpool - 515
1645999405 sifting_ID0000052 EXECUTE 3155.0 condorpool - 492
1645999405 individuals_ID0000008 SUBMIT 3179.0 condorpool - 516
1645999407 sifting_ID0000052 JOB_TERMINATED 3155.0 condorpool - 492
1645999410 sifting_ID0000052 JOB_SUCCESS 0 condorpool - 492
1645999410 sifting_ID0000052 POST_SCRIPT_STARTED 3155.0 condorpool - 492
1645999410 individuals_ID0000009 SUBMIT 3180.0 condorpool - 517
1645999410 individuals_ID0000040 SUBMIT 3181.0 condorpool - 518
1645999410 individuals_ID0000041 SUBMIT 3182.0 condorpool - 519
1645999410 individuals_ID0000042 SUBMIT 3183.0 condorpool - 520
1645999410 individuals_ID0000043 SUBMIT 3184.0 condorpool - 521
1645999410 sifting_ID0000052 POST_SCRIPT_TERMINATED 3155.0 condorpool - 492
1645999415 sifting_ID0000052 POST_SCRIPT_SUCCESS 0 condorpool - 492
1645999415 individuals_ID0000015 SUBMIT 3185.0 condorpool - 522
1645999415 individuals_ID0000016 SUBMIT 3186.0 condorpool - 523
1645999415 individuals_ID0000017 SUBMIT 3187.0 condorpool - 524
1645999415 individuals_ID0000018 SUBMIT 3188.0 condorpool - 525
1645999415 individuals_ID0000011 SUBMIT 3189.0 condorpool - 526
1645999420 individuals_ID0000012 SUBMIT 3190.0 condorpool - 527
1645999420 individuals_ID0000013 SUBMIT 3191.0 condorpool - 528
1645999420 individuals_ID0000014 SUBMIT 3192.0 condorpool - 529
1645999420 individuals_ID0000019 SUBMIT 3193.0 condorpool - 530
1645999420 individuals_ID0000010 SUBMIT 3194.0 condorpool - 531
1645999421 individuals_ID0000034 EXECUTE 3160.0 condorpool - 497
1645999422 individuals_ID0000033 EXECUTE 3159.0 condorpool - 496
1645999423 individuals_ID0000038 EXECUTE 3157.0 condorpool - 494
1645999424 individuals_ID0000007 EXECUTE 3171.0 condorpool - 508
1645999424 individuals_ID0000045 EXECUTE 3174.0 condorpool - 511
1645999424 individuals_ID0000044 EXECUTE 3172.0 condorpool - 509
1645999424 individuals_ID0000032 EXECUTE 3165.0 condorpool - 502
1645999424 individuals_ID0000031 EXECUTE 3164.0 condorpool - 501
1645999425 individuals_ID0000004 EXECUTE 3166.0 condorpool - 503
1645999425 individuals_ID0000050 SUBMIT 3195.0 condorpool - 532
1645999425 individuals_ID0000026 SUBMIT 3196.0 condorpool - 533
1645999426 individuals_ID0000027 SUBMIT 3197.0 condorpool - 534
1645999426 individuals_ID0000028 SUBMIT 3198.0 condorpool - 535
1645999426 individuals_ID0000029 SUBMIT 3199.0 condorpool - 536
1645999426 individuals_ID0000049 EXECUTE 3169.0 condorpool - 506
1645999431 individuals_ID0000022 SUBMIT 3200.0 condorpool - 537
1645999431 individuals_ID0000023 SUBMIT 3201.0 condorpool - 538
1645999431 individuals_ID0000024 SUBMIT 3202.0 condorpool - 539
1645999431 individuals_ID0000025 SUBMIT 3203.0 condorpool - 540
1645999431 individuals_ID0000020 SUBMIT 3204.0 condorpool - 541
1645999436 individuals_ID0000021 SUBMIT 3205.0 condorpool - 542
1645999438 individuals_ID0000035 EXECUTE 3161.0 condorpool - 498
1645999439 individuals_ID0000048 EXECUTE 3167.0 condorpool - 504
1645999445 individuals_ID0000005 EXECUTE 3168.0 condorpool - 505
1645999446 individuals_ID0000030 EXECUTE 3163.0 condorpool - 500
1645999453 individuals_ID0000042 EXECUTE 3183.0 condorpool - 520
1645999457 individuals_ID0000037 EXECUTE 3156.0 condorpool - 493
1645999460 individuals_ID0000002 EXECUTE 3175.0 condorpool - 512
1645999468 individuals_ID0000036 EXECUTE 3162.0 condorpool - 499
1645999468 individuals_ID0000006 EXECUTE 3170.0 condorpool - 507
1645999468 individuals_ID0000003 EXECUTE 3177.0 condorpool - 514
1645999471 individuals_ID0000041 EXECUTE 3182.0 condorpool - 519
1645999473 individuals_ID0000046 EXECUTE 3176.0 condorpool - 513
1645999474 individuals_ID0000008 EXECUTE 3179.0 condorpool - 516
1645999479 individuals_ID0000001 EXECUTE 3173.0 condorpool - 510
1645999482 individuals_ID0000039 EXECUTE 3158.0 condorpool - 495
1645999483 individuals_ID0000009 EXECUTE 3180.0 condorpool - 517
1645999485 individuals_ID0000040 EXECUTE 3181.0 condorpool - 518
1645999489 individuals_ID0000047 EXECUTE 3178.0 condorpool - 515
1645999860 individuals_ID0000001 JOB_TERMINATED 3173.0 condorpool - 510
1645999861 individuals_ID0000001 JOB_SUCCESS 0 condorpool - 510
1645999861 individuals_ID0000001 POST_SCRIPT_STARTED 3173.0 condorpool - 510
1645999862 individuals_ID0000001 POST_SCRIPT_TERMINATED 3173.0 condorpool - 510
1645999866 individuals_ID0000001 POST_SCRIPT_SUCCESS 0 condorpool - 510
1645999866 individuals_ID0000043 EXECUTE 3184.0 condorpool - 521
1646000223 individuals_ID0000008 JOB_TERMINATED 3179.0 condorpool - 516
1646000226 individuals_ID0000008 JOB_SUCCESS 0 condorpool - 516
1646000226 individuals_ID0000008 POST_SCRIPT_STARTED 3179.0 condorpool - 516
1646000224 individuals_ID0000046 JOB_TERMINATED 3176.0 condorpool - 513
1646000226 individuals_ID0000046 JOB_SUCCESS 0 condorpool - 513
1646000226 individuals_ID0000046 POST_SCRIPT_STARTED 3176.0 condorpool - 513
1646000225 individuals_ID0000003 JOB_TERMINATED 3177.0 condorpool - 514
1646000226 individuals_ID0000003 JOB_SUCCESS 0 condorpool - 514
1646000226 individuals_ID0000003 POST_SCRIPT_STARTED 3177.0 condorpool - 514
1646000226 individuals_ID0000046 POST_SCRIPT_TERMINATED 3176.0 condorpool - 513
1646000231 individuals_ID0000046 POST_SCRIPT_SUCCESS 0 condorpool - 513
1646000226 individuals_ID0000008 POST_SCRIPT_TERMINATED 3179.0 condorpool - 516
1646000231 individuals_ID0000008 POST_SCRIPT_SUCCESS 0 condorpool - 516
1646000226 individuals_ID0000003 POST_SCRIPT_TERMINATED 3177.0 condorpool - 514
1646000231 individuals_ID0000003 POST_SCRIPT_SUCCESS 0 condorpool - 514
1646000230 individuals_ID0000015 EXECUTE 3185.0 condorpool - 522
1646000231 individuals_ID0000016 EXECUTE 3186.0 condorpool - 523
1646000232 individuals_ID0000047 JOB_TERMINATED 3178.0 condorpool - 515
1646000236 individuals_ID0000047 JOB_SUCCESS 0 condorpool - 515
1646000236 individuals_ID0000047 POST_SCRIPT_STARTED 3178.0 condorpool - 515
1646000232 individuals_ID0000017 EXECUTE 3187.0 condorpool - 524
1646000237 individuals_ID0000047 POST_SCRIPT_TERMINATED 3178.0 condorpool - 515
1646000241 individuals_ID0000047 POST_SCRIPT_SUCCESS 0 condorpool - 515
1646000238 individuals_ID0000018 EXECUTE 3188.0 condorpool - 525
1646000313 individuals_ID0000044 JOB_TERMINATED 3172.0 condorpool - 509
1646000316 individuals_ID0000044 JOB_SUCCESS 0 condorpool - 509
1646000316 individuals_ID0000044 POST_SCRIPT_STARTED 3172.0 condorpool - 509
1646000316 individuals_ID0000007 JOB_TERMINATED 3171.0 condorpool - 508
1646000321 individuals_ID0000007 JOB_SUCCESS 0 condorpool - 508
1646000321 individuals_ID0000007 POST_SCRIPT_STARTED 3171.0 condorpool - 508
1646000316 individuals_ID0000044 POST_SCRIPT_TERMINATED 3172.0 condorpool - 509
1646000321 individuals_ID0000044 POST_SCRIPT_SUCCESS 0 condorpool - 509
1646000319 individuals_ID0000011 EXECUTE 3189.0 condorpool - 526
1646000321 individuals_ID0000045 JOB_TERMINATED 3174.0 condorpool - 511
1646000326 individuals_ID0000045 JOB_SUCCESS 0 condorpool - 511
1646000326 individuals_ID0000045 POST_SCRIPT_STARTED 3174.0 condorpool - 511
1646000322 individuals_ID0000007 POST_SCRIPT_TERMINATED 3171.0 condorpool - 508
1646000326 individuals_ID0000007 POST_SCRIPT_SUCCESS 0 condorpool - 508
1646000322 individuals_ID0000012 EXECUTE 3190.0 condorpool - 527
1646000326 individuals_ID0000045 POST_SCRIPT_TERMINATED 3174.0 condorpool - 511
1646000331 individuals_ID0000045 POST_SCRIPT_SUCCESS 0 condorpool - 511
1646000327 individuals_ID0000013 EXECUTE 3191.0 condorpool - 528
1646000377 individuals_ID0000034 JOB_TERMINATED 3160.0 condorpool - 497
1646000381 individuals_ID0000034 JOB_SUCCESS 0 condorpool - 497
1646000381 individuals_ID0000034 POST_SCRIPT_STARTED 3160.0 condorpool - 497
1646000381 individuals_ID0000034 POST_SCRIPT_TERMINATED 3160.0 condorpool - 497
1646000386 individuals_ID0000034 POST_SCRIPT_SUCCESS 0 condorpool - 497
1646000382 individuals_ID0000014 EXECUTE 3192.0 condorpool - 529
1646000396 individuals_ID0000033 JOB_TERMINATED 3159.0 condorpool - 496
1646000401 individuals_ID0000033 JOB_SUCCESS 0 condorpool - 496
1646000401 individuals_ID0000033 POST_SCRIPT_STARTED 3159.0 condorpool - 496
1646000401 individuals_ID0000019 EXECUTE 3193.0 condorpool - 530
1646000402 individuals_ID0000035 JOB_TERMINATED 3161.0 condorpool - 498
1646000406 individuals_ID0000035 JOB_SUCCESS 0 condorpool - 498
1646000406 individuals_ID0000035 POST_SCRIPT_STARTED 3161.0 condorpool - 498
1646000402 individuals_ID0000033 POST_SCRIPT_TERMINATED 3159.0 condorpool - 496
1646000406 individuals_ID0000033 POST_SCRIPT_SUCCESS 0 condorpool - 496
1646000406 individuals_ID0000035 POST_SCRIPT_TERMINATED 3161.0 condorpool - 498
1646000411 individuals_ID0000035 POST_SCRIPT_SUCCESS 0 condorpool - 498
1646000408 individuals_ID0000010 EXECUTE 3194.0 condorpool - 531
1646000410 individuals_ID0000036 JOB_TERMINATED 3162.0 condorpool - 499
1646000411 individuals_ID0000036 JOB_SUCCESS 0 condorpool - 499
1646000411 individuals_ID0000036 POST_SCRIPT_STARTED 3162.0 condorpool - 499
1646000411 individuals_ID0000036 POST_SCRIPT_TERMINATED 3162.0 condorpool - 499
1646000416 individuals_ID0000036 POST_SCRIPT_SUCCESS 0 condorpool - 499
1646000416 individuals_ID0000050 EXECUTE 3195.0 condorpool - 532
1646000442 individuals_ID0000009 JOB_TERMINATED 3180.0 condorpool - 517
1646000446 individuals_ID0000009 JOB_SUCCESS 0 condorpool - 517
1646000446 individuals_ID0000009 POST_SCRIPT_STARTED 3180.0 condorpool - 517
1646000447 individuals_ID0000009 POST_SCRIPT_TERMINATED 3180.0 condorpool - 517
1646000451 individuals_ID0000009 POST_SCRIPT_SUCCESS 0 condorpool - 517
1646000448 individuals_ID0000042 JOB_TERMINATED 3183.0 condorpool - 520
1646000451 individuals_ID0000042 JOB_SUCCESS 0 condorpool - 520
1646000451 individuals_ID0000042 POST_SCRIPT_STARTED 3183.0 condorpool - 520
1646000448 individuals_ID0000026 EXECUTE 3196.0 condorpool - 533
1646000448 individuals_ID0000040 JOB_TERMINATED 3181.0 condorpool - 518
1646000451 individuals_ID0000040 JOB_SUCCESS 0 condorpool - 518
1646000451 individuals_ID0000040 POST_SCRIPT_STARTED 3181.0 condorpool - 518
1646000449 individuals_ID0000048 JOB_TERMINATED 3167.0 condorpool - 504
1646000451 individuals_ID0000048 JOB_SUCCESS 0 condorpool - 504
1646000451 individuals_ID0000048 POST_SCRIPT_STARTED 3167.0 condorpool - 504
1646000451 individuals_ID0000049 JOB_TERMINATED 3169.0 condorpool - 506
1646000456 individuals_ID0000049 JOB_SUCCESS 0 condorpool - 506
1646000456 individuals_ID0000049 POST_SCRIPT_STARTED 3169.0 condorpool - 506
1646000451 individuals_ID0000048 POST_SCRIPT_TERMINATED 3167.0 condorpool - 504
1646000456 individuals_ID0000048 POST_SCRIPT_SUCCESS 0 condorpool - 504
1646000451 individuals_ID0000040 POST_SCRIPT_TERMINATED 3181.0 condorpool - 518
1646000456 individuals_ID0000040 POST_SCRIPT_SUCCESS 0 condorpool - 518
1646000451 individuals_ID0000042 POST_SCRIPT_TERMINATED 3183.0 condorpool - 520
1646000456 individuals_ID0000042 POST_SCRIPT_SUCCESS 0 condorpool - 520
1646000455 individuals_ID0000027 EXECUTE 3197.0 condorpool - 534
1646000457 individuals_ID0000049 POST_SCRIPT_TERMINATED 3169.0 condorpool - 506
1646000461 individuals_ID0000049 POST_SCRIPT_SUCCESS 0 condorpool - 506
1646000458 individuals_ID0000028 EXECUTE 3198.0 condorpool - 535
1646000460 individuals_ID0000041 JOB_TERMINATED 3182.0 condorpool - 519
1646000461 individuals_ID0000041 JOB_SUCCESS 0 condorpool - 519
1646000461 individuals_ID0000041 POST_SCRIPT_STARTED 3182.0 condorpool - 519
1646000460 individuals_ID0000029 EXECUTE 3199.0 condorpool - 536
1646000460 individuals_ID0000022 EXECUTE 3200.0 condorpool - 537
1646000461 individuals_ID0000041 POST_SCRIPT_TERMINATED 3182.0 condorpool - 519
1646000466 individuals_ID0000041 POST_SCRIPT_SUCCESS 0 condorpool - 519
1646000468 individuals_ID0000023 EXECUTE 3201.0 condorpool - 538
1646000471 individuals_ID0000005 JOB_TERMINATED 3168.0 condorpool - 505
1646000471 individuals_ID0000005 JOB_SUCCESS 0 condorpool - 505
1646000471 individuals_ID0000005 POST_SCRIPT_STARTED 3168.0 condorpool - 505
1646000471 individuals_ID0000005 POST_SCRIPT_TERMINATED 3168.0 condorpool - 505
1646000476 individuals_ID0000005 POST_SCRIPT_SUCCESS 0 condorpool - 505
1646000477 individuals_ID0000024 EXECUTE 3202.0 condorpool - 539
1646000492 individuals_ID0000006 JOB_TERMINATED 3170.0 condorpool - 507
1646000496 individuals_ID0000006 JOB_SUCCESS 0 condorpool - 507
1646000496 individuals_ID0000006 POST_SCRIPT_STARTED 3170.0 condorpool - 507
1646000497 individuals_ID0000006 POST_SCRIPT_TERMINATED 3170.0 condorpool - 507
1646000501 individuals_ID0000006 POST_SCRIPT_SUCCESS 0 condorpool - 507
1646000499 individuals_ID0000025 EXECUTE 3203.0 condorpool - 540
1646000537 individuals_ID0000032 JOB_TERMINATED 3165.0 condorpool - 502
1646000541 individuals_ID0000032 JOB_SUCCESS 0 condorpool - 502
1646000541 individuals_ID0000032 POST_SCRIPT_STARTED 3165.0 condorpool - 502
1646000541 individuals_ID0000032 POST_SCRIPT_TERMINATED 3165.0 condorpool - 502
1646000546 individuals_ID0000032 POST_SCRIPT_SUCCESS 0 condorpool - 502
1646000542 individuals_ID0000020 EXECUTE 3204.0 condorpool - 541
1646000542 individuals_ID0000004 JOB_TERMINATED 3166.0 condorpool - 503
1646000546 individuals_ID0000004 JOB_SUCCESS 0 condorpool - 503
1646000546 individuals_ID0000004 POST_SCRIPT_STARTED 3166.0 condorpool - 503
1646000546 individuals_ID0000004 POST_SCRIPT_TERMINATED 3166.0 condorpool - 503
1646000551 individuals_ID0000004 POST_SCRIPT_SUCCESS 0 condorpool - 503
1646000548 individuals_ID0000031 JOB_TERMINATED 3164.0 condorpool - 501
1646000551 individuals_ID0000031 JOB_SUCCESS 0 condorpool - 501
1646000551 individuals_ID0000031 POST_SCRIPT_STARTED 3164.0 condorpool - 501
1646000548 individuals_ID0000021 EXECUTE 3205.0 condorpool - 542
1646000552 individuals_ID0000031 POST_SCRIPT_TERMINATED 3164.0 condorpool - 501
1646000556 individuals_ID0000031 POST_SCRIPT_SUCCESS 0 condorpool - 501
1646000553 individuals_ID0000030 JOB_TERMINATED 3163.0 condorpool - 500
1646000556 individuals_ID0000030 JOB_SUCCESS 0 condorpool - 500
1646000556 individuals_ID0000030 POST_SCRIPT_STARTED 3163.0 condorpool - 500
1646000556 individuals_ID0000030 POST_SCRIPT_TERMINATED 3163.0 condorpool - 500
1646000561 individuals_ID0000030 POST_SCRIPT_SUCCESS 0 condorpool - 500
1646000626 individuals_ID0000038 JOB_TERMINATED 3157.0 condorpool - 494
1646000631 individuals_ID0000038 JOB_SUCCESS 0 condorpool - 494
1646000631 individuals_ID0000038 POST_SCRIPT_STARTED 3157.0 condorpool - 494
1646000632 individuals_ID0000038 POST_SCRIPT_TERMINATED 3157.0 condorpool - 494
1646000636 individuals_ID0000038 POST_SCRIPT_SUCCESS 0 condorpool - 494
1646000641 individuals_ID0000037 JOB_TERMINATED 3156.0 condorpool - 493
1646000641 individuals_ID0000037 JOB_SUCCESS 0 condorpool - 493
1646000641 individuals_ID0000037 POST_SCRIPT_STARTED 3156.0 condorpool - 493
1646000641 individuals_ID0000037 POST_SCRIPT_TERMINATED 3156.0 condorpool - 493
1646000646 individuals_ID0000037 POST_SCRIPT_SUCCESS 0 condorpool - 493
1646000642 individuals_ID0000002 JOB_TERMINATED 3175.0 condorpool - 512
1646000646 individuals_ID0000002 JOB_SUCCESS 0 condorpool - 512
1646000646 individuals_ID0000002 POST_SCRIPT_STARTED 3175.0 condorpool - 512
1646000646 individuals_ID0000002 POST_SCRIPT_TERMINATED 3175.0 condorpool - 512
1646000651 individuals_ID0000002 POST_SCRIPT_SUCCESS 0 condorpool - 512
1646000649 individuals_ID0000039 JOB_TERMINATED 3158.0 condorpool - 495
1646000651 individuals_ID0000039 JOB_SUCCESS 0 condorpool - 495
1646000651 individuals_ID0000039 POST_SCRIPT_STARTED 3158.0 condorpool - 495
1646000652 individuals_ID0000039 POST_SCRIPT_TERMINATED 3158.0 condorpool - 495
1646000656 individuals_ID0000039 POST_SCRIPT_SUCCESS 0 condorpool - 495
1646000718 individuals_ID0000043 JOB_TERMINATED 3184.0 condorpool - 521
1646000721 individuals_ID0000043 JOB_SUCCESS 0 condorpool - 521
1646000721 individuals_ID0000043 POST_SCRIPT_STARTED 3184.0 condorpool - 521
1646000721 individuals_ID0000043 POST_SCRIPT_TERMINATED 3184.0 condorpool - 521
1646000726 individuals_ID0000043 POST_SCRIPT_SUCCESS 0 condorpool - 521
1646000996 individuals_ID0000018 JOB_TERMINATED 3188.0 condorpool - 525
1646000996 individuals_ID0000018 JOB_SUCCESS 0 condorpool - 525
1646000996 individuals_ID0000018 POST_SCRIPT_STARTED 3188.0 condorpool - 525
1646000996 individuals_ID0000016 JOB_TERMINATED 3186.0 condorpool - 523
1646000996 individuals_ID0000016 JOB_SUCCESS 0 condorpool - 523
1646000996 individuals_ID0000016 POST_SCRIPT_STARTED 3186.0 condorpool - 523
1646000996 individuals_ID0000017 JOB_TERMINATED 3187.0 condorpool - 524
1646001001 individuals_ID0000017 JOB_SUCCESS 0 condorpool - 524
1646001001 individuals_ID0000017 POST_SCRIPT_STARTED 3187.0 condorpool - 524
1646000997 individuals_ID0000016 POST_SCRIPT_TERMINATED 3186.0 condorpool - 523
1646001001 individuals_ID0000016 POST_SCRIPT_SUCCESS 0 condorpool - 523
1646000997 individuals_ID0000018 POST_SCRIPT_TERMINATED 3188.0 condorpool - 525
1646001001 individuals_ID0000018 POST_SCRIPT_SUCCESS 0 condorpool - 525
1646000998 individuals_ID0000015 JOB_TERMINATED 3185.0 condorpool - 522
1646001001 individuals_ID0000015 JOB_SUCCESS 0 condorpool - 522
1646001001 individuals_ID0000015 POST_SCRIPT_STARTED 3185.0 condorpool - 522
1646001001 individuals_ID0000017 POST_SCRIPT_TERMINATED 3187.0 condorpool - 524
1646001006 individuals_ID0000017 POST_SCRIPT_SUCCESS 0 condorpool - 524
1646001001 individuals_ID0000015 POST_SCRIPT_TERMINATED 3185.0 condorpool - 522
1646001006 individuals_ID0000015 POST_SCRIPT_SUCCESS 0 condorpool - 522
1646001107 individuals_ID0000012 JOB_TERMINATED 3190.0 condorpool - 527
1646001111 individuals_ID0000012 JOB_SUCCESS 0 condorpool - 527
1646001111 individuals_ID0000012 POST_SCRIPT_STARTED 3190.0 condorpool - 527
1646001110 individuals_ID0000013 JOB_TERMINATED 3191.0 condorpool - 528
1646001111 individuals_ID0000013 JOB_SUCCESS 0 condorpool - 528
1646001111 individuals_ID0000013 POST_SCRIPT_STARTED 3191.0 condorpool - 528
1646001110 individuals_ID0000011 JOB_TERMINATED 3189.0 condorpool - 526
1646001111 individuals_ID0000011 JOB_SUCCESS 0 condorpool - 526
1646001111 individuals_ID0000011 POST_SCRIPT_STARTED 3189.0 condorpool - 526
1646001111 individuals_ID0000011 POST_SCRIPT_TERMINATED 3189.0 condorpool - 526
1646001116 individuals_ID0000011 POST_SCRIPT_SUCCESS 0 condorpool - 526
1646001112 individuals_ID0000012 POST_SCRIPT_TERMINATED 3190.0 condorpool - 527
1646001116 individuals_ID0000012 POST_SCRIPT_SUCCESS 0 condorpool - 527
1646001112 individuals_ID0000013 POST_SCRIPT_TERMINATED 3191.0 condorpool - 528
1646001116 individuals_ID0000013 POST_SCRIPT_SUCCESS 0 condorpool - 528
1646001344 individuals_ID0000014 JOB_TERMINATED 3192.0 condorpool - 529
1646001346 individuals_ID0000014 JOB_SUCCESS 0 condorpool - 529
1646001346 individuals_ID0000014 POST_SCRIPT_STARTED 3192.0 condorpool - 529
1646001346 individuals_ID0000014 POST_SCRIPT_TERMINATED 3192.0 condorpool - 529
1646001351 individuals_ID0000014 POST_SCRIPT_SUCCESS 0 condorpool - 529
1646001354 individuals_ID0000020 JOB_TERMINATED 3204.0 condorpool - 541
1646001356 individuals_ID0000020 JOB_SUCCESS 0 condorpool - 541
1646001356 individuals_ID0000020 POST_SCRIPT_STARTED 3204.0 condorpool - 541
1646001356 individuals_ID0000020 POST_SCRIPT_TERMINATED 3204.0 condorpool - 541
1646001361 individuals_ID0000020 POST_SCRIPT_SUCCESS 0 condorpool - 541
1646001366 individuals_ID0000021 JOB_TERMINATED 3205.0 condorpool - 542
1646001366 individuals_ID0000021 JOB_SUCCESS 0 condorpool - 542
1646001366 individuals_ID0000021 POST_SCRIPT_STARTED 3205.0 condorpool - 542
1646001367 individuals_ID0000021 POST_SCRIPT_TERMINATED 3205.0 condorpool - 542
1646001371 individuals_ID0000021 POST_SCRIPT_SUCCESS 0 condorpool - 542
1646001373 individuals_ID0000019 JOB_TERMINATED 3193.0 condorpool - 530
1646001376 individuals_ID0000019 JOB_SUCCESS 0 condorpool - 530
1646001376 individuals_ID0000019 POST_SCRIPT_STARTED 3193.0 condorpool - 530
1646001376 individuals_ID0000019 POST_SCRIPT_TERMINATED 3193.0 condorpool - 530
1646001381 individuals_ID0000019 POST_SCRIPT_SUCCESS 0 condorpool - 530
1646001381 individuals_ID0000010 JOB_TERMINATED 3194.0 condorpool - 531
1646001381 individuals_ID0000010 JOB_SUCCESS 0 condorpool - 531
1646001381 individuals_ID0000010 POST_SCRIPT_STARTED 3194.0 condorpool - 531
1646001382 individuals_ID0000010 POST_SCRIPT_TERMINATED 3194.0 condorpool - 531
1646001386 individuals_ID0000010 POST_SCRIPT_SUCCESS 0 condorpool - 531
1646001384 individuals_ID0000050 JOB_TERMINATED 3195.0 condorpool - 532
1646001386 individuals_ID0000050 JOB_SUCCESS 0 condorpool - 532
1646001386 individuals_ID0000050 POST_SCRIPT_STARTED 3195.0 condorpool - 532
1646001386 individuals_ID0000050 POST_SCRIPT_TERMINATED 3195.0 condorpool - 532
1646001391 individuals_ID0000050 POST_SCRIPT_SUCCESS 0 condorpool - 532
1646001417 individuals_ID0000026 JOB_TERMINATED 3196.0 condorpool - 533
1646001421 individuals_ID0000026 JOB_SUCCESS 0 condorpool - 533
1646001421 individuals_ID0000026 POST_SCRIPT_STARTED 3196.0 condorpool - 533
1646001421 individuals_ID0000026 POST_SCRIPT_TERMINATED 3196.0 condorpool - 533
1646001426 individuals_ID0000026 POST_SCRIPT_SUCCESS 0 condorpool - 533
1646001425 individuals_ID0000023 JOB_TERMINATED 3201.0 condorpool - 538
1646001426 individuals_ID0000023 JOB_SUCCESS 0 condorpool - 538
1646001426 individuals_ID0000023 POST_SCRIPT_STARTED 3201.0 condorpool - 538
1646001427 individuals_ID0000023 POST_SCRIPT_TERMINATED 3201.0 condorpool - 538
1646001431 individuals_ID0000023 POST_SCRIPT_SUCCESS 0 condorpool - 538
1646001431 individuals_ID0000027 JOB_TERMINATED 3197.0 condorpool - 534
1646001436 individuals_ID0000027 JOB_SUCCESS 0 condorpool - 534
1646001436 individuals_ID0000027 POST_SCRIPT_STARTED 3197.0 condorpool - 534
1646001434 individuals_ID0000028 JOB_TERMINATED 3198.0 condorpool - 535
1646001436 individuals_ID0000028 JOB_SUCCESS 0 condorpool - 535
1646001436 individuals_ID0000028 POST_SCRIPT_STARTED 3198.0 condorpool - 535
1646001436 individuals_ID0000028 POST_SCRIPT_TERMINATED 3198.0 condorpool - 535
1646001441 individuals_ID0000028 POST_SCRIPT_SUCCESS 0 condorpool - 535
1646001436 individuals_ID0000027 POST_SCRIPT_TERMINATED 3197.0 condorpool - 534
1646001441 individuals_ID0000027 POST_SCRIPT_SUCCESS 0 condorpool - 534
1646001476 individuals_ID0000029 JOB_TERMINATED 3199.0 condorpool - 536
1646001481 individuals_ID0000029 JOB_SUCCESS 0 condorpool - 536
1646001481 individuals_ID0000029 POST_SCRIPT_STARTED 3199.0 condorpool - 536
1646001481 individuals_ID0000029 POST_SCRIPT_TERMINATED 3199.0 condorpool - 536
1646001486 individuals_ID0000029 POST_SCRIPT_SUCCESS 0 condorpool - 536
1646001486 individuals_ID0000022 JOB_TERMINATED 3200.0 condorpool - 537
1646001491 individuals_ID0000022 JOB_SUCCESS 0 condorpool - 537
1646001491 individuals_ID0000022 POST_SCRIPT_STARTED 3200.0 condorpool - 537
1646001492 individuals_ID0000022 POST_SCRIPT_TERMINATED 3200.0 condorpool - 537
1646001496 individuals_ID0000022 POST_SCRIPT_SUCCESS 0 condorpool - 537
1646001494 individuals_ID0000024 JOB_TERMINATED 3202.0 condorpool - 539
1646001496 individuals_ID0000024 JOB_SUCCESS 0 condorpool - 539
1646001496 individuals_ID0000024 POST_SCRIPT_STARTED 3202.0 condorpool - 539
1646001496 individuals_ID0000024 POST_SCRIPT_TERMINATED 3202.0 condorpool - 539
1646001501 individuals_ID0000024 POST_SCRIPT_SUCCESS 0 condorpool - 539
1646001507 individuals_ID0000025 JOB_TERMINATED 3203.0 condorpool - 540
1646001511 individuals_ID0000025 JOB_SUCCESS 0 condorpool - 540
1646001511 individuals_ID0000025 POST_SCRIPT_STARTED 3203.0 condorpool - 540
1646001511 individuals_ID0000025 POST_SCRIPT_TERMINATED 3203.0 condorpool - 540
1646001516 individuals_ID0000025 POST_SCRIPT_SUCCESS 0 condorpool - 540
1646001521 individuals_merge_ID0000051 SUBMIT 3206.0 condorpool - 543
1646001526 individuals_merge_ID0000051 EXECUTE 3206.0 condorpool - 543
1646005815 individuals_merge_ID0000051 JOB_TERMINATED 3206.0 condorpool - 543
1646005820 individuals_merge_ID0000051 JOB_SUCCESS 0 condorpool - 543
1646005820 individuals_merge_ID0000051 POST_SCRIPT_STARTED 3206.0 condorpool - 543
1646005820 individuals_merge_ID0000051 POST_SCRIPT_TERMINATED 3206.0 condorpool - 543
1646005825 individuals_merge_ID0000051 POST_SCRIPT_SUCCESS 0 condorpool - 543
1646005831 frequency_ID0000060 SUBMIT 3207.0 condorpool - 544
1646005831 frequency_ID0000062 SUBMIT 3208.0 condorpool - 545
1646005831 mutation_overlap_ID0000053 SUBMIT 3209.0 condorpool - 546
1646005831 frequency_ID0000058 SUBMIT 3210.0 condorpool - 547
1646005831 mutation_overlap_ID0000063 SUBMIT 3211.0 condorpool - 548
1646005832 frequency_ID0000060 EXECUTE 3207.0 condorpool - 544
1646005832 frequency_ID0000062 EXECUTE 3208.0 condorpool - 545
1646005836 mutation_overlap_ID0000055 SUBMIT 3212.0 condorpool - 549
1646005836 mutation_overlap_ID0000065 SUBMIT 3213.0 condorpool - 550
1646005836 frequency_ID0000064 SUBMIT 3214.0 condorpool - 551
1646005836 frequency_ID0000054 SUBMIT 3215.0 condorpool - 552
1646005836 frequency_ID0000066 SUBMIT 3216.0 condorpool - 553
1646005841 mutation_overlap_ID0000061 SUBMIT 3217.0 condorpool - 554
1646005841 frequency_ID0000056 SUBMIT 3218.0 condorpool - 555
1646005841 mutation_overlap_ID0000057 SUBMIT 3219.0 condorpool - 556
1646005841 mutation_overlap_ID0000059 SUBMIT 3220.0 condorpool - 557
1646005853 mutation_overlap_ID0000053 EXECUTE 3209.0 condorpool - 546
1646005853 mutation_overlap_ID0000057 EXECUTE 3219.0 condorpool - 556
1646005853 frequency_ID0000058 EXECUTE 3210.0 condorpool - 547
1646005853 mutation_overlap_ID0000059 EXECUTE 3220.0 condorpool - 557
1646005854 frequency_ID0000066 EXECUTE 3216.0 condorpool - 553
1646005854 frequency_ID0000054 EXECUTE 3215.0 condorpool - 552
1646005854 mutation_overlap_ID0000061 EXECUTE 3217.0 condorpool - 554
1646005854 frequency_ID0000056 EXECUTE 3218.0 condorpool - 555
1646005854 mutation_overlap_ID0000055 EXECUTE 3212.0 condorpool - 549
1646005854 mutation_overlap_ID0000065 EXECUTE 3213.0 condorpool - 550
1646005854 mutation_overlap_ID0000063 EXECUTE 3211.0 condorpool - 548
1646005854 frequency_ID0000064 EXECUTE 3214.0 condorpool - 551
1646006064 mutation_overlap_ID0000063 JOB_TERMINATED 3211.0 condorpool - 548
1646006066 mutation_overlap_ID0000063 JOB_SUCCESS 0 condorpool - 548
1646006066 mutation_overlap_ID0000063 POST_SCRIPT_STARTED 3211.0 condorpool - 548
1646006064 mutation_overlap_ID0000065 JOB_TERMINATED 3213.0 condorpool - 550
1646006066 mutation_overlap_ID0000065 JOB_SUCCESS 0 condorpool - 550
1646006066 mutation_overlap_ID0000065 POST_SCRIPT_STARTED 3213.0 condorpool - 550
1646006065 mutation_overlap_ID0000059 JOB_TERMINATED 3220.0 condorpool - 557
1646006066 mutation_overlap_ID0000059 JOB_SUCCESS 0 condorpool - 557
1646006066 mutation_overlap_ID0000059 POST_SCRIPT_STARTED 3220.0 condorpool - 557
1646006067 mutation_overlap_ID0000065 POST_SCRIPT_TERMINATED 3213.0 condorpool - 550
1646006071 mutation_overlap_ID0000065 POST_SCRIPT_SUCCESS 0 condorpool - 550
1646006067 mutation_overlap_ID0000059 POST_SCRIPT_TERMINATED 3220.0 condorpool - 557
1646006071 mutation_overlap_ID0000059 POST_SCRIPT_SUCCESS 0 condorpool - 557
1646006067 mutation_overlap_ID0000063 POST_SCRIPT_TERMINATED 3211.0 condorpool - 548
1646006071 mutation_overlap_ID0000063 POST_SCRIPT_SUCCESS 0 condorpool - 548
1646006067 mutation_overlap_ID0000055 JOB_TERMINATED 3212.0 condorpool - 549
1646006071 mutation_overlap_ID0000055 JOB_SUCCESS 0 condorpool - 549
1646006071 mutation_overlap_ID0000055 POST_SCRIPT_STARTED 3212.0 condorpool - 549
1646006069 mutation_overlap_ID0000061 JOB_TERMINATED 3217.0 condorpool - 554
1646006071 mutation_overlap_ID0000061 JOB_SUCCESS 0 condorpool - 554
1646006071 mutation_overlap_ID0000061 POST_SCRIPT_STARTED 3217.0 condorpool - 554
1646006070 mutation_overlap_ID0000053 JOB_TERMINATED 3209.0 condorpool - 546
1646006071 mutation_overlap_ID0000053 JOB_SUCCESS 0 condorpool - 546
1646006071 mutation_overlap_ID0000053 POST_SCRIPT_STARTED 3209.0 condorpool - 546
1646006071 mutation_overlap_ID0000061 POST_SCRIPT_TERMINATED 3217.0 condorpool - 554
1646006076 mutation_overlap_ID0000061 POST_SCRIPT_SUCCESS 0 condorpool - 554
1646006071 mutation_overlap_ID0000055 POST_SCRIPT_TERMINATED 3212.0 condorpool - 549
1646006076 mutation_overlap_ID0000055 POST_SCRIPT_SUCCESS 0 condorpool - 549
1646006071 mutation_overlap_ID0000053 POST_SCRIPT_TERMINATED 3209.0 condorpool - 546
1646006076 mutation_overlap_ID0000053 POST_SCRIPT_SUCCESS 0 condorpool - 546
1646006127 mutation_overlap_ID0000057 JOB_TERMINATED 3219.0 condorpool - 556
1646006131 mutation_overlap_ID0000057 JOB_SUCCESS 0 condorpool - 556
1646006131 mutation_overlap_ID0000057 POST_SCRIPT_STARTED 3219.0 condorpool - 556
1646006131 mutation_overlap_ID0000057 POST_SCRIPT_TERMINATED 3219.0 condorpool - 556
1646006136 mutation_overlap_ID0000057 POST_SCRIPT_SUCCESS 0 condorpool - 556
1646006573 frequency_ID0000064 JOB_TERMINATED 3214.0 condorpool - 551
1646006577 frequency_ID0000064 JOB_SUCCESS 0 condorpool - 551
1646006577 frequency_ID0000064 POST_SCRIPT_STARTED 3214.0 condorpool - 551
1646006577 frequency_ID0000064 POST_SCRIPT_TERMINATED 3214.0 condorpool - 551
1646006582 frequency_ID0000064 POST_SCRIPT_SUCCESS 0 condorpool - 551
1646006711 frequency_ID0000066 JOB_TERMINATED 3216.0 condorpool - 553
1646006712 frequency_ID0000066 JOB_SUCCESS 0 condorpool - 553
1646006712 frequency_ID0000066 POST_SCRIPT_STARTED 3216.0 condorpool - 553
1646006713 frequency_ID0000066 POST_SCRIPT_TERMINATED 3216.0 condorpool - 553
1646006717 frequency_ID0000066 POST_SCRIPT_SUCCESS 0 condorpool - 553
1646006758 frequency_ID0000056 JOB_TERMINATED 3218.0 condorpool - 555
1646006762 frequency_ID0000056 JOB_SUCCESS 0 condorpool - 555
1646006762 frequency_ID0000056 POST_SCRIPT_STARTED 3218.0 condorpool - 555
1646006762 frequency_ID0000056 POST_SCRIPT_TERMINATED 3218.0 condorpool - 555
1646006767 frequency_ID0000056 POST_SCRIPT_SUCCESS 0 condorpool - 555
1646006774 frequency_ID0000060 JOB_TERMINATED 3207.0 condorpool - 544
1646006777 frequency_ID0000060 JOB_SUCCESS 0 condorpool - 544
1646006777 frequency_ID0000060 POST_SCRIPT_STARTED 3207.0 condorpool - 544
1646006777 frequency_ID0000060 POST_SCRIPT_TERMINATED 3207.0 condorpool - 544
1646006783 frequency_ID0000060 POST_SCRIPT_SUCCESS 0 condorpool - 544
1646006782 frequency_ID0000062 JOB_TERMINATED 3208.0 condorpool - 545
1646006783 frequency_ID0000062 JOB_SUCCESS 0 condorpool - 545
1646006783 frequency_ID0000062 POST_SCRIPT_STARTED 3208.0 condorpool - 545
1646006783 frequency_ID0000062 POST_SCRIPT_TERMINATED 3208.0 condorpool - 545
1646006788 frequency_ID0000062 POST_SCRIPT_SUCCESS 0 condorpool - 545
1646006824 frequency_ID0000054 JOB_TERMINATED 3215.0 condorpool - 552
1646006828 frequency_ID0000054 JOB_SUCCESS 0 condorpool - 552
1646006828 frequency_ID0000054 POST_SCRIPT_STARTED 3215.0 condorpool - 552
1646006828 frequency_ID0000054 POST_SCRIPT_TERMINATED 3215.0 condorpool - 552
1646006833 frequency_ID0000054 POST_SCRIPT_SUCCESS 0 condorpool - 552
1646006838 stage_out_local_local_2_0 SUBMIT 3221.0 local - 558
1646006839 stage_out_local_local_2_0 EXECUTE 3221.0 local - 558
1646006843 stage_out_local_local_2_0 JOB_TERMINATED 3221.0 local - 558
1646006844 stage_out_local_local_2_0 JOB_SUCCESS 0 local - 558
1646006844 stage_out_local_local_2_0 POST_SCRIPT_STARTED 3221.0 local - 558
1646006844 stage_out_local_local_2_0 POST_SCRIPT_TERMINATED 3221.0 local - 558
1646006849 stage_out_local_local_2_0 POST_SCRIPT_SUCCESS 0 local - 558
1646006847 frequency_ID0000058 JOB_TERMINATED 3210.0 condorpool - 547
1646006849 frequency_ID0000058 JOB_SUCCESS 0 condorpool - 547
1646006849 frequency_ID0000058 POST_SCRIPT_STARTED 3210.0 condorpool - 547
1646006849 frequency_ID0000058 POST_SCRIPT_TERMINATED 3210.0 condorpool - 547
1646006854 frequency_ID0000058 POST_SCRIPT_SUCCESS 0 condorpool - 547
1646006859 stage_out_local_local_2_1 SUBMIT 3222.0 local - 559
1646006859 stage_out_local_local_2_1 EXECUTE 3222.0 local - 559
1646006864 stage_out_local_local_2_1 JOB_TERMINATED 3222.0 local - 559
1646006864 stage_out_local_local_2_1 JOB_SUCCESS 0 local - 559
1646006864 stage_out_local_local_2_1 POST_SCRIPT_STARTED 3222.0 local - 559
1646006865 stage_out_local_local_2_1 POST_SCRIPT_TERMINATED 3222.0 local - 559
1646006869 stage_out_local_local_2_1 POST_SCRIPT_SUCCESS 0 local - 559
1646006874 cleanup_1000-genome_0_local SUBMIT 3223.0 local - 560
1646006874 cleanup_1000-genome_0_local EXECUTE 3223.0 local - 560
1646006876 cleanup_1000-genome_0_local JOB_TERMINATED 3223.0 local - 560
1646006879 cleanup_1000-genome_0_local JOB_SUCCESS 0 local - 560
1646006879 cleanup_1000-genome_0_local POST_SCRIPT_STARTED 3223.0 local - 560
1646006879 cleanup_1000-genome_0_local POST_SCRIPT_TERMINATED 3223.0 local - 560
1646006884 cleanup_1000-genome_0_local POST_SCRIPT_SUCCESS 0 local - 560
1646006884 INTERNAL *** DAGMAN_FINISHED 0 ***
1646006886 INTERNAL *** MONITORD_FINISHED 0 ***
