1646024340 INTERNAL *** MONITORD_STARTED ***
1646024339 INTERNAL *** DAGMAN_STARTED 3305.0 ***
1646024343 create_dir_1000-genome_0_local SUBMIT 3306.0 local - 641
1646024344 create_dir_1000-genome_0_local EXECUTE 3306.0 local - 641
1646024346 create_dir_1000-genome_0_local JOB_TERMINATED 3306.0 local - 641
1646024348 create_dir_1000-genome_0_local JOB_SUCCESS 0 local - 641
1646024348 create_dir_1000-genome_0_local POST_SCRIPT_STARTED 3306.0 local - 641
1646024348 create_dir_1000-genome_0_local POST_SCRIPT_TERMINATED 3306.0 local - 641
1646024353 create_dir_1000-genome_0_local POST_SCRIPT_SUCCESS 0 local - 641
1646024358 stage_in_remote_local_2_0 SUBMIT 3307.0 local - 642
1646024358 stage_in_remote_local_2_0 EXECUTE 3307.0 local - 642
1646024358 stage_in_remote_local_1_0 SUBMIT 3308.0 local - 643
1646024358 stage_in_remote_local_0_0 SUBMIT 3309.0 local - 644
1646024358 stage_in_local_local_0_0 SUBMIT 3310.0 local - 645
1646024358 stage_in_local_local_2_0 SUBMIT 3311.0 local - 646
1646024360 stage_in_remote_local_2_0 JOB_TERMINATED 3307.0 local - 642
1646024364 stage_in_remote_local_2_0 JOB_SUCCESS 0 local - 642
1646024364 stage_in_remote_local_2_0 POST_SCRIPT_STARTED 3307.0 local - 642
1646024361 stage_in_local_local_2_0 EXECUTE 3311.0 local - 646
1646024361 stage_in_local_local_0_0 EXECUTE 3310.0 local - 645
1646024361 stage_in_remote_local_0_0 EXECUTE 3309.0 local - 644
1646024361 stage_in_remote_local_1_0 EXECUTE 3308.0 local - 643
1646024363 stage_in_local_local_0_0 JOB_TERMINATED 3310.0 local - 645
1646024364 stage_in_local_local_0_0 JOB_SUCCESS 0 local - 645
1646024364 stage_in_local_local_0_0 POST_SCRIPT_STARTED 3310.0 local - 645
1646024363 stage_in_remote_local_0_0 JOB_TERMINATED 3309.0 local - 644
1646024364 stage_in_remote_local_0_0 JOB_SUCCESS 0 local - 644
1646024364 stage_in_remote_local_0_0 POST_SCRIPT_STARTED 3309.0 local - 644
1646024363 stage_in_remote_local_1_0 JOB_TERMINATED 3308.0 local - 643
1646024364 stage_in_remote_local_1_0 JOB_SUCCESS 0 local - 643
1646024364 stage_in_remote_local_1_0 POST_SCRIPT_STARTED 3308.0 local - 643
1646024363 stage_in_remote_local_0_1 SUBMIT 3312.0 local - 647
1646024363 stage_in_remote_local_0_1 EXECUTE 3312.0 local - 647
1646024363 stage_in_local_local_0_1 SUBMIT 3313.0 local - 648
1646024363 stage_in_local_local_0_1 EXECUTE 3313.0 local - 648
1646024363 stage_in_local_local_2_1 SUBMIT 3314.0 local - 649
1646024364 stage_in_local_local_2_1 EXECUTE 3314.0 local - 649
1646024364 stage_in_remote_local_2_1 SUBMIT 3315.0 local - 650
1646024364 stage_in_local_local_0_2 SUBMIT 3316.0 local - 651
1646024364 stage_in_local_local_0_0 POST_SCRIPT_TERMINATED 3310.0 local - 645
1646024369 stage_in_local_local_0_0 POST_SCRIPT_SUCCESS 0 local - 645
1646024364 stage_in_remote_local_0_0 POST_SCRIPT_TERMINATED 3309.0 local - 644
1646024369 stage_in_remote_local_0_0 POST_SCRIPT_SUCCESS 0 local - 644
1646024364 stage_in_remote_local_2_0 POST_SCRIPT_TERMINATED 3307.0 local - 642
1646024369 stage_in_remote_local_2_0 POST_SCRIPT_SUCCESS 0 local - 642
1646024364 stage_in_remote_local_1_0 POST_SCRIPT_TERMINATED 3308.0 local - 643
1646024369 stage_in_remote_local_1_0 POST_SCRIPT_SUCCESS 0 local - 643
1646024365 stage_in_local_local_2_0 JOB_TERMINATED 3311.0 local - 646
1646024369 stage_in_local_local_2_0 JOB_SUCCESS 0 local - 646
1646024369 stage_in_local_local_2_0 POST_SCRIPT_STARTED 3311.0 local - 646
1646024365 stage_in_remote_local_2_1 EXECUTE 3315.0 local - 650
1646024365 stage_in_local_local_0_2 EXECUTE 3316.0 local - 651
1646024366 stage_in_remote_local_0_1 JOB_TERMINATED 3312.0 local - 647
1646024369 stage_in_remote_local_0_1 JOB_SUCCESS 0 local - 647
1646024369 stage_in_remote_local_0_1 POST_SCRIPT_STARTED 3312.0 local - 647
1646024366 stage_in_local_local_0_1 JOB_TERMINATED 3313.0 local - 648
1646024369 stage_in_local_local_0_1 JOB_SUCCESS 0 local - 648
1646024369 stage_in_local_local_0_1 POST_SCRIPT_STARTED 3313.0 local - 648
1646024367 stage_in_remote_local_2_1 JOB_TERMINATED 3315.0 local - 650
1646024369 stage_in_remote_local_2_1 JOB_SUCCESS 0 local - 650
1646024369 stage_in_remote_local_2_1 POST_SCRIPT_STARTED 3315.0 local - 650
1646024367 stage_in_local_local_0_2 JOB_TERMINATED 3316.0 local - 651
1646024369 stage_in_local_local_0_2 JOB_SUCCESS 0 local - 651
1646024369 stage_in_local_local_0_2 POST_SCRIPT_STARTED 3316.0 local - 651
1646024368 stage_in_local_local_2_1 JOB_TERMINATED 3314.0 local - 649
1646024369 stage_in_local_local_2_1 JOB_SUCCESS 0 local - 649
1646024369 stage_in_local_local_2_1 POST_SCRIPT_STARTED 3314.0 local - 649
1646024369 stage_in_local_local_2_0 POST_SCRIPT_TERMINATED 3311.0 local - 646
1646024374 stage_in_local_local_2_0 POST_SCRIPT_SUCCESS 0 local - 646
1646024369 stage_in_remote_local_0_1 POST_SCRIPT_TERMINATED 3312.0 local - 647
1646024374 stage_in_remote_local_0_1 POST_SCRIPT_SUCCESS 0 local - 647
1646024369 stage_in_local_local_2_1 POST_SCRIPT_TERMINATED 3314.0 local - 649
1646024374 stage_in_local_local_2_1 POST_SCRIPT_SUCCESS 0 local - 649
1646024369 stage_in_local_local_0_2 POST_SCRIPT_TERMINATED 3316.0 local - 651
1646024374 stage_in_local_local_0_2 POST_SCRIPT_SUCCESS 0 local - 651
1646024369 stage_in_local_local_0_1 POST_SCRIPT_TERMINATED 3313.0 local - 648
1646024374 stage_in_local_local_0_1 POST_SCRIPT_SUCCESS 0 local - 648
1646024369 stage_in_remote_local_2_1 POST_SCRIPT_TERMINATED 3315.0 local - 650
1646024374 stage_in_remote_local_2_1 POST_SCRIPT_SUCCESS 0 local - 650
1646024379 sifting_ID0000052 SUBMIT 3317.0 condorpool - 652
1646024379 individuals_ID0000037 SUBMIT 3318.0 condorpool - 653
1646024379 individuals_ID0000038 SUBMIT 3319.0 condorpool - 654
1646024379 individuals_ID0000039 SUBMIT 3320.0 condorpool - 655
1646024379 individuals_ID0000033 SUBMIT 3321.0 condorpool - 656
1646024384 individuals_ID0000034 SUBMIT 3322.0 condorpool - 657
1646024385 individuals_ID0000035 SUBMIT 3323.0 condorpool - 658
1646024385 individuals_ID0000036 SUBMIT 3324.0 condorpool - 659
1646024385 individuals_ID0000030 SUBMIT 3325.0 condorpool - 660
1646024385 individuals_ID0000031 SUBMIT 3326.0 condorpool - 661
1646024390 individuals_ID0000032 SUBMIT 3327.0 condorpool - 662
1646024390 individuals_ID0000004 SUBMIT 3328.0 condorpool - 663
1646024390 individuals_ID0000048 SUBMIT 3329.0 condorpool - 664
1646024390 individuals_ID0000005 SUBMIT 3330.0 condorpool - 665
1646024390 individuals_ID0000049 SUBMIT 3331.0 condorpool - 666
1646024395 individuals_ID0000006 SUBMIT 3332.0 condorpool - 667
1646024395 individuals_ID0000007 SUBMIT 3333.0 condorpool - 668
1646024395 individuals_ID0000044 SUBMIT 3334.0 condorpool - 669
1646024395 individuals_ID0000001 SUBMIT 3335.0 condorpool - 670
1646024395 individuals_ID0000045 SUBMIT 3336.0 condorpool - 671
1646024400 individuals_ID0000002 SUBMIT 3337.0 condorpool - 672
1646024400 individuals_ID0000046 SUBMIT 3338.0 condorpool - 673
1646024400 individuals_ID0000003 SUBMIT 3339.0 condorpool - 674
1646024400 individuals_ID0000047 SUBMIT 3340.0 condorpool - 675
1646024400 individuals_ID0000008 SUBMIT 3341.0 condorpool - 676
1646024400 sifting_ID0000052 EXECUTE 3317.0 condorpool - 652
1646024403 sifting_ID0000052 JOB_TERMINATED 3317.0 condorpool - 652
1646024406 sifting_ID0000052 JOB_SUCCESS 0 condorpool - 652
1646024406 sifting_ID0000052 POST_SCRIPT_STARTED 3317.0 condorpool - 652
1646024405 individuals_ID0000009 SUBMIT 3342.0 condorpool - 677
1646024405 individuals_ID0000040 SUBMIT 3343.0 condorpool - 678
1646024405 individuals_ID0000041 SUBMIT 3344.0 condorpool - 679
1646024405 individuals_ID0000042 SUBMIT 3345.0 condorpool - 680
1646024405 individuals_ID0000043 SUBMIT 3346.0 condorpool - 681
1646024406 sifting_ID0000052 POST_SCRIPT_TERMINATED 3317.0 condorpool - 652
1646024411 sifting_ID0000052 POST_SCRIPT_SUCCESS 0 condorpool - 652
1646024409 individuals_ID0000035 EXECUTE 3323.0 condorpool - 658
1646024411 individuals_ID0000015 SUBMIT 3347.0 condorpool - 682
1646024411 individuals_ID0000016 SUBMIT 3348.0 condorpool - 683
1646024411 individuals_ID0000017 SUBMIT 3349.0 condorpool - 684
1646024411 individuals_ID0000018 SUBMIT 3350.0 condorpool - 685
1646024411 individuals_ID0000011 SUBMIT 3351.0 condorpool - 686
1646024416 individuals_ID0000012 SUBMIT 3352.0 condorpool - 687
1646024416 individuals_ID0000013 SUBMIT 3353.0 condorpool - 688
1646024416 individuals_ID0000014 SUBMIT 3354.0 condorpool - 689
1646024416 individuals_ID0000019 SUBMIT 3355.0 condorpool - 690
1646024416 individuals_ID0000010 SUBMIT 3356.0 condorpool - 691
1646024417 individuals_ID0000030 EXECUTE 3325.0 condorpool - 660
1646024417 individuals_ID0000032 EXECUTE 3327.0 condorpool - 662
1646024417 individuals_ID0000037 EXECUTE 3318.0 condorpool - 653
1646024417 individuals_ID0000038 EXECUTE 3319.0 condorpool - 654
1646024419 individuals_ID0000044 EXECUTE 3334.0 condorpool - 669
1646024421 individuals_ID0000033 EXECUTE 3321.0 condorpool - 656
1646024421 individuals_ID0000050 SUBMIT 3357.0 condorpool - 692
1646024421 individuals_ID0000026 SUBMIT 3358.0 condorpool - 693
1646024421 individuals_ID0000027 SUBMIT 3359.0 condorpool - 694
1646024421 individuals_ID0000028 SUBMIT 3360.0 condorpool - 695
1646024421 individuals_ID0000029 SUBMIT 3361.0 condorpool - 696
1646024425 individuals_ID0000005 EXECUTE 3330.0 condorpool - 665
1646024426 individuals_ID0000022 SUBMIT 3362.0 condorpool - 697
1646024426 individuals_ID0000023 SUBMIT 3363.0 condorpool - 698
1646024427 individuals_ID0000024 SUBMIT 3364.0 condorpool - 699
1646024427 individuals_ID0000025 SUBMIT 3365.0 condorpool - 700
1646024427 individuals_ID0000020 SUBMIT 3366.0 condorpool - 701
1646024428 individuals_ID0000007 EXECUTE 3333.0 condorpool - 668
1646024432 individuals_ID0000021 SUBMIT 3367.0 condorpool - 702
1646024435 individuals_ID0000006 EXECUTE 3332.0 condorpool - 667
1646024438 individuals_ID0000048 EXECUTE 3329.0 condorpool - 664
1646024444 individuals_ID0000045 EXECUTE 3336.0 condorpool - 671
1646024449 individuals_ID0000034 EXECUTE 3322.0 condorpool - 657
1646024449 individuals_ID0000039 EXECUTE 3320.0 condorpool - 655
1646024450 individuals_ID0000001 EXECUTE 3335.0 condorpool - 670
1646024452 individuals_ID0000049 EXECUTE 3331.0 condorpool - 666
1646024454 individuals_ID0000016 EXECUTE 3348.0 condorpool - 683
1646024457 individuals_ID0000031 EXECUTE 3326.0 condorpool - 661
1646024459 individuals_ID0000004 EXECUTE 3328.0 condorpool - 663
1646024462 individuals_ID0000036 EXECUTE 3324.0 condorpool - 659
1646024464 individuals_ID0000002 EXECUTE 3337.0 condorpool - 672
1646024468 individuals_ID0000043 EXECUTE 3346.0 condorpool - 681
1646024470 individuals_ID0000047 EXECUTE 3340.0 condorpool - 675
1646024472 individuals_ID0000008 EXECUTE 3341.0 condorpool - 676
1646024482 individuals_ID0000041 EXECUTE 3344.0 condorpool - 679
1646024495 individuals_ID0000046 EXECUTE 3338.0 condorpool - 673
1646024495 individuals_ID0000011 EXECUTE 3351.0 condorpool - 686
1646024495 individuals_ID0000013 EXECUTE 3353.0 condorpool - 688
1646024498 individuals_ID0000012 EXECUTE 3352.0 condorpool - 687
1646024500 individuals_ID0000003 EXECUTE 3339.0 condorpool - 674
1646024502 individuals_ID0000042 EXECUTE 3345.0 condorpool - 680
1646024502 individuals_ID0000017 EXECUTE 3349.0 condorpool - 684
1646024502 individuals_ID0000015 EXECUTE 3347.0 condorpool - 682
1646024502 individuals_ID0000009 EXECUTE 3342.0 condorpool - 677
1646024505 individuals_ID0000040 EXECUTE 3343.0 condorpool - 678
1646024511 individuals_ID0000018 EXECUTE 3350.0 condorpool - 685
1646024901 individuals_ID0000001 JOB_TERMINATED 3335.0 condorpool - 670
1646024902 individuals_ID0000001 JOB_SUCCESS 0 condorpool - 670
1646024902 individuals_ID0000001 POST_SCRIPT_STARTED 3335.0 condorpool - 670
1646024902 individuals_ID0000001 POST_SCRIPT_TERMINATED 3335.0 condorpool - 670
1646024907 individuals_ID0000001 POST_SCRIPT_SUCCESS 0 condorpool - 670
1646024907 individuals_ID0000014 EXECUTE 3354.0 condorpool - 689
1646025200 individuals_ID0000016 JOB_TERMINATED 3348.0 condorpool - 683
1646025203 individuals_ID0000016 JOB_SUCCESS 0 condorpool - 683
1646025203 individuals_ID0000016 POST_SCRIPT_STARTED 3348.0 condorpool - 683
1646025203 individuals_ID0000016 POST_SCRIPT_TERMINATED 3348.0 condorpool - 683
1646025208 individuals_ID0000016 POST_SCRIPT_SUCCESS 0 condorpool - 683
1646025205 individuals_ID0000019 EXECUTE 3355.0 condorpool - 690
1646025208 individuals_ID0000017 JOB_TERMINATED 3349.0 condorpool - 684
1646025213 individuals_ID0000017 JOB_SUCCESS 0 condorpool - 684
1646025213 individuals_ID0000017 POST_SCRIPT_STARTED 3349.0 condorpool - 684
1646025209 individuals_ID0000015 JOB_TERMINATED 3347.0 condorpool - 682
1646025213 individuals_ID0000015 JOB_SUCCESS 0 condorpool - 682
1646025213 individuals_ID0000015 POST_SCRIPT_STARTED 3347.0 condorpool - 682
1646025209 individuals_ID0000043 JOB_TERMINATED 3346.0 condorpool - 681
1646025213 individuals_ID0000043 JOB_SUCCESS 0 condorpool - 681
1646025213 individuals_ID0000043 POST_SCRIPT_STARTED 3346.0 condorpool - 681
1646025213 individuals_ID0000017 POST_SCRIPT_TERMINATED 3349.0 condorpool - 684
1646025218 individuals_ID0000017 POST_SCRIPT_SUCCESS 0 condorpool - 684
1646025213 individuals_ID0000043 POST_SCRIPT_TERMINATED 3346.0 condorpool - 681
1646025218 individuals_ID0000043 POST_SCRIPT_SUCCESS 0 condorpool - 681
1646025213 individuals_ID0000015 POST_SCRIPT_TERMINATED 3347.0 condorpool - 682
1646025218 individuals_ID0000015 POST_SCRIPT_SUCCESS 0 condorpool - 682
1646025219 individuals_ID0000010 EXECUTE 3356.0 condorpool - 691
1646025219 individuals_ID0000050 EXECUTE 3357.0 condorpool - 692
1646025219 individuals_ID0000026 EXECUTE 3358.0 condorpool - 693
1646025366 individuals_ID0000037 JOB_TERMINATED 3318.0 condorpool - 653
1646025369 individuals_ID0000037 JOB_SUCCESS 0 condorpool - 653
1646025369 individuals_ID0000037 POST_SCRIPT_STARTED 3318.0 condorpool - 653
1646025369 individuals_ID0000037 POST_SCRIPT_TERMINATED 3318.0 condorpool - 653
1646025374 individuals_ID0000037 POST_SCRIPT_SUCCESS 0 condorpool - 653
1646025371 individuals_ID0000027 EXECUTE 3359.0 condorpool - 694
1646025371 individuals_ID0000038 JOB_TERMINATED 3319.0 condorpool - 654
1646025374 individuals_ID0000038 JOB_SUCCESS 0 condorpool - 654
1646025374 individuals_ID0000038 POST_SCRIPT_STARTED 3319.0 condorpool - 654
1646025374 individuals_ID0000038 POST_SCRIPT_TERMINATED 3319.0 condorpool - 654
1646025379 individuals_ID0000038 POST_SCRIPT_SUCCESS 0 condorpool - 654
1646025376 individuals_ID0000028 EXECUTE 3360.0 condorpool - 695
1646025387 individuals_ID0000044 JOB_TERMINATED 3334.0 condorpool - 669
1646025389 individuals_ID0000044 JOB_SUCCESS 0 condorpool - 669
1646025389 individuals_ID0000044 POST_SCRIPT_STARTED 3334.0 condorpool - 669
1646025388 individuals_ID0000007 JOB_TERMINATED 3333.0 condorpool - 668
1646025389 individuals_ID0000007 JOB_SUCCESS 0 condorpool - 668
1646025389 individuals_ID0000007 POST_SCRIPT_STARTED 3333.0 condorpool - 668
1646025390 individuals_ID0000007 POST_SCRIPT_TERMINATED 3333.0 condorpool - 668
1646025394 individuals_ID0000007 POST_SCRIPT_SUCCESS 0 condorpool - 668
1646025390 individuals_ID0000044 POST_SCRIPT_TERMINATED 3334.0 condorpool - 669
1646025394 individuals_ID0000044 POST_SCRIPT_SUCCESS 0 condorpool - 669
1646025390 individuals_ID0000039 JOB_TERMINATED 3320.0 condorpool - 655
1646025394 individuals_ID0000039 JOB_SUCCESS 0 condorpool - 655
1646025394 individuals_ID0000039 POST_SCRIPT_STARTED 3320.0 condorpool - 655
1646025394 individuals_ID0000039 POST_SCRIPT_TERMINATED 3320.0 condorpool - 655
1646025399 individuals_ID0000039 POST_SCRIPT_SUCCESS 0 condorpool - 655
1646025397 individuals_ID0000023 EXECUTE 3363.0 condorpool - 698
1646025399 individuals_ID0000029 EXECUTE 3361.0 condorpool - 696
1646025399 individuals_ID0000022 EXECUTE 3362.0 condorpool - 697
1646025402 individuals_ID0000002 JOB_TERMINATED 3337.0 condorpool - 672
1646025404 individuals_ID0000002 JOB_SUCCESS 0 condorpool - 672
1646025404 individuals_ID0000002 POST_SCRIPT_STARTED 3337.0 condorpool - 672
1646025404 individuals_ID0000002 POST_SCRIPT_TERMINATED 3337.0 condorpool - 672
1646025409 individuals_ID0000002 POST_SCRIPT_SUCCESS 0 condorpool - 672
1646025410 individuals_ID0000024 EXECUTE 3364.0 condorpool - 699
1646025419 individuals_ID0000045 JOB_TERMINATED 3336.0 condorpool - 671
1646025419 individuals_ID0000045 JOB_SUCCESS 0 condorpool - 671
1646025419 individuals_ID0000045 POST_SCRIPT_STARTED 3336.0 condorpool - 671
1646025420 individuals_ID0000045 POST_SCRIPT_TERMINATED 3336.0 condorpool - 671
1646025424 individuals_ID0000045 POST_SCRIPT_SUCCESS 0 condorpool - 671
1646025428 individuals_ID0000025 EXECUTE 3365.0 condorpool - 700
1646025434 individuals_ID0000005 JOB_TERMINATED 3330.0 condorpool - 665
1646025434 individuals_ID0000005 JOB_SUCCESS 0 condorpool - 665
1646025434 individuals_ID0000005 POST_SCRIPT_STARTED 3330.0 condorpool - 665
1646025434 individuals_ID0000005 POST_SCRIPT_TERMINATED 3330.0 condorpool - 665
1646025439 individuals_ID0000005 POST_SCRIPT_SUCCESS 0 condorpool - 665
1646025443 individuals_ID0000020 EXECUTE 3366.0 condorpool - 701
1646025444 individuals_ID0000049 JOB_TERMINATED 3331.0 condorpool - 666
1646025444 individuals_ID0000049 JOB_SUCCESS 0 condorpool - 666
1646025444 individuals_ID0000049 POST_SCRIPT_STARTED 3331.0 condorpool - 666
1646025444 individuals_ID0000049 POST_SCRIPT_TERMINATED 3331.0 condorpool - 666
1646025449 individuals_ID0000049 POST_SCRIPT_SUCCESS 0 condorpool - 666
1646025445 individuals_ID0000048 JOB_TERMINATED 3329.0 condorpool - 664
1646025449 individuals_ID0000048 JOB_SUCCESS 0 condorpool - 664
1646025449 individuals_ID0000048 POST_SCRIPT_STARTED 3329.0 condorpool - 664
1646025450 individuals_ID0000048 POST_SCRIPT_TERMINATED 3329.0 condorpool - 664
1646025454 individuals_ID0000048 POST_SCRIPT_SUCCESS 0 condorpool - 664
1646025455 individuals_ID0000021 EXECUTE 3367.0 condorpool - 702
1646025455 individuals_ID0000006 JOB_TERMINATED 3332.0 condorpool - 667
1646025459 individuals_ID0000006 JOB_SUCCESS 0 condorpool - 667
1646025459 individuals_ID0000006 POST_SCRIPT_STARTED 3332.0 condorpool - 667
1646025459 individuals_ID0000006 POST_SCRIPT_TERMINATED 3332.0 condorpool - 667
1646025464 individuals_ID0000006 POST_SCRIPT_SUCCESS 0 condorpool - 667
1646025463 individuals_ID0000047 JOB_TERMINATED 3340.0 condorpool - 675
1646025464 individuals_ID0000047 JOB_SUCCESS 0 condorpool - 675
1646025464 individuals_ID0000047 POST_SCRIPT_STARTED 3340.0 condorpool - 675
1646025464 individuals_ID0000008 JOB_TERMINATED 3341.0 condorpool - 676
1646025464 individuals_ID0000008 JOB_SUCCESS 0 condorpool - 676
1646025464 individuals_ID0000008 POST_SCRIPT_STARTED 3341.0 condorpool - 676
1646025464 individuals_ID0000047 POST_SCRIPT_TERMINATED 3340.0 condorpool - 675
1646025469 individuals_ID0000047 POST_SCRIPT_SUCCESS 0 condorpool - 675
1646025464 individuals_ID0000008 POST_SCRIPT_TERMINATED 3341.0 condorpool - 676
1646025469 individuals_ID0000008 POST_SCRIPT_SUCCESS 0 condorpool - 676
1646025473 individuals_ID0000041 JOB_TERMINATED 3344.0 condorpool - 679
1646025474 individuals_ID0000041 JOB_SUCCESS 0 condorpool - 679
1646025474 individuals_ID0000041 POST_SCRIPT_STARTED 3344.0 condorpool - 679
1646025474 individuals_ID0000041 POST_SCRIPT_TERMINATED 3344.0 condorpool - 679
1646025479 individuals_ID0000041 POST_SCRIPT_SUCCESS 0 condorpool - 679
1646025485 individuals_ID0000046 JOB_TERMINATED 3338.0 condorpool - 673
1646025489 individuals_ID0000046 JOB_SUCCESS 0 condorpool - 673
1646025489 individuals_ID0000046 POST_SCRIPT_STARTED 3338.0 condorpool - 673
1646025488 individuals_ID0000009 JOB_TERMINATED 3342.0 condorpool - 677
1646025489 individuals_ID0000009 JOB_SUCCESS 0 condorpool - 677
1646025489 individuals_ID0000009 POST_SCRIPT_STARTED 3342.0 condorpool - 677
1646025489 individuals_ID0000009 POST_SCRIPT_TERMINATED 3342.0 condorpool - 677
1646025494 individuals_ID0000009 POST_SCRIPT_SUCCESS 0 condorpool - 677
1646025489 individuals_ID0000046 POST_SCRIPT_TERMINATED 3338.0 condorpool - 673
1646025494 individuals_ID0000046 POST_SCRIPT_SUCCESS 0 condorpool - 673
1646025494 individuals_ID0000003 JOB_TERMINATED 3339.0 condorpool - 674
1646025499 individuals_ID0000003 JOB_SUCCESS 0 condorpool - 674
1646025499 individuals_ID0000003 POST_SCRIPT_STARTED 3339.0 condorpool - 674
1646025497 individuals_ID0000040 JOB_TERMINATED 3343.0 condorpool - 678
1646025499 individuals_ID0000040 JOB_SUCCESS 0 condorpool - 678
1646025499 individuals_ID0000040 POST_SCRIPT_STARTED 3343.0 condorpool - 678
1646025500 individuals_ID0000040 POST_SCRIPT_TERMINATED 3343.0 condorpool - 678
1646025504 individuals_ID0000040 POST_SCRIPT_SUCCESS 0 condorpool - 678
1646025500 individuals_ID0000003 POST_SCRIPT_TERMINATED 3339.0 condorpool - 674
1646025504 individuals_ID0000003 POST_SCRIPT_SUCCESS 0 condorpool - 674
1646025504 individuals_ID0000032 JOB_TERMINATED 3327.0 condorpool - 662
1646025509 individuals_ID0000032 JOB_SUCCESS 0 condorpool - 662
1646025509 individuals_ID0000032 POST_SCRIPT_STARTED 3327.0 condorpool - 662
1646025506 individuals_ID0000042 JOB_TERMINATED 3345.0 condorpool - 680
1646025509 individuals_ID0000042 JOB_SUCCESS 0 condorpool - 680
1646025509 individuals_ID0000042 POST_SCRIPT_STARTED 3345.0 condorpool - 680
1646025509 individuals_ID0000042 POST_SCRIPT_TERMINATED 3345.0 condorpool - 680
1646025514 individuals_ID0000042 POST_SCRIPT_SUCCESS 0 condorpool - 680
1646025509 individuals_ID0000032 POST_SCRIPT_TERMINATED 3327.0 condorpool - 662
1646025514 individuals_ID0000032 POST_SCRIPT_SUCCESS 0 condorpool - 662
1646025515 individuals_ID0000030 JOB_TERMINATED 3325.0 condorpool - 660
1646025519 individuals_ID0000030 JOB_SUCCESS 0 condorpool - 660
1646025519 individuals_ID0000030 POST_SCRIPT_STARTED 3325.0 condorpool - 660
1646025519 individuals_ID0000030 POST_SCRIPT_TERMINATED 3325.0 condorpool - 660
1646025524 individuals_ID0000030 POST_SCRIPT_SUCCESS 0 condorpool - 660
1646025528 individuals_ID0000004 JOB_TERMINATED 3328.0 condorpool - 663
1646025529 individuals_ID0000004 JOB_SUCCESS 0 condorpool - 663
1646025529 individuals_ID0000004 POST_SCRIPT_STARTED 3328.0 condorpool - 663
1646025530 individuals_ID0000004 POST_SCRIPT_TERMINATED 3328.0 condorpool - 663
1646025534 individuals_ID0000004 POST_SCRIPT_SUCCESS 0 condorpool - 663
1646025532 individuals_ID0000031 JOB_TERMINATED 3326.0 condorpool - 661
1646025534 individuals_ID0000031 JOB_SUCCESS 0 condorpool - 661
1646025534 individuals_ID0000031 POST_SCRIPT_STARTED 3326.0 condorpool - 661
1646025534 individuals_ID0000031 POST_SCRIPT_TERMINATED 3326.0 condorpool - 661
1646025539 individuals_ID0000031 POST_SCRIPT_SUCCESS 0 condorpool - 661
1646025546 individuals_ID0000012 JOB_TERMINATED 3352.0 condorpool - 687
1646025549 individuals_ID0000012 JOB_SUCCESS 0 condorpool - 687
1646025549 individuals_ID0000012 POST_SCRIPT_STARTED 3352.0 condorpool - 687
1646025546 individuals_ID0000013 JOB_TERMINATED 3353.0 condorpool - 688
1646025549 individuals_ID0000013 JOB_SUCCESS 0 condorpool - 688
1646025549 individuals_ID0000013 POST_SCRIPT_STARTED 3353.0 condorpool - 688
1646025549 individuals_ID0000011 JOB_TERMINATED 3351.0 condorpool - 686
1646025549 individuals_ID0000011 JOB_SUCCESS 0 condorpool - 686
1646025549 individuals_ID0000011 POST_SCRIPT_STARTED 3351.0 condorpool - 686
1646025549 individuals_ID0000012 POST_SCRIPT_TERMINATED 3352.0 condorpool - 687
1646025554 individuals_ID0000012 POST_SCRIPT_SUCCESS 0 condorpool - 687
1646025549 individuals_ID0000013 POST_SCRIPT_TERMINATED 3353.0 condorpool - 688
1646025554 individuals_ID0000013 POST_SCRIPT_SUCCESS 0 condorpool - 688
1646025549 individuals_ID0000011 POST_SCRIPT_TERMINATED 3351.0 condorpool - 686
1646025554 individuals_ID0000011 POST_SCRIPT_SUCCESS 0 condorpool - 686
1646025550 individuals_ID0000018 JOB_TERMINATED 3350.0 condorpool - 685
1646025554 individuals_ID0000018 JOB_SUCCESS 0 condorpool - 685
1646025554 individuals_ID0000018 POST_SCRIPT_STARTED 3350.0 condorpool - 685
1646025554 individuals_ID0000018 POST_SCRIPT_TERMINATED 3350.0 condorpool - 685
1646025559 individuals_ID0000018 POST_SCRIPT_SUCCESS 0 condorpool - 685
1646025568 individuals_ID0000035 JOB_TERMINATED 3323.0 condorpool - 658
1646025569 individuals_ID0000035 JOB_SUCCESS 0 condorpool - 658
1646025569 individuals_ID0000035 POST_SCRIPT_STARTED 3323.0 condorpool - 658
1646025569 individuals_ID0000035 POST_SCRIPT_TERMINATED 3323.0 condorpool - 658
1646025574 individuals_ID0000035 POST_SCRIPT_SUCCESS 0 condorpool - 658
1646025580 individuals_ID0000033 JOB_TERMINATED 3321.0 condorpool - 656
1646025584 individuals_ID0000033 JOB_SUCCESS 0 condorpool - 656
1646025584 individuals_ID0000033 POST_SCRIPT_STARTED 3321.0 condorpool - 656
1646025585 individuals_ID0000033 POST_SCRIPT_TERMINATED 3321.0 condorpool - 656
1646025589 individuals_ID0000033 POST_SCRIPT_SUCCESS 0 condorpool - 656
1646025596 individuals_ID0000034 JOB_TERMINATED 3322.0 condorpool - 657
1646025599 individuals_ID0000034 JOB_SUCCESS 0 condorpool - 657
1646025599 individuals_ID0000034 POST_SCRIPT_STARTED 3322.0 condorpool - 657
1646025599 individuals_ID0000034 POST_SCRIPT_TERMINATED 3322.0 condorpool - 657
1646025604 individuals_ID0000034 POST_SCRIPT_SUCCESS 0 condorpool - 657
1646025612 individuals_ID0000036 JOB_TERMINATED 3324.0 condorpool - 659
1646025614 individuals_ID0000036 JOB_SUCCESS 0 condorpool - 659
1646025614 individuals_ID0000036 POST_SCRIPT_STARTED 3324.0 condorpool - 659
1646025614 individuals_ID0000036 POST_SCRIPT_TERMINATED 3324.0 condorpool - 659
1646025619 individuals_ID0000036 POST_SCRIPT_SUCCESS 0 condorpool - 659
1646025815 individuals_ID0000014 JOB_TERMINATED 3354.0 condorpool - 689
1646025819 individuals_ID0000014 JOB_SUCCESS 0 condorpool - 689
1646025819 individuals_ID0000014 POST_SCRIPT_STARTED 3354.0 condorpool - 689
1646025820 individuals_ID0000014 POST_SCRIPT_TERMINATED 3354.0 condorpool - 689
1646025824 individuals_ID0000014 POST_SCRIPT_SUCCESS 0 condorpool - 689
1646025907 individuals_ID0000019 JOB_TERMINATED 3355.0 condorpool - 690
1646025909 individuals_ID0000019 JOB_SUCCESS 0 condorpool - 690
1646025909 individuals_ID0000019 POST_SCRIPT_STARTED 3355.0 condorpool - 690
1646025909 individuals_ID0000019 POST_SCRIPT_TERMINATED 3355.0 condorpool - 690
1646025914 individuals_ID0000019 POST_SCRIPT_SUCCESS 0 condorpool - 690
1646025915 individuals_ID0000026 JOB_TERMINATED 3358.0 condorpool - 693
1646025919 individuals_ID0000026 JOB_SUCCESS 0 condorpool - 693
1646025919 individuals_ID0000026 POST_SCRIPT_STARTED 3358.0 condorpool - 693
1646025918 individuals_ID0000050 JOB_TERMINATED 3357.0 condorpool - 692
1646025919 individuals_ID0000050 JOB_SUCCESS 0 condorpool - 692
1646025919 individuals_ID0000050 POST_SCRIPT_STARTED 3357.0 condorpool - 692
1646025920 individuals_ID0000050 POST_SCRIPT_TERMINATED 3357.0 condorpool - 692
1646025924 individuals_ID0000050 POST_SCRIPT_SUCCESS 0 condorpool - 692
1646025920 individuals_ID0000026 POST_SCRIPT_TERMINATED 3358.0 condorpool - 693
1646025924 individuals_ID0000026 POST_SCRIPT_SUCCESS 0 condorpool - 693
1646025922 individuals_ID0000010 JOB_TERMINATED 3356.0 condorpool - 691
1646025924 individuals_ID0000010 JOB_SUCCESS 0 condorpool - 691
1646025924 individuals_ID0000010 POST_SCRIPT_STARTED 3356.0 condorpool - 691
1646025924 individuals_ID0000010 POST_SCRIPT_TERMINATED 3356.0 condorpool - 691
1646025929 individuals_ID0000010 POST_SCRIPT_SUCCESS 0 condorpool - 691
1646026152 individuals_ID0000020 JOB_TERMINATED 3366.0 condorpool - 701
1646026154 individuals_ID0000020 JOB_SUCCESS 0 condorpool - 701
1646026154 individuals_ID0000020 POST_SCRIPT_STARTED 3366.0 condorpool - 701
1646026154 individuals_ID0000020 POST_SCRIPT_TERMINATED 3366.0 condorpool - 701
1646026159 individuals_ID0000020 POST_SCRIPT_SUCCESS 0 condorpool - 701
1646026163 individuals_ID0000021 JOB_TERMINATED 3367.0 condorpool - 702
1646026164 individuals_ID0000021 JOB_SUCCESS 0 condorpool - 702
1646026164 individuals_ID0000021 POST_SCRIPT_STARTED 3367.0 condorpool - 702
1646026165 individuals_ID0000021 POST_SCRIPT_TERMINATED 3367.0 condorpool - 702
1646026169 individuals_ID0000021 POST_SCRIPT_SUCCESS 0 condorpool - 702
1646026222 individuals_ID0000029 JOB_TERMINATED 3361.0 condorpool - 696
1646026224 individuals_ID0000029 JOB_SUCCESS 0 condorpool - 696
1646026224 individuals_ID0000029 POST_SCRIPT_STARTED 3361.0 condorpool - 696
1646026224 individuals_ID0000029 POST_SCRIPT_TERMINATED 3361.0 condorpool - 696
1646026229 individuals_ID0000029 POST_SCRIPT_SUCCESS 0 condorpool - 696
1646026232 individuals_ID0000022 JOB_TERMINATED 3362.0 condorpool - 697
1646026234 individuals_ID0000022 JOB_SUCCESS 0 condorpool - 697
1646026234 individuals_ID0000022 POST_SCRIPT_STARTED 3362.0 condorpool - 697
1646026235 individuals_ID0000022 POST_SCRIPT_TERMINATED 3362.0 condorpool - 697
1646026239 individuals_ID0000022 POST_SCRIPT_SUCCESS 0 condorpool - 697
1646026258 individuals_ID0000027 JOB_TERMINATED 3359.0 condorpool - 694
1646026259 individuals_ID0000027 JOB_SUCCESS 0 condorpool - 694
1646026259 individuals_ID0000027 POST_SCRIPT_STARTED 3359.0 condorpool - 694
1646026258 individuals_ID0000025 JOB_TERMINATED 3365.0 condorpool - 700
1646026259 individuals_ID0000025 JOB_SUCCESS 0 condorpool - 700
1646026259 individuals_ID0000025 POST_SCRIPT_STARTED 3365.0 condorpool - 700
1646026259 individuals_ID0000027 POST_SCRIPT_TERMINATED 3359.0 condorpool - 694
1646026264 individuals_ID0000027 POST_SCRIPT_SUCCESS 0 condorpool - 694
1646026259 individuals_ID0000025 POST_SCRIPT_TERMINATED 3365.0 condorpool - 700
1646026264 individuals_ID0000025 POST_SCRIPT_SUCCESS 0 condorpool - 700
1646026271 individuals_ID0000028 JOB_TERMINATED 3360.0 condorpool - 695
1646026274 individuals_ID0000028 JOB_SUCCESS 0 condorpool - 695
1646026274 individuals_ID0000028 POST_SCRIPT_STARTED 3360.0 condorpool - 695
1646026274 individuals_ID0000028 POST_SCRIPT_TERMINATED 3360.0 condorpool - 695
1646026279 individuals_ID0000028 POST_SCRIPT_SUCCESS 0 condorpool - 695
1646026277 individuals_ID0000023 JOB_TERMINATED 3363.0 condorpool - 698
1646026279 individuals_ID0000023 JOB_SUCCESS 0 condorpool - 698
1646026279 individuals_ID0000023 POST_SCRIPT_STARTED 3363.0 condorpool - 698
1646026280 individuals_ID0000023 POST_SCRIPT_TERMINATED 3363.0 condorpool - 698
1646026284 individuals_ID0000023 POST_SCRIPT_SUCCESS 0 condorpool - 698
1646026287 individuals_ID0000024 JOB_TERMINATED 3364.0 condorpool - 699
1646026289 individuals_ID0000024 JOB_SUCCESS 0 condorpool - 699
1646026289 individuals_ID0000024 POST_SCRIPT_STARTED 3364.0 condorpool - 699
1646026289 individuals_ID0000024 POST_SCRIPT_TERMINATED 3364.0 condorpool - 699
1646026294 individuals_ID0000024 POST_SCRIPT_SUCCESS 0 condorpool - 699
1646026299 individuals_merge_ID0000051 SUBMIT 3368.0 condorpool - 703
1646026324 individuals_merge_ID0000051 EXECUTE 3368.0 condorpool - 703
1646030576 individuals_merge_ID0000051 JOB_TERMINATED 3368.0 condorpool - 703
1646030578 individuals_merge_ID0000051 JOB_SUCCESS 0 condorpool - 703
1646030578 individuals_merge_ID0000051 POST_SCRIPT_STARTED 3368.0 condorpool - 703
1646030578 individuals_merge_ID0000051 POST_SCRIPT_TERMINATED 3368.0 condorpool - 703
1646030583 individuals_merge_ID0000051 POST_SCRIPT_SUCCESS 0 condorpool - 703
1646030588 frequency_ID0000060 SUBMIT 3369.0 condorpool - 704
1646030588 frequency_ID0000062 SUBMIT 3370.0 condorpool - 705
1646030588 mutation_overlap_ID0000053 SUBMIT 3371.0 condorpool - 706
1646030588 frequency_ID0000058 SUBMIT 3372.0 condorpool - 707
1646030588 mutation_overlap_ID0000063 SUBMIT 3373.0 condorpool - 708
1646030593 mutation_overlap_ID0000055 SUBMIT 3374.0 condorpool - 709
1646030593 mutation_overlap_ID0000065 SUBMIT 3375.0 condorpool - 710
1646030593 frequency_ID0000064 SUBMIT 3376.0 condorpool - 711
1646030594 frequency_ID0000054 SUBMIT 3377.0 condorpool - 712
1646030594 frequency_ID0000066 SUBMIT 3378.0 condorpool - 713
1646030599 mutation_overlap_ID0000061 SUBMIT 3379.0 condorpool - 714
1646030599 frequency_ID0000056 SUBMIT 3380.0 condorpool - 715
1646030599 mutation_overlap_ID0000057 SUBMIT 3381.0 condorpool - 716
1646030599 mutation_overlap_ID0000059 SUBMIT 3382.0 condorpool - 717
1646030603 mutation_overlap_ID0000057 EXECUTE 3381.0 condorpool - 716
1646030603 mutation_overlap_ID0000059 EXECUTE 3382.0 condorpool - 717
1646030604 frequency_ID0000060 EXECUTE 3369.0 condorpool - 704
1646030604 frequency_ID0000062 EXECUTE 3370.0 condorpool - 705
1646030604 mutation_overlap_ID0000053 EXECUTE 3371.0 condorpool - 706
1646030604 mutation_overlap_ID0000061 EXECUTE 3379.0 condorpool - 714
1646030604 frequency_ID0000056 EXECUTE 3380.0 condorpool - 715
1646030604 frequency_ID0000054 EXECUTE 3377.0 condorpool - 712
1646030604 mutation_overlap_ID0000055 EXECUTE 3374.0 condorpool - 709
1646030604 mutation_overlap_ID0000063 EXECUTE 3373.0 condorpool - 708
1646030604 mutation_overlap_ID0000065 EXECUTE 3375.0 condorpool - 710
1646030604 frequency_ID0000064 EXECUTE 3376.0 condorpool - 711
1646030604 frequency_ID0000066 EXECUTE 3378.0 condorpool - 713
1646030605 frequency_ID0000058 EXECUTE 3372.0 condorpool - 707
1646030810 mutation_overlap_ID0000065 JOB_TERMINATED 3375.0 condorpool - 710
1646030814 mutation_overlap_ID0000065 JOB_SUCCESS 0 condorpool - 710
1646030814 mutation_overlap_ID0000065 POST_SCRIPT_STARTED 3375.0 condorpool - 710
1646030814 mutation_overlap_ID0000063 JOB_TERMINATED 3373.0 condorpool - 708
1646030814 mutation_overlap_ID0000063 JOB_SUCCESS 0 condorpool - 708
1646030814 mutation_overlap_ID0000063 POST_SCRIPT_STARTED 3373.0 condorpool - 708
1646030814 mutation_overlap_ID0000059 JOB_TERMINATED 3382.0 condorpool - 717
1646030819 mutation_overlap_ID0000059 JOB_SUCCESS 0 condorpool - 717
1646030819 mutation_overlap_ID0000059 POST_SCRIPT_STARTED 3382.0 condorpool - 717
1646030814 mutation_overlap_ID0000065 POST_SCRIPT_TERMINATED 3375.0 condorpool - 710
1646030819 mutation_overlap_ID0000065 POST_SCRIPT_SUCCESS 0 condorpool - 710
1646030814 mutation_overlap_ID0000063 POST_SCRIPT_TERMINATED 3373.0 condorpool - 708
1646030819 mutation_overlap_ID0000063 POST_SCRIPT_SUCCESS 0 condorpool - 708
1646030816 mutation_overlap_ID0000055 JOB_TERMINATED 3374.0 condorpool - 709
1646030819 mutation_overlap_ID0000055 JOB_SUCCESS 0 condorpool - 709
1646030819 mutation_overlap_ID0000055 POST_SCRIPT_STARTED 3374.0 condorpool - 709
1646030817 mutation_overlap_ID0000061 JOB_TERMINATED 3379.0 condorpool - 714
1646030819 mutation_overlap_ID0000061 JOB_SUCCESS 0 condorpool - 714
1646030819 mutation_overlap_ID0000061 POST_SCRIPT_STARTED 3379.0 condorpool - 714
1646030819 mutation_overlap_ID0000061 POST_SCRIPT_TERMINATED 3379.0 condorpool - 714
1646030824 mutation_overlap_ID0000061 POST_SCRIPT_SUCCESS 0 condorpool - 714
1646030819 mutation_overlap_ID0000059 POST_SCRIPT_TERMINATED 3382.0 condorpool - 717
1646030824 mutation_overlap_ID0000059 POST_SCRIPT_SUCCESS 0 condorpool - 717
1646030819 mutation_overlap_ID0000055 POST_SCRIPT_TERMINATED 3374.0 condorpool - 709
1646030824 mutation_overlap_ID0000055 POST_SCRIPT_SUCCESS 0 condorpool - 709
1646030822 mutation_overlap_ID0000053 JOB_TERMINATED 3371.0 condorpool - 706
1646030824 mutation_overlap_ID0000053 JOB_SUCCESS 0 condorpool - 706
1646030824 mutation_overlap_ID0000053 POST_SCRIPT_STARTED 3371.0 condorpool - 706
1646030825 mutation_overlap_ID0000053 POST_SCRIPT_TERMINATED 3371.0 condorpool - 706
1646030829 mutation_overlap_ID0000053 POST_SCRIPT_SUCCESS 0 condorpool - 706
1646030876 mutation_overlap_ID0000057 JOB_TERMINATED 3381.0 condorpool - 716
1646030879 mutation_overlap_ID0000057 JOB_SUCCESS 0 condorpool - 716
1646030879 mutation_overlap_ID0000057 POST_SCRIPT_STARTED 3381.0 condorpool - 716
1646030879 mutation_overlap_ID0000057 POST_SCRIPT_TERMINATED 3381.0 condorpool - 716
1646030884 mutation_overlap_ID0000057 POST_SCRIPT_SUCCESS 0 condorpool - 716
1646031313 frequency_ID0000064 JOB_TERMINATED 3376.0 condorpool - 711
1646031314 frequency_ID0000064 JOB_SUCCESS 0 condorpool - 711
1646031314 frequency_ID0000064 POST_SCRIPT_STARTED 3376.0 condorpool - 711
1646031315 frequency_ID0000064 POST_SCRIPT_TERMINATED 3376.0 condorpool - 711
1646031319 frequency_ID0000064 POST_SCRIPT_SUCCESS 0 condorpool - 711
1646031426 frequency_ID0000060 JOB_TERMINATED 3369.0 condorpool - 704
1646031429 frequency_ID0000060 JOB_SUCCESS 0 condorpool - 704
1646031429 frequency_ID0000060 POST_SCRIPT_STARTED 3369.0 condorpool - 704
1646031429 frequency_ID0000060 POST_SCRIPT_TERMINATED 3369.0 condorpool - 704
1646031434 frequency_ID0000060 POST_SCRIPT_SUCCESS 0 condorpool - 704
1646031430 frequency_ID0000062 JOB_TERMINATED 3370.0 condorpool - 705
1646031434 frequency_ID0000062 JOB_SUCCESS 0 condorpool - 705
1646031434 frequency_ID0000062 POST_SCRIPT_STARTED 3370.0 condorpool - 705
1646031435 frequency_ID0000062 POST_SCRIPT_TERMINATED 3370.0 condorpool - 705
1646031439 frequency_ID0000062 POST_SCRIPT_SUCCESS 0 condorpool - 705
1646031439 frequency_ID0000066 JOB_TERMINATED 3378.0 condorpool - 713
1646031444 frequency_ID0000066 JOB_SUCCESS 0 condorpool - 713
1646031444 frequency_ID0000066 POST_SCRIPT_STARTED 3378.0 condorpool - 713
1646031444 frequency_ID0000066 POST_SCRIPT_TERMINATED 3378.0 condorpool - 713
1646031449 frequency_ID0000066 POST_SCRIPT_SUCCESS 0 condorpool - 713
1646031482 frequency_ID0000058 JOB_TERMINATED 3372.0 condorpool - 707
1646031484 frequency_ID0000058 JOB_SUCCESS 0 condorpool - 707
1646031484 frequency_ID0000058 POST_SCRIPT_STARTED 3372.0 condorpool - 707
1646031485 frequency_ID0000058 POST_SCRIPT_TERMINATED 3372.0 condorpool - 707
1646031489 frequency_ID0000058 POST_SCRIPT_SUCCESS 0 condorpool - 707
1646031507 frequency_ID0000056 JOB_TERMINATED 3380.0 condorpool - 715
1646031509 frequency_ID0000056 JOB_SUCCESS 0 condorpool - 715
1646031509 frequency_ID0000056 POST_SCRIPT_STARTED 3380.0 condorpool - 715
1646031509 frequency_ID0000056 POST_SCRIPT_TERMINATED 3380.0 condorpool - 715
1646031514 frequency_ID0000056 POST_SCRIPT_SUCCESS 0 condorpool - 715
1646031519 stage_out_local_local_2_1 SUBMIT 3383.0 local - 718
1646031519 stage_out_local_local_2_1 EXECUTE 3383.0 local - 718
1646031523 stage_out_local_local_2_1 JOB_TERMINATED 3383.0 local - 718
1646031524 stage_out_local_local_2_1 JOB_SUCCESS 0 local - 718
1646031524 stage_out_local_local_2_1 POST_SCRIPT_STARTED 3383.0 local - 718
1646031525 stage_out_local_local_2_1 POST_SCRIPT_TERMINATED 3383.0 local - 718
1646031529 stage_out_local_local_2_1 POST_SCRIPT_SUCCESS 0 local - 718
1646031539 frequency_ID0000054 JOB_TERMINATED 3377.0 condorpool - 712
1646031544 frequency_ID0000054 JOB_SUCCESS 0 condorpool - 712
1646031544 frequency_ID0000054 POST_SCRIPT_STARTED 3377.0 condorpool - 712
1646031544 frequency_ID0000054 POST_SCRIPT_TERMINATED 3377.0 condorpool - 712
1646031549 frequency_ID0000054 POST_SCRIPT_SUCCESS 0 condorpool - 712
1646031554 stage_out_local_local_2_0 SUBMIT 3384.0 local - 719
1646031554 stage_out_local_local_2_0 EXECUTE 3384.0 local - 719
1646031558 stage_out_local_local_2_0 JOB_TERMINATED 3384.0 local - 719
1646031559 stage_out_local_local_2_0 JOB_SUCCESS 0 local - 719
1646031559 stage_out_local_local_2_0 POST_SCRIPT_STARTED 3384.0 local - 719
1646031559 stage_out_local_local_2_0 POST_SCRIPT_TERMINATED 3384.0 local - 719
1646031564 stage_out_local_local_2_0 POST_SCRIPT_SUCCESS 0 local - 719
1646031569 cleanup_1000-genome_0_local SUBMIT 3385.0 local - 720
1646031569 cleanup_1000-genome_0_local EXECUTE 3385.0 local - 720
1646031572 cleanup_1000-genome_0_local JOB_TERMINATED 3385.0 local - 720
1646031574 cleanup_1000-genome_0_local JOB_SUCCESS 0 local - 720
1646031574 cleanup_1000-genome_0_local POST_SCRIPT_STARTED 3385.0 local - 720
1646031575 cleanup_1000-genome_0_local POST_SCRIPT_TERMINATED 3385.0 local - 720
1646031579 cleanup_1000-genome_0_local POST_SCRIPT_SUCCESS 0 local - 720
1646031579 INTERNAL *** DAGMAN_FINISHED 0 ***
1646031580 INTERNAL *** MONITORD_FINISHED 0 ***
