======================================
1n_i50_20k: Runtime: 14924
5.46594004295539
2n_i50_20k: Runtime: 10514
9.617479055802148
3n_i50_20k: Runtime: 9155
13.260905212348337
4n_i50_20k: Runtime: 8548
16.912845420781565
5n_i50_20k: Runtime: 8123
20.450018472606875
6n_i50_20k: Runtime: 7519
23.949507487626374
7n_i50_20k: Runtime: 7542
27.594346375076203
8n_i50_20k: Runtime: 7347
31.036921016072057
9n_i50_20k: Runtime: 7240
34.66087920859535
10n_i50_20k: Runtime: 7094
38.21322144832264
11n_i50_20k: Runtime: 6853
41.571695729731054
12n_i50_20k: Runtime: 6645
45.16588349639696
======================================
5.46594004295539
9.617479055802148
13.260905212348337
16.912845420781565
20.450018472606875
23.949507487626374
27.594346375076203
31.036921016072057
34.66087920859535
38.21322144832264
41.571695729731054
45.16588349639696
======================================
1n_i50_20k: Runtime: 14924
5.46594004295539
2n_i50_20k: Runtime: 10514
9.617479055802148
3n_i50_20k: Runtime: 9155
13.260905212348337
4n_i50_20k: Runtime: 8548
16.912845420781565
5n_i50_20k: Runtime: 8123
20.450018472606875
6n_i50_20k: Runtime: 7519
23.949507487626374
7n_i50_20k: Runtime: 7542
27.594346375076203
8n_i50_20k: Runtime: 7347
31.036921016072057
9n_i50_20k: Runtime: 7240
34.66087920859535
10n_i50_20k: Runtime: 7094
38.21322144832264
11n_i50_20k: Runtime: 6853
41.571695729731054
12n_i50_20k: Runtime: 6645
45.16588349639696
