1645001412 INTERNAL *** MONITORD_STARTED ***
1645001411 INTERNAL *** DAGMAN_STARTED 1920.0 ***
1645001415 create_dir_1000-genome_0_local SUBMIT 1921.0 local - 1
1645001416 create_dir_1000-genome_0_local EXECUTE 1921.0 local - 1
1645001418 create_dir_1000-genome_0_local JOB_TERMINATED 1921.0 local - 1
1645001420 create_dir_1000-genome_0_local JOB_SUCCESS 0 local - 1
1645001420 create_dir_1000-genome_0_local POST_SCRIPT_STARTED 1921.0 local - 1
1645001420 create_dir_1000-genome_0_local POST_SCRIPT_TERMINATED 1921.0 local - 1
1645001425 create_dir_1000-genome_0_local POST_SCRIPT_SUCCESS 0 local - 1
1645001430 stage_in_remote_local_2_0 SUBMIT 1922.0 local - 2
1645001430 stage_in_remote_local_2_0 EXECUTE 1922.0 local - 2
1645001430 stage_in_remote_local_1_0 SUBMIT 1923.0 local - 3
1645001430 stage_in_remote_local_0_0 SUBMIT 1924.0 local - 4
1645001430 stage_in_local_local_0_0 SUBMIT 1925.0 local - 5
1645001430 stage_in_local_local_2_0 SUBMIT 1926.0 local - 6
1645001432 stage_in_remote_local_2_0 JOB_TERMINATED 1922.0 local - 2
1645001435 stage_in_remote_local_2_0 JOB_SUCCESS 0 local - 2
1645001435 stage_in_remote_local_2_0 POST_SCRIPT_STARTED 1922.0 local - 2
1645001432 stage_in_local_local_2_0 EXECUTE 1926.0 local - 6
1645001432 stage_in_local_local_0_0 EXECUTE 1925.0 local - 5
1645001432 stage_in_remote_local_0_0 EXECUTE 1924.0 local - 4
1645001432 stage_in_remote_local_1_0 EXECUTE 1923.0 local - 3
1645001435 stage_in_remote_local_1_0 JOB_TERMINATED 1923.0 local - 3
1645001435 stage_in_remote_local_1_0 JOB_SUCCESS 0 local - 3
1645001435 stage_in_remote_local_1_0 POST_SCRIPT_STARTED 1923.0 local - 3
1645001435 stage_in_remote_local_0_0 JOB_TERMINATED 1924.0 local - 4
1645001435 stage_in_remote_local_0_0 JOB_SUCCESS 0 local - 4
1645001435 stage_in_remote_local_0_0 POST_SCRIPT_STARTED 1924.0 local - 4
1645001435 stage_in_local_local_0_0 JOB_TERMINATED 1925.0 local - 5
1645001435 stage_in_local_local_0_0 JOB_SUCCESS 0 local - 5
1645001435 stage_in_local_local_0_0 POST_SCRIPT_STARTED 1925.0 local - 5
1645001435 stage_in_remote_local_0_1 SUBMIT 1927.0 local - 7
1645001435 stage_in_remote_local_0_1 EXECUTE 1927.0 local - 7
1645001435 stage_in_local_local_0_1 SUBMIT 1928.0 local - 8
1645001435 stage_in_local_local_0_1 EXECUTE 1928.0 local - 8
1645001435 stage_in_local_local_2_1 SUBMIT 1929.0 local - 9
1645001435 stage_in_local_local_2_1 EXECUTE 1929.0 local - 9
1645001435 stage_in_remote_local_2_1 SUBMIT 1930.0 local - 10
1645001435 stage_in_local_local_0_2 SUBMIT 1931.0 local - 11
1645001436 stage_in_remote_local_0_0 POST_SCRIPT_TERMINATED 1924.0 local - 4
1645001440 stage_in_remote_local_0_0 POST_SCRIPT_SUCCESS 0 local - 4
1645001436 stage_in_remote_local_1_0 POST_SCRIPT_TERMINATED 1923.0 local - 3
1645001440 stage_in_remote_local_1_0 POST_SCRIPT_SUCCESS 0 local - 3
1645001436 stage_in_local_local_0_0 POST_SCRIPT_TERMINATED 1925.0 local - 5
1645001440 stage_in_local_local_0_0 POST_SCRIPT_SUCCESS 0 local - 5
1645001436 stage_in_remote_local_2_0 POST_SCRIPT_TERMINATED 1922.0 local - 2
1645001440 stage_in_remote_local_2_0 POST_SCRIPT_SUCCESS 0 local - 2
1645001437 stage_in_local_local_2_0 JOB_TERMINATED 1926.0 local - 6
1645001440 stage_in_local_local_2_0 JOB_SUCCESS 0 local - 6
1645001440 stage_in_local_local_2_0 POST_SCRIPT_STARTED 1926.0 local - 6
1645001437 stage_in_remote_local_2_1 EXECUTE 1930.0 local - 10
1645001437 stage_in_local_local_0_2 EXECUTE 1931.0 local - 11
1645001437 stage_in_remote_local_0_1 JOB_TERMINATED 1927.0 local - 7
1645001440 stage_in_remote_local_0_1 JOB_SUCCESS 0 local - 7
1645001440 stage_in_remote_local_0_1 POST_SCRIPT_STARTED 1927.0 local - 7
1645001438 stage_in_local_local_0_1 JOB_TERMINATED 1928.0 local - 8
1645001440 stage_in_local_local_0_1 JOB_SUCCESS 0 local - 8
1645001440 stage_in_local_local_0_1 POST_SCRIPT_STARTED 1928.0 local - 8
1645001439 stage_in_remote_local_2_1 JOB_TERMINATED 1930.0 local - 10
1645001440 stage_in_remote_local_2_1 JOB_SUCCESS 0 local - 10
1645001440 stage_in_remote_local_2_1 POST_SCRIPT_STARTED 1930.0 local - 10
1645001439 stage_in_local_local_0_2 JOB_TERMINATED 1931.0 local - 11
1645001440 stage_in_local_local_0_2 JOB_SUCCESS 0 local - 11
1645001440 stage_in_local_local_0_2 POST_SCRIPT_STARTED 1931.0 local - 11
1645001439 stage_in_local_local_2_1 JOB_TERMINATED 1929.0 local - 9
1645001440 stage_in_local_local_2_1 JOB_SUCCESS 0 local - 9
1645001440 stage_in_local_local_2_1 POST_SCRIPT_STARTED 1929.0 local - 9
1645001440 stage_in_local_local_0_1 POST_SCRIPT_TERMINATED 1928.0 local - 8
1645001445 stage_in_local_local_0_1 POST_SCRIPT_SUCCESS 0 local - 8
1645001440 stage_in_remote_local_2_1 POST_SCRIPT_TERMINATED 1930.0 local - 10
1645001445 stage_in_remote_local_2_1 POST_SCRIPT_SUCCESS 0 local - 10
1645001440 stage_in_local_local_0_2 POST_SCRIPT_TERMINATED 1931.0 local - 11
1645001445 stage_in_local_local_0_2 POST_SCRIPT_SUCCESS 0 local - 11
1645001440 stage_in_remote_local_0_1 POST_SCRIPT_TERMINATED 1927.0 local - 7
1645001445 stage_in_remote_local_0_1 POST_SCRIPT_SUCCESS 0 local - 7
1645001440 stage_in_local_local_2_0 POST_SCRIPT_TERMINATED 1926.0 local - 6
1645001445 stage_in_local_local_2_0 POST_SCRIPT_SUCCESS 0 local - 6
1645001440 stage_in_local_local_2_1 POST_SCRIPT_TERMINATED 1929.0 local - 9
1645001445 stage_in_local_local_2_1 POST_SCRIPT_SUCCESS 0 local - 9
1645001450 individuals_ID0000037 SUBMIT 1932.0 condorpool - 12
1645001450 individuals_ID0000038 SUBMIT 1933.0 condorpool - 13
1645001450 individuals_ID0000039 SUBMIT 1934.0 condorpool - 14
1645001450 individuals_ID0000033 SUBMIT 1935.0 condorpool - 15
1645001450 individuals_ID0000034 SUBMIT 1936.0 condorpool - 16
1645001455 individuals_ID0000035 SUBMIT 1937.0 condorpool - 17
1645001455 individuals_ID0000036 SUBMIT 1938.0 condorpool - 18
1645001455 individuals_ID0000030 SUBMIT 1939.0 condorpool - 19
1645001455 individuals_ID0000031 SUBMIT 1940.0 condorpool - 20
1645001455 individuals_ID0000032 SUBMIT 1941.0 condorpool - 21
1645001460 individuals_ID0000004 SUBMIT 1942.0 condorpool - 22
1645001460 individuals_ID0000048 SUBMIT 1943.0 condorpool - 23
1645001460 individuals_ID0000005 SUBMIT 1944.0 condorpool - 24
1645001461 individuals_ID0000049 SUBMIT 1945.0 condorpool - 25
1645001461 individuals_ID0000006 SUBMIT 1946.0 condorpool - 26
1645001466 individuals_ID0000007 SUBMIT 1947.0 condorpool - 27
1645001466 individuals_ID0000044 SUBMIT 1948.0 condorpool - 28
1645001466 individuals_ID0000001 SUBMIT 1949.0 condorpool - 29
1645001466 individuals_ID0000045 SUBMIT 1950.0 condorpool - 30
1645001466 individuals_ID0000002 SUBMIT 1951.0 condorpool - 31
1645001471 individuals_ID0000046 SUBMIT 1952.0 condorpool - 32
1645001471 individuals_ID0000003 SUBMIT 1953.0 condorpool - 33
1645001471 individuals_ID0000047 SUBMIT 1954.0 condorpool - 34
1645001471 individuals_ID0000008 SUBMIT 1955.0 condorpool - 35
1645001471 individuals_ID0000009 SUBMIT 1956.0 condorpool - 36
1645001476 individuals_ID0000040 SUBMIT 1957.0 condorpool - 37
1645001476 individuals_ID0000041 SUBMIT 1958.0 condorpool - 38
1645001476 individuals_ID0000042 SUBMIT 1959.0 condorpool - 39
1645001476 individuals_ID0000043 SUBMIT 1960.0 condorpool - 40
1645001476 individuals_ID0000015 SUBMIT 1961.0 condorpool - 41
1645001481 individuals_ID0000016 SUBMIT 1962.0 condorpool - 42
1645001481 individuals_ID0000017 SUBMIT 1963.0 condorpool - 43
1645001481 individuals_ID0000018 SUBMIT 1964.0 condorpool - 44
1645001481 individuals_ID0000011 SUBMIT 1965.0 condorpool - 45
1645001481 individuals_ID0000012 SUBMIT 1966.0 condorpool - 46
1645001483 individuals_ID0000001 EXECUTE 1949.0 condorpool - 29
1645001487 individuals_ID0000013 SUBMIT 1967.0 condorpool - 47
1645001487 individuals_ID0000014 SUBMIT 1968.0 condorpool - 48
1645001487 individuals_ID0000019 SUBMIT 1969.0 condorpool - 49
1645001487 individuals_ID0000010 SUBMIT 1970.0 condorpool - 50
1645001487 individuals_ID0000050 SUBMIT 1971.0 condorpool - 51
1645001492 individuals_ID0000045 EXECUTE 1950.0 condorpool - 30
1645001492 individuals_ID0000026 SUBMIT 1972.0 condorpool - 52
1645001492 individuals_ID0000027 SUBMIT 1973.0 condorpool - 53
1645001492 individuals_ID0000028 SUBMIT 1974.0 condorpool - 54
1645001492 individuals_ID0000029 SUBMIT 1975.0 condorpool - 55
1645001492 individuals_ID0000022 SUBMIT 1976.0 condorpool - 56
1645001493 individuals_ID0000036 EXECUTE 1938.0 condorpool - 18
1645001493 individuals_ID0000035 EXECUTE 1937.0 condorpool - 17
1645001497 individuals_ID0000023 SUBMIT 1977.0 condorpool - 57
1645001497 individuals_ID0000024 SUBMIT 1978.0 condorpool - 58
1645001497 individuals_ID0000025 SUBMIT 1979.0 condorpool - 59
1645001497 individuals_ID0000020 SUBMIT 1980.0 condorpool - 60
1645001497 individuals_ID0000021 SUBMIT 1981.0 condorpool - 61
1645001499 individuals_ID0000004 EXECUTE 1942.0 condorpool - 22
1645001499 individuals_ID0000032 EXECUTE 1941.0 condorpool - 21
1645001502 sifting_ID0000052 SUBMIT 1982.0 condorpool - 62
1645001506 individuals_ID0000039 EXECUTE 1934.0 condorpool - 14
1645001508 individuals_ID0000031 EXECUTE 1940.0 condorpool - 20
1645001514 individuals_ID0000048 EXECUTE 1943.0 condorpool - 23
1645001517 individuals_ID0000044 EXECUTE 1948.0 condorpool - 28
1645001519 individuals_ID0000037 EXECUTE 1932.0 condorpool - 12
1645001519 individuals_ID0000033 EXECUTE 1935.0 condorpool - 15
1645001522 individuals_ID0000002 EXECUTE 1951.0 condorpool - 31
1645001526 individuals_ID0000005 EXECUTE 1944.0 condorpool - 24
1645001535 individuals_ID0000015 EXECUTE 1961.0 condorpool - 41
1645001537 individuals_ID0000034 EXECUTE 1936.0 condorpool - 16
1645001546 individuals_ID0000030 EXECUTE 1939.0 condorpool - 19
1645001554 individuals_ID0000011 EXECUTE 1965.0 condorpool - 45
1645001558 individuals_ID0000006 EXECUTE 1946.0 condorpool - 26
1645001565 individuals_ID0000038 EXECUTE 1933.0 condorpool - 13
1645001566 individuals_ID0000016 EXECUTE 1962.0 condorpool - 42
1645001571 individuals_ID0000013 EXECUTE 1967.0 condorpool - 47
1645001577 individuals_ID0000007 EXECUTE 1947.0 condorpool - 27
1645001581 individuals_ID0000046 EXECUTE 1952.0 condorpool - 32
1645001581 individuals_ID0000043 EXECUTE 1960.0 condorpool - 40
1645001582 individuals_ID0000018 EXECUTE 1964.0 condorpool - 44
1645001585 individuals_ID0000049 EXECUTE 1945.0 condorpool - 25
1645001590 individuals_ID0000012 EXECUTE 1966.0 condorpool - 46
1645001592 individuals_ID0000017 EXECUTE 1963.0 condorpool - 43
1645001602 individuals_ID0000008 EXECUTE 1955.0 condorpool - 35
1645001602 individuals_ID0000003 EXECUTE 1953.0 condorpool - 33
1645001609 individuals_ID0000042 EXECUTE 1959.0 condorpool - 39
1645001610 individuals_ID0000009 EXECUTE 1956.0 condorpool - 36
1645001617 individuals_ID0000041 EXECUTE 1958.0 condorpool - 38
1645001623 individuals_ID0000047 EXECUTE 1954.0 condorpool - 34
1645001628 individuals_ID0000040 EXECUTE 1957.0 condorpool - 37
1645002200 individuals_ID0000001 JOB_TERMINATED 1949.0 condorpool - 29
1645002203 individuals_ID0000001 JOB_SUCCESS 0 condorpool - 29
1645002203 individuals_ID0000001 POST_SCRIPT_STARTED 1949.0 condorpool - 29
1645002203 individuals_ID0000001 POST_SCRIPT_TERMINATED 1949.0 condorpool - 29
1645002208 individuals_ID0000001 POST_SCRIPT_SUCCESS 0 condorpool - 29
1645002208 individuals_ID0000014 EXECUTE 1968.0 condorpool - 48
1645002624 individuals_ID0000005 JOB_TERMINATED 1944.0 condorpool - 24
1645002629 individuals_ID0000005 JOB_SUCCESS 0 condorpool - 24
1645002629 individuals_ID0000005 POST_SCRIPT_STARTED 1944.0 condorpool - 24
1645002629 individuals_ID0000005 POST_SCRIPT_TERMINATED 1944.0 condorpool - 24
1645002634 individuals_ID0000005 POST_SCRIPT_SUCCESS 0 condorpool - 24
1645002638 individuals_ID0000019 EXECUTE 1969.0 condorpool - 49
1645002643 individuals_ID0000045 JOB_TERMINATED 1950.0 condorpool - 30
1645002644 individuals_ID0000045 JOB_SUCCESS 0 condorpool - 30
1645002644 individuals_ID0000045 POST_SCRIPT_STARTED 1950.0 condorpool - 30
1645002644 individuals_ID0000045 POST_SCRIPT_TERMINATED 1950.0 condorpool - 30
1645002649 individuals_ID0000045 POST_SCRIPT_SUCCESS 0 condorpool - 30
1645002649 individuals_ID0000010 EXECUTE 1970.0 condorpool - 50
1645002651 individuals_ID0000044 JOB_TERMINATED 1948.0 condorpool - 28
1645002654 individuals_ID0000044 JOB_SUCCESS 0 condorpool - 28
1645002654 individuals_ID0000044 POST_SCRIPT_STARTED 1948.0 condorpool - 28
1645002652 individuals_ID0000002 JOB_TERMINATED 1951.0 condorpool - 31
1645002654 individuals_ID0000002 JOB_SUCCESS 0 condorpool - 31
1645002654 individuals_ID0000002 POST_SCRIPT_STARTED 1951.0 condorpool - 31
1645002654 individuals_ID0000006 JOB_TERMINATED 1946.0 condorpool - 26
1645002654 individuals_ID0000006 JOB_SUCCESS 0 condorpool - 26
1645002654 individuals_ID0000006 POST_SCRIPT_STARTED 1946.0 condorpool - 26
1645002655 individuals_ID0000044 POST_SCRIPT_TERMINATED 1948.0 condorpool - 28
1645002659 individuals_ID0000044 POST_SCRIPT_SUCCESS 0 condorpool - 28
1645002655 individuals_ID0000002 POST_SCRIPT_TERMINATED 1951.0 condorpool - 31
1645002659 individuals_ID0000002 POST_SCRIPT_SUCCESS 0 condorpool - 31
1645002655 individuals_ID0000006 POST_SCRIPT_TERMINATED 1946.0 condorpool - 26
1645002659 individuals_ID0000006 POST_SCRIPT_SUCCESS 0 condorpool - 26
1645002663 individuals_ID0000049 JOB_TERMINATED 1945.0 condorpool - 25
1645002664 individuals_ID0000049 JOB_SUCCESS 0 condorpool - 25
1645002664 individuals_ID0000049 POST_SCRIPT_STARTED 1945.0 condorpool - 25
1645002663 individuals_ID0000007 JOB_TERMINATED 1947.0 condorpool - 27
1645002664 individuals_ID0000007 JOB_SUCCESS 0 condorpool - 27
1645002664 individuals_ID0000007 POST_SCRIPT_STARTED 1947.0 condorpool - 27
1645002663 individuals_ID0000027 EXECUTE 1973.0 condorpool - 53
1645002664 individuals_ID0000007 POST_SCRIPT_TERMINATED 1947.0 condorpool - 27
1645002669 individuals_ID0000007 POST_SCRIPT_SUCCESS 0 condorpool - 27
1645002664 individuals_ID0000049 POST_SCRIPT_TERMINATED 1945.0 condorpool - 25
1645002669 individuals_ID0000049 POST_SCRIPT_SUCCESS 0 condorpool - 25
1645002665 individuals_ID0000050 EXECUTE 1971.0 condorpool - 51
1645002666 individuals_ID0000026 EXECUTE 1972.0 condorpool - 52
1645002676 individuals_ID0000028 EXECUTE 1974.0 condorpool - 54
1645002676 individuals_ID0000029 EXECUTE 1975.0 condorpool - 55
1645002746 individuals_ID0000032 JOB_TERMINATED 1941.0 condorpool - 21
1645002749 individuals_ID0000032 JOB_SUCCESS 0 condorpool - 21
1645002749 individuals_ID0000032 POST_SCRIPT_STARTED 1941.0 condorpool - 21
1645002749 individuals_ID0000032 POST_SCRIPT_TERMINATED 1941.0 condorpool - 21
1645002754 individuals_ID0000032 POST_SCRIPT_SUCCESS 0 condorpool - 21
1645002752 individuals_ID0000004 JOB_TERMINATED 1942.0 condorpool - 22
1645002754 individuals_ID0000004 JOB_SUCCESS 0 condorpool - 22
1645002754 individuals_ID0000004 POST_SCRIPT_STARTED 1942.0 condorpool - 22
1645002755 individuals_ID0000004 POST_SCRIPT_TERMINATED 1942.0 condorpool - 22
1645002759 individuals_ID0000004 POST_SCRIPT_SUCCESS 0 condorpool - 22
1645002761 individuals_ID0000048 JOB_TERMINATED 1943.0 condorpool - 23
1645002764 individuals_ID0000048 JOB_SUCCESS 0 condorpool - 23
1645002764 individuals_ID0000048 POST_SCRIPT_STARTED 1943.0 condorpool - 23
1645002764 individuals_ID0000031 JOB_TERMINATED 1940.0 condorpool - 20
1645002764 individuals_ID0000031 JOB_SUCCESS 0 condorpool - 20
1645002764 individuals_ID0000031 POST_SCRIPT_STARTED 1940.0 condorpool - 20
1645002764 individuals_ID0000031 POST_SCRIPT_TERMINATED 1940.0 condorpool - 20
1645002769 individuals_ID0000031 POST_SCRIPT_SUCCESS 0 condorpool - 20
1645002764 individuals_ID0000048 POST_SCRIPT_TERMINATED 1943.0 condorpool - 23
1645002769 individuals_ID0000048 POST_SCRIPT_SUCCESS 0 condorpool - 23
1645002766 individuals_ID0000008 JOB_TERMINATED 1955.0 condorpool - 35
1645002769 individuals_ID0000008 JOB_SUCCESS 0 condorpool - 35
1645002769 individuals_ID0000008 POST_SCRIPT_STARTED 1955.0 condorpool - 35
1645002769 individuals_ID0000008 POST_SCRIPT_TERMINATED 1955.0 condorpool - 35
1645002774 individuals_ID0000008 POST_SCRIPT_SUCCESS 0 condorpool - 35
1645002783 individuals_ID0000020 EXECUTE 1980.0 condorpool - 60
1645002786 individuals_ID0000003 JOB_TERMINATED 1953.0 condorpool - 33
1645002789 individuals_ID0000003 JOB_SUCCESS 0 condorpool - 33
1645002789 individuals_ID0000003 POST_SCRIPT_STARTED 1953.0 condorpool - 33
1645002787 individuals_ID0000046 JOB_TERMINATED 1952.0 condorpool - 32
1645002789 individuals_ID0000046 JOB_SUCCESS 0 condorpool - 32
1645002789 individuals_ID0000046 POST_SCRIPT_STARTED 1952.0 condorpool - 32
1645002789 individuals_ID0000003 POST_SCRIPT_TERMINATED 1953.0 condorpool - 33
1645002794 individuals_ID0000003 POST_SCRIPT_SUCCESS 0 condorpool - 33
1645002789 individuals_ID0000046 POST_SCRIPT_TERMINATED 1952.0 condorpool - 32
1645002794 individuals_ID0000046 POST_SCRIPT_SUCCESS 0 condorpool - 32
1645002798 individuals_ID0000022 EXECUTE 1976.0 condorpool - 56
1645002801 individuals_ID0000024 EXECUTE 1978.0 condorpool - 58
1645002801 individuals_ID0000025 EXECUTE 1979.0 condorpool - 59
1645002802 individuals_ID0000023 EXECUTE 1977.0 condorpool - 57
1645002812 individuals_ID0000035 JOB_TERMINATED 1937.0 condorpool - 17
1645002814 individuals_ID0000035 JOB_SUCCESS 0 condorpool - 17
1645002814 individuals_ID0000035 POST_SCRIPT_STARTED 1937.0 condorpool - 17
1645002812 individuals_ID0000047 JOB_TERMINATED 1954.0 condorpool - 34
1645002814 individuals_ID0000047 JOB_SUCCESS 0 condorpool - 34
1645002814 individuals_ID0000047 POST_SCRIPT_STARTED 1954.0 condorpool - 34
1645002814 individuals_ID0000047 POST_SCRIPT_TERMINATED 1954.0 condorpool - 34
1645002819 individuals_ID0000047 POST_SCRIPT_SUCCESS 0 condorpool - 34
1645002814 individuals_ID0000035 POST_SCRIPT_TERMINATED 1937.0 condorpool - 17
1645002819 individuals_ID0000035 POST_SCRIPT_SUCCESS 0 condorpool - 17
1645002816 individuals_ID0000036 JOB_TERMINATED 1938.0 condorpool - 18
1645002819 individuals_ID0000036 JOB_SUCCESS 0 condorpool - 18
1645002819 individuals_ID0000036 POST_SCRIPT_STARTED 1938.0 condorpool - 18
1645002820 individuals_ID0000036 POST_SCRIPT_TERMINATED 1938.0 condorpool - 18
1645002824 individuals_ID0000036 POST_SCRIPT_SUCCESS 0 condorpool - 18
1645002824 individuals_ID0000034 JOB_TERMINATED 1936.0 condorpool - 16
1645002829 individuals_ID0000034 JOB_SUCCESS 0 condorpool - 16
1645002829 individuals_ID0000034 POST_SCRIPT_STARTED 1936.0 condorpool - 16
1645002824 individuals_ID0000030 JOB_TERMINATED 1939.0 condorpool - 19
1645002829 individuals_ID0000030 JOB_SUCCESS 0 condorpool - 19
1645002829 individuals_ID0000030 POST_SCRIPT_STARTED 1939.0 condorpool - 19
1645002828 individuals_ID0000015 JOB_TERMINATED 1961.0 condorpool - 41
1645002829 individuals_ID0000015 JOB_SUCCESS 0 condorpool - 41
1645002829 individuals_ID0000015 POST_SCRIPT_STARTED 1961.0 condorpool - 41
1645002829 individuals_ID0000030 POST_SCRIPT_TERMINATED 1939.0 condorpool - 19
1645002834 individuals_ID0000030 POST_SCRIPT_SUCCESS 0 condorpool - 19
1645002829 individuals_ID0000015 POST_SCRIPT_TERMINATED 1961.0 condorpool - 41
1645002834 individuals_ID0000015 POST_SCRIPT_SUCCESS 0 condorpool - 41
1645002829 individuals_ID0000034 POST_SCRIPT_TERMINATED 1936.0 condorpool - 16
1645002834 individuals_ID0000034 POST_SCRIPT_SUCCESS 0 condorpool - 16
1645002831 individuals_ID0000042 JOB_TERMINATED 1959.0 condorpool - 39
1645002834 individuals_ID0000042 JOB_SUCCESS 0 condorpool - 39
1645002834 individuals_ID0000042 POST_SCRIPT_STARTED 1959.0 condorpool - 39
1645002832 sifting_ID0000052 EXECUTE 1982.0 condorpool - 62
1645002834 individuals_ID0000042 POST_SCRIPT_TERMINATED 1959.0 condorpool - 39
1645002839 individuals_ID0000042 POST_SCRIPT_SUCCESS 0 condorpool - 39
1645002838 individuals_ID0000021 EXECUTE 1981.0 condorpool - 61
1645002839 sifting_ID0000052 JOB_TERMINATED 1982.0 condorpool - 62
1645002839 sifting_ID0000052 JOB_SUCCESS 0 condorpool - 62
1645002839 sifting_ID0000052 POST_SCRIPT_STARTED 1982.0 condorpool - 62
1645002840 sifting_ID0000052 POST_SCRIPT_TERMINATED 1982.0 condorpool - 62
1645002844 sifting_ID0000052 POST_SCRIPT_SUCCESS 0 condorpool - 62
1645002843 individuals_ID0000009 JOB_TERMINATED 1956.0 condorpool - 36
1645002844 individuals_ID0000009 JOB_SUCCESS 0 condorpool - 36
1645002844 individuals_ID0000009 POST_SCRIPT_STARTED 1956.0 condorpool - 36
1645002844 individuals_ID0000009 POST_SCRIPT_TERMINATED 1956.0 condorpool - 36
1645002849 individuals_ID0000009 POST_SCRIPT_SUCCESS 0 condorpool - 36
1645002856 individuals_ID0000011 JOB_TERMINATED 1965.0 condorpool - 45
1645002859 individuals_ID0000011 JOB_SUCCESS 0 condorpool - 45
1645002859 individuals_ID0000011 POST_SCRIPT_STARTED 1965.0 condorpool - 45
1645002859 individuals_ID0000011 POST_SCRIPT_TERMINATED 1965.0 condorpool - 45
1645002864 individuals_ID0000011 POST_SCRIPT_SUCCESS 0 condorpool - 45
1645002865 individuals_ID0000041 JOB_TERMINATED 1958.0 condorpool - 38
1645002869 individuals_ID0000041 JOB_SUCCESS 0 condorpool - 38
1645002869 individuals_ID0000041 POST_SCRIPT_STARTED 1958.0 condorpool - 38
1645002866 individuals_ID0000016 JOB_TERMINATED 1962.0 condorpool - 42
1645002869 individuals_ID0000016 JOB_SUCCESS 0 condorpool - 42
1645002869 individuals_ID0000016 POST_SCRIPT_STARTED 1962.0 condorpool - 42
1645002868 individuals_ID0000040 JOB_TERMINATED 1957.0 condorpool - 37
1645002869 individuals_ID0000040 JOB_SUCCESS 0 condorpool - 37
1645002869 individuals_ID0000040 POST_SCRIPT_STARTED 1957.0 condorpool - 37
1645002870 individuals_ID0000016 POST_SCRIPT_TERMINATED 1962.0 condorpool - 42
1645002874 individuals_ID0000016 POST_SCRIPT_SUCCESS 0 condorpool - 42
1645002870 individuals_ID0000041 POST_SCRIPT_TERMINATED 1958.0 condorpool - 38
1645002874 individuals_ID0000041 POST_SCRIPT_SUCCESS 0 condorpool - 38
1645002870 individuals_ID0000040 POST_SCRIPT_TERMINATED 1957.0 condorpool - 37
1645002874 individuals_ID0000040 POST_SCRIPT_SUCCESS 0 condorpool - 37
1645002879 individuals_ID0000018 JOB_TERMINATED 1964.0 condorpool - 44
1645002884 individuals_ID0000018 JOB_SUCCESS 0 condorpool - 44
1645002884 individuals_ID0000018 POST_SCRIPT_STARTED 1964.0 condorpool - 44
1645002880 individuals_ID0000043 JOB_TERMINATED 1960.0 condorpool - 40
1645002884 individuals_ID0000043 JOB_SUCCESS 0 condorpool - 40
1645002884 individuals_ID0000043 POST_SCRIPT_STARTED 1960.0 condorpool - 40
1645002880 individuals_ID0000013 JOB_TERMINATED 1967.0 condorpool - 47
1645002884 individuals_ID0000013 JOB_SUCCESS 0 condorpool - 47
1645002884 individuals_ID0000013 POST_SCRIPT_STARTED 1967.0 condorpool - 47
1645002884 individuals_ID0000018 POST_SCRIPT_TERMINATED 1964.0 condorpool - 44
1645002889 individuals_ID0000018 POST_SCRIPT_SUCCESS 0 condorpool - 44
1645002884 individuals_ID0000043 POST_SCRIPT_TERMINATED 1960.0 condorpool - 40
1645002889 individuals_ID0000043 POST_SCRIPT_SUCCESS 0 condorpool - 40
1645002884 individuals_ID0000013 POST_SCRIPT_TERMINATED 1967.0 condorpool - 47
1645002889 individuals_ID0000013 POST_SCRIPT_SUCCESS 0 condorpool - 47
1645002885 individuals_ID0000017 JOB_TERMINATED 1963.0 condorpool - 43
1645002889 individuals_ID0000017 JOB_SUCCESS 0 condorpool - 43
1645002889 individuals_ID0000017 POST_SCRIPT_STARTED 1963.0 condorpool - 43
1645002888 individuals_ID0000012 JOB_TERMINATED 1966.0 condorpool - 46
1645002889 individuals_ID0000012 JOB_SUCCESS 0 condorpool - 46
1645002889 individuals_ID0000012 POST_SCRIPT_STARTED 1966.0 condorpool - 46
1645002890 individuals_ID0000017 POST_SCRIPT_TERMINATED 1963.0 condorpool - 43
1645002894 individuals_ID0000017 POST_SCRIPT_SUCCESS 0 condorpool - 43
1645002890 individuals_ID0000012 POST_SCRIPT_TERMINATED 1966.0 condorpool - 46
1645002894 individuals_ID0000012 POST_SCRIPT_SUCCESS 0 condorpool - 46
1645002916 individuals_ID0000039 JOB_TERMINATED 1934.0 condorpool - 14
1645002919 individuals_ID0000039 JOB_SUCCESS 0 condorpool - 14
1645002919 individuals_ID0000039 POST_SCRIPT_STARTED 1934.0 condorpool - 14
1645002919 individuals_ID0000039 POST_SCRIPT_TERMINATED 1934.0 condorpool - 14
1645002924 individuals_ID0000039 POST_SCRIPT_SUCCESS 0 condorpool - 14
1645002923 individuals_ID0000037 JOB_TERMINATED 1932.0 condorpool - 12
1645002924 individuals_ID0000037 JOB_SUCCESS 0 condorpool - 12
1645002924 individuals_ID0000037 POST_SCRIPT_STARTED 1932.0 condorpool - 12
1645002924 individuals_ID0000037 POST_SCRIPT_TERMINATED 1932.0 condorpool - 12
1645002929 individuals_ID0000037 POST_SCRIPT_SUCCESS 0 condorpool - 12
1645002927 individuals_ID0000033 JOB_TERMINATED 1935.0 condorpool - 15
1645002929 individuals_ID0000033 JOB_SUCCESS 0 condorpool - 15
1645002929 individuals_ID0000033 POST_SCRIPT_STARTED 1935.0 condorpool - 15
1645002930 individuals_ID0000033 POST_SCRIPT_TERMINATED 1935.0 condorpool - 15
1645002934 individuals_ID0000033 POST_SCRIPT_SUCCESS 0 condorpool - 15
1645002931 individuals_ID0000038 JOB_TERMINATED 1933.0 condorpool - 13
1645002934 individuals_ID0000038 JOB_SUCCESS 0 condorpool - 13
1645002934 individuals_ID0000038 POST_SCRIPT_STARTED 1933.0 condorpool - 13
1645002934 individuals_ID0000038 POST_SCRIPT_TERMINATED 1933.0 condorpool - 13
1645002939 individuals_ID0000038 POST_SCRIPT_SUCCESS 0 condorpool - 13
1645003341 individuals_ID0000014 JOB_TERMINATED 1968.0 condorpool - 48
1645003344 individuals_ID0000014 JOB_SUCCESS 0 condorpool - 48
1645003344 individuals_ID0000014 POST_SCRIPT_STARTED 1968.0 condorpool - 48
1645003345 individuals_ID0000014 POST_SCRIPT_TERMINATED 1968.0 condorpool - 48
1645003349 individuals_ID0000014 POST_SCRIPT_SUCCESS 0 condorpool - 48
1645003637 individuals_ID0000019 JOB_TERMINATED 1969.0 condorpool - 49
1645003639 individuals_ID0000019 JOB_SUCCESS 0 condorpool - 49
1645003639 individuals_ID0000019 POST_SCRIPT_STARTED 1969.0 condorpool - 49
1645003639 individuals_ID0000019 POST_SCRIPT_TERMINATED 1969.0 condorpool - 49
1645003644 individuals_ID0000019 POST_SCRIPT_SUCCESS 0 condorpool - 49
1645003671 individuals_ID0000027 JOB_TERMINATED 1973.0 condorpool - 53
1645003674 individuals_ID0000027 JOB_SUCCESS 0 condorpool - 53
1645003674 individuals_ID0000027 POST_SCRIPT_STARTED 1973.0 condorpool - 53
1645003675 individuals_ID0000027 POST_SCRIPT_TERMINATED 1973.0 condorpool - 53
1645003679 individuals_ID0000027 POST_SCRIPT_SUCCESS 0 condorpool - 53
1645003675 individuals_ID0000029 JOB_TERMINATED 1975.0 condorpool - 55
1645003679 individuals_ID0000029 JOB_SUCCESS 0 condorpool - 55
1645003679 individuals_ID0000029 POST_SCRIPT_STARTED 1975.0 condorpool - 55
1645003679 individuals_ID0000029 POST_SCRIPT_TERMINATED 1975.0 condorpool - 55
1645003684 individuals_ID0000029 POST_SCRIPT_SUCCESS 0 condorpool - 55
1645003681 individuals_ID0000028 JOB_TERMINATED 1974.0 condorpool - 54
1645003684 individuals_ID0000028 JOB_SUCCESS 0 condorpool - 54
1645003684 individuals_ID0000028 POST_SCRIPT_STARTED 1974.0 condorpool - 54
1645003684 individuals_ID0000028 POST_SCRIPT_TERMINATED 1974.0 condorpool - 54
1645003689 individuals_ID0000028 POST_SCRIPT_SUCCESS 0 condorpool - 54
1645003705 individuals_ID0000020 JOB_TERMINATED 1980.0 condorpool - 60
1645003709 individuals_ID0000020 JOB_SUCCESS 0 condorpool - 60
1645003709 individuals_ID0000020 POST_SCRIPT_STARTED 1980.0 condorpool - 60
1645003710 individuals_ID0000020 POST_SCRIPT_TERMINATED 1980.0 condorpool - 60
1645003714 individuals_ID0000020 POST_SCRIPT_SUCCESS 0 condorpool - 60
1645003723 individuals_ID0000010 JOB_TERMINATED 1970.0 condorpool - 50
1645003724 individuals_ID0000010 JOB_SUCCESS 0 condorpool - 50
1645003724 individuals_ID0000010 POST_SCRIPT_STARTED 1970.0 condorpool - 50
1645003724 individuals_ID0000010 POST_SCRIPT_TERMINATED 1970.0 condorpool - 50
1645003729 individuals_ID0000010 POST_SCRIPT_SUCCESS 0 condorpool - 50
1645003727 individuals_ID0000050 JOB_TERMINATED 1971.0 condorpool - 51
1645003729 individuals_ID0000050 JOB_SUCCESS 0 condorpool - 51
1645003729 individuals_ID0000050 POST_SCRIPT_STARTED 1971.0 condorpool - 51
1645003729 individuals_ID0000050 POST_SCRIPT_TERMINATED 1971.0 condorpool - 51
1645003734 individuals_ID0000050 POST_SCRIPT_SUCCESS 0 condorpool - 51
1645003734 individuals_ID0000026 JOB_TERMINATED 1972.0 condorpool - 52
1645003734 individuals_ID0000026 JOB_SUCCESS 0 condorpool - 52
1645003734 individuals_ID0000026 POST_SCRIPT_STARTED 1972.0 condorpool - 52
1645003735 individuals_ID0000026 POST_SCRIPT_TERMINATED 1972.0 condorpool - 52
1645003739 individuals_ID0000026 POST_SCRIPT_SUCCESS 0 condorpool - 52
1645003749 individuals_ID0000021 JOB_TERMINATED 1981.0 condorpool - 61
1645003749 individuals_ID0000021 JOB_SUCCESS 0 condorpool - 61
1645003749 individuals_ID0000021 POST_SCRIPT_STARTED 1981.0 condorpool - 61
1645003749 individuals_ID0000021 POST_SCRIPT_TERMINATED 1981.0 condorpool - 61
1645003754 individuals_ID0000021 POST_SCRIPT_SUCCESS 0 condorpool - 61
1645003930 individuals_ID0000025 JOB_TERMINATED 1979.0 condorpool - 59
1645003934 individuals_ID0000025 JOB_SUCCESS 0 condorpool - 59
1645003934 individuals_ID0000025 POST_SCRIPT_STARTED 1979.0 condorpool - 59
1645003935 individuals_ID0000025 POST_SCRIPT_TERMINATED 1979.0 condorpool - 59
1645003939 individuals_ID0000025 POST_SCRIPT_SUCCESS 0 condorpool - 59
1645003935 individuals_ID0000024 JOB_TERMINATED 1978.0 condorpool - 58
1645003939 individuals_ID0000024 JOB_SUCCESS 0 condorpool - 58
1645003939 individuals_ID0000024 POST_SCRIPT_STARTED 1978.0 condorpool - 58
1645003936 individuals_ID0000023 JOB_TERMINATED 1977.0 condorpool - 57
1645003939 individuals_ID0000023 JOB_SUCCESS 0 condorpool - 57
1645003939 individuals_ID0000023 POST_SCRIPT_STARTED 1977.0 condorpool - 57
1645003937 individuals_ID0000022 JOB_TERMINATED 1976.0 condorpool - 56
1645003939 individuals_ID0000022 JOB_SUCCESS 0 condorpool - 56
1645003939 individuals_ID0000022 POST_SCRIPT_STARTED 1976.0 condorpool - 56
1645003939 individuals_ID0000023 POST_SCRIPT_TERMINATED 1977.0 condorpool - 57
1645003944 individuals_ID0000023 POST_SCRIPT_SUCCESS 0 condorpool - 57
1645003939 individuals_ID0000024 POST_SCRIPT_TERMINATED 1978.0 condorpool - 58
1645003944 individuals_ID0000024 POST_SCRIPT_SUCCESS 0 condorpool - 58
1645003939 individuals_ID0000022 POST_SCRIPT_TERMINATED 1976.0 condorpool - 56
1645003944 individuals_ID0000022 POST_SCRIPT_SUCCESS 0 condorpool - 56
1645003949 individuals_merge_ID0000051 SUBMIT 1983.0 condorpool - 63
1645003952 individuals_merge_ID0000051 EXECUTE 1983.0 condorpool - 63
1645008214 individuals_merge_ID0000051 JOB_TERMINATED 1983.0 condorpool - 63
1645008217 individuals_merge_ID0000051 JOB_SUCCESS 0 condorpool - 63
1645008217 individuals_merge_ID0000051 POST_SCRIPT_STARTED 1983.0 condorpool - 63
1645008217 individuals_merge_ID0000051 POST_SCRIPT_TERMINATED 1983.0 condorpool - 63
1645008222 individuals_merge_ID0000051 POST_SCRIPT_SUCCESS 0 condorpool - 63
1645008227 frequency_ID0000060 SUBMIT 1984.0 condorpool - 64
1645008227 frequency_ID0000062 SUBMIT 1985.0 condorpool - 65
1645008227 mutation_overlap_ID0000053 SUBMIT 1986.0 condorpool - 66
1645008227 frequency_ID0000058 SUBMIT 1987.0 condorpool - 67
1645008227 mutation_overlap_ID0000063 SUBMIT 1988.0 condorpool - 68
1645008229 frequency_ID0000060 EXECUTE 1984.0 condorpool - 64
1645008229 frequency_ID0000062 EXECUTE 1985.0 condorpool - 65
1645008232 mutation_overlap_ID0000055 SUBMIT 1989.0 condorpool - 69
1645008232 mutation_overlap_ID0000065 SUBMIT 1990.0 condorpool - 70
1645008232 frequency_ID0000064 SUBMIT 1991.0 condorpool - 71
1645008232 frequency_ID0000054 SUBMIT 1992.0 condorpool - 72
1645008233 frequency_ID0000066 SUBMIT 1993.0 condorpool - 73
1645008238 frequency_ID0000056 SUBMIT 1994.0 condorpool - 74
1645008238 mutation_overlap_ID0000061 SUBMIT 1995.0 condorpool - 75
1645008238 mutation_overlap_ID0000057 SUBMIT 1996.0 condorpool - 76
1645008238 mutation_overlap_ID0000059 SUBMIT 1997.0 condorpool - 77
1645008249 mutation_overlap_ID0000053 EXECUTE 1986.0 condorpool - 66
1645008249 frequency_ID0000058 EXECUTE 1987.0 condorpool - 67
1645008249 mutation_overlap_ID0000055 EXECUTE 1989.0 condorpool - 69
1645008250 mutation_overlap_ID0000059 EXECUTE 1997.0 condorpool - 77
1645008250 mutation_overlap_ID0000057 EXECUTE 1996.0 condorpool - 76
1645008250 frequency_ID0000064 EXECUTE 1991.0 condorpool - 71
1645008250 mutation_overlap_ID0000065 EXECUTE 1990.0 condorpool - 70
1645008250 mutation_overlap_ID0000063 EXECUTE 1988.0 condorpool - 68
1645008250 frequency_ID0000066 EXECUTE 1993.0 condorpool - 73
1645008250 mutation_overlap_ID0000061 EXECUTE 1995.0 condorpool - 75
1645008250 frequency_ID0000054 EXECUTE 1992.0 condorpool - 72
1645008250 frequency_ID0000056 EXECUTE 1994.0 condorpool - 74
1645008451 mutation_overlap_ID0000065 JOB_TERMINATED 1990.0 condorpool - 70
1645008453 mutation_overlap_ID0000065 JOB_SUCCESS 0 condorpool - 70
1645008453 mutation_overlap_ID0000065 POST_SCRIPT_STARTED 1990.0 condorpool - 70
1645008453 mutation_overlap_ID0000065 POST_SCRIPT_TERMINATED 1990.0 condorpool - 70
1645008458 mutation_overlap_ID0000065 POST_SCRIPT_SUCCESS 0 condorpool - 70
1645008454 mutation_overlap_ID0000059 JOB_TERMINATED 1997.0 condorpool - 77
1645008458 mutation_overlap_ID0000059 JOB_SUCCESS 0 condorpool - 77
1645008458 mutation_overlap_ID0000059 POST_SCRIPT_STARTED 1997.0 condorpool - 77
1645008454 mutation_overlap_ID0000063 JOB_TERMINATED 1988.0 condorpool - 68
1645008458 mutation_overlap_ID0000063 JOB_SUCCESS 0 condorpool - 68
1645008458 mutation_overlap_ID0000063 POST_SCRIPT_STARTED 1988.0 condorpool - 68
1645008457 mutation_overlap_ID0000061 JOB_TERMINATED 1995.0 condorpool - 75
1645008458 mutation_overlap_ID0000061 JOB_SUCCESS 0 condorpool - 75
1645008458 mutation_overlap_ID0000061 POST_SCRIPT_STARTED 1995.0 condorpool - 75
1645008457 mutation_overlap_ID0000055 JOB_TERMINATED 1989.0 condorpool - 69
1645008458 mutation_overlap_ID0000055 JOB_SUCCESS 0 condorpool - 69
1645008458 mutation_overlap_ID0000055 POST_SCRIPT_STARTED 1989.0 condorpool - 69
1645008458 mutation_overlap_ID0000059 POST_SCRIPT_TERMINATED 1997.0 condorpool - 77
1645008463 mutation_overlap_ID0000059 POST_SCRIPT_SUCCESS 0 condorpool - 77
1645008458 mutation_overlap_ID0000055 POST_SCRIPT_TERMINATED 1989.0 condorpool - 69
1645008463 mutation_overlap_ID0000055 POST_SCRIPT_SUCCESS 0 condorpool - 69
1645008458 mutation_overlap_ID0000063 POST_SCRIPT_TERMINATED 1988.0 condorpool - 68
1645008463 mutation_overlap_ID0000063 POST_SCRIPT_SUCCESS 0 condorpool - 68
1645008458 mutation_overlap_ID0000061 POST_SCRIPT_TERMINATED 1995.0 condorpool - 75
1645008463 mutation_overlap_ID0000061 POST_SCRIPT_SUCCESS 0 condorpool - 75
1645008461 mutation_overlap_ID0000053 JOB_TERMINATED 1986.0 condorpool - 66
1645008463 mutation_overlap_ID0000053 JOB_SUCCESS 0 condorpool - 66
1645008463 mutation_overlap_ID0000053 POST_SCRIPT_STARTED 1986.0 condorpool - 66
1645008464 mutation_overlap_ID0000053 POST_SCRIPT_TERMINATED 1986.0 condorpool - 66
1645008468 mutation_overlap_ID0000053 POST_SCRIPT_SUCCESS 0 condorpool - 66
1645008522 mutation_overlap_ID0000057 JOB_TERMINATED 1996.0 condorpool - 76
1645008523 mutation_overlap_ID0000057 JOB_SUCCESS 0 condorpool - 76
1645008523 mutation_overlap_ID0000057 POST_SCRIPT_STARTED 1996.0 condorpool - 76
1645008523 mutation_overlap_ID0000057 POST_SCRIPT_TERMINATED 1996.0 condorpool - 76
1645008528 mutation_overlap_ID0000057 POST_SCRIPT_SUCCESS 0 condorpool - 76
1645009007 frequency_ID0000064 JOB_TERMINATED 1991.0 condorpool - 71
1645009008 frequency_ID0000064 JOB_SUCCESS 0 condorpool - 71
1645009008 frequency_ID0000064 POST_SCRIPT_STARTED 1991.0 condorpool - 71
1645009009 frequency_ID0000064 POST_SCRIPT_TERMINATED 1991.0 condorpool - 71
1645009013 frequency_ID0000064 POST_SCRIPT_SUCCESS 0 condorpool - 71
1645009066 frequency_ID0000066 JOB_TERMINATED 1993.0 condorpool - 73
1645009068 frequency_ID0000066 JOB_SUCCESS 0 condorpool - 73
1645009068 frequency_ID0000066 POST_SCRIPT_STARTED 1993.0 condorpool - 73
1645009068 frequency_ID0000066 POST_SCRIPT_TERMINATED 1993.0 condorpool - 73
1645009073 frequency_ID0000066 POST_SCRIPT_SUCCESS 0 condorpool - 73
1645009069 frequency_ID0000060 JOB_TERMINATED 1984.0 condorpool - 64
1645009073 frequency_ID0000060 JOB_SUCCESS 0 condorpool - 64
1645009073 frequency_ID0000060 POST_SCRIPT_STARTED 1984.0 condorpool - 64
1645009074 frequency_ID0000060 POST_SCRIPT_TERMINATED 1984.0 condorpool - 64
1645009078 frequency_ID0000060 POST_SCRIPT_SUCCESS 0 condorpool - 64
1645009138 frequency_ID0000062 JOB_TERMINATED 1985.0 condorpool - 65
1645009143 frequency_ID0000062 JOB_SUCCESS 0 condorpool - 65
1645009143 frequency_ID0000062 POST_SCRIPT_STARTED 1985.0 condorpool - 65
1645009143 frequency_ID0000062 POST_SCRIPT_TERMINATED 1985.0 condorpool - 65
1645009148 frequency_ID0000062 POST_SCRIPT_SUCCESS 0 condorpool - 65
1645009162 frequency_ID0000056 JOB_TERMINATED 1994.0 condorpool - 74
1645009163 frequency_ID0000056 JOB_SUCCESS 0 condorpool - 74
1645009163 frequency_ID0000056 POST_SCRIPT_STARTED 1994.0 condorpool - 74
1645009164 frequency_ID0000056 POST_SCRIPT_TERMINATED 1994.0 condorpool - 74
1645009168 frequency_ID0000056 POST_SCRIPT_SUCCESS 0 condorpool - 74
1645009196 frequency_ID0000058 JOB_TERMINATED 1987.0 condorpool - 67
1645009198 frequency_ID0000058 JOB_SUCCESS 0 condorpool - 67
1645009198 frequency_ID0000058 POST_SCRIPT_STARTED 1987.0 condorpool - 67
1645009198 frequency_ID0000058 POST_SCRIPT_TERMINATED 1987.0 condorpool - 67
1645009203 frequency_ID0000058 POST_SCRIPT_SUCCESS 0 condorpool - 67
1645009208 stage_out_local_local_2_1 SUBMIT 1998.0 local - 78
1645009208 stage_out_local_local_2_1 EXECUTE 1998.0 local - 78
1645009213 stage_out_local_local_2_1 JOB_TERMINATED 1998.0 local - 78
1645009213 stage_out_local_local_2_1 JOB_SUCCESS 0 local - 78
1645009213 stage_out_local_local_2_1 POST_SCRIPT_STARTED 1998.0 local - 78
1645009214 stage_out_local_local_2_1 POST_SCRIPT_TERMINATED 1998.0 local - 78
1645009218 stage_out_local_local_2_1 POST_SCRIPT_SUCCESS 0 local - 78
1645009260 frequency_ID0000054 JOB_TERMINATED 1992.0 condorpool - 72
1645009263 frequency_ID0000054 JOB_SUCCESS 0 condorpool - 72
1645009263 frequency_ID0000054 POST_SCRIPT_STARTED 1992.0 condorpool - 72
1645009263 frequency_ID0000054 POST_SCRIPT_TERMINATED 1992.0 condorpool - 72
1645009268 frequency_ID0000054 POST_SCRIPT_SUCCESS 0 condorpool - 72
1645009273 stage_out_local_local_2_0 SUBMIT 1999.0 local - 79
1645009273 stage_out_local_local_2_0 EXECUTE 1999.0 local - 79
1645009277 stage_out_local_local_2_0 JOB_TERMINATED 1999.0 local - 79
1645009278 stage_out_local_local_2_0 JOB_SUCCESS 0 local - 79
1645009278 stage_out_local_local_2_0 POST_SCRIPT_STARTED 1999.0 local - 79
1645009278 stage_out_local_local_2_0 POST_SCRIPT_TERMINATED 1999.0 local - 79
1645009283 stage_out_local_local_2_0 POST_SCRIPT_SUCCESS 0 local - 79
1645009288 cleanup_1000-genome_0_local SUBMIT 2000.0 local - 80
1645009288 cleanup_1000-genome_0_local EXECUTE 2000.0 local - 80
1645009291 cleanup_1000-genome_0_local JOB_TERMINATED 2000.0 local - 80
1645009293 cleanup_1000-genome_0_local JOB_SUCCESS 0 local - 80
1645009293 cleanup_1000-genome_0_local POST_SCRIPT_STARTED 2000.0 local - 80
1645009294 cleanup_1000-genome_0_local POST_SCRIPT_TERMINATED 2000.0 local - 80
1645009298 cleanup_1000-genome_0_local POST_SCRIPT_SUCCESS 0 local - 80
1645009298 INTERNAL *** DAGMAN_FINISHED 0 ***
1645009299 INTERNAL *** MONITORD_FINISHED 0 ***
