1644534796 INTERNAL *** MONITORD_STARTED ***
1644534794 INTERNAL *** DAGMAN_STARTED 1965.0 ***
1644534798 create_dir_1000-genome_0_local SUBMIT 1966.0 local - 1
1644534799 create_dir_1000-genome_0_local EXECUTE 1966.0 local - 1
1644534801 create_dir_1000-genome_0_local JOB_TERMINATED 1966.0 local - 1
1644534803 create_dir_1000-genome_0_local JOB_SUCCESS 0 local - 1
1644534803 create_dir_1000-genome_0_local POST_SCRIPT_STARTED 1966.0 local - 1
1644534803 create_dir_1000-genome_0_local POST_SCRIPT_TERMINATED 1966.0 local - 1
1644534808 create_dir_1000-genome_0_local POST_SCRIPT_SUCCESS 0 local - 1
1644534813 stage_in_remote_local_2_0 SUBMIT 1967.0 local - 2
1644534813 stage_in_remote_local_2_0 EXECUTE 1967.0 local - 2
1644534813 stage_in_remote_local_1_0 SUBMIT 1968.0 local - 3
1644534813 stage_in_remote_local_0_0 SUBMIT 1969.0 local - 4
1644534813 stage_in_local_local_0_0 SUBMIT 1970.0 local - 5
1644534813 stage_in_local_local_2_0 SUBMIT 1971.0 local - 6
1644534816 stage_in_remote_local_2_0 JOB_TERMINATED 1967.0 local - 2
1644534819 stage_in_remote_local_2_0 JOB_SUCCESS 0 local - 2
1644534819 stage_in_remote_local_2_0 POST_SCRIPT_STARTED 1967.0 local - 2
1644534816 stage_in_local_local_2_0 EXECUTE 1971.0 local - 6
1644534816 stage_in_local_local_0_0 EXECUTE 1970.0 local - 5
1644534816 stage_in_remote_local_0_0 EXECUTE 1969.0 local - 4
1644534816 stage_in_remote_local_1_0 EXECUTE 1968.0 local - 3
1644534818 stage_in_remote_local_1_0 JOB_TERMINATED 1968.0 local - 3
1644534819 stage_in_remote_local_1_0 JOB_SUCCESS 0 local - 3
1644534819 stage_in_remote_local_1_0 POST_SCRIPT_STARTED 1968.0 local - 3
1644534818 stage_in_local_local_0_0 JOB_TERMINATED 1970.0 local - 5
1644534819 stage_in_local_local_0_0 JOB_SUCCESS 0 local - 5
1644534819 stage_in_local_local_0_0 POST_SCRIPT_STARTED 1970.0 local - 5
1644534818 stage_in_remote_local_0_0 JOB_TERMINATED 1969.0 local - 4
1644534819 stage_in_remote_local_0_0 JOB_SUCCESS 0 local - 4
1644534819 stage_in_remote_local_0_0 POST_SCRIPT_STARTED 1969.0 local - 4
1644534818 stage_in_remote_local_0_1 SUBMIT 1972.0 local - 7
1644534818 stage_in_remote_local_0_1 EXECUTE 1972.0 local - 7
1644534818 stage_in_local_local_0_1 SUBMIT 1973.0 local - 8
1644534819 stage_in_local_local_0_1 EXECUTE 1973.0 local - 8
1644534819 stage_in_local_local_2_1 SUBMIT 1974.0 local - 9
1644534819 stage_in_remote_local_2_1 SUBMIT 1975.0 local - 10
1644534819 stage_in_local_local_0_2 SUBMIT 1976.0 local - 11
1644534819 stage_in_remote_local_2_0 POST_SCRIPT_TERMINATED 1967.0 local - 2
1644534824 stage_in_remote_local_2_0 POST_SCRIPT_SUCCESS 0 local - 2
1644534819 stage_in_remote_local_0_0 POST_SCRIPT_TERMINATED 1969.0 local - 4
1644534824 stage_in_remote_local_0_0 POST_SCRIPT_SUCCESS 0 local - 4
1644534819 stage_in_remote_local_1_0 POST_SCRIPT_TERMINATED 1968.0 local - 3
1644534824 stage_in_remote_local_1_0 POST_SCRIPT_SUCCESS 0 local - 3
1644534819 stage_in_local_local_0_0 POST_SCRIPT_TERMINATED 1970.0 local - 5
1644534824 stage_in_local_local_0_0 POST_SCRIPT_SUCCESS 0 local - 5
1644534820 stage_in_local_local_2_0 JOB_TERMINATED 1971.0 local - 6
1644534824 stage_in_local_local_2_0 JOB_SUCCESS 0 local - 6
1644534824 stage_in_local_local_2_0 POST_SCRIPT_STARTED 1971.0 local - 6
1644534820 stage_in_local_local_0_2 EXECUTE 1976.0 local - 11
1644534820 stage_in_remote_local_2_1 EXECUTE 1975.0 local - 10
1644534820 stage_in_local_local_2_1 EXECUTE 1974.0 local - 9
1644534821 stage_in_remote_local_0_1 JOB_TERMINATED 1972.0 local - 7
1644534824 stage_in_remote_local_0_1 JOB_SUCCESS 0 local - 7
1644534824 stage_in_remote_local_0_1 POST_SCRIPT_STARTED 1972.0 local - 7
1644534821 stage_in_local_local_0_1 JOB_TERMINATED 1973.0 local - 8
1644534824 stage_in_local_local_0_1 JOB_SUCCESS 0 local - 8
1644534824 stage_in_local_local_0_1 POST_SCRIPT_STARTED 1973.0 local - 8
1644534822 stage_in_remote_local_2_1 JOB_TERMINATED 1975.0 local - 10
1644534824 stage_in_remote_local_2_1 JOB_SUCCESS 0 local - 10
1644534824 stage_in_remote_local_2_1 POST_SCRIPT_STARTED 1975.0 local - 10
1644534822 stage_in_local_local_0_2 JOB_TERMINATED 1976.0 local - 11
1644534824 stage_in_local_local_0_2 JOB_SUCCESS 0 local - 11
1644534824 stage_in_local_local_0_2 POST_SCRIPT_STARTED 1976.0 local - 11
1644534824 stage_in_local_local_2_1 JOB_TERMINATED 1974.0 local - 9
1644534829 stage_in_local_local_2_1 JOB_SUCCESS 0 local - 9
1644534829 stage_in_local_local_2_1 POST_SCRIPT_STARTED 1974.0 local - 9
1644534824 stage_in_remote_local_2_1 POST_SCRIPT_TERMINATED 1975.0 local - 10
1644534829 stage_in_remote_local_2_1 POST_SCRIPT_SUCCESS 0 local - 10
1644534824 stage_in_local_local_0_2 POST_SCRIPT_TERMINATED 1976.0 local - 11
1644534829 stage_in_local_local_0_2 POST_SCRIPT_SUCCESS 0 local - 11
1644534824 stage_in_local_local_2_0 POST_SCRIPT_TERMINATED 1971.0 local - 6
1644534829 stage_in_local_local_2_0 POST_SCRIPT_SUCCESS 0 local - 6
1644534824 stage_in_local_local_0_1 POST_SCRIPT_TERMINATED 1973.0 local - 8
1644534829 stage_in_local_local_0_1 POST_SCRIPT_SUCCESS 0 local - 8
1644534824 stage_in_remote_local_0_1 POST_SCRIPT_TERMINATED 1972.0 local - 7
1644534829 stage_in_remote_local_0_1 POST_SCRIPT_SUCCESS 0 local - 7
1644534829 stage_in_local_local_2_1 POST_SCRIPT_TERMINATED 1974.0 local - 9
1644534835 stage_in_local_local_2_1 POST_SCRIPT_SUCCESS 0 local - 9
1644534834 individuals_ID0000015 SUBMIT 1977.0 condorpool - 12
1644534834 individuals_ID0000016 SUBMIT 1978.0 condorpool - 13
1644534835 individuals_ID0000017 SUBMIT 1979.0 condorpool - 14
1644534835 individuals_ID0000018 SUBMIT 1980.0 condorpool - 15
1644534835 individuals_ID0000011 SUBMIT 1981.0 condorpool - 16
1644534840 individuals_ID0000012 SUBMIT 1982.0 condorpool - 17
1644534840 individuals_ID0000013 SUBMIT 1983.0 condorpool - 18
1644534840 individuals_ID0000014 SUBMIT 1984.0 condorpool - 19
1644534840 individuals_ID0000019 SUBMIT 1985.0 condorpool - 20
1644534840 individuals_ID0000010 SUBMIT 1986.0 condorpool - 21
1644534845 individuals_ID0000004 SUBMIT 1987.0 condorpool - 22
1644534845 individuals_ID0000005 SUBMIT 1988.0 condorpool - 23
1644534845 individuals_ID0000006 SUBMIT 1989.0 condorpool - 24
1644534845 individuals_ID0000007 SUBMIT 1990.0 condorpool - 25
1644534845 individuals_ID0000022 SUBMIT 1991.0 condorpool - 26
1644534850 individuals_ID0000001 SUBMIT 1992.0 condorpool - 27
1644534850 individuals_ID0000023 SUBMIT 1993.0 condorpool - 28
1644534850 individuals_ID0000002 SUBMIT 1994.0 condorpool - 29
1644534850 individuals_ID0000024 SUBMIT 1995.0 condorpool - 30
1644534850 individuals_ID0000003 SUBMIT 1996.0 condorpool - 31
1644534855 individuals_ID0000025 SUBMIT 1997.0 condorpool - 32
1644534855 individuals_ID0000008 SUBMIT 1998.0 condorpool - 33
1644534855 individuals_ID0000009 SUBMIT 1999.0 condorpool - 34
1644534855 individuals_ID0000020 SUBMIT 2000.0 condorpool - 35
1644534855 individuals_ID0000021 SUBMIT 2001.0 condorpool - 36
1644534861 sifting_ID0000027 SUBMIT 2002.0 condorpool - 37
1644534881 individuals_ID0000012 EXECUTE 1982.0 condorpool - 17
1644534881 individuals_ID0000014 EXECUTE 1984.0 condorpool - 19
1644534881 individuals_ID0000006 EXECUTE 1989.0 condorpool - 24
1644534881 individuals_ID0000007 EXECUTE 1990.0 condorpool - 25
1644534881 individuals_ID0000001 EXECUTE 1992.0 condorpool - 27
1644534881 individuals_ID0000011 EXECUTE 1981.0 condorpool - 16
1644534882 individuals_ID0000016 EXECUTE 1978.0 condorpool - 13
1644534884 individuals_ID0000005 EXECUTE 1988.0 condorpool - 23
1644534893 individuals_ID0000002 EXECUTE 1994.0 condorpool - 29
1644534899 individuals_ID0000010 EXECUTE 1986.0 condorpool - 21
1644534900 individuals_ID0000004 EXECUTE 1987.0 condorpool - 22
1644534911 individuals_ID0000019 EXECUTE 1985.0 condorpool - 20
1644534915 individuals_ID0000022 EXECUTE 1991.0 condorpool - 26
1644534925 individuals_ID0000017 EXECUTE 1979.0 condorpool - 14
1644534930 individuals_ID0000023 EXECUTE 1993.0 condorpool - 28
1644534937 individuals_ID0000018 EXECUTE 1980.0 condorpool - 15
1644534938 sifting_ID0000027 EXECUTE 2002.0 condorpool - 37
1644534940 individuals_ID0000024 EXECUTE 1995.0 condorpool - 30
1644534941 sifting_ID0000027 JOB_TERMINATED 2002.0 condorpool - 37
1644534946 sifting_ID0000027 JOB_SUCCESS 0 condorpool - 37
1644534946 sifting_ID0000027 POST_SCRIPT_STARTED 2002.0 condorpool - 37
1644534942 individuals_ID0000003 EXECUTE 1996.0 condorpool - 31
1644534942 individuals_ID0000009 EXECUTE 1999.0 condorpool - 34
1644534943 individuals_ID0000013 EXECUTE 1983.0 condorpool - 18
1644534945 individuals_ID0000015 EXECUTE 1977.0 condorpool - 12
1644534946 sifting_ID0000027 POST_SCRIPT_TERMINATED 2002.0 condorpool - 37
1644534951 sifting_ID0000027 POST_SCRIPT_SUCCESS 0 condorpool - 37
1644534946 individuals_ID0000008 EXECUTE 1998.0 condorpool - 33
1644534951 individuals_ID0000020 EXECUTE 2000.0 condorpool - 35
1644534956 individuals_ID0000025 EXECUTE 1997.0 condorpool - 32
1644534961 individuals_ID0000021 EXECUTE 2001.0 condorpool - 36
1644536434 individuals_ID0000001 JOB_TERMINATED 1992.0 condorpool - 27
1644536437 individuals_ID0000001 JOB_SUCCESS 0 condorpool - 27
1644536437 individuals_ID0000001 POST_SCRIPT_STARTED 1992.0 condorpool - 27
1644536437 individuals_ID0000001 POST_SCRIPT_TERMINATED 1992.0 condorpool - 27
1644536442 individuals_ID0000001 POST_SCRIPT_SUCCESS 0 condorpool - 27
1644536667 individuals_ID0000021 JOB_TERMINATED 2001.0 condorpool - 36
1644536668 individuals_ID0000021 JOB_SUCCESS 0 condorpool - 36
1644536668 individuals_ID0000021 POST_SCRIPT_STARTED 2001.0 condorpool - 36
1644536668 individuals_ID0000021 POST_SCRIPT_TERMINATED 2001.0 condorpool - 36
1644536673 individuals_ID0000021 POST_SCRIPT_SUCCESS 0 condorpool - 36
1644536782 individuals_ID0000007 JOB_TERMINATED 1990.0 condorpool - 25
1644536783 individuals_ID0000007 JOB_SUCCESS 0 condorpool - 25
1644536783 individuals_ID0000007 POST_SCRIPT_STARTED 1990.0 condorpool - 25
1644536783 individuals_ID0000007 POST_SCRIPT_TERMINATED 1990.0 condorpool - 25
1644536788 individuals_ID0000007 POST_SCRIPT_SUCCESS 0 condorpool - 25
1644536786 individuals_ID0000006 JOB_TERMINATED 1989.0 condorpool - 24
1644536788 individuals_ID0000006 JOB_SUCCESS 0 condorpool - 24
1644536788 individuals_ID0000006 POST_SCRIPT_STARTED 1989.0 condorpool - 24
1644536789 individuals_ID0000006 POST_SCRIPT_TERMINATED 1989.0 condorpool - 24
1644536793 individuals_ID0000006 POST_SCRIPT_SUCCESS 0 condorpool - 24
1644536815 individuals_ID0000022 JOB_TERMINATED 1991.0 condorpool - 26
1644536818 individuals_ID0000022 JOB_SUCCESS 0 condorpool - 26
1644536818 individuals_ID0000022 POST_SCRIPT_STARTED 1991.0 condorpool - 26
1644536818 individuals_ID0000022 POST_SCRIPT_TERMINATED 1991.0 condorpool - 26
1644536823 individuals_ID0000022 POST_SCRIPT_SUCCESS 0 condorpool - 26
1644536834 individuals_ID0000016 JOB_TERMINATED 1978.0 condorpool - 13
1644536838 individuals_ID0000016 JOB_SUCCESS 0 condorpool - 13
1644536838 individuals_ID0000016 POST_SCRIPT_STARTED 1978.0 condorpool - 13
1644536839 individuals_ID0000016 POST_SCRIPT_TERMINATED 1978.0 condorpool - 13
1644536843 individuals_ID0000016 POST_SCRIPT_SUCCESS 0 condorpool - 13
1644536856 individuals_ID0000012 JOB_TERMINATED 1982.0 condorpool - 17
1644536858 individuals_ID0000012 JOB_SUCCESS 0 condorpool - 17
1644536858 individuals_ID0000012 POST_SCRIPT_STARTED 1982.0 condorpool - 17
1644536858 individuals_ID0000012 POST_SCRIPT_TERMINATED 1982.0 condorpool - 17
1644536863 individuals_ID0000012 POST_SCRIPT_SUCCESS 0 condorpool - 17
1644536866 individuals_ID0000013 JOB_TERMINATED 1983.0 condorpool - 18
1644536868 individuals_ID0000013 JOB_SUCCESS 0 condorpool - 18
1644536868 individuals_ID0000013 POST_SCRIPT_STARTED 1983.0 condorpool - 18
1644536868 individuals_ID0000014 JOB_TERMINATED 1984.0 condorpool - 19
1644536873 individuals_ID0000014 JOB_SUCCESS 0 condorpool - 19
1644536873 individuals_ID0000014 POST_SCRIPT_STARTED 1984.0 condorpool - 19
1644536868 individuals_ID0000013 POST_SCRIPT_TERMINATED 1983.0 condorpool - 18
1644536873 individuals_ID0000013 POST_SCRIPT_SUCCESS 0 condorpool - 18
1644536874 individuals_ID0000014 POST_SCRIPT_TERMINATED 1984.0 condorpool - 19
1644536878 individuals_ID0000014 POST_SCRIPT_SUCCESS 0 condorpool - 19
1644536879 individuals_ID0000011 JOB_TERMINATED 1981.0 condorpool - 16
1644536883 individuals_ID0000011 JOB_SUCCESS 0 condorpool - 16
1644536883 individuals_ID0000011 POST_SCRIPT_STARTED 1981.0 condorpool - 16
1644536883 individuals_ID0000011 POST_SCRIPT_TERMINATED 1981.0 condorpool - 16
1644536888 individuals_ID0000011 POST_SCRIPT_SUCCESS 0 condorpool - 16
1644536888 individuals_ID0000015 JOB_TERMINATED 1977.0 condorpool - 12
1644536888 individuals_ID0000015 JOB_SUCCESS 0 condorpool - 12
1644536888 individuals_ID0000015 POST_SCRIPT_STARTED 1977.0 condorpool - 12
1644536888 individuals_ID0000015 POST_SCRIPT_TERMINATED 1977.0 condorpool - 12
1644536893 individuals_ID0000015 POST_SCRIPT_SUCCESS 0 condorpool - 12
1644536889 individuals_ID0000017 JOB_TERMINATED 1979.0 condorpool - 14
1644536893 individuals_ID0000017 JOB_SUCCESS 0 condorpool - 14
1644536893 individuals_ID0000017 POST_SCRIPT_STARTED 1979.0 condorpool - 14
1644536893 individuals_ID0000018 JOB_TERMINATED 1980.0 condorpool - 15
1644536893 individuals_ID0000018 JOB_SUCCESS 0 condorpool - 15
1644536893 individuals_ID0000018 POST_SCRIPT_STARTED 1980.0 condorpool - 15
1644536894 individuals_ID0000017 POST_SCRIPT_TERMINATED 1979.0 condorpool - 14
1644536898 individuals_ID0000017 POST_SCRIPT_SUCCESS 0 condorpool - 14
1644536894 individuals_ID0000018 POST_SCRIPT_TERMINATED 1980.0 condorpool - 15
1644536898 individuals_ID0000018 POST_SCRIPT_SUCCESS 0 condorpool - 15
1644536944 individuals_ID0000009 JOB_TERMINATED 1999.0 condorpool - 34
1644536948 individuals_ID0000009 JOB_SUCCESS 0 condorpool - 34
1644536948 individuals_ID0000009 POST_SCRIPT_STARTED 1999.0 condorpool - 34
1644536948 individuals_ID0000009 POST_SCRIPT_TERMINATED 1999.0 condorpool - 34
1644536953 individuals_ID0000009 POST_SCRIPT_SUCCESS 0 condorpool - 34
1644536950 individuals_ID0000008 JOB_TERMINATED 1998.0 condorpool - 33
1644536953 individuals_ID0000008 JOB_SUCCESS 0 condorpool - 33
1644536953 individuals_ID0000008 POST_SCRIPT_STARTED 1998.0 condorpool - 33
1644536953 individuals_ID0000025 JOB_TERMINATED 1997.0 condorpool - 32
1644536953 individuals_ID0000025 JOB_SUCCESS 0 condorpool - 32
1644536953 individuals_ID0000025 POST_SCRIPT_STARTED 1997.0 condorpool - 32
1644536953 individuals_ID0000008 POST_SCRIPT_TERMINATED 1998.0 condorpool - 33
1644536958 individuals_ID0000008 POST_SCRIPT_SUCCESS 0 condorpool - 33
1644536953 individuals_ID0000025 POST_SCRIPT_TERMINATED 1997.0 condorpool - 32
1644536958 individuals_ID0000025 POST_SCRIPT_SUCCESS 0 condorpool - 32
1644536954 individuals_ID0000020 JOB_TERMINATED 2000.0 condorpool - 35
1644536958 individuals_ID0000020 JOB_SUCCESS 0 condorpool - 35
1644536958 individuals_ID0000020 POST_SCRIPT_STARTED 2000.0 condorpool - 35
1644536954 individuals_ID0000002 JOB_TERMINATED 1994.0 condorpool - 29
1644536958 individuals_ID0000002 JOB_SUCCESS 0 condorpool - 29
1644536958 individuals_ID0000002 POST_SCRIPT_STARTED 1994.0 condorpool - 29
1644536959 individuals_ID0000002 POST_SCRIPT_TERMINATED 1994.0 condorpool - 29
1644536963 individuals_ID0000002 POST_SCRIPT_SUCCESS 0 condorpool - 29
1644536959 individuals_ID0000020 POST_SCRIPT_TERMINATED 2000.0 condorpool - 35
1644536963 individuals_ID0000020 POST_SCRIPT_SUCCESS 0 condorpool - 35
1644536990 individuals_ID0000023 JOB_TERMINATED 1993.0 condorpool - 28
1644536993 individuals_ID0000023 JOB_SUCCESS 0 condorpool - 28
1644536993 individuals_ID0000023 POST_SCRIPT_STARTED 1993.0 condorpool - 28
1644536993 individuals_ID0000023 POST_SCRIPT_TERMINATED 1993.0 condorpool - 28
1644536998 individuals_ID0000023 POST_SCRIPT_SUCCESS 0 condorpool - 28
1644536997 individuals_ID0000003 JOB_TERMINATED 1996.0 condorpool - 31
1644536998 individuals_ID0000003 JOB_SUCCESS 0 condorpool - 31
1644536998 individuals_ID0000003 POST_SCRIPT_STARTED 1996.0 condorpool - 31
1644536998 individuals_ID0000024 JOB_TERMINATED 1995.0 condorpool - 30
1644536998 individuals_ID0000024 JOB_SUCCESS 0 condorpool - 30
1644536998 individuals_ID0000024 POST_SCRIPT_STARTED 1995.0 condorpool - 30
1644536998 individuals_ID0000003 POST_SCRIPT_TERMINATED 1996.0 condorpool - 31
1644537003 individuals_ID0000003 POST_SCRIPT_SUCCESS 0 condorpool - 31
1644536998 individuals_ID0000024 POST_SCRIPT_TERMINATED 1995.0 condorpool - 30
1644537003 individuals_ID0000024 POST_SCRIPT_SUCCESS 0 condorpool - 30
1644537304 individuals_ID0000005 JOB_TERMINATED 1988.0 condorpool - 23
1644537308 individuals_ID0000005 JOB_SUCCESS 0 condorpool - 23
1644537308 individuals_ID0000005 POST_SCRIPT_STARTED 1988.0 condorpool - 23
1644537304 individuals_ID0000004 JOB_TERMINATED 1987.0 condorpool - 22
1644537308 individuals_ID0000004 JOB_SUCCESS 0 condorpool - 22
1644537308 individuals_ID0000004 POST_SCRIPT_STARTED 1987.0 condorpool - 22
1644537308 individuals_ID0000005 POST_SCRIPT_TERMINATED 1988.0 condorpool - 23
1644537313 individuals_ID0000005 POST_SCRIPT_SUCCESS 0 condorpool - 23
1644537308 individuals_ID0000004 POST_SCRIPT_TERMINATED 1987.0 condorpool - 22
1644537313 individuals_ID0000004 POST_SCRIPT_SUCCESS 0 condorpool - 22
1644537315 individuals_ID0000010 JOB_TERMINATED 1986.0 condorpool - 21
1644537318 individuals_ID0000010 JOB_SUCCESS 0 condorpool - 21
1644537318 individuals_ID0000010 POST_SCRIPT_STARTED 1986.0 condorpool - 21
1644537315 individuals_ID0000019 JOB_TERMINATED 1985.0 condorpool - 20
1644537318 individuals_ID0000019 JOB_SUCCESS 0 condorpool - 20
1644537318 individuals_ID0000019 POST_SCRIPT_STARTED 1985.0 condorpool - 20
1644537318 individuals_ID0000019 POST_SCRIPT_TERMINATED 1985.0 condorpool - 20
1644537323 individuals_ID0000019 POST_SCRIPT_SUCCESS 0 condorpool - 20
1644537318 individuals_ID0000010 POST_SCRIPT_TERMINATED 1986.0 condorpool - 21
1644537323 individuals_ID0000010 POST_SCRIPT_SUCCESS 0 condorpool - 21
1644537328 individuals_merge_ID0000026 SUBMIT 2003.0 condorpool - 38
1644537330 individuals_merge_ID0000026 EXECUTE 2003.0 condorpool - 38
1644539558 individuals_merge_ID0000026 JOB_TERMINATED 2003.0 condorpool - 38
1644539559 individuals_merge_ID0000026 JOB_SUCCESS 0 condorpool - 38
1644539559 individuals_merge_ID0000026 POST_SCRIPT_STARTED 2003.0 condorpool - 38
1644539560 individuals_merge_ID0000026 POST_SCRIPT_TERMINATED 2003.0 condorpool - 38
1644539564 individuals_merge_ID0000026 POST_SCRIPT_SUCCESS 0 condorpool - 38
1644539569 frequency_ID0000041 SUBMIT 2004.0 condorpool - 39
1644539569 frequency_ID0000035 SUBMIT 2005.0 condorpool - 40
1644539569 mutation_overlap_ID0000030 SUBMIT 2006.0 condorpool - 41
1644539569 frequency_ID0000037 SUBMIT 2007.0 condorpool - 42
1644539569 mutation_overlap_ID0000032 SUBMIT 2008.0 condorpool - 43
1644539572 mutation_overlap_ID0000032 EXECUTE 2008.0 condorpool - 43
1644539573 frequency_ID0000041 EXECUTE 2004.0 condorpool - 39
1644539573 frequency_ID0000035 EXECUTE 2005.0 condorpool - 40
1644539573 frequency_ID0000037 EXECUTE 2007.0 condorpool - 42
1644539573 mutation_overlap_ID0000030 EXECUTE 2006.0 condorpool - 41
1644539574 frequency_ID0000031 SUBMIT 2009.0 condorpool - 44
1644539574 frequency_ID0000033 SUBMIT 2010.0 condorpool - 45
1644539574 mutation_overlap_ID0000040 SUBMIT 2011.0 condorpool - 46
1644539574 mutation_overlap_ID0000028 SUBMIT 2012.0 condorpool - 47
1644539574 mutation_overlap_ID0000038 SUBMIT 2013.0 condorpool - 48
1644539579 frequency_ID0000039 SUBMIT 2014.0 condorpool - 49
1644539579 mutation_overlap_ID0000034 SUBMIT 2015.0 condorpool - 50
1644539579 frequency_ID0000029 SUBMIT 2016.0 condorpool - 51
1644539579 mutation_overlap_ID0000036 SUBMIT 2017.0 condorpool - 52
1644539593 frequency_ID0000031 EXECUTE 2009.0 condorpool - 44
1644539594 frequency_ID0000033 EXECUTE 2010.0 condorpool - 45
1644539594 mutation_overlap_ID0000040 EXECUTE 2011.0 condorpool - 46
1644539594 frequency_ID0000029 EXECUTE 2016.0 condorpool - 51
1644539594 mutation_overlap_ID0000036 EXECUTE 2017.0 condorpool - 52
1644539595 mutation_overlap_ID0000034 EXECUTE 2015.0 condorpool - 50
1644539595 frequency_ID0000039 EXECUTE 2014.0 condorpool - 49
1644539595 mutation_overlap_ID0000038 EXECUTE 2013.0 condorpool - 48
1644539595 mutation_overlap_ID0000028 EXECUTE 2012.0 condorpool - 47
1644539772 mutation_overlap_ID0000030 JOB_TERMINATED 2006.0 condorpool - 41
1644539775 mutation_overlap_ID0000030 JOB_SUCCESS 0 condorpool - 41
1644539775 mutation_overlap_ID0000030 POST_SCRIPT_STARTED 2006.0 condorpool - 41
1644539775 mutation_overlap_ID0000030 POST_SCRIPT_TERMINATED 2006.0 condorpool - 41
1644539780 mutation_overlap_ID0000030 POST_SCRIPT_SUCCESS 0 condorpool - 41
1644539791 mutation_overlap_ID0000040 JOB_TERMINATED 2011.0 condorpool - 46
1644539795 mutation_overlap_ID0000040 JOB_SUCCESS 0 condorpool - 46
1644539795 mutation_overlap_ID0000040 POST_SCRIPT_STARTED 2011.0 condorpool - 46
1644539795 mutation_overlap_ID0000036 JOB_TERMINATED 2017.0 condorpool - 52
1644539795 mutation_overlap_ID0000036 JOB_SUCCESS 0 condorpool - 52
1644539795 mutation_overlap_ID0000036 POST_SCRIPT_STARTED 2017.0 condorpool - 52
1644539795 mutation_overlap_ID0000038 JOB_TERMINATED 2013.0 condorpool - 48
1644539800 mutation_overlap_ID0000038 JOB_SUCCESS 0 condorpool - 48
1644539800 mutation_overlap_ID0000038 POST_SCRIPT_STARTED 2013.0 condorpool - 48
1644539795 mutation_overlap_ID0000040 POST_SCRIPT_TERMINATED 2011.0 condorpool - 46
1644539800 mutation_overlap_ID0000040 POST_SCRIPT_SUCCESS 0 condorpool - 46
1644539795 mutation_overlap_ID0000036 POST_SCRIPT_TERMINATED 2017.0 condorpool - 52
1644539800 mutation_overlap_ID0000036 POST_SCRIPT_SUCCESS 0 condorpool - 52
1644539798 mutation_overlap_ID0000034 JOB_TERMINATED 2015.0 condorpool - 50
1644539800 mutation_overlap_ID0000034 JOB_SUCCESS 0 condorpool - 50
1644539800 mutation_overlap_ID0000034 POST_SCRIPT_STARTED 2015.0 condorpool - 50
1644539800 mutation_overlap_ID0000034 POST_SCRIPT_TERMINATED 2015.0 condorpool - 50
1644539805 mutation_overlap_ID0000034 POST_SCRIPT_SUCCESS 0 condorpool - 50
1644539800 mutation_overlap_ID0000038 POST_SCRIPT_TERMINATED 2013.0 condorpool - 48
1644539805 mutation_overlap_ID0000038 POST_SCRIPT_SUCCESS 0 condorpool - 48
1644539802 mutation_overlap_ID0000028 JOB_TERMINATED 2012.0 condorpool - 47
1644539805 mutation_overlap_ID0000028 JOB_SUCCESS 0 condorpool - 47
1644539805 mutation_overlap_ID0000028 POST_SCRIPT_STARTED 2012.0 condorpool - 47
1644539805 mutation_overlap_ID0000028 POST_SCRIPT_TERMINATED 2012.0 condorpool - 47
1644539810 mutation_overlap_ID0000028 POST_SCRIPT_SUCCESS 0 condorpool - 47
1644539860 mutation_overlap_ID0000032 JOB_TERMINATED 2008.0 condorpool - 43
1644539865 mutation_overlap_ID0000032 JOB_SUCCESS 0 condorpool - 43
1644539865 mutation_overlap_ID0000032 POST_SCRIPT_STARTED 2008.0 condorpool - 43
1644539865 mutation_overlap_ID0000032 POST_SCRIPT_TERMINATED 2008.0 condorpool - 43
1644539870 mutation_overlap_ID0000032 POST_SCRIPT_SUCCESS 0 condorpool - 43
1644540338 frequency_ID0000039 JOB_TERMINATED 2014.0 condorpool - 49
1644540340 frequency_ID0000039 JOB_SUCCESS 0 condorpool - 49
1644540340 frequency_ID0000039 POST_SCRIPT_STARTED 2014.0 condorpool - 49
1644540341 frequency_ID0000039 POST_SCRIPT_TERMINATED 2014.0 condorpool - 49
1644540345 frequency_ID0000039 POST_SCRIPT_SUCCESS 0 condorpool - 49
1644540377 frequency_ID0000041 JOB_TERMINATED 2004.0 condorpool - 39
1644540380 frequency_ID0000041 JOB_SUCCESS 0 condorpool - 39
1644540380 frequency_ID0000041 POST_SCRIPT_STARTED 2004.0 condorpool - 39
1644540380 frequency_ID0000041 POST_SCRIPT_TERMINATED 2004.0 condorpool - 39
1644540385 frequency_ID0000041 POST_SCRIPT_SUCCESS 0 condorpool - 39
1644540426 frequency_ID0000035 JOB_TERMINATED 2005.0 condorpool - 40
1644540430 frequency_ID0000035 JOB_SUCCESS 0 condorpool - 40
1644540430 frequency_ID0000035 POST_SCRIPT_STARTED 2005.0 condorpool - 40
1644540429 frequency_ID0000031 JOB_TERMINATED 2009.0 condorpool - 44
1644540430 frequency_ID0000031 JOB_SUCCESS 0 condorpool - 44
1644540430 frequency_ID0000031 POST_SCRIPT_STARTED 2009.0 condorpool - 44
1644540431 frequency_ID0000031 POST_SCRIPT_TERMINATED 2009.0 condorpool - 44
1644540435 frequency_ID0000031 POST_SCRIPT_SUCCESS 0 condorpool - 44
1644540431 frequency_ID0000035 POST_SCRIPT_TERMINATED 2005.0 condorpool - 40
1644540435 frequency_ID0000035 POST_SCRIPT_SUCCESS 0 condorpool - 40
1644540450 frequency_ID0000029 JOB_TERMINATED 2016.0 condorpool - 51
1644540455 frequency_ID0000029 JOB_SUCCESS 0 condorpool - 51
1644540455 frequency_ID0000029 POST_SCRIPT_STARTED 2016.0 condorpool - 51
1644540451 frequency_ID0000037 JOB_TERMINATED 2007.0 condorpool - 42
1644540455 frequency_ID0000037 JOB_SUCCESS 0 condorpool - 42
1644540455 frequency_ID0000037 POST_SCRIPT_STARTED 2007.0 condorpool - 42
1644540453 frequency_ID0000033 JOB_TERMINATED 2010.0 condorpool - 45
1644540455 frequency_ID0000033 JOB_SUCCESS 0 condorpool - 45
1644540455 frequency_ID0000033 POST_SCRIPT_STARTED 2010.0 condorpool - 45
1644540455 frequency_ID0000037 POST_SCRIPT_TERMINATED 2007.0 condorpool - 42
1644540460 frequency_ID0000037 POST_SCRIPT_SUCCESS 0 condorpool - 42
1644540455 frequency_ID0000029 POST_SCRIPT_TERMINATED 2016.0 condorpool - 51
1644540460 frequency_ID0000029 POST_SCRIPT_SUCCESS 0 condorpool - 51
1644540455 frequency_ID0000033 POST_SCRIPT_TERMINATED 2010.0 condorpool - 45
1644540460 frequency_ID0000033 POST_SCRIPT_SUCCESS 0 condorpool - 45
1644540465 stage_out_local_local_2_1 SUBMIT 2018.0 local - 53
1644540465 stage_out_local_local_2_1 EXECUTE 2018.0 local - 53
1644540465 stage_out_local_local_2_0 SUBMIT 2019.0 local - 54
1644540469 stage_out_local_local_2_1 JOB_TERMINATED 2018.0 local - 53
1644540470 stage_out_local_local_2_1 JOB_SUCCESS 0 local - 53
1644540470 stage_out_local_local_2_1 POST_SCRIPT_STARTED 2018.0 local - 53
1644540470 stage_out_local_local_2_0 EXECUTE 2019.0 local - 54
1644540470 stage_out_local_local_2_1 POST_SCRIPT_TERMINATED 2018.0 local - 53
1644540476 stage_out_local_local_2_1 POST_SCRIPT_SUCCESS 0 local - 53
1644540474 stage_out_local_local_2_0 JOB_TERMINATED 2019.0 local - 54
1644540476 stage_out_local_local_2_0 JOB_SUCCESS 0 local - 54
1644540476 stage_out_local_local_2_0 POST_SCRIPT_STARTED 2019.0 local - 54
1644540476 stage_out_local_local_2_0 POST_SCRIPT_TERMINATED 2019.0 local - 54
1644540481 stage_out_local_local_2_0 POST_SCRIPT_SUCCESS 0 local - 54
1644540486 cleanup_1000-genome_0_local SUBMIT 2020.0 local - 55
1644540486 cleanup_1000-genome_0_local EXECUTE 2020.0 local - 55
1644540488 cleanup_1000-genome_0_local JOB_TERMINATED 2020.0 local - 55
1644540491 cleanup_1000-genome_0_local JOB_SUCCESS 0 local - 55
1644540491 cleanup_1000-genome_0_local POST_SCRIPT_STARTED 2020.0 local - 55
1644540491 cleanup_1000-genome_0_local POST_SCRIPT_TERMINATED 2020.0 local - 55
1644540496 cleanup_1000-genome_0_local POST_SCRIPT_SUCCESS 0 local - 55
1644540496 INTERNAL *** DAGMAN_FINISHED 0 ***
1644540497 INTERNAL *** MONITORD_FINISHED 0 ***
